SORT: mp
Starting experiment
Processes: 1
Cores:     16
Size:      6000000
Repeat:    10
Debug:     False
Algorithm: mp
Tag:       None
Total:     10
Experiment 9         : size=6000000 processes=1 cores=16 repeat=0 last_time=undefined                     
Experiment 8         : size=6000000 processes=1 cores=16 repeat=1 last_time=1.7201                     
Experiment 7         : size=6000000 processes=1 cores=16 repeat=2 last_time=1.9831                     
Experiment 6         : size=6000000 processes=1 cores=16 repeat=3 last_time=1.718                     
Experiment 5         : size=6000000 processes=1 cores=16 repeat=4 last_time=1.843                     
Experiment 4         : size=6000000 processes=1 cores=16 repeat=5 last_time=1.6985                     
Experiment 3         : size=6000000 processes=1 cores=16 repeat=6 last_time=1.5835                     
Experiment 2         : size=6000000 processes=1 cores=16 repeat=7 last_time=1.7285                     
Experiment 1         : size=6000000 processes=1 cores=16 repeat=8 last_time=1.7299                     
Experiment 0         : size=6000000 processes=1 cores=16 repeat=9 last_time=1.6365                     

+---------------------------------+--------------------------------------------------------------+
| Attribute                       | Value                                                        |
|---------------------------------+--------------------------------------------------------------|
| ANSI_COLOR                      | "0;31"                                                       |
| BUG_REPORT_URL                  | "https://bugzilla.redhat.com/"                               |
| CPE_NAME                        | "cpe:/o:redhat:enterprise_linux:7.9:GA:server"               |
| HOME_URL                        | "https://www.redhat.com/"                                    |
| ID                              | "rhel"                                                       |
| ID_LIKE                         | "fedora"                                                     |
| NAME                            | "Red Hat Enterprise Linux Server"                            |
| PRETTY_NAME                     | "Red Hat Enterprise Linux Server 7.9 (Maipo)"                |
| REDHAT_BUGZILLA_PRODUCT         | "Red Hat Enterprise Linux 7"                                 |
| REDHAT_BUGZILLA_PRODUCT_VERSION | 7.9                                                          |
| REDHAT_SUPPORT_PRODUCT          | "Red Hat Enterprise Linux"                                   |
| REDHAT_SUPPORT_PRODUCT_VERSION  | "7.9"                                                        |
| VARIANT                         | "Server"                                                     |
| VARIANT_ID                      | "server"                                                     |
| VERSION                         | "7.9 (Maipo)"                                                |
| VERSION_ID                      | "7.9"                                                        |
| cpu                             | Intel(R) Xeon(R) CPU E5-2680 v3 @ 2.50GHz                    |
| cpu_cores                       | 24                                                           |
| cpu_count                       | 24                                                           |
| cpu_threads                     | 24                                                           |
| date                            | 2022-11-18 05:12:10.154067                                   |
| frequency                       | scpufreq(current=1.4201666666666661, min=1200.0, max=3300.0) |
| mem.active                      | 85.6 GiB                                                     |
| mem.available                   | 171.5 GiB                                                    |
| mem.free                        | 69.7 GiB                                                     |
| mem.inactive                    | 39.6 GiB                                                     |
| mem.percent                     | 31.7 %                                                       |
| mem.total                       | 251.2 GiB                                                    |
| mem.used                        | 59.2 GiB                                                     |
| platform.version                | #1 SMP Tue Jul 26 14:15:37 UTC 2022                          |
| python                          | 3.9.8 (main, Feb  8 2022, 08:35:13)                          |
|                                 | [GCC 6.3.0]                                                  |
| python.pip                      | 22.2.2                                                       |
| python.version                  | 3.9.8                                                        |
| sys.platform                    | linux                                                        |
| uname.machine                   | x86_64                                                       |
| uname.node                      | h1.carbonate.uits.iu.edu                                     |
| uname.processor                 | x86_64                                                       |
| uname.release                   | 3.10.0-1160.76.1.el7.x86_64                                  |
| uname.system                    | Linux                                                        |
| uname.version                   | #1 SMP Tue Jul 26 14:15:37 UTC 2022                          |
| user                            | haiyang                                                      |
+---------------------------------+--------------------------------------------------------------+

+-----------------------------+----------+--------+-------+---------------------+------------------------------------------------------------------------------------------------+-------+--------------------------+---------+-------+-------------------------------------+
| Name                        | Status   |   Time |   Sum | Start               | tag                                                                                            | msg   | Node                     | User    | OS    | Version                             |
|-----------------------------+----------+--------+-------+---------------------+------------------------------------------------------------------------------------------------+-------+--------------------------+---------+-------+-------------------------------------|
| mp-v100-alex-6000000-1-16-0 | ok       |  1.72  | 1.72  | 2022-11-18 05:10:55 | {'p': 1, 'c': 16, 'size': 6000000, 'repeat': 10, 'sort': 'mp', 'user': 'alex', 'node': 'v100'} |       | h1.carbonate.uits.iu.edu | haiyang | Linux | #1 SMP Tue Jul 26 14:15:37 UTC 2022 |
| mp-v100-alex-6000000-1-16-1 | ok       |  1.983 | 1.983 | 2022-11-18 05:11:03 | {'p': 1, 'c': 16, 'size': 6000000, 'repeat': 10, 'sort': 'mp', 'user': 'alex', 'node': 'v100'} |       | h1.carbonate.uits.iu.edu | haiyang | Linux | #1 SMP Tue Jul 26 14:15:37 UTC 2022 |
| mp-v100-alex-6000000-1-16-2 | ok       |  1.718 | 1.718 | 2022-11-18 05:11:12 | {'p': 1, 'c': 16, 'size': 6000000, 'repeat': 10, 'sort': 'mp', 'user': 'alex', 'node': 'v100'} |       | h1.carbonate.uits.iu.edu | haiyang | Linux | #1 SMP Tue Jul 26 14:15:37 UTC 2022 |
| mp-v100-alex-6000000-1-16-3 | ok       |  1.843 | 1.843 | 2022-11-18 05:11:20 | {'p': 1, 'c': 16, 'size': 6000000, 'repeat': 10, 'sort': 'mp', 'user': 'alex', 'node': 'v100'} |       | h1.carbonate.uits.iu.edu | haiyang | Linux | #1 SMP Tue Jul 26 14:15:37 UTC 2022 |
| mp-v100-alex-6000000-1-16-4 | ok       |  1.699 | 1.699 | 2022-11-18 05:11:28 | {'p': 1, 'c': 16, 'size': 6000000, 'repeat': 10, 'sort': 'mp', 'user': 'alex', 'node': 'v100'} |       | h1.carbonate.uits.iu.edu | haiyang | Linux | #1 SMP Tue Jul 26 14:15:37 UTC 2022 |
| mp-v100-alex-6000000-1-16-5 | ok       |  1.583 | 1.583 | 2022-11-18 05:11:36 | {'p': 1, 'c': 16, 'size': 6000000, 'repeat': 10, 'sort': 'mp', 'user': 'alex', 'node': 'v100'} |       | h1.carbonate.uits.iu.edu | haiyang | Linux | #1 SMP Tue Jul 26 14:15:37 UTC 2022 |
| mp-v100-alex-6000000-1-16-6 | ok       |  1.729 | 1.729 | 2022-11-18 05:11:44 | {'p': 1, 'c': 16, 'size': 6000000, 'repeat': 10, 'sort': 'mp', 'user': 'alex', 'node': 'v100'} |       | h1.carbonate.uits.iu.edu | haiyang | Linux | #1 SMP Tue Jul 26 14:15:37 UTC 2022 |
| mp-v100-alex-6000000-1-16-7 | ok       |  1.73  | 1.73  | 2022-11-18 05:11:52 | {'p': 1, 'c': 16, 'size': 6000000, 'repeat': 10, 'sort': 'mp', 'user': 'alex', 'node': 'v100'} |       | h1.carbonate.uits.iu.edu | haiyang | Linux | #1 SMP Tue Jul 26 14:15:37 UTC 2022 |
| mp-v100-alex-6000000-1-16-8 | ok       |  1.637 | 1.637 | 2022-11-18 05:12:00 | {'p': 1, 'c': 16, 'size': 6000000, 'repeat': 10, 'sort': 'mp', 'user': 'alex', 'node': 'v100'} |       | h1.carbonate.uits.iu.edu | haiyang | Linux | #1 SMP Tue Jul 26 14:15:37 UTC 2022 |
| mp-v100-alex-6000000-1-16-9 | ok       |  1.761 | 1.761 | 2022-11-18 05:12:08 | {'p': 1, 'c': 16, 'size': 6000000, 'repeat': 10, 'sort': 'mp', 'user': 'alex', 'node': 'v100'} |       | h1.carbonate.uits.iu.edu | haiyang | Linux | #1 SMP Tue Jul 26 14:15:37 UTC 2022 |
+-----------------------------+----------+--------+-------+---------------------+------------------------------------------------------------------------------------------------+-------+--------------------------+---------+-------+-------------------------------------+
# csv,timer,status,time,sum,start,tag,msg,uname.node,user,uname.system,platform.version
# csv,mp-v100-alex-6000000-1-16-0,ok,1.72,1.72,2022-11-18 05:10:55,{'p': 1, 'c': 16, 'size': 6000000, 'repeat': 10, 'sort': 'mp', 'user': 'alex', 'node': 'v100'},None,h1.carbonate.uits.iu.edu,haiyang,Linux,#1 SMP Tue Jul 26 14:15:37 UTC 2022
# csv,mp-v100-alex-6000000-1-16-1,ok,1.983,1.983,2022-11-18 05:11:03,{'p': 1, 'c': 16, 'size': 6000000, 'repeat': 10, 'sort': 'mp', 'user': 'alex', 'node': 'v100'},None,h1.carbonate.uits.iu.edu,haiyang,Linux,#1 SMP Tue Jul 26 14:15:37 UTC 2022
# csv,mp-v100-alex-6000000-1-16-2,ok,1.718,1.718,2022-11-18 05:11:12,{'p': 1, 'c': 16, 'size': 6000000, 'repeat': 10, 'sort': 'mp', 'user': 'alex', 'node': 'v100'},None,h1.carbonate.uits.iu.edu,haiyang,Linux,#1 SMP Tue Jul 26 14:15:37 UTC 2022
# csv,mp-v100-alex-6000000-1-16-3,ok,1.843,1.843,2022-11-18 05:11:20,{'p': 1, 'c': 16, 'size': 6000000, 'repeat': 10, 'sort': 'mp', 'user': 'alex', 'node': 'v100'},None,h1.carbonate.uits.iu.edu,haiyang,Linux,#1 SMP Tue Jul 26 14:15:37 UTC 2022
# csv,mp-v100-alex-6000000-1-16-4,ok,1.699,1.699,2022-11-18 05:11:28,{'p': 1, 'c': 16, 'size': 6000000, 'repeat': 10, 'sort': 'mp', 'user': 'alex', 'node': 'v100'},None,h1.carbonate.uits.iu.edu,haiyang,Linux,#1 SMP Tue Jul 26 14:15:37 UTC 2022
# csv,mp-v100-alex-6000000-1-16-5,ok,1.583,1.583,2022-11-18 05:11:36,{'p': 1, 'c': 16, 'size': 6000000, 'repeat': 10, 'sort': 'mp', 'user': 'alex', 'node': 'v100'},None,h1.carbonate.uits.iu.edu,haiyang,Linux,#1 SMP Tue Jul 26 14:15:37 UTC 2022
# csv,mp-v100-alex-6000000-1-16-6,ok,1.729,1.729,2022-11-18 05:11:44,{'p': 1, 'c': 16, 'size': 6000000, 'repeat': 10, 'sort': 'mp', 'user': 'alex', 'node': 'v100'},None,h1.carbonate.uits.iu.edu,haiyang,Linux,#1 SMP Tue Jul 26 14:15:37 UTC 2022
# csv,mp-v100-alex-6000000-1-16-7,ok,1.73,1.73,2022-11-18 05:11:52,{'p': 1, 'c': 16, 'size': 6000000, 'repeat': 10, 'sort': 'mp', 'user': 'alex', 'node': 'v100'},None,h1.carbonate.uits.iu.edu,haiyang,Linux,#1 SMP Tue Jul 26 14:15:37 UTC 2022
# csv,mp-v100-alex-6000000-1-16-8,ok,1.637,1.637,2022-11-18 05:12:00,{'p': 1, 'c': 16, 'size': 6000000, 'repeat': 10, 'sort': 'mp', 'user': 'alex', 'node': 'v100'},None,h1.carbonate.uits.iu.edu,haiyang,Linux,#1 SMP Tue Jul 26 14:15:37 UTC 2022
# csv,mp-v100-alex-6000000-1-16-9,ok,1.761,1.761,2022-11-18 05:12:08,{'p': 1, 'c': 16, 'size': 6000000, 'repeat': 10, 'sort': 'mp', 'user': 'alex', 'node': 'v100'},None,h1.carbonate.uits.iu.edu,haiyang,Linux,#1 SMP Tue Jul 26 14:15:37 UTC 2022

