SORT: mp
Starting experiment
Processes: 1
Cores:     19
Size:      100000
Repeat:    10
Debug:     False
Algorithm: mp
Tag:       None
Total:     10
Experiment 9         : size=100000 processes=1 cores=19 repeat=0 last_time=undefined                     
Experiment 8         : size=100000 processes=1 cores=19 repeat=1 last_time=0.0939                     
Experiment 7         : size=100000 processes=1 cores=19 repeat=2 last_time=0.084                     
Experiment 6         : size=100000 processes=1 cores=19 repeat=3 last_time=0.0853                     
Experiment 5         : size=100000 processes=1 cores=19 repeat=4 last_time=0.0844                     
Experiment 4         : size=100000 processes=1 cores=19 repeat=5 last_time=0.0835                     
Experiment 3         : size=100000 processes=1 cores=19 repeat=6 last_time=0.0833                     
Experiment 2         : size=100000 processes=1 cores=19 repeat=7 last_time=0.0839                     
Experiment 1         : size=100000 processes=1 cores=19 repeat=8 last_time=0.0877                     
Experiment 0         : size=100000 processes=1 cores=19 repeat=9 last_time=0.0941                     

+---------------------------------+--------------------------------------------------------------+
| Attribute                       | Value                                                        |
|---------------------------------+--------------------------------------------------------------|
| ANSI_COLOR                      | "0;31"                                                       |
| BUG_REPORT_URL                  | "https://bugzilla.redhat.com/"                               |
| CPE_NAME                        | "cpe:/o:redhat:enterprise_linux:7.9:GA:server"               |
| HOME_URL                        | "https://www.redhat.com/"                                    |
| ID                              | "rhel"                                                       |
| ID_LIKE                         | "fedora"                                                     |
| NAME                            | "Red Hat Enterprise Linux Server"                            |
| PRETTY_NAME                     | "Red Hat Enterprise Linux Server 7.9 (Maipo)"                |
| REDHAT_BUGZILLA_PRODUCT         | "Red Hat Enterprise Linux 7"                                 |
| REDHAT_BUGZILLA_PRODUCT_VERSION | 7.9                                                          |
| REDHAT_SUPPORT_PRODUCT          | "Red Hat Enterprise Linux"                                   |
| REDHAT_SUPPORT_PRODUCT_VERSION  | "7.9"                                                        |
| VARIANT                         | "Server"                                                     |
| VARIANT_ID                      | "server"                                                     |
| VERSION                         | "7.9 (Maipo)"                                                |
| VERSION_ID                      | "7.9"                                                        |
| cpu                             | Intel(R) Xeon(R) CPU E5-2680 v3 @ 2.50GHz                    |
| cpu_cores                       | 24                                                           |
| cpu_count                       | 24                                                           |
| cpu_threads                     | 24                                                           |
| date                            | 2022-11-18 05:36:27.775468                                   |
| frequency                       | scpufreq(current=1.4419166666666667, min=1200.0, max=3300.0) |
| mem.active                      | 89.3 GiB                                                     |
| mem.available                   | 166.8 GiB                                                    |
| mem.free                        | 67.2 GiB                                                     |
| mem.inactive                    | 38.7 GiB                                                     |
| mem.percent                     | 33.6 %                                                       |
| mem.total                       | 251.2 GiB                                                    |
| mem.used                        | 64.0 GiB                                                     |
| platform.version                | #1 SMP Tue Jul 26 14:15:37 UTC 2022                          |
| python                          | 3.9.8 (main, Feb  8 2022, 08:35:13)                          |
|                                 | [GCC 6.3.0]                                                  |
| python.pip                      | 22.2.2                                                       |
| python.version                  | 3.9.8                                                        |
| sys.platform                    | linux                                                        |
| uname.machine                   | x86_64                                                       |
| uname.node                      | h1.carbonate.uits.iu.edu                                     |
| uname.processor                 | x86_64                                                       |
| uname.release                   | 3.10.0-1160.76.1.el7.x86_64                                  |
| uname.system                    | Linux                                                        |
| uname.version                   | #1 SMP Tue Jul 26 14:15:37 UTC 2022                          |
| user                            | haiyang                                                      |
+---------------------------------+--------------------------------------------------------------+

+----------------------------+----------+--------+-------+---------------------+-----------------------------------------------------------------------------------------------+-------+--------------------------+---------+-------+-------------------------------------+
| Name                       | Status   |   Time |   Sum | Start               | tag                                                                                           | msg   | Node                     | User    | OS    | Version                             |
|----------------------------+----------+--------+-------+---------------------+-----------------------------------------------------------------------------------------------+-------+--------------------------+---------+-------+-------------------------------------|
| mp-v100-alex-100000-1-19-0 | ok       |  0.094 | 0.094 | 2022-11-18 05:36:25 | {'p': 1, 'c': 19, 'size': 100000, 'repeat': 10, 'sort': 'mp', 'user': 'alex', 'node': 'v100'} |       | h1.carbonate.uits.iu.edu | haiyang | Linux | #1 SMP Tue Jul 26 14:15:37 UTC 2022 |
| mp-v100-alex-100000-1-19-1 | ok       |  0.084 | 0.084 | 2022-11-18 05:36:25 | {'p': 1, 'c': 19, 'size': 100000, 'repeat': 10, 'sort': 'mp', 'user': 'alex', 'node': 'v100'} |       | h1.carbonate.uits.iu.edu | haiyang | Linux | #1 SMP Tue Jul 26 14:15:37 UTC 2022 |
| mp-v100-alex-100000-1-19-2 | ok       |  0.085 | 0.085 | 2022-11-18 05:36:26 | {'p': 1, 'c': 19, 'size': 100000, 'repeat': 10, 'sort': 'mp', 'user': 'alex', 'node': 'v100'} |       | h1.carbonate.uits.iu.edu | haiyang | Linux | #1 SMP Tue Jul 26 14:15:37 UTC 2022 |
| mp-v100-alex-100000-1-19-3 | ok       |  0.084 | 0.084 | 2022-11-18 05:36:26 | {'p': 1, 'c': 19, 'size': 100000, 'repeat': 10, 'sort': 'mp', 'user': 'alex', 'node': 'v100'} |       | h1.carbonate.uits.iu.edu | haiyang | Linux | #1 SMP Tue Jul 26 14:15:37 UTC 2022 |
| mp-v100-alex-100000-1-19-4 | ok       |  0.083 | 0.083 | 2022-11-18 05:36:26 | {'p': 1, 'c': 19, 'size': 100000, 'repeat': 10, 'sort': 'mp', 'user': 'alex', 'node': 'v100'} |       | h1.carbonate.uits.iu.edu | haiyang | Linux | #1 SMP Tue Jul 26 14:15:37 UTC 2022 |
| mp-v100-alex-100000-1-19-5 | ok       |  0.083 | 0.083 | 2022-11-18 05:36:26 | {'p': 1, 'c': 19, 'size': 100000, 'repeat': 10, 'sort': 'mp', 'user': 'alex', 'node': 'v100'} |       | h1.carbonate.uits.iu.edu | haiyang | Linux | #1 SMP Tue Jul 26 14:15:37 UTC 2022 |
| mp-v100-alex-100000-1-19-6 | ok       |  0.084 | 0.084 | 2022-11-18 05:36:26 | {'p': 1, 'c': 19, 'size': 100000, 'repeat': 10, 'sort': 'mp', 'user': 'alex', 'node': 'v100'} |       | h1.carbonate.uits.iu.edu | haiyang | Linux | #1 SMP Tue Jul 26 14:15:37 UTC 2022 |
| mp-v100-alex-100000-1-19-7 | ok       |  0.088 | 0.088 | 2022-11-18 05:36:27 | {'p': 1, 'c': 19, 'size': 100000, 'repeat': 10, 'sort': 'mp', 'user': 'alex', 'node': 'v100'} |       | h1.carbonate.uits.iu.edu | haiyang | Linux | #1 SMP Tue Jul 26 14:15:37 UTC 2022 |
| mp-v100-alex-100000-1-19-8 | ok       |  0.094 | 0.094 | 2022-11-18 05:36:27 | {'p': 1, 'c': 19, 'size': 100000, 'repeat': 10, 'sort': 'mp', 'user': 'alex', 'node': 'v100'} |       | h1.carbonate.uits.iu.edu | haiyang | Linux | #1 SMP Tue Jul 26 14:15:37 UTC 2022 |
| mp-v100-alex-100000-1-19-9 | ok       |  0.088 | 0.088 | 2022-11-18 05:36:27 | {'p': 1, 'c': 19, 'size': 100000, 'repeat': 10, 'sort': 'mp', 'user': 'alex', 'node': 'v100'} |       | h1.carbonate.uits.iu.edu | haiyang | Linux | #1 SMP Tue Jul 26 14:15:37 UTC 2022 |
+----------------------------+----------+--------+-------+---------------------+-----------------------------------------------------------------------------------------------+-------+--------------------------+---------+-------+-------------------------------------+
# csv,timer,status,time,sum,start,tag,msg,uname.node,user,uname.system,platform.version
# csv,mp-v100-alex-100000-1-19-0,ok,0.094,0.094,2022-11-18 05:36:25,{'p': 1, 'c': 19, 'size': 100000, 'repeat': 10, 'sort': 'mp', 'user': 'alex', 'node': 'v100'},None,h1.carbonate.uits.iu.edu,haiyang,Linux,#1 SMP Tue Jul 26 14:15:37 UTC 2022
# csv,mp-v100-alex-100000-1-19-1,ok,0.084,0.084,2022-11-18 05:36:25,{'p': 1, 'c': 19, 'size': 100000, 'repeat': 10, 'sort': 'mp', 'user': 'alex', 'node': 'v100'},None,h1.carbonate.uits.iu.edu,haiyang,Linux,#1 SMP Tue Jul 26 14:15:37 UTC 2022
# csv,mp-v100-alex-100000-1-19-2,ok,0.085,0.085,2022-11-18 05:36:26,{'p': 1, 'c': 19, 'size': 100000, 'repeat': 10, 'sort': 'mp', 'user': 'alex', 'node': 'v100'},None,h1.carbonate.uits.iu.edu,haiyang,Linux,#1 SMP Tue Jul 26 14:15:37 UTC 2022
# csv,mp-v100-alex-100000-1-19-3,ok,0.084,0.084,2022-11-18 05:36:26,{'p': 1, 'c': 19, 'size': 100000, 'repeat': 10, 'sort': 'mp', 'user': 'alex', 'node': 'v100'},None,h1.carbonate.uits.iu.edu,haiyang,Linux,#1 SMP Tue Jul 26 14:15:37 UTC 2022
# csv,mp-v100-alex-100000-1-19-4,ok,0.083,0.083,2022-11-18 05:36:26,{'p': 1, 'c': 19, 'size': 100000, 'repeat': 10, 'sort': 'mp', 'user': 'alex', 'node': 'v100'},None,h1.carbonate.uits.iu.edu,haiyang,Linux,#1 SMP Tue Jul 26 14:15:37 UTC 2022
# csv,mp-v100-alex-100000-1-19-5,ok,0.083,0.083,2022-11-18 05:36:26,{'p': 1, 'c': 19, 'size': 100000, 'repeat': 10, 'sort': 'mp', 'user': 'alex', 'node': 'v100'},None,h1.carbonate.uits.iu.edu,haiyang,Linux,#1 SMP Tue Jul 26 14:15:37 UTC 2022
# csv,mp-v100-alex-100000-1-19-6,ok,0.084,0.084,2022-11-18 05:36:26,{'p': 1, 'c': 19, 'size': 100000, 'repeat': 10, 'sort': 'mp', 'user': 'alex', 'node': 'v100'},None,h1.carbonate.uits.iu.edu,haiyang,Linux,#1 SMP Tue Jul 26 14:15:37 UTC 2022
# csv,mp-v100-alex-100000-1-19-7,ok,0.088,0.088,2022-11-18 05:36:27,{'p': 1, 'c': 19, 'size': 100000, 'repeat': 10, 'sort': 'mp', 'user': 'alex', 'node': 'v100'},None,h1.carbonate.uits.iu.edu,haiyang,Linux,#1 SMP Tue Jul 26 14:15:37 UTC 2022
# csv,mp-v100-alex-100000-1-19-8,ok,0.094,0.094,2022-11-18 05:36:27,{'p': 1, 'c': 19, 'size': 100000, 'repeat': 10, 'sort': 'mp', 'user': 'alex', 'node': 'v100'},None,h1.carbonate.uits.iu.edu,haiyang,Linux,#1 SMP Tue Jul 26 14:15:37 UTC 2022
# csv,mp-v100-alex-100000-1-19-9,ok,0.088,0.088,2022-11-18 05:36:27,{'p': 1, 'c': 19, 'size': 100000, 'repeat': 10, 'sort': 'mp', 'user': 'alex', 'node': 'v100'},None,h1.carbonate.uits.iu.edu,haiyang,Linux,#1 SMP Tue Jul 26 14:15:37 UTC 2022

