SORT: mp
Starting experiment
Processes: 1
Cores:     24
Size:      8000000
Repeat:    10
Debug:     False
Algorithm: mp
Tag:       None
Total:     10
Experiment 9         : size=8000000 processes=1 cores=24 repeat=0 last_time=undefined                     
Experiment 8         : size=8000000 processes=1 cores=24 repeat=1 last_time=2.3076                     
Experiment 7         : size=8000000 processes=1 cores=24 repeat=2 last_time=2.1974                     
Experiment 6         : size=8000000 processes=1 cores=24 repeat=3 last_time=2.8848                     
Experiment 5         : size=8000000 processes=1 cores=24 repeat=4 last_time=2.2609                     
Experiment 4         : size=8000000 processes=1 cores=24 repeat=5 last_time=2.786                     
Experiment 3         : size=8000000 processes=1 cores=24 repeat=6 last_time=2.1481                     
Experiment 2         : size=8000000 processes=1 cores=24 repeat=7 last_time=2.614                     
Experiment 1         : size=8000000 processes=1 cores=24 repeat=8 last_time=2.1217                     
Experiment 0         : size=8000000 processes=1 cores=24 repeat=9 last_time=2.1975                     

+---------------------------------+--------------------------------------------------------------+
| Attribute                       | Value                                                        |
|---------------------------------+--------------------------------------------------------------|
| ANSI_COLOR                      | "0;31"                                                       |
| BUG_REPORT_URL                  | "https://bugzilla.redhat.com/"                               |
| CPE_NAME                        | "cpe:/o:redhat:enterprise_linux:7.9:GA:server"               |
| HOME_URL                        | "https://www.redhat.com/"                                    |
| ID                              | "rhel"                                                       |
| ID_LIKE                         | "fedora"                                                     |
| NAME                            | "Red Hat Enterprise Linux Server"                            |
| PRETTY_NAME                     | "Red Hat Enterprise Linux Server 7.9 (Maipo)"                |
| REDHAT_BUGZILLA_PRODUCT         | "Red Hat Enterprise Linux 7"                                 |
| REDHAT_BUGZILLA_PRODUCT_VERSION | 7.9                                                          |
| REDHAT_SUPPORT_PRODUCT          | "Red Hat Enterprise Linux"                                   |
| REDHAT_SUPPORT_PRODUCT_VERSION  | "7.9"                                                        |
| VARIANT                         | "Server"                                                     |
| VARIANT_ID                      | "server"                                                     |
| VERSION                         | "7.9 (Maipo)"                                                |
| VERSION_ID                      | "7.9"                                                        |
| cpu                             | Intel(R) Xeon(R) CPU E5-2680 v3 @ 2.50GHz                    |
| cpu_cores                       | 24                                                           |
| cpu_count                       | 24                                                           |
| cpu_threads                     | 24                                                           |
| date                            | 2022-11-18 06:31:19.786226                                   |
| frequency                       | scpufreq(current=1.4250833333333333, min=1200.0, max=3300.0) |
| mem.active                      | 30.7 GiB                                                     |
| mem.available                   | 169.9 GiB                                                    |
| mem.free                        | 141.3 GiB                                                    |
| mem.inactive                    | 32.2 GiB                                                     |
| mem.percent                     | 32.4 %                                                       |
| mem.total                       | 251.2 GiB                                                    |
| mem.used                        | 60.8 GiB                                                     |
| platform.version                | #1 SMP Tue Jul 26 14:15:37 UTC 2022                          |
| python                          | 3.9.8 (main, Feb  8 2022, 08:35:13)                          |
|                                 | [GCC 6.3.0]                                                  |
| python.pip                      | 22.2.2                                                       |
| python.version                  | 3.9.8                                                        |
| sys.platform                    | linux                                                        |
| uname.machine                   | x86_64                                                       |
| uname.node                      | h1.carbonate.uits.iu.edu                                     |
| uname.processor                 | x86_64                                                       |
| uname.release                   | 3.10.0-1160.76.1.el7.x86_64                                  |
| uname.system                    | Linux                                                        |
| uname.version                   | #1 SMP Tue Jul 26 14:15:37 UTC 2022                          |
| user                            | haiyang                                                      |
+---------------------------------+--------------------------------------------------------------+

+-----------------------------+----------+--------+-------+---------------------+------------------------------------------------------------------------------------------------+-------+--------------------------+---------+-------+-------------------------------------+
| Name                        | Status   |   Time |   Sum | Start               | tag                                                                                            | msg   | Node                     | User    | OS    | Version                             |
|-----------------------------+----------+--------+-------+---------------------+------------------------------------------------------------------------------------------------+-------+--------------------------+---------+-------+-------------------------------------|
| mp-v100-alex-8000000-1-24-0 | ok       |  2.308 | 2.308 | 2022-11-18 06:29:40 | {'p': 1, 'c': 24, 'size': 8000000, 'repeat': 10, 'sort': 'mp', 'user': 'alex', 'node': 'v100'} |       | h1.carbonate.uits.iu.edu | haiyang | Linux | #1 SMP Tue Jul 26 14:15:37 UTC 2022 |
| mp-v100-alex-8000000-1-24-1 | ok       |  2.197 | 2.197 | 2022-11-18 06:29:51 | {'p': 1, 'c': 24, 'size': 8000000, 'repeat': 10, 'sort': 'mp', 'user': 'alex', 'node': 'v100'} |       | h1.carbonate.uits.iu.edu | haiyang | Linux | #1 SMP Tue Jul 26 14:15:37 UTC 2022 |
| mp-v100-alex-8000000-1-24-2 | ok       |  2.885 | 2.885 | 2022-11-18 06:30:02 | {'p': 1, 'c': 24, 'size': 8000000, 'repeat': 10, 'sort': 'mp', 'user': 'alex', 'node': 'v100'} |       | h1.carbonate.uits.iu.edu | haiyang | Linux | #1 SMP Tue Jul 26 14:15:37 UTC 2022 |
| mp-v100-alex-8000000-1-24-3 | ok       |  2.261 | 2.261 | 2022-11-18 06:30:13 | {'p': 1, 'c': 24, 'size': 8000000, 'repeat': 10, 'sort': 'mp', 'user': 'alex', 'node': 'v100'} |       | h1.carbonate.uits.iu.edu | haiyang | Linux | #1 SMP Tue Jul 26 14:15:37 UTC 2022 |
| mp-v100-alex-8000000-1-24-4 | ok       |  2.786 | 2.786 | 2022-11-18 06:30:24 | {'p': 1, 'c': 24, 'size': 8000000, 'repeat': 10, 'sort': 'mp', 'user': 'alex', 'node': 'v100'} |       | h1.carbonate.uits.iu.edu | haiyang | Linux | #1 SMP Tue Jul 26 14:15:37 UTC 2022 |
| mp-v100-alex-8000000-1-24-5 | ok       |  2.148 | 2.148 | 2022-11-18 06:30:35 | {'p': 1, 'c': 24, 'size': 8000000, 'repeat': 10, 'sort': 'mp', 'user': 'alex', 'node': 'v100'} |       | h1.carbonate.uits.iu.edu | haiyang | Linux | #1 SMP Tue Jul 26 14:15:37 UTC 2022 |
| mp-v100-alex-8000000-1-24-6 | ok       |  2.614 | 2.614 | 2022-11-18 06:30:46 | {'p': 1, 'c': 24, 'size': 8000000, 'repeat': 10, 'sort': 'mp', 'user': 'alex', 'node': 'v100'} |       | h1.carbonate.uits.iu.edu | haiyang | Linux | #1 SMP Tue Jul 26 14:15:37 UTC 2022 |
| mp-v100-alex-8000000-1-24-7 | ok       |  2.122 | 2.122 | 2022-11-18 06:30:56 | {'p': 1, 'c': 24, 'size': 8000000, 'repeat': 10, 'sort': 'mp', 'user': 'alex', 'node': 'v100'} |       | h1.carbonate.uits.iu.edu | haiyang | Linux | #1 SMP Tue Jul 26 14:15:37 UTC 2022 |
| mp-v100-alex-8000000-1-24-8 | ok       |  2.197 | 2.197 | 2022-11-18 06:31:06 | {'p': 1, 'c': 24, 'size': 8000000, 'repeat': 10, 'sort': 'mp', 'user': 'alex', 'node': 'v100'} |       | h1.carbonate.uits.iu.edu | haiyang | Linux | #1 SMP Tue Jul 26 14:15:37 UTC 2022 |
| mp-v100-alex-8000000-1-24-9 | ok       |  2.304 | 2.304 | 2022-11-18 06:31:17 | {'p': 1, 'c': 24, 'size': 8000000, 'repeat': 10, 'sort': 'mp', 'user': 'alex', 'node': 'v100'} |       | h1.carbonate.uits.iu.edu | haiyang | Linux | #1 SMP Tue Jul 26 14:15:37 UTC 2022 |
+-----------------------------+----------+--------+-------+---------------------+------------------------------------------------------------------------------------------------+-------+--------------------------+---------+-------+-------------------------------------+
# csv,timer,status,time,sum,start,tag,msg,uname.node,user,uname.system,platform.version
# csv,mp-v100-alex-8000000-1-24-0,ok,2.308,2.308,2022-11-18 06:29:40,{'p': 1, 'c': 24, 'size': 8000000, 'repeat': 10, 'sort': 'mp', 'user': 'alex', 'node': 'v100'},None,h1.carbonate.uits.iu.edu,haiyang,Linux,#1 SMP Tue Jul 26 14:15:37 UTC 2022
# csv,mp-v100-alex-8000000-1-24-1,ok,2.197,2.197,2022-11-18 06:29:51,{'p': 1, 'c': 24, 'size': 8000000, 'repeat': 10, 'sort': 'mp', 'user': 'alex', 'node': 'v100'},None,h1.carbonate.uits.iu.edu,haiyang,Linux,#1 SMP Tue Jul 26 14:15:37 UTC 2022
# csv,mp-v100-alex-8000000-1-24-2,ok,2.885,2.885,2022-11-18 06:30:02,{'p': 1, 'c': 24, 'size': 8000000, 'repeat': 10, 'sort': 'mp', 'user': 'alex', 'node': 'v100'},None,h1.carbonate.uits.iu.edu,haiyang,Linux,#1 SMP Tue Jul 26 14:15:37 UTC 2022
# csv,mp-v100-alex-8000000-1-24-3,ok,2.261,2.261,2022-11-18 06:30:13,{'p': 1, 'c': 24, 'size': 8000000, 'repeat': 10, 'sort': 'mp', 'user': 'alex', 'node': 'v100'},None,h1.carbonate.uits.iu.edu,haiyang,Linux,#1 SMP Tue Jul 26 14:15:37 UTC 2022
# csv,mp-v100-alex-8000000-1-24-4,ok,2.786,2.786,2022-11-18 06:30:24,{'p': 1, 'c': 24, 'size': 8000000, 'repeat': 10, 'sort': 'mp', 'user': 'alex', 'node': 'v100'},None,h1.carbonate.uits.iu.edu,haiyang,Linux,#1 SMP Tue Jul 26 14:15:37 UTC 2022
# csv,mp-v100-alex-8000000-1-24-5,ok,2.148,2.148,2022-11-18 06:30:35,{'p': 1, 'c': 24, 'size': 8000000, 'repeat': 10, 'sort': 'mp', 'user': 'alex', 'node': 'v100'},None,h1.carbonate.uits.iu.edu,haiyang,Linux,#1 SMP Tue Jul 26 14:15:37 UTC 2022
# csv,mp-v100-alex-8000000-1-24-6,ok,2.614,2.614,2022-11-18 06:30:46,{'p': 1, 'c': 24, 'size': 8000000, 'repeat': 10, 'sort': 'mp', 'user': 'alex', 'node': 'v100'},None,h1.carbonate.uits.iu.edu,haiyang,Linux,#1 SMP Tue Jul 26 14:15:37 UTC 2022
# csv,mp-v100-alex-8000000-1-24-7,ok,2.122,2.122,2022-11-18 06:30:56,{'p': 1, 'c': 24, 'size': 8000000, 'repeat': 10, 'sort': 'mp', 'user': 'alex', 'node': 'v100'},None,h1.carbonate.uits.iu.edu,haiyang,Linux,#1 SMP Tue Jul 26 14:15:37 UTC 2022
# csv,mp-v100-alex-8000000-1-24-8,ok,2.197,2.197,2022-11-18 06:31:06,{'p': 1, 'c': 24, 'size': 8000000, 'repeat': 10, 'sort': 'mp', 'user': 'alex', 'node': 'v100'},None,h1.carbonate.uits.iu.edu,haiyang,Linux,#1 SMP Tue Jul 26 14:15:37 UTC 2022
# csv,mp-v100-alex-8000000-1-24-9,ok,2.304,2.304,2022-11-18 06:31:17,{'p': 1, 'c': 24, 'size': 8000000, 'repeat': 10, 'sort': 'mp', 'user': 'alex', 'node': 'v100'},None,h1.carbonate.uits.iu.edu,haiyang,Linux,#1 SMP Tue Jul 26 14:15:37 UTC 2022

