SORT: mp
Starting experiment
Processes: 1
Cores:     12
Size:      5000000
Repeat:    10
Debug:     False
Algorithm: mp
Tag:       None
Total:     10
Experiment 9         : size=5000000 processes=1 cores=12 repeat=0 last_time=undefined                     
Experiment 8         : size=5000000 processes=1 cores=12 repeat=1 last_time=1.4116                     
Experiment 7         : size=5000000 processes=1 cores=12 repeat=2 last_time=1.4051                     
Experiment 6         : size=5000000 processes=1 cores=12 repeat=3 last_time=1.3334                     
Experiment 5         : size=5000000 processes=1 cores=12 repeat=4 last_time=1.4813                     
Experiment 4         : size=5000000 processes=1 cores=12 repeat=5 last_time=1.3377                     
Experiment 3         : size=5000000 processes=1 cores=12 repeat=6 last_time=1.3773                     
Experiment 2         : size=5000000 processes=1 cores=12 repeat=7 last_time=1.3621                     
Experiment 1         : size=5000000 processes=1 cores=12 repeat=8 last_time=1.4551                     
Experiment 0         : size=5000000 processes=1 cores=12 repeat=9 last_time=1.2915                     

+---------------------------------+--------------------------------------------------------------+
| Attribute                       | Value                                                        |
|---------------------------------+--------------------------------------------------------------|
| ANSI_COLOR                      | "0;31"                                                       |
| BUG_REPORT_URL                  | "https://bugzilla.redhat.com/"                               |
| CPE_NAME                        | "cpe:/o:redhat:enterprise_linux:7.9:GA:server"               |
| HOME_URL                        | "https://www.redhat.com/"                                    |
| ID                              | "rhel"                                                       |
| ID_LIKE                         | "fedora"                                                     |
| NAME                            | "Red Hat Enterprise Linux Server"                            |
| PRETTY_NAME                     | "Red Hat Enterprise Linux Server 7.9 (Maipo)"                |
| REDHAT_BUGZILLA_PRODUCT         | "Red Hat Enterprise Linux 7"                                 |
| REDHAT_BUGZILLA_PRODUCT_VERSION | 7.9                                                          |
| REDHAT_SUPPORT_PRODUCT          | "Red Hat Enterprise Linux"                                   |
| REDHAT_SUPPORT_PRODUCT_VERSION  | "7.9"                                                        |
| VARIANT                         | "Server"                                                     |
| VARIANT_ID                      | "server"                                                     |
| VERSION                         | "7.9 (Maipo)"                                                |
| VERSION_ID                      | "7.9"                                                        |
| cpu                             | Intel(R) Xeon(R) CPU E5-2680 v3 @ 2.50GHz                    |
| cpu_cores                       | 24                                                           |
| cpu_count                       | 24                                                           |
| cpu_threads                     | 24                                                           |
| date                            | 2022-11-18 04:33:28.579320                                   |
| frequency                       | scpufreq(current=1.5920416666666668, min=1200.0, max=3300.0) |
| mem.active                      | 36.1 GiB                                                     |
| mem.available                   | 169.2 GiB                                                    |
| mem.free                        | 66.1 GiB                                                     |
| mem.inactive                    | 92.4 GiB                                                     |
| mem.percent                     | 32.7 %                                                       |
| mem.total                       | 251.2 GiB                                                    |
| mem.used                        | 61.6 GiB                                                     |
| platform.version                | #1 SMP Tue Jul 26 14:15:37 UTC 2022                          |
| python                          | 3.9.8 (main, Feb  8 2022, 08:35:13)                          |
|                                 | [GCC 6.3.0]                                                  |
| python.pip                      | 22.2.2                                                       |
| python.version                  | 3.9.8                                                        |
| sys.platform                    | linux                                                        |
| uname.machine                   | x86_64                                                       |
| uname.node                      | h1.carbonate.uits.iu.edu                                     |
| uname.processor                 | x86_64                                                       |
| uname.release                   | 3.10.0-1160.76.1.el7.x86_64                                  |
| uname.system                    | Linux                                                        |
| uname.version                   | #1 SMP Tue Jul 26 14:15:37 UTC 2022                          |
| user                            | haiyang                                                      |
+---------------------------------+--------------------------------------------------------------+

+-----------------------------+----------+--------+-------+---------------------+------------------------------------------------------------------------------------------------+-------+--------------------------+---------+-------+-------------------------------------+
| Name                        | Status   |   Time |   Sum | Start               | tag                                                                                            | msg   | Node                     | User    | OS    | Version                             |
|-----------------------------+----------+--------+-------+---------------------+------------------------------------------------------------------------------------------------+-------+--------------------------+---------+-------+-------------------------------------|
| mp-v100-alex-5000000-1-12-0 | ok       |  1.412 | 1.412 | 2022-11-18 04:32:25 | {'p': 1, 'c': 12, 'size': 5000000, 'repeat': 10, 'sort': 'mp', 'user': 'alex', 'node': 'v100'} |       | h1.carbonate.uits.iu.edu | haiyang | Linux | #1 SMP Tue Jul 26 14:15:37 UTC 2022 |
| mp-v100-alex-5000000-1-12-1 | ok       |  1.405 | 1.405 | 2022-11-18 04:32:32 | {'p': 1, 'c': 12, 'size': 5000000, 'repeat': 10, 'sort': 'mp', 'user': 'alex', 'node': 'v100'} |       | h1.carbonate.uits.iu.edu | haiyang | Linux | #1 SMP Tue Jul 26 14:15:37 UTC 2022 |
| mp-v100-alex-5000000-1-12-2 | ok       |  1.333 | 1.333 | 2022-11-18 04:32:38 | {'p': 1, 'c': 12, 'size': 5000000, 'repeat': 10, 'sort': 'mp', 'user': 'alex', 'node': 'v100'} |       | h1.carbonate.uits.iu.edu | haiyang | Linux | #1 SMP Tue Jul 26 14:15:37 UTC 2022 |
| mp-v100-alex-5000000-1-12-3 | ok       |  1.481 | 1.481 | 2022-11-18 04:32:45 | {'p': 1, 'c': 12, 'size': 5000000, 'repeat': 10, 'sort': 'mp', 'user': 'alex', 'node': 'v100'} |       | h1.carbonate.uits.iu.edu | haiyang | Linux | #1 SMP Tue Jul 26 14:15:37 UTC 2022 |
| mp-v100-alex-5000000-1-12-4 | ok       |  1.338 | 1.338 | 2022-11-18 04:32:52 | {'p': 1, 'c': 12, 'size': 5000000, 'repeat': 10, 'sort': 'mp', 'user': 'alex', 'node': 'v100'} |       | h1.carbonate.uits.iu.edu | haiyang | Linux | #1 SMP Tue Jul 26 14:15:37 UTC 2022 |
| mp-v100-alex-5000000-1-12-5 | ok       |  1.377 | 1.377 | 2022-11-18 04:32:59 | {'p': 1, 'c': 12, 'size': 5000000, 'repeat': 10, 'sort': 'mp', 'user': 'alex', 'node': 'v100'} |       | h1.carbonate.uits.iu.edu | haiyang | Linux | #1 SMP Tue Jul 26 14:15:37 UTC 2022 |
| mp-v100-alex-5000000-1-12-6 | ok       |  1.362 | 1.362 | 2022-11-18 04:33:06 | {'p': 1, 'c': 12, 'size': 5000000, 'repeat': 10, 'sort': 'mp', 'user': 'alex', 'node': 'v100'} |       | h1.carbonate.uits.iu.edu | haiyang | Linux | #1 SMP Tue Jul 26 14:15:37 UTC 2022 |
| mp-v100-alex-5000000-1-12-7 | ok       |  1.455 | 1.455 | 2022-11-18 04:33:12 | {'p': 1, 'c': 12, 'size': 5000000, 'repeat': 10, 'sort': 'mp', 'user': 'alex', 'node': 'v100'} |       | h1.carbonate.uits.iu.edu | haiyang | Linux | #1 SMP Tue Jul 26 14:15:37 UTC 2022 |
| mp-v100-alex-5000000-1-12-8 | ok       |  1.291 | 1.291 | 2022-11-18 04:33:20 | {'p': 1, 'c': 12, 'size': 5000000, 'repeat': 10, 'sort': 'mp', 'user': 'alex', 'node': 'v100'} |       | h1.carbonate.uits.iu.edu | haiyang | Linux | #1 SMP Tue Jul 26 14:15:37 UTC 2022 |
| mp-v100-alex-5000000-1-12-9 | ok       |  1.287 | 1.287 | 2022-11-18 04:33:27 | {'p': 1, 'c': 12, 'size': 5000000, 'repeat': 10, 'sort': 'mp', 'user': 'alex', 'node': 'v100'} |       | h1.carbonate.uits.iu.edu | haiyang | Linux | #1 SMP Tue Jul 26 14:15:37 UTC 2022 |
+-----------------------------+----------+--------+-------+---------------------+------------------------------------------------------------------------------------------------+-------+--------------------------+---------+-------+-------------------------------------+
# csv,timer,status,time,sum,start,tag,msg,uname.node,user,uname.system,platform.version
# csv,mp-v100-alex-5000000-1-12-0,ok,1.412,1.412,2022-11-18 04:32:25,{'p': 1, 'c': 12, 'size': 5000000, 'repeat': 10, 'sort': 'mp', 'user': 'alex', 'node': 'v100'},None,h1.carbonate.uits.iu.edu,haiyang,Linux,#1 SMP Tue Jul 26 14:15:37 UTC 2022
# csv,mp-v100-alex-5000000-1-12-1,ok,1.405,1.405,2022-11-18 04:32:32,{'p': 1, 'c': 12, 'size': 5000000, 'repeat': 10, 'sort': 'mp', 'user': 'alex', 'node': 'v100'},None,h1.carbonate.uits.iu.edu,haiyang,Linux,#1 SMP Tue Jul 26 14:15:37 UTC 2022
# csv,mp-v100-alex-5000000-1-12-2,ok,1.333,1.333,2022-11-18 04:32:38,{'p': 1, 'c': 12, 'size': 5000000, 'repeat': 10, 'sort': 'mp', 'user': 'alex', 'node': 'v100'},None,h1.carbonate.uits.iu.edu,haiyang,Linux,#1 SMP Tue Jul 26 14:15:37 UTC 2022
# csv,mp-v100-alex-5000000-1-12-3,ok,1.481,1.481,2022-11-18 04:32:45,{'p': 1, 'c': 12, 'size': 5000000, 'repeat': 10, 'sort': 'mp', 'user': 'alex', 'node': 'v100'},None,h1.carbonate.uits.iu.edu,haiyang,Linux,#1 SMP Tue Jul 26 14:15:37 UTC 2022
# csv,mp-v100-alex-5000000-1-12-4,ok,1.338,1.338,2022-11-18 04:32:52,{'p': 1, 'c': 12, 'size': 5000000, 'repeat': 10, 'sort': 'mp', 'user': 'alex', 'node': 'v100'},None,h1.carbonate.uits.iu.edu,haiyang,Linux,#1 SMP Tue Jul 26 14:15:37 UTC 2022
# csv,mp-v100-alex-5000000-1-12-5,ok,1.377,1.377,2022-11-18 04:32:59,{'p': 1, 'c': 12, 'size': 5000000, 'repeat': 10, 'sort': 'mp', 'user': 'alex', 'node': 'v100'},None,h1.carbonate.uits.iu.edu,haiyang,Linux,#1 SMP Tue Jul 26 14:15:37 UTC 2022
# csv,mp-v100-alex-5000000-1-12-6,ok,1.362,1.362,2022-11-18 04:33:06,{'p': 1, 'c': 12, 'size': 5000000, 'repeat': 10, 'sort': 'mp', 'user': 'alex', 'node': 'v100'},None,h1.carbonate.uits.iu.edu,haiyang,Linux,#1 SMP Tue Jul 26 14:15:37 UTC 2022
# csv,mp-v100-alex-5000000-1-12-7,ok,1.455,1.455,2022-11-18 04:33:12,{'p': 1, 'c': 12, 'size': 5000000, 'repeat': 10, 'sort': 'mp', 'user': 'alex', 'node': 'v100'},None,h1.carbonate.uits.iu.edu,haiyang,Linux,#1 SMP Tue Jul 26 14:15:37 UTC 2022
# csv,mp-v100-alex-5000000-1-12-8,ok,1.291,1.291,2022-11-18 04:33:20,{'p': 1, 'c': 12, 'size': 5000000, 'repeat': 10, 'sort': 'mp', 'user': 'alex', 'node': 'v100'},None,h1.carbonate.uits.iu.edu,haiyang,Linux,#1 SMP Tue Jul 26 14:15:37 UTC 2022
# csv,mp-v100-alex-5000000-1-12-9,ok,1.287,1.287,2022-11-18 04:33:27,{'p': 1, 'c': 12, 'size': 5000000, 'repeat': 10, 'sort': 'mp', 'user': 'alex', 'node': 'v100'},None,h1.carbonate.uits.iu.edu,haiyang,Linux,#1 SMP Tue Jul 26 14:15:37 UTC 2022

