SORT: mp
Starting experiment
Processes: 1
Cores:     6
Size:      2000000
Repeat:    10
Debug:     False
Algorithm: mp
Tag:       None
Total:     10
Experiment 9         : size=2000000 processes=1 cores=6 repeat=0 last_time=undefined                     
Experiment 8         : size=2000000 processes=1 cores=6 repeat=1 last_time=0.6236                     
Experiment 7         : size=2000000 processes=1 cores=6 repeat=2 last_time=0.6892                     
Experiment 6         : size=2000000 processes=1 cores=6 repeat=3 last_time=0.5897                     
Experiment 5         : size=2000000 processes=1 cores=6 repeat=4 last_time=0.6755                     
Experiment 4         : size=2000000 processes=1 cores=6 repeat=5 last_time=0.7107                     
Experiment 3         : size=2000000 processes=1 cores=6 repeat=6 last_time=0.6149                     
Experiment 2         : size=2000000 processes=1 cores=6 repeat=7 last_time=0.6614                     
Experiment 1         : size=2000000 processes=1 cores=6 repeat=8 last_time=0.7027                     
Experiment 0         : size=2000000 processes=1 cores=6 repeat=9 last_time=0.6091                     

+---------------------------------+--------------------------------------------------------------+
| Attribute                       | Value                                                        |
|---------------------------------+--------------------------------------------------------------|
| ANSI_COLOR                      | "0;31"                                                       |
| BUG_REPORT_URL                  | "https://bugzilla.redhat.com/"                               |
| CPE_NAME                        | "cpe:/o:redhat:enterprise_linux:7.9:GA:server"               |
| HOME_URL                        | "https://www.redhat.com/"                                    |
| ID                              | "rhel"                                                       |
| ID_LIKE                         | "fedora"                                                     |
| NAME                            | "Red Hat Enterprise Linux Server"                            |
| PRETTY_NAME                     | "Red Hat Enterprise Linux Server 7.9 (Maipo)"                |
| REDHAT_BUGZILLA_PRODUCT         | "Red Hat Enterprise Linux 7"                                 |
| REDHAT_BUGZILLA_PRODUCT_VERSION | 7.9                                                          |
| REDHAT_SUPPORT_PRODUCT          | "Red Hat Enterprise Linux"                                   |
| REDHAT_SUPPORT_PRODUCT_VERSION  | "7.9"                                                        |
| VARIANT                         | "Server"                                                     |
| VARIANT_ID                      | "server"                                                     |
| VERSION                         | "7.9 (Maipo)"                                                |
| VERSION_ID                      | "7.9"                                                        |
| cpu                             | Intel(R) Xeon(R) CPU E5-2680 v3 @ 2.50GHz                    |
| cpu_cores                       | 24                                                           |
| cpu_count                       | 24                                                           |
| cpu_threads                     | 24                                                           |
| date                            | 2022-11-18 03:34:35.136021                                   |
| frequency                       | scpufreq(current=1.4680416666666665, min=1200.0, max=3300.0) |
| mem.active                      | 20.8 GiB                                                     |
| mem.available                   | 181.5 GiB                                                    |
| mem.free                        | 163.1 GiB                                                    |
| mem.inactive                    | 21.6 GiB                                                     |
| mem.percent                     | 27.8 %                                                       |
| mem.total                       | 251.2 GiB                                                    |
| mem.used                        | 49.4 GiB                                                     |
| platform.version                | #1 SMP Tue Jul 26 14:15:37 UTC 2022                          |
| python                          | 3.9.8 (main, Feb  8 2022, 08:35:13)                          |
|                                 | [GCC 6.3.0]                                                  |
| python.pip                      | 22.2.2                                                       |
| python.version                  | 3.9.8                                                        |
| sys.platform                    | linux                                                        |
| uname.machine                   | x86_64                                                       |
| uname.node                      | h1.carbonate.uits.iu.edu                                     |
| uname.processor                 | x86_64                                                       |
| uname.release                   | 3.10.0-1160.76.1.el7.x86_64                                  |
| uname.system                    | Linux                                                        |
| uname.version                   | #1 SMP Tue Jul 26 14:15:37 UTC 2022                          |
| user                            | haiyang                                                      |
+---------------------------------+--------------------------------------------------------------+

+----------------------------+----------+--------+-------+---------------------+-----------------------------------------------------------------------------------------------+-------+--------------------------+---------+-------+-------------------------------------+
| Name                       | Status   |   Time |   Sum | Start               | tag                                                                                           | msg   | Node                     | User    | OS    | Version                             |
|----------------------------+----------+--------+-------+---------------------+-----------------------------------------------------------------------------------------------+-------+--------------------------+---------+-------+-------------------------------------|
| mp-v100-alex-2000000-1-6-0 | ok       |  0.624 | 0.624 | 2022-11-18 03:34:09 | {'p': 1, 'c': 6, 'size': 2000000, 'repeat': 10, 'sort': 'mp', 'user': 'alex', 'node': 'v100'} |       | h1.carbonate.uits.iu.edu | haiyang | Linux | #1 SMP Tue Jul 26 14:15:37 UTC 2022 |
| mp-v100-alex-2000000-1-6-1 | ok       |  0.689 | 0.689 | 2022-11-18 03:34:11 | {'p': 1, 'c': 6, 'size': 2000000, 'repeat': 10, 'sort': 'mp', 'user': 'alex', 'node': 'v100'} |       | h1.carbonate.uits.iu.edu | haiyang | Linux | #1 SMP Tue Jul 26 14:15:37 UTC 2022 |
| mp-v100-alex-2000000-1-6-2 | ok       |  0.59  | 0.59  | 2022-11-18 03:34:14 | {'p': 1, 'c': 6, 'size': 2000000, 'repeat': 10, 'sort': 'mp', 'user': 'alex', 'node': 'v100'} |       | h1.carbonate.uits.iu.edu | haiyang | Linux | #1 SMP Tue Jul 26 14:15:37 UTC 2022 |
| mp-v100-alex-2000000-1-6-3 | ok       |  0.676 | 0.676 | 2022-11-18 03:34:17 | {'p': 1, 'c': 6, 'size': 2000000, 'repeat': 10, 'sort': 'mp', 'user': 'alex', 'node': 'v100'} |       | h1.carbonate.uits.iu.edu | haiyang | Linux | #1 SMP Tue Jul 26 14:15:37 UTC 2022 |
| mp-v100-alex-2000000-1-6-4 | ok       |  0.711 | 0.711 | 2022-11-18 03:34:20 | {'p': 1, 'c': 6, 'size': 2000000, 'repeat': 10, 'sort': 'mp', 'user': 'alex', 'node': 'v100'} |       | h1.carbonate.uits.iu.edu | haiyang | Linux | #1 SMP Tue Jul 26 14:15:37 UTC 2022 |
| mp-v100-alex-2000000-1-6-5 | ok       |  0.615 | 0.615 | 2022-11-18 03:34:23 | {'p': 1, 'c': 6, 'size': 2000000, 'repeat': 10, 'sort': 'mp', 'user': 'alex', 'node': 'v100'} |       | h1.carbonate.uits.iu.edu | haiyang | Linux | #1 SMP Tue Jul 26 14:15:37 UTC 2022 |
| mp-v100-alex-2000000-1-6-6 | ok       |  0.661 | 0.661 | 2022-11-18 03:34:25 | {'p': 1, 'c': 6, 'size': 2000000, 'repeat': 10, 'sort': 'mp', 'user': 'alex', 'node': 'v100'} |       | h1.carbonate.uits.iu.edu | haiyang | Linux | #1 SMP Tue Jul 26 14:15:37 UTC 2022 |
| mp-v100-alex-2000000-1-6-7 | ok       |  0.703 | 0.703 | 2022-11-18 03:34:28 | {'p': 1, 'c': 6, 'size': 2000000, 'repeat': 10, 'sort': 'mp', 'user': 'alex', 'node': 'v100'} |       | h1.carbonate.uits.iu.edu | haiyang | Linux | #1 SMP Tue Jul 26 14:15:37 UTC 2022 |
| mp-v100-alex-2000000-1-6-8 | ok       |  0.609 | 0.609 | 2022-11-18 03:34:31 | {'p': 1, 'c': 6, 'size': 2000000, 'repeat': 10, 'sort': 'mp', 'user': 'alex', 'node': 'v100'} |       | h1.carbonate.uits.iu.edu | haiyang | Linux | #1 SMP Tue Jul 26 14:15:37 UTC 2022 |
| mp-v100-alex-2000000-1-6-9 | ok       |  0.66  | 0.66  | 2022-11-18 03:34:34 | {'p': 1, 'c': 6, 'size': 2000000, 'repeat': 10, 'sort': 'mp', 'user': 'alex', 'node': 'v100'} |       | h1.carbonate.uits.iu.edu | haiyang | Linux | #1 SMP Tue Jul 26 14:15:37 UTC 2022 |
+----------------------------+----------+--------+-------+---------------------+-----------------------------------------------------------------------------------------------+-------+--------------------------+---------+-------+-------------------------------------+
# csv,timer,status,time,sum,start,tag,msg,uname.node,user,uname.system,platform.version
# csv,mp-v100-alex-2000000-1-6-0,ok,0.624,0.624,2022-11-18 03:34:09,{'p': 1, 'c': 6, 'size': 2000000, 'repeat': 10, 'sort': 'mp', 'user': 'alex', 'node': 'v100'},None,h1.carbonate.uits.iu.edu,haiyang,Linux,#1 SMP Tue Jul 26 14:15:37 UTC 2022
# csv,mp-v100-alex-2000000-1-6-1,ok,0.689,0.689,2022-11-18 03:34:11,{'p': 1, 'c': 6, 'size': 2000000, 'repeat': 10, 'sort': 'mp', 'user': 'alex', 'node': 'v100'},None,h1.carbonate.uits.iu.edu,haiyang,Linux,#1 SMP Tue Jul 26 14:15:37 UTC 2022
# csv,mp-v100-alex-2000000-1-6-2,ok,0.59,0.59,2022-11-18 03:34:14,{'p': 1, 'c': 6, 'size': 2000000, 'repeat': 10, 'sort': 'mp', 'user': 'alex', 'node': 'v100'},None,h1.carbonate.uits.iu.edu,haiyang,Linux,#1 SMP Tue Jul 26 14:15:37 UTC 2022
# csv,mp-v100-alex-2000000-1-6-3,ok,0.676,0.676,2022-11-18 03:34:17,{'p': 1, 'c': 6, 'size': 2000000, 'repeat': 10, 'sort': 'mp', 'user': 'alex', 'node': 'v100'},None,h1.carbonate.uits.iu.edu,haiyang,Linux,#1 SMP Tue Jul 26 14:15:37 UTC 2022
# csv,mp-v100-alex-2000000-1-6-4,ok,0.711,0.711,2022-11-18 03:34:20,{'p': 1, 'c': 6, 'size': 2000000, 'repeat': 10, 'sort': 'mp', 'user': 'alex', 'node': 'v100'},None,h1.carbonate.uits.iu.edu,haiyang,Linux,#1 SMP Tue Jul 26 14:15:37 UTC 2022
# csv,mp-v100-alex-2000000-1-6-5,ok,0.615,0.615,2022-11-18 03:34:23,{'p': 1, 'c': 6, 'size': 2000000, 'repeat': 10, 'sort': 'mp', 'user': 'alex', 'node': 'v100'},None,h1.carbonate.uits.iu.edu,haiyang,Linux,#1 SMP Tue Jul 26 14:15:37 UTC 2022
# csv,mp-v100-alex-2000000-1-6-6,ok,0.661,0.661,2022-11-18 03:34:25,{'p': 1, 'c': 6, 'size': 2000000, 'repeat': 10, 'sort': 'mp', 'user': 'alex', 'node': 'v100'},None,h1.carbonate.uits.iu.edu,haiyang,Linux,#1 SMP Tue Jul 26 14:15:37 UTC 2022
# csv,mp-v100-alex-2000000-1-6-7,ok,0.703,0.703,2022-11-18 03:34:28,{'p': 1, 'c': 6, 'size': 2000000, 'repeat': 10, 'sort': 'mp', 'user': 'alex', 'node': 'v100'},None,h1.carbonate.uits.iu.edu,haiyang,Linux,#1 SMP Tue Jul 26 14:15:37 UTC 2022
# csv,mp-v100-alex-2000000-1-6-8,ok,0.609,0.609,2022-11-18 03:34:31,{'p': 1, 'c': 6, 'size': 2000000, 'repeat': 10, 'sort': 'mp', 'user': 'alex', 'node': 'v100'},None,h1.carbonate.uits.iu.edu,haiyang,Linux,#1 SMP Tue Jul 26 14:15:37 UTC 2022
# csv,mp-v100-alex-2000000-1-6-9,ok,0.66,0.66,2022-11-18 03:34:34,{'p': 1, 'c': 6, 'size': 2000000, 'repeat': 10, 'sort': 'mp', 'user': 'alex', 'node': 'v100'},None,h1.carbonate.uits.iu.edu,haiyang,Linux,#1 SMP Tue Jul 26 14:15:37 UTC 2022

