SORT: mp
Starting experiment
Processes: 1
Cores:     18
Size:      5000000
Repeat:    10
Debug:     False
Algorithm: mp
Tag:       None
Total:     10
Experiment 9         : size=5000000 processes=1 cores=18 repeat=0 last_time=undefined                     
Experiment 8         : size=5000000 processes=1 cores=18 repeat=1 last_time=1.5305                     
Experiment 7         : size=5000000 processes=1 cores=18 repeat=2 last_time=1.47                     
Experiment 6         : size=5000000 processes=1 cores=18 repeat=3 last_time=1.4203                     
Experiment 5         : size=5000000 processes=1 cores=18 repeat=4 last_time=1.4065                     
Experiment 4         : size=5000000 processes=1 cores=18 repeat=5 last_time=1.6778                     
Experiment 3         : size=5000000 processes=1 cores=18 repeat=6 last_time=1.5524                     
Experiment 2         : size=5000000 processes=1 cores=18 repeat=7 last_time=1.4884                     
Experiment 1         : size=5000000 processes=1 cores=18 repeat=8 last_time=1.7725                     
Experiment 0         : size=5000000 processes=1 cores=18 repeat=9 last_time=1.4668                     

+---------------------------------+--------------------------------------------------------------+
| Attribute                       | Value                                                        |
|---------------------------------+--------------------------------------------------------------|
| ANSI_COLOR                      | "0;31"                                                       |
| BUG_REPORT_URL                  | "https://bugzilla.redhat.com/"                               |
| CPE_NAME                        | "cpe:/o:redhat:enterprise_linux:7.9:GA:server"               |
| HOME_URL                        | "https://www.redhat.com/"                                    |
| ID                              | "rhel"                                                       |
| ID_LIKE                         | "fedora"                                                     |
| NAME                            | "Red Hat Enterprise Linux Server"                            |
| PRETTY_NAME                     | "Red Hat Enterprise Linux Server 7.9 (Maipo)"                |
| REDHAT_BUGZILLA_PRODUCT         | "Red Hat Enterprise Linux 7"                                 |
| REDHAT_BUGZILLA_PRODUCT_VERSION | 7.9                                                          |
| REDHAT_SUPPORT_PRODUCT          | "Red Hat Enterprise Linux"                                   |
| REDHAT_SUPPORT_PRODUCT_VERSION  | "7.9"                                                        |
| VARIANT                         | "Server"                                                     |
| VARIANT_ID                      | "server"                                                     |
| VERSION                         | "7.9 (Maipo)"                                                |
| VERSION_ID                      | "7.9"                                                        |
| cpu                             | Intel(R) Xeon(R) CPU E5-2680 v3 @ 2.50GHz                    |
| cpu_cores                       | 24                                                           |
| cpu_count                       | 24                                                           |
| cpu_threads                     | 24                                                           |
| date                            | 2022-11-18 05:30:14.792509                                   |
| frequency                       | scpufreq(current=1.6045833333333335, min=1200.0, max=3300.0) |
| mem.active                      | 90.4 GiB                                                     |
| mem.available                   | 166.8 GiB                                                    |
| mem.free                        | 68.2 GiB                                                     |
| mem.inactive                    | 36.7 GiB                                                     |
| mem.percent                     | 33.6 %                                                       |
| mem.total                       | 251.2 GiB                                                    |
| mem.used                        | 64.0 GiB                                                     |
| platform.version                | #1 SMP Tue Jul 26 14:15:37 UTC 2022                          |
| python                          | 3.9.8 (main, Feb  8 2022, 08:35:13)                          |
|                                 | [GCC 6.3.0]                                                  |
| python.pip                      | 22.2.2                                                       |
| python.version                  | 3.9.8                                                        |
| sys.platform                    | linux                                                        |
| uname.machine                   | x86_64                                                       |
| uname.node                      | h1.carbonate.uits.iu.edu                                     |
| uname.processor                 | x86_64                                                       |
| uname.release                   | 3.10.0-1160.76.1.el7.x86_64                                  |
| uname.system                    | Linux                                                        |
| uname.version                   | #1 SMP Tue Jul 26 14:15:37 UTC 2022                          |
| user                            | haiyang                                                      |
+---------------------------------+--------------------------------------------------------------+

+-----------------------------+----------+--------+-------+---------------------+------------------------------------------------------------------------------------------------+-------+--------------------------+---------+-------+-------------------------------------+
| Name                        | Status   |   Time |   Sum | Start               | tag                                                                                            | msg   | Node                     | User    | OS    | Version                             |
|-----------------------------+----------+--------+-------+---------------------+------------------------------------------------------------------------------------------------+-------+--------------------------+---------+-------+-------------------------------------|
| mp-v100-alex-5000000-1-18-0 | ok       |  1.53  | 1.53  | 2022-11-18 05:29:08 | {'p': 1, 'c': 18, 'size': 5000000, 'repeat': 10, 'sort': 'mp', 'user': 'alex', 'node': 'v100'} |       | h1.carbonate.uits.iu.edu | haiyang | Linux | #1 SMP Tue Jul 26 14:15:37 UTC 2022 |
| mp-v100-alex-5000000-1-18-1 | ok       |  1.47  | 1.47  | 2022-11-18 05:29:15 | {'p': 1, 'c': 18, 'size': 5000000, 'repeat': 10, 'sort': 'mp', 'user': 'alex', 'node': 'v100'} |       | h1.carbonate.uits.iu.edu | haiyang | Linux | #1 SMP Tue Jul 26 14:15:37 UTC 2022 |
| mp-v100-alex-5000000-1-18-2 | ok       |  1.42  | 1.42  | 2022-11-18 05:29:23 | {'p': 1, 'c': 18, 'size': 5000000, 'repeat': 10, 'sort': 'mp', 'user': 'alex', 'node': 'v100'} |       | h1.carbonate.uits.iu.edu | haiyang | Linux | #1 SMP Tue Jul 26 14:15:37 UTC 2022 |
| mp-v100-alex-5000000-1-18-3 | ok       |  1.407 | 1.407 | 2022-11-18 05:29:30 | {'p': 1, 'c': 18, 'size': 5000000, 'repeat': 10, 'sort': 'mp', 'user': 'alex', 'node': 'v100'} |       | h1.carbonate.uits.iu.edu | haiyang | Linux | #1 SMP Tue Jul 26 14:15:37 UTC 2022 |
| mp-v100-alex-5000000-1-18-4 | ok       |  1.678 | 1.678 | 2022-11-18 05:29:37 | {'p': 1, 'c': 18, 'size': 5000000, 'repeat': 10, 'sort': 'mp', 'user': 'alex', 'node': 'v100'} |       | h1.carbonate.uits.iu.edu | haiyang | Linux | #1 SMP Tue Jul 26 14:15:37 UTC 2022 |
| mp-v100-alex-5000000-1-18-5 | ok       |  1.552 | 1.552 | 2022-11-18 05:29:44 | {'p': 1, 'c': 18, 'size': 5000000, 'repeat': 10, 'sort': 'mp', 'user': 'alex', 'node': 'v100'} |       | h1.carbonate.uits.iu.edu | haiyang | Linux | #1 SMP Tue Jul 26 14:15:37 UTC 2022 |
| mp-v100-alex-5000000-1-18-6 | ok       |  1.488 | 1.488 | 2022-11-18 05:29:51 | {'p': 1, 'c': 18, 'size': 5000000, 'repeat': 10, 'sort': 'mp', 'user': 'alex', 'node': 'v100'} |       | h1.carbonate.uits.iu.edu | haiyang | Linux | #1 SMP Tue Jul 26 14:15:37 UTC 2022 |
| mp-v100-alex-5000000-1-18-7 | ok       |  1.772 | 1.772 | 2022-11-18 05:29:58 | {'p': 1, 'c': 18, 'size': 5000000, 'repeat': 10, 'sort': 'mp', 'user': 'alex', 'node': 'v100'} |       | h1.carbonate.uits.iu.edu | haiyang | Linux | #1 SMP Tue Jul 26 14:15:37 UTC 2022 |
| mp-v100-alex-5000000-1-18-8 | ok       |  1.467 | 1.467 | 2022-11-18 05:30:06 | {'p': 1, 'c': 18, 'size': 5000000, 'repeat': 10, 'sort': 'mp', 'user': 'alex', 'node': 'v100'} |       | h1.carbonate.uits.iu.edu | haiyang | Linux | #1 SMP Tue Jul 26 14:15:37 UTC 2022 |
| mp-v100-alex-5000000-1-18-9 | ok       |  1.426 | 1.426 | 2022-11-18 05:30:13 | {'p': 1, 'c': 18, 'size': 5000000, 'repeat': 10, 'sort': 'mp', 'user': 'alex', 'node': 'v100'} |       | h1.carbonate.uits.iu.edu | haiyang | Linux | #1 SMP Tue Jul 26 14:15:37 UTC 2022 |
+-----------------------------+----------+--------+-------+---------------------+------------------------------------------------------------------------------------------------+-------+--------------------------+---------+-------+-------------------------------------+
# csv,timer,status,time,sum,start,tag,msg,uname.node,user,uname.system,platform.version
# csv,mp-v100-alex-5000000-1-18-0,ok,1.53,1.53,2022-11-18 05:29:08,{'p': 1, 'c': 18, 'size': 5000000, 'repeat': 10, 'sort': 'mp', 'user': 'alex', 'node': 'v100'},None,h1.carbonate.uits.iu.edu,haiyang,Linux,#1 SMP Tue Jul 26 14:15:37 UTC 2022
# csv,mp-v100-alex-5000000-1-18-1,ok,1.47,1.47,2022-11-18 05:29:15,{'p': 1, 'c': 18, 'size': 5000000, 'repeat': 10, 'sort': 'mp', 'user': 'alex', 'node': 'v100'},None,h1.carbonate.uits.iu.edu,haiyang,Linux,#1 SMP Tue Jul 26 14:15:37 UTC 2022
# csv,mp-v100-alex-5000000-1-18-2,ok,1.42,1.42,2022-11-18 05:29:23,{'p': 1, 'c': 18, 'size': 5000000, 'repeat': 10, 'sort': 'mp', 'user': 'alex', 'node': 'v100'},None,h1.carbonate.uits.iu.edu,haiyang,Linux,#1 SMP Tue Jul 26 14:15:37 UTC 2022
# csv,mp-v100-alex-5000000-1-18-3,ok,1.407,1.407,2022-11-18 05:29:30,{'p': 1, 'c': 18, 'size': 5000000, 'repeat': 10, 'sort': 'mp', 'user': 'alex', 'node': 'v100'},None,h1.carbonate.uits.iu.edu,haiyang,Linux,#1 SMP Tue Jul 26 14:15:37 UTC 2022
# csv,mp-v100-alex-5000000-1-18-4,ok,1.678,1.678,2022-11-18 05:29:37,{'p': 1, 'c': 18, 'size': 5000000, 'repeat': 10, 'sort': 'mp', 'user': 'alex', 'node': 'v100'},None,h1.carbonate.uits.iu.edu,haiyang,Linux,#1 SMP Tue Jul 26 14:15:37 UTC 2022
# csv,mp-v100-alex-5000000-1-18-5,ok,1.552,1.552,2022-11-18 05:29:44,{'p': 1, 'c': 18, 'size': 5000000, 'repeat': 10, 'sort': 'mp', 'user': 'alex', 'node': 'v100'},None,h1.carbonate.uits.iu.edu,haiyang,Linux,#1 SMP Tue Jul 26 14:15:37 UTC 2022
# csv,mp-v100-alex-5000000-1-18-6,ok,1.488,1.488,2022-11-18 05:29:51,{'p': 1, 'c': 18, 'size': 5000000, 'repeat': 10, 'sort': 'mp', 'user': 'alex', 'node': 'v100'},None,h1.carbonate.uits.iu.edu,haiyang,Linux,#1 SMP Tue Jul 26 14:15:37 UTC 2022
# csv,mp-v100-alex-5000000-1-18-7,ok,1.772,1.772,2022-11-18 05:29:58,{'p': 1, 'c': 18, 'size': 5000000, 'repeat': 10, 'sort': 'mp', 'user': 'alex', 'node': 'v100'},None,h1.carbonate.uits.iu.edu,haiyang,Linux,#1 SMP Tue Jul 26 14:15:37 UTC 2022
# csv,mp-v100-alex-5000000-1-18-8,ok,1.467,1.467,2022-11-18 05:30:06,{'p': 1, 'c': 18, 'size': 5000000, 'repeat': 10, 'sort': 'mp', 'user': 'alex', 'node': 'v100'},None,h1.carbonate.uits.iu.edu,haiyang,Linux,#1 SMP Tue Jul 26 14:15:37 UTC 2022
# csv,mp-v100-alex-5000000-1-18-9,ok,1.426,1.426,2022-11-18 05:30:13,{'p': 1, 'c': 18, 'size': 5000000, 'repeat': 10, 'sort': 'mp', 'user': 'alex', 'node': 'v100'},None,h1.carbonate.uits.iu.edu,haiyang,Linux,#1 SMP Tue Jul 26 14:15:37 UTC 2022

