SORT: mp
Starting experiment
Processes: 1
Cores:     21
Size:      8000000
Repeat:    10
Debug:     False
Algorithm: mp
Tag:       None
Total:     10
Experiment 9         : size=8000000 processes=1 cores=21 repeat=0 last_time=undefined                     
Experiment 8         : size=8000000 processes=1 cores=21 repeat=1 last_time=2.3075                     
Experiment 7         : size=8000000 processes=1 cores=21 repeat=2 last_time=2.2304                     
Experiment 6         : size=8000000 processes=1 cores=21 repeat=3 last_time=2.3566                     
Experiment 5         : size=8000000 processes=1 cores=21 repeat=4 last_time=2.9126                     
Experiment 4         : size=8000000 processes=1 cores=21 repeat=5 last_time=2.1859                     
Experiment 3         : size=8000000 processes=1 cores=21 repeat=6 last_time=2.36                     
Experiment 2         : size=8000000 processes=1 cores=21 repeat=7 last_time=2.4567                     
Experiment 1         : size=8000000 processes=1 cores=21 repeat=8 last_time=2.2688                     
Experiment 0         : size=8000000 processes=1 cores=21 repeat=9 last_time=2.3317                     

+---------------------------------+--------------------------------------------------------------+
| Attribute                       | Value                                                        |
|---------------------------------+--------------------------------------------------------------|
| ANSI_COLOR                      | "0;31"                                                       |
| BUG_REPORT_URL                  | "https://bugzilla.redhat.com/"                               |
| CPE_NAME                        | "cpe:/o:redhat:enterprise_linux:7.9:GA:server"               |
| HOME_URL                        | "https://www.redhat.com/"                                    |
| ID                              | "rhel"                                                       |
| ID_LIKE                         | "fedora"                                                     |
| NAME                            | "Red Hat Enterprise Linux Server"                            |
| PRETTY_NAME                     | "Red Hat Enterprise Linux Server 7.9 (Maipo)"                |
| REDHAT_BUGZILLA_PRODUCT         | "Red Hat Enterprise Linux 7"                                 |
| REDHAT_BUGZILLA_PRODUCT_VERSION | 7.9                                                          |
| REDHAT_SUPPORT_PRODUCT          | "Red Hat Enterprise Linux"                                   |
| REDHAT_SUPPORT_PRODUCT_VERSION  | "7.9"                                                        |
| VARIANT                         | "Server"                                                     |
| VARIANT_ID                      | "server"                                                     |
| VERSION                         | "7.9 (Maipo)"                                                |
| VERSION_ID                      | "7.9"                                                        |
| cpu                             | Intel(R) Xeon(R) CPU E5-2680 v3 @ 2.50GHz                    |
| cpu_cores                       | 24                                                           |
| cpu_count                       | 24                                                           |
| cpu_threads                     | 24                                                           |
| date                            | 2022-11-18 06:02:33.743029                                   |
| frequency                       | scpufreq(current=1.5347083333333336, min=1200.0, max=3300.0) |
| mem.active                      | 32.4 GiB                                                     |
| mem.available                   | 174.1 GiB                                                    |
| mem.free                        | 138.2 GiB                                                    |
| mem.inactive                    | 32.6 GiB                                                     |
| mem.percent                     | 30.7 %                                                       |
| mem.total                       | 251.2 GiB                                                    |
| mem.used                        | 56.7 GiB                                                     |
| platform.version                | #1 SMP Tue Jul 26 14:15:37 UTC 2022                          |
| python                          | 3.9.8 (main, Feb  8 2022, 08:35:13)                          |
|                                 | [GCC 6.3.0]                                                  |
| python.pip                      | 22.2.2                                                       |
| python.version                  | 3.9.8                                                        |
| sys.platform                    | linux                                                        |
| uname.machine                   | x86_64                                                       |
| uname.node                      | h1.carbonate.uits.iu.edu                                     |
| uname.processor                 | x86_64                                                       |
| uname.release                   | 3.10.0-1160.76.1.el7.x86_64                                  |
| uname.system                    | Linux                                                        |
| uname.version                   | #1 SMP Tue Jul 26 14:15:37 UTC 2022                          |
| user                            | haiyang                                                      |
+---------------------------------+--------------------------------------------------------------+

+-----------------------------+----------+--------+-------+---------------------+------------------------------------------------------------------------------------------------+-------+--------------------------+---------+-------+-------------------------------------+
| Name                        | Status   |   Time |   Sum | Start               | tag                                                                                            | msg   | Node                     | User    | OS    | Version                             |
|-----------------------------+----------+--------+-------+---------------------+------------------------------------------------------------------------------------------------+-------+--------------------------+---------+-------+-------------------------------------|
| mp-v100-alex-8000000-1-21-0 | ok       |  2.307 | 2.307 | 2022-11-18 06:00:53 | {'p': 1, 'c': 21, 'size': 8000000, 'repeat': 10, 'sort': 'mp', 'user': 'alex', 'node': 'v100'} |       | h1.carbonate.uits.iu.edu | haiyang | Linux | #1 SMP Tue Jul 26 14:15:37 UTC 2022 |
| mp-v100-alex-8000000-1-21-1 | ok       |  2.23  | 2.23  | 2022-11-18 06:01:04 | {'p': 1, 'c': 21, 'size': 8000000, 'repeat': 10, 'sort': 'mp', 'user': 'alex', 'node': 'v100'} |       | h1.carbonate.uits.iu.edu | haiyang | Linux | #1 SMP Tue Jul 26 14:15:37 UTC 2022 |
| mp-v100-alex-8000000-1-21-2 | ok       |  2.357 | 2.357 | 2022-11-18 06:01:14 | {'p': 1, 'c': 21, 'size': 8000000, 'repeat': 10, 'sort': 'mp', 'user': 'alex', 'node': 'v100'} |       | h1.carbonate.uits.iu.edu | haiyang | Linux | #1 SMP Tue Jul 26 14:15:37 UTC 2022 |
| mp-v100-alex-8000000-1-21-3 | ok       |  2.913 | 2.913 | 2022-11-18 06:01:26 | {'p': 1, 'c': 21, 'size': 8000000, 'repeat': 10, 'sort': 'mp', 'user': 'alex', 'node': 'v100'} |       | h1.carbonate.uits.iu.edu | haiyang | Linux | #1 SMP Tue Jul 26 14:15:37 UTC 2022 |
| mp-v100-alex-8000000-1-21-4 | ok       |  2.186 | 2.186 | 2022-11-18 06:01:37 | {'p': 1, 'c': 21, 'size': 8000000, 'repeat': 10, 'sort': 'mp', 'user': 'alex', 'node': 'v100'} |       | h1.carbonate.uits.iu.edu | haiyang | Linux | #1 SMP Tue Jul 26 14:15:37 UTC 2022 |
| mp-v100-alex-8000000-1-21-5 | ok       |  2.36  | 2.36  | 2022-11-18 06:01:47 | {'p': 1, 'c': 21, 'size': 8000000, 'repeat': 10, 'sort': 'mp', 'user': 'alex', 'node': 'v100'} |       | h1.carbonate.uits.iu.edu | haiyang | Linux | #1 SMP Tue Jul 26 14:15:37 UTC 2022 |
| mp-v100-alex-8000000-1-21-6 | ok       |  2.457 | 2.457 | 2022-11-18 06:01:58 | {'p': 1, 'c': 21, 'size': 8000000, 'repeat': 10, 'sort': 'mp', 'user': 'alex', 'node': 'v100'} |       | h1.carbonate.uits.iu.edu | haiyang | Linux | #1 SMP Tue Jul 26 14:15:37 UTC 2022 |
| mp-v100-alex-8000000-1-21-7 | ok       |  2.269 | 2.269 | 2022-11-18 06:02:09 | {'p': 1, 'c': 21, 'size': 8000000, 'repeat': 10, 'sort': 'mp', 'user': 'alex', 'node': 'v100'} |       | h1.carbonate.uits.iu.edu | haiyang | Linux | #1 SMP Tue Jul 26 14:15:37 UTC 2022 |
| mp-v100-alex-8000000-1-21-8 | ok       |  2.332 | 2.332 | 2022-11-18 06:02:20 | {'p': 1, 'c': 21, 'size': 8000000, 'repeat': 10, 'sort': 'mp', 'user': 'alex', 'node': 'v100'} |       | h1.carbonate.uits.iu.edu | haiyang | Linux | #1 SMP Tue Jul 26 14:15:37 UTC 2022 |
| mp-v100-alex-8000000-1-21-9 | ok       |  2.307 | 2.307 | 2022-11-18 06:02:31 | {'p': 1, 'c': 21, 'size': 8000000, 'repeat': 10, 'sort': 'mp', 'user': 'alex', 'node': 'v100'} |       | h1.carbonate.uits.iu.edu | haiyang | Linux | #1 SMP Tue Jul 26 14:15:37 UTC 2022 |
+-----------------------------+----------+--------+-------+---------------------+------------------------------------------------------------------------------------------------+-------+--------------------------+---------+-------+-------------------------------------+
# csv,timer,status,time,sum,start,tag,msg,uname.node,user,uname.system,platform.version
# csv,mp-v100-alex-8000000-1-21-0,ok,2.307,2.307,2022-11-18 06:00:53,{'p': 1, 'c': 21, 'size': 8000000, 'repeat': 10, 'sort': 'mp', 'user': 'alex', 'node': 'v100'},None,h1.carbonate.uits.iu.edu,haiyang,Linux,#1 SMP Tue Jul 26 14:15:37 UTC 2022
# csv,mp-v100-alex-8000000-1-21-1,ok,2.23,2.23,2022-11-18 06:01:04,{'p': 1, 'c': 21, 'size': 8000000, 'repeat': 10, 'sort': 'mp', 'user': 'alex', 'node': 'v100'},None,h1.carbonate.uits.iu.edu,haiyang,Linux,#1 SMP Tue Jul 26 14:15:37 UTC 2022
# csv,mp-v100-alex-8000000-1-21-2,ok,2.357,2.357,2022-11-18 06:01:14,{'p': 1, 'c': 21, 'size': 8000000, 'repeat': 10, 'sort': 'mp', 'user': 'alex', 'node': 'v100'},None,h1.carbonate.uits.iu.edu,haiyang,Linux,#1 SMP Tue Jul 26 14:15:37 UTC 2022
# csv,mp-v100-alex-8000000-1-21-3,ok,2.913,2.913,2022-11-18 06:01:26,{'p': 1, 'c': 21, 'size': 8000000, 'repeat': 10, 'sort': 'mp', 'user': 'alex', 'node': 'v100'},None,h1.carbonate.uits.iu.edu,haiyang,Linux,#1 SMP Tue Jul 26 14:15:37 UTC 2022
# csv,mp-v100-alex-8000000-1-21-4,ok,2.186,2.186,2022-11-18 06:01:37,{'p': 1, 'c': 21, 'size': 8000000, 'repeat': 10, 'sort': 'mp', 'user': 'alex', 'node': 'v100'},None,h1.carbonate.uits.iu.edu,haiyang,Linux,#1 SMP Tue Jul 26 14:15:37 UTC 2022
# csv,mp-v100-alex-8000000-1-21-5,ok,2.36,2.36,2022-11-18 06:01:47,{'p': 1, 'c': 21, 'size': 8000000, 'repeat': 10, 'sort': 'mp', 'user': 'alex', 'node': 'v100'},None,h1.carbonate.uits.iu.edu,haiyang,Linux,#1 SMP Tue Jul 26 14:15:37 UTC 2022
# csv,mp-v100-alex-8000000-1-21-6,ok,2.457,2.457,2022-11-18 06:01:58,{'p': 1, 'c': 21, 'size': 8000000, 'repeat': 10, 'sort': 'mp', 'user': 'alex', 'node': 'v100'},None,h1.carbonate.uits.iu.edu,haiyang,Linux,#1 SMP Tue Jul 26 14:15:37 UTC 2022
# csv,mp-v100-alex-8000000-1-21-7,ok,2.269,2.269,2022-11-18 06:02:09,{'p': 1, 'c': 21, 'size': 8000000, 'repeat': 10, 'sort': 'mp', 'user': 'alex', 'node': 'v100'},None,h1.carbonate.uits.iu.edu,haiyang,Linux,#1 SMP Tue Jul 26 14:15:37 UTC 2022
# csv,mp-v100-alex-8000000-1-21-8,ok,2.332,2.332,2022-11-18 06:02:20,{'p': 1, 'c': 21, 'size': 8000000, 'repeat': 10, 'sort': 'mp', 'user': 'alex', 'node': 'v100'},None,h1.carbonate.uits.iu.edu,haiyang,Linux,#1 SMP Tue Jul 26 14:15:37 UTC 2022
# csv,mp-v100-alex-8000000-1-21-9,ok,2.307,2.307,2022-11-18 06:02:31,{'p': 1, 'c': 21, 'size': 8000000, 'repeat': 10, 'sort': 'mp', 'user': 'alex', 'node': 'v100'},None,h1.carbonate.uits.iu.edu,haiyang,Linux,#1 SMP Tue Jul 26 14:15:37 UTC 2022

