Starting experiment
Processes: 4
Cores:     18
Size:      1000000
Repeat:    10
Debug:     False
Sort:      MPI
Algorithm: mp
Tag:       None
Total:     10
Experiment 9         : size=1000000 processes=4 cores=18 repeat=0 last_time=undefined                     
Experiment 8         : size=1000000 processes=4 cores=18 repeat=1 last_time=undefined                     
Experiment 7         : size=1000000 processes=4 cores=18 repeat=2 last_time=undefined                     
Experiment 6         : size=1000000 processes=4 cores=18 repeat=3 last_time=undefined                     
Experiment 5         : size=1000000 processes=4 cores=18 repeat=4 last_time=undefined                     
Experiment 4         : size=1000000 processes=4 cores=18 repeat=5 last_time=undefined                     
Experiment 3         : size=1000000 processes=4 cores=18 repeat=6 last_time=undefined                     
Experiment 2         : size=1000000 processes=4 cores=18 repeat=7 last_time=undefined                     
Experiment 1         : size=1000000 processes=4 cores=18 repeat=8 last_time=undefined                     
Experiment 0         : size=1000000 processes=4 cores=18 repeat=9 last_time=undefined                     
                          |
| PRETTY_NAME                     | "Red Hat Enterprise Linux Server 7.9 (Maipo)"                |
| REDHAT_BUGZILLA_PRODUCT         | "Red Hat Enterprise Linux 7"                                 |
| REDHAT_BUGZILLA_PRODUCT_VERSION | 7.9                                                          |
| REDHAT_SUPPORT_PRODUCT          | "Red Hat Enterprise Linux"                                   |
| REDHAT_SUPPORT_PRODUCT_VERSION  | "7.9"                                                        |
| VARIANT                         | "Server"                                                     |
| VARIANT_ID                      | "server"                                                     |
| VERSION                         | "7.9 (Maipo)"                                                |
| VERSION_ID                      | "7.9"                                                        |
| cpu                             | Intel(R) Xeon(R) CPU E5-2680 v3 @ 2.50GHz                    |
| cpu_cores                       | 24                                                           |
| cpu_count                       | 24                                                           |
| cpu_threads                     | 24                                                           |
| date                            | 2022-11-19 15:56:04.308885                                   |
| frequency                       | scpufreq(current=1.9289583333333338, min=1200.0, max=3300.0) |
| mem.active                      | 40.2 GiB                                                     |
| mem.available                   | 199.8 GiB                                                    |
| mem.free                        | 197.2 GiB                                                    |
| mem.inactive                    | 2.7 GiB                                                      |
| mem.percent                     | 20.4 %                                                       |
| mem.total                       | 251.1 GiB                                                    |
| mem.used                        | 43.8 GiB                                                     |
| platform.version                | #1 SMP Tue Jul 26 14:15:37 UTC 2022                          |
| python                          | 3.9.8 (main, Feb  8 2022, 08:35:13)                          |
|                                 | [GCC 6.3.0]                                                  |
| python.pip                      | 22.2.2                                                       |
| python.version                  | 3.9.8                                                        |
| sys.platform                    | linux                                                        |
| uname.machine                   | x86_64                                                       |
| uname.node                      | c8                                                           |
| uname.processor                 | x86_64                                                       |
| uname.release                   | 3.10.0-1160.76.1.el7.x86_64                                  |
| uname.system                    | Linux                                                        |
| uname.version                   | #1 SMP Tue Jul 26 14:15:37 UTC 2022                          |
| user                            | haiyang                                                      |
+---------------------------------+--------------------------------------------------------------+

+---------------+----------+--------+-------+---------------------+--------------------------------------------------------------------------------------------------------------------+-------+--------+---------+-------+-------------------------------------+
| Name          | Status   |   Time |   Sum | Start               | tag                                                                                                                | msg   | Node   | User    | OS    | Version                             |
|---------------+----------+--------+-------+---------------------+--------------------------------------------------------------------------------------------------------------------+-------+--------+---------+-------+-------------------------------------|
| mpi-mergesort | ok       |  2.147 | 2.147 | 2022-11-19 15:56:02 | {'user': 'alex', 'node': 'v100', 'debug': False, 'size': 1000000, 'subsort': 'mp', 'sort': 'mpi', 'c': 18, 'p': 4} |       | c8     | haiyang | Linux | #1 SMP Tue Jul 26 14:15:37 UTC 2022 |
| mpi-generate  | ok       |  0.007 | 0.007 | 2022-11-19 15:56:02 | {'user': 'alex', 'node': 'v100', 'debug': False, 'size': 1000000, 'subsort': 'mp', 'sort': 'mpi', 'c': 18, 'p': 4} |       | c8     | haiyang | Linux | #1 SMP Tue Jul 26 14:15:37 UTC 2022 |
+---------------+----------+--------+-------+---------------------+--------------------------------------------------------------------------------------------------------------------+-------+--------+---------+-------+-------------------------------------+
# csv,timer,status,time,sum,start,tag,msg,uname.node,user,uname.system,platform.version
# csv,mpi-mergesort,ok,2.147,2.147,2022-11-19 15:56:02,{'user': 'alex', 'node': 'v100', 'debug': False, 'size': 1000000, 'subsort': 'mp', 'sort': 'mpi', 'c': 18, 'p': 4},None,c8,haiyang,Linux,#1 SMP Tue Jul 26 14:15:37 UTC 2022
# csv,mpi-generate,ok,0.007,0.007,2022-11-19 15:56:02,{'user': 'alex', 'node': 'v100', 'debug': False, 'size': 1000000, 'subsort': 'mp', 'sort': 'mpi', 'c': 18, 'p': 4},None,c8,haiyang,Linux,#1 SMP Tue Jul 26 14:15:37 UTC 2022


+---------------------------------+--------------------------------------------------------------+
| Attribute                       | Value                                                        |
|---------------------------------+--------------------------------------------------------------|
| ANSI_COLOR                      | "0;31"                                                       |
| BUG_REPORT_URL                  | "https://bugzilla.redhat.com/"                               |
| CPE_NAME                        | "cpe:/o:redhat:enterprise_linux:7.9:GA:server"               |
| HOME_URL                        | "https://www.redhat.com/"                                    |
| ID                              | "rhel"                                                       |
| ID_LIKE                         | "fedora"                                                     |
| NAME                            | "Red Hat Enterprise Linux Server"                            |
| PRETTY_NAME                     | "Red Hat Enterprise Linux Server 7.9 (Maipo)"                |
| REDHAT_BUGZILLA_PRODUCT         | "Red Hat Enterprise Linux 7"                                 |
| REDHAT_BUGZILLA_PRODUCT_VERSION | 7.9                                                          |
| REDHAT_SUPPORT_PRODUCT          | "Red Hat Enterprise Linux"                                   |
| REDHAT_SUPPORT_PRODUCT_VERSION  | "7.9"                                                        |
| VARIANT                         | "Server"                                                     |
| VARIANT_ID                      | "server"                                                     |
| VERSION                         | "7.9 (Maipo)"                                                |
| VERSION_ID                      | "7.9"                                                        |
| cpu                             | Intel(R) Xeon(R) CPU E5-2680 v3 @ 2.50GHz                    |
| cpu_cores                       | 24                                                           |
| cpu_count                       | 24                                                           |
| cpu_threads                     | 24                                                           |
| date                            | 2022-11-19 15:56:08.821259                                   |
| frequency                       | scpufreq(current=1.9527916666666671, min=1200.0, max=3300.0) |
| mem.active                      | 40.2 GiB                                                     |
| mem.available                   | 199.8 GiB                                                    |
| mem.free                        | 197.2 GiB                                                    |
| mem.inactive                    | 2.7 GiB                                                      |
| mem.percent                     | 20.4 %                                                       |
| mem.total                       | 251.1 GiB                                                    |
| mem.used                        | 43.8 GiB                                                     |
| platform.version                | #1 SMP Tue Jul 26 14:15:37 UTC 2022                          |
| python                          | 3.9.8 (main, Feb  8 2022, 08:35:13)                          |
|                                 | [GCC 6.3.0]                                                  |
| python.pip                      | 22.2.2                                                       |
| python.version                  | 3.9.8                                                        |
| sys.platform                    | linux                                                        |
| uname.machine                   | x86_64                                                       |
| uname.node                      | c8                                                           |
| uname.processor                 | x86_64                                                       |
| uname.release                   | 3.10.0-1160.76.1.el7.x86_64                                  |
| uname.system                    | Linux                                                        |
| uname.version                   | #1 SMP Tue Jul 26 14:15:37 UTC 2022                          |
| user                            | haiyang                                                      |
+---------------------------------+--------------------------------------------------------------+

+---------------+----------+--------+-------+---------------------+--------------------------------------------------------------------------------------------------------------------+-------+--------+---------+-------+-------------------------------------+
| Name          | Status   |   Time |   Sum | Start               | tag                                                                                                                | msg   | Node   | User    | OS    | Version                             |
|---------------+----------+--------+-------+---------------------+--------------------------------------------------------------------------------------------------------------------+-------+--------+---------+-------+-------------------------------------|
| mpi-mergesort | ok       |  2.081 | 2.081 | 2022-11-19 15:56:06 | {'user': 'alex', 'node': 'v100', 'debug': False, 'size': 1000000, 'subsort': 'mp', 'sort': 'mpi', 'c': 18, 'p': 4} |       | c8     | haiyang | Linux | #1 SMP Tue Jul 26 14:15:37 UTC 2022 |
| mpi-generate  | ok       |  0.007 | 0.007 | 2022-11-19 15:56:06 | {'user': 'alex', 'node': 'v100', 'debug': False, 'size': 1000000, 'subsort': 'mp', 'sort': 'mpi', 'c': 18, 'p': 4} |       | c8     | haiyang | Linux | #1 SMP Tue Jul 26 14:15:37 UTC 2022 |
+---------------+----------+--------+-------+---------------------+--------------------------------------------------------------------------------------------------------------------+-------+--------+---------+-------+-------------------------------------+
# csv,timer,status,time,sum,start,tag,msg,uname.node,user,uname.system,platform.version
# csv,mpi-mergesort,ok,2.081,2.081,2022-11-19 15:56:06,{'user': 'alex', 'node': 'v100', 'debug': False, 'size': 1000000, 'subsort': 'mp', 'sort': 'mpi', 'c': 18, 'p': 4},None,c8,haiyang,Linux,#1 SMP Tue Jul 26 14:15:37 UTC 2022
# csv,mpi-generate,ok,0.007,0.007,2022-11-19 15:56:06,{'user': 'alex', 'node': 'v100', 'debug': False, 'size': 1000000, 'subsort': 'mp', 'sort': 'mpi', 'c': 18, 'p': 4},None,c8,haiyang,Linux,#1 SMP Tue Jul 26 14:15:37 UTC 2022


+---------------------------------+-------------------------------------------------------------+
| Attribute                       | Value                                                       |
|---------------------------------+-------------------------------------------------------------|
| ANSI_COLOR                      | "0;31"                                                      |
| BUG_REPORT_URL                  | "https://bugzilla.redhat.com/"                              |
| CPE_NAME                        | "cpe:/o:redhat:enterprise_linux:7.9:GA:server"              |
| HOME_URL                        | "https://www.redhat.com/"                                   |
| ID                              | "rhel"                                                      |
| ID_LIKE                         | "fedora"                                                    |
| NAME                            | "Red Hat Enterprise Linux Server"                           |
| PRETTY_NAME                     | "Red Hat Enterprise Linux Server 7.9 (Maipo)"               |
| REDHAT_BUGZILLA_PRODUCT         | "Red Hat Enterprise Linux 7"                                |
| REDHAT_BUGZILLA_PRODUCT_VERSION | 7.9                                                         |
| REDHAT_SUPPORT_PRODUCT          | "Red Hat Enterprise Linux"                                  |
| REDHAT_SUPPORT_PRODUCT_VERSION  | "7.9"                                                       |
| VARIANT                         | "Server"                                                    |
| VARIANT_ID                      | "server"                                                    |
| VERSION                         | "7.9 (Maipo)"                                               |
| VERSION_ID                      | "7.9"                                                       |
| cpu                             | Intel(R) Xeon(R) CPU E5-2680 v3 @ 2.50GHz                   |
| cpu_cores                       | 24                                                          |
| cpu_count                       | 24                                                          |
| cpu_threads                     | 24                                                          |
| date                            | 2022-11-19 15:56:13.563561                                  |
| frequency                       | scpufreq(current=1.931541666666667, min=1200.0, max=3300.0) |
| mem.active                      | 40.2 GiB                                                    |
| mem.available                   | 199.8 GiB                                                   |
| mem.free                        | 197.2 GiB                                                   |
| mem.inactive                    | 2.7 GiB                                                     |
| mem.percent                     | 20.4 %                                                      |
| mem.total                       | 251.1 GiB                                                   |
| mem.used                        | 43.8 GiB                                                    |
| platform.version                | #1 SMP Tue Jul 26 14:15:37 UTC 2022                         |
| python                          | 3.9.8 (main, Feb  8 2022, 08:35:13)                         |
|                                 | [GCC 6.3.0]                                                 |
| python.pip                      | 22.2.2                                                      |
| python.version                  | 3.9.8                                                       |
| sys.platform                    | linux                                                       |
| uname.machine                   | x86_64                                                      |
| uname.node                      | c8                                                          |
| uname.processor                 | x86_64                                                      |
| uname.release                   | 3.10.0-1160.76.1.el7.x86_64                                 |
| uname.system                    | Linux                                                       |
| uname.version                   | #1 SMP Tue Jul 26 14:15:37 UTC 2022                         |
| user                            | haiyang                                                     |
+---------------------------------+-------------------------------------------------------------+

+---------------+----------+--------+-------+---------------------+--------------------------------------------------------------------------------------------------------------------+-------+--------+---------+-------+-------------------------------------+
| Name          | Status   |   Time |   Sum | Start               | tag                                                                                                                | msg   | Node   | User    | OS    | Version                             |
|---------------+----------+--------+-------+---------------------+--------------------------------------------------------------------------------------------------------------------+-------+--------+---------+-------+-------------------------------------|
| mpi-mergesort | ok       |  2.287 | 2.287 | 2022-11-19 15:56:11 | {'user': 'alex', 'node': 'v100', 'debug': False, 'size': 1000000, 'subsort': 'mp', 'sort': 'mpi', 'c': 18, 'p': 4} |       | c8     | haiyang | Linux | #1 SMP Tue Jul 26 14:15:37 UTC 2022 |
| mpi-generate  | ok       |  0.007 | 0.007 | 2022-11-19 15:56:11 | {'user': 'alex', 'node': 'v100', 'debug': False, 'size': 1000000, 'subsort': 'mp', 'sort': 'mpi', 'c': 18, 'p': 4} |       | c8     | haiyang | Linux | #1 SMP Tue Jul 26 14:15:37 UTC 2022 |
+---------------+----------+--------+-------+---------------------+--------------------------------------------------------------------------------------------------------------------+-------+--------+---------+-------+-------------------------------------+
# csv,timer,status,time,sum,start,tag,msg,uname.node,user,uname.system,platform.version
# csv,mpi-mergesort,ok,2.287,2.287,2022-11-19 15:56:11,{'user': 'alex', 'node': 'v100', 'debug': False, 'size': 1000000, 'subsort': 'mp', 'sort': 'mpi', 'c': 18, 'p': 4},None,c8,haiyang,Linux,#1 SMP Tue Jul 26 14:15:37 UTC 2022
# csv,mpi-generate,ok,0.007,0.007,2022-11-19 15:56:11,{'user': 'alex', 'node': 'v100', 'debug': False, 'size': 1000000, 'subsort': 'mp', 'sort': 'mpi', 'c': 18, 'p': 4},None,c8,haiyang,Linux,#1 SMP Tue Jul 26 14:15:37 UTC 2022


+---------------------------------+--------------------------------------------------------------+
| Attribute                       | Value                                                        |
|---------------------------------+--------------------------------------------------------------|
| ANSI_COLOR                      | "0;31"                                                       |
| BUG_REPORT_URL                  | "https://bugzilla.redhat.com/"                               |
| CPE_NAME                        | "cpe:/o:redhat:enterprise_linux:7.9:GA:server"               |
| HOME_URL                        | "https://www.redhat.com/"                                    |
| ID                              | "rhel"                                                       |
| ID_LIKE                         | "fedora"                                                     |
| NAME                            | "Red Hat Enterprise Linux Server"                            |
| PRETTY_NAME                     | "Red Hat Enterprise Linux Server 7.9 (Maipo)"                |
| REDHAT_BUGZILLA_PRODUCT         | "Red Hat Enterprise Linux 7"                                 |
| REDHAT_BUGZILLA_PRODUCT_VERSION | 7.9                                                          |
| REDHAT_SUPPORT_PRODUCT          | "Red Hat Enterprise Linux"                                   |
| REDHAT_SUPPORT_PRODUCT_VERSION  | "7.9"                                                        |
| VARIANT                         | "Server"                                                     |
| VARIANT_ID                      | "server"                                                     |
| VERSION                         | "7.9 (Maipo)"                                                |
| VERSION_ID                      | "7.9"                                                        |
| cpu                             | Intel(R) Xeon(R) CPU E5-2680 v3 @ 2.50GHz                    |
| cpu_cores                       | 24                                                           |
| cpu_count                       | 24                                                           |
| cpu_threads                     | 24                                                           |
| date                            | 2022-11-19 15:56:18.131157                                   |
| frequency                       | scpufreq(current=1.9375416666666672, min=1200.0, max=3300.0) |
| mem.active                      | 40.2 GiB                                                     |
| mem.available                   | 199.8 GiB                                                    |
| mem.free                        | 197.2 GiB                                                    |
| mem.inactive                    | 2.7 GiB                                                      |
| mem.percent                     | 20.4 %                                                       |
| mem.total                       | 251.1 GiB                                                    |
| mem.used                        | 43.8 GiB                                                     |
| platform.version                | #1 SMP Tue Jul 26 14:15:37 UTC 2022                          |
| python                          | 3.9.8 (main, Feb  8 2022, 08:35:13)                          |
|                                 | [GCC 6.3.0]                                                  |
| python.pip                      | 22.2.2                                                       |
| python.version                  | 3.9.8                                                        |
| sys.platform                    | linux                                                        |
| uname.machine                   | x86_64                                                       |
| uname.node                      | c8                                                           |
| uname.processor                 | x86_64                                                       |
| uname.release                   | 3.10.0-1160.76.1.el7.x86_64                                  |
| uname.system                    | Linux                                                        |
| uname.version                   | #1 SMP Tue Jul 26 14:15:37 UTC 2022                          |
| user                            | haiyang                                                      |
+---------------------------------+--------------------------------------------------------------+

+---------------+----------+--------+-------+---------------------+--------------------------------------------------------------------------------------------------------------------+-------+--------+---------+-------+-------------------------------------+
| Name          | Status   |   Time |   Sum | Start               | tag                                                                                                                | msg   | Node   | User    | OS    | Version                             |
|---------------+----------+--------+-------+---------------------+--------------------------------------------------------------------------------------------------------------------+-------+--------+---------+-------+-------------------------------------|
| mpi-mergesort | ok       |  2.126 | 2.126 | 2022-11-19 15:56:15 | {'user': 'alex', 'node': 'v100', 'debug': False, 'size': 1000000, 'subsort': 'mp', 'sort': 'mpi', 'c': 18, 'p': 4} |       | c8     | haiyang | Linux | #1 SMP Tue Jul 26 14:15:37 UTC 2022 |
| mpi-generate  | ok       |  0.007 | 0.007 | 2022-11-19 15:56:15 | {'user': 'alex', 'node': 'v100', 'debug': False, 'size': 1000000, 'subsort': 'mp', 'sort': 'mpi', 'c': 18, 'p': 4} |       | c8     | haiyang | Linux | #1 SMP Tue Jul 26 14:15:37 UTC 2022 |
+---------------+----------+--------+-------+---------------------+--------------------------------------------------------------------------------------------------------------------+-------+--------+---------+-------+-------------------------------------+
# csv,timer,status,time,sum,start,tag,msg,uname.node,user,uname.system,platform.version
# csv,mpi-mergesort,ok,2.126,2.126,2022-11-19 15:56:15,{'user': 'alex', 'node': 'v100', 'debug': False, 'size': 1000000, 'subsort': 'mp', 'sort': 'mpi', 'c': 18, 'p': 4},None,c8,haiyang,Linux,#1 SMP Tue Jul 26 14:15:37 UTC 2022
# csv,mpi-generate,ok,0.007,0.007,2022-11-19 15:56:15,{'user': 'alex', 'node': 'v100', 'debug': False, 'size': 1000000, 'subsort': 'mp', 'sort': 'mpi', 'c': 18, 'p': 4},None,c8,haiyang,Linux,#1 SMP Tue Jul 26 14:15:37 UTC 2022


+---------------------------------+----------------------------------------------------+
| Attribute                       | Value                                              |
|---------------------------------+----------------------------------------------------|
| ANSI_COLOR                      | "0;31"                                             |
| BUG_REPORT_URL                  | "https://bugzilla.redhat.com/"                     |
| CPE_NAME                        | "cpe:/o:redhat:enterprise_linux:7.9:GA:server"     |
| HOME_URL                        | "https://www.redhat.com/"                          |
| ID                              | "rhel"                                             |
| ID_LIKE                         | "fedora"                                           |
| NAME                            | "Red Hat Enterprise Linux Server"                  |
| PRETTY_NAME                     | "Red Hat Enterprise Linux Server 7.9 (Maipo)"      |
| REDHAT_BUGZILLA_PRODUCT         | "Red Hat Enterprise Linux 7"                       |
| REDHAT_BUGZILLA_PRODUCT_VERSION | 7.9                                                |
| REDHAT_SUPPORT_PRODUCT          | "Red Hat Enterprise Linux"                         |
| REDHAT_SUPPORT_PRODUCT_VERSION  | "7.9"                                              |
| VARIANT                         | "Server"                                           |
| VARIANT_ID                      | "server"                                           |
| VERSION                         | "7.9 (Maipo)"                                      |
| VERSION_ID                      | "7.9"                                              |
| cpu                             | Intel(R) Xeon(R) CPU E5-2680 v3 @ 2.50GHz          |
| cpu_cores                       | 24                                                 |
| cpu_count                       | 24                                                 |
| cpu_threads                     | 24                                                 |
| date                            | 2022-11-19 15:56:22.634189                         |
| frequency                       | scpufreq(current=1.928625, min=1200.0, max=3300.0) |
| mem.active                      | 40.2 GiB                                           |
| mem.available                   | 199.8 GiB                                          |
| mem.free                        | 197.2 GiB                                          |
| mem.inactive                    | 2.7 GiB                                            |
| mem.percent                     | 20.4 %                                             |
| mem.total                       | 251.1 GiB                                          |
| mem.used                        | 43.8 GiB                                           |
| platform.version                | #1 SMP Tue Jul 26 14:15:37 UTC 2022                |
| python                          | 3.9.8 (main, Feb  8 2022, 08:35:13)                |
|                                 | [GCC 6.3.0]                                        |
| python.pip                      | 22.2.2                                             |
| python.version                  | 3.9.8                                              |
| sys.platform                    | linux                                              |
| uname.machine                   | x86_64                                             |
| uname.node                      | c8                                                 |
| uname.processor                 | x86_64                                             |
| uname.release                   | 3.10.0-1160.76.1.el7.x86_64                        |
| uname.system                    | Linux                                              |
| uname.version                   | #1 SMP Tue Jul 26 14:15:37 UTC 2022                |
| user                            | haiyang                                            |
+---------------------------------+----------------------------------------------------+

+---------------+----------+--------+-------+---------------------+--------------------------------------------------------------------------------------------------------------------+-------+--------+---------+-------+-------------------------------------+
| Name          | Status   |   Time |   Sum | Start               | tag                                                                                                                | msg   | Node   | User    | OS    | Version                             |
|---------------+----------+--------+-------+---------------------+--------------------------------------------------------------------------------------------------------------------+-------+--------+---------+-------+-------------------------------------|
| mpi-mergesort | ok       |  2.049 | 2.049 | 2022-11-19 15:56:20 | {'user': 'alex', 'node': 'v100', 'debug': False, 'size': 1000000, 'subsort': 'mp', 'sort': 'mpi', 'c': 18, 'p': 4} |       | c8     | haiyang | Linux | #1 SMP Tue Jul 26 14:15:37 UTC 2022 |
| mpi-generate  | ok       |  0.007 | 0.007 | 2022-11-19 15:56:20 | {'user': 'alex', 'node': 'v100', 'debug': False, 'size': 1000000, 'subsort': 'mp', 'sort': 'mpi', 'c': 18, 'p': 4} |       | c8     | haiyang | Linux | #1 SMP Tue Jul 26 14:15:37 UTC 2022 |
+---------------+----------+--------+-------+---------------------+--------------------------------------------------------------------------------------------------------------------+-------+--------+---------+-------+-------------------------------------+
# csv,timer,status,time,sum,start,tag,msg,uname.node,user,uname.system,platform.version
# csv,mpi-mergesort,ok,2.049,2.049,2022-11-19 15:56:20,{'user': 'alex', 'node': 'v100', 'debug': False, 'size': 1000000, 'subsort': 'mp', 'sort': 'mpi', 'c': 18, 'p': 4},None,c8,haiyang,Linux,#1 SMP Tue Jul 26 14:15:37 UTC 2022
# csv,mpi-generate,ok,0.007,0.007,2022-11-19 15:56:20,{'user': 'alex', 'node': 'v100', 'debug': False, 'size': 1000000, 'subsort': 'mp', 'sort': 'mpi', 'c': 18, 'p': 4},None,c8,haiyang,Linux,#1 SMP Tue Jul 26 14:15:37 UTC 2022


+---------------------------------+--------------------------------------------------------------+
| Attribute                       | Value                                                        |
|---------------------------------+--------------------------------------------------------------|
| ANSI_COLOR                      | "0;31"                                                       |
| BUG_REPORT_URL                  | "https://bugzilla.redhat.com/"                               |
| CPE_NAME                        | "cpe:/o:redhat:enterprise_linux:7.9:GA:server"               |
| HOME_URL                        | "https://www.redhat.com/"                                    |
| ID                              | "rhel"                                                       |
| ID_LIKE                         | "fedora"                                                     |
| NAME                            | "Red Hat Enterprise Linux Server"                            |
| PRETTY_NAME                     | "Red Hat Enterprise Linux Server 7.9 (Maipo)"                |
| REDHAT_BUGZILLA_PRODUCT         | "Red Hat Enterprise Linux 7"                                 |
| REDHAT_BUGZILLA_PRODUCT_VERSION | 7.9                                                          |
| REDHAT_SUPPORT_PRODUCT          | "Red Hat Enterprise Linux"                                   |
| REDHAT_SUPPORT_PRODUCT_VERSION  | "7.9"                                                        |
| VARIANT                         | "Server"                                                     |
| VARIANT_ID                      | "server"                                                     |
| VERSION                         | "7.9 (Maipo)"                                                |
| VERSION_ID                      | "7.9"                                                        |
| cpu                             | Intel(R) Xeon(R) CPU E5-2680 v3 @ 2.50GHz                    |
| cpu_cores                       | 24                                                           |
| cpu_count                       | 24                                                           |
| cpu_threads                     | 24                                                           |
| date                            | 2022-11-19 15:56:27.133803                                   |
| frequency                       | scpufreq(current=1.9320833333333338, min=1200.0, max=3300.0) |
| mem.active                      | 40.2 GiB                                                     |
| mem.available                   | 199.8 GiB                                                    |
| mem.free                        | 197.2 GiB                                                    |
| mem.inactive                    | 2.7 GiB                                                      |
| mem.percent                     | 20.4 %                                                       |
| mem.total                       | 251.1 GiB                                                    |
| mem.used                        | 43.8 GiB                                                     |
| platform.version                | #1 SMP Tue Jul 26 14:15:37 UTC 2022                          |
| python                          | 3.9.8 (main, Feb  8 2022, 08:35:13)                          |
|                                 | [GCC 6.3.0]                                                  |
| python.pip                      | 22.2.2                                                       |
| python.version                  | 3.9.8                                                        |
| sys.platform                    | linux                                                        |
| uname.machine                   | x86_64                                                       |
| uname.node                      | c8                                                           |
| uname.processor                 | x86_64                                                       |
| uname.release                   | 3.10.0-1160.76.1.el7.x86_64                                  |
| uname.system                    | Linux                                                        |
| uname.version                   | #1 SMP Tue Jul 26 14:15:37 UTC 2022                          |
| user                            | haiyang                                                      |
+---------------------------------+--------------------------------------------------------------+

+---------------+----------+--------+-------+---------------------+--------------------------------------------------------------------------------------------------------------------+-------+--------+---------+-------+-------------------------------------+
| Name          | Status   |   Time |   Sum | Start               | tag                                                                                                                | msg   | Node   | User    | OS    | Version                             |
|---------------+----------+--------+-------+---------------------+--------------------------------------------------------------------------------------------------------------------+-------+--------+---------+-------+-------------------------------------|
| mpi-mergesort | ok       |  2.075 | 2.075 | 2022-11-19 15:56:25 | {'user': 'alex', 'node': 'v100', 'debug': False, 'size': 1000000, 'subsort': 'mp', 'sort': 'mpi', 'c': 18, 'p': 4} |       | c8     | haiyang | Linux | #1 SMP Tue Jul 26 14:15:37 UTC 2022 |
| mpi-generate  | ok       |  0.007 | 0.007 | 2022-11-19 15:56:25 | {'user': 'alex', 'node': 'v100', 'debug': False, 'size': 1000000, 'subsort': 'mp', 'sort': 'mpi', 'c': 18, 'p': 4} |       | c8     | haiyang | Linux | #1 SMP Tue Jul 26 14:15:37 UTC 2022 |
+---------------+----------+--------+-------+---------------------+--------------------------------------------------------------------------------------------------------------------+-------+--------+---------+-------+-------------------------------------+
# csv,timer,status,time,sum,start,tag,msg,uname.node,user,uname.system,platform.version
# csv,mpi-mergesort,ok,2.075,2.075,2022-11-19 15:56:25,{'user': 'alex', 'node': 'v100', 'debug': False, 'size': 1000000, 'subsort': 'mp', 'sort': 'mpi', 'c': 18, 'p': 4},None,c8,haiyang,Linux,#1 SMP Tue Jul 26 14:15:37 UTC 2022
# csv,mpi-generate,ok,0.007,0.007,2022-11-19 15:56:25,{'user': 'alex', 'node': 'v100', 'debug': False, 'size': 1000000, 'subsort': 'mp', 'sort': 'mpi', 'c': 18, 'p': 4},None,c8,haiyang,Linux,#1 SMP Tue Jul 26 14:15:37 UTC 2022


+---------------------------------+--------------------------------------------------------------+
| Attribute                       | Value                                                        |
|---------------------------------+--------------------------------------------------------------|
| ANSI_COLOR                      | "0;31"                                                       |
| BUG_REPORT_URL                  | "https://bugzilla.redhat.com/"                               |
| CPE_NAME                        | "cpe:/o:redhat:enterprise_linux:7.9:GA:server"               |
| HOME_URL                        | "https://www.redhat.com/"                                    |
| ID                              | "rhel"                                                       |
| ID_LIKE                         | "fedora"                                                     |
| NAME                            | "Red Hat Enterprise Linux Server"                            |
| PRETTY_NAME                     | "Red Hat Enterprise Linux Server 7.9 (Maipo)"                |
| REDHAT_BUGZILLA_PRODUCT         | "Red Hat Enterprise Linux 7"                                 |
| REDHAT_BUGZILLA_PRODUCT_VERSION | 7.9                                                          |
| REDHAT_SUPPORT_PRODUCT          | "Red Hat Enterprise Linux"                                   |
| REDHAT_SUPPORT_PRODUCT_VERSION  | "7.9"                                                        |
| VARIANT                         | "Server"                                                     |
| VARIANT_ID                      | "server"                                                     |
| VERSION                         | "7.9 (Maipo)"                                                |
| VERSION_ID                      | "7.9"                                                        |
| cpu                             | Intel(R) Xeon(R) CPU E5-2680 v3 @ 2.50GHz                    |
| cpu_cores                       | 24                                                           |
| cpu_count                       | 24                                                           |
| cpu_threads                     | 24                                                           |
| date                            | 2022-11-19 15:56:31.611857                                   |
| frequency                       | scpufreq(current=1.9417916666666677, min=1200.0, max=3300.0) |
| mem.active                      | 40.2 GiB                                                     |
| mem.available                   | 199.8 GiB                                                    |
| mem.free                        | 197.2 GiB                                                    |
| mem.inactive                    | 2.7 GiB                                                      |
| mem.percent                     | 20.4 %                                                       |
| mem.total                       | 251.1 GiB                                                    |
| mem.used                        | 43.8 GiB                                                     |
| platform.version                | #1 SMP Tue Jul 26 14:15:37 UTC 2022                          |
| python                          | 3.9.8 (main, Feb  8 2022, 08:35:13)                          |
|                                 | [GCC 6.3.0]                                                  |
| python.pip                      | 22.2.2                                                       |
| python.version                  | 3.9.8                                                        |
| sys.platform                    | linux                                                        |
| uname.machine                   | x86_64                                                       |
| uname.node                      | c8                                                           |
| uname.processor                 | x86_64                                                       |
| uname.release                   | 3.10.0-1160.76.1.el7.x86_64                                  |
| uname.system                    | Linux                                                        |
| uname.version                   | #1 SMP Tue Jul 26 14:15:37 UTC 2022                          |
| user                            | haiyang                                                      |
+---------------------------------+--------------------------------------------------------------+

+---------------+----------+--------+-------+---------------------+--------------------------------------------------------------------------------------------------------------------+-------+--------+---------+-------+-------------------------------------+
| Name          | Status   |   Time |   Sum | Start               | tag                                                                                                                | msg   | Node   | User    | OS    | Version                             |
|---------------+----------+--------+-------+---------------------+--------------------------------------------------------------------------------------------------------------------+-------+--------+---------+-------+-------------------------------------|
| mpi-mergesort | ok       |  2.047 | 2.047 | 2022-11-19 15:56:29 | {'user': 'alex', 'node': 'v100', 'debug': False, 'size': 1000000, 'subsort': 'mp', 'sort': 'mpi', 'c': 18, 'p': 4} |       | c8     | haiyang | Linux | #1 SMP Tue Jul 26 14:15:37 UTC 2022 |
| mpi-generate  | ok       |  0.007 | 0.007 | 2022-11-19 15:56:29 | {'user': 'alex', 'node': 'v100', 'debug': False, 'size': 1000000, 'subsort': 'mp', 'sort': 'mpi', 'c': 18, 'p': 4} |       | c8     | haiyang | Linux | #1 SMP Tue Jul 26 14:15:37 UTC 2022 |
+---------------+----------+--------+-------+---------------------+--------------------------------------------------------------------------------------------------------------------+-------+--------+---------+-------+-------------------------------------+
# csv,timer,status,time,sum,start,tag,msg,uname.node,user,uname.system,platform.version
# csv,mpi-mergesort,ok,2.047,2.047,2022-11-19 15:56:29,{'user': 'alex', 'node': 'v100', 'debug': False, 'size': 1000000, 'subsort': 'mp', 'sort': 'mpi', 'c': 18, 'p': 4},None,c8,haiyang,Linux,#1 SMP Tue Jul 26 14:15:37 UTC 2022
# csv,mpi-generate,ok,0.007,0.007,2022-11-19 15:56:29,{'user': 'alex', 'node': 'v100', 'debug': False, 'size': 1000000, 'subsort': 'mp', 'sort': 'mpi', 'c': 18, 'p': 4},None,c8,haiyang,Linux,#1 SMP Tue Jul 26 14:15:37 UTC 2022


+---------------------------------+--------------------------------------------------------------+
| Attribute                       | Value                                                        |
|---------------------------------+--------------------------------------------------------------|
| ANSI_COLOR                      | "0;31"                                                       |
| BUG_REPORT_URL                  | "https://bugzilla.redhat.com/"                               |
| CPE_NAME                        | "cpe:/o:redhat:enterprise_linux:7.9:GA:server"               |
| HOME_URL                        | "https://www.redhat.com/"                                    |
| ID                              | "rhel"                                                       |
| ID_LIKE                         | "fedora"                                                     |
| NAME                            | "Red Hat Enterprise Linux Server"                            |
| PRETTY_NAME                     | "Red Hat Enterprise Linux Server 7.9 (Maipo)"                |
| REDHAT_BUGZILLA_PRODUCT         | "Red Hat Enterprise Linux 7"                                 |
| REDHAT_BUGZILLA_PRODUCT_VERSION | 7.9                                                          |
| REDHAT_SUPPORT_PRODUCT          | "Red Hat Enterprise Linux"                                   |
| REDHAT_SUPPORT_PRODUCT_VERSION  | "7.9"                                                        |
| VARIANT                         | "Server"                                                     |
| VARIANT_ID                      | "server"                                                     |
| VERSION                         | "7.9 (Maipo)"                                                |
| VERSION_ID                      | "7.9"                                                        |
| cpu                             | Intel(R) Xeon(R) CPU E5-2680 v3 @ 2.50GHz                    |
| cpu_cores                       | 24                                                           |
| cpu_count                       | 24                                                           |
| cpu_threads                     | 24                                                           |
| date                            | 2022-11-19 15:56:36.175571                                   |
| frequency                       | scpufreq(current=1.9348333333333336, min=1200.0, max=3300.0) |
| mem.active                      | 40.2 GiB                                                     |
| mem.available                   | 199.8 GiB                                                    |
| mem.free                        | 197.2 GiB                                                    |
| mem.inactive                    | 2.7 GiB                                                      |
| mem.percent                     | 20.4 %                                                       |
| mem.total                       | 251.1 GiB                                                    |
| mem.used                        | 43.8 GiB                                                     |
| platform.version                | #1 SMP Tue Jul 26 14:15:37 UTC 2022                          |
| python                          | 3.9.8 (main, Feb  8 2022, 08:35:13)                          |
|                                 | [GCC 6.3.0]                                                  |
| python.pip                      | 22.2.2                                                       |
| python.version                  | 3.9.8                                                        |
| sys.platform                    | linux                                                        |
| uname.machine                   | x86_64                                                       |
| uname.node                      | c8                                                           |
| uname.processor                 | x86_64                                                       |
| uname.release                   | 3.10.0-1160.76.1.el7.x86_64                                  |
| uname.system                    | Linux                                                        |
| uname.version                   | #1 SMP Tue Jul 26 14:15:37 UTC 2022                          |
| user                            | haiyang                                                      |
+---------------------------------+--------------------------------------------------------------+

+---------------+----------+--------+-------+---------------------+--------------------------------------------------------------------------------------------------------------------+-------+--------+---------+-------+-------------------------------------+
| Name          | Status   |   Time |   Sum | Start               | tag                                                                                                                | msg   | Node   | User    | OS    | Version                             |
|---------------+----------+--------+-------+---------------------+--------------------------------------------------------------------------------------------------------------------+-------+--------+---------+-------+-------------------------------------|
| mpi-mergesort | ok       |  2.144 | 2.144 | 2022-11-19 15:56:34 | {'user': 'alex', 'node': 'v100', 'debug': False, 'size': 1000000, 'subsort': 'mp', 'sort': 'mpi', 'c': 18, 'p': 4} |       | c8     | haiyang | Linux | #1 SMP Tue Jul 26 14:15:37 UTC 2022 |
| mpi-generate  | ok       |  0.007 | 0.007 | 2022-11-19 15:56:34 | {'user': 'alex', 'node': 'v100', 'debug': False, 'size': 1000000, 'subsort': 'mp', 'sort': 'mpi', 'c': 18, 'p': 4} |       | c8     | haiyang | Linux | #1 SMP Tue Jul 26 14:15:37 UTC 2022 |
+---------------+----------+--------+-------+---------------------+--------------------------------------------------------------------------------------------------------------------+-------+--------+---------+-------+-------------------------------------+
# csv,timer,status,time,sum,start,tag,msg,uname.node,user,uname.system,platform.version
# csv,mpi-mergesort,ok,2.144,2.144,2022-11-19 15:56:34,{'user': 'alex', 'node': 'v100', 'debug': False, 'size': 1000000, 'subsort': 'mp', 'sort': 'mpi', 'c': 18, 'p': 4},None,c8,haiyang,Linux,#1 SMP Tue Jul 26 14:15:37 UTC 2022
# csv,mpi-generate,ok,0.007,0.007,2022-11-19 15:56:34,{'user': 'alex', 'node': 'v100', 'debug': False, 'size': 1000000, 'subsort': 'mp', 'sort': 'mpi', 'c': 18, 'p': 4},None,c8,haiyang,Linux,#1 SMP Tue Jul 26 14:15:37 UTC 2022


+---------------------------------+--------------------------------------------------------------+
| Attribute                       | Value                                                        |
|---------------------------------+--------------------------------------------------------------|
| ANSI_COLOR                      | "0;31"                                                       |
| BUG_REPORT_URL                  | "https://bugzilla.redhat.com/"                               |
| CPE_NAME                        | "cpe:/o:redhat:enterprise_linux:7.9:GA:server"               |
| HOME_URL                        | "https://www.redhat.com/"                                    |
| ID                              | "rhel"                                                       |
| ID_LIKE                         | "fedora"                                                     |
| NAME                            | "Red Hat Enterprise Linux Server"                            |
| PRETTY_NAME                     | "Red Hat Enterprise Linux Server 7.9 (Maipo)"                |
| REDHAT_BUGZILLA_PRODUCT         | "Red Hat Enterprise Linux 7"                                 |
| REDHAT_BUGZILLA_PRODUCT_VERSION | 7.9                                                          |
| REDHAT_SUPPORT_PRODUCT          | "Red Hat Enterprise Linux"                                   |
| REDHAT_SUPPORT_PRODUCT_VERSION  | "7.9"                                                        |
| VARIANT                         | "Server"                                                     |
| VARIANT_ID                      | "server"                                                     |
| VERSION                         | "7.9 (Maipo)"                                                |
| VERSION_ID                      | "7.9"                                                        |
| cpu                             | Intel(R) Xeon(R) CPU E5-2680 v3 @ 2.50GHz                    |
| cpu_cores                       | 24                                                           |
| cpu_count                       | 24                                                           |
| cpu_threads                     | 24                                                           |
| date                            | 2022-11-19 15:56:40.787289                                   |
| frequency                       | scpufreq(current=1.9296666666666666, min=1200.0, max=3300.0) |
| mem.active                      | 40.2 GiB                                                     |
| mem.available                   | 199.8 GiB                                                    |
| mem.free                        | 197.2 GiB                                                    |
| mem.inactive                    | 2.7 GiB                                                      |
| mem.percent                     | 20.4 %                                                       |
| mem.total                       | 251.1 GiB                                                    |
| mem.used                        | 43.8 GiB                                                     |
| platform.version                | #1 SMP Tue Jul 26 14:15:37 UTC 2022                          |
| python                          | 3.9.8 (main, Feb  8 2022, 08:35:13)                          |
|                                 | [GCC 6.3.0]                                                  |
| python.pip                      | 22.2.2                                                       |
| python.version                  | 3.9.8                                                        |
| sys.platform                    | linux                                                        |
| uname.machine                   | x86_64                                                       |
| uname.node                      | c8                                                           |
| uname.processor                 | x86_64                                                       |
| uname.release                   | 3.10.0-1160.76.1.el7.x86_64                                  |
| uname.system                    | Linux                                                        |
| uname.version                   | #1 SMP Tue Jul 26 14:15:37 UTC 2022                          |
| user                            | haiyang                                                      |
+---------------------------------+--------------------------------------------------------------+

+---------------+----------+--------+-------+---------------------+--------------------------------------------------------------------------------------------------------------------+-------+--------+---------+-------+-------------------------------------+
| Name          | Status   |   Time |   Sum | Start               | tag                                                                                                                | msg   | Node   | User    | OS    | Version                             |
|---------------+----------+--------+-------+---------------------+--------------------------------------------------------------------------------------------------------------------+-------+--------+---------+-------+-------------------------------------|
| mpi-mergesort | ok       |  2.161 | 2.161 | 2022-11-19 15:56:38 | {'user': 'alex', 'node': 'v100', 'debug': False, 'size': 1000000, 'subsort': 'mp', 'sort': 'mpi', 'c': 18, 'p': 4} |       | c8     | haiyang | Linux | #1 SMP Tue Jul 26 14:15:37 UTC 2022 |
| mpi-generate  | ok       |  0.007 | 0.007 | 2022-11-19 15:56:38 | {'user': 'alex', 'node': 'v100', 'debug': False, 'size': 1000000, 'subsort': 'mp', 'sort': 'mpi', 'c': 18, 'p': 4} |       | c8     | haiyang | Linux | #1 SMP Tue Jul 26 14:15:37 UTC 2022 |
+---------------+----------+--------+-------+---------------------+--------------------------------------------------------------------------------------------------------------------+-------+--------+---------+-------+-------------------------------------+
# csv,timer,status,time,sum,start,tag,msg,uname.node,user,uname.system,platform.version
# csv,mpi-mergesort,ok,2.161,2.161,2022-11-19 15:56:38,{'user': 'alex', 'node': 'v100', 'debug': False, 'size': 1000000, 'subsort': 'mp', 'sort': 'mpi', 'c': 18, 'p': 4},None,c8,haiyang,Linux,#1 SMP Tue Jul 26 14:15:37 UTC 2022
# csv,mpi-generate,ok,0.007,0.007,2022-11-19 15:56:38,{'user': 'alex', 'node': 'v100', 'debug': False, 'size': 1000000, 'subsort': 'mp', 'sort': 'mpi', 'c': 18, 'p': 4},None,c8,haiyang,Linux,#1 SMP Tue Jul 26 14:15:37 UTC 2022


+---------------------------------+--------------------------------------------------------------+
| Attribute                       | Value                                                        |
|---------------------------------+--------------------------------------------------------------|
| ANSI_COLOR                      | "0;31"                                                       |
| BUG_REPORT_URL                  | "https://bugzilla.redhat.com/"                               |
| CPE_NAME                        | "cpe:/o:redhat:enterprise_linux:7.9:GA:server"               |
| HOME_URL                        | "https://www.redhat.com/"                                    |
| ID                              | "rhel"                                                       |
| ID_LIKE                         | "fedora"                                                     |
| NAME                            | "Red Hat Enterprise Linux Server"                            |
| PRETTY_NAME                     | "Red Hat Enterprise Linux Server 7.9 (Maipo)"                |
| REDHAT_BUGZILLA_PRODUCT         | "Red Hat Enterprise Linux 7"                                 |
| REDHAT_BUGZILLA_PRODUCT_VERSION | 7.9                                                          |
| REDHAT_SUPPORT_PRODUCT          | "Red Hat Enterprise Linux"                                   |
| REDHAT_SUPPORT_PRODUCT_VERSION  | "7.9"                                                        |
| VARIANT                         | "Server"                                                     |
| VARIANT_ID                      | "server"                                                     |
| VERSION                         | "7.9 (Maipo)"                                                |
| VERSION_ID                      | "7.9"                                                        |
| cpu                             | Intel(R) Xeon(R) CPU E5-2680 v3 @ 2.50GHz                    |
| cpu_cores                       | 24                                                           |
| cpu_count                       | 24                                                           |
| cpu_threads                     | 24                                                           |
| date                            | 2022-11-19 15:56:45.301282                                   |
| frequency                       | scpufreq(current=1.9260833333333336, min=1200.0, max=3300.0) |
| mem.active                      | 40.2 GiB                                                     |
| mem.available                   | 199.8 GiB                                                    |
| mem.free                        | 197.2 GiB                                                    |
| mem.inactive                    | 2.7 GiB                                                      |
| mem.percent                     | 20.4 %                                                       |
| mem.total                       | 251.1 GiB                                                    |
| mem.used                        | 43.8 GiB                                                     |
| platform.version                | #1 SMP Tue Jul 26 14:15:37 UTC 2022                          |
| python                          | 3.9.8 (main, Feb  8 2022, 08:35:13)                          |
|                                 | [GCC 6.3.0]                                                  |
| python.pip                      | 22.2.2                                                       |
| python.version                  | 3.9.8                                                        |
| sys.platform                    | linux                                                        |
| uname.machine                   | x86_64                                                       |
| uname.node                      | c8                                                           |
| uname.processor                 | x86_64                                                       |
| uname.release                   | 3.10.0-1160.76.1.el7.x86_64                                  |
| uname.system                    | Linux                                                        |
| uname.version                   | #1 SMP Tue Jul 26 14:15:37 UTC 2022                          |
| user                            | haiyang                                                      |
+---------------------------------+--------------------------------------------------------------+

+---------------+----------+--------+-------+---------------------+--------------------------------------------------------------------------------------------------------------------+-------+--------+---------+-------+-------------------------------------+
| Name          | Status   |   Time |   Sum | Start               | tag                                                                                                                | msg   | Node   | User    | OS    | Version                             |
|---------------+----------+--------+-------+---------------------+--------------------------------------------------------------------------------------------------------------------+-------+--------+---------+-------+-------------------------------------|
| mpi-mergesort | ok       |  2.074 | 2.074 | 2022-11-19 15:56:43 | {'user': 'alex', 'node': 'v100', 'debug': False, 'size': 1000000, 'subsort': 'mp', 'sort': 'mpi', 'c': 18, 'p': 4} |       | c8     | haiyang | Linux | #1 SMP Tue Jul 26 14:15:37 UTC 2022 |
| mpi-generate  | ok       |  0.007 | 0.007 | 2022-11-19 15:56:43 | {'user': 'alex', 'node': 'v100', 'debug': False, 'size': 1000000, 'subsort': 'mp', 'sort': 'mpi', 'c': 18, 'p': 4} |       | c8     | haiyang | Linux | #1 SMP Tue Jul 26 14:15:37 UTC 2022 |
+---------------+----------+--------+-------+---------------------+--------------------------------------------------------------------------------------------------------------------+-------+--------+---------+-------+-------------------------------------+
# csv,timer,status,time,sum,start,tag,msg,uname.node,user,uname.system,platform.version
# csv,mpi-mergesort,ok,2.074,2.074,2022-11-19 15:56:43,{'user': 'alex', 'node': 'v100', 'debug': False, 'size': 1000000, 'subsort': 'mp', 'sort': 'mpi', 'c': 18, 'p': 4},None,c8,haiyang,Linux,#1 SMP Tue Jul 26 14:15:37 UTC 2022
# csv,mpi-generate,ok,0.007,0.007,2022-11-19 15:56:43,{'user': 'alex', 'node': 'v100', 'debug': False, 'size': 1000000, 'subsort': 'mp', 'sort': 'mpi', 'c': 18, 'p': 4},None,c8,haiyang,Linux,#1 SMP Tue Jul 26 14:15:37 UTC 2022

