Starting experiment
Processes: 2
Cores:     1
Size:      1000000
Repeat:    10
Debug:     False
Sort:      MPI
Algorithm: mp
Tag:       None
Total:     10
Experiment 9         : size=1000000 processes=2 cores=1 repeat=0 last_time=undefined                     
Experiment 8         : size=1000000 processes=2 cores=1 repeat=1 last_time=undefined                     
Experiment 7         : size=1000000 processes=2 cores=1 repeat=2 last_time=undefined                     
Experiment 6         : size=1000000 processes=2 cores=1 repeat=3 last_time=undefined                     
Experiment 5         : size=1000000 processes=2 cores=1 repeat=4 last_time=undefined                     
Experiment 4         : size=1000000 processes=2 cores=1 repeat=5 last_time=undefined                     
Experiment 3         : size=1000000 processes=2 cores=1 repeat=6 last_time=undefined                     
Experiment 2         : size=1000000 processes=2 cores=1 repeat=7 last_time=undefined                     
Experiment 1         : size=1000000 processes=2 cores=1 repeat=8 last_time=undefined                     
Experiment 0         : size=1000000 processes=2 cores=1 repeat=9 last_time=undefined                     
                         |
| PRETTY_NAME                     | "Red Hat Enterprise Linux Server 7.9 (Maipo)"               |
| REDHAT_BUGZILLA_PRODUCT         | "Red Hat Enterprise Linux 7"                                |
| REDHAT_BUGZILLA_PRODUCT_VERSION | 7.9                                                         |
| REDHAT_SUPPORT_PRODUCT          | "Red Hat Enterprise Linux"                                  |
| REDHAT_SUPPORT_PRODUCT_VERSION  | "7.9"                                                       |
| VARIANT                         | "Server"                                                    |
| VARIANT_ID                      | "server"                                                    |
| VERSION                         | "7.9 (Maipo)"                                               |
| VERSION_ID                      | "7.9"                                                       |
| cpu                             | Intel(R) Xeon(R) CPU E5-2680 v3 @ 2.50GHz                   |
| cpu_cores                       | 24                                                          |
| cpu_count                       | 24                                                          |
| cpu_threads                     | 24                                                          |
| date                            | 2022-11-20 00:11:36.010987                                  |
| frequency                       | scpufreq(current=1.492458333333334, min=1200.0, max=3300.0) |
| mem.active                      | 15.7 GiB                                                    |
| mem.available                   | 223.9 GiB                                                   |
| mem.free                        | 222.4 GiB                                                   |
| mem.inactive                    | 2.0 GiB                                                     |
| mem.percent                     | 10.8 %                                                      |
| mem.total                       | 251.1 GiB                                                   |
| mem.used                        | 19.4 GiB                                                    |
| platform.version                | #1 SMP Tue Jul 26 14:15:37 UTC 2022                         |
| python                          | 3.9.8 (main, Feb  8 2022, 08:35:13)                         |
|                                 | [GCC 6.3.0]                                                 |
| python.pip                      | 22.2.2                                                      |
| python.version                  | 3.9.8                                                       |
| sys.platform                    | linux                                                       |
| uname.machine                   | x86_64                                                      |
| uname.node                      | c8                                                          |
| uname.processor                 | x86_64                                                      |
| uname.release                   | 3.10.0-1160.76.1.el7.x86_64                                 |
| uname.system                    | Linux                                                       |
| uname.version                   | #1 SMP Tue Jul 26 14:15:37 UTC 2022                         |
| user                            | haiyang                                                     |
+---------------------------------+-------------------------------------------------------------+

+---------------+----------+--------+-------+---------------------+-------------------------------------------------------------------------------------------------------------------+-------+--------+---------+-------+-------------------------------------+
| Name          | Status   |   Time |   Sum | Start               | tag                                                                                                               | msg   | Node   | User    | OS    | Version                             |
|---------------+----------+--------+-------+---------------------+-------------------------------------------------------------------------------------------------------------------+-------+--------+---------+-------+-------------------------------------|
| mpi-mergesort | ok       |  4.066 | 4.066 | 2022-11-20 00:11:31 | {'user': 'alex', 'node': 'v100', 'debug': False, 'size': 1000000, 'subsort': 'mp', 'sort': 'mpi', 'c': 1, 'p': 2} |       | c8     | haiyang | Linux | #1 SMP Tue Jul 26 14:15:37 UTC 2022 |
| mpi-generate  | ok       |  0.007 | 0.007 | 2022-11-20 00:11:31 | {'user': 'alex', 'node': 'v100', 'debug': False, 'size': 1000000, 'subsort': 'mp', 'sort': 'mpi', 'c': 1, 'p': 2} |       | c8     | haiyang | Linux | #1 SMP Tue Jul 26 14:15:37 UTC 2022 |
+---------------+----------+--------+-------+---------------------+-------------------------------------------------------------------------------------------------------------------+-------+--------+---------+-------+-------------------------------------+
# csv,timer,status,time,sum,start,tag,msg,uname.node,user,uname.system,platform.version
# csv,mpi-mergesort,ok,4.066,4.066,2022-11-20 00:11:31,{'user': 'alex', 'node': 'v100', 'debug': False, 'size': 1000000, 'subsort': 'mp', 'sort': 'mpi', 'c': 1, 'p': 2},None,c8,haiyang,Linux,#1 SMP Tue Jul 26 14:15:37 UTC 2022
# csv,mpi-generate,ok,0.007,0.007,2022-11-20 00:11:31,{'user': 'alex', 'node': 'v100', 'debug': False, 'size': 1000000, 'subsort': 'mp', 'sort': 'mpi', 'c': 1, 'p': 2},None,c8,haiyang,Linux,#1 SMP Tue Jul 26 14:15:37 UTC 2022


+---------------------------------+--------------------------------------------------------------+
| Attribute                       | Value                                                        |
|---------------------------------+--------------------------------------------------------------|
| ANSI_COLOR                      | "0;31"                                                       |
| BUG_REPORT_URL                  | "https://bugzilla.redhat.com/"                               |
| CPE_NAME                        | "cpe:/o:redhat:enterprise_linux:7.9:GA:server"               |
| HOME_URL                        | "https://www.redhat.com/"                                    |
| ID                              | "rhel"                                                       |
| ID_LIKE                         | "fedora"                                                     |
| NAME                            | "Red Hat Enterprise Linux Server"                            |
| PRETTY_NAME                     | "Red Hat Enterprise Linux Server 7.9 (Maipo)"                |
| REDHAT_BUGZILLA_PRODUCT         | "Red Hat Enterprise Linux 7"                                 |
| REDHAT_BUGZILLA_PRODUCT_VERSION | 7.9                                                          |
| REDHAT_SUPPORT_PRODUCT          | "Red Hat Enterprise Linux"                                   |
| REDHAT_SUPPORT_PRODUCT_VERSION  | "7.9"                                                        |
| VARIANT                         | "Server"                                                     |
| VARIANT_ID                      | "server"                                                     |
| VERSION                         | "7.9 (Maipo)"                                                |
| VERSION_ID                      | "7.9"                                                        |
| cpu                             | Intel(R) Xeon(R) CPU E5-2680 v3 @ 2.50GHz                    |
| cpu_cores                       | 24                                                           |
| cpu_count                       | 24                                                           |
| cpu_threads                     | 24                                                           |
| date                            | 2022-11-20 00:11:42.571825                                   |
| frequency                       | scpufreq(current=1.4950000000000003, min=1200.0, max=3300.0) |
| mem.active                      | 15.8 GiB                                                     |
| mem.available                   | 223.8 GiB                                                    |
| mem.free                        | 222.4 GiB                                                    |
| mem.inactive                    | 2.0 GiB                                                      |
| mem.percent                     | 10.8 %                                                       |
| mem.total                       | 251.1 GiB                                                    |
| mem.used                        | 19.5 GiB                                                     |
| platform.version                | #1 SMP Tue Jul 26 14:15:37 UTC 2022                          |
| python                          | 3.9.8 (main, Feb  8 2022, 08:35:13)                          |
|                                 | [GCC 6.3.0]                                                  |
| python.pip                      | 22.2.2                                                       |
| python.version                  | 3.9.8                                                        |
| sys.platform                    | linux                                                        |
| uname.machine                   | x86_64                                                       |
| uname.node                      | c8                                                           |
| uname.processor                 | x86_64                                                       |
| uname.release                   | 3.10.0-1160.76.1.el7.x86_64                                  |
| uname.system                    | Linux                                                        |
| uname.version                   | #1 SMP Tue Jul 26 14:15:37 UTC 2022                          |
| user                            | haiyang                                                      |
+---------------------------------+--------------------------------------------------------------+

+---------------+----------+--------+-------+---------------------+-------------------------------------------------------------------------------------------------------------------+-------+--------+---------+-------+-------------------------------------+
| Name          | Status   |   Time |   Sum | Start               | tag                                                                                                               | msg   | Node   | User    | OS    | Version                             |
|---------------+----------+--------+-------+---------------------+-------------------------------------------------------------------------------------------------------------------+-------+--------+---------+-------+-------------------------------------|
| mpi-mergesort | ok       |  3.816 | 3.816 | 2022-11-20 00:11:38 | {'user': 'alex', 'node': 'v100', 'debug': False, 'size': 1000000, 'subsort': 'mp', 'sort': 'mpi', 'c': 1, 'p': 2} |       | c8     | haiyang | Linux | #1 SMP Tue Jul 26 14:15:37 UTC 2022 |
| mpi-generate  | ok       |  0.007 | 0.007 | 2022-11-20 00:11:38 | {'user': 'alex', 'node': 'v100', 'debug': False, 'size': 1000000, 'subsort': 'mp', 'sort': 'mpi', 'c': 1, 'p': 2} |       | c8     | haiyang | Linux | #1 SMP Tue Jul 26 14:15:37 UTC 2022 |
+---------------+----------+--------+-------+---------------------+-------------------------------------------------------------------------------------------------------------------+-------+--------+---------+-------+-------------------------------------+
# csv,timer,status,time,sum,start,tag,msg,uname.node,user,uname.system,platform.version
# csv,mpi-mergesort,ok,3.816,3.816,2022-11-20 00:11:38,{'user': 'alex', 'node': 'v100', 'debug': False, 'size': 1000000, 'subsort': 'mp', 'sort': 'mpi', 'c': 1, 'p': 2},None,c8,haiyang,Linux,#1 SMP Tue Jul 26 14:15:37 UTC 2022
# csv,mpi-generate,ok,0.007,0.007,2022-11-20 00:11:38,{'user': 'alex', 'node': 'v100', 'debug': False, 'size': 1000000, 'subsort': 'mp', 'sort': 'mpi', 'c': 1, 'p': 2},None,c8,haiyang,Linux,#1 SMP Tue Jul 26 14:15:37 UTC 2022


+---------------------------------+---------------------------------------------------+
| Attribute                       | Value                                             |
|---------------------------------+---------------------------------------------------|
| ANSI_COLOR                      | "0;31"                                            |
| BUG_REPORT_URL                  | "https://bugzilla.redhat.com/"                    |
| CPE_NAME                        | "cpe:/o:redhat:enterprise_linux:7.9:GA:server"    |
| HOME_URL                        | "https://www.redhat.com/"                         |
| ID                              | "rhel"                                            |
| ID_LIKE                         | "fedora"                                          |
| NAME                            | "Red Hat Enterprise Linux Server"                 |
| PRETTY_NAME                     | "Red Hat Enterprise Linux Server 7.9 (Maipo)"     |
| REDHAT_BUGZILLA_PRODUCT         | "Red Hat Enterprise Linux 7"                      |
| REDHAT_BUGZILLA_PRODUCT_VERSION | 7.9                                               |
| REDHAT_SUPPORT_PRODUCT          | "Red Hat Enterprise Linux"                        |
| REDHAT_SUPPORT_PRODUCT_VERSION  | "7.9"                                             |
| VARIANT                         | "Server"                                          |
| VARIANT_ID                      | "server"                                          |
| VERSION                         | "7.9 (Maipo)"                                     |
| VERSION_ID                      | "7.9"                                             |
| cpu                             | Intel(R) Xeon(R) CPU E5-2680 v3 @ 2.50GHz         |
| cpu_cores                       | 24                                                |
| cpu_count                       | 24                                                |
| cpu_threads                     | 24                                                |
| date                            | 2022-11-20 00:11:49.083010                        |
| frequency                       | scpufreq(current=1.53925, min=1200.0, max=3300.0) |
| mem.active                      | 15.7 GiB                                          |
| mem.available                   | 223.9 GiB                                         |
| mem.free                        | 222.4 GiB                                         |
| mem.inactive                    | 2.0 GiB                                           |
| mem.percent                     | 10.8 %                                            |
| mem.total                       | 251.1 GiB                                         |
| mem.used                        | 19.4 GiB                                          |
| platform.version                | #1 SMP Tue Jul 26 14:15:37 UTC 2022               |
| python                          | 3.9.8 (main, Feb  8 2022, 08:35:13)               |
|                                 | [GCC 6.3.0]                                       |
| python.pip                      | 22.2.2                                            |
| python.version                  | 3.9.8                                             |
| sys.platform                    | linux                                             |
| uname.machine                   | x86_64                                            |
| uname.node                      | c8                                                |
| uname.processor                 | x86_64                                            |
| uname.release                   | 3.10.0-1160.76.1.el7.x86_64                       |
| uname.system                    | Linux                                             |
| uname.version                   | #1 SMP Tue Jul 26 14:15:37 UTC 2022               |
| user                            | haiyang                                           |
+---------------------------------+---------------------------------------------------+

+---------------+----------+--------+-------+---------------------+-------------------------------------------------------------------------------------------------------------------+-------+--------+---------+-------+-------------------------------------+
| Name          | Status   |   Time |   Sum | Start               | tag                                                                                                               | msg   | Node   | User    | OS    | Version                             |
|---------------+----------+--------+-------+---------------------+-------------------------------------------------------------------------------------------------------------------+-------+--------+---------+-------+-------------------------------------|
| mpi-mergesort | ok       |  3.888 | 3.888 | 2022-11-20 00:11:45 | {'user': 'alex', 'node': 'v100', 'debug': False, 'size': 1000000, 'subsort': 'mp', 'sort': 'mpi', 'c': 1, 'p': 2} |       | c8     | haiyang | Linux | #1 SMP Tue Jul 26 14:15:37 UTC 2022 |
| mpi-generate  | ok       |  0.007 | 0.007 | 2022-11-20 00:11:45 | {'user': 'alex', 'node': 'v100', 'debug': False, 'size': 1000000, 'subsort': 'mp', 'sort': 'mpi', 'c': 1, 'p': 2} |       | c8     | haiyang | Linux | #1 SMP Tue Jul 26 14:15:37 UTC 2022 |
+---------------+----------+--------+-------+---------------------+-------------------------------------------------------------------------------------------------------------------+-------+--------+---------+-------+-------------------------------------+
# csv,timer,status,time,sum,start,tag,msg,uname.node,user,uname.system,platform.version
# csv,mpi-mergesort,ok,3.888,3.888,2022-11-20 00:11:45,{'user': 'alex', 'node': 'v100', 'debug': False, 'size': 1000000, 'subsort': 'mp', 'sort': 'mpi', 'c': 1, 'p': 2},None,c8,haiyang,Linux,#1 SMP Tue Jul 26 14:15:37 UTC 2022
# csv,mpi-generate,ok,0.007,0.007,2022-11-20 00:11:45,{'user': 'alex', 'node': 'v100', 'debug': False, 'size': 1000000, 'subsort': 'mp', 'sort': 'mpi', 'c': 1, 'p': 2},None,c8,haiyang,Linux,#1 SMP Tue Jul 26 14:15:37 UTC 2022


+---------------------------------+--------------------------------------------------------------+
| Attribute                       | Value                                                        |
|---------------------------------+--------------------------------------------------------------|
| ANSI_COLOR                      | "0;31"                                                       |
| BUG_REPORT_URL                  | "https://bugzilla.redhat.com/"                               |
| CPE_NAME                        | "cpe:/o:redhat:enterprise_linux:7.9:GA:server"               |
| HOME_URL                        | "https://www.redhat.com/"                                    |
| ID                              | "rhel"                                                       |
| ID_LIKE                         | "fedora"                                                     |
| NAME                            | "Red Hat Enterprise Linux Server"                            |
| PRETTY_NAME                     | "Red Hat Enterprise Linux Server 7.9 (Maipo)"                |
| REDHAT_BUGZILLA_PRODUCT         | "Red Hat Enterprise Linux 7"                                 |
| REDHAT_BUGZILLA_PRODUCT_VERSION | 7.9                                                          |
| REDHAT_SUPPORT_PRODUCT          | "Red Hat Enterprise Linux"                                   |
| REDHAT_SUPPORT_PRODUCT_VERSION  | "7.9"                                                        |
| VARIANT                         | "Server"                                                     |
| VARIANT_ID                      | "server"                                                     |
| VERSION                         | "7.9 (Maipo)"                                                |
| VERSION_ID                      | "7.9"                                                        |
| cpu                             | Intel(R) Xeon(R) CPU E5-2680 v3 @ 2.50GHz                    |
| cpu_cores                       | 24                                                           |
| cpu_count                       | 24                                                           |
| cpu_threads                     | 24                                                           |
| date                            | 2022-11-20 00:11:56.841250                                   |
| frequency                       | scpufreq(current=1.5371666666666668, min=1200.0, max=3300.0) |
| mem.active                      | 15.7 GiB                                                     |
| mem.available                   | 223.9 GiB                                                    |
| mem.free                        | 222.5 GiB                                                    |
| mem.inactive                    | 2.0 GiB                                                      |
| mem.percent                     | 10.8 %                                                       |
| mem.total                       | 251.1 GiB                                                    |
| mem.used                        | 19.4 GiB                                                     |
| platform.version                | #1 SMP Tue Jul 26 14:15:37 UTC 2022                          |
| python                          | 3.9.8 (main, Feb  8 2022, 08:35:13)                          |
|                                 | [GCC 6.3.0]                                                  |
| python.pip                      | 22.2.2                                                       |
| python.version                  | 3.9.8                                                        |
| sys.platform                    | linux                                                        |
| uname.machine                   | x86_64                                                       |
| uname.node                      | c8                                                           |
| uname.processor                 | x86_64                                                       |
| uname.release                   | 3.10.0-1160.76.1.el7.x86_64                                  |
| uname.system                    | Linux                                                        |
| uname.version                   | #1 SMP Tue Jul 26 14:15:37 UTC 2022                          |
| user                            | haiyang                                                      |
+---------------------------------+--------------------------------------------------------------+

+---------------+----------+--------+-------+---------------------+-------------------------------------------------------------------------------------------------------------------+-------+--------+---------+-------+-------------------------------------+
| Name          | Status   |   Time |   Sum | Start               | tag                                                                                                               | msg   | Node   | User    | OS    | Version                             |
|---------------+----------+--------+-------+---------------------+-------------------------------------------------------------------------------------------------------------------+-------+--------+---------+-------+-------------------------------------|
| mpi-mergesort | ok       |  4.023 | 4.023 | 2022-11-20 00:11:52 | {'user': 'alex', 'node': 'v100', 'debug': False, 'size': 1000000, 'subsort': 'mp', 'sort': 'mpi', 'c': 1, 'p': 2} |       | c8     | haiyang | Linux | #1 SMP Tue Jul 26 14:15:37 UTC 2022 |
| mpi-generate  | ok       |  0.007 | 0.007 | 2022-11-20 00:11:52 | {'user': 'alex', 'node': 'v100', 'debug': False, 'size': 1000000, 'subsort': 'mp', 'sort': 'mpi', 'c': 1, 'p': 2} |       | c8     | haiyang | Linux | #1 SMP Tue Jul 26 14:15:37 UTC 2022 |
+---------------+----------+--------+-------+---------------------+-------------------------------------------------------------------------------------------------------------------+-------+--------+---------+-------+-------------------------------------+
# csv,timer,status,time,sum,start,tag,msg,uname.node,user,uname.system,platform.version
# csv,mpi-mergesort,ok,4.023,4.023,2022-11-20 00:11:52,{'user': 'alex', 'node': 'v100', 'debug': False, 'size': 1000000, 'subsort': 'mp', 'sort': 'mpi', 'c': 1, 'p': 2},None,c8,haiyang,Linux,#1 SMP Tue Jul 26 14:15:37 UTC 2022
# csv,mpi-generate,ok,0.007,0.007,2022-11-20 00:11:52,{'user': 'alex', 'node': 'v100', 'debug': False, 'size': 1000000, 'subsort': 'mp', 'sort': 'mpi', 'c': 1, 'p': 2},None,c8,haiyang,Linux,#1 SMP Tue Jul 26 14:15:37 UTC 2022


+---------------------------------+--------------------------------------------------------------+
| Attribute                       | Value                                                        |
|---------------------------------+--------------------------------------------------------------|
| ANSI_COLOR                      | "0;31"                                                       |
| BUG_REPORT_URL                  | "https://bugzilla.redhat.com/"                               |
| CPE_NAME                        | "cpe:/o:redhat:enterprise_linux:7.9:GA:server"               |
| HOME_URL                        | "https://www.redhat.com/"                                    |
| ID                              | "rhel"                                                       |
| ID_LIKE                         | "fedora"                                                     |
| NAME                            | "Red Hat Enterprise Linux Server"                            |
| PRETTY_NAME                     | "Red Hat Enterprise Linux Server 7.9 (Maipo)"                |
| REDHAT_BUGZILLA_PRODUCT         | "Red Hat Enterprise Linux 7"                                 |
| REDHAT_BUGZILLA_PRODUCT_VERSION | 7.9                                                          |
| REDHAT_SUPPORT_PRODUCT          | "Red Hat Enterprise Linux"                                   |
| REDHAT_SUPPORT_PRODUCT_VERSION  | "7.9"                                                        |
| VARIANT                         | "Server"                                                     |
| VARIANT_ID                      | "server"                                                     |
| VERSION                         | "7.9 (Maipo)"                                                |
| VERSION_ID                      | "7.9"                                                        |
| cpu                             | Intel(R) Xeon(R) CPU E5-2680 v3 @ 2.50GHz                    |
| cpu_cores                       | 24                                                           |
| cpu_count                       | 24                                                           |
| cpu_threads                     | 24                                                           |
| date                            | 2022-11-20 00:12:03.250566                                   |
| frequency                       | scpufreq(current=1.5374583333333334, min=1200.0, max=3300.0) |
| mem.active                      | 15.8 GiB                                                     |
| mem.available                   | 223.8 GiB                                                    |
| mem.free                        | 222.4 GiB                                                    |
| mem.inactive                    | 2.0 GiB                                                      |
| mem.percent                     | 10.8 %                                                       |
| mem.total                       | 251.1 GiB                                                    |
| mem.used                        | 19.5 GiB                                                     |
| platform.version                | #1 SMP Tue Jul 26 14:15:37 UTC 2022                          |
| python                          | 3.9.8 (main, Feb  8 2022, 08:35:13)                          |
|                                 | [GCC 6.3.0]                                                  |
| python.pip                      | 22.2.2                                                       |
| python.version                  | 3.9.8                                                        |
| sys.platform                    | linux                                                        |
| uname.machine                   | x86_64                                                       |
| uname.node                      | c8                                                           |
| uname.processor                 | x86_64                                                       |
| uname.release                   | 3.10.0-1160.76.1.el7.x86_64                                  |
| uname.system                    | Linux                                                        |
| uname.version                   | #1 SMP Tue Jul 26 14:15:37 UTC 2022                          |
| user                            | haiyang                                                      |
+---------------------------------+--------------------------------------------------------------+

+---------------+----------+--------+-------+---------------------+-------------------------------------------------------------------------------------------------------------------+-------+--------+---------+-------+-------------------------------------+
| Name          | Status   |   Time |   Sum | Start               | tag                                                                                                               | msg   | Node   | User    | OS    | Version                             |
|---------------+----------+--------+-------+---------------------+-------------------------------------------------------------------------------------------------------------------+-------+--------+---------+-------+-------------------------------------|
| mpi-mergesort | ok       |  3.772 | 3.772 | 2022-11-20 00:11:59 | {'user': 'alex', 'node': 'v100', 'debug': False, 'size': 1000000, 'subsort': 'mp', 'sort': 'mpi', 'c': 1, 'p': 2} |       | c8     | haiyang | Linux | #1 SMP Tue Jul 26 14:15:37 UTC 2022 |
| mpi-generate  | ok       |  0.007 | 0.007 | 2022-11-20 00:11:59 | {'user': 'alex', 'node': 'v100', 'debug': False, 'size': 1000000, 'subsort': 'mp', 'sort': 'mpi', 'c': 1, 'p': 2} |       | c8     | haiyang | Linux | #1 SMP Tue Jul 26 14:15:37 UTC 2022 |
+---------------+----------+--------+-------+---------------------+-------------------------------------------------------------------------------------------------------------------+-------+--------+---------+-------+-------------------------------------+
# csv,timer,status,time,sum,start,tag,msg,uname.node,user,uname.system,platform.version
# csv,mpi-mergesort,ok,3.772,3.772,2022-11-20 00:11:59,{'user': 'alex', 'node': 'v100', 'debug': False, 'size': 1000000, 'subsort': 'mp', 'sort': 'mpi', 'c': 1, 'p': 2},None,c8,haiyang,Linux,#1 SMP Tue Jul 26 14:15:37 UTC 2022
# csv,mpi-generate,ok,0.007,0.007,2022-11-20 00:11:59,{'user': 'alex', 'node': 'v100', 'debug': False, 'size': 1000000, 'subsort': 'mp', 'sort': 'mpi', 'c': 1, 'p': 2},None,c8,haiyang,Linux,#1 SMP Tue Jul 26 14:15:37 UTC 2022


+---------------------------------+--------------------------------------------------------------+
| Attribute                       | Value                                                        |
|---------------------------------+--------------------------------------------------------------|
| ANSI_COLOR                      | "0;31"                                                       |
| BUG_REPORT_URL                  | "https://bugzilla.redhat.com/"                               |
| CPE_NAME                        | "cpe:/o:redhat:enterprise_linux:7.9:GA:server"               |
| HOME_URL                        | "https://www.redhat.com/"                                    |
| ID                              | "rhel"                                                       |
| ID_LIKE                         | "fedora"                                                     |
| NAME                            | "Red Hat Enterprise Linux Server"                            |
| PRETTY_NAME                     | "Red Hat Enterprise Linux Server 7.9 (Maipo)"                |
| REDHAT_BUGZILLA_PRODUCT         | "Red Hat Enterprise Linux 7"                                 |
| REDHAT_BUGZILLA_PRODUCT_VERSION | 7.9                                                          |
| REDHAT_SUPPORT_PRODUCT          | "Red Hat Enterprise Linux"                                   |
| REDHAT_SUPPORT_PRODUCT_VERSION  | "7.9"                                                        |
| VARIANT                         | "Server"                                                     |
| VARIANT_ID                      | "server"                                                     |
| VERSION                         | "7.9 (Maipo)"                                                |
| VERSION_ID                      | "7.9"                                                        |
| cpu                             | Intel(R) Xeon(R) CPU E5-2680 v3 @ 2.50GHz                    |
| cpu_cores                       | 24                                                           |
| cpu_count                       | 24                                                           |
| cpu_threads                     | 24                                                           |
| date                            | 2022-11-20 00:12:09.598323                                   |
| frequency                       | scpufreq(current=1.5055416666666668, min=1200.0, max=3300.0) |
| mem.active                      | 15.8 GiB                                                     |
| mem.available                   | 223.8 GiB                                                    |
| mem.free                        | 222.4 GiB                                                    |
| mem.inactive                    | 2.0 GiB                                                      |
| mem.percent                     | 10.9 %                                                       |
| mem.total                       | 251.1 GiB                                                    |
| mem.used                        | 19.5 GiB                                                     |
| platform.version                | #1 SMP Tue Jul 26 14:15:37 UTC 2022                          |
| python                          | 3.9.8 (main, Feb  8 2022, 08:35:13)                          |
|                                 | [GCC 6.3.0]                                                  |
| python.pip                      | 22.2.2                                                       |
| python.version                  | 3.9.8                                                        |
| sys.platform                    | linux                                                        |
| uname.machine                   | x86_64                                                       |
| uname.node                      | c8                                                           |
| uname.processor                 | x86_64                                                       |
| uname.release                   | 3.10.0-1160.76.1.el7.x86_64                                  |
| uname.system                    | Linux                                                        |
| uname.version                   | #1 SMP Tue Jul 26 14:15:37 UTC 2022                          |
| user                            | haiyang                                                      |
+---------------------------------+--------------------------------------------------------------+

+---------------+----------+--------+-------+---------------------+-------------------------------------------------------------------------------------------------------------------+-------+--------+---------+-------+-------------------------------------+
| Name          | Status   |   Time |   Sum | Start               | tag                                                                                                               | msg   | Node   | User    | OS    | Version                             |
|---------------+----------+--------+-------+---------------------+-------------------------------------------------------------------------------------------------------------------+-------+--------+---------+-------+-------------------------------------|
| mpi-mergesort | ok       |  3.627 | 3.627 | 2022-11-20 00:12:05 | {'user': 'alex', 'node': 'v100', 'debug': False, 'size': 1000000, 'subsort': 'mp', 'sort': 'mpi', 'c': 1, 'p': 2} |       | c8     | haiyang | Linux | #1 SMP Tue Jul 26 14:15:37 UTC 2022 |
| mpi-generate  | ok       |  0.007 | 0.007 | 2022-11-20 00:12:05 | {'user': 'alex', 'node': 'v100', 'debug': False, 'size': 1000000, 'subsort': 'mp', 'sort': 'mpi', 'c': 1, 'p': 2} |       | c8     | haiyang | Linux | #1 SMP Tue Jul 26 14:15:37 UTC 2022 |
+---------------+----------+--------+-------+---------------------+-------------------------------------------------------------------------------------------------------------------+-------+--------+---------+-------+-------------------------------------+
# csv,timer,status,time,sum,start,tag,msg,uname.node,user,uname.system,platform.version
# csv,mpi-mergesort,ok,3.627,3.627,2022-11-20 00:12:05,{'user': 'alex', 'node': 'v100', 'debug': False, 'size': 1000000, 'subsort': 'mp', 'sort': 'mpi', 'c': 1, 'p': 2},None,c8,haiyang,Linux,#1 SMP Tue Jul 26 14:15:37 UTC 2022
# csv,mpi-generate,ok,0.007,0.007,2022-11-20 00:12:05,{'user': 'alex', 'node': 'v100', 'debug': False, 'size': 1000000, 'subsort': 'mp', 'sort': 'mpi', 'c': 1, 'p': 2},None,c8,haiyang,Linux,#1 SMP Tue Jul 26 14:15:37 UTC 2022


+---------------------------------+--------------------------------------------------------------+
| Attribute                       | Value                                                        |
|---------------------------------+--------------------------------------------------------------|
| ANSI_COLOR                      | "0;31"                                                       |
| BUG_REPORT_URL                  | "https://bugzilla.redhat.com/"                               |
| CPE_NAME                        | "cpe:/o:redhat:enterprise_linux:7.9:GA:server"               |
| HOME_URL                        | "https://www.redhat.com/"                                    |
| ID                              | "rhel"                                                       |
| ID_LIKE                         | "fedora"                                                     |
| NAME                            | "Red Hat Enterprise Linux Server"                            |
| PRETTY_NAME                     | "Red Hat Enterprise Linux Server 7.9 (Maipo)"                |
| REDHAT_BUGZILLA_PRODUCT         | "Red Hat Enterprise Linux 7"                                 |
| REDHAT_BUGZILLA_PRODUCT_VERSION | 7.9                                                          |
| REDHAT_SUPPORT_PRODUCT          | "Red Hat Enterprise Linux"                                   |
| REDHAT_SUPPORT_PRODUCT_VERSION  | "7.9"                                                        |
| VARIANT                         | "Server"                                                     |
| VARIANT_ID                      | "server"                                                     |
| VERSION                         | "7.9 (Maipo)"                                                |
| VERSION_ID                      | "7.9"                                                        |
| cpu                             | Intel(R) Xeon(R) CPU E5-2680 v3 @ 2.50GHz                    |
| cpu_cores                       | 24                                                           |
| cpu_count                       | 24                                                           |
| cpu_threads                     | 24                                                           |
| date                            | 2022-11-20 00:12:15.834829                                   |
| frequency                       | scpufreq(current=1.5321666666666676, min=1200.0, max=3300.0) |
| mem.active                      | 15.7 GiB                                                     |
| mem.available                   | 223.9 GiB                                                    |
| mem.free                        | 222.4 GiB                                                    |
| mem.inactive                    | 2.0 GiB                                                      |
| mem.percent                     | 10.8 %                                                       |
| mem.total                       | 251.1 GiB                                                    |
| mem.used                        | 19.4 GiB                                                     |
| platform.version                | #1 SMP Tue Jul 26 14:15:37 UTC 2022                          |
| python                          | 3.9.8 (main, Feb  8 2022, 08:35:13)                          |
|                                 | [GCC 6.3.0]                                                  |
| python.pip                      | 22.2.2                                                       |
| python.version                  | 3.9.8                                                        |
| sys.platform                    | linux                                                        |
| uname.machine                   | x86_64                                                       |
| uname.node                      | c8                                                           |
| uname.processor                 | x86_64                                                       |
| uname.release                   | 3.10.0-1160.76.1.el7.x86_64                                  |
| uname.system                    | Linux                                                        |
| uname.version                   | #1 SMP Tue Jul 26 14:15:37 UTC 2022                          |
| user                            | haiyang                                                      |
+---------------------------------+--------------------------------------------------------------+

+---------------+----------+--------+-------+---------------------+-------------------------------------------------------------------------------------------------------------------+-------+--------+---------+-------+-------------------------------------+
| Name          | Status   |   Time |   Sum | Start               | tag                                                                                                               | msg   | Node   | User    | OS    | Version                             |
|---------------+----------+--------+-------+---------------------+-------------------------------------------------------------------------------------------------------------------+-------+--------+---------+-------+-------------------------------------|
| mpi-mergesort | ok       |  3.618 | 3.618 | 2022-11-20 00:12:12 | {'user': 'alex', 'node': 'v100', 'debug': False, 'size': 1000000, 'subsort': 'mp', 'sort': 'mpi', 'c': 1, 'p': 2} |       | c8     | haiyang | Linux | #1 SMP Tue Jul 26 14:15:37 UTC 2022 |
| mpi-generate  | ok       |  0.007 | 0.007 | 2022-11-20 00:12:12 | {'user': 'alex', 'node': 'v100', 'debug': False, 'size': 1000000, 'subsort': 'mp', 'sort': 'mpi', 'c': 1, 'p': 2} |       | c8     | haiyang | Linux | #1 SMP Tue Jul 26 14:15:37 UTC 2022 |
+---------------+----------+--------+-------+---------------------+-------------------------------------------------------------------------------------------------------------------+-------+--------+---------+-------+-------------------------------------+
# csv,timer,status,time,sum,start,tag,msg,uname.node,user,uname.system,platform.version
# csv,mpi-mergesort,ok,3.618,3.618,2022-11-20 00:12:12,{'user': 'alex', 'node': 'v100', 'debug': False, 'size': 1000000, 'subsort': 'mp', 'sort': 'mpi', 'c': 1, 'p': 2},None,c8,haiyang,Linux,#1 SMP Tue Jul 26 14:15:37 UTC 2022
# csv,mpi-generate,ok,0.007,0.007,2022-11-20 00:12:12,{'user': 'alex', 'node': 'v100', 'debug': False, 'size': 1000000, 'subsort': 'mp', 'sort': 'mpi', 'c': 1, 'p': 2},None,c8,haiyang,Linux,#1 SMP Tue Jul 26 14:15:37 UTC 2022


+---------------------------------+-------------------------------------------------------------+
| Attribute                       | Value                                                       |
|---------------------------------+-------------------------------------------------------------|
| ANSI_COLOR                      | "0;31"                                                      |
| BUG_REPORT_URL                  | "https://bugzilla.redhat.com/"                              |
| CPE_NAME                        | "cpe:/o:redhat:enterprise_linux:7.9:GA:server"              |
| HOME_URL                        | "https://www.redhat.com/"                                   |
| ID                              | "rhel"                                                      |
| ID_LIKE                         | "fedora"                                                    |
| NAME                            | "Red Hat Enterprise Linux Server"                           |
| PRETTY_NAME                     | "Red Hat Enterprise Linux Server 7.9 (Maipo)"               |
| REDHAT_BUGZILLA_PRODUCT         | "Red Hat Enterprise Linux 7"                                |
| REDHAT_BUGZILLA_PRODUCT_VERSION | 7.9                                                         |
| REDHAT_SUPPORT_PRODUCT          | "Red Hat Enterprise Linux"                                  |
| REDHAT_SUPPORT_PRODUCT_VERSION  | "7.9"                                                       |
| VARIANT                         | "Server"                                                    |
| VARIANT_ID                      | "server"                                                    |
| VERSION                         | "7.9 (Maipo)"                                               |
| VERSION_ID                      | "7.9"                                                       |
| cpu                             | Intel(R) Xeon(R) CPU E5-2680 v3 @ 2.50GHz                   |
| cpu_cores                       | 24                                                          |
| cpu_count                       | 24                                                          |
| cpu_threads                     | 24                                                          |
| date                            | 2022-11-20 00:12:22.181507                                  |
| frequency                       | scpufreq(current=1.541166666666667, min=1200.0, max=3300.0) |
| mem.active                      | 15.7 GiB                                                    |
| mem.available                   | 223.9 GiB                                                   |
| mem.free                        | 222.5 GiB                                                   |
| mem.inactive                    | 2.0 GiB                                                     |
| mem.percent                     | 10.8 %                                                      |
| mem.total                       | 251.1 GiB                                                   |
| mem.used                        | 19.4 GiB                                                    |
| platform.version                | #1 SMP Tue Jul 26 14:15:37 UTC 2022                         |
| python                          | 3.9.8 (main, Feb  8 2022, 08:35:13)                         |
|                                 | [GCC 6.3.0]                                                 |
| python.pip                      | 22.2.2                                                      |
| python.version                  | 3.9.8                                                       |
| sys.platform                    | linux                                                       |
| uname.machine                   | x86_64                                                      |
| uname.node                      | c8                                                          |
| uname.processor                 | x86_64                                                      |
| uname.release                   | 3.10.0-1160.76.1.el7.x86_64                                 |
| uname.system                    | Linux                                                       |
| uname.version                   | #1 SMP Tue Jul 26 14:15:37 UTC 2022                         |
| user                            | haiyang                                                     |
+---------------------------------+-------------------------------------------------------------+

+---------------+----------+--------+-------+---------------------+-------------------------------------------------------------------------------------------------------------------+-------+--------+---------+-------+-------------------------------------+
| Name          | Status   |   Time |   Sum | Start               | tag                                                                                                               | msg   | Node   | User    | OS    | Version                             |
|---------------+----------+--------+-------+---------------------+-------------------------------------------------------------------------------------------------------------------+-------+--------+---------+-------+-------------------------------------|
| mpi-mergesort | ok       |  3.597 | 3.597 | 2022-11-20 00:12:18 | {'user': 'alex', 'node': 'v100', 'debug': False, 'size': 1000000, 'subsort': 'mp', 'sort': 'mpi', 'c': 1, 'p': 2} |       | c8     | haiyang | Linux | #1 SMP Tue Jul 26 14:15:37 UTC 2022 |
| mpi-generate  | ok       |  0.007 | 0.007 | 2022-11-20 00:12:18 | {'user': 'alex', 'node': 'v100', 'debug': False, 'size': 1000000, 'subsort': 'mp', 'sort': 'mpi', 'c': 1, 'p': 2} |       | c8     | haiyang | Linux | #1 SMP Tue Jul 26 14:15:37 UTC 2022 |
+---------------+----------+--------+-------+---------------------+-------------------------------------------------------------------------------------------------------------------+-------+--------+---------+-------+-------------------------------------+
# csv,timer,status,time,sum,start,tag,msg,uname.node,user,uname.system,platform.version
# csv,mpi-mergesort,ok,3.597,3.597,2022-11-20 00:12:18,{'user': 'alex', 'node': 'v100', 'debug': False, 'size': 1000000, 'subsort': 'mp', 'sort': 'mpi', 'c': 1, 'p': 2},None,c8,haiyang,Linux,#1 SMP Tue Jul 26 14:15:37 UTC 2022
# csv,mpi-generate,ok,0.007,0.007,2022-11-20 00:12:18,{'user': 'alex', 'node': 'v100', 'debug': False, 'size': 1000000, 'subsort': 'mp', 'sort': 'mpi', 'c': 1, 'p': 2},None,c8,haiyang,Linux,#1 SMP Tue Jul 26 14:15:37 UTC 2022


+---------------------------------+--------------------------------------------------------------+
| Attribute                       | Value                                                        |
|---------------------------------+--------------------------------------------------------------|
| ANSI_COLOR                      | "0;31"                                                       |
| BUG_REPORT_URL                  | "https://bugzilla.redhat.com/"                               |
| CPE_NAME                        | "cpe:/o:redhat:enterprise_linux:7.9:GA:server"               |
| HOME_URL                        | "https://www.redhat.com/"                                    |
| ID                              | "rhel"                                                       |
| ID_LIKE                         | "fedora"                                                     |
| NAME                            | "Red Hat Enterprise Linux Server"                            |
| PRETTY_NAME                     | "Red Hat Enterprise Linux Server 7.9 (Maipo)"                |
| REDHAT_BUGZILLA_PRODUCT         | "Red Hat Enterprise Linux 7"                                 |
| REDHAT_BUGZILLA_PRODUCT_VERSION | 7.9                                                          |
| REDHAT_SUPPORT_PRODUCT          | "Red Hat Enterprise Linux"                                   |
| REDHAT_SUPPORT_PRODUCT_VERSION  | "7.9"                                                        |
| VARIANT                         | "Server"                                                     |
| VARIANT_ID                      | "server"                                                     |
| VERSION                         | "7.9 (Maipo)"                                                |
| VERSION_ID                      | "7.9"                                                        |
| cpu                             | Intel(R) Xeon(R) CPU E5-2680 v3 @ 2.50GHz                    |
| cpu_cores                       | 24                                                           |
| cpu_count                       | 24                                                           |
| cpu_threads                     | 24                                                           |
| date                            | 2022-11-20 00:12:28.378283                                   |
| frequency                       | scpufreq(current=1.5167916666666672, min=1200.0, max=3300.0) |
| mem.active                      | 15.7 GiB                                                     |
| mem.available                   | 223.9 GiB                                                    |
| mem.free                        | 222.4 GiB                                                    |
| mem.inactive                    | 2.0 GiB                                                      |
| mem.percent                     | 10.8 %                                                       |
| mem.total                       | 251.1 GiB                                                    |
| mem.used                        | 19.4 GiB                                                     |
| platform.version                | #1 SMP Tue Jul 26 14:15:37 UTC 2022                          |
| python                          | 3.9.8 (main, Feb  8 2022, 08:35:13)                          |
|                                 | [GCC 6.3.0]                                                  |
| python.pip                      | 22.2.2                                                       |
| python.version                  | 3.9.8                                                        |
| sys.platform                    | linux                                                        |
| uname.machine                   | x86_64                                                       |
| uname.node                      | c8                                                           |
| uname.processor                 | x86_64                                                       |
| uname.release                   | 3.10.0-1160.76.1.el7.x86_64                                  |
| uname.system                    | Linux                                                        |
| uname.version                   | #1 SMP Tue Jul 26 14:15:37 UTC 2022                          |
| user                            | haiyang                                                      |
+---------------------------------+--------------------------------------------------------------+

+---------------+----------+--------+-------+---------------------+-------------------------------------------------------------------------------------------------------------------+-------+--------+---------+-------+-------------------------------------+
| Name          | Status   |   Time |   Sum | Start               | tag                                                                                                               | msg   | Node   | User    | OS    | Version                             |
|---------------+----------+--------+-------+---------------------+-------------------------------------------------------------------------------------------------------------------+-------+--------+---------+-------+-------------------------------------|
| mpi-mergesort | ok       |  3.603 | 3.603 | 2022-11-20 00:12:24 | {'user': 'alex', 'node': 'v100', 'debug': False, 'size': 1000000, 'subsort': 'mp', 'sort': 'mpi', 'c': 1, 'p': 2} |       | c8     | haiyang | Linux | #1 SMP Tue Jul 26 14:15:37 UTC 2022 |
| mpi-generate  | ok       |  0.007 | 0.007 | 2022-11-20 00:12:24 | {'user': 'alex', 'node': 'v100', 'debug': False, 'size': 1000000, 'subsort': 'mp', 'sort': 'mpi', 'c': 1, 'p': 2} |       | c8     | haiyang | Linux | #1 SMP Tue Jul 26 14:15:37 UTC 2022 |
+---------------+----------+--------+-------+---------------------+-------------------------------------------------------------------------------------------------------------------+-------+--------+---------+-------+-------------------------------------+
# csv,timer,status,time,sum,start,tag,msg,uname.node,user,uname.system,platform.version
# csv,mpi-mergesort,ok,3.603,3.603,2022-11-20 00:12:24,{'user': 'alex', 'node': 'v100', 'debug': False, 'size': 1000000, 'subsort': 'mp', 'sort': 'mpi', 'c': 1, 'p': 2},None,c8,haiyang,Linux,#1 SMP Tue Jul 26 14:15:37 UTC 2022
# csv,mpi-generate,ok,0.007,0.007,2022-11-20 00:12:24,{'user': 'alex', 'node': 'v100', 'debug': False, 'size': 1000000, 'subsort': 'mp', 'sort': 'mpi', 'c': 1, 'p': 2},None,c8,haiyang,Linux,#1 SMP Tue Jul 26 14:15:37 UTC 2022


+---------------------------------+--------------------------------------------------------------+
| Attribute                       | Value                                                        |
|---------------------------------+--------------------------------------------------------------|
| ANSI_COLOR                      | "0;31"                                                       |
| BUG_REPORT_URL                  | "https://bugzilla.redhat.com/"                               |
| CPE_NAME                        | "cpe:/o:redhat:enterprise_linux:7.9:GA:server"               |
| HOME_URL                        | "https://www.redhat.com/"                                    |
| ID                              | "rhel"                                                       |
| ID_LIKE                         | "fedora"                                                     |
| NAME                            | "Red Hat Enterprise Linux Server"                            |
| PRETTY_NAME                     | "Red Hat Enterprise Linux Server 7.9 (Maipo)"                |
| REDHAT_BUGZILLA_PRODUCT         | "Red Hat Enterprise Linux 7"                                 |
| REDHAT_BUGZILLA_PRODUCT_VERSION | 7.9                                                          |
| REDHAT_SUPPORT_PRODUCT          | "Red Hat Enterprise Linux"                                   |
| REDHAT_SUPPORT_PRODUCT_VERSION  | "7.9"                                                        |
| VARIANT                         | "Server"                                                     |
| VARIANT_ID                      | "server"                                                     |
| VERSION                         | "7.9 (Maipo)"                                                |
| VERSION_ID                      | "7.9"                                                        |
| cpu                             | Intel(R) Xeon(R) CPU E5-2680 v3 @ 2.50GHz                    |
| cpu_cores                       | 24                                                           |
| cpu_count                       | 24                                                           |
| cpu_threads                     | 24                                                           |
| date                            | 2022-11-20 00:12:34.638392                                   |
| frequency                       | scpufreq(current=1.5558750000000003, min=1200.0, max=3300.0) |
| mem.active                      | 15.7 GiB                                                     |
| mem.available                   | 223.9 GiB                                                    |
| mem.free                        | 222.4 GiB                                                    |
| mem.inactive                    | 2.0 GiB                                                      |
| mem.percent                     | 10.8 %                                                       |
| mem.total                       | 251.1 GiB                                                    |
| mem.used                        | 19.4 GiB                                                     |
| platform.version                | #1 SMP Tue Jul 26 14:15:37 UTC 2022                          |
| python                          | 3.9.8 (main, Feb  8 2022, 08:35:13)                          |
|                                 | [GCC 6.3.0]                                                  |
| python.pip                      | 22.2.2                                                       |
| python.version                  | 3.9.8                                                        |
| sys.platform                    | linux                                                        |
| uname.machine                   | x86_64                                                       |
| uname.node                      | c8                                                           |
| uname.processor                 | x86_64                                                       |
| uname.release                   | 3.10.0-1160.76.1.el7.x86_64                                  |
| uname.system                    | Linux                                                        |
| uname.version                   | #1 SMP Tue Jul 26 14:15:37 UTC 2022                          |
| user                            | haiyang                                                      |
+---------------------------------+--------------------------------------------------------------+

+---------------+----------+--------+-------+---------------------+-------------------------------------------------------------------------------------------------------------------+-------+--------+---------+-------+-------------------------------------+
| Name          | Status   |   Time |   Sum | Start               | tag                                                                                                               | msg   | Node   | User    | OS    | Version                             |
|---------------+----------+--------+-------+---------------------+-------------------------------------------------------------------------------------------------------------------+-------+--------+---------+-------+-------------------------------------|
| mpi-mergesort | ok       |  3.612 | 3.612 | 2022-11-20 00:12:31 | {'user': 'alex', 'node': 'v100', 'debug': False, 'size': 1000000, 'subsort': 'mp', 'sort': 'mpi', 'c': 1, 'p': 2} |       | c8     | haiyang | Linux | #1 SMP Tue Jul 26 14:15:37 UTC 2022 |
| mpi-generate  | ok       |  0.007 | 0.007 | 2022-11-20 00:12:31 | {'user': 'alex', 'node': 'v100', 'debug': False, 'size': 1000000, 'subsort': 'mp', 'sort': 'mpi', 'c': 1, 'p': 2} |       | c8     | haiyang | Linux | #1 SMP Tue Jul 26 14:15:37 UTC 2022 |
+---------------+----------+--------+-------+---------------------+-------------------------------------------------------------------------------------------------------------------+-------+--------+---------+-------+-------------------------------------+
# csv,timer,status,time,sum,start,tag,msg,uname.node,user,uname.system,platform.version
# csv,mpi-mergesort,ok,3.612,3.612,2022-11-20 00:12:31,{'user': 'alex', 'node': 'v100', 'debug': False, 'size': 1000000, 'subsort': 'mp', 'sort': 'mpi', 'c': 1, 'p': 2},None,c8,haiyang,Linux,#1 SMP Tue Jul 26 14:15:37 UTC 2022
# csv,mpi-generate,ok,0.007,0.007,2022-11-20 00:12:31,{'user': 'alex', 'node': 'v100', 'debug': False, 'size': 1000000, 'subsort': 'mp', 'sort': 'mpi', 'c': 1, 'p': 2},None,c8,haiyang,Linux,#1 SMP Tue Jul 26 14:15:37 UTC 2022

