Starting experiment
Processes: 1
Cores:     24
Size:      10000000
Repeat:    5
Debug:     False
Sort:      MPI
Algorithm: mp
Tag:       None
Total:     5
Experiment 4         : size=10000000 processes=1 cores=24 repeat=0 last_time=undefined                     
Experiment 3         : size=10000000 processes=1 cores=24 repeat=1 last_time=undefined                     
Experiment 2         : size=10000000 processes=1 cores=24 repeat=2 last_time=undefined                     
Experiment 1         : size=10000000 processes=1 cores=24 repeat=3 last_time=undefined                     
Experiment 0         : size=10000000 processes=1 cores=24 repeat=4 last_time=undefined                     
tps://bugzilla.redhat.com/"                              |
| CPE_NAME                        | "cpe:/o:redhat:enterprise_linux:7.9:GA:server"              |
| HOME_URL                        | "https://www.redhat.com/"                                   |
| ID                              | "rhel"                                                      |
| ID_LIKE                         | "fedora"                                                    |
| NAME                            | "Red Hat Enterprise Linux Server"                           |
| PRETTY_NAME                     | "Red Hat Enterprise Linux Server 7.9 (Maipo)"               |
| REDHAT_BUGZILLA_PRODUCT         | "Red Hat Enterprise Linux 7"                                |
| REDHAT_BUGZILLA_PRODUCT_VERSION | 7.9                                                         |
| REDHAT_SUPPORT_PRODUCT          | "Red Hat Enterprise Linux"                                  |
| REDHAT_SUPPORT_PRODUCT_VERSION  | "7.9"                                                       |
| VARIANT                         | "Server"                                                    |
| VARIANT_ID                      | "server"                                                    |
| VERSION                         | "7.9 (Maipo)"                                               |
| VERSION_ID                      | "7.9"                                                       |
| cpu                             | Intel(R) Xeon(R) CPU E5-2680 v3 @ 2.50GHz                   |
| cpu_cores                       | 24                                                          |
| cpu_count                       | 24                                                          |
| cpu_threads                     | 24                                                          |
| date                            | 2022-11-20 14:18:08.103672                                  |
| frequency                       | scpufreq(current=2.711041666666667, min=1200.0, max=3300.0) |
| mem.active                      | 82.3 GiB                                                    |
| mem.available                   | 163.4 GiB                                                   |
| mem.free                        | 91.9 GiB                                                    |
| mem.inactive                    | 61.9 GiB                                                    |
| mem.percent                     | 34.9 %                                                      |
| mem.total                       | 251.1 GiB                                                   |
| mem.used                        | 81.1 GiB                                                    |
| platform.version                | #1 SMP Tue Jul 26 14:15:37 UTC 2022                         |
| python                          | 3.9.8 (main, Feb  8 2022, 08:35:13)                         |
|                                 | [GCC 6.3.0]                                                 |
| python.pip                      | 22.2.2                                                      |
| python.version                  | 3.9.8                                                       |
| sys.platform                    | linux                                                       |
| uname.machine                   | x86_64                                                      |
| uname.node                      | c11                                                         |
| uname.processor                 | x86_64                                                      |
| uname.release                   | 3.10.0-1160.76.1.el7.x86_64                                 |
| uname.system                    | Linux                                                       |
| uname.version                   | #1 SMP Tue Jul 26 14:15:37 UTC 2022                         |
| user                            | haiyang                                                     |
+---------------------------------+-------------------------------------------------------------+

+---------------+----------+--------+--------+---------------------+---------------------------------------------------------------------------------------------------------------------+-------+--------+---------+-------+-------------------------------------+
| Name          | Status   |   Time |    Sum | Start               | tag                                                                                                                 | msg   | Node   | User    | OS    | Version                             |
|---------------+----------+--------+--------+---------------------+---------------------------------------------------------------------------------------------------------------------+-------+--------+---------+-------+-------------------------------------|
| mpi-mergesort | ok       | 70.886 | 70.886 | 2022-11-20 14:16:57 | {'user': 'alex', 'node': 'v100', 'debug': False, 'size': 10000000, 'subsort': 'mp', 'sort': 'mpi', 'c': 24, 'p': 1} |       | c11    | haiyang | Linux | #1 SMP Tue Jul 26 14:15:37 UTC 2022 |
| mpi-generate  | ok       |  0.163 |  0.163 | 2022-11-20 14:16:57 | {'user': 'alex', 'node': 'v100', 'debug': False, 'size': 10000000, 'subsort': 'mp', 'sort': 'mpi', 'c': 24, 'p': 1} |       | c11    | haiyang | Linux | #1 SMP Tue Jul 26 14:15:37 UTC 2022 |
+---------------+----------+--------+--------+---------------------+---------------------------------------------------------------------------------------------------------------------+-------+--------+---------+-------+-------------------------------------+
# csv,timer,status,time,sum,start,tag,msg,uname.node,user,uname.system,platform.version
# csv,mpi-mergesort,ok,70.886,70.886,2022-11-20 14:16:57,{'user': 'alex', 'node': 'v100', 'debug': False, 'size': 10000000, 'subsort': 'mp', 'sort': 'mpi', 'c': 24, 'p': 1},None,c11,haiyang,Linux,#1 SMP Tue Jul 26 14:15:37 UTC 2022
# csv,mpi-generate,ok,0.163,0.163,2022-11-20 14:16:57,{'user': 'alex', 'node': 'v100', 'debug': False, 'size': 10000000, 'subsort': 'mp', 'sort': 'mpi', 'c': 24, 'p': 1},None,c11,haiyang,Linux,#1 SMP Tue Jul 26 14:15:37 UTC 2022


+---------------------------------+-------------------------------------------------------------+
| Attribute                       | Value                                                       |
|---------------------------------+-------------------------------------------------------------|
| ANSI_COLOR                      | "0;31"                                                      |
| BUG_REPORT_URL                  | "https://bugzilla.redhat.com/"                              |
| CPE_NAME                        | "cpe:/o:redhat:enterprise_linux:7.9:GA:server"              |
| HOME_URL                        | "https://www.redhat.com/"                                   |
| ID                              | "rhel"                                                      |
| ID_LIKE                         | "fedora"                                                    |
| NAME                            | "Red Hat Enterprise Linux Server"                           |
| PRETTY_NAME                     | "Red Hat Enterprise Linux Server 7.9 (Maipo)"               |
| REDHAT_BUGZILLA_PRODUCT         | "Red Hat Enterprise Linux 7"                                |
| REDHAT_BUGZILLA_PRODUCT_VERSION | 7.9                                                         |
| REDHAT_SUPPORT_PRODUCT          | "Red Hat Enterprise Linux"                                  |
| REDHAT_SUPPORT_PRODUCT_VERSION  | "7.9"                                                       |
| VARIANT                         | "Server"                                                    |
| VARIANT_ID                      | "server"                                                    |
| VERSION                         | "7.9 (Maipo)"                                               |
| VERSION_ID                      | "7.9"                                                       |
| cpu                             | Intel(R) Xeon(R) CPU E5-2680 v3 @ 2.50GHz                   |
| cpu_cores                       | 24                                                          |
| cpu_count                       | 24                                                          |
| cpu_threads                     | 24                                                          |
| date                            | 2022-11-20 14:19:21.988305                                  |
| frequency                       | scpufreq(current=2.709708333333334, min=1200.0, max=3300.0) |
| mem.active                      | 81.2 GiB                                                    |
| mem.available                   | 164.6 GiB                                                   |
| mem.free                        | 91.8 GiB                                                    |
| mem.inactive                    | 63.0 GiB                                                    |
| mem.percent                     | 34.4 %                                                      |
| mem.total                       | 251.1 GiB                                                   |
| mem.used                        | 79.9 GiB                                                    |
| platform.version                | #1 SMP Tue Jul 26 14:15:37 UTC 2022                         |
| python                          | 3.9.8 (main, Feb  8 2022, 08:35:13)                         |
|                                 | [GCC 6.3.0]                                                 |
| python.pip                      | 22.2.2                                                      |
| python.version                  | 3.9.8                                                       |
| sys.platform                    | linux                                                       |
| uname.machine                   | x86_64                                                      |
| uname.node                      | c11                                                         |
| uname.processor                 | x86_64                                                      |
| uname.release                   | 3.10.0-1160.76.1.el7.x86_64                                 |
| uname.system                    | Linux                                                       |
| uname.version                   | #1 SMP Tue Jul 26 14:15:37 UTC 2022                         |
| user                            | haiyang                                                     |
+---------------------------------+-------------------------------------------------------------+

+---------------+----------+--------+--------+---------------------+---------------------------------------------------------------------------------------------------------------------+-------+--------+---------+-------+-------------------------------------+
| Name          | Status   |   Time |    Sum | Start               | tag                                                                                                                 | msg   | Node   | User    | OS    | Version                             |
|---------------+----------+--------+--------+---------------------+---------------------------------------------------------------------------------------------------------------------+-------+--------+---------+-------+-------------------------------------|
| mpi-mergesort | ok       | 71.428 | 71.428 | 2022-11-20 14:18:10 | {'user': 'alex', 'node': 'v100', 'debug': False, 'size': 10000000, 'subsort': 'mp', 'sort': 'mpi', 'c': 24, 'p': 1} |       | c11    | haiyang | Linux | #1 SMP Tue Jul 26 14:15:37 UTC 2022 |
| mpi-generate  | ok       |  0.161 |  0.161 | 2022-11-20 14:18:10 | {'user': 'alex', 'node': 'v100', 'debug': False, 'size': 10000000, 'subsort': 'mp', 'sort': 'mpi', 'c': 24, 'p': 1} |       | c11    | haiyang | Linux | #1 SMP Tue Jul 26 14:15:37 UTC 2022 |
+---------------+----------+--------+--------+---------------------+---------------------------------------------------------------------------------------------------------------------+-------+--------+---------+-------+-------------------------------------+
# csv,timer,status,time,sum,start,tag,msg,uname.node,user,uname.system,platform.version
# csv,mpi-mergesort,ok,71.428,71.428,2022-11-20 14:18:10,{'user': 'alex', 'node': 'v100', 'debug': False, 'size': 10000000, 'subsort': 'mp', 'sort': 'mpi', 'c': 24, 'p': 1},None,c11,haiyang,Linux,#1 SMP Tue Jul 26 14:15:37 UTC 2022
# csv,mpi-generate,ok,0.161,0.161,2022-11-20 14:18:10,{'user': 'alex', 'node': 'v100', 'debug': False, 'size': 10000000, 'subsort': 'mp', 'sort': 'mpi', 'c': 24, 'p': 1},None,c11,haiyang,Linux,#1 SMP Tue Jul 26 14:15:37 UTC 2022


+---------------------------------+-------------------------------------------------------------+
| Attribute                       | Value                                                       |
|---------------------------------+-------------------------------------------------------------|
| ANSI_COLOR                      | "0;31"                                                      |
| BUG_REPORT_URL                  | "https://bugzilla.redhat.com/"                              |
| CPE_NAME                        | "cpe:/o:redhat:enterprise_linux:7.9:GA:server"              |
| HOME_URL                        | "https://www.redhat.com/"                                   |
| ID                              | "rhel"                                                      |
| ID_LIKE                         | "fedora"                                                    |
| NAME                            | "Red Hat Enterprise Linux Server"                           |
| PRETTY_NAME                     | "Red Hat Enterprise Linux Server 7.9 (Maipo)"               |
| REDHAT_BUGZILLA_PRODUCT         | "Red Hat Enterprise Linux 7"                                |
| REDHAT_BUGZILLA_PRODUCT_VERSION | 7.9                                                         |
| REDHAT_SUPPORT_PRODUCT          | "Red Hat Enterprise Linux"                                  |
| REDHAT_SUPPORT_PRODUCT_VERSION  | "7.9"                                                       |
| VARIANT                         | "Server"                                                    |
| VARIANT_ID                      | "server"                                                    |
| VERSION                         | "7.9 (Maipo)"                                               |
| VERSION_ID                      | "7.9"                                                       |
| cpu                             | Intel(R) Xeon(R) CPU E5-2680 v3 @ 2.50GHz                   |
| cpu_cores                       | 24                                                          |
| cpu_count                       | 24                                                          |
| cpu_threads                     | 24                                                          |
| date                            | 2022-11-20 14:20:35.472317                                  |
| frequency                       | scpufreq(current=2.709208333333334, min=1200.0, max=3300.0) |
| mem.active                      | 81.0 GiB                                                    |
| mem.available                   | 164.0 GiB                                                   |
| mem.free                        | 91.7 GiB                                                    |
| mem.inactive                    | 63.2 GiB                                                    |
| mem.percent                     | 34.7 %                                                      |
| mem.total                       | 251.1 GiB                                                   |
| mem.used                        | 80.5 GiB                                                    |
| platform.version                | #1 SMP Tue Jul 26 14:15:37 UTC 2022                         |
| python                          | 3.9.8 (main, Feb  8 2022, 08:35:13)                         |
|                                 | [GCC 6.3.0]                                                 |
| python.pip                      | 22.2.2                                                      |
| python.version                  | 3.9.8                                                       |
| sys.platform                    | linux                                                       |
| uname.machine                   | x86_64                                                      |
| uname.node                      | c11                                                         |
| uname.processor                 | x86_64                                                      |
| uname.release                   | 3.10.0-1160.76.1.el7.x86_64                                 |
| uname.system                    | Linux                                                       |
| uname.version                   | #1 SMP Tue Jul 26 14:15:37 UTC 2022                         |
| user                            | haiyang                                                     |
+---------------------------------+-------------------------------------------------------------+

+---------------+----------+--------+--------+---------------------+---------------------------------------------------------------------------------------------------------------------+-------+--------+---------+-------+-------------------------------------+
| Name          | Status   |   Time |    Sum | Start               | tag                                                                                                                 | msg   | Node   | User    | OS    | Version                             |
|---------------+----------+--------+--------+---------------------+---------------------------------------------------------------------------------------------------------------------+-------+--------+---------+-------+-------------------------------------|
| mpi-mergesort | ok       | 71.08  | 71.08  | 2022-11-20 14:19:24 | {'user': 'alex', 'node': 'v100', 'debug': False, 'size': 10000000, 'subsort': 'mp', 'sort': 'mpi', 'c': 24, 'p': 1} |       | c11    | haiyang | Linux | #1 SMP Tue Jul 26 14:15:37 UTC 2022 |
| mpi-generate  | ok       |  0.164 |  0.164 | 2022-11-20 14:19:24 | {'user': 'alex', 'node': 'v100', 'debug': False, 'size': 10000000, 'subsort': 'mp', 'sort': 'mpi', 'c': 24, 'p': 1} |       | c11    | haiyang | Linux | #1 SMP Tue Jul 26 14:15:37 UTC 2022 |
+---------------+----------+--------+--------+---------------------+---------------------------------------------------------------------------------------------------------------------+-------+--------+---------+-------+-------------------------------------+
# csv,timer,status,time,sum,start,tag,msg,uname.node,user,uname.system,platform.version
# csv,mpi-mergesort,ok,71.08,71.08,2022-11-20 14:19:24,{'user': 'alex', 'node': 'v100', 'debug': False, 'size': 10000000, 'subsort': 'mp', 'sort': 'mpi', 'c': 24, 'p': 1},None,c11,haiyang,Linux,#1 SMP Tue Jul 26 14:15:37 UTC 2022
# csv,mpi-generate,ok,0.164,0.164,2022-11-20 14:19:24,{'user': 'alex', 'node': 'v100', 'debug': False, 'size': 10000000, 'subsort': 'mp', 'sort': 'mpi', 'c': 24, 'p': 1},None,c11,haiyang,Linux,#1 SMP Tue Jul 26 14:15:37 UTC 2022


+---------------------------------+-------------------------------------------------------------+
| Attribute                       | Value                                                       |
|---------------------------------+-------------------------------------------------------------|
| ANSI_COLOR                      | "0;31"                                                      |
| BUG_REPORT_URL                  | "https://bugzilla.redhat.com/"                              |
| CPE_NAME                        | "cpe:/o:redhat:enterprise_linux:7.9:GA:server"              |
| HOME_URL                        | "https://www.redhat.com/"                                   |
| ID                              | "rhel"                                                      |
| ID_LIKE                         | "fedora"                                                    |
| NAME                            | "Red Hat Enterprise Linux Server"                           |
| PRETTY_NAME                     | "Red Hat Enterprise Linux Server 7.9 (Maipo)"               |
| REDHAT_BUGZILLA_PRODUCT         | "Red Hat Enterprise Linux 7"                                |
| REDHAT_BUGZILLA_PRODUCT_VERSION | 7.9                                                         |
| REDHAT_SUPPORT_PRODUCT          | "Red Hat Enterprise Linux"                                  |
| REDHAT_SUPPORT_PRODUCT_VERSION  | "7.9"                                                       |
| VARIANT                         | "Server"                                                    |
| VARIANT_ID                      | "server"                                                    |
| VERSION                         | "7.9 (Maipo)"                                               |
| VERSION_ID                      | "7.9"                                                       |
| cpu                             | Intel(R) Xeon(R) CPU E5-2680 v3 @ 2.50GHz                   |
| cpu_cores                       | 24                                                          |
| cpu_count                       | 24                                                          |
| cpu_threads                     | 24                                                          |
| date                            | 2022-11-20 14:21:49.831767                                  |
| frequency                       | scpufreq(current=2.710791666666667, min=1200.0, max=3300.0) |
| mem.active                      | 79.8 GiB                                                    |
| mem.available                   | 163.7 GiB                                                   |
| mem.free                        | 93.1 GiB                                                    |
| mem.inactive                    | 63.1 GiB                                                    |
| mem.percent                     | 34.8 %                                                      |
| mem.total                       | 251.1 GiB                                                   |
| mem.used                        | 80.8 GiB                                                    |
| platform.version                | #1 SMP Tue Jul 26 14:15:37 UTC 2022                         |
| python                          | 3.9.8 (main, Feb  8 2022, 08:35:13)                         |
|                                 | [GCC 6.3.0]                                                 |
| python.pip                      | 22.2.2                                                      |
| python.version                  | 3.9.8                                                       |
| sys.platform                    | linux                                                       |
| uname.machine                   | x86_64                                                      |
| uname.node                      | c11                                                         |
| uname.processor                 | x86_64                                                      |
| uname.release                   | 3.10.0-1160.76.1.el7.x86_64                                 |
| uname.system                    | Linux                                                       |
| uname.version                   | #1 SMP Tue Jul 26 14:15:37 UTC 2022                         |
| user                            | haiyang                                                     |
+---------------------------------+-------------------------------------------------------------+

+---------------+----------+--------+--------+---------------------+---------------------------------------------------------------------------------------------------------------------+-------+--------+---------+-------+-------------------------------------+
| Name          | Status   |   Time |    Sum | Start               | tag                                                                                                                 | msg   | Node   | User    | OS    | Version                             |
|---------------+----------+--------+--------+---------------------+---------------------------------------------------------------------------------------------------------------------+-------+--------+---------+-------+-------------------------------------|
| mpi-mergesort | ok       | 71.908 | 71.908 | 2022-11-20 14:20:37 | {'user': 'alex', 'node': 'v100', 'debug': False, 'size': 10000000, 'subsort': 'mp', 'sort': 'mpi', 'c': 24, 'p': 1} |       | c11    | haiyang | Linux | #1 SMP Tue Jul 26 14:15:37 UTC 2022 |
| mpi-generate  | ok       |  0.162 |  0.162 | 2022-11-20 14:20:37 | {'user': 'alex', 'node': 'v100', 'debug': False, 'size': 10000000, 'subsort': 'mp', 'sort': 'mpi', 'c': 24, 'p': 1} |       | c11    | haiyang | Linux | #1 SMP Tue Jul 26 14:15:37 UTC 2022 |
+---------------+----------+--------+--------+---------------------+---------------------------------------------------------------------------------------------------------------------+-------+--------+---------+-------+-------------------------------------+
# csv,timer,status,time,sum,start,tag,msg,uname.node,user,uname.system,platform.version
# csv,mpi-mergesort,ok,71.908,71.908,2022-11-20 14:20:37,{'user': 'alex', 'node': 'v100', 'debug': False, 'size': 10000000, 'subsort': 'mp', 'sort': 'mpi', 'c': 24, 'p': 1},None,c11,haiyang,Linux,#1 SMP Tue Jul 26 14:15:37 UTC 2022
# csv,mpi-generate,ok,0.162,0.162,2022-11-20 14:20:37,{'user': 'alex', 'node': 'v100', 'debug': False, 'size': 10000000, 'subsort': 'mp', 'sort': 'mpi', 'c': 24, 'p': 1},None,c11,haiyang,Linux,#1 SMP Tue Jul 26 14:15:37 UTC 2022


+---------------------------------+--------------------------------------------------------------+
| Attribute                       | Value                                                        |
|---------------------------------+--------------------------------------------------------------|
| ANSI_COLOR                      | "0;31"                                                       |
| BUG_REPORT_URL                  | "https://bugzilla.redhat.com/"                               |
| CPE_NAME                        | "cpe:/o:redhat:enterprise_linux:7.9:GA:server"               |
| HOME_URL                        | "https://www.redhat.com/"                                    |
| ID                              | "rhel"                                                       |
| ID_LIKE                         | "fedora"                                                     |
| NAME                            | "Red Hat Enterprise Linux Server"                            |
| PRETTY_NAME                     | "Red Hat Enterprise Linux Server 7.9 (Maipo)"                |
| REDHAT_BUGZILLA_PRODUCT         | "Red Hat Enterprise Linux 7"                                 |
| REDHAT_BUGZILLA_PRODUCT_VERSION | 7.9                                                          |
| REDHAT_SUPPORT_PRODUCT          | "Red Hat Enterprise Linux"                                   |
| REDHAT_SUPPORT_PRODUCT_VERSION  | "7.9"                                                        |
| VARIANT                         | "Server"                                                     |
| VARIANT_ID                      | "server"                                                     |
| VERSION                         | "7.9 (Maipo)"                                                |
| VERSION_ID                      | "7.9"                                                        |
| cpu                             | Intel(R) Xeon(R) CPU E5-2680 v3 @ 2.50GHz                    |
| cpu_cores                       | 24                                                           |
| cpu_count                       | 24                                                           |
| cpu_threads                     | 24                                                           |
| date                            | 2022-11-20 14:23:03.996325                                   |
| frequency                       | scpufreq(current=2.7130000000000005, min=1200.0, max=3300.0) |
| mem.active                      | 80.4 GiB                                                     |
| mem.available                   | 163.1 GiB                                                    |
| mem.free                        | 92.4 GiB                                                     |
| mem.inactive                    | 63.1 GiB                                                     |
| mem.percent                     | 35.0 %                                                       |
| mem.total                       | 251.1 GiB                                                    |
| mem.used                        | 81.4 GiB                                                     |
| platform.version                | #1 SMP Tue Jul 26 14:15:37 UTC 2022                          |
| python                          | 3.9.8 (main, Feb  8 2022, 08:35:13)                          |
|                                 | [GCC 6.3.0]                                                  |
| python.pip                      | 22.2.2                                                       |
| python.version                  | 3.9.8                                                        |
| sys.platform                    | linux                                                        |
| uname.machine                   | x86_64                                                       |
| uname.node                      | c11                                                          |
| uname.processor                 | x86_64                                                       |
| uname.release                   | 3.10.0-1160.76.1.el7.x86_64                                  |
| uname.system                    | Linux                                                        |
| uname.version                   | #1 SMP Tue Jul 26 14:15:37 UTC 2022                          |
| user                            | haiyang                                                      |
+---------------------------------+--------------------------------------------------------------+

+---------------+----------+--------+--------+---------------------+---------------------------------------------------------------------------------------------------------------------+-------+--------+---------+-------+-------------------------------------+
| Name          | Status   |   Time |    Sum | Start               | tag                                                                                                                 | msg   | Node   | User    | OS    | Version                             |
|---------------+----------+--------+--------+---------------------+---------------------------------------------------------------------------------------------------------------------+-------+--------+---------+-------+-------------------------------------|
| mpi-mergesort | ok       | 71.646 | 71.646 | 2022-11-20 14:21:52 | {'user': 'alex', 'node': 'v100', 'debug': False, 'size': 10000000, 'subsort': 'mp', 'sort': 'mpi', 'c': 24, 'p': 1} |       | c11    | haiyang | Linux | #1 SMP Tue Jul 26 14:15:37 UTC 2022 |
| mpi-generate  | ok       |  0.161 |  0.161 | 2022-11-20 14:21:52 | {'user': 'alex', 'node': 'v100', 'debug': False, 'size': 10000000, 'subsort': 'mp', 'sort': 'mpi', 'c': 24, 'p': 1} |       | c11    | haiyang | Linux | #1 SMP Tue Jul 26 14:15:37 UTC 2022 |
+---------------+----------+--------+--------+---------------------+---------------------------------------------------------------------------------------------------------------------+-------+--------+---------+-------+-------------------------------------+
# csv,timer,status,time,sum,start,tag,msg,uname.node,user,uname.system,platform.version
# csv,mpi-mergesort,ok,71.646,71.646,2022-11-20 14:21:52,{'user': 'alex', 'node': 'v100', 'debug': False, 'size': 10000000, 'subsort': 'mp', 'sort': 'mpi', 'c': 24, 'p': 1},None,c11,haiyang,Linux,#1 SMP Tue Jul 26 14:15:37 UTC 2022
# csv,mpi-generate,ok,0.161,0.161,2022-11-20 14:21:52,{'user': 'alex', 'node': 'v100', 'debug': False, 'size': 10000000, 'subsort': 'mp', 'sort': 'mpi', 'c': 24, 'p': 1},None,c11,haiyang,Linux,#1 SMP Tue Jul 26 14:15:37 UTC 2022

