Starting experiment
Processes: 1
Cores:     4
Size:      100000
Repeat:    5
Debug:     False
Sort:      MPI
Algorithm: mp
Tag:       None
Total:     5
Experiment 4         : size=100000 processes=1 cores=4 repeat=0 last_time=undefined                     
Experiment 3         : size=100000 processes=1 cores=4 repeat=1 last_time=undefined                     
Experiment 2         : size=100000 processes=1 cores=4 repeat=2 last_time=undefined                     
Experiment 1         : size=100000 processes=1 cores=4 repeat=3 last_time=undefined                     
Experiment 0         : size=100000 processes=1 cores=4 repeat=4 last_time=undefined                     
           | "https://bugzilla.redhat.com/"                               |
| CPE_NAME                        | "cpe:/o:redhat:enterprise_linux:7.9:GA:server"               |
| HOME_URL                        | "https://www.redhat.com/"                                    |
| ID                              | "rhel"                                                       |
| ID_LIKE                         | "fedora"                                                     |
| NAME                            | "Red Hat Enterprise Linux Server"                            |
| PRETTY_NAME                     | "Red Hat Enterprise Linux Server 7.9 (Maipo)"                |
| REDHAT_BUGZILLA_PRODUCT         | "Red Hat Enterprise Linux 7"                                 |
| REDHAT_BUGZILLA_PRODUCT_VERSION | 7.9                                                          |
| REDHAT_SUPPORT_PRODUCT          | "Red Hat Enterprise Linux"                                   |
| REDHAT_SUPPORT_PRODUCT_VERSION  | "7.9"                                                        |
| VARIANT                         | "Server"                                                     |
| VARIANT_ID                      | "server"                                                     |
| VERSION                         | "7.9 (Maipo)"                                                |
| VERSION_ID                      | "7.9"                                                        |
| cpu                             | Intel(R) Xeon(R) CPU E5-2650 v4 @ 2.20GHz                    |
| cpu_cores                       | 24                                                           |
| cpu_count                       | 24                                                           |
| cpu_threads                     | 24                                                           |
| date                            | 2022-11-20 07:56:38.870068                                   |
| frequency                       | scpufreq(current=1.5809166666666663, min=1200.0, max=2900.0) |
| mem.active                      | 34.1 GiB                                                     |
| mem.available                   | 209.8 GiB                                                    |
| mem.free                        | 205.1 GiB                                                    |
| mem.inactive                    | 5.7 GiB                                                      |
| mem.percent                     | 16.4 %                                                       |
| mem.total                       | 251.1 GiB                                                    |
| mem.used                        | 34.7 GiB                                                     |
| platform.version                | #1 SMP Tue Jul 26 14:15:37 UTC 2022                          |
| python                          | 3.9.8 (main, Feb  8 2022, 08:35:13)                          |
|                                 | [GCC 6.3.0]                                                  |
| python.pip                      | 22.2.2                                                       |
| python.version                  | 3.9.8                                                        |
| sys.platform                    | linux                                                        |
| uname.machine                   | x86_64                                                       |
| uname.node                      | x1                                                           |
| uname.processor                 | x86_64                                                       |
| uname.release                   | 3.10.0-1160.76.1.el7.x86_64                                  |
| uname.system                    | Linux                                                        |
| uname.version                   | #1 SMP Tue Jul 26 14:15:37 UTC 2022                          |
| user                            | haiyang                                                      |
+---------------------------------+--------------------------------------------------------------+

+---------------+----------+--------+-------+---------------------+------------------------------------------------------------------------------------------------------------------+-------+--------+---------+-------+-------------------------------------+
| Name          | Status   |   Time |   Sum | Start               | tag                                                                                                              | msg   | Node   | User    | OS    | Version                             |
|---------------+----------+--------+-------+---------------------+------------------------------------------------------------------------------------------------------------------+-------+--------+---------+-------+-------------------------------------|
| mpi-mergesort | ok       |  0.694 | 0.694 | 2022-11-20 07:56:38 | {'user': 'alex', 'node': 'v100', 'debug': False, 'size': 100000, 'subsort': 'mp', 'sort': 'mpi', 'c': 4, 'p': 1} |       | x1     | haiyang | Linux | #1 SMP Tue Jul 26 14:15:37 UTC 2022 |
| mpi-generate  | ok       |  0.002 | 0.002 | 2022-11-20 07:56:38 | {'user': 'alex', 'node': 'v100', 'debug': False, 'size': 100000, 'subsort': 'mp', 'sort': 'mpi', 'c': 4, 'p': 1} |       | x1     | haiyang | Linux | #1 SMP Tue Jul 26 14:15:37 UTC 2022 |
+---------------+----------+--------+-------+---------------------+------------------------------------------------------------------------------------------------------------------+-------+--------+---------+-------+-------------------------------------+
# csv,timer,status,time,sum,start,tag,msg,uname.node,user,uname.system,platform.version
# csv,mpi-mergesort,ok,0.694,0.694,2022-11-20 07:56:38,{'user': 'alex', 'node': 'v100', 'debug': False, 'size': 100000, 'subsort': 'mp', 'sort': 'mpi', 'c': 4, 'p': 1},None,x1,haiyang,Linux,#1 SMP Tue Jul 26 14:15:37 UTC 2022
# csv,mpi-generate,ok,0.002,0.002,2022-11-20 07:56:38,{'user': 'alex', 'node': 'v100', 'debug': False, 'size': 100000, 'subsort': 'mp', 'sort': 'mpi', 'c': 4, 'p': 1},None,x1,haiyang,Linux,#1 SMP Tue Jul 26 14:15:37 UTC 2022


+---------------------------------+--------------------------------------------------------------+
| Attribute                       | Value                                                        |
|---------------------------------+--------------------------------------------------------------|
| ANSI_COLOR                      | "0;31"                                                       |
| BUG_REPORT_URL                  | "https://bugzilla.redhat.com/"                               |
| CPE_NAME                        | "cpe:/o:redhat:enterprise_linux:7.9:GA:server"               |
| HOME_URL                        | "https://www.redhat.com/"                                    |
| ID                              | "rhel"                                                       |
| ID_LIKE                         | "fedora"                                                     |
| NAME                            | "Red Hat Enterprise Linux Server"                            |
| PRETTY_NAME                     | "Red Hat Enterprise Linux Server 7.9 (Maipo)"                |
| REDHAT_BUGZILLA_PRODUCT         | "Red Hat Enterprise Linux 7"                                 |
| REDHAT_BUGZILLA_PRODUCT_VERSION | 7.9                                                          |
| REDHAT_SUPPORT_PRODUCT          | "Red Hat Enterprise Linux"                                   |
| REDHAT_SUPPORT_PRODUCT_VERSION  | "7.9"                                                        |
| VARIANT                         | "Server"                                                     |
| VARIANT_ID                      | "server"                                                     |
| VERSION                         | "7.9 (Maipo)"                                                |
| VERSION_ID                      | "7.9"                                                        |
| cpu                             | Intel(R) Xeon(R) CPU E5-2650 v4 @ 2.20GHz                    |
| cpu_cores                       | 24                                                           |
| cpu_count                       | 24                                                           |
| cpu_threads                     | 24                                                           |
| date                            | 2022-11-20 07:56:42.311102                                   |
| frequency                       | scpufreq(current=1.5456249999999996, min=1200.0, max=2900.0) |
| mem.active                      | 40.5 GiB                                                     |
| mem.available                   | 203.4 GiB                                                    |
| mem.free                        | 198.7 GiB                                                    |
| mem.inactive                    | 5.7 GiB                                                      |
| mem.percent                     | 19.0 %                                                       |
| mem.total                       | 251.1 GiB                                                    |
| mem.used                        | 41.1 GiB                                                     |
| platform.version                | #1 SMP Tue Jul 26 14:15:37 UTC 2022                          |
| python                          | 3.9.8 (main, Feb  8 2022, 08:35:13)                          |
|                                 | [GCC 6.3.0]                                                  |
| python.pip                      | 22.2.2                                                       |
| python.version                  | 3.9.8                                                        |
| sys.platform                    | linux                                                        |
| uname.machine                   | x86_64                                                       |
| uname.node                      | x1                                                           |
| uname.processor                 | x86_64                                                       |
| uname.release                   | 3.10.0-1160.76.1.el7.x86_64                                  |
| uname.system                    | Linux                                                        |
| uname.version                   | #1 SMP Tue Jul 26 14:15:37 UTC 2022                          |
| user                            | haiyang                                                      |
+---------------------------------+--------------------------------------------------------------+

+---------------+----------+--------+-------+---------------------+------------------------------------------------------------------------------------------------------------------+-------+--------+---------+-------+-------------------------------------+
| Name          | Status   |   Time |   Sum | Start               | tag                                                                                                              | msg   | Node   | User    | OS    | Version                             |
|---------------+----------+--------+-------+---------------------+------------------------------------------------------------------------------------------------------------------+-------+--------+---------+-------+-------------------------------------|
| mpi-mergesort | ok       |  0.683 | 0.683 | 2022-11-20 07:56:41 | {'user': 'alex', 'node': 'v100', 'debug': False, 'size': 100000, 'subsort': 'mp', 'sort': 'mpi', 'c': 4, 'p': 1} |       | x1     | haiyang | Linux | #1 SMP Tue Jul 26 14:15:37 UTC 2022 |
| mpi-generate  | ok       |  0.002 | 0.002 | 2022-11-20 07:56:41 | {'user': 'alex', 'node': 'v100', 'debug': False, 'size': 100000, 'subsort': 'mp', 'sort': 'mpi', 'c': 4, 'p': 1} |       | x1     | haiyang | Linux | #1 SMP Tue Jul 26 14:15:37 UTC 2022 |
+---------------+----------+--------+-------+---------------------+------------------------------------------------------------------------------------------------------------------+-------+--------+---------+-------+-------------------------------------+
# csv,timer,status,time,sum,start,tag,msg,uname.node,user,uname.system,platform.version
# csv,mpi-mergesort,ok,0.683,0.683,2022-11-20 07:56:41,{'user': 'alex', 'node': 'v100', 'debug': False, 'size': 100000, 'subsort': 'mp', 'sort': 'mpi', 'c': 4, 'p': 1},None,x1,haiyang,Linux,#1 SMP Tue Jul 26 14:15:37 UTC 2022
# csv,mpi-generate,ok,0.002,0.002,2022-11-20 07:56:41,{'user': 'alex', 'node': 'v100', 'debug': False, 'size': 100000, 'subsort': 'mp', 'sort': 'mpi', 'c': 4, 'p': 1},None,x1,haiyang,Linux,#1 SMP Tue Jul 26 14:15:37 UTC 2022


+---------------------------------+--------------------------------------------------------------+
| Attribute                       | Value                                                        |
|---------------------------------+--------------------------------------------------------------|
| ANSI_COLOR                      | "0;31"                                                       |
| BUG_REPORT_URL                  | "https://bugzilla.redhat.com/"                               |
| CPE_NAME                        | "cpe:/o:redhat:enterprise_linux:7.9:GA:server"               |
| HOME_URL                        | "https://www.redhat.com/"                                    |
| ID                              | "rhel"                                                       |
| ID_LIKE                         | "fedora"                                                     |
| NAME                            | "Red Hat Enterprise Linux Server"                            |
| PRETTY_NAME                     | "Red Hat Enterprise Linux Server 7.9 (Maipo)"                |
| REDHAT_BUGZILLA_PRODUCT         | "Red Hat Enterprise Linux 7"                                 |
| REDHAT_BUGZILLA_PRODUCT_VERSION | 7.9                                                          |
| REDHAT_SUPPORT_PRODUCT          | "Red Hat Enterprise Linux"                                   |
| REDHAT_SUPPORT_PRODUCT_VERSION  | "7.9"                                                        |
| VARIANT                         | "Server"                                                     |
| VARIANT_ID                      | "server"                                                     |
| VERSION                         | "7.9 (Maipo)"                                                |
| VERSION_ID                      | "7.9"                                                        |
| cpu                             | Intel(R) Xeon(R) CPU E5-2650 v4 @ 2.20GHz                    |
| cpu_cores                       | 24                                                           |
| cpu_count                       | 24                                                           |
| cpu_threads                     | 24                                                           |
| date                            | 2022-11-20 07:56:45.757319                                   |
| frequency                       | scpufreq(current=1.5759999999999998, min=1200.0, max=2900.0) |
| mem.active                      | 32.6 GiB                                                     |
| mem.available                   | 211.3 GiB                                                    |
| mem.free                        | 206.6 GiB                                                    |
| mem.inactive                    | 5.7 GiB                                                      |
| mem.percent                     | 15.8 %                                                       |
| mem.total                       | 251.1 GiB                                                    |
| mem.used                        | 33.3 GiB                                                     |
| platform.version                | #1 SMP Tue Jul 26 14:15:37 UTC 2022                          |
| python                          | 3.9.8 (main, Feb  8 2022, 08:35:13)                          |
|                                 | [GCC 6.3.0]                                                  |
| python.pip                      | 22.2.2                                                       |
| python.version                  | 3.9.8                                                        |
| sys.platform                    | linux                                                        |
| uname.machine                   | x86_64                                                       |
| uname.node                      | x1                                                           |
| uname.processor                 | x86_64                                                       |
| uname.release                   | 3.10.0-1160.76.1.el7.x86_64                                  |
| uname.system                    | Linux                                                        |
| uname.version                   | #1 SMP Tue Jul 26 14:15:37 UTC 2022                          |
| user                            | haiyang                                                      |
+---------------------------------+--------------------------------------------------------------+

+---------------+----------+--------+-------+---------------------+------------------------------------------------------------------------------------------------------------------+-------+--------+---------+-------+-------------------------------------+
| Name          | Status   |   Time |   Sum | Start               | tag                                                                                                              | msg   | Node   | User    | OS    | Version                             |
|---------------+----------+--------+-------+---------------------+------------------------------------------------------------------------------------------------------------------+-------+--------+---------+-------+-------------------------------------|
| mpi-mergesort | ok       |  0.69  | 0.69  | 2022-11-20 07:56:45 | {'user': 'alex', 'node': 'v100', 'debug': False, 'size': 100000, 'subsort': 'mp', 'sort': 'mpi', 'c': 4, 'p': 1} |       | x1     | haiyang | Linux | #1 SMP Tue Jul 26 14:15:37 UTC 2022 |
| mpi-generate  | ok       |  0.002 | 0.002 | 2022-11-20 07:56:45 | {'user': 'alex', 'node': 'v100', 'debug': False, 'size': 100000, 'subsort': 'mp', 'sort': 'mpi', 'c': 4, 'p': 1} |       | x1     | haiyang | Linux | #1 SMP Tue Jul 26 14:15:37 UTC 2022 |
+---------------+----------+--------+-------+---------------------+------------------------------------------------------------------------------------------------------------------+-------+--------+---------+-------+-------------------------------------+
# csv,timer,status,time,sum,start,tag,msg,uname.node,user,uname.system,platform.version
# csv,mpi-mergesort,ok,0.69,0.69,2022-11-20 07:56:45,{'user': 'alex', 'node': 'v100', 'debug': False, 'size': 100000, 'subsort': 'mp', 'sort': 'mpi', 'c': 4, 'p': 1},None,x1,haiyang,Linux,#1 SMP Tue Jul 26 14:15:37 UTC 2022
# csv,mpi-generate,ok,0.002,0.002,2022-11-20 07:56:45,{'user': 'alex', 'node': 'v100', 'debug': False, 'size': 100000, 'subsort': 'mp', 'sort': 'mpi', 'c': 4, 'p': 1},None,x1,haiyang,Linux,#1 SMP Tue Jul 26 14:15:37 UTC 2022


+---------------------------------+----------------------------------------------------+
| Attribute                       | Value                                              |
|---------------------------------+----------------------------------------------------|
| ANSI_COLOR                      | "0;31"                                             |
| BUG_REPORT_URL                  | "https://bugzilla.redhat.com/"                     |
| CPE_NAME                        | "cpe:/o:redhat:enterprise_linux:7.9:GA:server"     |
| HOME_URL                        | "https://www.redhat.com/"                          |
| ID                              | "rhel"                                             |
| ID_LIKE                         | "fedora"                                           |
| NAME                            | "Red Hat Enterprise Linux Server"                  |
| PRETTY_NAME                     | "Red Hat Enterprise Linux Server 7.9 (Maipo)"      |
| REDHAT_BUGZILLA_PRODUCT         | "Red Hat Enterprise Linux 7"                       |
| REDHAT_BUGZILLA_PRODUCT_VERSION | 7.9                                                |
| REDHAT_SUPPORT_PRODUCT          | "Red Hat Enterprise Linux"                         |
| REDHAT_SUPPORT_PRODUCT_VERSION  | "7.9"                                              |
| VARIANT                         | "Server"                                           |
| VARIANT_ID                      | "server"                                           |
| VERSION                         | "7.9 (Maipo)"                                      |
| VERSION_ID                      | "7.9"                                              |
| cpu                             | Intel(R) Xeon(R) CPU E5-2650 v4 @ 2.20GHz          |
| cpu_cores                       | 24                                                 |
| cpu_count                       | 24                                                 |
| cpu_threads                     | 24                                                 |
| date                            | 2022-11-20 07:56:49.193561                         |
| frequency                       | scpufreq(current=1.568125, min=1200.0, max=2900.0) |
| mem.active                      | 32.6 GiB                                           |
| mem.available                   | 211.3 GiB                                          |
| mem.free                        | 206.6 GiB                                          |
| mem.inactive                    | 5.7 GiB                                            |
| mem.percent                     | 15.8 %                                             |
| mem.total                       | 251.1 GiB                                          |
| mem.used                        | 33.3 GiB                                           |
| platform.version                | #1 SMP Tue Jul 26 14:15:37 UTC 2022                |
| python                          | 3.9.8 (main, Feb  8 2022, 08:35:13)                |
|                                 | [GCC 6.3.0]                                        |
| python.pip                      | 22.2.2                                             |
| python.version                  | 3.9.8                                              |
| sys.platform                    | linux                                              |
| uname.machine                   | x86_64                                             |
| uname.node                      | x1                                                 |
| uname.processor                 | x86_64                                             |
| uname.release                   | 3.10.0-1160.76.1.el7.x86_64                        |
| uname.system                    | Linux                                              |
| uname.version                   | #1 SMP Tue Jul 26 14:15:37 UTC 2022                |
| user                            | haiyang                                            |
+---------------------------------+----------------------------------------------------+

+---------------+----------+--------+-------+---------------------+------------------------------------------------------------------------------------------------------------------+-------+--------+---------+-------+-------------------------------------+
| Name          | Status   |   Time |   Sum | Start               | tag                                                                                                              | msg   | Node   | User    | OS    | Version                             |
|---------------+----------+--------+-------+---------------------+------------------------------------------------------------------------------------------------------------------+-------+--------+---------+-------+-------------------------------------|
| mpi-mergesort | ok       |  0.687 | 0.687 | 2022-11-20 07:56:48 | {'user': 'alex', 'node': 'v100', 'debug': False, 'size': 100000, 'subsort': 'mp', 'sort': 'mpi', 'c': 4, 'p': 1} |       | x1     | haiyang | Linux | #1 SMP Tue Jul 26 14:15:37 UTC 2022 |
| mpi-generate  | ok       |  0.002 | 0.002 | 2022-11-20 07:56:48 | {'user': 'alex', 'node': 'v100', 'debug': False, 'size': 100000, 'subsort': 'mp', 'sort': 'mpi', 'c': 4, 'p': 1} |       | x1     | haiyang | Linux | #1 SMP Tue Jul 26 14:15:37 UTC 2022 |
+---------------+----------+--------+-------+---------------------+------------------------------------------------------------------------------------------------------------------+-------+--------+---------+-------+-------------------------------------+
# csv,timer,status,time,sum,start,tag,msg,uname.node,user,uname.system,platform.version
# csv,mpi-mergesort,ok,0.687,0.687,2022-11-20 07:56:48,{'user': 'alex', 'node': 'v100', 'debug': False, 'size': 100000, 'subsort': 'mp', 'sort': 'mpi', 'c': 4, 'p': 1},None,x1,haiyang,Linux,#1 SMP Tue Jul 26 14:15:37 UTC 2022
# csv,mpi-generate,ok,0.002,0.002,2022-11-20 07:56:48,{'user': 'alex', 'node': 'v100', 'debug': False, 'size': 100000, 'subsort': 'mp', 'sort': 'mpi', 'c': 4, 'p': 1},None,x1,haiyang,Linux,#1 SMP Tue Jul 26 14:15:37 UTC 2022


+---------------------------------+--------------------------------------------------------------+
| Attribute                       | Value                                                        |
|---------------------------------+--------------------------------------------------------------|
| ANSI_COLOR                      | "0;31"                                                       |
| BUG_REPORT_URL                  | "https://bugzilla.redhat.com/"                               |
| CPE_NAME                        | "cpe:/o:redhat:enterprise_linux:7.9:GA:server"               |
| HOME_URL                        | "https://www.redhat.com/"                                    |
| ID                              | "rhel"                                                       |
| ID_LIKE                         | "fedora"                                                     |
| NAME                            | "Red Hat Enterprise Linux Server"                            |
| PRETTY_NAME                     | "Red Hat Enterprise Linux Server 7.9 (Maipo)"                |
| REDHAT_BUGZILLA_PRODUCT         | "Red Hat Enterprise Linux 7"                                 |
| REDHAT_BUGZILLA_PRODUCT_VERSION | 7.9                                                          |
| REDHAT_SUPPORT_PRODUCT          | "Red Hat Enterprise Linux"                                   |
| REDHAT_SUPPORT_PRODUCT_VERSION  | "7.9"                                                        |
| VARIANT                         | "Server"                                                     |
| VARIANT_ID                      | "server"                                                     |
| VERSION                         | "7.9 (Maipo)"                                                |
| VERSION_ID                      | "7.9"                                                        |
| cpu                             | Intel(R) Xeon(R) CPU E5-2650 v4 @ 2.20GHz                    |
| cpu_cores                       | 24                                                           |
| cpu_count                       | 24                                                           |
| cpu_threads                     | 24                                                           |
| date                            | 2022-11-20 07:56:52.639589                                   |
| frequency                       | scpufreq(current=1.5587083333333334, min=1200.0, max=2900.0) |
| mem.active                      | 32.6 GiB                                                     |
| mem.available                   | 211.3 GiB                                                    |
| mem.free                        | 206.6 GiB                                                    |
| mem.inactive                    | 5.7 GiB                                                      |
| mem.percent                     | 15.8 %                                                       |
| mem.total                       | 251.1 GiB                                                    |
| mem.used                        | 33.3 GiB                                                     |
| platform.version                | #1 SMP Tue Jul 26 14:15:37 UTC 2022                          |
| python                          | 3.9.8 (main, Feb  8 2022, 08:35:13)                          |
|                                 | [GCC 6.3.0]                                                  |
| python.pip                      | 22.2.2                                                       |
| python.version                  | 3.9.8                                                        |
| sys.platform                    | linux                                                        |
| uname.machine                   | x86_64                                                       |
| uname.node                      | x1                                                           |
| uname.processor                 | x86_64                                                       |
| uname.release                   | 3.10.0-1160.76.1.el7.x86_64                                  |
| uname.system                    | Linux                                                        |
| uname.version                   | #1 SMP Tue Jul 26 14:15:37 UTC 2022                          |
| user                            | haiyang                                                      |
+---------------------------------+--------------------------------------------------------------+

+---------------+----------+--------+-------+---------------------+------------------------------------------------------------------------------------------------------------------+-------+--------+---------+-------+-------------------------------------+
| Name          | Status   |   Time |   Sum | Start               | tag                                                                                                              | msg   | Node   | User    | OS    | Version                             |
|---------------+----------+--------+-------+---------------------+------------------------------------------------------------------------------------------------------------------+-------+--------+---------+-------+-------------------------------------|
| mpi-mergesort | ok       |  0.71  | 0.71  | 2022-11-20 07:56:51 | {'user': 'alex', 'node': 'v100', 'debug': False, 'size': 100000, 'subsort': 'mp', 'sort': 'mpi', 'c': 4, 'p': 1} |       | x1     | haiyang | Linux | #1 SMP Tue Jul 26 14:15:37 UTC 2022 |
| mpi-generate  | ok       |  0.002 | 0.002 | 2022-11-20 07:56:51 | {'user': 'alex', 'node': 'v100', 'debug': False, 'size': 100000, 'subsort': 'mp', 'sort': 'mpi', 'c': 4, 'p': 1} |       | x1     | haiyang | Linux | #1 SMP Tue Jul 26 14:15:37 UTC 2022 |
+---------------+----------+--------+-------+---------------------+------------------------------------------------------------------------------------------------------------------+-------+--------+---------+-------+-------------------------------------+
# csv,timer,status,time,sum,start,tag,msg,uname.node,user,uname.system,platform.version
# csv,mpi-mergesort,ok,0.71,0.71,2022-11-20 07:56:51,{'user': 'alex', 'node': 'v100', 'debug': False, 'size': 100000, 'subsort': 'mp', 'sort': 'mpi', 'c': 4, 'p': 1},None,x1,haiyang,Linux,#1 SMP Tue Jul 26 14:15:37 UTC 2022
# csv,mpi-generate,ok,0.002,0.002,2022-11-20 07:56:51,{'user': 'alex', 'node': 'v100', 'debug': False, 'size': 100000, 'subsort': 'mp', 'sort': 'mpi', 'c': 4, 'p': 1},None,x1,haiyang,Linux,#1 SMP Tue Jul 26 14:15:37 UTC 2022

