Starting experiment
Processes: 8
Cores:     6
Size:      10000000
Repeat:    10
Debug:     False
Sort:      MPI
Algorithm: mp
Tag:       None
Total:     10
Experiment 9         : size=10000000 processes=8 cores=6 repeat=0 last_time=undefined                     
Experiment 8         : size=10000000 processes=8 cores=6 repeat=1 last_time=undefined                     
Experiment 7         : size=10000000 processes=8 cores=6 repeat=2 last_time=undefined                     
Experiment 6         : size=10000000 processes=8 cores=6 repeat=3 last_time=undefined                     
Experiment 5         : size=10000000 processes=8 cores=6 repeat=4 last_time=undefined                     
Experiment 4         : size=10000000 processes=8 cores=6 repeat=5 last_time=undefined                     
Experiment 3         : size=10000000 processes=8 cores=6 repeat=6 last_time=undefined                     
Experiment 2         : size=10000000 processes=8 cores=6 repeat=7 last_time=undefined                     
Experiment 1         : size=10000000 processes=8 cores=6 repeat=8 last_time=undefined                     
Experiment 0         : size=10000000 processes=8 cores=6 repeat=9 last_time=undefined                     
                          |
| PRETTY_NAME                     | "Red Hat Enterprise Linux Server 7.9 (Maipo)"                |
| REDHAT_BUGZILLA_PRODUCT         | "Red Hat Enterprise Linux 7"                                 |
| REDHAT_BUGZILLA_PRODUCT_VERSION | 7.9                                                          |
| REDHAT_SUPPORT_PRODUCT          | "Red Hat Enterprise Linux"                                   |
| REDHAT_SUPPORT_PRODUCT_VERSION  | "7.9"                                                        |
| VARIANT                         | "Server"                                                     |
| VARIANT_ID                      | "server"                                                     |
| VERSION                         | "7.9 (Maipo)"                                                |
| VERSION_ID                      | "7.9"                                                        |
| cpu                             | Intel(R) Xeon(R) CPU E5-2680 v3 @ 2.50GHz                    |
| cpu_cores                       | 24                                                           |
| cpu_count                       | 24                                                           |
| cpu_threads                     | 24                                                           |
| date                            | 2022-11-19 23:39:39.392330                                   |
| frequency                       | scpufreq(current=1.4990416666666677, min=1200.0, max=3300.0) |
| mem.active                      | 16.3 GiB                                                     |
| mem.available                   | 223.4 GiB                                                    |
| mem.free                        | 219.9 GiB                                                    |
| mem.inactive                    | 3.8 GiB                                                      |
| mem.percent                     | 11.0 %                                                       |
| mem.total                       | 251.1 GiB                                                    |
| mem.used                        | 19.9 GiB                                                     |
| platform.version                | #1 SMP Tue Jul 26 14:15:37 UTC 2022                          |
| python                          | 3.9.8 (main, Feb  8 2022, 08:35:13)                          |
|                                 | [GCC 6.3.0]                                                  |
| python.pip                      | 22.2.2                                                       |
| python.version                  | 3.9.8                                                        |
| sys.platform                    | linux                                                        |
| uname.machine                   | x86_64                                                       |
| uname.node                      | c8                                                           |
| uname.processor                 | x86_64                                                       |
| uname.release                   | 3.10.0-1160.76.1.el7.x86_64                                  |
| uname.system                    | Linux                                                        |
| uname.version                   | #1 SMP Tue Jul 26 14:15:37 UTC 2022                          |
| user                            | haiyang                                                      |
+---------------------------------+--------------------------------------------------------------+

+---------------+----------+--------+--------+---------------------+--------------------------------------------------------------------------------------------------------------------+-------+--------+---------+-------+-------------------------------------+
| Name          | Status   |   Time |    Sum | Start               | tag                                                                                                                | msg   | Node   | User    | OS    | Version                             |
|---------------+----------+--------+--------+---------------------+--------------------------------------------------------------------------------------------------------------------+-------+--------+---------+-------+-------------------------------------|
| mpi-mergesort | ok       | 10.428 | 10.428 | 2022-11-19 23:39:28 | {'user': 'alex', 'node': 'v100', 'debug': False, 'size': 10000000, 'subsort': 'mp', 'sort': 'mpi', 'c': 6, 'p': 8} |       | c8     | haiyang | Linux | #1 SMP Tue Jul 26 14:15:37 UTC 2022 |
| mpi-generate  | ok       |  0.163 |  0.163 | 2022-11-19 23:39:28 | {'user': 'alex', 'node': 'v100', 'debug': False, 'size': 10000000, 'subsort': 'mp', 'sort': 'mpi', 'c': 6, 'p': 8} |       | c8     | haiyang | Linux | #1 SMP Tue Jul 26 14:15:37 UTC 2022 |
+---------------+----------+--------+--------+---------------------+--------------------------------------------------------------------------------------------------------------------+-------+--------+---------+-------+-------------------------------------+
# csv,timer,status,time,sum,start,tag,msg,uname.node,user,uname.system,platform.version
# csv,mpi-mergesort,ok,10.428,10.428,2022-11-19 23:39:28,{'user': 'alex', 'node': 'v100', 'debug': False, 'size': 10000000, 'subsort': 'mp', 'sort': 'mpi', 'c': 6, 'p': 8},None,c8,haiyang,Linux,#1 SMP Tue Jul 26 14:15:37 UTC 2022
# csv,mpi-generate,ok,0.163,0.163,2022-11-19 23:39:28,{'user': 'alex', 'node': 'v100', 'debug': False, 'size': 10000000, 'subsort': 'mp', 'sort': 'mpi', 'c': 6, 'p': 8},None,c8,haiyang,Linux,#1 SMP Tue Jul 26 14:15:37 UTC 2022


+---------------------------------+--------------------------------------------------------------+
| Attribute                       | Value                                                        |
|---------------------------------+--------------------------------------------------------------|
| ANSI_COLOR                      | "0;31"                                                       |
| BUG_REPORT_URL                  | "https://bugzilla.redhat.com/"                               |
| CPE_NAME                        | "cpe:/o:redhat:enterprise_linux:7.9:GA:server"               |
| HOME_URL                        | "https://www.redhat.com/"                                    |
| ID                              | "rhel"                                                       |
| ID_LIKE                         | "fedora"                                                     |
| NAME                            | "Red Hat Enterprise Linux Server"                            |
| PRETTY_NAME                     | "Red Hat Enterprise Linux Server 7.9 (Maipo)"                |
| REDHAT_BUGZILLA_PRODUCT         | "Red Hat Enterprise Linux 7"                                 |
| REDHAT_BUGZILLA_PRODUCT_VERSION | 7.9                                                          |
| REDHAT_SUPPORT_PRODUCT          | "Red Hat Enterprise Linux"                                   |
| REDHAT_SUPPORT_PRODUCT_VERSION  | "7.9"                                                        |
| VARIANT                         | "Server"                                                     |
| VARIANT_ID                      | "server"                                                     |
| VERSION                         | "7.9 (Maipo)"                                                |
| VERSION_ID                      | "7.9"                                                        |
| cpu                             | Intel(R) Xeon(R) CPU E5-2680 v3 @ 2.50GHz                    |
| cpu_cores                       | 24                                                           |
| cpu_count                       | 24                                                           |
| cpu_threads                     | 24                                                           |
| date                            | 2022-11-19 23:39:52.442736                                   |
| frequency                       | scpufreq(current=1.5459166666666668, min=1200.0, max=3300.0) |
| mem.active                      | 16.2 GiB                                                     |
| mem.available                   | 223.5 GiB                                                    |
| mem.free                        | 220.0 GiB                                                    |
| mem.inactive                    | 3.8 GiB                                                      |
| mem.percent                     | 11.0 %                                                       |
| mem.total                       | 251.1 GiB                                                    |
| mem.used                        | 19.8 GiB                                                     |
| platform.version                | #1 SMP Tue Jul 26 14:15:37 UTC 2022                          |
| python                          | 3.9.8 (main, Feb  8 2022, 08:35:13)                          |
|                                 | [GCC 6.3.0]                                                  |
| python.pip                      | 22.2.2                                                       |
| python.version                  | 3.9.8                                                        |
| sys.platform                    | linux                                                        |
| uname.machine                   | x86_64                                                       |
| uname.node                      | c8                                                           |
| uname.processor                 | x86_64                                                       |
| uname.release                   | 3.10.0-1160.76.1.el7.x86_64                                  |
| uname.system                    | Linux                                                        |
| uname.version                   | #1 SMP Tue Jul 26 14:15:37 UTC 2022                          |
| user                            | haiyang                                                      |
+---------------------------------+--------------------------------------------------------------+

+---------------+----------+--------+--------+---------------------+--------------------------------------------------------------------------------------------------------------------+-------+--------+---------+-------+-------------------------------------+
| Name          | Status   |   Time |    Sum | Start               | tag                                                                                                                | msg   | Node   | User    | OS    | Version                             |
|---------------+----------+--------+--------+---------------------+--------------------------------------------------------------------------------------------------------------------+-------+--------+---------+-------+-------------------------------------|
| mpi-mergesort | ok       | 10.238 | 10.238 | 2022-11-19 23:39:42 | {'user': 'alex', 'node': 'v100', 'debug': False, 'size': 10000000, 'subsort': 'mp', 'sort': 'mpi', 'c': 6, 'p': 8} |       | c8     | haiyang | Linux | #1 SMP Tue Jul 26 14:15:37 UTC 2022 |
| mpi-generate  | ok       |  0.164 |  0.164 | 2022-11-19 23:39:42 | {'user': 'alex', 'node': 'v100', 'debug': False, 'size': 10000000, 'subsort': 'mp', 'sort': 'mpi', 'c': 6, 'p': 8} |       | c8     | haiyang | Linux | #1 SMP Tue Jul 26 14:15:37 UTC 2022 |
+---------------+----------+--------+--------+---------------------+--------------------------------------------------------------------------------------------------------------------+-------+--------+---------+-------+-------------------------------------+
# csv,timer,status,time,sum,start,tag,msg,uname.node,user,uname.system,platform.version
# csv,mpi-mergesort,ok,10.238,10.238,2022-11-19 23:39:42,{'user': 'alex', 'node': 'v100', 'debug': False, 'size': 10000000, 'subsort': 'mp', 'sort': 'mpi', 'c': 6, 'p': 8},None,c8,haiyang,Linux,#1 SMP Tue Jul 26 14:15:37 UTC 2022
# csv,mpi-generate,ok,0.164,0.164,2022-11-19 23:39:42,{'user': 'alex', 'node': 'v100', 'debug': False, 'size': 10000000, 'subsort': 'mp', 'sort': 'mpi', 'c': 6, 'p': 8},None,c8,haiyang,Linux,#1 SMP Tue Jul 26 14:15:37 UTC 2022


+---------------------------------+--------------------------------------------------------------+
| Attribute                       | Value                                                        |
|---------------------------------+--------------------------------------------------------------|
| ANSI_COLOR                      | "0;31"                                                       |
| BUG_REPORT_URL                  | "https://bugzilla.redhat.com/"                               |
| CPE_NAME                        | "cpe:/o:redhat:enterprise_linux:7.9:GA:server"               |
| HOME_URL                        | "https://www.redhat.com/"                                    |
| ID                              | "rhel"                                                       |
| ID_LIKE                         | "fedora"                                                     |
| NAME                            | "Red Hat Enterprise Linux Server"                            |
| PRETTY_NAME                     | "Red Hat Enterprise Linux Server 7.9 (Maipo)"                |
| REDHAT_BUGZILLA_PRODUCT         | "Red Hat Enterprise Linux 7"                                 |
| REDHAT_BUGZILLA_PRODUCT_VERSION | 7.9                                                          |
| REDHAT_SUPPORT_PRODUCT          | "Red Hat Enterprise Linux"                                   |
| REDHAT_SUPPORT_PRODUCT_VERSION  | "7.9"                                                        |
| VARIANT                         | "Server"                                                     |
| VARIANT_ID                      | "server"                                                     |
| VERSION                         | "7.9 (Maipo)"                                                |
| VERSION_ID                      | "7.9"                                                        |
| cpu                             | Intel(R) Xeon(R) CPU E5-2680 v3 @ 2.50GHz                    |
| cpu_cores                       | 24                                                           |
| cpu_count                       | 24                                                           |
| cpu_threads                     | 24                                                           |
| date                            | 2022-11-19 23:40:06.401036                                   |
| frequency                       | scpufreq(current=1.5405000000000006, min=1200.0, max=3300.0) |
| mem.active                      | 16.2 GiB                                                     |
| mem.available                   | 223.4 GiB                                                    |
| mem.free                        | 219.9 GiB                                                    |
| mem.inactive                    | 3.8 GiB                                                      |
| mem.percent                     | 11.0 %                                                       |
| mem.total                       | 251.1 GiB                                                    |
| mem.used                        | 19.9 GiB                                                     |
| platform.version                | #1 SMP Tue Jul 26 14:15:37 UTC 2022                          |
| python                          | 3.9.8 (main, Feb  8 2022, 08:35:13)                          |
|                                 | [GCC 6.3.0]                                                  |
| python.pip                      | 22.2.2                                                       |
| python.version                  | 3.9.8                                                        |
| sys.platform                    | linux                                                        |
| uname.machine                   | x86_64                                                       |
| uname.node                      | c8                                                           |
| uname.processor                 | x86_64                                                       |
| uname.release                   | 3.10.0-1160.76.1.el7.x86_64                                  |
| uname.system                    | Linux                                                        |
| uname.version                   | #1 SMP Tue Jul 26 14:15:37 UTC 2022                          |
| user                            | haiyang                                                      |
+---------------------------------+--------------------------------------------------------------+

+---------------+----------+--------+--------+---------------------+--------------------------------------------------------------------------------------------------------------------+-------+--------+---------+-------+-------------------------------------+
| Name          | Status   |   Time |    Sum | Start               | tag                                                                                                                | msg   | Node   | User    | OS    | Version                             |
|---------------+----------+--------+--------+---------------------+--------------------------------------------------------------------------------------------------------------------+-------+--------+---------+-------+-------------------------------------|
| mpi-mergesort | ok       | 10.929 | 10.929 | 2022-11-19 23:39:55 | {'user': 'alex', 'node': 'v100', 'debug': False, 'size': 10000000, 'subsort': 'mp', 'sort': 'mpi', 'c': 6, 'p': 8} |       | c8     | haiyang | Linux | #1 SMP Tue Jul 26 14:15:37 UTC 2022 |
| mpi-generate  | ok       |  0.163 |  0.163 | 2022-11-19 23:39:55 | {'user': 'alex', 'node': 'v100', 'debug': False, 'size': 10000000, 'subsort': 'mp', 'sort': 'mpi', 'c': 6, 'p': 8} |       | c8     | haiyang | Linux | #1 SMP Tue Jul 26 14:15:37 UTC 2022 |
+---------------+----------+--------+--------+---------------------+--------------------------------------------------------------------------------------------------------------------+-------+--------+---------+-------+-------------------------------------+
# csv,timer,status,time,sum,start,tag,msg,uname.node,user,uname.system,platform.version
# csv,mpi-mergesort,ok,10.929,10.929,2022-11-19 23:39:55,{'user': 'alex', 'node': 'v100', 'debug': False, 'size': 10000000, 'subsort': 'mp', 'sort': 'mpi', 'c': 6, 'p': 8},None,c8,haiyang,Linux,#1 SMP Tue Jul 26 14:15:37 UTC 2022
# csv,mpi-generate,ok,0.163,0.163,2022-11-19 23:39:55,{'user': 'alex', 'node': 'v100', 'debug': False, 'size': 10000000, 'subsort': 'mp', 'sort': 'mpi', 'c': 6, 'p': 8},None,c8,haiyang,Linux,#1 SMP Tue Jul 26 14:15:37 UTC 2022


+---------------------------------+--------------------------------------------------------------+
| Attribute                       | Value                                                        |
|---------------------------------+--------------------------------------------------------------|
| ANSI_COLOR                      | "0;31"                                                       |
| BUG_REPORT_URL                  | "https://bugzilla.redhat.com/"                               |
| CPE_NAME                        | "cpe:/o:redhat:enterprise_linux:7.9:GA:server"               |
| HOME_URL                        | "https://www.redhat.com/"                                    |
| ID                              | "rhel"                                                       |
| ID_LIKE                         | "fedora"                                                     |
| NAME                            | "Red Hat Enterprise Linux Server"                            |
| PRETTY_NAME                     | "Red Hat Enterprise Linux Server 7.9 (Maipo)"                |
| REDHAT_BUGZILLA_PRODUCT         | "Red Hat Enterprise Linux 7"                                 |
| REDHAT_BUGZILLA_PRODUCT_VERSION | 7.9                                                          |
| REDHAT_SUPPORT_PRODUCT          | "Red Hat Enterprise Linux"                                   |
| REDHAT_SUPPORT_PRODUCT_VERSION  | "7.9"                                                        |
| VARIANT                         | "Server"                                                     |
| VARIANT_ID                      | "server"                                                     |
| VERSION                         | "7.9 (Maipo)"                                                |
| VERSION_ID                      | "7.9"                                                        |
| cpu                             | Intel(R) Xeon(R) CPU E5-2680 v3 @ 2.50GHz                    |
| cpu_cores                       | 24                                                           |
| cpu_count                       | 24                                                           |
| cpu_threads                     | 24                                                           |
| date                            | 2022-11-19 23:40:20.094812                                   |
| frequency                       | scpufreq(current=1.5552500000000002, min=1200.0, max=3300.0) |
| mem.active                      | 16.2 GiB                                                     |
| mem.available                   | 223.5 GiB                                                    |
| mem.free                        | 220.0 GiB                                                    |
| mem.inactive                    | 3.8 GiB                                                      |
| mem.percent                     | 11.0 %                                                       |
| mem.total                       | 251.1 GiB                                                    |
| mem.used                        | 19.9 GiB                                                     |
| platform.version                | #1 SMP Tue Jul 26 14:15:37 UTC 2022                          |
| python                          | 3.9.8 (main, Feb  8 2022, 08:35:13)                          |
|                                 | [GCC 6.3.0]                                                  |
| python.pip                      | 22.2.2                                                       |
| python.version                  | 3.9.8                                                        |
| sys.platform                    | linux                                                        |
| uname.machine                   | x86_64                                                       |
| uname.node                      | c8                                                           |
| uname.processor                 | x86_64                                                       |
| uname.release                   | 3.10.0-1160.76.1.el7.x86_64                                  |
| uname.system                    | Linux                                                        |
| uname.version                   | #1 SMP Tue Jul 26 14:15:37 UTC 2022                          |
| user                            | haiyang                                                      |
+---------------------------------+--------------------------------------------------------------+

+---------------+----------+--------+--------+---------------------+--------------------------------------------------------------------------------------------------------------------+-------+--------+---------+-------+-------------------------------------+
| Name          | Status   |   Time |    Sum | Start               | tag                                                                                                                | msg   | Node   | User    | OS    | Version                             |
|---------------+----------+--------+--------+---------------------+--------------------------------------------------------------------------------------------------------------------+-------+--------+---------+-------+-------------------------------------|
| mpi-mergesort | ok       | 10.503 | 10.503 | 2022-11-19 23:40:09 | {'user': 'alex', 'node': 'v100', 'debug': False, 'size': 10000000, 'subsort': 'mp', 'sort': 'mpi', 'c': 6, 'p': 8} |       | c8     | haiyang | Linux | #1 SMP Tue Jul 26 14:15:37 UTC 2022 |
| mpi-generate  | ok       |  0.162 |  0.162 | 2022-11-19 23:40:09 | {'user': 'alex', 'node': 'v100', 'debug': False, 'size': 10000000, 'subsort': 'mp', 'sort': 'mpi', 'c': 6, 'p': 8} |       | c8     | haiyang | Linux | #1 SMP Tue Jul 26 14:15:37 UTC 2022 |
+---------------+----------+--------+--------+---------------------+--------------------------------------------------------------------------------------------------------------------+-------+--------+---------+-------+-------------------------------------+
# csv,timer,status,time,sum,start,tag,msg,uname.node,user,uname.system,platform.version
# csv,mpi-mergesort,ok,10.503,10.503,2022-11-19 23:40:09,{'user': 'alex', 'node': 'v100', 'debug': False, 'size': 10000000, 'subsort': 'mp', 'sort': 'mpi', 'c': 6, 'p': 8},None,c8,haiyang,Linux,#1 SMP Tue Jul 26 14:15:37 UTC 2022
# csv,mpi-generate,ok,0.162,0.162,2022-11-19 23:40:09,{'user': 'alex', 'node': 'v100', 'debug': False, 'size': 10000000, 'subsort': 'mp', 'sort': 'mpi', 'c': 6, 'p': 8},None,c8,haiyang,Linux,#1 SMP Tue Jul 26 14:15:37 UTC 2022


+---------------------------------+--------------------------------------------------------------+
| Attribute                       | Value                                                        |
|---------------------------------+--------------------------------------------------------------|
| ANSI_COLOR                      | "0;31"                                                       |
| BUG_REPORT_URL                  | "https://bugzilla.redhat.com/"                               |
| CPE_NAME                        | "cpe:/o:redhat:enterprise_linux:7.9:GA:server"               |
| HOME_URL                        | "https://www.redhat.com/"                                    |
| ID                              | "rhel"                                                       |
| ID_LIKE                         | "fedora"                                                     |
| NAME                            | "Red Hat Enterprise Linux Server"                            |
| PRETTY_NAME                     | "Red Hat Enterprise Linux Server 7.9 (Maipo)"                |
| REDHAT_BUGZILLA_PRODUCT         | "Red Hat Enterprise Linux 7"                                 |
| REDHAT_BUGZILLA_PRODUCT_VERSION | 7.9                                                          |
| REDHAT_SUPPORT_PRODUCT          | "Red Hat Enterprise Linux"                                   |
| REDHAT_SUPPORT_PRODUCT_VERSION  | "7.9"                                                        |
| VARIANT                         | "Server"                                                     |
| VARIANT_ID                      | "server"                                                     |
| VERSION                         | "7.9 (Maipo)"                                                |
| VERSION_ID                      | "7.9"                                                        |
| cpu                             | Intel(R) Xeon(R) CPU E5-2680 v3 @ 2.50GHz                    |
| cpu_cores                       | 24                                                           |
| cpu_count                       | 24                                                           |
| cpu_threads                     | 24                                                           |
| date                            | 2022-11-19 23:40:34.249179                                   |
| frequency                       | scpufreq(current=1.4866250000000008, min=1200.0, max=3300.0) |
| mem.active                      | 16.2 GiB                                                     |
| mem.available                   | 223.4 GiB                                                    |
| mem.free                        | 219.9 GiB                                                    |
| mem.inactive                    | 3.8 GiB                                                      |
| mem.percent                     | 11.0 %                                                       |
| mem.total                       | 251.1 GiB                                                    |
| mem.used                        | 19.9 GiB                                                     |
| platform.version                | #1 SMP Tue Jul 26 14:15:37 UTC 2022                          |
| python                          | 3.9.8 (main, Feb  8 2022, 08:35:13)                          |
|                                 | [GCC 6.3.0]                                                  |
| python.pip                      | 22.2.2                                                       |
| python.version                  | 3.9.8                                                        |
| sys.platform                    | linux                                                        |
| uname.machine                   | x86_64                                                       |
| uname.node                      | c8                                                           |
| uname.processor                 | x86_64                                                       |
| uname.release                   | 3.10.0-1160.76.1.el7.x86_64                                  |
| uname.system                    | Linux                                                        |
| uname.version                   | #1 SMP Tue Jul 26 14:15:37 UTC 2022                          |
| user                            | haiyang                                                      |
+---------------------------------+--------------------------------------------------------------+

+---------------+----------+--------+--------+---------------------+--------------------------------------------------------------------------------------------------------------------+-------+--------+---------+-------+-------------------------------------+
| Name          | Status   |   Time |    Sum | Start               | tag                                                                                                                | msg   | Node   | User    | OS    | Version                             |
|---------------+----------+--------+--------+---------------------+--------------------------------------------------------------------------------------------------------------------+-------+--------+---------+-------+-------------------------------------|
| mpi-mergesort | ok       | 11.065 | 11.065 | 2022-11-19 23:40:23 | {'user': 'alex', 'node': 'v100', 'debug': False, 'size': 10000000, 'subsort': 'mp', 'sort': 'mpi', 'c': 6, 'p': 8} |       | c8     | haiyang | Linux | #1 SMP Tue Jul 26 14:15:37 UTC 2022 |
| mpi-generate  | ok       |  0.164 |  0.164 | 2022-11-19 23:40:23 | {'user': 'alex', 'node': 'v100', 'debug': False, 'size': 10000000, 'subsort': 'mp', 'sort': 'mpi', 'c': 6, 'p': 8} |       | c8     | haiyang | Linux | #1 SMP Tue Jul 26 14:15:37 UTC 2022 |
+---------------+----------+--------+--------+---------------------+--------------------------------------------------------------------------------------------------------------------+-------+--------+---------+-------+-------------------------------------+
# csv,timer,status,time,sum,start,tag,msg,uname.node,user,uname.system,platform.version
# csv,mpi-mergesort,ok,11.065,11.065,2022-11-19 23:40:23,{'user': 'alex', 'node': 'v100', 'debug': False, 'size': 10000000, 'subsort': 'mp', 'sort': 'mpi', 'c': 6, 'p': 8},None,c8,haiyang,Linux,#1 SMP Tue Jul 26 14:15:37 UTC 2022
# csv,mpi-generate,ok,0.164,0.164,2022-11-19 23:40:23,{'user': 'alex', 'node': 'v100', 'debug': False, 'size': 10000000, 'subsort': 'mp', 'sort': 'mpi', 'c': 6, 'p': 8},None,c8,haiyang,Linux,#1 SMP Tue Jul 26 14:15:37 UTC 2022


+---------------------------------+----------------------------------------------------+
| Attribute                       | Value                                              |
|---------------------------------+----------------------------------------------------|
| ANSI_COLOR                      | "0;31"                                             |
| BUG_REPORT_URL                  | "https://bugzilla.redhat.com/"                     |
| CPE_NAME                        | "cpe:/o:redhat:enterprise_linux:7.9:GA:server"     |
| HOME_URL                        | "https://www.redhat.com/"                          |
| ID                              | "rhel"                                             |
| ID_LIKE                         | "fedora"                                           |
| NAME                            | "Red Hat Enterprise Linux Server"                  |
| PRETTY_NAME                     | "Red Hat Enterprise Linux Server 7.9 (Maipo)"      |
| REDHAT_BUGZILLA_PRODUCT         | "Red Hat Enterprise Linux 7"                       |
| REDHAT_BUGZILLA_PRODUCT_VERSION | 7.9                                                |
| REDHAT_SUPPORT_PRODUCT          | "Red Hat Enterprise Linux"                         |
| REDHAT_SUPPORT_PRODUCT_VERSION  | "7.9"                                              |
| VARIANT                         | "Server"                                           |
| VARIANT_ID                      | "server"                                           |
| VERSION                         | "7.9 (Maipo)"                                      |
| VERSION_ID                      | "7.9"                                              |
| cpu                             | Intel(R) Xeon(R) CPU E5-2680 v3 @ 2.50GHz          |
| cpu_cores                       | 24                                                 |
| cpu_count                       | 24                                                 |
| cpu_threads                     | 24                                                 |
| date                            | 2022-11-19 23:40:47.419678                         |
| frequency                       | scpufreq(current=1.499375, min=1200.0, max=3300.0) |
| mem.active                      | 16.2 GiB                                           |
| mem.available                   | 223.5 GiB                                          |
| mem.free                        | 220.0 GiB                                          |
| mem.inactive                    | 3.8 GiB                                            |
| mem.percent                     | 11.0 %                                             |
| mem.total                       | 251.1 GiB                                          |
| mem.used                        | 19.8 GiB                                           |
| platform.version                | #1 SMP Tue Jul 26 14:15:37 UTC 2022                |
| python                          | 3.9.8 (main, Feb  8 2022, 08:35:13)                |
|                                 | [GCC 6.3.0]                                        |
| python.pip                      | 22.2.2                                             |
| python.version                  | 3.9.8                                              |
| sys.platform                    | linux                                              |
| uname.machine                   | x86_64                                             |
| uname.node                      | c8                                                 |
| uname.processor                 | x86_64                                             |
| uname.release                   | 3.10.0-1160.76.1.el7.x86_64                        |
| uname.system                    | Linux                                              |
| uname.version                   | #1 SMP Tue Jul 26 14:15:37 UTC 2022                |
| user                            | haiyang                                            |
+---------------------------------+----------------------------------------------------+

+---------------+----------+--------+--------+---------------------+--------------------------------------------------------------------------------------------------------------------+-------+--------+---------+-------+-------------------------------------+
| Name          | Status   |   Time |    Sum | Start               | tag                                                                                                                | msg   | Node   | User    | OS    | Version                             |
|---------------+----------+--------+--------+---------------------+--------------------------------------------------------------------------------------------------------------------+-------+--------+---------+-------+-------------------------------------|
| mpi-mergesort | ok       | 10.182 | 10.182 | 2022-11-19 23:40:37 | {'user': 'alex', 'node': 'v100', 'debug': False, 'size': 10000000, 'subsort': 'mp', 'sort': 'mpi', 'c': 6, 'p': 8} |       | c8     | haiyang | Linux | #1 SMP Tue Jul 26 14:15:37 UTC 2022 |
| mpi-generate  | ok       |  0.162 |  0.162 | 2022-11-19 23:40:37 | {'user': 'alex', 'node': 'v100', 'debug': False, 'size': 10000000, 'subsort': 'mp', 'sort': 'mpi', 'c': 6, 'p': 8} |       | c8     | haiyang | Linux | #1 SMP Tue Jul 26 14:15:37 UTC 2022 |
+---------------+----------+--------+--------+---------------------+--------------------------------------------------------------------------------------------------------------------+-------+--------+---------+-------+-------------------------------------+
# csv,timer,status,time,sum,start,tag,msg,uname.node,user,uname.system,platform.version
# csv,mpi-mergesort,ok,10.182,10.182,2022-11-19 23:40:37,{'user': 'alex', 'node': 'v100', 'debug': False, 'size': 10000000, 'subsort': 'mp', 'sort': 'mpi', 'c': 6, 'p': 8},None,c8,haiyang,Linux,#1 SMP Tue Jul 26 14:15:37 UTC 2022
# csv,mpi-generate,ok,0.162,0.162,2022-11-19 23:40:37,{'user': 'alex', 'node': 'v100', 'debug': False, 'size': 10000000, 'subsort': 'mp', 'sort': 'mpi', 'c': 6, 'p': 8},None,c8,haiyang,Linux,#1 SMP Tue Jul 26 14:15:37 UTC 2022


+---------------------------------+--------------------------------------------------------------+
| Attribute                       | Value                                                        |
|---------------------------------+--------------------------------------------------------------|
| ANSI_COLOR                      | "0;31"                                                       |
| BUG_REPORT_URL                  | "https://bugzilla.redhat.com/"                               |
| CPE_NAME                        | "cpe:/o:redhat:enterprise_linux:7.9:GA:server"               |
| HOME_URL                        | "https://www.redhat.com/"                                    |
| ID                              | "rhel"                                                       |
| ID_LIKE                         | "fedora"                                                     |
| NAME                            | "Red Hat Enterprise Linux Server"                            |
| PRETTY_NAME                     | "Red Hat Enterprise Linux Server 7.9 (Maipo)"                |
| REDHAT_BUGZILLA_PRODUCT         | "Red Hat Enterprise Linux 7"                                 |
| REDHAT_BUGZILLA_PRODUCT_VERSION | 7.9                                                          |
| REDHAT_SUPPORT_PRODUCT          | "Red Hat Enterprise Linux"                                   |
| REDHAT_SUPPORT_PRODUCT_VERSION  | "7.9"                                                        |
| VARIANT                         | "Server"                                                     |
| VARIANT_ID                      | "server"                                                     |
| VERSION                         | "7.9 (Maipo)"                                                |
| VERSION_ID                      | "7.9"                                                        |
| cpu                             | Intel(R) Xeon(R) CPU E5-2680 v3 @ 2.50GHz                    |
| cpu_cores                       | 24                                                           |
| cpu_count                       | 24                                                           |
| cpu_threads                     | 24                                                           |
| date                            | 2022-11-19 23:41:01.266144                                   |
| frequency                       | scpufreq(current=1.4982916666666668, min=1200.0, max=3300.0) |
| mem.active                      | 16.2 GiB                                                     |
| mem.available                   | 223.5 GiB                                                    |
| mem.free                        | 220.0 GiB                                                    |
| mem.inactive                    | 3.8 GiB                                                      |
| mem.percent                     | 11.0 %                                                       |
| mem.total                       | 251.1 GiB                                                    |
| mem.used                        | 19.8 GiB                                                     |
| platform.version                | #1 SMP Tue Jul 26 14:15:37 UTC 2022                          |
| python                          | 3.9.8 (main, Feb  8 2022, 08:35:13)                          |
|                                 | [GCC 6.3.0]                                                  |
| python.pip                      | 22.2.2                                                       |
| python.version                  | 3.9.8                                                        |
| sys.platform                    | linux                                                        |
| uname.machine                   | x86_64                                                       |
| uname.node                      | c8                                                           |
| uname.processor                 | x86_64                                                       |
| uname.release                   | 3.10.0-1160.76.1.el7.x86_64                                  |
| uname.system                    | Linux                                                        |
| uname.version                   | #1 SMP Tue Jul 26 14:15:37 UTC 2022                          |
| user                            | haiyang                                                      |
+---------------------------------+--------------------------------------------------------------+

+---------------+----------+--------+--------+---------------------+--------------------------------------------------------------------------------------------------------------------+-------+--------+---------+-------+-------------------------------------+
| Name          | Status   |   Time |    Sum | Start               | tag                                                                                                                | msg   | Node   | User    | OS    | Version                             |
|---------------+----------+--------+--------+---------------------+--------------------------------------------------------------------------------------------------------------------+-------+--------+---------+-------+-------------------------------------|
| mpi-mergesort | ok       | 10.931 | 10.931 | 2022-11-19 23:40:50 | {'user': 'alex', 'node': 'v100', 'debug': False, 'size': 10000000, 'subsort': 'mp', 'sort': 'mpi', 'c': 6, 'p': 8} |       | c8     | haiyang | Linux | #1 SMP Tue Jul 26 14:15:37 UTC 2022 |
| mpi-generate  | ok       |  0.163 |  0.163 | 2022-11-19 23:40:50 | {'user': 'alex', 'node': 'v100', 'debug': False, 'size': 10000000, 'subsort': 'mp', 'sort': 'mpi', 'c': 6, 'p': 8} |       | c8     | haiyang | Linux | #1 SMP Tue Jul 26 14:15:37 UTC 2022 |
+---------------+----------+--------+--------+---------------------+--------------------------------------------------------------------------------------------------------------------+-------+--------+---------+-------+-------------------------------------+
# csv,timer,status,time,sum,start,tag,msg,uname.node,user,uname.system,platform.version
# csv,mpi-mergesort,ok,10.931,10.931,2022-11-19 23:40:50,{'user': 'alex', 'node': 'v100', 'debug': False, 'size': 10000000, 'subsort': 'mp', 'sort': 'mpi', 'c': 6, 'p': 8},None,c8,haiyang,Linux,#1 SMP Tue Jul 26 14:15:37 UTC 2022
# csv,mpi-generate,ok,0.163,0.163,2022-11-19 23:40:50,{'user': 'alex', 'node': 'v100', 'debug': False, 'size': 10000000, 'subsort': 'mp', 'sort': 'mpi', 'c': 6, 'p': 8},None,c8,haiyang,Linux,#1 SMP Tue Jul 26 14:15:37 UTC 2022


+---------------------------------+--------------------------------------------------------------+
| Attribute                       | Value                                                        |
|---------------------------------+--------------------------------------------------------------|
| ANSI_COLOR                      | "0;31"                                                       |
| BUG_REPORT_URL                  | "https://bugzilla.redhat.com/"                               |
| CPE_NAME                        | "cpe:/o:redhat:enterprise_linux:7.9:GA:server"               |
| HOME_URL                        | "https://www.redhat.com/"                                    |
| ID                              | "rhel"                                                       |
| ID_LIKE                         | "fedora"                                                     |
| NAME                            | "Red Hat Enterprise Linux Server"                            |
| PRETTY_NAME                     | "Red Hat Enterprise Linux Server 7.9 (Maipo)"                |
| REDHAT_BUGZILLA_PRODUCT         | "Red Hat Enterprise Linux 7"                                 |
| REDHAT_BUGZILLA_PRODUCT_VERSION | 7.9                                                          |
| REDHAT_SUPPORT_PRODUCT          | "Red Hat Enterprise Linux"                                   |
| REDHAT_SUPPORT_PRODUCT_VERSION  | "7.9"                                                        |
| VARIANT                         | "Server"                                                     |
| VARIANT_ID                      | "server"                                                     |
| VERSION                         | "7.9 (Maipo)"                                                |
| VERSION_ID                      | "7.9"                                                        |
| cpu                             | Intel(R) Xeon(R) CPU E5-2680 v3 @ 2.50GHz                    |
| cpu_cores                       | 24                                                           |
| cpu_count                       | 24                                                           |
| cpu_threads                     | 24                                                           |
| date                            | 2022-11-19 23:41:15.140120                                   |
| frequency                       | scpufreq(current=1.5380416666666668, min=1200.0, max=3300.0) |
| mem.active                      | 16.2 GiB                                                     |
| mem.available                   | 223.5 GiB                                                    |
| mem.free                        | 220.0 GiB                                                    |
| mem.inactive                    | 3.8 GiB                                                      |
| mem.percent                     | 11.0 %                                                       |
| mem.total                       | 251.1 GiB                                                    |
| mem.used                        | 19.9 GiB                                                     |
| platform.version                | #1 SMP Tue Jul 26 14:15:37 UTC 2022                          |
| python                          | 3.9.8 (main, Feb  8 2022, 08:35:13)                          |
|                                 | [GCC 6.3.0]                                                  |
| python.pip                      | 22.2.2                                                       |
| python.version                  | 3.9.8                                                        |
| sys.platform                    | linux                                                        |
| uname.machine                   | x86_64                                                       |
| uname.node                      | c8                                                           |
| uname.processor                 | x86_64                                                       |
| uname.release                   | 3.10.0-1160.76.1.el7.x86_64                                  |
| uname.system                    | Linux                                                        |
| uname.version                   | #1 SMP Tue Jul 26 14:15:37 UTC 2022                          |
| user                            | haiyang                                                      |
+---------------------------------+--------------------------------------------------------------+

+---------------+----------+--------+--------+---------------------+--------------------------------------------------------------------------------------------------------------------+-------+--------+---------+-------+-------------------------------------+
| Name          | Status   |   Time |    Sum | Start               | tag                                                                                                                | msg   | Node   | User    | OS    | Version                             |
|---------------+----------+--------+--------+---------------------+--------------------------------------------------------------------------------------------------------------------+-------+--------+---------+-------+-------------------------------------|
| mpi-mergesort | ok       | 11.009 | 11.009 | 2022-11-19 23:41:04 | {'user': 'alex', 'node': 'v100', 'debug': False, 'size': 10000000, 'subsort': 'mp', 'sort': 'mpi', 'c': 6, 'p': 8} |       | c8     | haiyang | Linux | #1 SMP Tue Jul 26 14:15:37 UTC 2022 |
| mpi-generate  | ok       |  0.161 |  0.161 | 2022-11-19 23:41:04 | {'user': 'alex', 'node': 'v100', 'debug': False, 'size': 10000000, 'subsort': 'mp', 'sort': 'mpi', 'c': 6, 'p': 8} |       | c8     | haiyang | Linux | #1 SMP Tue Jul 26 14:15:37 UTC 2022 |
+---------------+----------+--------+--------+---------------------+--------------------------------------------------------------------------------------------------------------------+-------+--------+---------+-------+-------------------------------------+
# csv,timer,status,time,sum,start,tag,msg,uname.node,user,uname.system,platform.version
# csv,mpi-mergesort,ok,11.009,11.009,2022-11-19 23:41:04,{'user': 'alex', 'node': 'v100', 'debug': False, 'size': 10000000, 'subsort': 'mp', 'sort': 'mpi', 'c': 6, 'p': 8},None,c8,haiyang,Linux,#1 SMP Tue Jul 26 14:15:37 UTC 2022
# csv,mpi-generate,ok,0.161,0.161,2022-11-19 23:41:04,{'user': 'alex', 'node': 'v100', 'debug': False, 'size': 10000000, 'subsort': 'mp', 'sort': 'mpi', 'c': 6, 'p': 8},None,c8,haiyang,Linux,#1 SMP Tue Jul 26 14:15:37 UTC 2022


+---------------------------------+--------------------------------------------------------------+
| Attribute                       | Value                                                        |
|---------------------------------+--------------------------------------------------------------|
| ANSI_COLOR                      | "0;31"                                                       |
| BUG_REPORT_URL                  | "https://bugzilla.redhat.com/"                               |
| CPE_NAME                        | "cpe:/o:redhat:enterprise_linux:7.9:GA:server"               |
| HOME_URL                        | "https://www.redhat.com/"                                    |
| ID                              | "rhel"                                                       |
| ID_LIKE                         | "fedora"                                                     |
| NAME                            | "Red Hat Enterprise Linux Server"                            |
| PRETTY_NAME                     | "Red Hat Enterprise Linux Server 7.9 (Maipo)"                |
| REDHAT_BUGZILLA_PRODUCT         | "Red Hat Enterprise Linux 7"                                 |
| REDHAT_BUGZILLA_PRODUCT_VERSION | 7.9                                                          |
| REDHAT_SUPPORT_PRODUCT          | "Red Hat Enterprise Linux"                                   |
| REDHAT_SUPPORT_PRODUCT_VERSION  | "7.9"                                                        |
| VARIANT                         | "Server"                                                     |
| VARIANT_ID                      | "server"                                                     |
| VERSION                         | "7.9 (Maipo)"                                                |
| VERSION_ID                      | "7.9"                                                        |
| cpu                             | Intel(R) Xeon(R) CPU E5-2680 v3 @ 2.50GHz                    |
| cpu_cores                       | 24                                                           |
| cpu_count                       | 24                                                           |
| cpu_threads                     | 24                                                           |
| date                            | 2022-11-19 23:41:28.410335                                   |
| frequency                       | scpufreq(current=1.5274583333333338, min=1200.0, max=3300.0) |
| mem.active                      | 16.2 GiB                                                     |
| mem.available                   | 223.4 GiB                                                    |
| mem.free                        | 219.9 GiB                                                    |
| mem.inactive                    | 3.8 GiB                                                      |
| mem.percent                     | 11.0 %                                                       |
| mem.total                       | 251.1 GiB                                                    |
| mem.used                        | 19.9 GiB                                                     |
| platform.version                | #1 SMP Tue Jul 26 14:15:37 UTC 2022                          |
| python                          | 3.9.8 (main, Feb  8 2022, 08:35:13)                          |
|                                 | [GCC 6.3.0]                                                  |
| python.pip                      | 22.2.2                                                       |
| python.version                  | 3.9.8                                                        |
| sys.platform                    | linux                                                        |
| uname.machine                   | x86_64                                                       |
| uname.node                      | c8                                                           |
| uname.processor                 | x86_64                                                       |
| uname.release                   | 3.10.0-1160.76.1.el7.x86_64                                  |
| uname.system                    | Linux                                                        |
| uname.version                   | #1 SMP Tue Jul 26 14:15:37 UTC 2022                          |
| user                            | haiyang                                                      |
+---------------------------------+--------------------------------------------------------------+

+---------------+----------+--------+--------+---------------------+--------------------------------------------------------------------------------------------------------------------+-------+--------+---------+-------+-------------------------------------+
| Name          | Status   |   Time |    Sum | Start               | tag                                                                                                                | msg   | Node   | User    | OS    | Version                             |
|---------------+----------+--------+--------+---------------------+--------------------------------------------------------------------------------------------------------------------+-------+--------+---------+-------+-------------------------------------|
| mpi-mergesort | ok       | 10.437 | 10.437 | 2022-11-19 23:41:17 | {'user': 'alex', 'node': 'v100', 'debug': False, 'size': 10000000, 'subsort': 'mp', 'sort': 'mpi', 'c': 6, 'p': 8} |       | c8     | haiyang | Linux | #1 SMP Tue Jul 26 14:15:37 UTC 2022 |
| mpi-generate  | ok       |  0.162 |  0.162 | 2022-11-19 23:41:17 | {'user': 'alex', 'node': 'v100', 'debug': False, 'size': 10000000, 'subsort': 'mp', 'sort': 'mpi', 'c': 6, 'p': 8} |       | c8     | haiyang | Linux | #1 SMP Tue Jul 26 14:15:37 UTC 2022 |
+---------------+----------+--------+--------+---------------------+--------------------------------------------------------------------------------------------------------------------+-------+--------+---------+-------+-------------------------------------+
# csv,timer,status,time,sum,start,tag,msg,uname.node,user,uname.system,platform.version
# csv,mpi-mergesort,ok,10.437,10.437,2022-11-19 23:41:17,{'user': 'alex', 'node': 'v100', 'debug': False, 'size': 10000000, 'subsort': 'mp', 'sort': 'mpi', 'c': 6, 'p': 8},None,c8,haiyang,Linux,#1 SMP Tue Jul 26 14:15:37 UTC 2022
# csv,mpi-generate,ok,0.162,0.162,2022-11-19 23:41:17,{'user': 'alex', 'node': 'v100', 'debug': False, 'size': 10000000, 'subsort': 'mp', 'sort': 'mpi', 'c': 6, 'p': 8},None,c8,haiyang,Linux,#1 SMP Tue Jul 26 14:15:37 UTC 2022


+---------------------------------+--------------------------------------------------------------+
| Attribute                       | Value                                                        |
|---------------------------------+--------------------------------------------------------------|
| ANSI_COLOR                      | "0;31"                                                       |
| BUG_REPORT_URL                  | "https://bugzilla.redhat.com/"                               |
| CPE_NAME                        | "cpe:/o:redhat:enterprise_linux:7.9:GA:server"               |
| HOME_URL                        | "https://www.redhat.com/"                                    |
| ID                              | "rhel"                                                       |
| ID_LIKE                         | "fedora"                                                     |
| NAME                            | "Red Hat Enterprise Linux Server"                            |
| PRETTY_NAME                     | "Red Hat Enterprise Linux Server 7.9 (Maipo)"                |
| REDHAT_BUGZILLA_PRODUCT         | "Red Hat Enterprise Linux 7"                                 |
| REDHAT_BUGZILLA_PRODUCT_VERSION | 7.9                                                          |
| REDHAT_SUPPORT_PRODUCT          | "Red Hat Enterprise Linux"                                   |
| REDHAT_SUPPORT_PRODUCT_VERSION  | "7.9"                                                        |
| VARIANT                         | "Server"                                                     |
| VARIANT_ID                      | "server"                                                     |
| VERSION                         | "7.9 (Maipo)"                                                |
| VERSION_ID                      | "7.9"                                                        |
| cpu                             | Intel(R) Xeon(R) CPU E5-2680 v3 @ 2.50GHz                    |
| cpu_cores                       | 24                                                           |
| cpu_count                       | 24                                                           |
| cpu_threads                     | 24                                                           |
| date                            | 2022-11-19 23:41:42.467300                                   |
| frequency                       | scpufreq(current=1.4853750000000001, min=1200.0, max=3300.0) |
| mem.active                      | 16.1 GiB                                                     |
| mem.available                   | 223.5 GiB                                                    |
| mem.free                        | 220.0 GiB                                                    |
| mem.inactive                    | 3.8 GiB                                                      |
| mem.percent                     | 11.0 %                                                       |
| mem.total                       | 251.1 GiB                                                    |
| mem.used                        | 19.8 GiB                                                     |
| platform.version                | #1 SMP Tue Jul 26 14:15:37 UTC 2022                          |
| python                          | 3.9.8 (main, Feb  8 2022, 08:35:13)                          |
|                                 | [GCC 6.3.0]                                                  |
| python.pip                      | 22.2.2                                                       |
| python.version                  | 3.9.8                                                        |
| sys.platform                    | linux                                                        |
| uname.machine                   | x86_64                                                       |
| uname.node                      | c8                                                           |
| uname.processor                 | x86_64                                                       |
| uname.release                   | 3.10.0-1160.76.1.el7.x86_64                                  |
| uname.system                    | Linux                                                        |
| uname.version                   | #1 SMP Tue Jul 26 14:15:37 UTC 2022                          |
| user                            | haiyang                                                      |
+---------------------------------+--------------------------------------------------------------+

+---------------+----------+--------+--------+---------------------+--------------------------------------------------------------------------------------------------------------------+-------+--------+---------+-------+-------------------------------------+
| Name          | Status   |   Time |    Sum | Start               | tag                                                                                                                | msg   | Node   | User    | OS    | Version                             |
|---------------+----------+--------+--------+---------------------+--------------------------------------------------------------------------------------------------------------------+-------+--------+---------+-------+-------------------------------------|
| mpi-mergesort | ok       | 11.007 | 11.007 | 2022-11-19 23:41:31 | {'user': 'alex', 'node': 'v100', 'debug': False, 'size': 10000000, 'subsort': 'mp', 'sort': 'mpi', 'c': 6, 'p': 8} |       | c8     | haiyang | Linux | #1 SMP Tue Jul 26 14:15:37 UTC 2022 |
| mpi-generate  | ok       |  0.162 |  0.162 | 2022-11-19 23:41:31 | {'user': 'alex', 'node': 'v100', 'debug': False, 'size': 10000000, 'subsort': 'mp', 'sort': 'mpi', 'c': 6, 'p': 8} |       | c8     | haiyang | Linux | #1 SMP Tue Jul 26 14:15:37 UTC 2022 |
+---------------+----------+--------+--------+---------------------+--------------------------------------------------------------------------------------------------------------------+-------+--------+---------+-------+-------------------------------------+
# csv,timer,status,time,sum,start,tag,msg,uname.node,user,uname.system,platform.version
# csv,mpi-mergesort,ok,11.007,11.007,2022-11-19 23:41:31,{'user': 'alex', 'node': 'v100', 'debug': False, 'size': 10000000, 'subsort': 'mp', 'sort': 'mpi', 'c': 6, 'p': 8},None,c8,haiyang,Linux,#1 SMP Tue Jul 26 14:15:37 UTC 2022
# csv,mpi-generate,ok,0.162,0.162,2022-11-19 23:41:31,{'user': 'alex', 'node': 'v100', 'debug': False, 'size': 10000000, 'subsort': 'mp', 'sort': 'mpi', 'c': 6, 'p': 8},None,c8,haiyang,Linux,#1 SMP Tue Jul 26 14:15:37 UTC 2022

