Starting experiment
Processes: 4
Cores:     4
Size:      100000
Repeat:    10
Debug:     False
Sort:      MPI
Algorithm: mp
Tag:       None
Total:     10
Experiment 9         : size=100000 processes=4 cores=4 repeat=0 last_time=undefined                     
Experiment 8         : size=100000 processes=4 cores=4 repeat=1 last_time=undefined                     
Experiment 7         : size=100000 processes=4 cores=4 repeat=2 last_time=undefined                     
Experiment 6         : size=100000 processes=4 cores=4 repeat=3 last_time=undefined                     
Experiment 5         : size=100000 processes=4 cores=4 repeat=4 last_time=undefined                     
Experiment 4         : size=100000 processes=4 cores=4 repeat=5 last_time=undefined                     
Experiment 3         : size=100000 processes=4 cores=4 repeat=6 last_time=undefined                     
Experiment 2         : size=100000 processes=4 cores=4 repeat=7 last_time=undefined                     
Experiment 1         : size=100000 processes=4 cores=4 repeat=8 last_time=undefined                     
Experiment 0         : size=100000 processes=4 cores=4 repeat=9 last_time=undefined                     
se Linux Server"                            |
| PRETTY_NAME                     | "Red Hat Enterprise Linux Server 7.9 (Maipo)"                |
| REDHAT_BUGZILLA_PRODUCT         | "Red Hat Enterprise Linux 7"                                 |
| REDHAT_BUGZILLA_PRODUCT_VERSION | 7.9                                                          |
| REDHAT_SUPPORT_PRODUCT          | "Red Hat Enterprise Linux"                                   |
| REDHAT_SUPPORT_PRODUCT_VERSION  | "7.9"                                                        |
| VARIANT                         | "Server"                                                     |
| VARIANT_ID                      | "server"                                                     |
| VERSION                         | "7.9 (Maipo)"                                                |
| VERSION_ID                      | "7.9"                                                        |
| cpu                             | Intel(R) Xeon(R) CPU E5-2680 v3 @ 2.50GHz                    |
| cpu_cores                       | 24                                                           |
| cpu_count                       | 24                                                           |
| cpu_threads                     | 24                                                           |
| date                            | 2022-11-19 13:04:55.248914                                   |
| frequency                       | scpufreq(current=1.9491666666666667, min=1200.0, max=3300.0) |
| mem.active                      | 67.0 GiB                                                     |
| mem.available                   | 170.0 GiB                                                    |
| mem.free                        | 165.1 GiB                                                    |
| mem.inactive                    | 5.8 GiB                                                      |
| mem.percent                     | 32.3 %                                                       |
| mem.total                       | 251.1 GiB                                                    |
| mem.used                        | 74.0 GiB                                                     |
| platform.version                | #1 SMP Tue Jul 26 14:15:37 UTC 2022                          |
| python                          | 3.9.8 (main, Feb  8 2022, 08:35:13)                          |
|                                 | [GCC 6.3.0]                                                  |
| python.pip                      | 22.2.2                                                       |
| python.version                  | 3.9.8                                                        |
| sys.platform                    | linux                                                        |
| uname.machine                   | x86_64                                                       |
| uname.node                      | c33                                                          |
| uname.processor                 | x86_64                                                       |
| uname.release                   | 3.10.0-1160.76.1.el7.x86_64                                  |
| uname.system                    | Linux                                                        |
| uname.version                   | #1 SMP Tue Jul 26 14:15:37 UTC 2022                          |
| user                            | haiyang                                                      |
+---------------------------------+--------------------------------------------------------------+

+---------------+----------+--------+-------+---------------------+------------------------------------------------------------------------------------------------------------------+-------+--------+---------+-------+-------------------------------------+
| Name          | Status   |   Time |   Sum | Start               | tag                                                                                                              | msg   | Node   | User    | OS    | Version                             |
|---------------+----------+--------+-------+---------------------+------------------------------------------------------------------------------------------------------------------+-------+--------+---------+-------+-------------------------------------|
| mpi-mergesort | ok       |  0.327 | 0.327 | 2022-11-19 13:04:54 | {'user': 'alex', 'node': 'v100', 'debug': False, 'size': 100000, 'subsort': 'mp', 'sort': 'mpi', 'c': 4, 'p': 4} |       | c33    | haiyang | Linux | #1 SMP Tue Jul 26 14:15:37 UTC 2022 |
| mpi-generate  | ok       |  0.002 | 0.002 | 2022-11-19 13:04:54 | {'user': 'alex', 'node': 'v100', 'debug': False, 'size': 100000, 'subsort': 'mp', 'sort': 'mpi', 'c': 4, 'p': 4} |       | c33    | haiyang | Linux | #1 SMP Tue Jul 26 14:15:37 UTC 2022 |
+---------------+----------+--------+-------+---------------------+------------------------------------------------------------------------------------------------------------------+-------+--------+---------+-------+-------------------------------------+
# csv,timer,status,time,sum,start,tag,msg,uname.node,user,uname.system,platform.version
# csv,mpi-mergesort,ok,0.327,0.327,2022-11-19 13:04:54,{'user': 'alex', 'node': 'v100', 'debug': False, 'size': 100000, 'subsort': 'mp', 'sort': 'mpi', 'c': 4, 'p': 4},None,c33,haiyang,Linux,#1 SMP Tue Jul 26 14:15:37 UTC 2022
# csv,mpi-generate,ok,0.002,0.002,2022-11-19 13:04:54,{'user': 'alex', 'node': 'v100', 'debug': False, 'size': 100000, 'subsort': 'mp', 'sort': 'mpi', 'c': 4, 'p': 4},None,c33,haiyang,Linux,#1 SMP Tue Jul 26 14:15:37 UTC 2022


+---------------------------------+--------------------------------------------------------------+
| Attribute                       | Value                                                        |
|---------------------------------+--------------------------------------------------------------|
| ANSI_COLOR                      | "0;31"                                                       |
| BUG_REPORT_URL                  | "https://bugzilla.redhat.com/"                               |
| CPE_NAME                        | "cpe:/o:redhat:enterprise_linux:7.9:GA:server"               |
| HOME_URL                        | "https://www.redhat.com/"                                    |
| ID                              | "rhel"                                                       |
| ID_LIKE                         | "fedora"                                                     |
| NAME                            | "Red Hat Enterprise Linux Server"                            |
| PRETTY_NAME                     | "Red Hat Enterprise Linux Server 7.9 (Maipo)"                |
| REDHAT_BUGZILLA_PRODUCT         | "Red Hat Enterprise Linux 7"                                 |
| REDHAT_BUGZILLA_PRODUCT_VERSION | 7.9                                                          |
| REDHAT_SUPPORT_PRODUCT          | "Red Hat Enterprise Linux"                                   |
| REDHAT_SUPPORT_PRODUCT_VERSION  | "7.9"                                                        |
| VARIANT                         | "Server"                                                     |
| VARIANT_ID                      | "server"                                                     |
| VERSION                         | "7.9 (Maipo)"                                                |
| VERSION_ID                      | "7.9"                                                        |
| cpu                             | Intel(R) Xeon(R) CPU E5-2680 v3 @ 2.50GHz                    |
| cpu_cores                       | 24                                                           |
| cpu_count                       | 24                                                           |
| cpu_threads                     | 24                                                           |
| date                            | 2022-11-19 13:04:58.113433                                   |
| frequency                       | scpufreq(current=1.8996666666666666, min=1200.0, max=3300.0) |
| mem.active                      | 67.0 GiB                                                     |
| mem.available                   | 170.0 GiB                                                    |
| mem.free                        | 165.1 GiB                                                    |
| mem.inactive                    | 5.8 GiB                                                      |
| mem.percent                     | 32.3 %                                                       |
| mem.total                       | 251.1 GiB                                                    |
| mem.used                        | 74.0 GiB                                                     |
| platform.version                | #1 SMP Tue Jul 26 14:15:37 UTC 2022                          |
| python                          | 3.9.8 (main, Feb  8 2022, 08:35:13)                          |
|                                 | [GCC 6.3.0]                                                  |
| python.pip                      | 22.2.2                                                       |
| python.version                  | 3.9.8                                                        |
| sys.platform                    | linux                                                        |
| uname.machine                   | x86_64                                                       |
| uname.node                      | c33                                                          |
| uname.processor                 | x86_64                                                       |
| uname.release                   | 3.10.0-1160.76.1.el7.x86_64                                  |
| uname.system                    | Linux                                                        |
| uname.version                   | #1 SMP Tue Jul 26 14:15:37 UTC 2022                          |
| user                            | haiyang                                                      |
+---------------------------------+--------------------------------------------------------------+

+---------------+----------+--------+-------+---------------------+------------------------------------------------------------------------------------------------------------------+-------+--------+---------+-------+-------------------------------------+
| Name          | Status   |   Time |   Sum | Start               | tag                                                                                                              | msg   | Node   | User    | OS    | Version                             |
|---------------+----------+--------+-------+---------------------+------------------------------------------------------------------------------------------------------------------+-------+--------+---------+-------+-------------------------------------|
| mpi-mergesort | ok       |  0.366 | 0.366 | 2022-11-19 13:04:57 | {'user': 'alex', 'node': 'v100', 'debug': False, 'size': 100000, 'subsort': 'mp', 'sort': 'mpi', 'c': 4, 'p': 4} |       | c33    | haiyang | Linux | #1 SMP Tue Jul 26 14:15:37 UTC 2022 |
| mpi-generate  | ok       |  0.002 | 0.002 | 2022-11-19 13:04:57 | {'user': 'alex', 'node': 'v100', 'debug': False, 'size': 100000, 'subsort': 'mp', 'sort': 'mpi', 'c': 4, 'p': 4} |       | c33    | haiyang | Linux | #1 SMP Tue Jul 26 14:15:37 UTC 2022 |
+---------------+----------+--------+-------+---------------------+------------------------------------------------------------------------------------------------------------------+-------+--------+---------+-------+-------------------------------------+
# csv,timer,status,time,sum,start,tag,msg,uname.node,user,uname.system,platform.version
# csv,mpi-mergesort,ok,0.366,0.366,2022-11-19 13:04:57,{'user': 'alex', 'node': 'v100', 'debug': False, 'size': 100000, 'subsort': 'mp', 'sort': 'mpi', 'c': 4, 'p': 4},None,c33,haiyang,Linux,#1 SMP Tue Jul 26 14:15:37 UTC 2022
# csv,mpi-generate,ok,0.002,0.002,2022-11-19 13:04:57,{'user': 'alex', 'node': 'v100', 'debug': False, 'size': 100000, 'subsort': 'mp', 'sort': 'mpi', 'c': 4, 'p': 4},None,c33,haiyang,Linux,#1 SMP Tue Jul 26 14:15:37 UTC 2022


+---------------------------------+--------------------------------------------------------------+
| Attribute                       | Value                                                        |
|---------------------------------+--------------------------------------------------------------|
| ANSI_COLOR                      | "0;31"                                                       |
| BUG_REPORT_URL                  | "https://bugzilla.redhat.com/"                               |
| CPE_NAME                        | "cpe:/o:redhat:enterprise_linux:7.9:GA:server"               |
| HOME_URL                        | "https://www.redhat.com/"                                    |
| ID                              | "rhel"                                                       |
| ID_LIKE                         | "fedora"                                                     |
| NAME                            | "Red Hat Enterprise Linux Server"                            |
| PRETTY_NAME                     | "Red Hat Enterprise Linux Server 7.9 (Maipo)"                |
| REDHAT_BUGZILLA_PRODUCT         | "Red Hat Enterprise Linux 7"                                 |
| REDHAT_BUGZILLA_PRODUCT_VERSION | 7.9                                                          |
| REDHAT_SUPPORT_PRODUCT          | "Red Hat Enterprise Linux"                                   |
| REDHAT_SUPPORT_PRODUCT_VERSION  | "7.9"                                                        |
| VARIANT                         | "Server"                                                     |
| VARIANT_ID                      | "server"                                                     |
| VERSION                         | "7.9 (Maipo)"                                                |
| VERSION_ID                      | "7.9"                                                        |
| cpu                             | Intel(R) Xeon(R) CPU E5-2680 v3 @ 2.50GHz                    |
| cpu_cores                       | 24                                                           |
| cpu_count                       | 24                                                           |
| cpu_threads                     | 24                                                           |
| date                            | 2022-11-19 13:05:00.966343                                   |
| frequency                       | scpufreq(current=1.9051666666666671, min=1200.0, max=3300.0) |
| mem.active                      | 67.0 GiB                                                     |
| mem.available                   | 170.0 GiB                                                    |
| mem.free                        | 165.1 GiB                                                    |
| mem.inactive                    | 5.8 GiB                                                      |
| mem.percent                     | 32.3 %                                                       |
| mem.total                       | 251.1 GiB                                                    |
| mem.used                        | 74.0 GiB                                                     |
| platform.version                | #1 SMP Tue Jul 26 14:15:37 UTC 2022                          |
| python                          | 3.9.8 (main, Feb  8 2022, 08:35:13)                          |
|                                 | [GCC 6.3.0]                                                  |
| python.pip                      | 22.2.2                                                       |
| python.version                  | 3.9.8                                                        |
| sys.platform                    | linux                                                        |
| uname.machine                   | x86_64                                                       |
| uname.node                      | c33                                                          |
| uname.processor                 | x86_64                                                       |
| uname.release                   | 3.10.0-1160.76.1.el7.x86_64                                  |
| uname.system                    | Linux                                                        |
| uname.version                   | #1 SMP Tue Jul 26 14:15:37 UTC 2022                          |
| user                            | haiyang                                                      |
+---------------------------------+--------------------------------------------------------------+

+---------------+----------+--------+-------+---------------------+------------------------------------------------------------------------------------------------------------------+-------+--------+---------+-------+-------------------------------------+
| Name          | Status   |   Time |   Sum | Start               | tag                                                                                                              | msg   | Node   | User    | OS    | Version                             |
|---------------+----------+--------+-------+---------------------+------------------------------------------------------------------------------------------------------------------+-------+--------+---------+-------+-------------------------------------|
| mpi-mergesort | ok       |  0.349 | 0.349 | 2022-11-19 13:05:00 | {'user': 'alex', 'node': 'v100', 'debug': False, 'size': 100000, 'subsort': 'mp', 'sort': 'mpi', 'c': 4, 'p': 4} |       | c33    | haiyang | Linux | #1 SMP Tue Jul 26 14:15:37 UTC 2022 |
| mpi-generate  | ok       |  0.002 | 0.002 | 2022-11-19 13:05:00 | {'user': 'alex', 'node': 'v100', 'debug': False, 'size': 100000, 'subsort': 'mp', 'sort': 'mpi', 'c': 4, 'p': 4} |       | c33    | haiyang | Linux | #1 SMP Tue Jul 26 14:15:37 UTC 2022 |
+---------------+----------+--------+-------+---------------------+------------------------------------------------------------------------------------------------------------------+-------+--------+---------+-------+-------------------------------------+
# csv,timer,status,time,sum,start,tag,msg,uname.node,user,uname.system,platform.version
# csv,mpi-mergesort,ok,0.349,0.349,2022-11-19 13:05:00,{'user': 'alex', 'node': 'v100', 'debug': False, 'size': 100000, 'subsort': 'mp', 'sort': 'mpi', 'c': 4, 'p': 4},None,c33,haiyang,Linux,#1 SMP Tue Jul 26 14:15:37 UTC 2022
# csv,mpi-generate,ok,0.002,0.002,2022-11-19 13:05:00,{'user': 'alex', 'node': 'v100', 'debug': False, 'size': 100000, 'subsort': 'mp', 'sort': 'mpi', 'c': 4, 'p': 4},None,c33,haiyang,Linux,#1 SMP Tue Jul 26 14:15:37 UTC 2022


+---------------------------------+--------------------------------------------------------------+
| Attribute                       | Value                                                        |
|---------------------------------+--------------------------------------------------------------|
| ANSI_COLOR                      | "0;31"                                                       |
| BUG_REPORT_URL                  | "https://bugzilla.redhat.com/"                               |
| CPE_NAME                        | "cpe:/o:redhat:enterprise_linux:7.9:GA:server"               |
| HOME_URL                        | "https://www.redhat.com/"                                    |
| ID                              | "rhel"                                                       |
| ID_LIKE                         | "fedora"                                                     |
| NAME                            | "Red Hat Enterprise Linux Server"                            |
| PRETTY_NAME                     | "Red Hat Enterprise Linux Server 7.9 (Maipo)"                |
| REDHAT_BUGZILLA_PRODUCT         | "Red Hat Enterprise Linux 7"                                 |
| REDHAT_BUGZILLA_PRODUCT_VERSION | 7.9                                                          |
| REDHAT_SUPPORT_PRODUCT          | "Red Hat Enterprise Linux"                                   |
| REDHAT_SUPPORT_PRODUCT_VERSION  | "7.9"                                                        |
| VARIANT                         | "Server"                                                     |
| VARIANT_ID                      | "server"                                                     |
| VERSION                         | "7.9 (Maipo)"                                                |
| VERSION_ID                      | "7.9"                                                        |
| cpu                             | Intel(R) Xeon(R) CPU E5-2680 v3 @ 2.50GHz                    |
| cpu_cores                       | 24                                                           |
| cpu_count                       | 24                                                           |
| cpu_threads                     | 24                                                           |
| date                            | 2022-11-19 13:05:03.847660                                   |
| frequency                       | scpufreq(current=1.8955416666666671, min=1200.0, max=3300.0) |
| mem.active                      | 67.0 GiB                                                     |
| mem.available                   | 170.0 GiB                                                    |
| mem.free                        | 165.1 GiB                                                    |
| mem.inactive                    | 5.8 GiB                                                      |
| mem.percent                     | 32.3 %                                                       |
| mem.total                       | 251.1 GiB                                                    |
| mem.used                        | 74.0 GiB                                                     |
| platform.version                | #1 SMP Tue Jul 26 14:15:37 UTC 2022                          |
| python                          | 3.9.8 (main, Feb  8 2022, 08:35:13)                          |
|                                 | [GCC 6.3.0]                                                  |
| python.pip                      | 22.2.2                                                       |
| python.version                  | 3.9.8                                                        |
| sys.platform                    | linux                                                        |
| uname.machine                   | x86_64                                                       |
| uname.node                      | c33                                                          |
| uname.processor                 | x86_64                                                       |
| uname.release                   | 3.10.0-1160.76.1.el7.x86_64                                  |
| uname.system                    | Linux                                                        |
| uname.version                   | #1 SMP Tue Jul 26 14:15:37 UTC 2022                          |
| user                            | haiyang                                                      |
+---------------------------------+--------------------------------------------------------------+

+---------------+----------+--------+-------+---------------------+------------------------------------------------------------------------------------------------------------------+-------+--------+---------+-------+-------------------------------------+
| Name          | Status   |   Time |   Sum | Start               | tag                                                                                                              | msg   | Node   | User    | OS    | Version                             |
|---------------+----------+--------+-------+---------------------+------------------------------------------------------------------------------------------------------------------+-------+--------+---------+-------+-------------------------------------|
| mpi-mergesort | ok       |  0.359 | 0.359 | 2022-11-19 13:05:03 | {'user': 'alex', 'node': 'v100', 'debug': False, 'size': 100000, 'subsort': 'mp', 'sort': 'mpi', 'c': 4, 'p': 4} |       | c33    | haiyang | Linux | #1 SMP Tue Jul 26 14:15:37 UTC 2022 |
| mpi-generate  | ok       |  0.001 | 0.001 | 2022-11-19 13:05:03 | {'user': 'alex', 'node': 'v100', 'debug': False, 'size': 100000, 'subsort': 'mp', 'sort': 'mpi', 'c': 4, 'p': 4} |       | c33    | haiyang | Linux | #1 SMP Tue Jul 26 14:15:37 UTC 2022 |
+---------------+----------+--------+-------+---------------------+------------------------------------------------------------------------------------------------------------------+-------+--------+---------+-------+-------------------------------------+
# csv,timer,status,time,sum,start,tag,msg,uname.node,user,uname.system,platform.version
# csv,mpi-mergesort,ok,0.359,0.359,2022-11-19 13:05:03,{'user': 'alex', 'node': 'v100', 'debug': False, 'size': 100000, 'subsort': 'mp', 'sort': 'mpi', 'c': 4, 'p': 4},None,c33,haiyang,Linux,#1 SMP Tue Jul 26 14:15:37 UTC 2022
# csv,mpi-generate,ok,0.001,0.001,2022-11-19 13:05:03,{'user': 'alex', 'node': 'v100', 'debug': False, 'size': 100000, 'subsort': 'mp', 'sort': 'mpi', 'c': 4, 'p': 4},None,c33,haiyang,Linux,#1 SMP Tue Jul 26 14:15:37 UTC 2022


+---------------------------------+--------------------------------------------------------------+
| Attribute                       | Value                                                        |
|---------------------------------+--------------------------------------------------------------|
| ANSI_COLOR                      | "0;31"                                                       |
| BUG_REPORT_URL                  | "https://bugzilla.redhat.com/"                               |
| CPE_NAME                        | "cpe:/o:redhat:enterprise_linux:7.9:GA:server"               |
| HOME_URL                        | "https://www.redhat.com/"                                    |
| ID                              | "rhel"                                                       |
| ID_LIKE                         | "fedora"                                                     |
| NAME                            | "Red Hat Enterprise Linux Server"                            |
| PRETTY_NAME                     | "Red Hat Enterprise Linux Server 7.9 (Maipo)"                |
| REDHAT_BUGZILLA_PRODUCT         | "Red Hat Enterprise Linux 7"                                 |
| REDHAT_BUGZILLA_PRODUCT_VERSION | 7.9                                                          |
| REDHAT_SUPPORT_PRODUCT          | "Red Hat Enterprise Linux"                                   |
| REDHAT_SUPPORT_PRODUCT_VERSION  | "7.9"                                                        |
| VARIANT                         | "Server"                                                     |
| VARIANT_ID                      | "server"                                                     |
| VERSION                         | "7.9 (Maipo)"                                                |
| VERSION_ID                      | "7.9"                                                        |
| cpu                             | Intel(R) Xeon(R) CPU E5-2680 v3 @ 2.50GHz                    |
| cpu_cores                       | 24                                                           |
| cpu_count                       | 24                                                           |
| cpu_threads                     | 24                                                           |
| date                            | 2022-11-19 13:05:06.694575                                   |
| frequency                       | scpufreq(current=1.9361666666666666, min=1200.0, max=3300.0) |
| mem.active                      | 67.0 GiB                                                     |
| mem.available                   | 170.0 GiB                                                    |
| mem.free                        | 165.1 GiB                                                    |
| mem.inactive                    | 5.8 GiB                                                      |
| mem.percent                     | 32.3 %                                                       |
| mem.total                       | 251.1 GiB                                                    |
| mem.used                        | 74.0 GiB                                                     |
| platform.version                | #1 SMP Tue Jul 26 14:15:37 UTC 2022                          |
| python                          | 3.9.8 (main, Feb  8 2022, 08:35:13)                          |
|                                 | [GCC 6.3.0]                                                  |
| python.pip                      | 22.2.2                                                       |
| python.version                  | 3.9.8                                                        |
| sys.platform                    | linux                                                        |
| uname.machine                   | x86_64                                                       |
| uname.node                      | c33                                                          |
| uname.processor                 | x86_64                                                       |
| uname.release                   | 3.10.0-1160.76.1.el7.x86_64                                  |
| uname.system                    | Linux                                                        |
| uname.version                   | #1 SMP Tue Jul 26 14:15:37 UTC 2022                          |
| user                            | haiyang                                                      |
+---------------------------------+--------------------------------------------------------------+

+---------------+----------+--------+-------+---------------------+------------------------------------------------------------------------------------------------------------------+-------+--------+---------+-------+-------------------------------------+
| Name          | Status   |   Time |   Sum | Start               | tag                                                                                                              | msg   | Node   | User    | OS    | Version                             |
|---------------+----------+--------+-------+---------------------+------------------------------------------------------------------------------------------------------------------+-------+--------+---------+-------+-------------------------------------|
| mpi-mergesort | ok       |  0.355 | 0.355 | 2022-11-19 13:05:06 | {'user': 'alex', 'node': 'v100', 'debug': False, 'size': 100000, 'subsort': 'mp', 'sort': 'mpi', 'c': 4, 'p': 4} |       | c33    | haiyang | Linux | #1 SMP Tue Jul 26 14:15:37 UTC 2022 |
| mpi-generate  | ok       |  0.002 | 0.002 | 2022-11-19 13:05:06 | {'user': 'alex', 'node': 'v100', 'debug': False, 'size': 100000, 'subsort': 'mp', 'sort': 'mpi', 'c': 4, 'p': 4} |       | c33    | haiyang | Linux | #1 SMP Tue Jul 26 14:15:37 UTC 2022 |
+---------------+----------+--------+-------+---------------------+------------------------------------------------------------------------------------------------------------------+-------+--------+---------+-------+-------------------------------------+
# csv,timer,status,time,sum,start,tag,msg,uname.node,user,uname.system,platform.version
# csv,mpi-mergesort,ok,0.355,0.355,2022-11-19 13:05:06,{'user': 'alex', 'node': 'v100', 'debug': False, 'size': 100000, 'subsort': 'mp', 'sort': 'mpi', 'c': 4, 'p': 4},None,c33,haiyang,Linux,#1 SMP Tue Jul 26 14:15:37 UTC 2022
# csv,mpi-generate,ok,0.002,0.002,2022-11-19 13:05:06,{'user': 'alex', 'node': 'v100', 'debug': False, 'size': 100000, 'subsort': 'mp', 'sort': 'mpi', 'c': 4, 'p': 4},None,c33,haiyang,Linux,#1 SMP Tue Jul 26 14:15:37 UTC 2022


+---------------------------------+-------------------------------------------------------------+
| Attribute                       | Value                                                       |
|---------------------------------+-------------------------------------------------------------|
| ANSI_COLOR                      | "0;31"                                                      |
| BUG_REPORT_URL                  | "https://bugzilla.redhat.com/"                              |
| CPE_NAME                        | "cpe:/o:redhat:enterprise_linux:7.9:GA:server"              |
| HOME_URL                        | "https://www.redhat.com/"                                   |
| ID                              | "rhel"                                                      |
| ID_LIKE                         | "fedora"                                                    |
| NAME                            | "Red Hat Enterprise Linux Server"                           |
| PRETTY_NAME                     | "Red Hat Enterprise Linux Server 7.9 (Maipo)"               |
| REDHAT_BUGZILLA_PRODUCT         | "Red Hat Enterprise Linux 7"                                |
| REDHAT_BUGZILLA_PRODUCT_VERSION | 7.9                                                         |
| REDHAT_SUPPORT_PRODUCT          | "Red Hat Enterprise Linux"                                  |
| REDHAT_SUPPORT_PRODUCT_VERSION  | "7.9"                                                       |
| VARIANT                         | "Server"                                                    |
| VARIANT_ID                      | "server"                                                    |
| VERSION                         | "7.9 (Maipo)"                                               |
| VERSION_ID                      | "7.9"                                                       |
| cpu                             | Intel(R) Xeon(R) CPU E5-2680 v3 @ 2.50GHz                   |
| cpu_cores                       | 24                                                          |
| cpu_count                       | 24                                                          |
| cpu_threads                     | 24                                                          |
| date                            | 2022-11-19 13:05:09.553516                                  |
| frequency                       | scpufreq(current=1.929833333333333, min=1200.0, max=3300.0) |
| mem.active                      | 66.9 GiB                                                    |
| mem.available                   | 170.0 GiB                                                   |
| mem.free                        | 165.1 GiB                                                   |
| mem.inactive                    | 5.8 GiB                                                     |
| mem.percent                     | 32.3 %                                                      |
| mem.total                       | 251.1 GiB                                                   |
| mem.used                        | 73.9 GiB                                                    |
| platform.version                | #1 SMP Tue Jul 26 14:15:37 UTC 2022                         |
| python                          | 3.9.8 (main, Feb  8 2022, 08:35:13)                         |
|                                 | [GCC 6.3.0]                                                 |
| python.pip                      | 22.2.2                                                      |
| python.version                  | 3.9.8                                                       |
| sys.platform                    | linux                                                       |
| uname.machine                   | x86_64                                                      |
| uname.node                      | c33                                                         |
| uname.processor                 | x86_64                                                      |
| uname.release                   | 3.10.0-1160.76.1.el7.x86_64                                 |
| uname.system                    | Linux                                                       |
| uname.version                   | #1 SMP Tue Jul 26 14:15:37 UTC 2022                         |
| user                            | haiyang                                                     |
+---------------------------------+-------------------------------------------------------------+

+---------------+----------+--------+-------+---------------------+------------------------------------------------------------------------------------------------------------------+-------+--------+---------+-------+-------------------------------------+
| Name          | Status   |   Time |   Sum | Start               | tag                                                                                                              | msg   | Node   | User    | OS    | Version                             |
|---------------+----------+--------+-------+---------------------+------------------------------------------------------------------------------------------------------------------+-------+--------+---------+-------+-------------------------------------|
| mpi-mergesort | ok       |  0.366 | 0.366 | 2022-11-19 13:05:09 | {'user': 'alex', 'node': 'v100', 'debug': False, 'size': 100000, 'subsort': 'mp', 'sort': 'mpi', 'c': 4, 'p': 4} |       | c33    | haiyang | Linux | #1 SMP Tue Jul 26 14:15:37 UTC 2022 |
| mpi-generate  | ok       |  0.002 | 0.002 | 2022-11-19 13:05:09 | {'user': 'alex', 'node': 'v100', 'debug': False, 'size': 100000, 'subsort': 'mp', 'sort': 'mpi', 'c': 4, 'p': 4} |       | c33    | haiyang | Linux | #1 SMP Tue Jul 26 14:15:37 UTC 2022 |
+---------------+----------+--------+-------+---------------------+------------------------------------------------------------------------------------------------------------------+-------+--------+---------+-------+-------------------------------------+
# csv,timer,status,time,sum,start,tag,msg,uname.node,user,uname.system,platform.version
# csv,mpi-mergesort,ok,0.366,0.366,2022-11-19 13:05:09,{'user': 'alex', 'node': 'v100', 'debug': False, 'size': 100000, 'subsort': 'mp', 'sort': 'mpi', 'c': 4, 'p': 4},None,c33,haiyang,Linux,#1 SMP Tue Jul 26 14:15:37 UTC 2022
# csv,mpi-generate,ok,0.002,0.002,2022-11-19 13:05:09,{'user': 'alex', 'node': 'v100', 'debug': False, 'size': 100000, 'subsort': 'mp', 'sort': 'mpi', 'c': 4, 'p': 4},None,c33,haiyang,Linux,#1 SMP Tue Jul 26 14:15:37 UTC 2022


+---------------------------------+---------------------------------------------------+
| Attribute                       | Value                                             |
|---------------------------------+---------------------------------------------------|
| ANSI_COLOR                      | "0;31"                                            |
| BUG_REPORT_URL                  | "https://bugzilla.redhat.com/"                    |
| CPE_NAME                        | "cpe:/o:redhat:enterprise_linux:7.9:GA:server"    |
| HOME_URL                        | "https://www.redhat.com/"                         |
| ID                              | "rhel"                                            |
| ID_LIKE                         | "fedora"                                          |
| NAME                            | "Red Hat Enterprise Linux Server"                 |
| PRETTY_NAME                     | "Red Hat Enterprise Linux Server 7.9 (Maipo)"     |
| REDHAT_BUGZILLA_PRODUCT         | "Red Hat Enterprise Linux 7"                      |
| REDHAT_BUGZILLA_PRODUCT_VERSION | 7.9                                               |
| REDHAT_SUPPORT_PRODUCT          | "Red Hat Enterprise Linux"                        |
| REDHAT_SUPPORT_PRODUCT_VERSION  | "7.9"                                             |
| VARIANT                         | "Server"                                          |
| VARIANT_ID                      | "server"                                          |
| VERSION                         | "7.9 (Maipo)"                                     |
| VERSION_ID                      | "7.9"                                             |
| cpu                             | Intel(R) Xeon(R) CPU E5-2680 v3 @ 2.50GHz         |
| cpu_cores                       | 24                                                |
| cpu_count                       | 24                                                |
| cpu_threads                     | 24                                                |
| date                            | 2022-11-19 13:05:12.410557                        |
| frequency                       | scpufreq(current=1.92975, min=1200.0, max=3300.0) |
| mem.active                      | 67.0 GiB                                          |
| mem.available                   | 170.0 GiB                                         |
| mem.free                        | 165.1 GiB                                         |
| mem.inactive                    | 5.8 GiB                                           |
| mem.percent                     | 32.3 %                                            |
| mem.total                       | 251.1 GiB                                         |
| mem.used                        | 74.0 GiB                                          |
| platform.version                | #1 SMP Tue Jul 26 14:15:37 UTC 2022               |
| python                          | 3.9.8 (main, Feb  8 2022, 08:35:13)               |
|                                 | [GCC 6.3.0]                                       |
| python.pip                      | 22.2.2                                            |
| python.version                  | 3.9.8                                             |
| sys.platform                    | linux                                             |
| uname.machine                   | x86_64                                            |
| uname.node                      | c33                                               |
| uname.processor                 | x86_64                                            |
| uname.release                   | 3.10.0-1160.76.1.el7.x86_64                       |
| uname.system                    | Linux                                             |
| uname.version                   | #1 SMP Tue Jul 26 14:15:37 UTC 2022               |
| user                            | haiyang                                           |
+---------------------------------+---------------------------------------------------+

+---------------+----------+--------+-------+---------------------+------------------------------------------------------------------------------------------------------------------+-------+--------+---------+-------+-------------------------------------+
| Name          | Status   |   Time |   Sum | Start               | tag                                                                                                              | msg   | Node   | User    | OS    | Version                             |
|---------------+----------+--------+-------+---------------------+------------------------------------------------------------------------------------------------------------------+-------+--------+---------+-------+-------------------------------------|
| mpi-mergesort | ok       |  0.351 | 0.351 | 2022-11-19 13:05:12 | {'user': 'alex', 'node': 'v100', 'debug': False, 'size': 100000, 'subsort': 'mp', 'sort': 'mpi', 'c': 4, 'p': 4} |       | c33    | haiyang | Linux | #1 SMP Tue Jul 26 14:15:37 UTC 2022 |
| mpi-generate  | ok       |  0.002 | 0.002 | 2022-11-19 13:05:12 | {'user': 'alex', 'node': 'v100', 'debug': False, 'size': 100000, 'subsort': 'mp', 'sort': 'mpi', 'c': 4, 'p': 4} |       | c33    | haiyang | Linux | #1 SMP Tue Jul 26 14:15:37 UTC 2022 |
+---------------+----------+--------+-------+---------------------+------------------------------------------------------------------------------------------------------------------+-------+--------+---------+-------+-------------------------------------+
# csv,timer,status,time,sum,start,tag,msg,uname.node,user,uname.system,platform.version
# csv,mpi-mergesort,ok,0.351,0.351,2022-11-19 13:05:12,{'user': 'alex', 'node': 'v100', 'debug': False, 'size': 100000, 'subsort': 'mp', 'sort': 'mpi', 'c': 4, 'p': 4},None,c33,haiyang,Linux,#1 SMP Tue Jul 26 14:15:37 UTC 2022
# csv,mpi-generate,ok,0.002,0.002,2022-11-19 13:05:12,{'user': 'alex', 'node': 'v100', 'debug': False, 'size': 100000, 'subsort': 'mp', 'sort': 'mpi', 'c': 4, 'p': 4},None,c33,haiyang,Linux,#1 SMP Tue Jul 26 14:15:37 UTC 2022


+---------------------------------+--------------------------------------------------------------+
| Attribute                       | Value                                                        |
|---------------------------------+--------------------------------------------------------------|
| ANSI_COLOR                      | "0;31"                                                       |
| BUG_REPORT_URL                  | "https://bugzilla.redhat.com/"                               |
| CPE_NAME                        | "cpe:/o:redhat:enterprise_linux:7.9:GA:server"               |
| HOME_URL                        | "https://www.redhat.com/"                                    |
| ID                              | "rhel"                                                       |
| ID_LIKE                         | "fedora"                                                     |
| NAME                            | "Red Hat Enterprise Linux Server"                            |
| PRETTY_NAME                     | "Red Hat Enterprise Linux Server 7.9 (Maipo)"                |
| REDHAT_BUGZILLA_PRODUCT         | "Red Hat Enterprise Linux 7"                                 |
| REDHAT_BUGZILLA_PRODUCT_VERSION | 7.9                                                          |
| REDHAT_SUPPORT_PRODUCT          | "Red Hat Enterprise Linux"                                   |
| REDHAT_SUPPORT_PRODUCT_VERSION  | "7.9"                                                        |
| VARIANT                         | "Server"                                                     |
| VARIANT_ID                      | "server"                                                     |
| VERSION                         | "7.9 (Maipo)"                                                |
| VERSION_ID                      | "7.9"                                                        |
| cpu                             | Intel(R) Xeon(R) CPU E5-2680 v3 @ 2.50GHz                    |
| cpu_cores                       | 24                                                           |
| cpu_count                       | 24                                                           |
| cpu_threads                     | 24                                                           |
| date                            | 2022-11-19 13:05:15.257094                                   |
| frequency                       | scpufreq(current=1.9099166666666667, min=1200.0, max=3300.0) |
| mem.active                      | 67.0 GiB                                                     |
| mem.available                   | 170.0 GiB                                                    |
| mem.free                        | 165.1 GiB                                                    |
| mem.inactive                    | 5.8 GiB                                                      |
| mem.percent                     | 32.3 %                                                       |
| mem.total                       | 251.1 GiB                                                    |
| mem.used                        | 74.0 GiB                                                     |
| platform.version                | #1 SMP Tue Jul 26 14:15:37 UTC 2022                          |
| python                          | 3.9.8 (main, Feb  8 2022, 08:35:13)                          |
|                                 | [GCC 6.3.0]                                                  |
| python.pip                      | 22.2.2                                                       |
| python.version                  | 3.9.8                                                        |
| sys.platform                    | linux                                                        |
| uname.machine                   | x86_64                                                       |
| uname.node                      | c33                                                          |
| uname.processor                 | x86_64                                                       |
| uname.release                   | 3.10.0-1160.76.1.el7.x86_64                                  |
| uname.system                    | Linux                                                        |
| uname.version                   | #1 SMP Tue Jul 26 14:15:37 UTC 2022                          |
| user                            | haiyang                                                      |
+---------------------------------+--------------------------------------------------------------+

+---------------+----------+--------+-------+---------------------+------------------------------------------------------------------------------------------------------------------+-------+--------+---------+-------+-------------------------------------+
| Name          | Status   |   Time |   Sum | Start               | tag                                                                                                              | msg   | Node   | User    | OS    | Version                             |
|---------------+----------+--------+-------+---------------------+------------------------------------------------------------------------------------------------------------------+-------+--------+---------+-------+-------------------------------------|
| mpi-mergesort | ok       |  0.367 | 0.367 | 2022-11-19 13:05:14 | {'user': 'alex', 'node': 'v100', 'debug': False, 'size': 100000, 'subsort': 'mp', 'sort': 'mpi', 'c': 4, 'p': 4} |       | c33    | haiyang | Linux | #1 SMP Tue Jul 26 14:15:37 UTC 2022 |
| mpi-generate  | ok       |  0.001 | 0.001 | 2022-11-19 13:05:14 | {'user': 'alex', 'node': 'v100', 'debug': False, 'size': 100000, 'subsort': 'mp', 'sort': 'mpi', 'c': 4, 'p': 4} |       | c33    | haiyang | Linux | #1 SMP Tue Jul 26 14:15:37 UTC 2022 |
+---------------+----------+--------+-------+---------------------+------------------------------------------------------------------------------------------------------------------+-------+--------+---------+-------+-------------------------------------+
# csv,timer,status,time,sum,start,tag,msg,uname.node,user,uname.system,platform.version
# csv,mpi-mergesort,ok,0.367,0.367,2022-11-19 13:05:14,{'user': 'alex', 'node': 'v100', 'debug': False, 'size': 100000, 'subsort': 'mp', 'sort': 'mpi', 'c': 4, 'p': 4},None,c33,haiyang,Linux,#1 SMP Tue Jul 26 14:15:37 UTC 2022
# csv,mpi-generate,ok,0.001,0.001,2022-11-19 13:05:14,{'user': 'alex', 'node': 'v100', 'debug': False, 'size': 100000, 'subsort': 'mp', 'sort': 'mpi', 'c': 4, 'p': 4},None,c33,haiyang,Linux,#1 SMP Tue Jul 26 14:15:37 UTC 2022


+---------------------------------+-------------------------------------------------------------+
| Attribute                       | Value                                                       |
|---------------------------------+-------------------------------------------------------------|
| ANSI_COLOR                      | "0;31"                                                      |
| BUG_REPORT_URL                  | "https://bugzilla.redhat.com/"                              |
| CPE_NAME                        | "cpe:/o:redhat:enterprise_linux:7.9:GA:server"              |
| HOME_URL                        | "https://www.redhat.com/"                                   |
| ID                              | "rhel"                                                      |
| ID_LIKE                         | "fedora"                                                    |
| NAME                            | "Red Hat Enterprise Linux Server"                           |
| PRETTY_NAME                     | "Red Hat Enterprise Linux Server 7.9 (Maipo)"               |
| REDHAT_BUGZILLA_PRODUCT         | "Red Hat Enterprise Linux 7"                                |
| REDHAT_BUGZILLA_PRODUCT_VERSION | 7.9                                                         |
| REDHAT_SUPPORT_PRODUCT          | "Red Hat Enterprise Linux"                                  |
| REDHAT_SUPPORT_PRODUCT_VERSION  | "7.9"                                                       |
| VARIANT                         | "Server"                                                    |
| VARIANT_ID                      | "server"                                                    |
| VERSION                         | "7.9 (Maipo)"                                               |
| VERSION_ID                      | "7.9"                                                       |
| cpu                             | Intel(R) Xeon(R) CPU E5-2680 v3 @ 2.50GHz                   |
| cpu_cores                       | 24                                                          |
| cpu_count                       | 24                                                          |
| cpu_threads                     | 24                                                          |
| date                            | 2022-11-19 13:05:18.156925                                  |
| frequency                       | scpufreq(current=1.902708333333333, min=1200.0, max=3300.0) |
| mem.active                      | 67.0 GiB                                                    |
| mem.available                   | 170.0 GiB                                                   |
| mem.free                        | 165.1 GiB                                                   |
| mem.inactive                    | 5.8 GiB                                                     |
| mem.percent                     | 32.3 %                                                      |
| mem.total                       | 251.1 GiB                                                   |
| mem.used                        | 74.0 GiB                                                    |
| platform.version                | #1 SMP Tue Jul 26 14:15:37 UTC 2022                         |
| python                          | 3.9.8 (main, Feb  8 2022, 08:35:13)                         |
|                                 | [GCC 6.3.0]                                                 |
| python.pip                      | 22.2.2                                                      |
| python.version                  | 3.9.8                                                       |
| sys.platform                    | linux                                                       |
| uname.machine                   | x86_64                                                      |
| uname.node                      | c33                                                         |
| uname.processor                 | x86_64                                                      |
| uname.release                   | 3.10.0-1160.76.1.el7.x86_64                                 |
| uname.system                    | Linux                                                       |
| uname.version                   | #1 SMP Tue Jul 26 14:15:37 UTC 2022                         |
| user                            | haiyang                                                     |
+---------------------------------+-------------------------------------------------------------+

+---------------+----------+--------+-------+---------------------+------------------------------------------------------------------------------------------------------------------+-------+--------+---------+-------+-------------------------------------+
| Name          | Status   |   Time |   Sum | Start               | tag                                                                                                              | msg   | Node   | User    | OS    | Version                             |
|---------------+----------+--------+-------+---------------------+------------------------------------------------------------------------------------------------------------------+-------+--------+---------+-------+-------------------------------------|
| mpi-mergesort | ok       |  0.369 | 0.369 | 2022-11-19 13:05:17 | {'user': 'alex', 'node': 'v100', 'debug': False, 'size': 100000, 'subsort': 'mp', 'sort': 'mpi', 'c': 4, 'p': 4} |       | c33    | haiyang | Linux | #1 SMP Tue Jul 26 14:15:37 UTC 2022 |
| mpi-generate  | ok       |  0.002 | 0.002 | 2022-11-19 13:05:17 | {'user': 'alex', 'node': 'v100', 'debug': False, 'size': 100000, 'subsort': 'mp', 'sort': 'mpi', 'c': 4, 'p': 4} |       | c33    | haiyang | Linux | #1 SMP Tue Jul 26 14:15:37 UTC 2022 |
+---------------+----------+--------+-------+---------------------+------------------------------------------------------------------------------------------------------------------+-------+--------+---------+-------+-------------------------------------+
# csv,timer,status,time,sum,start,tag,msg,uname.node,user,uname.system,platform.version
# csv,mpi-mergesort,ok,0.369,0.369,2022-11-19 13:05:17,{'user': 'alex', 'node': 'v100', 'debug': False, 'size': 100000, 'subsort': 'mp', 'sort': 'mpi', 'c': 4, 'p': 4},None,c33,haiyang,Linux,#1 SMP Tue Jul 26 14:15:37 UTC 2022
# csv,mpi-generate,ok,0.002,0.002,2022-11-19 13:05:17,{'user': 'alex', 'node': 'v100', 'debug': False, 'size': 100000, 'subsort': 'mp', 'sort': 'mpi', 'c': 4, 'p': 4},None,c33,haiyang,Linux,#1 SMP Tue Jul 26 14:15:37 UTC 2022


+---------------------------------+----------------------------------------------------+
| Attribute                       | Value                                              |
|---------------------------------+----------------------------------------------------|
| ANSI_COLOR                      | "0;31"                                             |
| BUG_REPORT_URL                  | "https://bugzilla.redhat.com/"                     |
| CPE_NAME                        | "cpe:/o:redhat:enterprise_linux:7.9:GA:server"     |
| HOME_URL                        | "https://www.redhat.com/"                          |
| ID                              | "rhel"                                             |
| ID_LIKE                         | "fedora"                                           |
| NAME                            | "Red Hat Enterprise Linux Server"                  |
| PRETTY_NAME                     | "Red Hat Enterprise Linux Server 7.9 (Maipo)"      |
| REDHAT_BUGZILLA_PRODUCT         | "Red Hat Enterprise Linux 7"                       |
| REDHAT_BUGZILLA_PRODUCT_VERSION | 7.9                                                |
| REDHAT_SUPPORT_PRODUCT          | "Red Hat Enterprise Linux"                         |
| REDHAT_SUPPORT_PRODUCT_VERSION  | "7.9"                                              |
| VARIANT                         | "Server"                                           |
| VARIANT_ID                      | "server"                                           |
| VERSION                         | "7.9 (Maipo)"                                      |
| VERSION_ID                      | "7.9"                                              |
| cpu                             | Intel(R) Xeon(R) CPU E5-2680 v3 @ 2.50GHz          |
| cpu_cores                       | 24                                                 |
| cpu_count                       | 24                                                 |
| cpu_threads                     | 24                                                 |
| date                            | 2022-11-19 13:05:21.201551                         |
| frequency                       | scpufreq(current=1.914625, min=1200.0, max=3300.0) |
| mem.active                      | 67.0 GiB                                           |
| mem.available                   | 170.0 GiB                                          |
| mem.free                        | 165.1 GiB                                          |
| mem.inactive                    | 5.8 GiB                                            |
| mem.percent                     | 32.3 %                                             |
| mem.total                       | 251.1 GiB                                          |
| mem.used                        | 74.0 GiB                                           |
| platform.version                | #1 SMP Tue Jul 26 14:15:37 UTC 2022                |
| python                          | 3.9.8 (main, Feb  8 2022, 08:35:13)                |
|                                 | [GCC 6.3.0]                                        |
| python.pip                      | 22.2.2                                             |
| python.version                  | 3.9.8                                              |
| sys.platform                    | linux                                              |
| uname.machine                   | x86_64                                             |
| uname.node                      | c33                                                |
| uname.processor                 | x86_64                                             |
| uname.release                   | 3.10.0-1160.76.1.el7.x86_64                        |
| uname.system                    | Linux                                              |
| uname.version                   | #1 SMP Tue Jul 26 14:15:37 UTC 2022                |
| user                            | haiyang                                            |
+---------------------------------+----------------------------------------------------+

+---------------+----------+--------+-------+---------------------+------------------------------------------------------------------------------------------------------------------+-------+--------+---------+-------+-------------------------------------+
| Name          | Status   |   Time |   Sum | Start               | tag                                                                                                              | msg   | Node   | User    | OS    | Version                             |
|---------------+----------+--------+-------+---------------------+------------------------------------------------------------------------------------------------------------------+-------+--------+---------+-------+-------------------------------------|
| mpi-mergesort | ok       |  0.423 | 0.423 | 2022-11-19 13:05:20 | {'user': 'alex', 'node': 'v100', 'debug': False, 'size': 100000, 'subsort': 'mp', 'sort': 'mpi', 'c': 4, 'p': 4} |       | c33    | haiyang | Linux | #1 SMP Tue Jul 26 14:15:37 UTC 2022 |
| mpi-generate  | ok       |  0.002 | 0.002 | 2022-11-19 13:05:20 | {'user': 'alex', 'node': 'v100', 'debug': False, 'size': 100000, 'subsort': 'mp', 'sort': 'mpi', 'c': 4, 'p': 4} |       | c33    | haiyang | Linux | #1 SMP Tue Jul 26 14:15:37 UTC 2022 |
+---------------+----------+--------+-------+---------------------+------------------------------------------------------------------------------------------------------------------+-------+--------+---------+-------+-------------------------------------+
# csv,timer,status,time,sum,start,tag,msg,uname.node,user,uname.system,platform.version
# csv,mpi-mergesort,ok,0.423,0.423,2022-11-19 13:05:20,{'user': 'alex', 'node': 'v100', 'debug': False, 'size': 100000, 'subsort': 'mp', 'sort': 'mpi', 'c': 4, 'p': 4},None,c33,haiyang,Linux,#1 SMP Tue Jul 26 14:15:37 UTC 2022
# csv,mpi-generate,ok,0.002,0.002,2022-11-19 13:05:20,{'user': 'alex', 'node': 'v100', 'debug': False, 'size': 100000, 'subsort': 'mp', 'sort': 'mpi', 'c': 4, 'p': 4},None,c33,haiyang,Linux,#1 SMP Tue Jul 26 14:15:37 UTC 2022

