Starting experiment
Processes: 1
Cores:     1
SORT:      sort
Size:      70000000
Repeat:    5
Debug:     False
Algorithm: sort
Tag:       None
Total:     5
Experiment 4    : sort=sort size=70000000 processes=1 cores=1 repeat=0 last_time=undefined                     
Experiment 3    : sort=sort size=70000000 processes=1 cores=1 repeat=1 last_time=36.2129                     
Experiment 2    : sort=sort size=70000000 processes=1 cores=1 repeat=2 last_time=34.6352                     
Experiment 1    : sort=sort size=70000000 processes=1 cores=1 repeat=3 last_time=36.4008                     
Experiment 0    : sort=sort size=70000000 processes=1 cores=1 repeat=4 last_time=35.4539                     

+---------------------------------+--------------------------------------------------------------+
| Attribute                       | Value                                                        |
|---------------------------------+--------------------------------------------------------------|
| ANSI_COLOR                      | "0;31"                                                       |
| BUG_REPORT_URL                  | "https://bugzilla.redhat.com/"                               |
| CPE_NAME                        | "cpe:/o:redhat:enterprise_linux:7.9:GA:server"               |
| HOME_URL                        | "https://www.redhat.com/"                                    |
| ID                              | "rhel"                                                       |
| ID_LIKE                         | "fedora"                                                     |
| NAME                            | "Red Hat Enterprise Linux Server"                            |
| PRETTY_NAME                     | "Red Hat Enterprise Linux Server 7.9 (Maipo)"                |
| REDHAT_BUGZILLA_PRODUCT         | "Red Hat Enterprise Linux 7"                                 |
| REDHAT_BUGZILLA_PRODUCT_VERSION | 7.9                                                          |
| REDHAT_SUPPORT_PRODUCT          | "Red Hat Enterprise Linux"                                   |
| REDHAT_SUPPORT_PRODUCT_VERSION  | "7.9"                                                        |
| VARIANT                         | "Server"                                                     |
| VARIANT_ID                      | "server"                                                     |
| VERSION                         | "7.9 (Maipo)"                                                |
| VERSION_ID                      | "7.9"                                                        |
| cpu                             | Intel(R) Xeon(R) CPU E5-2680 v3 @ 2.50GHz                    |
| cpu_cores                       | 24                                                           |
| cpu_count                       | 24                                                           |
| cpu_threads                     | 24                                                           |
| date                            | 2022-11-23 07:31:32.807693                                   |
| frequency                       | scpufreq(current=1.4480416666666667, min=1200.0, max=3300.0) |
| mem.active                      | 19.7 GiB                                                     |
| mem.available                   | 179.2 GiB                                                    |
| mem.free                        | 176.4 GiB                                                    |
| mem.inactive                    | 7.0 GiB                                                      |
| mem.percent                     | 28.7 %                                                       |
| mem.total                       | 251.2 GiB                                                    |
| mem.used                        | 51.4 GiB                                                     |
| platform.version                | #1 SMP Tue Jul 26 14:15:37 UTC 2022                          |
| python                          | 3.9.8 (main, Feb  8 2022, 08:35:13)                          |
|                                 | [GCC 6.3.0]                                                  |
| python.pip                      | 22.2.2                                                       |
| python.version                  | 3.9.8                                                        |
| sys.platform                    | linux                                                        |
| uname.machine                   | x86_64                                                       |
| uname.node                      | h1.carbonate.uits.iu.edu                                     |
| uname.processor                 | x86_64                                                       |
| uname.release                   | 3.10.0-1160.76.1.el7.x86_64                                  |
| uname.system                    | Linux                                                        |
| uname.version                   | #1 SMP Tue Jul 26 14:15:37 UTC 2022                          |
| user                            | haiyang                                                      |
+---------------------------------+--------------------------------------------------------------+

+-------------------------------+----------+--------+--------+---------------------+--------------------------------------------------------------------------------------------------+-------+--------------------------+---------+-------+-------------------------------------+
| Name                          | Status   |   Time |    Sum | Start               | tag                                                                                              | msg   | Node                     | User    | OS    | Version                             |
|-------------------------------+----------+--------+--------+---------------------+--------------------------------------------------------------------------------------------------+-------+--------------------------+---------+-------+-------------------------------------|
| sort-v100-alex-70000000-1-1-0 | ok       | 36.213 | 36.213 | 2022-11-23 07:28:02 | {'p': 1, 'c': 1, 'size': 70000000, 'repeat': 10, 'sort': 'sort', 'user': 'alex', 'node': 'v100'} |       | h1.carbonate.uits.iu.edu | haiyang | Linux | #1 SMP Tue Jul 26 14:15:37 UTC 2022 |
| sort-v100-alex-70000000-1-1-1 | ok       | 34.635 | 34.635 | 2022-11-23 07:28:46 | {'p': 1, 'c': 1, 'size': 70000000, 'repeat': 10, 'sort': 'sort', 'user': 'alex', 'node': 'v100'} |       | h1.carbonate.uits.iu.edu | haiyang | Linux | #1 SMP Tue Jul 26 14:15:37 UTC 2022 |
| sort-v100-alex-70000000-1-1-2 | ok       | 36.401 | 36.401 | 2022-11-23 07:29:30 | {'p': 1, 'c': 1, 'size': 70000000, 'repeat': 10, 'sort': 'sort', 'user': 'alex', 'node': 'v100'} |       | h1.carbonate.uits.iu.edu | haiyang | Linux | #1 SMP Tue Jul 26 14:15:37 UTC 2022 |
| sort-v100-alex-70000000-1-1-3 | ok       | 35.454 | 35.454 | 2022-11-23 07:30:15 | {'p': 1, 'c': 1, 'size': 70000000, 'repeat': 10, 'sort': 'sort', 'user': 'alex', 'node': 'v100'} |       | h1.carbonate.uits.iu.edu | haiyang | Linux | #1 SMP Tue Jul 26 14:15:37 UTC 2022 |
| sort-v100-alex-70000000-1-1-4 | ok       | 33.624 | 33.624 | 2022-11-23 07:30:59 | {'p': 1, 'c': 1, 'size': 70000000, 'repeat': 10, 'sort': 'sort', 'user': 'alex', 'node': 'v100'} |       | h1.carbonate.uits.iu.edu | haiyang | Linux | #1 SMP Tue Jul 26 14:15:37 UTC 2022 |
+-------------------------------+----------+--------+--------+---------------------+--------------------------------------------------------------------------------------------------+-------+--------------------------+---------+-------+-------------------------------------+
# csv,timer,status,time,sum,start,tag,msg,uname.node,user,uname.system,platform.version
# csv,sort-v100-alex-70000000-1-1-0,ok,36.213,36.213,2022-11-23 07:28:02,{'p': 1, 'c': 1, 'size': 70000000, 'repeat': 10, 'sort': 'sort', 'user': 'alex', 'node': 'v100'},None,h1.carbonate.uits.iu.edu,haiyang,Linux,#1 SMP Tue Jul 26 14:15:37 UTC 2022
# csv,sort-v100-alex-70000000-1-1-1,ok,34.635,34.635,2022-11-23 07:28:46,{'p': 1, 'c': 1, 'size': 70000000, 'repeat': 10, 'sort': 'sort', 'user': 'alex', 'node': 'v100'},None,h1.carbonate.uits.iu.edu,haiyang,Linux,#1 SMP Tue Jul 26 14:15:37 UTC 2022
# csv,sort-v100-alex-70000000-1-1-2,ok,36.401,36.401,2022-11-23 07:29:30,{'p': 1, 'c': 1, 'size': 70000000, 'repeat': 10, 'sort': 'sort', 'user': 'alex', 'node': 'v100'},None,h1.carbonate.uits.iu.edu,haiyang,Linux,#1 SMP Tue Jul 26 14:15:37 UTC 2022
# csv,sort-v100-alex-70000000-1-1-3,ok,35.454,35.454,2022-11-23 07:30:15,{'p': 1, 'c': 1, 'size': 70000000, 'repeat': 10, 'sort': 'sort', 'user': 'alex', 'node': 'v100'},None,h1.carbonate.uits.iu.edu,haiyang,Linux,#1 SMP Tue Jul 26 14:15:37 UTC 2022
# csv,sort-v100-alex-70000000-1-1-4,ok,33.624,33.624,2022-11-23 07:30:59,{'p': 1, 'c': 1, 'size': 70000000, 'repeat': 10, 'sort': 'sort', 'user': 'alex', 'node': 'v100'},None,h1.carbonate.uits.iu.edu,haiyang,Linux,#1 SMP Tue Jul 26 14:15:37 UTC 2022

