SORT: sorted
Starting experiment
Processes: 1
Cores:     1
Size:      6000000
Repeat:    10
Debug:     False
Algorithm: sorted
Tag:       None
Total:     10
Experiment 9         : size=6000000 processes=1 cores=1 repeat=0 last_time=undefined                     
Experiment 8         : size=6000000 processes=1 cores=1 repeat=1 last_time=2.0156                     
Experiment 7         : size=6000000 processes=1 cores=1 repeat=2 last_time=1.966                     
Experiment 6         : size=6000000 processes=1 cores=1 repeat=3 last_time=1.9961                     
Experiment 5         : size=6000000 processes=1 cores=1 repeat=4 last_time=2.0769                     
Experiment 4         : size=6000000 processes=1 cores=1 repeat=5 last_time=1.9893                     
Experiment 3         : size=6000000 processes=1 cores=1 repeat=6 last_time=1.9568                     
Experiment 2         : size=6000000 processes=1 cores=1 repeat=7 last_time=2.1592                     
Experiment 1         : size=6000000 processes=1 cores=1 repeat=8 last_time=2.0203                     
Experiment 0         : size=6000000 processes=1 cores=1 repeat=9 last_time=2.3804                     

+---------------------------------+-------------------------------------------------------------+
| Attribute                       | Value                                                       |
|---------------------------------+-------------------------------------------------------------|
| ANSI_COLOR                      | "0;31"                                                      |
| BUG_REPORT_URL                  | "https://bugzilla.redhat.com/"                              |
| CPE_NAME                        | "cpe:/o:redhat:enterprise_linux:7.9:GA:server"              |
| HOME_URL                        | "https://www.redhat.com/"                                   |
| ID                              | "rhel"                                                      |
| ID_LIKE                         | "fedora"                                                    |
| NAME                            | "Red Hat Enterprise Linux Server"                           |
| PRETTY_NAME                     | "Red Hat Enterprise Linux Server 7.9 (Maipo)"               |
| REDHAT_BUGZILLA_PRODUCT         | "Red Hat Enterprise Linux 7"                                |
| REDHAT_BUGZILLA_PRODUCT_VERSION | 7.9                                                         |
| REDHAT_SUPPORT_PRODUCT          | "Red Hat Enterprise Linux"                                  |
| REDHAT_SUPPORT_PRODUCT_VERSION  | "7.9"                                                       |
| VARIANT                         | "Server"                                                    |
| VARIANT_ID                      | "server"                                                    |
| VERSION                         | "7.9 (Maipo)"                                               |
| VERSION_ID                      | "7.9"                                                       |
| cpu                             | Intel(R) Xeon(R) CPU E5-2680 v3 @ 2.50GHz                   |
| cpu_cores                       | 24                                                          |
| cpu_count                       | 24                                                          |
| cpu_threads                     | 24                                                          |
| date                            | 2022-11-15 02:06:00.599567                                  |
| frequency                       | scpufreq(current=1.291083333333334, min=1200.0, max=3300.0) |
| mem.active                      | 22.3 GiB                                                    |
| mem.available                   | 184.3 GiB                                                   |
| mem.free                        | 175.2 GiB                                                   |
| mem.inactive                    | 34.8 GiB                                                    |
| mem.percent                     | 26.7 %                                                      |
| mem.total                       | 251.5 GiB                                                   |
| mem.used                        | 24.3 GiB                                                    |
| platform.version                | #1 SMP Tue Jul 26 14:15:37 UTC 2022                         |
| python                          | 3.9.8 (main, Feb  8 2022, 08:35:13)                         |
|                                 | [GCC 6.3.0]                                                 |
| python.pip                      | 22.2.2                                                      |
| python.version                  | 3.9.8                                                       |
| sys.platform                    | linux                                                       |
| uname.machine                   | x86_64                                                      |
| uname.node                      | h2.carbonate.uits.iu.edu                                    |
| uname.processor                 | x86_64                                                      |
| uname.release                   | 3.10.0-1160.76.1.el7.x86_64                                 |
| uname.system                    | Linux                                                       |
| uname.version                   | #1 SMP Tue Jul 26 14:15:37 UTC 2022                         |
| user                            | haiyang                                                     |
+---------------------------------+-------------------------------------------------------------+

+--------------------------------+----------+--------+-------+---------------------+---------------------------------------------------------------------------------------------------+-------+--------------------------+---------+-------+-------------------------------------+
| Name                           | Status   |   Time |   Sum | Start               | tag                                                                                               | msg   | Node                     | User    | OS    | Version                             |
|--------------------------------+----------+--------+-------+---------------------+---------------------------------------------------------------------------------------------------+-------+--------------------------+---------+-------+-------------------------------------|
| sorted-v100-alex-6000000-1-1-0 | ok       |  2.016 | 2.016 | 2022-11-15 02:04:40 | {'p': 1, 'c': 1, 'size': 6000000, 'repeat': 10, 'sort': 'sorted', 'user': 'alex', 'node': 'v100'} |       | h2.carbonate.uits.iu.edu | haiyang | Linux | #1 SMP Tue Jul 26 14:15:37 UTC 2022 |
| sorted-v100-alex-6000000-1-1-1 | ok       |  1.966 | 1.966 | 2022-11-15 02:04:49 | {'p': 1, 'c': 1, 'size': 6000000, 'repeat': 10, 'sort': 'sorted', 'user': 'alex', 'node': 'v100'} |       | h2.carbonate.uits.iu.edu | haiyang | Linux | #1 SMP Tue Jul 26 14:15:37 UTC 2022 |
| sorted-v100-alex-6000000-1-1-2 | ok       |  1.996 | 1.996 | 2022-11-15 02:04:57 | {'p': 1, 'c': 1, 'size': 6000000, 'repeat': 10, 'sort': 'sorted', 'user': 'alex', 'node': 'v100'} |       | h2.carbonate.uits.iu.edu | haiyang | Linux | #1 SMP Tue Jul 26 14:15:37 UTC 2022 |
| sorted-v100-alex-6000000-1-1-3 | ok       |  2.077 | 2.077 | 2022-11-15 02:05:06 | {'p': 1, 'c': 1, 'size': 6000000, 'repeat': 10, 'sort': 'sorted', 'user': 'alex', 'node': 'v100'} |       | h2.carbonate.uits.iu.edu | haiyang | Linux | #1 SMP Tue Jul 26 14:15:37 UTC 2022 |
| sorted-v100-alex-6000000-1-1-4 | ok       |  1.989 | 1.989 | 2022-11-15 02:05:15 | {'p': 1, 'c': 1, 'size': 6000000, 'repeat': 10, 'sort': 'sorted', 'user': 'alex', 'node': 'v100'} |       | h2.carbonate.uits.iu.edu | haiyang | Linux | #1 SMP Tue Jul 26 14:15:37 UTC 2022 |
| sorted-v100-alex-6000000-1-1-5 | ok       |  1.957 | 1.957 | 2022-11-15 02:05:23 | {'p': 1, 'c': 1, 'size': 6000000, 'repeat': 10, 'sort': 'sorted', 'user': 'alex', 'node': 'v100'} |       | h2.carbonate.uits.iu.edu | haiyang | Linux | #1 SMP Tue Jul 26 14:15:37 UTC 2022 |
| sorted-v100-alex-6000000-1-1-6 | ok       |  2.159 | 2.159 | 2022-11-15 02:05:32 | {'p': 1, 'c': 1, 'size': 6000000, 'repeat': 10, 'sort': 'sorted', 'user': 'alex', 'node': 'v100'} |       | h2.carbonate.uits.iu.edu | haiyang | Linux | #1 SMP Tue Jul 26 14:15:37 UTC 2022 |
| sorted-v100-alex-6000000-1-1-7 | ok       |  2.02  | 2.02  | 2022-11-15 02:05:41 | {'p': 1, 'c': 1, 'size': 6000000, 'repeat': 10, 'sort': 'sorted', 'user': 'alex', 'node': 'v100'} |       | h2.carbonate.uits.iu.edu | haiyang | Linux | #1 SMP Tue Jul 26 14:15:37 UTC 2022 |
| sorted-v100-alex-6000000-1-1-8 | ok       |  2.38  | 2.38  | 2022-11-15 02:05:49 | {'p': 1, 'c': 1, 'size': 6000000, 'repeat': 10, 'sort': 'sorted', 'user': 'alex', 'node': 'v100'} |       | h2.carbonate.uits.iu.edu | haiyang | Linux | #1 SMP Tue Jul 26 14:15:37 UTC 2022 |
| sorted-v100-alex-6000000-1-1-9 | ok       |  2.071 | 2.071 | 2022-11-15 02:05:58 | {'p': 1, 'c': 1, 'size': 6000000, 'repeat': 10, 'sort': 'sorted', 'user': 'alex', 'node': 'v100'} |       | h2.carbonate.uits.iu.edu | haiyang | Linux | #1 SMP Tue Jul 26 14:15:37 UTC 2022 |
+--------------------------------+----------+--------+-------+---------------------+---------------------------------------------------------------------------------------------------+-------+--------------------------+---------+-------+-------------------------------------+
# csv,timer,status,time,sum,start,tag,msg,uname.node,user,uname.system,platform.version
# csv,sorted-v100-alex-6000000-1-1-0,ok,2.016,2.016,2022-11-15 02:04:40,{'p': 1, 'c': 1, 'size': 6000000, 'repeat': 10, 'sort': 'sorted', 'user': 'alex', 'node': 'v100'},None,h2.carbonate.uits.iu.edu,haiyang,Linux,#1 SMP Tue Jul 26 14:15:37 UTC 2022
# csv,sorted-v100-alex-6000000-1-1-1,ok,1.966,1.966,2022-11-15 02:04:49,{'p': 1, 'c': 1, 'size': 6000000, 'repeat': 10, 'sort': 'sorted', 'user': 'alex', 'node': 'v100'},None,h2.carbonate.uits.iu.edu,haiyang,Linux,#1 SMP Tue Jul 26 14:15:37 UTC 2022
# csv,sorted-v100-alex-6000000-1-1-2,ok,1.996,1.996,2022-11-15 02:04:57,{'p': 1, 'c': 1, 'size': 6000000, 'repeat': 10, 'sort': 'sorted', 'user': 'alex', 'node': 'v100'},None,h2.carbonate.uits.iu.edu,haiyang,Linux,#1 SMP Tue Jul 26 14:15:37 UTC 2022
# csv,sorted-v100-alex-6000000-1-1-3,ok,2.077,2.077,2022-11-15 02:05:06,{'p': 1, 'c': 1, 'size': 6000000, 'repeat': 10, 'sort': 'sorted', 'user': 'alex', 'node': 'v100'},None,h2.carbonate.uits.iu.edu,haiyang,Linux,#1 SMP Tue Jul 26 14:15:37 UTC 2022
# csv,sorted-v100-alex-6000000-1-1-4,ok,1.989,1.989,2022-11-15 02:05:15,{'p': 1, 'c': 1, 'size': 6000000, 'repeat': 10, 'sort': 'sorted', 'user': 'alex', 'node': 'v100'},None,h2.carbonate.uits.iu.edu,haiyang,Linux,#1 SMP Tue Jul 26 14:15:37 UTC 2022
# csv,sorted-v100-alex-6000000-1-1-5,ok,1.957,1.957,2022-11-15 02:05:23,{'p': 1, 'c': 1, 'size': 6000000, 'repeat': 10, 'sort': 'sorted', 'user': 'alex', 'node': 'v100'},None,h2.carbonate.uits.iu.edu,haiyang,Linux,#1 SMP Tue Jul 26 14:15:37 UTC 2022
# csv,sorted-v100-alex-6000000-1-1-6,ok,2.159,2.159,2022-11-15 02:05:32,{'p': 1, 'c': 1, 'size': 6000000, 'repeat': 10, 'sort': 'sorted', 'user': 'alex', 'node': 'v100'},None,h2.carbonate.uits.iu.edu,haiyang,Linux,#1 SMP Tue Jul 26 14:15:37 UTC 2022
# csv,sorted-v100-alex-6000000-1-1-7,ok,2.02,2.02,2022-11-15 02:05:41,{'p': 1, 'c': 1, 'size': 6000000, 'repeat': 10, 'sort': 'sorted', 'user': 'alex', 'node': 'v100'},None,h2.carbonate.uits.iu.edu,haiyang,Linux,#1 SMP Tue Jul 26 14:15:37 UTC 2022
# csv,sorted-v100-alex-6000000-1-1-8,ok,2.38,2.38,2022-11-15 02:05:49,{'p': 1, 'c': 1, 'size': 6000000, 'repeat': 10, 'sort': 'sorted', 'user': 'alex', 'node': 'v100'},None,h2.carbonate.uits.iu.edu,haiyang,Linux,#1 SMP Tue Jul 26 14:15:37 UTC 2022
# csv,sorted-v100-alex-6000000-1-1-9,ok,2.071,2.071,2022-11-15 02:05:58,{'p': 1, 'c': 1, 'size': 6000000, 'repeat': 10, 'sort': 'sorted', 'user': 'alex', 'node': 'v100'},None,h2.carbonate.uits.iu.edu,haiyang,Linux,#1 SMP Tue Jul 26 14:15:37 UTC 2022

