Starting experiment
Processes: 1
Cores:     1
SORT:      sort
Size:      40000000
Repeat:    5
Debug:     False
Algorithm: sort
Tag:       None
Total:     5
Experiment 4    : sort=sort size=40000000 processes=1 cores=1 repeat=0 last_time=undefined                     
Experiment 3    : sort=sort size=40000000 processes=1 cores=1 repeat=1 last_time=19.7691                     
Experiment 2    : sort=sort size=40000000 processes=1 cores=1 repeat=2 last_time=17.7966                     
Experiment 1    : sort=sort size=40000000 processes=1 cores=1 repeat=3 last_time=17.547                     
Experiment 0    : sort=sort size=40000000 processes=1 cores=1 repeat=4 last_time=17.3996                     

+---------------------------------+----------------------------------------------------+
| Attribute                       | Value                                              |
|---------------------------------+----------------------------------------------------|
| ANSI_COLOR                      | "0;31"                                             |
| BUG_REPORT_URL                  | "https://bugzilla.redhat.com/"                     |
| CPE_NAME                        | "cpe:/o:redhat:enterprise_linux:7.9:GA:server"     |
| HOME_URL                        | "https://www.redhat.com/"                          |
| ID                              | "rhel"                                             |
| ID_LIKE                         | "fedora"                                           |
| NAME                            | "Red Hat Enterprise Linux Server"                  |
| PRETTY_NAME                     | "Red Hat Enterprise Linux Server 7.9 (Maipo)"      |
| REDHAT_BUGZILLA_PRODUCT         | "Red Hat Enterprise Linux 7"                       |
| REDHAT_BUGZILLA_PRODUCT_VERSION | 7.9                                                |
| REDHAT_SUPPORT_PRODUCT          | "Red Hat Enterprise Linux"                         |
| REDHAT_SUPPORT_PRODUCT_VERSION  | "7.9"                                              |
| VARIANT                         | "Server"                                           |
| VARIANT_ID                      | "server"                                           |
| VERSION                         | "7.9 (Maipo)"                                      |
| VERSION_ID                      | "7.9"                                              |
| cpu                             | Intel(R) Xeon(R) CPU E5-2680 v3 @ 2.50GHz          |
| cpu_cores                       | 24                                                 |
| cpu_count                       | 24                                                 |
| cpu_threads                     | 24                                                 |
| date                            | 2022-11-23 07:41:29.859640                         |
| frequency                       | scpufreq(current=1.289125, min=1200.0, max=3300.0) |
| mem.active                      | 18.4 GiB                                           |
| mem.available                   | 180.6 GiB                                          |
| mem.free                        | 177.8 GiB                                          |
| mem.inactive                    | 7.0 GiB                                            |
| mem.percent                     | 28.1 %                                             |
| mem.total                       | 251.2 GiB                                          |
| mem.used                        | 50.0 GiB                                           |
| platform.version                | #1 SMP Tue Jul 26 14:15:37 UTC 2022                |
| python                          | 3.9.8 (main, Feb  8 2022, 08:35:13)                |
|                                 | [GCC 6.3.0]                                        |
| python.pip                      | 22.2.2                                             |
| python.version                  | 3.9.8                                              |
| sys.platform                    | linux                                              |
| uname.machine                   | x86_64                                             |
| uname.node                      | h1.carbonate.uits.iu.edu                           |
| uname.processor                 | x86_64                                             |
| uname.release                   | 3.10.0-1160.76.1.el7.x86_64                        |
| uname.system                    | Linux                                              |
| uname.version                   | #1 SMP Tue Jul 26 14:15:37 UTC 2022                |
| user                            | haiyang                                            |
+---------------------------------+----------------------------------------------------+

+-------------------------------+----------+--------+--------+---------------------+--------------------------------------------------------------------------------------------------+-------+--------------------------+---------+-------+-------------------------------------+
| Name                          | Status   |   Time |    Sum | Start               | tag                                                                                              | msg   | Node                     | User    | OS    | Version                             |
|-------------------------------+----------+--------+--------+---------------------+--------------------------------------------------------------------------------------------------+-------+--------------------------+---------+-------+-------------------------------------|
| sort-v100-alex-40000000-1-1-0 | ok       | 19.769 | 19.769 | 2022-11-23 07:39:41 | {'p': 1, 'c': 1, 'size': 40000000, 'repeat': 10, 'sort': 'sort', 'user': 'alex', 'node': 'v100'} |       | h1.carbonate.uits.iu.edu | haiyang | Linux | #1 SMP Tue Jul 26 14:15:37 UTC 2022 |
| sort-v100-alex-40000000-1-1-1 | ok       | 17.797 | 17.797 | 2022-11-23 07:40:06 | {'p': 1, 'c': 1, 'size': 40000000, 'repeat': 10, 'sort': 'sort', 'user': 'alex', 'node': 'v100'} |       | h1.carbonate.uits.iu.edu | haiyang | Linux | #1 SMP Tue Jul 26 14:15:37 UTC 2022 |
| sort-v100-alex-40000000-1-1-2 | ok       | 17.547 | 17.547 | 2022-11-23 07:40:28 | {'p': 1, 'c': 1, 'size': 40000000, 'repeat': 10, 'sort': 'sort', 'user': 'alex', 'node': 'v100'} |       | h1.carbonate.uits.iu.edu | haiyang | Linux | #1 SMP Tue Jul 26 14:15:37 UTC 2022 |
| sort-v100-alex-40000000-1-1-3 | ok       | 17.4   | 17.4   | 2022-11-23 07:40:50 | {'p': 1, 'c': 1, 'size': 40000000, 'repeat': 10, 'sort': 'sort', 'user': 'alex', 'node': 'v100'} |       | h1.carbonate.uits.iu.edu | haiyang | Linux | #1 SMP Tue Jul 26 14:15:37 UTC 2022 |
| sort-v100-alex-40000000-1-1-4 | ok       | 17.352 | 17.352 | 2022-11-23 07:41:12 | {'p': 1, 'c': 1, 'size': 40000000, 'repeat': 10, 'sort': 'sort', 'user': 'alex', 'node': 'v100'} |       | h1.carbonate.uits.iu.edu | haiyang | Linux | #1 SMP Tue Jul 26 14:15:37 UTC 2022 |
+-------------------------------+----------+--------+--------+---------------------+--------------------------------------------------------------------------------------------------+-------+--------------------------+---------+-------+-------------------------------------+
# csv,timer,status,time,sum,start,tag,msg,uname.node,user,uname.system,platform.version
# csv,sort-v100-alex-40000000-1-1-0,ok,19.769,19.769,2022-11-23 07:39:41,{'p': 1, 'c': 1, 'size': 40000000, 'repeat': 10, 'sort': 'sort', 'user': 'alex', 'node': 'v100'},None,h1.carbonate.uits.iu.edu,haiyang,Linux,#1 SMP Tue Jul 26 14:15:37 UTC 2022
# csv,sort-v100-alex-40000000-1-1-1,ok,17.797,17.797,2022-11-23 07:40:06,{'p': 1, 'c': 1, 'size': 40000000, 'repeat': 10, 'sort': 'sort', 'user': 'alex', 'node': 'v100'},None,h1.carbonate.uits.iu.edu,haiyang,Linux,#1 SMP Tue Jul 26 14:15:37 UTC 2022
# csv,sort-v100-alex-40000000-1-1-2,ok,17.547,17.547,2022-11-23 07:40:28,{'p': 1, 'c': 1, 'size': 40000000, 'repeat': 10, 'sort': 'sort', 'user': 'alex', 'node': 'v100'},None,h1.carbonate.uits.iu.edu,haiyang,Linux,#1 SMP Tue Jul 26 14:15:37 UTC 2022
# csv,sort-v100-alex-40000000-1-1-3,ok,17.4,17.4,2022-11-23 07:40:50,{'p': 1, 'c': 1, 'size': 40000000, 'repeat': 10, 'sort': 'sort', 'user': 'alex', 'node': 'v100'},None,h1.carbonate.uits.iu.edu,haiyang,Linux,#1 SMP Tue Jul 26 14:15:37 UTC 2022
# csv,sort-v100-alex-40000000-1-1-4,ok,17.352,17.352,2022-11-23 07:41:12,{'p': 1, 'c': 1, 'size': 40000000, 'repeat': 10, 'sort': 'sort', 'user': 'alex', 'node': 'v100'},None,h1.carbonate.uits.iu.edu,haiyang,Linux,#1 SMP Tue Jul 26 14:15:37 UTC 2022

