Starting experiment
Processes: 1
Cores:     1
SORT:      np-stable
Size:      400000000
Repeat:    5
Debug:     False
Algorithm: np-stable
Tag:       None
Total:     5
Experiment 4    : sort=np-stable size=400000000 processes=1 cores=1 repeat=0 last_time=undefined                     
Experiment 3    : sort=np-stable size=400000000 processes=1 cores=1 repeat=1 last_time=53.4435                     
Experiment 2    : sort=np-stable size=400000000 processes=1 cores=1 repeat=2 last_time=53.4572                     
Experiment 1    : sort=np-stable size=400000000 processes=1 cores=1 repeat=3 last_time=53.4943                     
Experiment 0    : sort=np-stable size=400000000 processes=1 cores=1 repeat=4 last_time=53.4358                     

+---------------------------------+--------------------------------------------------------------+
| Attribute                       | Value                                                        |
|---------------------------------+--------------------------------------------------------------|
| ANSI_COLOR                      | "0;31"                                                       |
| BUG_REPORT_URL                  | "https://bugzilla.redhat.com/"                               |
| CPE_NAME                        | "cpe:/o:redhat:enterprise_linux:7.9:GA:server"               |
| HOME_URL                        | "https://www.redhat.com/"                                    |
| ID                              | "rhel"                                                       |
| ID_LIKE                         | "fedora"                                                     |
| NAME                            | "Red Hat Enterprise Linux Server"                            |
| PRETTY_NAME                     | "Red Hat Enterprise Linux Server 7.9 (Maipo)"                |
| REDHAT_BUGZILLA_PRODUCT         | "Red Hat Enterprise Linux 7"                                 |
| REDHAT_BUGZILLA_PRODUCT_VERSION | 7.9                                                          |
| REDHAT_SUPPORT_PRODUCT          | "Red Hat Enterprise Linux"                                   |
| REDHAT_SUPPORT_PRODUCT_VERSION  | "7.9"                                                        |
| VARIANT                         | "Server"                                                     |
| VARIANT_ID                      | "server"                                                     |
| VERSION                         | "7.9 (Maipo)"                                                |
| VERSION_ID                      | "7.9"                                                        |
| cpu                             | Intel(R) Xeon(R) CPU E5-2680 v3 @ 2.50GHz                    |
| cpu_cores                       | 24                                                           |
| cpu_count                       | 24                                                           |
| cpu_threads                     | 24                                                           |
| date                            | 2022-11-24 16:22:21.447407                                   |
| frequency                       | scpufreq(current=2.4241250000000005, min=1200.0, max=3300.0) |
| mem.active                      | 24.2 GiB                                                     |
| mem.available                   | 213.2 GiB                                                    |
| mem.free                        | 212.5 GiB                                                    |
| mem.inactive                    | 1.6 GiB                                                      |
| mem.percent                     | 15.1 %                                                       |
| mem.total                       | 251.1 GiB                                                    |
| mem.used                        | 30.6 GiB                                                     |
| platform.version                | #1 SMP Tue Jul 26 14:15:37 UTC 2022                          |
| python                          | 3.9.8 (main, Feb  8 2022, 08:35:13)                          |
|                                 | [GCC 6.3.0]                                                  |
| python.pip                      | 22.2.2                                                       |
| python.version                  | 3.9.8                                                        |
| sys.platform                    | linux                                                        |
| uname.machine                   | x86_64                                                       |
| uname.node                      | c33                                                          |
| uname.processor                 | x86_64                                                       |
| uname.release                   | 3.10.0-1160.76.1.el7.x86_64                                  |
| uname.system                    | Linux                                                        |
| uname.version                   | #1 SMP Tue Jul 26 14:15:37 UTC 2022                          |
| user                            | haiyang                                                      |
+---------------------------------+--------------------------------------------------------------+

+-------------------------------------+----------+--------+--------+---------------------+--------------------------------------------------------------------------------------------------------+-------+--------+---------+-------+-------------------------------------+
| Name                                | Status   |   Time |    Sum | Start               | tag                                                                                                    | msg   | Node   | User    | OS    | Version                             |
|-------------------------------------+----------+--------+--------+---------------------+--------------------------------------------------------------------------------------------------------+-------+--------+---------+-------+-------------------------------------|
| np-stable-v100-alex-400000000-1-1-0 | ok       | 53.444 | 53.444 | 2022-11-24 16:16:20 | {'p': 1, 'c': 1, 'size': 400000000, 'repeat': 10, 'sort': 'np-stable', 'user': 'alex', 'node': 'v100'} |       | c33    | haiyang | Linux | #1 SMP Tue Jul 26 14:15:37 UTC 2022 |
| np-stable-v100-alex-400000000-1-1-1 | ok       | 53.457 | 53.457 | 2022-11-24 16:17:37 | {'p': 1, 'c': 1, 'size': 400000000, 'repeat': 10, 'sort': 'np-stable', 'user': 'alex', 'node': 'v100'} |       | c33    | haiyang | Linux | #1 SMP Tue Jul 26 14:15:37 UTC 2022 |
| np-stable-v100-alex-400000000-1-1-2 | ok       | 53.494 | 53.494 | 2022-11-24 16:18:53 | {'p': 1, 'c': 1, 'size': 400000000, 'repeat': 10, 'sort': 'np-stable', 'user': 'alex', 'node': 'v100'} |       | c33    | haiyang | Linux | #1 SMP Tue Jul 26 14:15:37 UTC 2022 |
| np-stable-v100-alex-400000000-1-1-3 | ok       | 53.436 | 53.436 | 2022-11-24 16:20:10 | {'p': 1, 'c': 1, 'size': 400000000, 'repeat': 10, 'sort': 'np-stable', 'user': 'alex', 'node': 'v100'} |       | c33    | haiyang | Linux | #1 SMP Tue Jul 26 14:15:37 UTC 2022 |
| np-stable-v100-alex-400000000-1-1-4 | ok       | 53.453 | 53.453 | 2022-11-24 16:21:27 | {'p': 1, 'c': 1, 'size': 400000000, 'repeat': 10, 'sort': 'np-stable', 'user': 'alex', 'node': 'v100'} |       | c33    | haiyang | Linux | #1 SMP Tue Jul 26 14:15:37 UTC 2022 |
+-------------------------------------+----------+--------+--------+---------------------+--------------------------------------------------------------------------------------------------------+-------+--------+---------+-------+-------------------------------------+
# csv,timer,status,time,sum,start,tag,msg,uname.node,user,uname.system,platform.version
# csv,np-stable-v100-alex-400000000-1-1-0,ok,53.444,53.444,2022-11-24 16:16:20,{'p': 1, 'c': 1, 'size': 400000000, 'repeat': 10, 'sort': 'np-stable', 'user': 'alex', 'node': 'v100'},None,c33,haiyang,Linux,#1 SMP Tue Jul 26 14:15:37 UTC 2022
# csv,np-stable-v100-alex-400000000-1-1-1,ok,53.457,53.457,2022-11-24 16:17:37,{'p': 1, 'c': 1, 'size': 400000000, 'repeat': 10, 'sort': 'np-stable', 'user': 'alex', 'node': 'v100'},None,c33,haiyang,Linux,#1 SMP Tue Jul 26 14:15:37 UTC 2022
# csv,np-stable-v100-alex-400000000-1-1-2,ok,53.494,53.494,2022-11-24 16:18:53,{'p': 1, 'c': 1, 'size': 400000000, 'repeat': 10, 'sort': 'np-stable', 'user': 'alex', 'node': 'v100'},None,c33,haiyang,Linux,#1 SMP Tue Jul 26 14:15:37 UTC 2022
# csv,np-stable-v100-alex-400000000-1-1-3,ok,53.436,53.436,2022-11-24 16:20:10,{'p': 1, 'c': 1, 'size': 400000000, 'repeat': 10, 'sort': 'np-stable', 'user': 'alex', 'node': 'v100'},None,c33,haiyang,Linux,#1 SMP Tue Jul 26 14:15:37 UTC 2022
# csv,np-stable-v100-alex-400000000-1-1-4,ok,53.453,53.453,2022-11-24 16:21:27,{'p': 1, 'c': 1, 'size': 400000000, 'repeat': 10, 'sort': 'np-stable', 'user': 'alex', 'node': 'v100'},None,c33,haiyang,Linux,#1 SMP Tue Jul 26 14:15:37 UTC 2022

