SORT: mp
<function multiprocessing_mergesort at 0x2b0a83357b80>
Starting experiment
Log:       output.log
Processes: 6
Size:      4000000
Repeat:    10
Clear:     False
Debug:     True
Algorithm: mp
ID:        0
Tag:       None
Total:     10
Experiment 9         : size=4000000 processes=6 id=0 repeat=0 last_time=undefined                     
Experiment 8         : size=4000000 processes=6 id=0 repeat=1 last_time=10.3929                     
Experiment 7         : size=4000000 processes=6 id=0 repeat=2 last_time=10.5434                     
Experiment 6         : size=4000000 processes=6 id=0 repeat=3 last_time=10.4099                     
Experiment 5         : size=4000000 processes=6 id=0 repeat=4 last_time=10.4844                     
Experiment 4         : size=4000000 processes=6 id=0 repeat=5 last_time=10.2489                     
Experiment 3         : size=4000000 processes=6 id=0 repeat=6 last_time=10.2434                     
Experiment 2         : size=4000000 processes=6 id=0 repeat=7 last_time=10.6676                     
Experiment 1         : size=4000000 processes=6 id=0 repeat=8 last_time=10.5031                     
Experiment 0         : size=4000000 processes=6 id=0 repeat=9 last_time=10.5084                     

+---------------------------------+--------------------------------------------------------------+
| Attribute                       | Value                                                        |
|---------------------------------+--------------------------------------------------------------|
| ANSI_COLOR                      | "0;31"                                                       |
| BUG_REPORT_URL                  | "https://bugzilla.redhat.com/"                               |
| CPE_NAME                        | "cpe:/o:redhat:enterprise_linux:7.9:GA:server"               |
| HOME_URL                        | "https://www.redhat.com/"                                    |
| ID                              | "rhel"                                                       |
| ID_LIKE                         | "fedora"                                                     |
| NAME                            | "Red Hat Enterprise Linux Server"                            |
| PRETTY_NAME                     | "Red Hat Enterprise Linux Server 7.9 (Maipo)"                |
| REDHAT_BUGZILLA_PRODUCT         | "Red Hat Enterprise Linux 7"                                 |
| REDHAT_BUGZILLA_PRODUCT_VERSION | 7.9                                                          |
| REDHAT_SUPPORT_PRODUCT          | "Red Hat Enterprise Linux"                                   |
| REDHAT_SUPPORT_PRODUCT_VERSION  | "7.9"                                                        |
| VARIANT                         | "Server"                                                     |
| VARIANT_ID                      | "server"                                                     |
| VERSION                         | "7.9 (Maipo)"                                                |
| VERSION_ID                      | "7.9"                                                        |
| cpu                             | Intel(R) Xeon(R) CPU E5-2680 v3 @ 2.50GHz                    |
| cpu_cores                       | 24                                                           |
| cpu_count                       | 24                                                           |
| cpu_threads                     | 24                                                           |
| date                            | 2022-11-05 03:58:33.675409                                   |
| frequency                       | scpufreq(current=1.6426249999999996, min=1200.0, max=3300.0) |
| mem.active                      | 32.1 GiB                                                     |
| mem.available                   | 138.4 GiB                                                    |
| mem.free                        | 29.6 GiB                                                     |
| mem.inactive                    | 123.8 GiB                                                    |
| mem.percent                     | 45.0 %                                                       |
| mem.total                       | 251.5 GiB                                                    |
| mem.used                        | 71.5 GiB                                                     |
| platform.version                | #1 SMP Tue Jul 26 14:15:37 UTC 2022                          |
| python                          | 3.9.8 (main, Feb  8 2022, 08:35:13)                          |
|                                 | [GCC 6.3.0]                                                  |
| python.pip                      | 22.2.2                                                       |
| python.version                  | 3.9.8                                                        |
| sys.platform                    | linux                                                        |
| uname.machine                   | x86_64                                                       |
| uname.node                      | h2.carbonate.uits.iu.edu                                     |
| uname.processor                 | x86_64                                                       |
| uname.release                   | 3.10.0-1160.76.1.el7.x86_64                                  |
| uname.system                    | Linux                                                        |
| uname.version                   | #1 SMP Tue Jul 26 14:15:37 UTC 2022                          |
| user                            | haiyang                                                      |
+---------------------------------+--------------------------------------------------------------+

+------------------------------------+----------+--------+--------+---------------------+-----------------------------------------------------------------------------------------------------------------+-------+--------------------------+---------+-------+-------------------------------------+
| Name                               | Status   |   Time |    Sum | Start               | tag                                                                                                             | msg   | Node                     | User    | OS    | Version                             |
|------------------------------------+----------+--------+--------+---------------------+-----------------------------------------------------------------------------------------------------------------+-------+--------------------------+---------+-------+-------------------------------------|
| mp-v100-alex-4000000-6-None-None-0 | ok       | 10.393 | 10.393 | 2022-11-05 03:56:11 | {'p': 6, 'size': 4000000, 'repeat': 10, 'sort': 'mp', 'user': 'alex', 'node': 'v100', 't': 'None', 'c': 'None'} |       | h2.carbonate.uits.iu.edu | haiyang | Linux | #1 SMP Tue Jul 26 14:15:37 UTC 2022 |
| mp-v100-alex-4000000-6-None-None-1 | ok       | 10.543 | 10.543 | 2022-11-05 03:56:25 | {'p': 6, 'size': 4000000, 'repeat': 10, 'sort': 'mp', 'user': 'alex', 'node': 'v100', 't': 'None', 'c': 'None'} |       | h2.carbonate.uits.iu.edu | haiyang | Linux | #1 SMP Tue Jul 26 14:15:37 UTC 2022 |
| mp-v100-alex-4000000-6-None-None-2 | ok       | 10.41  | 10.41  | 2022-11-05 03:56:40 | {'p': 6, 'size': 4000000, 'repeat': 10, 'sort': 'mp', 'user': 'alex', 'node': 'v100', 't': 'None', 'c': 'None'} |       | h2.carbonate.uits.iu.edu | haiyang | Linux | #1 SMP Tue Jul 26 14:15:37 UTC 2022 |
| mp-v100-alex-4000000-6-None-None-3 | ok       | 10.484 | 10.484 | 2022-11-05 03:56:55 | {'p': 6, 'size': 4000000, 'repeat': 10, 'sort': 'mp', 'user': 'alex', 'node': 'v100', 't': 'None', 'c': 'None'} |       | h2.carbonate.uits.iu.edu | haiyang | Linux | #1 SMP Tue Jul 26 14:15:37 UTC 2022 |
| mp-v100-alex-4000000-6-None-None-4 | ok       | 10.249 | 10.249 | 2022-11-05 03:57:10 | {'p': 6, 'size': 4000000, 'repeat': 10, 'sort': 'mp', 'user': 'alex', 'node': 'v100', 't': 'None', 'c': 'None'} |       | h2.carbonate.uits.iu.edu | haiyang | Linux | #1 SMP Tue Jul 26 14:15:37 UTC 2022 |
| mp-v100-alex-4000000-6-None-None-5 | ok       | 10.243 | 10.243 | 2022-11-05 03:57:24 | {'p': 6, 'size': 4000000, 'repeat': 10, 'sort': 'mp', 'user': 'alex', 'node': 'v100', 't': 'None', 'c': 'None'} |       | h2.carbonate.uits.iu.edu | haiyang | Linux | #1 SMP Tue Jul 26 14:15:37 UTC 2022 |
| mp-v100-alex-4000000-6-None-None-6 | ok       | 10.668 | 10.668 | 2022-11-05 03:57:38 | {'p': 6, 'size': 4000000, 'repeat': 10, 'sort': 'mp', 'user': 'alex', 'node': 'v100', 't': 'None', 'c': 'None'} |       | h2.carbonate.uits.iu.edu | haiyang | Linux | #1 SMP Tue Jul 26 14:15:37 UTC 2022 |
| mp-v100-alex-4000000-6-None-None-7 | ok       | 10.503 | 10.503 | 2022-11-05 03:57:53 | {'p': 6, 'size': 4000000, 'repeat': 10, 'sort': 'mp', 'user': 'alex', 'node': 'v100', 't': 'None', 'c': 'None'} |       | h2.carbonate.uits.iu.edu | haiyang | Linux | #1 SMP Tue Jul 26 14:15:37 UTC 2022 |
| mp-v100-alex-4000000-6-None-None-8 | ok       | 10.508 | 10.508 | 2022-11-05 03:58:08 | {'p': 6, 'size': 4000000, 'repeat': 10, 'sort': 'mp', 'user': 'alex', 'node': 'v100', 't': 'None', 'c': 'None'} |       | h2.carbonate.uits.iu.edu | haiyang | Linux | #1 SMP Tue Jul 26 14:15:37 UTC 2022 |
| mp-v100-alex-4000000-6-None-None-9 | ok       | 10.287 | 10.287 | 2022-11-05 03:58:23 | {'p': 6, 'size': 4000000, 'repeat': 10, 'sort': 'mp', 'user': 'alex', 'node': 'v100', 't': 'None', 'c': 'None'} |       | h2.carbonate.uits.iu.edu | haiyang | Linux | #1 SMP Tue Jul 26 14:15:37 UTC 2022 |
+------------------------------------+----------+--------+--------+---------------------+-----------------------------------------------------------------------------------------------------------------+-------+--------------------------+---------+-------+-------------------------------------+
# csv,timer,status,time,sum,start,tag,msg,uname.node,user,uname.system,platform.version
# csv,mp-v100-alex-4000000-6-None-None-0,ok,10.393,10.393,2022-11-05 03:56:11,{'p': 6, 'size': 4000000, 'repeat': 10, 'sort': 'mp', 'user': 'alex', 'node': 'v100', 't': 'None', 'c': 'None'},None,h2.carbonate.uits.iu.edu,haiyang,Linux,#1 SMP Tue Jul 26 14:15:37 UTC 2022
# csv,mp-v100-alex-4000000-6-None-None-1,ok,10.543,10.543,2022-11-05 03:56:25,{'p': 6, 'size': 4000000, 'repeat': 10, 'sort': 'mp', 'user': 'alex', 'node': 'v100', 't': 'None', 'c': 'None'},None,h2.carbonate.uits.iu.edu,haiyang,Linux,#1 SMP Tue Jul 26 14:15:37 UTC 2022
# csv,mp-v100-alex-4000000-6-None-None-2,ok,10.41,10.41,2022-11-05 03:56:40,{'p': 6, 'size': 4000000, 'repeat': 10, 'sort': 'mp', 'user': 'alex', 'node': 'v100', 't': 'None', 'c': 'None'},None,h2.carbonate.uits.iu.edu,haiyang,Linux,#1 SMP Tue Jul 26 14:15:37 UTC 2022
# csv,mp-v100-alex-4000000-6-None-None-3,ok,10.484,10.484,2022-11-05 03:56:55,{'p': 6, 'size': 4000000, 'repeat': 10, 'sort': 'mp', 'user': 'alex', 'node': 'v100', 't': 'None', 'c': 'None'},None,h2.carbonate.uits.iu.edu,haiyang,Linux,#1 SMP Tue Jul 26 14:15:37 UTC 2022
# csv,mp-v100-alex-4000000-6-None-None-4,ok,10.249,10.249,2022-11-05 03:57:10,{'p': 6, 'size': 4000000, 'repeat': 10, 'sort': 'mp', 'user': 'alex', 'node': 'v100', 't': 'None', 'c': 'None'},None,h2.carbonate.uits.iu.edu,haiyang,Linux,#1 SMP Tue Jul 26 14:15:37 UTC 2022
# csv,mp-v100-alex-4000000-6-None-None-5,ok,10.243,10.243,2022-11-05 03:57:24,{'p': 6, 'size': 4000000, 'repeat': 10, 'sort': 'mp', 'user': 'alex', 'node': 'v100', 't': 'None', 'c': 'None'},None,h2.carbonate.uits.iu.edu,haiyang,Linux,#1 SMP Tue Jul 26 14:15:37 UTC 2022
# csv,mp-v100-alex-4000000-6-None-None-6,ok,10.668,10.668,2022-11-05 03:57:38,{'p': 6, 'size': 4000000, 'repeat': 10, 'sort': 'mp', 'user': 'alex', 'node': 'v100', 't': 'None', 'c': 'None'},None,h2.carbonate.uits.iu.edu,haiyang,Linux,#1 SMP Tue Jul 26 14:15:37 UTC 2022
# csv,mp-v100-alex-4000000-6-None-None-7,ok,10.503,10.503,2022-11-05 03:57:53,{'p': 6, 'size': 4000000, 'repeat': 10, 'sort': 'mp', 'user': 'alex', 'node': 'v100', 't': 'None', 'c': 'None'},None,h2.carbonate.uits.iu.edu,haiyang,Linux,#1 SMP Tue Jul 26 14:15:37 UTC 2022
# csv,mp-v100-alex-4000000-6-None-None-8,ok,10.508,10.508,2022-11-05 03:58:08,{'p': 6, 'size': 4000000, 'repeat': 10, 'sort': 'mp', 'user': 'alex', 'node': 'v100', 't': 'None', 'c': 'None'},None,h2.carbonate.uits.iu.edu,haiyang,Linux,#1 SMP Tue Jul 26 14:15:37 UTC 2022
# csv,mp-v100-alex-4000000-6-None-None-9,ok,10.287,10.287,2022-11-05 03:58:23,{'p': 6, 'size': 4000000, 'repeat': 10, 'sort': 'mp', 'user': 'alex', 'node': 'v100', 't': 'None', 'c': 'None'},None,h2.carbonate.uits.iu.edu,haiyang,Linux,#1 SMP Tue Jul 26 14:15:37 UTC 2022

