SORT: mp
Starting experiment
Processes: 1
Cores:     22
Size:      5000000
Repeat:    10
Debug:     False
Algorithm: mp
Tag:       None
Total:     10
Experiment 9         : size=5000000 processes=1 cores=22 repeat=0 last_time=undefined                     
Experiment 8         : size=5000000 processes=1 cores=22 repeat=1 last_time=1.4685                     
Experiment 7         : size=5000000 processes=1 cores=22 repeat=2 last_time=1.4387                     
Experiment 6         : size=5000000 processes=1 cores=22 repeat=3 last_time=1.5417                     
Experiment 5         : size=5000000 processes=1 cores=22 repeat=4 last_time=1.3648                     
Experiment 4         : size=5000000 processes=1 cores=22 repeat=5 last_time=1.4821                     
Experiment 3         : size=5000000 processes=1 cores=22 repeat=6 last_time=1.3607                     
Experiment 2         : size=5000000 processes=1 cores=22 repeat=7 last_time=1.4242                     
Experiment 1         : size=5000000 processes=1 cores=22 repeat=8 last_time=1.5106                     
Experiment 0         : size=5000000 processes=1 cores=22 repeat=9 last_time=1.4377                     

+---------------------------------+--------------------------------------------------------------+
| Attribute                       | Value                                                        |
|---------------------------------+--------------------------------------------------------------|
| ANSI_COLOR                      | "0;31"                                                       |
| BUG_REPORT_URL                  | "https://bugzilla.redhat.com/"                               |
| CPE_NAME                        | "cpe:/o:redhat:enterprise_linux:7.9:GA:server"               |
| HOME_URL                        | "https://www.redhat.com/"                                    |
| ID                              | "rhel"                                                       |
| ID_LIKE                         | "fedora"                                                     |
| NAME                            | "Red Hat Enterprise Linux Server"                            |
| PRETTY_NAME                     | "Red Hat Enterprise Linux Server 7.9 (Maipo)"                |
| REDHAT_BUGZILLA_PRODUCT         | "Red Hat Enterprise Linux 7"                                 |
| REDHAT_BUGZILLA_PRODUCT_VERSION | 7.9                                                          |
| REDHAT_SUPPORT_PRODUCT          | "Red Hat Enterprise Linux"                                   |
| REDHAT_SUPPORT_PRODUCT_VERSION  | "7.9"                                                        |
| VARIANT                         | "Server"                                                     |
| VARIANT_ID                      | "server"                                                     |
| VERSION                         | "7.9 (Maipo)"                                                |
| VERSION_ID                      | "7.9"                                                        |
| cpu                             | Intel(R) Xeon(R) CPU E5-2680 v3 @ 2.50GHz                    |
| cpu_cores                       | 24                                                           |
| cpu_count                       | 24                                                           |
| cpu_threads                     | 24                                                           |
| date                            | 2022-11-18 06:08:56.252173                                   |
| frequency                       | scpufreq(current=1.4437916666666666, min=1200.0, max=3300.0) |
| mem.active                      | 28.8 GiB                                                     |
| mem.available                   | 174.7 GiB                                                    |
| mem.free                        | 143.8 GiB                                                    |
| mem.inactive                    | 31.2 GiB                                                     |
| mem.percent                     | 30.5 %                                                       |
| mem.total                       | 251.2 GiB                                                    |
| mem.used                        | 56.0 GiB                                                     |
| platform.version                | #1 SMP Tue Jul 26 14:15:37 UTC 2022                          |
| python                          | 3.9.8 (main, Feb  8 2022, 08:35:13)                          |
|                                 | [GCC 6.3.0]                                                  |
| python.pip                      | 22.2.2                                                       |
| python.version                  | 3.9.8                                                        |
| sys.platform                    | linux                                                        |
| uname.machine                   | x86_64                                                       |
| uname.node                      | h1.carbonate.uits.iu.edu                                     |
| uname.processor                 | x86_64                                                       |
| uname.release                   | 3.10.0-1160.76.1.el7.x86_64                                  |
| uname.system                    | Linux                                                        |
| uname.version                   | #1 SMP Tue Jul 26 14:15:37 UTC 2022                          |
| user                            | haiyang                                                      |
+---------------------------------+--------------------------------------------------------------+

+-----------------------------+----------+--------+-------+---------------------+------------------------------------------------------------------------------------------------+-------+--------------------------+---------+-------+-------------------------------------+
| Name                        | Status   |   Time |   Sum | Start               | tag                                                                                            | msg   | Node                     | User    | OS    | Version                             |
|-----------------------------+----------+--------+-------+---------------------+------------------------------------------------------------------------------------------------+-------+--------------------------+---------+-------+-------------------------------------|
| mp-v100-alex-5000000-1-22-0 | ok       |  1.469 | 1.469 | 2022-11-18 06:07:48 | {'p': 1, 'c': 22, 'size': 5000000, 'repeat': 10, 'sort': 'mp', 'user': 'alex', 'node': 'v100'} |       | h1.carbonate.uits.iu.edu | haiyang | Linux | #1 SMP Tue Jul 26 14:15:37 UTC 2022 |
| mp-v100-alex-5000000-1-22-1 | ok       |  1.439 | 1.439 | 2022-11-18 06:07:56 | {'p': 1, 'c': 22, 'size': 5000000, 'repeat': 10, 'sort': 'mp', 'user': 'alex', 'node': 'v100'} |       | h1.carbonate.uits.iu.edu | haiyang | Linux | #1 SMP Tue Jul 26 14:15:37 UTC 2022 |
| mp-v100-alex-5000000-1-22-2 | ok       |  1.542 | 1.542 | 2022-11-18 06:08:04 | {'p': 1, 'c': 22, 'size': 5000000, 'repeat': 10, 'sort': 'mp', 'user': 'alex', 'node': 'v100'} |       | h1.carbonate.uits.iu.edu | haiyang | Linux | #1 SMP Tue Jul 26 14:15:37 UTC 2022 |
| mp-v100-alex-5000000-1-22-3 | ok       |  1.365 | 1.365 | 2022-11-18 06:08:11 | {'p': 1, 'c': 22, 'size': 5000000, 'repeat': 10, 'sort': 'mp', 'user': 'alex', 'node': 'v100'} |       | h1.carbonate.uits.iu.edu | haiyang | Linux | #1 SMP Tue Jul 26 14:15:37 UTC 2022 |
| mp-v100-alex-5000000-1-22-4 | ok       |  1.482 | 1.482 | 2022-11-18 06:08:18 | {'p': 1, 'c': 22, 'size': 5000000, 'repeat': 10, 'sort': 'mp', 'user': 'alex', 'node': 'v100'} |       | h1.carbonate.uits.iu.edu | haiyang | Linux | #1 SMP Tue Jul 26 14:15:37 UTC 2022 |
| mp-v100-alex-5000000-1-22-5 | ok       |  1.361 | 1.361 | 2022-11-18 06:08:26 | {'p': 1, 'c': 22, 'size': 5000000, 'repeat': 10, 'sort': 'mp', 'user': 'alex', 'node': 'v100'} |       | h1.carbonate.uits.iu.edu | haiyang | Linux | #1 SMP Tue Jul 26 14:15:37 UTC 2022 |
| mp-v100-alex-5000000-1-22-6 | ok       |  1.424 | 1.424 | 2022-11-18 06:08:33 | {'p': 1, 'c': 22, 'size': 5000000, 'repeat': 10, 'sort': 'mp', 'user': 'alex', 'node': 'v100'} |       | h1.carbonate.uits.iu.edu | haiyang | Linux | #1 SMP Tue Jul 26 14:15:37 UTC 2022 |
| mp-v100-alex-5000000-1-22-7 | ok       |  1.511 | 1.511 | 2022-11-18 06:08:40 | {'p': 1, 'c': 22, 'size': 5000000, 'repeat': 10, 'sort': 'mp', 'user': 'alex', 'node': 'v100'} |       | h1.carbonate.uits.iu.edu | haiyang | Linux | #1 SMP Tue Jul 26 14:15:37 UTC 2022 |
| mp-v100-alex-5000000-1-22-8 | ok       |  1.438 | 1.438 | 2022-11-18 06:08:47 | {'p': 1, 'c': 22, 'size': 5000000, 'repeat': 10, 'sort': 'mp', 'user': 'alex', 'node': 'v100'} |       | h1.carbonate.uits.iu.edu | haiyang | Linux | #1 SMP Tue Jul 26 14:15:37 UTC 2022 |
| mp-v100-alex-5000000-1-22-9 | ok       |  1.372 | 1.372 | 2022-11-18 06:08:54 | {'p': 1, 'c': 22, 'size': 5000000, 'repeat': 10, 'sort': 'mp', 'user': 'alex', 'node': 'v100'} |       | h1.carbonate.uits.iu.edu | haiyang | Linux | #1 SMP Tue Jul 26 14:15:37 UTC 2022 |
+-----------------------------+----------+--------+-------+---------------------+------------------------------------------------------------------------------------------------+-------+--------------------------+---------+-------+-------------------------------------+
# csv,timer,status,time,sum,start,tag,msg,uname.node,user,uname.system,platform.version
# csv,mp-v100-alex-5000000-1-22-0,ok,1.469,1.469,2022-11-18 06:07:48,{'p': 1, 'c': 22, 'size': 5000000, 'repeat': 10, 'sort': 'mp', 'user': 'alex', 'node': 'v100'},None,h1.carbonate.uits.iu.edu,haiyang,Linux,#1 SMP Tue Jul 26 14:15:37 UTC 2022
# csv,mp-v100-alex-5000000-1-22-1,ok,1.439,1.439,2022-11-18 06:07:56,{'p': 1, 'c': 22, 'size': 5000000, 'repeat': 10, 'sort': 'mp', 'user': 'alex', 'node': 'v100'},None,h1.carbonate.uits.iu.edu,haiyang,Linux,#1 SMP Tue Jul 26 14:15:37 UTC 2022
# csv,mp-v100-alex-5000000-1-22-2,ok,1.542,1.542,2022-11-18 06:08:04,{'p': 1, 'c': 22, 'size': 5000000, 'repeat': 10, 'sort': 'mp', 'user': 'alex', 'node': 'v100'},None,h1.carbonate.uits.iu.edu,haiyang,Linux,#1 SMP Tue Jul 26 14:15:37 UTC 2022
# csv,mp-v100-alex-5000000-1-22-3,ok,1.365,1.365,2022-11-18 06:08:11,{'p': 1, 'c': 22, 'size': 5000000, 'repeat': 10, 'sort': 'mp', 'user': 'alex', 'node': 'v100'},None,h1.carbonate.uits.iu.edu,haiyang,Linux,#1 SMP Tue Jul 26 14:15:37 UTC 2022
# csv,mp-v100-alex-5000000-1-22-4,ok,1.482,1.482,2022-11-18 06:08:18,{'p': 1, 'c': 22, 'size': 5000000, 'repeat': 10, 'sort': 'mp', 'user': 'alex', 'node': 'v100'},None,h1.carbonate.uits.iu.edu,haiyang,Linux,#1 SMP Tue Jul 26 14:15:37 UTC 2022
# csv,mp-v100-alex-5000000-1-22-5,ok,1.361,1.361,2022-11-18 06:08:26,{'p': 1, 'c': 22, 'size': 5000000, 'repeat': 10, 'sort': 'mp', 'user': 'alex', 'node': 'v100'},None,h1.carbonate.uits.iu.edu,haiyang,Linux,#1 SMP Tue Jul 26 14:15:37 UTC 2022
# csv,mp-v100-alex-5000000-1-22-6,ok,1.424,1.424,2022-11-18 06:08:33,{'p': 1, 'c': 22, 'size': 5000000, 'repeat': 10, 'sort': 'mp', 'user': 'alex', 'node': 'v100'},None,h1.carbonate.uits.iu.edu,haiyang,Linux,#1 SMP Tue Jul 26 14:15:37 UTC 2022
# csv,mp-v100-alex-5000000-1-22-7,ok,1.511,1.511,2022-11-18 06:08:40,{'p': 1, 'c': 22, 'size': 5000000, 'repeat': 10, 'sort': 'mp', 'user': 'alex', 'node': 'v100'},None,h1.carbonate.uits.iu.edu,haiyang,Linux,#1 SMP Tue Jul 26 14:15:37 UTC 2022
# csv,mp-v100-alex-5000000-1-22-8,ok,1.438,1.438,2022-11-18 06:08:47,{'p': 1, 'c': 22, 'size': 5000000, 'repeat': 10, 'sort': 'mp', 'user': 'alex', 'node': 'v100'},None,h1.carbonate.uits.iu.edu,haiyang,Linux,#1 SMP Tue Jul 26 14:15:37 UTC 2022
# csv,mp-v100-alex-5000000-1-22-9,ok,1.372,1.372,2022-11-18 06:08:54,{'p': 1, 'c': 22, 'size': 5000000, 'repeat': 10, 'sort': 'mp', 'user': 'alex', 'node': 'v100'},None,h1.carbonate.uits.iu.edu,haiyang,Linux,#1 SMP Tue Jul 26 14:15:37 UTC 2022

