SORT: mp
<function multiprocessing_mergesort at 0x2aff9f7ceb80>
Starting experiment
Log:       output.log
Processes: 5
Size:      2000000
Repeat:    10
Clear:     False
Debug:     True
Algorithm: mp
ID:        0
Tag:       None
Total:     10
Experiment 9         : size=2000000 processes=5 id=0 repeat=0 last_time=undefined                     
Experiment 8         : size=2000000 processes=5 id=0 repeat=1 last_time=6.0109                     
Experiment 7         : size=2000000 processes=5 id=0 repeat=2 last_time=6.1236                     
Experiment 6         : size=2000000 processes=5 id=0 repeat=3 last_time=5.912                     
Experiment 5         : size=2000000 processes=5 id=0 repeat=4 last_time=5.954                     
Experiment 4         : size=2000000 processes=5 id=0 repeat=5 last_time=6.064                     
Experiment 3         : size=2000000 processes=5 id=0 repeat=6 last_time=6.1406                     
Experiment 2         : size=2000000 processes=5 id=0 repeat=7 last_time=6.2403                     
Experiment 1         : size=2000000 processes=5 id=0 repeat=8 last_time=6.0503                     
Experiment 0         : size=2000000 processes=5 id=0 repeat=9 last_time=6.0017                     

+---------------------------------+--------------------------------------------------------------+
| Attribute                       | Value                                                        |
|---------------------------------+--------------------------------------------------------------|
| ANSI_COLOR                      | "0;31"                                                       |
| BUG_REPORT_URL                  | "https://bugzilla.redhat.com/"                               |
| CPE_NAME                        | "cpe:/o:redhat:enterprise_linux:7.9:GA:server"               |
| HOME_URL                        | "https://www.redhat.com/"                                    |
| ID                              | "rhel"                                                       |
| ID_LIKE                         | "fedora"                                                     |
| NAME                            | "Red Hat Enterprise Linux Server"                            |
| PRETTY_NAME                     | "Red Hat Enterprise Linux Server 7.9 (Maipo)"                |
| REDHAT_BUGZILLA_PRODUCT         | "Red Hat Enterprise Linux 7"                                 |
| REDHAT_BUGZILLA_PRODUCT_VERSION | 7.9                                                          |
| REDHAT_SUPPORT_PRODUCT          | "Red Hat Enterprise Linux"                                   |
| REDHAT_SUPPORT_PRODUCT_VERSION  | "7.9"                                                        |
| VARIANT                         | "Server"                                                     |
| VARIANT_ID                      | "server"                                                     |
| VERSION                         | "7.9 (Maipo)"                                                |
| VERSION_ID                      | "7.9"                                                        |
| cpu                             | Intel(R) Xeon(R) CPU E5-2680 v3 @ 2.50GHz                    |
| cpu_cores                       | 24                                                           |
| cpu_count                       | 24                                                           |
| cpu_threads                     | 24                                                           |
| date                            | 2022-11-05 03:42:31.247387                                   |
| frequency                       | scpufreq(current=1.4492083333333337, min=1200.0, max=3300.0) |
| mem.active                      | 33.1 GiB                                                     |
| mem.available                   | 138.2 GiB                                                    |
| mem.free                        | 27.8 GiB                                                     |
| mem.inactive                    | 124.3 GiB                                                    |
| mem.percent                     | 45.1 %                                                       |
| mem.total                       | 251.5 GiB                                                    |
| mem.used                        | 72.2 GiB                                                     |
| platform.version                | #1 SMP Tue Jul 26 14:15:37 UTC 2022                          |
| python                          | 3.9.8 (main, Feb  8 2022, 08:35:13)                          |
|                                 | [GCC 6.3.0]                                                  |
| python.pip                      | 22.2.2                                                       |
| python.version                  | 3.9.8                                                        |
| sys.platform                    | linux                                                        |
| uname.machine                   | x86_64                                                       |
| uname.node                      | h2.carbonate.uits.iu.edu                                     |
| uname.processor                 | x86_64                                                       |
| uname.release                   | 3.10.0-1160.76.1.el7.x86_64                                  |
| uname.system                    | Linux                                                        |
| uname.version                   | #1 SMP Tue Jul 26 14:15:37 UTC 2022                          |
| user                            | haiyang                                                      |
+---------------------------------+--------------------------------------------------------------+

+------------------------------------+----------+--------+-------+---------------------+-----------------------------------------------------------------------------------------------------------------+-------+--------------------------+---------+-------+-------------------------------------+
| Name                               | Status   |   Time |   Sum | Start               | tag                                                                                                             | msg   | Node                     | User    | OS    | Version                             |
|------------------------------------+----------+--------+-------+---------------------+-----------------------------------------------------------------------------------------------------------------+-------+--------------------------+---------+-------+-------------------------------------|
| mp-v100-alex-2000000-5-None-None-0 | ok       |  6.011 | 6.011 | 2022-11-05 03:41:11 | {'p': 5, 'size': 2000000, 'repeat': 10, 'sort': 'mp', 'user': 'alex', 'node': 'v100', 't': 'None', 'c': 'None'} |       | h2.carbonate.uits.iu.edu | haiyang | Linux | #1 SMP Tue Jul 26 14:15:37 UTC 2022 |
| mp-v100-alex-2000000-5-None-None-1 | ok       |  6.124 | 6.124 | 2022-11-05 03:41:19 | {'p': 5, 'size': 2000000, 'repeat': 10, 'sort': 'mp', 'user': 'alex', 'node': 'v100', 't': 'None', 'c': 'None'} |       | h2.carbonate.uits.iu.edu | haiyang | Linux | #1 SMP Tue Jul 26 14:15:37 UTC 2022 |
| mp-v100-alex-2000000-5-None-None-2 | ok       |  5.912 | 5.912 | 2022-11-05 03:41:27 | {'p': 5, 'size': 2000000, 'repeat': 10, 'sort': 'mp', 'user': 'alex', 'node': 'v100', 't': 'None', 'c': 'None'} |       | h2.carbonate.uits.iu.edu | haiyang | Linux | #1 SMP Tue Jul 26 14:15:37 UTC 2022 |
| mp-v100-alex-2000000-5-None-None-3 | ok       |  5.954 | 5.954 | 2022-11-05 03:41:35 | {'p': 5, 'size': 2000000, 'repeat': 10, 'sort': 'mp', 'user': 'alex', 'node': 'v100', 't': 'None', 'c': 'None'} |       | h2.carbonate.uits.iu.edu | haiyang | Linux | #1 SMP Tue Jul 26 14:15:37 UTC 2022 |
| mp-v100-alex-2000000-5-None-None-4 | ok       |  6.064 | 6.064 | 2022-11-05 03:41:43 | {'p': 5, 'size': 2000000, 'repeat': 10, 'sort': 'mp', 'user': 'alex', 'node': 'v100', 't': 'None', 'c': 'None'} |       | h2.carbonate.uits.iu.edu | haiyang | Linux | #1 SMP Tue Jul 26 14:15:37 UTC 2022 |
| mp-v100-alex-2000000-5-None-None-5 | ok       |  6.141 | 6.141 | 2022-11-05 03:41:52 | {'p': 5, 'size': 2000000, 'repeat': 10, 'sort': 'mp', 'user': 'alex', 'node': 'v100', 't': 'None', 'c': 'None'} |       | h2.carbonate.uits.iu.edu | haiyang | Linux | #1 SMP Tue Jul 26 14:15:37 UTC 2022 |
| mp-v100-alex-2000000-5-None-None-6 | ok       |  6.24  | 6.24  | 2022-11-05 03:42:00 | {'p': 5, 'size': 2000000, 'repeat': 10, 'sort': 'mp', 'user': 'alex', 'node': 'v100', 't': 'None', 'c': 'None'} |       | h2.carbonate.uits.iu.edu | haiyang | Linux | #1 SMP Tue Jul 26 14:15:37 UTC 2022 |
| mp-v100-alex-2000000-5-None-None-7 | ok       |  6.05  | 6.05  | 2022-11-05 03:42:08 | {'p': 5, 'size': 2000000, 'repeat': 10, 'sort': 'mp', 'user': 'alex', 'node': 'v100', 't': 'None', 'c': 'None'} |       | h2.carbonate.uits.iu.edu | haiyang | Linux | #1 SMP Tue Jul 26 14:15:37 UTC 2022 |
| mp-v100-alex-2000000-5-None-None-8 | ok       |  6.002 | 6.002 | 2022-11-05 03:42:17 | {'p': 5, 'size': 2000000, 'repeat': 10, 'sort': 'mp', 'user': 'alex', 'node': 'v100', 't': 'None', 'c': 'None'} |       | h2.carbonate.uits.iu.edu | haiyang | Linux | #1 SMP Tue Jul 26 14:15:37 UTC 2022 |
| mp-v100-alex-2000000-5-None-None-9 | ok       |  6.046 | 6.046 | 2022-11-05 03:42:25 | {'p': 5, 'size': 2000000, 'repeat': 10, 'sort': 'mp', 'user': 'alex', 'node': 'v100', 't': 'None', 'c': 'None'} |       | h2.carbonate.uits.iu.edu | haiyang | Linux | #1 SMP Tue Jul 26 14:15:37 UTC 2022 |
+------------------------------------+----------+--------+-------+---------------------+-----------------------------------------------------------------------------------------------------------------+-------+--------------------------+---------+-------+-------------------------------------+
# csv,timer,status,time,sum,start,tag,msg,uname.node,user,uname.system,platform.version
# csv,mp-v100-alex-2000000-5-None-None-0,ok,6.011,6.011,2022-11-05 03:41:11,{'p': 5, 'size': 2000000, 'repeat': 10, 'sort': 'mp', 'user': 'alex', 'node': 'v100', 't': 'None', 'c': 'None'},None,h2.carbonate.uits.iu.edu,haiyang,Linux,#1 SMP Tue Jul 26 14:15:37 UTC 2022
# csv,mp-v100-alex-2000000-5-None-None-1,ok,6.124,6.124,2022-11-05 03:41:19,{'p': 5, 'size': 2000000, 'repeat': 10, 'sort': 'mp', 'user': 'alex', 'node': 'v100', 't': 'None', 'c': 'None'},None,h2.carbonate.uits.iu.edu,haiyang,Linux,#1 SMP Tue Jul 26 14:15:37 UTC 2022
# csv,mp-v100-alex-2000000-5-None-None-2,ok,5.912,5.912,2022-11-05 03:41:27,{'p': 5, 'size': 2000000, 'repeat': 10, 'sort': 'mp', 'user': 'alex', 'node': 'v100', 't': 'None', 'c': 'None'},None,h2.carbonate.uits.iu.edu,haiyang,Linux,#1 SMP Tue Jul 26 14:15:37 UTC 2022
# csv,mp-v100-alex-2000000-5-None-None-3,ok,5.954,5.954,2022-11-05 03:41:35,{'p': 5, 'size': 2000000, 'repeat': 10, 'sort': 'mp', 'user': 'alex', 'node': 'v100', 't': 'None', 'c': 'None'},None,h2.carbonate.uits.iu.edu,haiyang,Linux,#1 SMP Tue Jul 26 14:15:37 UTC 2022
# csv,mp-v100-alex-2000000-5-None-None-4,ok,6.064,6.064,2022-11-05 03:41:43,{'p': 5, 'size': 2000000, 'repeat': 10, 'sort': 'mp', 'user': 'alex', 'node': 'v100', 't': 'None', 'c': 'None'},None,h2.carbonate.uits.iu.edu,haiyang,Linux,#1 SMP Tue Jul 26 14:15:37 UTC 2022
# csv,mp-v100-alex-2000000-5-None-None-5,ok,6.141,6.141,2022-11-05 03:41:52,{'p': 5, 'size': 2000000, 'repeat': 10, 'sort': 'mp', 'user': 'alex', 'node': 'v100', 't': 'None', 'c': 'None'},None,h2.carbonate.uits.iu.edu,haiyang,Linux,#1 SMP Tue Jul 26 14:15:37 UTC 2022
# csv,mp-v100-alex-2000000-5-None-None-6,ok,6.24,6.24,2022-11-05 03:42:00,{'p': 5, 'size': 2000000, 'repeat': 10, 'sort': 'mp', 'user': 'alex', 'node': 'v100', 't': 'None', 'c': 'None'},None,h2.carbonate.uits.iu.edu,haiyang,Linux,#1 SMP Tue Jul 26 14:15:37 UTC 2022
# csv,mp-v100-alex-2000000-5-None-None-7,ok,6.05,6.05,2022-11-05 03:42:08,{'p': 5, 'size': 2000000, 'repeat': 10, 'sort': 'mp', 'user': 'alex', 'node': 'v100', 't': 'None', 'c': 'None'},None,h2.carbonate.uits.iu.edu,haiyang,Linux,#1 SMP Tue Jul 26 14:15:37 UTC 2022
# csv,mp-v100-alex-2000000-5-None-None-8,ok,6.002,6.002,2022-11-05 03:42:17,{'p': 5, 'size': 2000000, 'repeat': 10, 'sort': 'mp', 'user': 'alex', 'node': 'v100', 't': 'None', 'c': 'None'},None,h2.carbonate.uits.iu.edu,haiyang,Linux,#1 SMP Tue Jul 26 14:15:37 UTC 2022
# csv,mp-v100-alex-2000000-5-None-None-9,ok,6.046,6.046,2022-11-05 03:42:25,{'p': 5, 'size': 2000000, 'repeat': 10, 'sort': 'mp', 'user': 'alex', 'node': 'v100', 't': 'None', 'c': 'None'},None,h2.carbonate.uits.iu.edu,haiyang,Linux,#1 SMP Tue Jul 26 14:15:37 UTC 2022

