SORT: mp
Starting experiment
Processes: 1
Cores:     12
Size:      8000000
Repeat:    10
Debug:     False
Algorithm: mp
Tag:       None
Total:     10
Experiment 9         : size=8000000 processes=1 cores=12 repeat=0 last_time=undefined                     
Experiment 8         : size=8000000 processes=1 cores=12 repeat=1 last_time=2.101                     
Experiment 7         : size=8000000 processes=1 cores=12 repeat=2 last_time=2.0042                     
Experiment 6         : size=8000000 processes=1 cores=12 repeat=3 last_time=1.9712                     
Experiment 5         : size=8000000 processes=1 cores=12 repeat=4 last_time=2.0729                     
Experiment 4         : size=8000000 processes=1 cores=12 repeat=5 last_time=1.8438                     
Experiment 3         : size=8000000 processes=1 cores=12 repeat=6 last_time=1.9381                     
Experiment 2         : size=8000000 processes=1 cores=12 repeat=7 last_time=1.884                     
Experiment 1         : size=8000000 processes=1 cores=12 repeat=8 last_time=1.9983                     
Experiment 0         : size=8000000 processes=1 cores=12 repeat=9 last_time=1.9667                     

+---------------------------------+--------------------------------------------------------------+
| Attribute                       | Value                                                        |
|---------------------------------+--------------------------------------------------------------|
| ANSI_COLOR                      | "0;31"                                                       |
| BUG_REPORT_URL                  | "https://bugzilla.redhat.com/"                               |
| CPE_NAME                        | "cpe:/o:redhat:enterprise_linux:7.9:GA:server"               |
| HOME_URL                        | "https://www.redhat.com/"                                    |
| ID                              | "rhel"                                                       |
| ID_LIKE                         | "fedora"                                                     |
| NAME                            | "Red Hat Enterprise Linux Server"                            |
| PRETTY_NAME                     | "Red Hat Enterprise Linux Server 7.9 (Maipo)"                |
| REDHAT_BUGZILLA_PRODUCT         | "Red Hat Enterprise Linux 7"                                 |
| REDHAT_BUGZILLA_PRODUCT_VERSION | 7.9                                                          |
| REDHAT_SUPPORT_PRODUCT          | "Red Hat Enterprise Linux"                                   |
| REDHAT_SUPPORT_PRODUCT_VERSION  | "7.9"                                                        |
| VARIANT                         | "Server"                                                     |
| VARIANT_ID                      | "server"                                                     |
| VERSION                         | "7.9 (Maipo)"                                                |
| VERSION_ID                      | "7.9"                                                        |
| cpu                             | Intel(R) Xeon(R) CPU E5-2680 v3 @ 2.50GHz                    |
| cpu_cores                       | 24                                                           |
| cpu_count                       | 24                                                           |
| cpu_threads                     | 24                                                           |
| date                            | 2022-11-18 04:36:40.913520                                   |
| frequency                       | scpufreq(current=1.4438333333333333, min=1200.0, max=3300.0) |
| mem.active                      | 87.8 GiB                                                     |
| mem.available                   | 168.8 GiB                                                    |
| mem.free                        | 63.7 GiB                                                     |
| mem.inactive                    | 43.0 GiB                                                     |
| mem.percent                     | 32.8 %                                                       |
| mem.total                       | 251.2 GiB                                                    |
| mem.used                        | 62.0 GiB                                                     |
| platform.version                | #1 SMP Tue Jul 26 14:15:37 UTC 2022                          |
| python                          | 3.9.8 (main, Feb  8 2022, 08:35:13)                          |
|                                 | [GCC 6.3.0]                                                  |
| python.pip                      | 22.2.2                                                       |
| python.version                  | 3.9.8                                                        |
| sys.platform                    | linux                                                        |
| uname.machine                   | x86_64                                                       |
| uname.node                      | h1.carbonate.uits.iu.edu                                     |
| uname.processor                 | x86_64                                                       |
| uname.release                   | 3.10.0-1160.76.1.el7.x86_64                                  |
| uname.system                    | Linux                                                        |
| uname.version                   | #1 SMP Tue Jul 26 14:15:37 UTC 2022                          |
| user                            | haiyang                                                      |
+---------------------------------+--------------------------------------------------------------+

+-----------------------------+----------+--------+-------+---------------------+------------------------------------------------------------------------------------------------+-------+--------------------------+---------+-------+-------------------------------------+
| Name                        | Status   |   Time |   Sum | Start               | tag                                                                                            | msg   | Node                     | User    | OS    | Version                             |
|-----------------------------+----------+--------+-------+---------------------+------------------------------------------------------------------------------------------------+-------+--------------------------+---------+-------+-------------------------------------|
| mp-v100-alex-8000000-1-12-0 | ok       |  2.101 | 2.101 | 2022-11-18 04:35:05 | {'p': 1, 'c': 12, 'size': 8000000, 'repeat': 10, 'sort': 'mp', 'user': 'alex', 'node': 'v100'} |       | h1.carbonate.uits.iu.edu | haiyang | Linux | #1 SMP Tue Jul 26 14:15:37 UTC 2022 |
| mp-v100-alex-8000000-1-12-1 | ok       |  2.004 | 2.004 | 2022-11-18 04:35:15 | {'p': 1, 'c': 12, 'size': 8000000, 'repeat': 10, 'sort': 'mp', 'user': 'alex', 'node': 'v100'} |       | h1.carbonate.uits.iu.edu | haiyang | Linux | #1 SMP Tue Jul 26 14:15:37 UTC 2022 |
| mp-v100-alex-8000000-1-12-2 | ok       |  1.971 | 1.971 | 2022-11-18 04:35:26 | {'p': 1, 'c': 12, 'size': 8000000, 'repeat': 10, 'sort': 'mp', 'user': 'alex', 'node': 'v100'} |       | h1.carbonate.uits.iu.edu | haiyang | Linux | #1 SMP Tue Jul 26 14:15:37 UTC 2022 |
| mp-v100-alex-8000000-1-12-3 | ok       |  2.073 | 2.073 | 2022-11-18 04:35:37 | {'p': 1, 'c': 12, 'size': 8000000, 'repeat': 10, 'sort': 'mp', 'user': 'alex', 'node': 'v100'} |       | h1.carbonate.uits.iu.edu | haiyang | Linux | #1 SMP Tue Jul 26 14:15:37 UTC 2022 |
| mp-v100-alex-8000000-1-12-4 | ok       |  1.844 | 1.844 | 2022-11-18 04:35:47 | {'p': 1, 'c': 12, 'size': 8000000, 'repeat': 10, 'sort': 'mp', 'user': 'alex', 'node': 'v100'} |       | h1.carbonate.uits.iu.edu | haiyang | Linux | #1 SMP Tue Jul 26 14:15:37 UTC 2022 |
| mp-v100-alex-8000000-1-12-5 | ok       |  1.938 | 1.938 | 2022-11-18 04:35:57 | {'p': 1, 'c': 12, 'size': 8000000, 'repeat': 10, 'sort': 'mp', 'user': 'alex', 'node': 'v100'} |       | h1.carbonate.uits.iu.edu | haiyang | Linux | #1 SMP Tue Jul 26 14:15:37 UTC 2022 |
| mp-v100-alex-8000000-1-12-6 | ok       |  1.884 | 1.884 | 2022-11-18 04:36:08 | {'p': 1, 'c': 12, 'size': 8000000, 'repeat': 10, 'sort': 'mp', 'user': 'alex', 'node': 'v100'} |       | h1.carbonate.uits.iu.edu | haiyang | Linux | #1 SMP Tue Jul 26 14:15:37 UTC 2022 |
| mp-v100-alex-8000000-1-12-7 | ok       |  1.998 | 1.998 | 2022-11-18 04:36:18 | {'p': 1, 'c': 12, 'size': 8000000, 'repeat': 10, 'sort': 'mp', 'user': 'alex', 'node': 'v100'} |       | h1.carbonate.uits.iu.edu | haiyang | Linux | #1 SMP Tue Jul 26 14:15:37 UTC 2022 |
| mp-v100-alex-8000000-1-12-8 | ok       |  1.967 | 1.967 | 2022-11-18 04:36:28 | {'p': 1, 'c': 12, 'size': 8000000, 'repeat': 10, 'sort': 'mp', 'user': 'alex', 'node': 'v100'} |       | h1.carbonate.uits.iu.edu | haiyang | Linux | #1 SMP Tue Jul 26 14:15:37 UTC 2022 |
| mp-v100-alex-8000000-1-12-9 | ok       |  1.872 | 1.872 | 2022-11-18 04:36:39 | {'p': 1, 'c': 12, 'size': 8000000, 'repeat': 10, 'sort': 'mp', 'user': 'alex', 'node': 'v100'} |       | h1.carbonate.uits.iu.edu | haiyang | Linux | #1 SMP Tue Jul 26 14:15:37 UTC 2022 |
+-----------------------------+----------+--------+-------+---------------------+------------------------------------------------------------------------------------------------+-------+--------------------------+---------+-------+-------------------------------------+
# csv,timer,status,time,sum,start,tag,msg,uname.node,user,uname.system,platform.version
# csv,mp-v100-alex-8000000-1-12-0,ok,2.101,2.101,2022-11-18 04:35:05,{'p': 1, 'c': 12, 'size': 8000000, 'repeat': 10, 'sort': 'mp', 'user': 'alex', 'node': 'v100'},None,h1.carbonate.uits.iu.edu,haiyang,Linux,#1 SMP Tue Jul 26 14:15:37 UTC 2022
# csv,mp-v100-alex-8000000-1-12-1,ok,2.004,2.004,2022-11-18 04:35:15,{'p': 1, 'c': 12, 'size': 8000000, 'repeat': 10, 'sort': 'mp', 'user': 'alex', 'node': 'v100'},None,h1.carbonate.uits.iu.edu,haiyang,Linux,#1 SMP Tue Jul 26 14:15:37 UTC 2022
# csv,mp-v100-alex-8000000-1-12-2,ok,1.971,1.971,2022-11-18 04:35:26,{'p': 1, 'c': 12, 'size': 8000000, 'repeat': 10, 'sort': 'mp', 'user': 'alex', 'node': 'v100'},None,h1.carbonate.uits.iu.edu,haiyang,Linux,#1 SMP Tue Jul 26 14:15:37 UTC 2022
# csv,mp-v100-alex-8000000-1-12-3,ok,2.073,2.073,2022-11-18 04:35:37,{'p': 1, 'c': 12, 'size': 8000000, 'repeat': 10, 'sort': 'mp', 'user': 'alex', 'node': 'v100'},None,h1.carbonate.uits.iu.edu,haiyang,Linux,#1 SMP Tue Jul 26 14:15:37 UTC 2022
# csv,mp-v100-alex-8000000-1-12-4,ok,1.844,1.844,2022-11-18 04:35:47,{'p': 1, 'c': 12, 'size': 8000000, 'repeat': 10, 'sort': 'mp', 'user': 'alex', 'node': 'v100'},None,h1.carbonate.uits.iu.edu,haiyang,Linux,#1 SMP Tue Jul 26 14:15:37 UTC 2022
# csv,mp-v100-alex-8000000-1-12-5,ok,1.938,1.938,2022-11-18 04:35:57,{'p': 1, 'c': 12, 'size': 8000000, 'repeat': 10, 'sort': 'mp', 'user': 'alex', 'node': 'v100'},None,h1.carbonate.uits.iu.edu,haiyang,Linux,#1 SMP Tue Jul 26 14:15:37 UTC 2022
# csv,mp-v100-alex-8000000-1-12-6,ok,1.884,1.884,2022-11-18 04:36:08,{'p': 1, 'c': 12, 'size': 8000000, 'repeat': 10, 'sort': 'mp', 'user': 'alex', 'node': 'v100'},None,h1.carbonate.uits.iu.edu,haiyang,Linux,#1 SMP Tue Jul 26 14:15:37 UTC 2022
# csv,mp-v100-alex-8000000-1-12-7,ok,1.998,1.998,2022-11-18 04:36:18,{'p': 1, 'c': 12, 'size': 8000000, 'repeat': 10, 'sort': 'mp', 'user': 'alex', 'node': 'v100'},None,h1.carbonate.uits.iu.edu,haiyang,Linux,#1 SMP Tue Jul 26 14:15:37 UTC 2022
# csv,mp-v100-alex-8000000-1-12-8,ok,1.967,1.967,2022-11-18 04:36:28,{'p': 1, 'c': 12, 'size': 8000000, 'repeat': 10, 'sort': 'mp', 'user': 'alex', 'node': 'v100'},None,h1.carbonate.uits.iu.edu,haiyang,Linux,#1 SMP Tue Jul 26 14:15:37 UTC 2022
# csv,mp-v100-alex-8000000-1-12-9,ok,1.872,1.872,2022-11-18 04:36:39,{'p': 1, 'c': 12, 'size': 8000000, 'repeat': 10, 'sort': 'mp', 'user': 'alex', 'node': 'v100'},None,h1.carbonate.uits.iu.edu,haiyang,Linux,#1 SMP Tue Jul 26 14:15:37 UTC 2022

