SORT: mp
Starting experiment
Processes: 1
Cores:     19
Size:      1000
Repeat:    10
Debug:     False
Algorithm: mp
Tag:       None
Total:     10
Experiment 9         : size=1000 processes=1 cores=19 repeat=0 last_time=undefined                     
Experiment 8         : size=1000 processes=1 cores=19 repeat=1 last_time=0.079                     
Experiment 7         : size=1000 processes=1 cores=19 repeat=2 last_time=0.0749                     
Experiment 6         : size=1000 processes=1 cores=19 repeat=3 last_time=0.0734                     
Experiment 5         : size=1000 processes=1 cores=19 repeat=4 last_time=0.0743                     
Experiment 4         : size=1000 processes=1 cores=19 repeat=5 last_time=0.0725                     
Experiment 3         : size=1000 processes=1 cores=19 repeat=6 last_time=0.0749                     
Experiment 2         : size=1000 processes=1 cores=19 repeat=7 last_time=0.0694                     
Experiment 1         : size=1000 processes=1 cores=19 repeat=8 last_time=0.071                     
Experiment 0         : size=1000 processes=1 cores=19 repeat=9 last_time=0.0716                     

+---------------------------------+---------------------------------------------------+
| Attribute                       | Value                                             |
|---------------------------------+---------------------------------------------------|
| ANSI_COLOR                      | "0;31"                                            |
| BUG_REPORT_URL                  | "https://bugzilla.redhat.com/"                    |
| CPE_NAME                        | "cpe:/o:redhat:enterprise_linux:7.9:GA:server"    |
| HOME_URL                        | "https://www.redhat.com/"                         |
| ID                              | "rhel"                                            |
| ID_LIKE                         | "fedora"                                          |
| NAME                            | "Red Hat Enterprise Linux Server"                 |
| PRETTY_NAME                     | "Red Hat Enterprise Linux Server 7.9 (Maipo)"     |
| REDHAT_BUGZILLA_PRODUCT         | "Red Hat Enterprise Linux 7"                      |
| REDHAT_BUGZILLA_PRODUCT_VERSION | 7.9                                               |
| REDHAT_SUPPORT_PRODUCT          | "Red Hat Enterprise Linux"                        |
| REDHAT_SUPPORT_PRODUCT_VERSION  | "7.9"                                             |
| VARIANT                         | "Server"                                          |
| VARIANT_ID                      | "server"                                          |
| VERSION                         | "7.9 (Maipo)"                                     |
| VERSION_ID                      | "7.9"                                             |
| cpu                             | Intel(R) Xeon(R) CPU E5-2680 v3 @ 2.50GHz         |
| cpu_cores                       | 24                                                |
| cpu_count                       | 24                                                |
| cpu_threads                     | 24                                                |
| date                            | 2022-11-18 05:36:06.133533                        |
| frequency                       | scpufreq(current=1.39675, min=1200.0, max=3300.0) |
| mem.active                      | 89.3 GiB                                          |
| mem.available                   | 166.8 GiB                                         |
| mem.free                        | 67.3 GiB                                          |
| mem.inactive                    | 38.6 GiB                                          |
| mem.percent                     | 33.6 %                                            |
| mem.total                       | 251.2 GiB                                         |
| mem.used                        | 64.0 GiB                                          |
| platform.version                | #1 SMP Tue Jul 26 14:15:37 UTC 2022               |
| python                          | 3.9.8 (main, Feb  8 2022, 08:35:13)               |
|                                 | [GCC 6.3.0]                                       |
| python.pip                      | 22.2.2                                            |
| python.version                  | 3.9.8                                             |
| sys.platform                    | linux                                             |
| uname.machine                   | x86_64                                            |
| uname.node                      | h1.carbonate.uits.iu.edu                          |
| uname.processor                 | x86_64                                            |
| uname.release                   | 3.10.0-1160.76.1.el7.x86_64                       |
| uname.system                    | Linux                                             |
| uname.version                   | #1 SMP Tue Jul 26 14:15:37 UTC 2022               |
| user                            | haiyang                                           |
+---------------------------------+---------------------------------------------------+

+--------------------------+----------+--------+-------+---------------------+---------------------------------------------------------------------------------------------+-------+--------------------------+---------+-------+-------------------------------------+
| Name                     | Status   |   Time |   Sum | Start               | tag                                                                                         | msg   | Node                     | User    | OS    | Version                             |
|--------------------------+----------+--------+-------+---------------------+---------------------------------------------------------------------------------------------+-------+--------------------------+---------+-------+-------------------------------------|
| mp-v100-alex-1000-1-19-0 | ok       |  0.079 | 0.079 | 2022-11-18 05:36:05 | {'p': 1, 'c': 19, 'size': 1000, 'repeat': 10, 'sort': 'mp', 'user': 'alex', 'node': 'v100'} |       | h1.carbonate.uits.iu.edu | haiyang | Linux | #1 SMP Tue Jul 26 14:15:37 UTC 2022 |
| mp-v100-alex-1000-1-19-1 | ok       |  0.075 | 0.075 | 2022-11-18 05:36:05 | {'p': 1, 'c': 19, 'size': 1000, 'repeat': 10, 'sort': 'mp', 'user': 'alex', 'node': 'v100'} |       | h1.carbonate.uits.iu.edu | haiyang | Linux | #1 SMP Tue Jul 26 14:15:37 UTC 2022 |
| mp-v100-alex-1000-1-19-2 | ok       |  0.073 | 0.073 | 2022-11-18 05:36:05 | {'p': 1, 'c': 19, 'size': 1000, 'repeat': 10, 'sort': 'mp', 'user': 'alex', 'node': 'v100'} |       | h1.carbonate.uits.iu.edu | haiyang | Linux | #1 SMP Tue Jul 26 14:15:37 UTC 2022 |
| mp-v100-alex-1000-1-19-3 | ok       |  0.074 | 0.074 | 2022-11-18 05:36:05 | {'p': 1, 'c': 19, 'size': 1000, 'repeat': 10, 'sort': 'mp', 'user': 'alex', 'node': 'v100'} |       | h1.carbonate.uits.iu.edu | haiyang | Linux | #1 SMP Tue Jul 26 14:15:37 UTC 2022 |
| mp-v100-alex-1000-1-19-4 | ok       |  0.073 | 0.073 | 2022-11-18 05:36:05 | {'p': 1, 'c': 19, 'size': 1000, 'repeat': 10, 'sort': 'mp', 'user': 'alex', 'node': 'v100'} |       | h1.carbonate.uits.iu.edu | haiyang | Linux | #1 SMP Tue Jul 26 14:15:37 UTC 2022 |
| mp-v100-alex-1000-1-19-5 | ok       |  0.075 | 0.075 | 2022-11-18 05:36:05 | {'p': 1, 'c': 19, 'size': 1000, 'repeat': 10, 'sort': 'mp', 'user': 'alex', 'node': 'v100'} |       | h1.carbonate.uits.iu.edu | haiyang | Linux | #1 SMP Tue Jul 26 14:15:37 UTC 2022 |
| mp-v100-alex-1000-1-19-6 | ok       |  0.069 | 0.069 | 2022-11-18 05:36:05 | {'p': 1, 'c': 19, 'size': 1000, 'repeat': 10, 'sort': 'mp', 'user': 'alex', 'node': 'v100'} |       | h1.carbonate.uits.iu.edu | haiyang | Linux | #1 SMP Tue Jul 26 14:15:37 UTC 2022 |
| mp-v100-alex-1000-1-19-7 | ok       |  0.071 | 0.071 | 2022-11-18 05:36:05 | {'p': 1, 'c': 19, 'size': 1000, 'repeat': 10, 'sort': 'mp', 'user': 'alex', 'node': 'v100'} |       | h1.carbonate.uits.iu.edu | haiyang | Linux | #1 SMP Tue Jul 26 14:15:37 UTC 2022 |
| mp-v100-alex-1000-1-19-8 | ok       |  0.072 | 0.072 | 2022-11-18 05:36:05 | {'p': 1, 'c': 19, 'size': 1000, 'repeat': 10, 'sort': 'mp', 'user': 'alex', 'node': 'v100'} |       | h1.carbonate.uits.iu.edu | haiyang | Linux | #1 SMP Tue Jul 26 14:15:37 UTC 2022 |
| mp-v100-alex-1000-1-19-9 | ok       |  0.073 | 0.073 | 2022-11-18 05:36:06 | {'p': 1, 'c': 19, 'size': 1000, 'repeat': 10, 'sort': 'mp', 'user': 'alex', 'node': 'v100'} |       | h1.carbonate.uits.iu.edu | haiyang | Linux | #1 SMP Tue Jul 26 14:15:37 UTC 2022 |
+--------------------------+----------+--------+-------+---------------------+---------------------------------------------------------------------------------------------+-------+--------------------------+---------+-------+-------------------------------------+
# csv,timer,status,time,sum,start,tag,msg,uname.node,user,uname.system,platform.version
# csv,mp-v100-alex-1000-1-19-0,ok,0.079,0.079,2022-11-18 05:36:05,{'p': 1, 'c': 19, 'size': 1000, 'repeat': 10, 'sort': 'mp', 'user': 'alex', 'node': 'v100'},None,h1.carbonate.uits.iu.edu,haiyang,Linux,#1 SMP Tue Jul 26 14:15:37 UTC 2022
# csv,mp-v100-alex-1000-1-19-1,ok,0.075,0.075,2022-11-18 05:36:05,{'p': 1, 'c': 19, 'size': 1000, 'repeat': 10, 'sort': 'mp', 'user': 'alex', 'node': 'v100'},None,h1.carbonate.uits.iu.edu,haiyang,Linux,#1 SMP Tue Jul 26 14:15:37 UTC 2022
# csv,mp-v100-alex-1000-1-19-2,ok,0.073,0.073,2022-11-18 05:36:05,{'p': 1, 'c': 19, 'size': 1000, 'repeat': 10, 'sort': 'mp', 'user': 'alex', 'node': 'v100'},None,h1.carbonate.uits.iu.edu,haiyang,Linux,#1 SMP Tue Jul 26 14:15:37 UTC 2022
# csv,mp-v100-alex-1000-1-19-3,ok,0.074,0.074,2022-11-18 05:36:05,{'p': 1, 'c': 19, 'size': 1000, 'repeat': 10, 'sort': 'mp', 'user': 'alex', 'node': 'v100'},None,h1.carbonate.uits.iu.edu,haiyang,Linux,#1 SMP Tue Jul 26 14:15:37 UTC 2022
# csv,mp-v100-alex-1000-1-19-4,ok,0.073,0.073,2022-11-18 05:36:05,{'p': 1, 'c': 19, 'size': 1000, 'repeat': 10, 'sort': 'mp', 'user': 'alex', 'node': 'v100'},None,h1.carbonate.uits.iu.edu,haiyang,Linux,#1 SMP Tue Jul 26 14:15:37 UTC 2022
# csv,mp-v100-alex-1000-1-19-5,ok,0.075,0.075,2022-11-18 05:36:05,{'p': 1, 'c': 19, 'size': 1000, 'repeat': 10, 'sort': 'mp', 'user': 'alex', 'node': 'v100'},None,h1.carbonate.uits.iu.edu,haiyang,Linux,#1 SMP Tue Jul 26 14:15:37 UTC 2022
# csv,mp-v100-alex-1000-1-19-6,ok,0.069,0.069,2022-11-18 05:36:05,{'p': 1, 'c': 19, 'size': 1000, 'repeat': 10, 'sort': 'mp', 'user': 'alex', 'node': 'v100'},None,h1.carbonate.uits.iu.edu,haiyang,Linux,#1 SMP Tue Jul 26 14:15:37 UTC 2022
# csv,mp-v100-alex-1000-1-19-7,ok,0.071,0.071,2022-11-18 05:36:05,{'p': 1, 'c': 19, 'size': 1000, 'repeat': 10, 'sort': 'mp', 'user': 'alex', 'node': 'v100'},None,h1.carbonate.uits.iu.edu,haiyang,Linux,#1 SMP Tue Jul 26 14:15:37 UTC 2022
# csv,mp-v100-alex-1000-1-19-8,ok,0.072,0.072,2022-11-18 05:36:05,{'p': 1, 'c': 19, 'size': 1000, 'repeat': 10, 'sort': 'mp', 'user': 'alex', 'node': 'v100'},None,h1.carbonate.uits.iu.edu,haiyang,Linux,#1 SMP Tue Jul 26 14:15:37 UTC 2022
# csv,mp-v100-alex-1000-1-19-9,ok,0.073,0.073,2022-11-18 05:36:06,{'p': 1, 'c': 19, 'size': 1000, 'repeat': 10, 'sort': 'mp', 'user': 'alex', 'node': 'v100'},None,h1.carbonate.uits.iu.edu,haiyang,Linux,#1 SMP Tue Jul 26 14:15:37 UTC 2022

