SORT: mp
<function multiprocessing_mergesort at 0x2ac61f18eaf0>
Starting experiment
Log:       output.log
Processes: 17
Size:      10000000
Repeat:    10
Clear:     False
Debug:     True
Algorithm: mp
ID:        0
Tag:       None
Total:     10
Experiment 9         : size=10000000 processes=17 id=0 repeat=0 last_time=undefined                     
Experiment 8         : size=10000000 processes=17 id=0 repeat=1 last_time=23.2489                     
Experiment 7         : size=10000000 processes=17 id=0 repeat=2 last_time=23.6909                     
Experiment 6         : size=10000000 processes=17 id=0 repeat=3 last_time=22.8907                     
Experiment 5         : size=10000000 processes=17 id=0 repeat=4 last_time=22.6484                     
Experiment 4         : size=10000000 processes=17 id=0 repeat=5 last_time=24.0465                     
Experiment 3         : size=10000000 processes=17 id=0 repeat=6 last_time=22.9107                     
Experiment 2         : size=10000000 processes=17 id=0 repeat=7 last_time=23.7462                     
Experiment 1         : size=10000000 processes=17 id=0 repeat=8 last_time=23.0063                     
Experiment 0         : size=10000000 processes=17 id=0 repeat=9 last_time=23.1669                     

+---------------------------------+---------------------------------------------------+
| Attribute                       | Value                                             |
|---------------------------------+---------------------------------------------------|
| ANSI_COLOR                      | "0;31"                                            |
| BUG_REPORT_URL                  | "https://bugzilla.redhat.com/"                    |
| CPE_NAME                        | "cpe:/o:redhat:enterprise_linux:7.9:GA:server"    |
| HOME_URL                        | "https://www.redhat.com/"                         |
| ID                              | "rhel"                                            |
| ID_LIKE                         | "fedora"                                          |
| NAME                            | "Red Hat Enterprise Linux Server"                 |
| PRETTY_NAME                     | "Red Hat Enterprise Linux Server 7.9 (Maipo)"     |
| REDHAT_BUGZILLA_PRODUCT         | "Red Hat Enterprise Linux 7"                      |
| REDHAT_BUGZILLA_PRODUCT_VERSION | 7.9                                               |
| REDHAT_SUPPORT_PRODUCT          | "Red Hat Enterprise Linux"                        |
| REDHAT_SUPPORT_PRODUCT_VERSION  | "7.9"                                             |
| VARIANT                         | "Server"                                          |
| VARIANT_ID                      | "server"                                          |
| VERSION                         | "7.9 (Maipo)"                                     |
| VERSION_ID                      | "7.9"                                             |
| cpu                             | Intel(R) Xeon(R) CPU E5-2680 v3 @ 2.50GHz         |
| cpu_cores                       | 24                                                |
| cpu_count                       | 24                                                |
| cpu_threads                     | 24                                                |
| date                            | 2022-11-04 01:41:46.004753                        |
| frequency                       | scpufreq(current=1.33125, min=1200.0, max=3300.0) |
| mem.active                      | 24.8 GiB                                          |
| mem.available                   | 164.7 GiB                                         |
| mem.free                        | 145.3 GiB                                         |
| mem.inactive                    | 16.7 GiB                                          |
| mem.percent                     | 34.4 %                                            |
| mem.total                       | 251.2 GiB                                         |
| mem.used                        | 67.3 GiB                                          |
| platform.version                | #1 SMP Tue Jul 26 14:15:37 UTC 2022               |
| python                          | 3.9.8 (main, Feb  8 2022, 08:35:13)               |
|                                 | [GCC 6.3.0]                                       |
| python.pip                      | 22.2.2                                            |
| python.version                  | 3.9.8                                             |
| sys.platform                    | linux                                             |
| uname.machine                   | x86_64                                            |
| uname.node                      | h1.carbonate.uits.iu.edu                          |
| uname.processor                 | x86_64                                            |
| uname.release                   | 3.10.0-1160.76.1.el7.x86_64                       |
| uname.system                    | Linux                                             |
| uname.version                   | #1 SMP Tue Jul 26 14:15:37 UTC 2022               |
| user                            | haiyang                                           |
+---------------------------------+---------------------------------------------------+

+--------------------------------------+----------+--------+--------+---------------------+-------------------------------------------------------------------------------------------------------------------+-------+--------------------------+---------+-------+-------------------------------------+
| Name                                 | Status   |   Time |    Sum | Start               | tag                                                                                                               | msg   | Node                     | User    | OS    | Version                             |
|--------------------------------------+----------+--------+--------+---------------------+-------------------------------------------------------------------------------------------------------------------+-------+--------------------------+---------+-------+-------------------------------------|
| mp-v100-alex-10000000-17-None-None-0 | ok       | 23.249 | 23.249 | 2022-11-04 01:36:18 | {'p': 17, 'size': 10000000, 'repeat': 10, 'sort': 'mp', 'user': 'alex', 'node': 'v100', 't': 'None', 'c': 'None'} |       | h1.carbonate.uits.iu.edu | haiyang | Linux | #1 SMP Tue Jul 26 14:15:37 UTC 2022 |
| mp-v100-alex-10000000-17-None-None-1 | ok       | 23.691 | 23.691 | 2022-11-04 01:36:52 | {'p': 17, 'size': 10000000, 'repeat': 10, 'sort': 'mp', 'user': 'alex', 'node': 'v100', 't': 'None', 'c': 'None'} |       | h1.carbonate.uits.iu.edu | haiyang | Linux | #1 SMP Tue Jul 26 14:15:37 UTC 2022 |
| mp-v100-alex-10000000-17-None-None-2 | ok       | 22.891 | 22.891 | 2022-11-04 01:37:26 | {'p': 17, 'size': 10000000, 'repeat': 10, 'sort': 'mp', 'user': 'alex', 'node': 'v100', 't': 'None', 'c': 'None'} |       | h1.carbonate.uits.iu.edu | haiyang | Linux | #1 SMP Tue Jul 26 14:15:37 UTC 2022 |
| mp-v100-alex-10000000-17-None-None-3 | ok       | 22.648 | 22.648 | 2022-11-04 01:38:00 | {'p': 17, 'size': 10000000, 'repeat': 10, 'sort': 'mp', 'user': 'alex', 'node': 'v100', 't': 'None', 'c': 'None'} |       | h1.carbonate.uits.iu.edu | haiyang | Linux | #1 SMP Tue Jul 26 14:15:37 UTC 2022 |
| mp-v100-alex-10000000-17-None-None-4 | ok       | 24.047 | 24.047 | 2022-11-04 01:38:33 | {'p': 17, 'size': 10000000, 'repeat': 10, 'sort': 'mp', 'user': 'alex', 'node': 'v100', 't': 'None', 'c': 'None'} |       | h1.carbonate.uits.iu.edu | haiyang | Linux | #1 SMP Tue Jul 26 14:15:37 UTC 2022 |
| mp-v100-alex-10000000-17-None-None-5 | ok       | 22.911 | 22.911 | 2022-11-04 01:39:08 | {'p': 17, 'size': 10000000, 'repeat': 10, 'sort': 'mp', 'user': 'alex', 'node': 'v100', 't': 'None', 'c': 'None'} |       | h1.carbonate.uits.iu.edu | haiyang | Linux | #1 SMP Tue Jul 26 14:15:37 UTC 2022 |
| mp-v100-alex-10000000-17-None-None-6 | ok       | 23.746 | 23.746 | 2022-11-04 01:39:41 | {'p': 17, 'size': 10000000, 'repeat': 10, 'sort': 'mp', 'user': 'alex', 'node': 'v100', 't': 'None', 'c': 'None'} |       | h1.carbonate.uits.iu.edu | haiyang | Linux | #1 SMP Tue Jul 26 14:15:37 UTC 2022 |
| mp-v100-alex-10000000-17-None-None-7 | ok       | 23.006 | 23.006 | 2022-11-04 01:40:15 | {'p': 17, 'size': 10000000, 'repeat': 10, 'sort': 'mp', 'user': 'alex', 'node': 'v100', 't': 'None', 'c': 'None'} |       | h1.carbonate.uits.iu.edu | haiyang | Linux | #1 SMP Tue Jul 26 14:15:37 UTC 2022 |
| mp-v100-alex-10000000-17-None-None-8 | ok       | 23.167 | 23.167 | 2022-11-04 01:40:49 | {'p': 17, 'size': 10000000, 'repeat': 10, 'sort': 'mp', 'user': 'alex', 'node': 'v100', 't': 'None', 'c': 'None'} |       | h1.carbonate.uits.iu.edu | haiyang | Linux | #1 SMP Tue Jul 26 14:15:37 UTC 2022 |
| mp-v100-alex-10000000-17-None-None-9 | ok       | 23.264 | 23.264 | 2022-11-04 01:41:22 | {'p': 17, 'size': 10000000, 'repeat': 10, 'sort': 'mp', 'user': 'alex', 'node': 'v100', 't': 'None', 'c': 'None'} |       | h1.carbonate.uits.iu.edu | haiyang | Linux | #1 SMP Tue Jul 26 14:15:37 UTC 2022 |
+--------------------------------------+----------+--------+--------+---------------------+-------------------------------------------------------------------------------------------------------------------+-------+--------------------------+---------+-------+-------------------------------------+
# csv,timer,status,time,sum,start,tag,msg,uname.node,user,uname.system,platform.version
# csv,mp-v100-alex-10000000-17-None-None-0,ok,23.249,23.249,2022-11-04 01:36:18,{'p': 17, 'size': 10000000, 'repeat': 10, 'sort': 'mp', 'user': 'alex', 'node': 'v100', 't': 'None', 'c': 'None'},None,h1.carbonate.uits.iu.edu,haiyang,Linux,#1 SMP Tue Jul 26 14:15:37 UTC 2022
# csv,mp-v100-alex-10000000-17-None-None-1,ok,23.691,23.691,2022-11-04 01:36:52,{'p': 17, 'size': 10000000, 'repeat': 10, 'sort': 'mp', 'user': 'alex', 'node': 'v100', 't': 'None', 'c': 'None'},None,h1.carbonate.uits.iu.edu,haiyang,Linux,#1 SMP Tue Jul 26 14:15:37 UTC 2022
# csv,mp-v100-alex-10000000-17-None-None-2,ok,22.891,22.891,2022-11-04 01:37:26,{'p': 17, 'size': 10000000, 'repeat': 10, 'sort': 'mp', 'user': 'alex', 'node': 'v100', 't': 'None', 'c': 'None'},None,h1.carbonate.uits.iu.edu,haiyang,Linux,#1 SMP Tue Jul 26 14:15:37 UTC 2022
# csv,mp-v100-alex-10000000-17-None-None-3,ok,22.648,22.648,2022-11-04 01:38:00,{'p': 17, 'size': 10000000, 'repeat': 10, 'sort': 'mp', 'user': 'alex', 'node': 'v100', 't': 'None', 'c': 'None'},None,h1.carbonate.uits.iu.edu,haiyang,Linux,#1 SMP Tue Jul 26 14:15:37 UTC 2022
# csv,mp-v100-alex-10000000-17-None-None-4,ok,24.047,24.047,2022-11-04 01:38:33,{'p': 17, 'size': 10000000, 'repeat': 10, 'sort': 'mp', 'user': 'alex', 'node': 'v100', 't': 'None', 'c': 'None'},None,h1.carbonate.uits.iu.edu,haiyang,Linux,#1 SMP Tue Jul 26 14:15:37 UTC 2022
# csv,mp-v100-alex-10000000-17-None-None-5,ok,22.911,22.911,2022-11-04 01:39:08,{'p': 17, 'size': 10000000, 'repeat': 10, 'sort': 'mp', 'user': 'alex', 'node': 'v100', 't': 'None', 'c': 'None'},None,h1.carbonate.uits.iu.edu,haiyang,Linux,#1 SMP Tue Jul 26 14:15:37 UTC 2022
# csv,mp-v100-alex-10000000-17-None-None-6,ok,23.746,23.746,2022-11-04 01:39:41,{'p': 17, 'size': 10000000, 'repeat': 10, 'sort': 'mp', 'user': 'alex', 'node': 'v100', 't': 'None', 'c': 'None'},None,h1.carbonate.uits.iu.edu,haiyang,Linux,#1 SMP Tue Jul 26 14:15:37 UTC 2022
# csv,mp-v100-alex-10000000-17-None-None-7,ok,23.006,23.006,2022-11-04 01:40:15,{'p': 17, 'size': 10000000, 'repeat': 10, 'sort': 'mp', 'user': 'alex', 'node': 'v100', 't': 'None', 'c': 'None'},None,h1.carbonate.uits.iu.edu,haiyang,Linux,#1 SMP Tue Jul 26 14:15:37 UTC 2022
# csv,mp-v100-alex-10000000-17-None-None-8,ok,23.167,23.167,2022-11-04 01:40:49,{'p': 17, 'size': 10000000, 'repeat': 10, 'sort': 'mp', 'user': 'alex', 'node': 'v100', 't': 'None', 'c': 'None'},None,h1.carbonate.uits.iu.edu,haiyang,Linux,#1 SMP Tue Jul 26 14:15:37 UTC 2022
# csv,mp-v100-alex-10000000-17-None-None-9,ok,23.264,23.264,2022-11-04 01:41:22,{'p': 17, 'size': 10000000, 'repeat': 10, 'sort': 'mp', 'user': 'alex', 'node': 'v100', 't': 'None', 'c': 'None'},None,h1.carbonate.uits.iu.edu,haiyang,Linux,#1 SMP Tue Jul 26 14:15:37 UTC 2022

