SORT: mp
Starting experiment
Processes: 1
Cores:     17
Size:      500000
Repeat:    10
Debug:     False
Algorithm: mp
Tag:       None
Total:     10
Experiment 9         : size=500000 processes=1 cores=17 repeat=0 last_time=undefined                     
Experiment 8         : size=500000 processes=1 cores=17 repeat=1 last_time=0.2062                     
Experiment 7         : size=500000 processes=1 cores=17 repeat=2 last_time=0.2103                     
Experiment 6         : size=500000 processes=1 cores=17 repeat=3 last_time=0.2295                     
Experiment 5         : size=500000 processes=1 cores=17 repeat=4 last_time=0.2377                     
Experiment 4         : size=500000 processes=1 cores=17 repeat=5 last_time=0.2073                     
Experiment 3         : size=500000 processes=1 cores=17 repeat=6 last_time=0.2374                     
Experiment 2         : size=500000 processes=1 cores=17 repeat=7 last_time=0.231                     
Experiment 1         : size=500000 processes=1 cores=17 repeat=8 last_time=0.2374                     
Experiment 0         : size=500000 processes=1 cores=17 repeat=9 last_time=0.2355                     

+---------------------------------+-------------------------------------------------------------+
| Attribute                       | Value                                                       |
|---------------------------------+-------------------------------------------------------------|
| ANSI_COLOR                      | "0;31"                                                      |
| BUG_REPORT_URL                  | "https://bugzilla.redhat.com/"                              |
| CPE_NAME                        | "cpe:/o:redhat:enterprise_linux:7.9:GA:server"              |
| HOME_URL                        | "https://www.redhat.com/"                                   |
| ID                              | "rhel"                                                      |
| ID_LIKE                         | "fedora"                                                    |
| NAME                            | "Red Hat Enterprise Linux Server"                           |
| PRETTY_NAME                     | "Red Hat Enterprise Linux Server 7.9 (Maipo)"               |
| REDHAT_BUGZILLA_PRODUCT         | "Red Hat Enterprise Linux 7"                                |
| REDHAT_BUGZILLA_PRODUCT_VERSION | 7.9                                                         |
| REDHAT_SUPPORT_PRODUCT          | "Red Hat Enterprise Linux"                                  |
| REDHAT_SUPPORT_PRODUCT_VERSION  | "7.9"                                                       |
| VARIANT                         | "Server"                                                    |
| VARIANT_ID                      | "server"                                                    |
| VERSION                         | "7.9 (Maipo)"                                               |
| VERSION_ID                      | "7.9"                                                       |
| cpu                             | Intel(R) Xeon(R) CPU E5-2680 v3 @ 2.50GHz                   |
| cpu_cores                       | 24                                                          |
| cpu_count                       | 24                                                          |
| cpu_threads                     | 24                                                          |
| date                            | 2022-11-18 05:17:11.541481                                  |
| frequency                       | scpufreq(current=1.445916666666667, min=1200.0, max=3300.0) |
| mem.active                      | 84.8 GiB                                                    |
| mem.available                   | 171.8 GiB                                                   |
| mem.free                        | 71.1 GiB                                                    |
| mem.inactive                    | 39.1 GiB                                                    |
| mem.percent                     | 31.6 %                                                      |
| mem.total                       | 251.2 GiB                                                   |
| mem.used                        | 58.9 GiB                                                    |
| platform.version                | #1 SMP Tue Jul 26 14:15:37 UTC 2022                         |
| python                          | 3.9.8 (main, Feb  8 2022, 08:35:13)                         |
|                                 | [GCC 6.3.0]                                                 |
| python.pip                      | 22.2.2                                                      |
| python.version                  | 3.9.8                                                       |
| sys.platform                    | linux                                                       |
| uname.machine                   | x86_64                                                      |
| uname.node                      | h1.carbonate.uits.iu.edu                                    |
| uname.processor                 | x86_64                                                      |
| uname.release                   | 3.10.0-1160.76.1.el7.x86_64                                 |
| uname.system                    | Linux                                                       |
| uname.version                   | #1 SMP Tue Jul 26 14:15:37 UTC 2022                         |
| user                            | haiyang                                                     |
+---------------------------------+-------------------------------------------------------------+

+----------------------------+----------+--------+-------+---------------------+-----------------------------------------------------------------------------------------------+-------+--------------------------+---------+-------+-------------------------------------+
| Name                       | Status   |   Time |   Sum | Start               | tag                                                                                           | msg   | Node                     | User    | OS    | Version                             |
|----------------------------+----------+--------+-------+---------------------+-----------------------------------------------------------------------------------------------+-------+--------------------------+---------+-------+-------------------------------------|
| mp-v100-alex-500000-1-17-0 | ok       |  0.206 | 0.206 | 2022-11-18 05:17:03 | {'p': 1, 'c': 17, 'size': 500000, 'repeat': 10, 'sort': 'mp', 'user': 'alex', 'node': 'v100'} |       | h1.carbonate.uits.iu.edu | haiyang | Linux | #1 SMP Tue Jul 26 14:15:37 UTC 2022 |
| mp-v100-alex-500000-1-17-1 | ok       |  0.21  | 0.21  | 2022-11-18 05:17:04 | {'p': 1, 'c': 17, 'size': 500000, 'repeat': 10, 'sort': 'mp', 'user': 'alex', 'node': 'v100'} |       | h1.carbonate.uits.iu.edu | haiyang | Linux | #1 SMP Tue Jul 26 14:15:37 UTC 2022 |
| mp-v100-alex-500000-1-17-2 | ok       |  0.23  | 0.23  | 2022-11-18 05:17:05 | {'p': 1, 'c': 17, 'size': 500000, 'repeat': 10, 'sort': 'mp', 'user': 'alex', 'node': 'v100'} |       | h1.carbonate.uits.iu.edu | haiyang | Linux | #1 SMP Tue Jul 26 14:15:37 UTC 2022 |
| mp-v100-alex-500000-1-17-3 | ok       |  0.238 | 0.238 | 2022-11-18 05:17:06 | {'p': 1, 'c': 17, 'size': 500000, 'repeat': 10, 'sort': 'mp', 'user': 'alex', 'node': 'v100'} |       | h1.carbonate.uits.iu.edu | haiyang | Linux | #1 SMP Tue Jul 26 14:15:37 UTC 2022 |
| mp-v100-alex-500000-1-17-4 | ok       |  0.207 | 0.207 | 2022-11-18 05:17:06 | {'p': 1, 'c': 17, 'size': 500000, 'repeat': 10, 'sort': 'mp', 'user': 'alex', 'node': 'v100'} |       | h1.carbonate.uits.iu.edu | haiyang | Linux | #1 SMP Tue Jul 26 14:15:37 UTC 2022 |
| mp-v100-alex-500000-1-17-5 | ok       |  0.237 | 0.237 | 2022-11-18 05:17:07 | {'p': 1, 'c': 17, 'size': 500000, 'repeat': 10, 'sort': 'mp', 'user': 'alex', 'node': 'v100'} |       | h1.carbonate.uits.iu.edu | haiyang | Linux | #1 SMP Tue Jul 26 14:15:37 UTC 2022 |
| mp-v100-alex-500000-1-17-6 | ok       |  0.231 | 0.231 | 2022-11-18 05:17:08 | {'p': 1, 'c': 17, 'size': 500000, 'repeat': 10, 'sort': 'mp', 'user': 'alex', 'node': 'v100'} |       | h1.carbonate.uits.iu.edu | haiyang | Linux | #1 SMP Tue Jul 26 14:15:37 UTC 2022 |
| mp-v100-alex-500000-1-17-7 | ok       |  0.237 | 0.237 | 2022-11-18 05:17:09 | {'p': 1, 'c': 17, 'size': 500000, 'repeat': 10, 'sort': 'mp', 'user': 'alex', 'node': 'v100'} |       | h1.carbonate.uits.iu.edu | haiyang | Linux | #1 SMP Tue Jul 26 14:15:37 UTC 2022 |
| mp-v100-alex-500000-1-17-8 | ok       |  0.236 | 0.236 | 2022-11-18 05:17:10 | {'p': 1, 'c': 17, 'size': 500000, 'repeat': 10, 'sort': 'mp', 'user': 'alex', 'node': 'v100'} |       | h1.carbonate.uits.iu.edu | haiyang | Linux | #1 SMP Tue Jul 26 14:15:37 UTC 2022 |
| mp-v100-alex-500000-1-17-9 | ok       |  0.228 | 0.228 | 2022-11-18 05:17:11 | {'p': 1, 'c': 17, 'size': 500000, 'repeat': 10, 'sort': 'mp', 'user': 'alex', 'node': 'v100'} |       | h1.carbonate.uits.iu.edu | haiyang | Linux | #1 SMP Tue Jul 26 14:15:37 UTC 2022 |
+----------------------------+----------+--------+-------+---------------------+-----------------------------------------------------------------------------------------------+-------+--------------------------+---------+-------+-------------------------------------+
# csv,timer,status,time,sum,start,tag,msg,uname.node,user,uname.system,platform.version
# csv,mp-v100-alex-500000-1-17-0,ok,0.206,0.206,2022-11-18 05:17:03,{'p': 1, 'c': 17, 'size': 500000, 'repeat': 10, 'sort': 'mp', 'user': 'alex', 'node': 'v100'},None,h1.carbonate.uits.iu.edu,haiyang,Linux,#1 SMP Tue Jul 26 14:15:37 UTC 2022
# csv,mp-v100-alex-500000-1-17-1,ok,0.21,0.21,2022-11-18 05:17:04,{'p': 1, 'c': 17, 'size': 500000, 'repeat': 10, 'sort': 'mp', 'user': 'alex', 'node': 'v100'},None,h1.carbonate.uits.iu.edu,haiyang,Linux,#1 SMP Tue Jul 26 14:15:37 UTC 2022
# csv,mp-v100-alex-500000-1-17-2,ok,0.23,0.23,2022-11-18 05:17:05,{'p': 1, 'c': 17, 'size': 500000, 'repeat': 10, 'sort': 'mp', 'user': 'alex', 'node': 'v100'},None,h1.carbonate.uits.iu.edu,haiyang,Linux,#1 SMP Tue Jul 26 14:15:37 UTC 2022
# csv,mp-v100-alex-500000-1-17-3,ok,0.238,0.238,2022-11-18 05:17:06,{'p': 1, 'c': 17, 'size': 500000, 'repeat': 10, 'sort': 'mp', 'user': 'alex', 'node': 'v100'},None,h1.carbonate.uits.iu.edu,haiyang,Linux,#1 SMP Tue Jul 26 14:15:37 UTC 2022
# csv,mp-v100-alex-500000-1-17-4,ok,0.207,0.207,2022-11-18 05:17:06,{'p': 1, 'c': 17, 'size': 500000, 'repeat': 10, 'sort': 'mp', 'user': 'alex', 'node': 'v100'},None,h1.carbonate.uits.iu.edu,haiyang,Linux,#1 SMP Tue Jul 26 14:15:37 UTC 2022
# csv,mp-v100-alex-500000-1-17-5,ok,0.237,0.237,2022-11-18 05:17:07,{'p': 1, 'c': 17, 'size': 500000, 'repeat': 10, 'sort': 'mp', 'user': 'alex', 'node': 'v100'},None,h1.carbonate.uits.iu.edu,haiyang,Linux,#1 SMP Tue Jul 26 14:15:37 UTC 2022
# csv,mp-v100-alex-500000-1-17-6,ok,0.231,0.231,2022-11-18 05:17:08,{'p': 1, 'c': 17, 'size': 500000, 'repeat': 10, 'sort': 'mp', 'user': 'alex', 'node': 'v100'},None,h1.carbonate.uits.iu.edu,haiyang,Linux,#1 SMP Tue Jul 26 14:15:37 UTC 2022
# csv,mp-v100-alex-500000-1-17-7,ok,0.237,0.237,2022-11-18 05:17:09,{'p': 1, 'c': 17, 'size': 500000, 'repeat': 10, 'sort': 'mp', 'user': 'alex', 'node': 'v100'},None,h1.carbonate.uits.iu.edu,haiyang,Linux,#1 SMP Tue Jul 26 14:15:37 UTC 2022
# csv,mp-v100-alex-500000-1-17-8,ok,0.236,0.236,2022-11-18 05:17:10,{'p': 1, 'c': 17, 'size': 500000, 'repeat': 10, 'sort': 'mp', 'user': 'alex', 'node': 'v100'},None,h1.carbonate.uits.iu.edu,haiyang,Linux,#1 SMP Tue Jul 26 14:15:37 UTC 2022
# csv,mp-v100-alex-500000-1-17-9,ok,0.228,0.228,2022-11-18 05:17:11,{'p': 1, 'c': 17, 'size': 500000, 'repeat': 10, 'sort': 'mp', 'user': 'alex', 'node': 'v100'},None,h1.carbonate.uits.iu.edu,haiyang,Linux,#1 SMP Tue Jul 26 14:15:37 UTC 2022

