SORT: mp
Starting experiment
Processes: 1
Cores:     10
Size:      2000000
Repeat:    10
Debug:     False
Algorithm: mp
Tag:       None
Total:     10
Experiment 9         : size=2000000 processes=1 cores=10 repeat=0 last_time=undefined                     
Experiment 8         : size=2000000 processes=1 cores=10 repeat=1 last_time=0.6518                     
Experiment 7         : size=2000000 processes=1 cores=10 repeat=2 last_time=0.6553                     
Experiment 6         : size=2000000 processes=1 cores=10 repeat=3 last_time=0.6159                     
Experiment 5         : size=2000000 processes=1 cores=10 repeat=4 last_time=0.6248                     
Experiment 4         : size=2000000 processes=1 cores=10 repeat=5 last_time=0.6614                     
Experiment 3         : size=2000000 processes=1 cores=10 repeat=6 last_time=0.6146                     
Experiment 2         : size=2000000 processes=1 cores=10 repeat=7 last_time=0.6146                     
Experiment 1         : size=2000000 processes=1 cores=10 repeat=8 last_time=0.6881                     
Experiment 0         : size=2000000 processes=1 cores=10 repeat=9 last_time=0.6697                     

+---------------------------------+--------------------------------------------------------------+
| Attribute                       | Value                                                        |
|---------------------------------+--------------------------------------------------------------|
| ANSI_COLOR                      | "0;31"                                                       |
| BUG_REPORT_URL                  | "https://bugzilla.redhat.com/"                               |
| CPE_NAME                        | "cpe:/o:redhat:enterprise_linux:7.9:GA:server"               |
| HOME_URL                        | "https://www.redhat.com/"                                    |
| ID                              | "rhel"                                                       |
| ID_LIKE                         | "fedora"                                                     |
| NAME                            | "Red Hat Enterprise Linux Server"                            |
| PRETTY_NAME                     | "Red Hat Enterprise Linux Server 7.9 (Maipo)"                |
| REDHAT_BUGZILLA_PRODUCT         | "Red Hat Enterprise Linux 7"                                 |
| REDHAT_BUGZILLA_PRODUCT_VERSION | 7.9                                                          |
| REDHAT_SUPPORT_PRODUCT          | "Red Hat Enterprise Linux"                                   |
| REDHAT_SUPPORT_PRODUCT_VERSION  | "7.9"                                                        |
| VARIANT                         | "Server"                                                     |
| VARIANT_ID                      | "server"                                                     |
| VERSION                         | "7.9 (Maipo)"                                                |
| VERSION_ID                      | "7.9"                                                        |
| cpu                             | Intel(R) Xeon(R) CPU E5-2680 v3 @ 2.50GHz                    |
| cpu_cores                       | 24                                                           |
| cpu_count                       | 24                                                           |
| cpu_threads                     | 24                                                           |
| date                            | 2022-11-18 04:12:29.600911                                   |
| frequency                       | scpufreq(current=1.3424583333333338, min=1200.0, max=3300.0) |
| mem.active                      | 27.1 GiB                                                     |
| mem.available                   | 177.6 GiB                                                    |
| mem.free                        | 140.2 GiB                                                    |
| mem.inactive                    | 35.8 GiB                                                     |
| mem.percent                     | 29.3 %                                                       |
| mem.total                       | 251.2 GiB                                                    |
| mem.used                        | 53.2 GiB                                                     |
| platform.version                | #1 SMP Tue Jul 26 14:15:37 UTC 2022                          |
| python                          | 3.9.8 (main, Feb  8 2022, 08:35:13)                          |
|                                 | [GCC 6.3.0]                                                  |
| python.pip                      | 22.2.2                                                       |
| python.version                  | 3.9.8                                                        |
| sys.platform                    | linux                                                        |
| uname.machine                   | x86_64                                                       |
| uname.node                      | h1.carbonate.uits.iu.edu                                     |
| uname.processor                 | x86_64                                                       |
| uname.release                   | 3.10.0-1160.76.1.el7.x86_64                                  |
| uname.system                    | Linux                                                        |
| uname.version                   | #1 SMP Tue Jul 26 14:15:37 UTC 2022                          |
| user                            | haiyang                                                      |
+---------------------------------+--------------------------------------------------------------+

+-----------------------------+----------+--------+-------+---------------------+------------------------------------------------------------------------------------------------+-------+--------------------------+---------+-------+-------------------------------------+
| Name                        | Status   |   Time |   Sum | Start               | tag                                                                                            | msg   | Node                     | User    | OS    | Version                             |
|-----------------------------+----------+--------+-------+---------------------+------------------------------------------------------------------------------------------------+-------+--------------------------+---------+-------+-------------------------------------|
| mp-v100-alex-2000000-1-10-0 | ok       |  0.652 | 0.652 | 2022-11-18 04:12:03 | {'p': 1, 'c': 10, 'size': 2000000, 'repeat': 10, 'sort': 'mp', 'user': 'alex', 'node': 'v100'} |       | h1.carbonate.uits.iu.edu | haiyang | Linux | #1 SMP Tue Jul 26 14:15:37 UTC 2022 |
| mp-v100-alex-2000000-1-10-1 | ok       |  0.655 | 0.655 | 2022-11-18 04:12:06 | {'p': 1, 'c': 10, 'size': 2000000, 'repeat': 10, 'sort': 'mp', 'user': 'alex', 'node': 'v100'} |       | h1.carbonate.uits.iu.edu | haiyang | Linux | #1 SMP Tue Jul 26 14:15:37 UTC 2022 |
| mp-v100-alex-2000000-1-10-2 | ok       |  0.616 | 0.616 | 2022-11-18 04:12:09 | {'p': 1, 'c': 10, 'size': 2000000, 'repeat': 10, 'sort': 'mp', 'user': 'alex', 'node': 'v100'} |       | h1.carbonate.uits.iu.edu | haiyang | Linux | #1 SMP Tue Jul 26 14:15:37 UTC 2022 |
| mp-v100-alex-2000000-1-10-3 | ok       |  0.625 | 0.625 | 2022-11-18 04:12:11 | {'p': 1, 'c': 10, 'size': 2000000, 'repeat': 10, 'sort': 'mp', 'user': 'alex', 'node': 'v100'} |       | h1.carbonate.uits.iu.edu | haiyang | Linux | #1 SMP Tue Jul 26 14:15:37 UTC 2022 |
| mp-v100-alex-2000000-1-10-4 | ok       |  0.661 | 0.661 | 2022-11-18 04:12:14 | {'p': 1, 'c': 10, 'size': 2000000, 'repeat': 10, 'sort': 'mp', 'user': 'alex', 'node': 'v100'} |       | h1.carbonate.uits.iu.edu | haiyang | Linux | #1 SMP Tue Jul 26 14:15:37 UTC 2022 |
| mp-v100-alex-2000000-1-10-5 | ok       |  0.615 | 0.615 | 2022-11-18 04:12:17 | {'p': 1, 'c': 10, 'size': 2000000, 'repeat': 10, 'sort': 'mp', 'user': 'alex', 'node': 'v100'} |       | h1.carbonate.uits.iu.edu | haiyang | Linux | #1 SMP Tue Jul 26 14:15:37 UTC 2022 |
| mp-v100-alex-2000000-1-10-6 | ok       |  0.615 | 0.615 | 2022-11-18 04:12:20 | {'p': 1, 'c': 10, 'size': 2000000, 'repeat': 10, 'sort': 'mp', 'user': 'alex', 'node': 'v100'} |       | h1.carbonate.uits.iu.edu | haiyang | Linux | #1 SMP Tue Jul 26 14:15:37 UTC 2022 |
| mp-v100-alex-2000000-1-10-7 | ok       |  0.688 | 0.688 | 2022-11-18 04:12:23 | {'p': 1, 'c': 10, 'size': 2000000, 'repeat': 10, 'sort': 'mp', 'user': 'alex', 'node': 'v100'} |       | h1.carbonate.uits.iu.edu | haiyang | Linux | #1 SMP Tue Jul 26 14:15:37 UTC 2022 |
| mp-v100-alex-2000000-1-10-8 | ok       |  0.67  | 0.67  | 2022-11-18 04:12:25 | {'p': 1, 'c': 10, 'size': 2000000, 'repeat': 10, 'sort': 'mp', 'user': 'alex', 'node': 'v100'} |       | h1.carbonate.uits.iu.edu | haiyang | Linux | #1 SMP Tue Jul 26 14:15:37 UTC 2022 |
| mp-v100-alex-2000000-1-10-9 | ok       |  0.659 | 0.659 | 2022-11-18 04:12:28 | {'p': 1, 'c': 10, 'size': 2000000, 'repeat': 10, 'sort': 'mp', 'user': 'alex', 'node': 'v100'} |       | h1.carbonate.uits.iu.edu | haiyang | Linux | #1 SMP Tue Jul 26 14:15:37 UTC 2022 |
+-----------------------------+----------+--------+-------+---------------------+------------------------------------------------------------------------------------------------+-------+--------------------------+---------+-------+-------------------------------------+
# csv,timer,status,time,sum,start,tag,msg,uname.node,user,uname.system,platform.version
# csv,mp-v100-alex-2000000-1-10-0,ok,0.652,0.652,2022-11-18 04:12:03,{'p': 1, 'c': 10, 'size': 2000000, 'repeat': 10, 'sort': 'mp', 'user': 'alex', 'node': 'v100'},None,h1.carbonate.uits.iu.edu,haiyang,Linux,#1 SMP Tue Jul 26 14:15:37 UTC 2022
# csv,mp-v100-alex-2000000-1-10-1,ok,0.655,0.655,2022-11-18 04:12:06,{'p': 1, 'c': 10, 'size': 2000000, 'repeat': 10, 'sort': 'mp', 'user': 'alex', 'node': 'v100'},None,h1.carbonate.uits.iu.edu,haiyang,Linux,#1 SMP Tue Jul 26 14:15:37 UTC 2022
# csv,mp-v100-alex-2000000-1-10-2,ok,0.616,0.616,2022-11-18 04:12:09,{'p': 1, 'c': 10, 'size': 2000000, 'repeat': 10, 'sort': 'mp', 'user': 'alex', 'node': 'v100'},None,h1.carbonate.uits.iu.edu,haiyang,Linux,#1 SMP Tue Jul 26 14:15:37 UTC 2022
# csv,mp-v100-alex-2000000-1-10-3,ok,0.625,0.625,2022-11-18 04:12:11,{'p': 1, 'c': 10, 'size': 2000000, 'repeat': 10, 'sort': 'mp', 'user': 'alex', 'node': 'v100'},None,h1.carbonate.uits.iu.edu,haiyang,Linux,#1 SMP Tue Jul 26 14:15:37 UTC 2022
# csv,mp-v100-alex-2000000-1-10-4,ok,0.661,0.661,2022-11-18 04:12:14,{'p': 1, 'c': 10, 'size': 2000000, 'repeat': 10, 'sort': 'mp', 'user': 'alex', 'node': 'v100'},None,h1.carbonate.uits.iu.edu,haiyang,Linux,#1 SMP Tue Jul 26 14:15:37 UTC 2022
# csv,mp-v100-alex-2000000-1-10-5,ok,0.615,0.615,2022-11-18 04:12:17,{'p': 1, 'c': 10, 'size': 2000000, 'repeat': 10, 'sort': 'mp', 'user': 'alex', 'node': 'v100'},None,h1.carbonate.uits.iu.edu,haiyang,Linux,#1 SMP Tue Jul 26 14:15:37 UTC 2022
# csv,mp-v100-alex-2000000-1-10-6,ok,0.615,0.615,2022-11-18 04:12:20,{'p': 1, 'c': 10, 'size': 2000000, 'repeat': 10, 'sort': 'mp', 'user': 'alex', 'node': 'v100'},None,h1.carbonate.uits.iu.edu,haiyang,Linux,#1 SMP Tue Jul 26 14:15:37 UTC 2022
# csv,mp-v100-alex-2000000-1-10-7,ok,0.688,0.688,2022-11-18 04:12:23,{'p': 1, 'c': 10, 'size': 2000000, 'repeat': 10, 'sort': 'mp', 'user': 'alex', 'node': 'v100'},None,h1.carbonate.uits.iu.edu,haiyang,Linux,#1 SMP Tue Jul 26 14:15:37 UTC 2022
# csv,mp-v100-alex-2000000-1-10-8,ok,0.67,0.67,2022-11-18 04:12:25,{'p': 1, 'c': 10, 'size': 2000000, 'repeat': 10, 'sort': 'mp', 'user': 'alex', 'node': 'v100'},None,h1.carbonate.uits.iu.edu,haiyang,Linux,#1 SMP Tue Jul 26 14:15:37 UTC 2022
# csv,mp-v100-alex-2000000-1-10-9,ok,0.659,0.659,2022-11-18 04:12:28,{'p': 1, 'c': 10, 'size': 2000000, 'repeat': 10, 'sort': 'mp', 'user': 'alex', 'node': 'v100'},None,h1.carbonate.uits.iu.edu,haiyang,Linux,#1 SMP Tue Jul 26 14:15:37 UTC 2022

