SORT: mp
<function multiprocessing_mergesort at 0x2b70da1a6b80>
Starting experiment
Log:       output.log
Processes: 7
Size:      2000000
Repeat:    10
Clear:     False
Debug:     True
Algorithm: mp
ID:        0
Tag:       None
Total:     10
Experiment 9         : size=2000000 processes=7 id=0 repeat=0 last_time=undefined                     
Experiment 8         : size=2000000 processes=7 id=0 repeat=1 last_time=5.1806                     
Experiment 7         : size=2000000 processes=7 id=0 repeat=2 last_time=5.0787                     
Experiment 6         : size=2000000 processes=7 id=0 repeat=3 last_time=5.1227                     
Experiment 5         : size=2000000 processes=7 id=0 repeat=4 last_time=4.9496                     
Experiment 4         : size=2000000 processes=7 id=0 repeat=5 last_time=4.9598                     
Experiment 3         : size=2000000 processes=7 id=0 repeat=6 last_time=5.1162                     
Experiment 2         : size=2000000 processes=7 id=0 repeat=7 last_time=5.1904                     
Experiment 1         : size=2000000 processes=7 id=0 repeat=8 last_time=5.3317                     
Experiment 0         : size=2000000 processes=7 id=0 repeat=9 last_time=5.0271                     

+---------------------------------+--------------------------------------------------------------+
| Attribute                       | Value                                                        |
|---------------------------------+--------------------------------------------------------------|
| ANSI_COLOR                      | "0;31"                                                       |
| BUG_REPORT_URL                  | "https://bugzilla.redhat.com/"                               |
| CPE_NAME                        | "cpe:/o:redhat:enterprise_linux:7.9:GA:server"               |
| HOME_URL                        | "https://www.redhat.com/"                                    |
| ID                              | "rhel"                                                       |
| ID_LIKE                         | "fedora"                                                     |
| NAME                            | "Red Hat Enterprise Linux Server"                            |
| PRETTY_NAME                     | "Red Hat Enterprise Linux Server 7.9 (Maipo)"                |
| REDHAT_BUGZILLA_PRODUCT         | "Red Hat Enterprise Linux 7"                                 |
| REDHAT_BUGZILLA_PRODUCT_VERSION | 7.9                                                          |
| REDHAT_SUPPORT_PRODUCT          | "Red Hat Enterprise Linux"                                   |
| REDHAT_SUPPORT_PRODUCT_VERSION  | "7.9"                                                        |
| VARIANT                         | "Server"                                                     |
| VARIANT_ID                      | "server"                                                     |
| VERSION                         | "7.9 (Maipo)"                                                |
| VERSION_ID                      | "7.9"                                                        |
| cpu                             | Intel(R) Xeon(R) CPU E5-2680 v3 @ 2.50GHz                    |
| cpu_cores                       | 24                                                           |
| cpu_count                       | 24                                                           |
| cpu_threads                     | 24                                                           |
| date                            | 2022-11-05 04:08:23.168358                                   |
| frequency                       | scpufreq(current=1.2945833333333336, min=1200.0, max=3300.0) |
| mem.active                      | 31.8 GiB                                                     |
| mem.available                   | 138.7 GiB                                                    |
| mem.free                        | 31.2 GiB                                                     |
| mem.inactive                    | 122.6 GiB                                                    |
| mem.percent                     | 44.9 %                                                       |
| mem.total                       | 251.5 GiB                                                    |
| mem.used                        | 70.8 GiB                                                     |
| platform.version                | #1 SMP Tue Jul 26 14:15:37 UTC 2022                          |
| python                          | 3.9.8 (main, Feb  8 2022, 08:35:13)                          |
|                                 | [GCC 6.3.0]                                                  |
| python.pip                      | 22.2.2                                                       |
| python.version                  | 3.9.8                                                        |
| sys.platform                    | linux                                                        |
| uname.machine                   | x86_64                                                       |
| uname.node                      | h2.carbonate.uits.iu.edu                                     |
| uname.processor                 | x86_64                                                       |
| uname.release                   | 3.10.0-1160.76.1.el7.x86_64                                  |
| uname.system                    | Linux                                                        |
| uname.version                   | #1 SMP Tue Jul 26 14:15:37 UTC 2022                          |
| user                            | haiyang                                                      |
+---------------------------------+--------------------------------------------------------------+

+------------------------------------+----------+--------+-------+---------------------+-----------------------------------------------------------------------------------------------------------------+-------+--------------------------+---------+-------+-------------------------------------+
| Name                               | Status   |   Time |   Sum | Start               | tag                                                                                                             | msg   | Node                     | User    | OS    | Version                             |
|------------------------------------+----------+--------+-------+---------------------+-----------------------------------------------------------------------------------------------------------------+-------+--------------------------+---------+-------+-------------------------------------|
| mp-v100-alex-2000000-7-None-None-0 | ok       |  5.181 | 5.181 | 2022-11-05 04:07:13 | {'p': 7, 'size': 2000000, 'repeat': 10, 'sort': 'mp', 'user': 'alex', 'node': 'v100', 't': 'None', 'c': 'None'} |       | h2.carbonate.uits.iu.edu | haiyang | Linux | #1 SMP Tue Jul 26 14:15:37 UTC 2022 |
| mp-v100-alex-2000000-7-None-None-1 | ok       |  5.079 | 5.079 | 2022-11-05 04:07:20 | {'p': 7, 'size': 2000000, 'repeat': 10, 'sort': 'mp', 'user': 'alex', 'node': 'v100', 't': 'None', 'c': 'None'} |       | h2.carbonate.uits.iu.edu | haiyang | Linux | #1 SMP Tue Jul 26 14:15:37 UTC 2022 |
| mp-v100-alex-2000000-7-None-None-2 | ok       |  5.123 | 5.123 | 2022-11-05 04:07:28 | {'p': 7, 'size': 2000000, 'repeat': 10, 'sort': 'mp', 'user': 'alex', 'node': 'v100', 't': 'None', 'c': 'None'} |       | h2.carbonate.uits.iu.edu | haiyang | Linux | #1 SMP Tue Jul 26 14:15:37 UTC 2022 |
| mp-v100-alex-2000000-7-None-None-3 | ok       |  4.95  | 4.95  | 2022-11-05 04:07:35 | {'p': 7, 'size': 2000000, 'repeat': 10, 'sort': 'mp', 'user': 'alex', 'node': 'v100', 't': 'None', 'c': 'None'} |       | h2.carbonate.uits.iu.edu | haiyang | Linux | #1 SMP Tue Jul 26 14:15:37 UTC 2022 |
| mp-v100-alex-2000000-7-None-None-4 | ok       |  4.96  | 4.96  | 2022-11-05 04:07:42 | {'p': 7, 'size': 2000000, 'repeat': 10, 'sort': 'mp', 'user': 'alex', 'node': 'v100', 't': 'None', 'c': 'None'} |       | h2.carbonate.uits.iu.edu | haiyang | Linux | #1 SMP Tue Jul 26 14:15:37 UTC 2022 |
| mp-v100-alex-2000000-7-None-None-5 | ok       |  5.116 | 5.116 | 2022-11-05 04:07:49 | {'p': 7, 'size': 2000000, 'repeat': 10, 'sort': 'mp', 'user': 'alex', 'node': 'v100', 't': 'None', 'c': 'None'} |       | h2.carbonate.uits.iu.edu | haiyang | Linux | #1 SMP Tue Jul 26 14:15:37 UTC 2022 |
| mp-v100-alex-2000000-7-None-None-6 | ok       |  5.19  | 5.19  | 2022-11-05 04:07:56 | {'p': 7, 'size': 2000000, 'repeat': 10, 'sort': 'mp', 'user': 'alex', 'node': 'v100', 't': 'None', 'c': 'None'} |       | h2.carbonate.uits.iu.edu | haiyang | Linux | #1 SMP Tue Jul 26 14:15:37 UTC 2022 |
| mp-v100-alex-2000000-7-None-None-7 | ok       |  5.332 | 5.332 | 2022-11-05 04:08:03 | {'p': 7, 'size': 2000000, 'repeat': 10, 'sort': 'mp', 'user': 'alex', 'node': 'v100', 't': 'None', 'c': 'None'} |       | h2.carbonate.uits.iu.edu | haiyang | Linux | #1 SMP Tue Jul 26 14:15:37 UTC 2022 |
| mp-v100-alex-2000000-7-None-None-8 | ok       |  5.027 | 5.027 | 2022-11-05 04:08:11 | {'p': 7, 'size': 2000000, 'repeat': 10, 'sort': 'mp', 'user': 'alex', 'node': 'v100', 't': 'None', 'c': 'None'} |       | h2.carbonate.uits.iu.edu | haiyang | Linux | #1 SMP Tue Jul 26 14:15:37 UTC 2022 |
| mp-v100-alex-2000000-7-None-None-9 | ok       |  4.752 | 4.752 | 2022-11-05 04:08:18 | {'p': 7, 'size': 2000000, 'repeat': 10, 'sort': 'mp', 'user': 'alex', 'node': 'v100', 't': 'None', 'c': 'None'} |       | h2.carbonate.uits.iu.edu | haiyang | Linux | #1 SMP Tue Jul 26 14:15:37 UTC 2022 |
+------------------------------------+----------+--------+-------+---------------------+-----------------------------------------------------------------------------------------------------------------+-------+--------------------------+---------+-------+-------------------------------------+
# csv,timer,status,time,sum,start,tag,msg,uname.node,user,uname.system,platform.version
# csv,mp-v100-alex-2000000-7-None-None-0,ok,5.181,5.181,2022-11-05 04:07:13,{'p': 7, 'size': 2000000, 'repeat': 10, 'sort': 'mp', 'user': 'alex', 'node': 'v100', 't': 'None', 'c': 'None'},None,h2.carbonate.uits.iu.edu,haiyang,Linux,#1 SMP Tue Jul 26 14:15:37 UTC 2022
# csv,mp-v100-alex-2000000-7-None-None-1,ok,5.079,5.079,2022-11-05 04:07:20,{'p': 7, 'size': 2000000, 'repeat': 10, 'sort': 'mp', 'user': 'alex', 'node': 'v100', 't': 'None', 'c': 'None'},None,h2.carbonate.uits.iu.edu,haiyang,Linux,#1 SMP Tue Jul 26 14:15:37 UTC 2022
# csv,mp-v100-alex-2000000-7-None-None-2,ok,5.123,5.123,2022-11-05 04:07:28,{'p': 7, 'size': 2000000, 'repeat': 10, 'sort': 'mp', 'user': 'alex', 'node': 'v100', 't': 'None', 'c': 'None'},None,h2.carbonate.uits.iu.edu,haiyang,Linux,#1 SMP Tue Jul 26 14:15:37 UTC 2022
# csv,mp-v100-alex-2000000-7-None-None-3,ok,4.95,4.95,2022-11-05 04:07:35,{'p': 7, 'size': 2000000, 'repeat': 10, 'sort': 'mp', 'user': 'alex', 'node': 'v100', 't': 'None', 'c': 'None'},None,h2.carbonate.uits.iu.edu,haiyang,Linux,#1 SMP Tue Jul 26 14:15:37 UTC 2022
# csv,mp-v100-alex-2000000-7-None-None-4,ok,4.96,4.96,2022-11-05 04:07:42,{'p': 7, 'size': 2000000, 'repeat': 10, 'sort': 'mp', 'user': 'alex', 'node': 'v100', 't': 'None', 'c': 'None'},None,h2.carbonate.uits.iu.edu,haiyang,Linux,#1 SMP Tue Jul 26 14:15:37 UTC 2022
# csv,mp-v100-alex-2000000-7-None-None-5,ok,5.116,5.116,2022-11-05 04:07:49,{'p': 7, 'size': 2000000, 'repeat': 10, 'sort': 'mp', 'user': 'alex', 'node': 'v100', 't': 'None', 'c': 'None'},None,h2.carbonate.uits.iu.edu,haiyang,Linux,#1 SMP Tue Jul 26 14:15:37 UTC 2022
# csv,mp-v100-alex-2000000-7-None-None-6,ok,5.19,5.19,2022-11-05 04:07:56,{'p': 7, 'size': 2000000, 'repeat': 10, 'sort': 'mp', 'user': 'alex', 'node': 'v100', 't': 'None', 'c': 'None'},None,h2.carbonate.uits.iu.edu,haiyang,Linux,#1 SMP Tue Jul 26 14:15:37 UTC 2022
# csv,mp-v100-alex-2000000-7-None-None-7,ok,5.332,5.332,2022-11-05 04:08:03,{'p': 7, 'size': 2000000, 'repeat': 10, 'sort': 'mp', 'user': 'alex', 'node': 'v100', 't': 'None', 'c': 'None'},None,h2.carbonate.uits.iu.edu,haiyang,Linux,#1 SMP Tue Jul 26 14:15:37 UTC 2022
# csv,mp-v100-alex-2000000-7-None-None-8,ok,5.027,5.027,2022-11-05 04:08:11,{'p': 7, 'size': 2000000, 'repeat': 10, 'sort': 'mp', 'user': 'alex', 'node': 'v100', 't': 'None', 'c': 'None'},None,h2.carbonate.uits.iu.edu,haiyang,Linux,#1 SMP Tue Jul 26 14:15:37 UTC 2022
# csv,mp-v100-alex-2000000-7-None-None-9,ok,4.752,4.752,2022-11-05 04:08:18,{'p': 7, 'size': 2000000, 'repeat': 10, 'sort': 'mp', 'user': 'alex', 'node': 'v100', 't': 'None', 'c': 'None'},None,h2.carbonate.uits.iu.edu,haiyang,Linux,#1 SMP Tue Jul 26 14:15:37 UTC 2022

