Starting experiment
Processes: 4
Cores:     6
Size:      8000000
Repeat:    10
Debug:     False
Sort:      MPI
Algorithm: mp
Tag:       None
Total:     10
Experiment 9         : size=8000000 processes=4 cores=6 repeat=0 last_time=undefined                     
Experiment 8         : size=8000000 processes=4 cores=6 repeat=1 last_time=undefined                     
Experiment 7         : size=8000000 processes=4 cores=6 repeat=2 last_time=undefined                     
Experiment 6         : size=8000000 processes=4 cores=6 repeat=3 last_time=undefined                     
Experiment 5         : size=8000000 processes=4 cores=6 repeat=4 last_time=undefined                     
Experiment 4         : size=8000000 processes=4 cores=6 repeat=5 last_time=undefined                     
Experiment 3         : size=8000000 processes=4 cores=6 repeat=6 last_time=undefined                     
Experiment 2         : size=8000000 processes=4 cores=6 repeat=7 last_time=undefined                     
Experiment 1         : size=8000000 processes=4 cores=6 repeat=8 last_time=undefined                     
Experiment 0         : size=8000000 processes=4 cores=6 repeat=9 last_time=undefined                     
Server"                            |
| PRETTY_NAME                     | "Red Hat Enterprise Linux Server 7.9 (Maipo)"                |
| REDHAT_BUGZILLA_PRODUCT         | "Red Hat Enterprise Linux 7"                                 |
| REDHAT_BUGZILLA_PRODUCT_VERSION | 7.9                                                          |
| REDHAT_SUPPORT_PRODUCT          | "Red Hat Enterprise Linux"                                   |
| REDHAT_SUPPORT_PRODUCT_VERSION  | "7.9"                                                        |
| VARIANT                         | "Server"                                                     |
| VARIANT_ID                      | "server"                                                     |
| VERSION                         | "7.9 (Maipo)"                                                |
| VERSION_ID                      | "7.9"                                                        |
| cpu                             | Intel(R) Xeon(R) CPU E5-2680 v3 @ 2.50GHz                    |
| cpu_cores                       | 24                                                           |
| cpu_count                       | 24                                                           |
| cpu_threads                     | 24                                                           |
| date                            | 2022-11-19 13:52:35.144634                                   |
| frequency                       | scpufreq(current=1.6070833333333334, min=1200.0, max=3300.0) |
| mem.active                      | 37.4 GiB                                                     |
| mem.available                   | 205.5 GiB                                                    |
| mem.free                        | 198.8 GiB                                                    |
| mem.inactive                    | 7.9 GiB                                                      |
| mem.percent                     | 18.1 %                                                       |
| mem.total                       | 251.1 GiB                                                    |
| mem.used                        | 38.7 GiB                                                     |
| platform.version                | #1 SMP Tue Jul 26 14:15:37 UTC 2022                          |
| python                          | 3.9.8 (main, Feb  8 2022, 08:35:13)                          |
|                                 | [GCC 6.3.0]                                                  |
| python.pip                      | 22.2.2                                                       |
| python.version                  | 3.9.8                                                        |
| sys.platform                    | linux                                                        |
| uname.machine                   | x86_64                                                       |
| uname.node                      | c25                                                          |
| uname.processor                 | x86_64                                                       |
| uname.release                   | 3.10.0-1160.76.1.el7.x86_64                                  |
| uname.system                    | Linux                                                        |
| uname.version                   | #1 SMP Tue Jul 26 14:15:37 UTC 2022                          |
| user                            | haiyang                                                      |
+---------------------------------+--------------------------------------------------------------+

+---------------+----------+--------+--------+---------------------+-------------------------------------------------------------------------------------------------------------------+-------+--------+---------+-------+-------------------------------------+
| Name          | Status   |   Time |    Sum | Start               | tag                                                                                                               | msg   | Node   | User    | OS    | Version                             |
|---------------+----------+--------+--------+---------------------+-------------------------------------------------------------------------------------------------------------------+-------+--------+---------+-------+-------------------------------------|
| mpi-mergesort | ok       | 16.881 | 16.881 | 2022-11-19 13:52:18 | {'user': 'alex', 'node': 'v100', 'debug': False, 'size': 8000000, 'subsort': 'mp', 'sort': 'mpi', 'c': 6, 'p': 4} |       | c25    | haiyang | Linux | #1 SMP Tue Jul 26 14:15:37 UTC 2022 |
| mpi-generate  | ok       |  0.046 |  0.046 | 2022-11-19 13:52:18 | {'user': 'alex', 'node': 'v100', 'debug': False, 'size': 8000000, 'subsort': 'mp', 'sort': 'mpi', 'c': 6, 'p': 4} |       | c25    | haiyang | Linux | #1 SMP Tue Jul 26 14:15:37 UTC 2022 |
+---------------+----------+--------+--------+---------------------+-------------------------------------------------------------------------------------------------------------------+-------+--------+---------+-------+-------------------------------------+
# csv,timer,status,time,sum,start,tag,msg,uname.node,user,uname.system,platform.version
# csv,mpi-mergesort,ok,16.881,16.881,2022-11-19 13:52:18,{'user': 'alex', 'node': 'v100', 'debug': False, 'size': 8000000, 'subsort': 'mp', 'sort': 'mpi', 'c': 6, 'p': 4},None,c25,haiyang,Linux,#1 SMP Tue Jul 26 14:15:37 UTC 2022
# csv,mpi-generate,ok,0.046,0.046,2022-11-19 13:52:18,{'user': 'alex', 'node': 'v100', 'debug': False, 'size': 8000000, 'subsort': 'mp', 'sort': 'mpi', 'c': 6, 'p': 4},None,c25,haiyang,Linux,#1 SMP Tue Jul 26 14:15:37 UTC 2022


+---------------------------------+--------------------------------------------------------------+
| Attribute                       | Value                                                        |
|---------------------------------+--------------------------------------------------------------|
| ANSI_COLOR                      | "0;31"                                                       |
| BUG_REPORT_URL                  | "https://bugzilla.redhat.com/"                               |
| CPE_NAME                        | "cpe:/o:redhat:enterprise_linux:7.9:GA:server"               |
| HOME_URL                        | "https://www.redhat.com/"                                    |
| ID                              | "rhel"                                                       |
| ID_LIKE                         | "fedora"                                                     |
| NAME                            | "Red Hat Enterprise Linux Server"                            |
| PRETTY_NAME                     | "Red Hat Enterprise Linux Server 7.9 (Maipo)"                |
| REDHAT_BUGZILLA_PRODUCT         | "Red Hat Enterprise Linux 7"                                 |
| REDHAT_BUGZILLA_PRODUCT_VERSION | 7.9                                                          |
| REDHAT_SUPPORT_PRODUCT          | "Red Hat Enterprise Linux"                                   |
| REDHAT_SUPPORT_PRODUCT_VERSION  | "7.9"                                                        |
| VARIANT                         | "Server"                                                     |
| VARIANT_ID                      | "server"                                                     |
| VERSION                         | "7.9 (Maipo)"                                                |
| VERSION_ID                      | "7.9"                                                        |
| cpu                             | Intel(R) Xeon(R) CPU E5-2680 v3 @ 2.50GHz                    |
| cpu_cores                       | 24                                                           |
| cpu_count                       | 24                                                           |
| cpu_threads                     | 24                                                           |
| date                            | 2022-11-19 13:52:55.590558                                   |
| frequency                       | scpufreq(current=1.5851666666666666, min=1200.0, max=3300.0) |
| mem.active                      | 37.4 GiB                                                     |
| mem.available                   | 205.5 GiB                                                    |
| mem.free                        | 198.7 GiB                                                    |
| mem.inactive                    | 7.9 GiB                                                      |
| mem.percent                     | 18.2 %                                                       |
| mem.total                       | 251.1 GiB                                                    |
| mem.used                        | 38.7 GiB                                                     |
| platform.version                | #1 SMP Tue Jul 26 14:15:37 UTC 2022                          |
| python                          | 3.9.8 (main, Feb  8 2022, 08:35:13)                          |
|                                 | [GCC 6.3.0]                                                  |
| python.pip                      | 22.2.2                                                       |
| python.version                  | 3.9.8                                                        |
| sys.platform                    | linux                                                        |
| uname.machine                   | x86_64                                                       |
| uname.node                      | c25                                                          |
| uname.processor                 | x86_64                                                       |
| uname.release                   | 3.10.0-1160.76.1.el7.x86_64                                  |
| uname.system                    | Linux                                                        |
| uname.version                   | #1 SMP Tue Jul 26 14:15:37 UTC 2022                          |
| user                            | haiyang                                                      |
+---------------------------------+--------------------------------------------------------------+

+---------------+----------+--------+--------+---------------------+-------------------------------------------------------------------------------------------------------------------+-------+--------+---------+-------+-------------------------------------+
| Name          | Status   |   Time |    Sum | Start               | tag                                                                                                               | msg   | Node   | User    | OS    | Version                             |
|---------------+----------+--------+--------+---------------------+-------------------------------------------------------------------------------------------------------------------+-------+--------+---------+-------+-------------------------------------|
| mpi-mergesort | ok       | 17.15  | 17.15  | 2022-11-19 13:52:38 | {'user': 'alex', 'node': 'v100', 'debug': False, 'size': 8000000, 'subsort': 'mp', 'sort': 'mpi', 'c': 6, 'p': 4} |       | c25    | haiyang | Linux | #1 SMP Tue Jul 26 14:15:37 UTC 2022 |
| mpi-generate  | ok       |  0.047 |  0.047 | 2022-11-19 13:52:38 | {'user': 'alex', 'node': 'v100', 'debug': False, 'size': 8000000, 'subsort': 'mp', 'sort': 'mpi', 'c': 6, 'p': 4} |       | c25    | haiyang | Linux | #1 SMP Tue Jul 26 14:15:37 UTC 2022 |
+---------------+----------+--------+--------+---------------------+-------------------------------------------------------------------------------------------------------------------+-------+--------+---------+-------+-------------------------------------+
# csv,timer,status,time,sum,start,tag,msg,uname.node,user,uname.system,platform.version
# csv,mpi-mergesort,ok,17.15,17.15,2022-11-19 13:52:38,{'user': 'alex', 'node': 'v100', 'debug': False, 'size': 8000000, 'subsort': 'mp', 'sort': 'mpi', 'c': 6, 'p': 4},None,c25,haiyang,Linux,#1 SMP Tue Jul 26 14:15:37 UTC 2022
# csv,mpi-generate,ok,0.047,0.047,2022-11-19 13:52:38,{'user': 'alex', 'node': 'v100', 'debug': False, 'size': 8000000, 'subsort': 'mp', 'sort': 'mpi', 'c': 6, 'p': 4},None,c25,haiyang,Linux,#1 SMP Tue Jul 26 14:15:37 UTC 2022


+---------------------------------+---------------------------------------------------+
| Attribute                       | Value                                             |
|---------------------------------+---------------------------------------------------|
| ANSI_COLOR                      | "0;31"                                            |
| BUG_REPORT_URL                  | "https://bugzilla.redhat.com/"                    |
| CPE_NAME                        | "cpe:/o:redhat:enterprise_linux:7.9:GA:server"    |
| HOME_URL                        | "https://www.redhat.com/"                         |
| ID                              | "rhel"                                            |
| ID_LIKE                         | "fedora"                                          |
| NAME                            | "Red Hat Enterprise Linux Server"                 |
| PRETTY_NAME                     | "Red Hat Enterprise Linux Server 7.9 (Maipo)"     |
| REDHAT_BUGZILLA_PRODUCT         | "Red Hat Enterprise Linux 7"                      |
| REDHAT_BUGZILLA_PRODUCT_VERSION | 7.9                                               |
| REDHAT_SUPPORT_PRODUCT          | "Red Hat Enterprise Linux"                        |
| REDHAT_SUPPORT_PRODUCT_VERSION  | "7.9"                                             |
| VARIANT                         | "Server"                                          |
| VARIANT_ID                      | "server"                                          |
| VERSION                         | "7.9 (Maipo)"                                     |
| VERSION_ID                      | "7.9"                                             |
| cpu                             | Intel(R) Xeon(R) CPU E5-2680 v3 @ 2.50GHz         |
| cpu_cores                       | 24                                                |
| cpu_count                       | 24                                                |
| cpu_threads                     | 24                                                |
| date                            | 2022-11-19 13:53:17.742585                        |
| frequency                       | scpufreq(current=1.64025, min=1200.0, max=3300.0) |
| mem.active                      | 37.4 GiB                                          |
| mem.available                   | 205.5 GiB                                         |
| mem.free                        | 198.8 GiB                                         |
| mem.inactive                    | 7.9 GiB                                           |
| mem.percent                     | 18.1 %                                            |
| mem.total                       | 251.1 GiB                                         |
| mem.used                        | 38.7 GiB                                          |
| platform.version                | #1 SMP Tue Jul 26 14:15:37 UTC 2022               |
| python                          | 3.9.8 (main, Feb  8 2022, 08:35:13)               |
|                                 | [GCC 6.3.0]                                       |
| python.pip                      | 22.2.2                                            |
| python.version                  | 3.9.8                                             |
| sys.platform                    | linux                                             |
| uname.machine                   | x86_64                                            |
| uname.node                      | c25                                               |
| uname.processor                 | x86_64                                            |
| uname.release                   | 3.10.0-1160.76.1.el7.x86_64                       |
| uname.system                    | Linux                                             |
| uname.version                   | #1 SMP Tue Jul 26 14:15:37 UTC 2022               |
| user                            | haiyang                                           |
+---------------------------------+---------------------------------------------------+

+---------------+----------+--------+--------+---------------------+-------------------------------------------------------------------------------------------------------------------+-------+--------+---------+-------+-------------------------------------+
| Name          | Status   |   Time |    Sum | Start               | tag                                                                                                               | msg   | Node   | User    | OS    | Version                             |
|---------------+----------+--------+--------+---------------------+-------------------------------------------------------------------------------------------------------------------+-------+--------+---------+-------+-------------------------------------|
| mpi-mergesort | ok       | 17.66  | 17.66  | 2022-11-19 13:53:00 | {'user': 'alex', 'node': 'v100', 'debug': False, 'size': 8000000, 'subsort': 'mp', 'sort': 'mpi', 'c': 6, 'p': 4} |       | c25    | haiyang | Linux | #1 SMP Tue Jul 26 14:15:37 UTC 2022 |
| mpi-generate  | ok       |  0.047 |  0.047 | 2022-11-19 13:53:00 | {'user': 'alex', 'node': 'v100', 'debug': False, 'size': 8000000, 'subsort': 'mp', 'sort': 'mpi', 'c': 6, 'p': 4} |       | c25    | haiyang | Linux | #1 SMP Tue Jul 26 14:15:37 UTC 2022 |
+---------------+----------+--------+--------+---------------------+-------------------------------------------------------------------------------------------------------------------+-------+--------+---------+-------+-------------------------------------+
# csv,timer,status,time,sum,start,tag,msg,uname.node,user,uname.system,platform.version
# csv,mpi-mergesort,ok,17.66,17.66,2022-11-19 13:53:00,{'user': 'alex', 'node': 'v100', 'debug': False, 'size': 8000000, 'subsort': 'mp', 'sort': 'mpi', 'c': 6, 'p': 4},None,c25,haiyang,Linux,#1 SMP Tue Jul 26 14:15:37 UTC 2022
# csv,mpi-generate,ok,0.047,0.047,2022-11-19 13:53:00,{'user': 'alex', 'node': 'v100', 'debug': False, 'size': 8000000, 'subsort': 'mp', 'sort': 'mpi', 'c': 6, 'p': 4},None,c25,haiyang,Linux,#1 SMP Tue Jul 26 14:15:37 UTC 2022


+---------------------------------+--------------------------------------------------------------+
| Attribute                       | Value                                                        |
|---------------------------------+--------------------------------------------------------------|
| ANSI_COLOR                      | "0;31"                                                       |
| BUG_REPORT_URL                  | "https://bugzilla.redhat.com/"                               |
| CPE_NAME                        | "cpe:/o:redhat:enterprise_linux:7.9:GA:server"               |
| HOME_URL                        | "https://www.redhat.com/"                                    |
| ID                              | "rhel"                                                       |
| ID_LIKE                         | "fedora"                                                     |
| NAME                            | "Red Hat Enterprise Linux Server"                            |
| PRETTY_NAME                     | "Red Hat Enterprise Linux Server 7.9 (Maipo)"                |
| REDHAT_BUGZILLA_PRODUCT         | "Red Hat Enterprise Linux 7"                                 |
| REDHAT_BUGZILLA_PRODUCT_VERSION | 7.9                                                          |
| REDHAT_SUPPORT_PRODUCT          | "Red Hat Enterprise Linux"                                   |
| REDHAT_SUPPORT_PRODUCT_VERSION  | "7.9"                                                        |
| VARIANT                         | "Server"                                                     |
| VARIANT_ID                      | "server"                                                     |
| VERSION                         | "7.9 (Maipo)"                                                |
| VERSION_ID                      | "7.9"                                                        |
| cpu                             | Intel(R) Xeon(R) CPU E5-2680 v3 @ 2.50GHz                    |
| cpu_cores                       | 24                                                           |
| cpu_count                       | 24                                                           |
| cpu_threads                     | 24                                                           |
| date                            | 2022-11-19 13:53:39.098457                                   |
| frequency                       | scpufreq(current=1.5783750000000003, min=1200.0, max=3300.0) |
| mem.active                      | 37.4 GiB                                                     |
| mem.available                   | 205.5 GiB                                                    |
| mem.free                        | 198.8 GiB                                                    |
| mem.inactive                    | 7.9 GiB                                                      |
| mem.percent                     | 18.1 %                                                       |
| mem.total                       | 251.1 GiB                                                    |
| mem.used                        | 38.7 GiB                                                     |
| platform.version                | #1 SMP Tue Jul 26 14:15:37 UTC 2022                          |
| python                          | 3.9.8 (main, Feb  8 2022, 08:35:13)                          |
|                                 | [GCC 6.3.0]                                                  |
| python.pip                      | 22.2.2                                                       |
| python.version                  | 3.9.8                                                        |
| sys.platform                    | linux                                                        |
| uname.machine                   | x86_64                                                       |
| uname.node                      | c25                                                          |
| uname.processor                 | x86_64                                                       |
| uname.release                   | 3.10.0-1160.76.1.el7.x86_64                                  |
| uname.system                    | Linux                                                        |
| uname.version                   | #1 SMP Tue Jul 26 14:15:37 UTC 2022                          |
| user                            | haiyang                                                      |
+---------------------------------+--------------------------------------------------------------+

+---------------+----------+--------+--------+---------------------+-------------------------------------------------------------------------------------------------------------------+-------+--------+---------+-------+-------------------------------------+
| Name          | Status   |   Time |    Sum | Start               | tag                                                                                                               | msg   | Node   | User    | OS    | Version                             |
|---------------+----------+--------+--------+---------------------+-------------------------------------------------------------------------------------------------------------------+-------+--------+---------+-------+-------------------------------------|
| mpi-mergesort | ok       | 18.403 | 18.403 | 2022-11-19 13:53:20 | {'user': 'alex', 'node': 'v100', 'debug': False, 'size': 8000000, 'subsort': 'mp', 'sort': 'mpi', 'c': 6, 'p': 4} |       | c25    | haiyang | Linux | #1 SMP Tue Jul 26 14:15:37 UTC 2022 |
| mpi-generate  | ok       |  0.049 |  0.049 | 2022-11-19 13:53:20 | {'user': 'alex', 'node': 'v100', 'debug': False, 'size': 8000000, 'subsort': 'mp', 'sort': 'mpi', 'c': 6, 'p': 4} |       | c25    | haiyang | Linux | #1 SMP Tue Jul 26 14:15:37 UTC 2022 |
+---------------+----------+--------+--------+---------------------+-------------------------------------------------------------------------------------------------------------------+-------+--------+---------+-------+-------------------------------------+
# csv,timer,status,time,sum,start,tag,msg,uname.node,user,uname.system,platform.version
# csv,mpi-mergesort,ok,18.403,18.403,2022-11-19 13:53:20,{'user': 'alex', 'node': 'v100', 'debug': False, 'size': 8000000, 'subsort': 'mp', 'sort': 'mpi', 'c': 6, 'p': 4},None,c25,haiyang,Linux,#1 SMP Tue Jul 26 14:15:37 UTC 2022
# csv,mpi-generate,ok,0.049,0.049,2022-11-19 13:53:20,{'user': 'alex', 'node': 'v100', 'debug': False, 'size': 8000000, 'subsort': 'mp', 'sort': 'mpi', 'c': 6, 'p': 4},None,c25,haiyang,Linux,#1 SMP Tue Jul 26 14:15:37 UTC 2022


+---------------------------------+--------------------------------------------------+
| Attribute                       | Value                                            |
|---------------------------------+--------------------------------------------------|
| ANSI_COLOR                      | "0;31"                                           |
| BUG_REPORT_URL                  | "https://bugzilla.redhat.com/"                   |
| CPE_NAME                        | "cpe:/o:redhat:enterprise_linux:7.9:GA:server"   |
| HOME_URL                        | "https://www.redhat.com/"                        |
| ID                              | "rhel"                                           |
| ID_LIKE                         | "fedora"                                         |
| NAME                            | "Red Hat Enterprise Linux Server"                |
| PRETTY_NAME                     | "Red Hat Enterprise Linux Server 7.9 (Maipo)"    |
| REDHAT_BUGZILLA_PRODUCT         | "Red Hat Enterprise Linux 7"                     |
| REDHAT_BUGZILLA_PRODUCT_VERSION | 7.9                                              |
| REDHAT_SUPPORT_PRODUCT          | "Red Hat Enterprise Linux"                       |
| REDHAT_SUPPORT_PRODUCT_VERSION  | "7.9"                                            |
| VARIANT                         | "Server"                                         |
| VARIANT_ID                      | "server"                                         |
| VERSION                         | "7.9 (Maipo)"                                    |
| VERSION_ID                      | "7.9"                                            |
| cpu                             | Intel(R) Xeon(R) CPU E5-2680 v3 @ 2.50GHz        |
| cpu_cores                       | 24                                               |
| cpu_count                       | 24                                               |
| cpu_threads                     | 24                                               |
| date                            | 2022-11-19 13:54:00.718231                       |
| frequency                       | scpufreq(current=1.5485, min=1200.0, max=3300.0) |
| mem.active                      | 37.4 GiB                                         |
| mem.available                   | 205.5 GiB                                        |
| mem.free                        | 198.8 GiB                                        |
| mem.inactive                    | 7.9 GiB                                          |
| mem.percent                     | 18.1 %                                           |
| mem.total                       | 251.1 GiB                                        |
| mem.used                        | 38.7 GiB                                         |
| platform.version                | #1 SMP Tue Jul 26 14:15:37 UTC 2022              |
| python                          | 3.9.8 (main, Feb  8 2022, 08:35:13)              |
|                                 | [GCC 6.3.0]                                      |
| python.pip                      | 22.2.2                                           |
| python.version                  | 3.9.8                                            |
| sys.platform                    | linux                                            |
| uname.machine                   | x86_64                                           |
| uname.node                      | c25                                              |
| uname.processor                 | x86_64                                           |
| uname.release                   | 3.10.0-1160.76.1.el7.x86_64                      |
| uname.system                    | Linux                                            |
| uname.version                   | #1 SMP Tue Jul 26 14:15:37 UTC 2022              |
| user                            | haiyang                                          |
+---------------------------------+--------------------------------------------------+

+---------------+----------+--------+--------+---------------------+-------------------------------------------------------------------------------------------------------------------+-------+--------+---------+-------+-------------------------------------+
| Name          | Status   |   Time |    Sum | Start               | tag                                                                                                               | msg   | Node   | User    | OS    | Version                             |
|---------------+----------+--------+--------+---------------------+-------------------------------------------------------------------------------------------------------------------+-------+--------+---------+-------+-------------------------------------|
| mpi-mergesort | ok       | 17.54  | 17.54  | 2022-11-19 13:53:43 | {'user': 'alex', 'node': 'v100', 'debug': False, 'size': 8000000, 'subsort': 'mp', 'sort': 'mpi', 'c': 6, 'p': 4} |       | c25    | haiyang | Linux | #1 SMP Tue Jul 26 14:15:37 UTC 2022 |
| mpi-generate  | ok       |  0.047 |  0.047 | 2022-11-19 13:53:43 | {'user': 'alex', 'node': 'v100', 'debug': False, 'size': 8000000, 'subsort': 'mp', 'sort': 'mpi', 'c': 6, 'p': 4} |       | c25    | haiyang | Linux | #1 SMP Tue Jul 26 14:15:37 UTC 2022 |
+---------------+----------+--------+--------+---------------------+-------------------------------------------------------------------------------------------------------------------+-------+--------+---------+-------+-------------------------------------+
# csv,timer,status,time,sum,start,tag,msg,uname.node,user,uname.system,platform.version
# csv,mpi-mergesort,ok,17.54,17.54,2022-11-19 13:53:43,{'user': 'alex', 'node': 'v100', 'debug': False, 'size': 8000000, 'subsort': 'mp', 'sort': 'mpi', 'c': 6, 'p': 4},None,c25,haiyang,Linux,#1 SMP Tue Jul 26 14:15:37 UTC 2022
# csv,mpi-generate,ok,0.047,0.047,2022-11-19 13:53:43,{'user': 'alex', 'node': 'v100', 'debug': False, 'size': 8000000, 'subsort': 'mp', 'sort': 'mpi', 'c': 6, 'p': 4},None,c25,haiyang,Linux,#1 SMP Tue Jul 26 14:15:37 UTC 2022


+---------------------------------+--------------------------------------------------------------+
| Attribute                       | Value                                                        |
|---------------------------------+--------------------------------------------------------------|
| ANSI_COLOR                      | "0;31"                                                       |
| BUG_REPORT_URL                  | "https://bugzilla.redhat.com/"                               |
| CPE_NAME                        | "cpe:/o:redhat:enterprise_linux:7.9:GA:server"               |
| HOME_URL                        | "https://www.redhat.com/"                                    |
| ID                              | "rhel"                                                       |
| ID_LIKE                         | "fedora"                                                     |
| NAME                            | "Red Hat Enterprise Linux Server"                            |
| PRETTY_NAME                     | "Red Hat Enterprise Linux Server 7.9 (Maipo)"                |
| REDHAT_BUGZILLA_PRODUCT         | "Red Hat Enterprise Linux 7"                                 |
| REDHAT_BUGZILLA_PRODUCT_VERSION | 7.9                                                          |
| REDHAT_SUPPORT_PRODUCT          | "Red Hat Enterprise Linux"                                   |
| REDHAT_SUPPORT_PRODUCT_VERSION  | "7.9"                                                        |
| VARIANT                         | "Server"                                                     |
| VARIANT_ID                      | "server"                                                     |
| VERSION                         | "7.9 (Maipo)"                                                |
| VERSION_ID                      | "7.9"                                                        |
| cpu                             | Intel(R) Xeon(R) CPU E5-2680 v3 @ 2.50GHz                    |
| cpu_cores                       | 24                                                           |
| cpu_count                       | 24                                                           |
| cpu_threads                     | 24                                                           |
| date                            | 2022-11-19 13:54:22.695669                                   |
| frequency                       | scpufreq(current=1.6673333333333333, min=1200.0, max=3300.0) |
| mem.active                      | 37.4 GiB                                                     |
| mem.available                   | 205.7 GiB                                                    |
| mem.free                        | 200.4 GiB                                                    |
| mem.inactive                    | 6.5 GiB                                                      |
| mem.percent                     | 18.1 %                                                       |
| mem.total                       | 251.1 GiB                                                    |
| mem.used                        | 38.5 GiB                                                     |
| platform.version                | #1 SMP Tue Jul 26 14:15:37 UTC 2022                          |
| python                          | 3.9.8 (main, Feb  8 2022, 08:35:13)                          |
|                                 | [GCC 6.3.0]                                                  |
| python.pip                      | 22.2.2                                                       |
| python.version                  | 3.9.8                                                        |
| sys.platform                    | linux                                                        |
| uname.machine                   | x86_64                                                       |
| uname.node                      | c25                                                          |
| uname.processor                 | x86_64                                                       |
| uname.release                   | 3.10.0-1160.76.1.el7.x86_64                                  |
| uname.system                    | Linux                                                        |
| uname.version                   | #1 SMP Tue Jul 26 14:15:37 UTC 2022                          |
| user                            | haiyang                                                      |
+---------------------------------+--------------------------------------------------------------+

+---------------+----------+--------+--------+---------------------+-------------------------------------------------------------------------------------------------------------------+-------+--------+---------+-------+-------------------------------------+
| Name          | Status   |   Time |    Sum | Start               | tag                                                                                                               | msg   | Node   | User    | OS    | Version                             |
|---------------+----------+--------+--------+---------------------+-------------------------------------------------------------------------------------------------------------------+-------+--------+---------+-------+-------------------------------------|
| mpi-mergesort | ok       | 18.168 | 18.168 | 2022-11-19 13:54:04 | {'user': 'alex', 'node': 'v100', 'debug': False, 'size': 8000000, 'subsort': 'mp', 'sort': 'mpi', 'c': 6, 'p': 4} |       | c25    | haiyang | Linux | #1 SMP Tue Jul 26 14:15:37 UTC 2022 |
| mpi-generate  | ok       |  0.049 |  0.049 | 2022-11-19 13:54:04 | {'user': 'alex', 'node': 'v100', 'debug': False, 'size': 8000000, 'subsort': 'mp', 'sort': 'mpi', 'c': 6, 'p': 4} |       | c25    | haiyang | Linux | #1 SMP Tue Jul 26 14:15:37 UTC 2022 |
+---------------+----------+--------+--------+---------------------+-------------------------------------------------------------------------------------------------------------------+-------+--------+---------+-------+-------------------------------------+
# csv,timer,status,time,sum,start,tag,msg,uname.node,user,uname.system,platform.version
# csv,mpi-mergesort,ok,18.168,18.168,2022-11-19 13:54:04,{'user': 'alex', 'node': 'v100', 'debug': False, 'size': 8000000, 'subsort': 'mp', 'sort': 'mpi', 'c': 6, 'p': 4},None,c25,haiyang,Linux,#1 SMP Tue Jul 26 14:15:37 UTC 2022
# csv,mpi-generate,ok,0.049,0.049,2022-11-19 13:54:04,{'user': 'alex', 'node': 'v100', 'debug': False, 'size': 8000000, 'subsort': 'mp', 'sort': 'mpi', 'c': 6, 'p': 4},None,c25,haiyang,Linux,#1 SMP Tue Jul 26 14:15:37 UTC 2022


+---------------------------------+--------------------------------------------------------------+
| Attribute                       | Value                                                        |
|---------------------------------+--------------------------------------------------------------|
| ANSI_COLOR                      | "0;31"                                                       |
| BUG_REPORT_URL                  | "https://bugzilla.redhat.com/"                               |
| CPE_NAME                        | "cpe:/o:redhat:enterprise_linux:7.9:GA:server"               |
| HOME_URL                        | "https://www.redhat.com/"                                    |
| ID                              | "rhel"                                                       |
| ID_LIKE                         | "fedora"                                                     |
| NAME                            | "Red Hat Enterprise Linux Server"                            |
| PRETTY_NAME                     | "Red Hat Enterprise Linux Server 7.9 (Maipo)"                |
| REDHAT_BUGZILLA_PRODUCT         | "Red Hat Enterprise Linux 7"                                 |
| REDHAT_BUGZILLA_PRODUCT_VERSION | 7.9                                                          |
| REDHAT_SUPPORT_PRODUCT          | "Red Hat Enterprise Linux"                                   |
| REDHAT_SUPPORT_PRODUCT_VERSION  | "7.9"                                                        |
| VARIANT                         | "Server"                                                     |
| VARIANT_ID                      | "server"                                                     |
| VERSION                         | "7.9 (Maipo)"                                                |
| VERSION_ID                      | "7.9"                                                        |
| cpu                             | Intel(R) Xeon(R) CPU E5-2680 v3 @ 2.50GHz                    |
| cpu_cores                       | 24                                                           |
| cpu_count                       | 24                                                           |
| cpu_threads                     | 24                                                           |
| date                            | 2022-11-19 13:54:42.154416                                   |
| frequency                       | scpufreq(current=1.6132916666666668, min=1200.0, max=3300.0) |
| mem.active                      | 37.4 GiB                                                     |
| mem.available                   | 205.7 GiB                                                    |
| mem.free                        | 200.4 GiB                                                    |
| mem.inactive                    | 6.5 GiB                                                      |
| mem.percent                     | 18.1 %                                                       |
| mem.total                       | 251.1 GiB                                                    |
| mem.used                        | 38.5 GiB                                                     |
| platform.version                | #1 SMP Tue Jul 26 14:15:37 UTC 2022                          |
| python                          | 3.9.8 (main, Feb  8 2022, 08:35:13)                          |
|                                 | [GCC 6.3.0]                                                  |
| python.pip                      | 22.2.2                                                       |
| python.version                  | 3.9.8                                                        |
| sys.platform                    | linux                                                        |
| uname.machine                   | x86_64                                                       |
| uname.node                      | c25                                                          |
| uname.processor                 | x86_64                                                       |
| uname.release                   | 3.10.0-1160.76.1.el7.x86_64                                  |
| uname.system                    | Linux                                                        |
| uname.version                   | #1 SMP Tue Jul 26 14:15:37 UTC 2022                          |
| user                            | haiyang                                                      |
+---------------------------------+--------------------------------------------------------------+

+---------------+----------+--------+--------+---------------------+-------------------------------------------------------------------------------------------------------------------+-------+--------+---------+-------+-------------------------------------+
| Name          | Status   |   Time |    Sum | Start               | tag                                                                                                               | msg   | Node   | User    | OS    | Version                             |
|---------------+----------+--------+--------+---------------------+-------------------------------------------------------------------------------------------------------------------+-------+--------+---------+-------+-------------------------------------|
| mpi-mergesort | ok       | 16.563 | 16.563 | 2022-11-19 13:54:25 | {'user': 'alex', 'node': 'v100', 'debug': False, 'size': 8000000, 'subsort': 'mp', 'sort': 'mpi', 'c': 6, 'p': 4} |       | c25    | haiyang | Linux | #1 SMP Tue Jul 26 14:15:37 UTC 2022 |
| mpi-generate  | ok       |  0.047 |  0.047 | 2022-11-19 13:54:25 | {'user': 'alex', 'node': 'v100', 'debug': False, 'size': 8000000, 'subsort': 'mp', 'sort': 'mpi', 'c': 6, 'p': 4} |       | c25    | haiyang | Linux | #1 SMP Tue Jul 26 14:15:37 UTC 2022 |
+---------------+----------+--------+--------+---------------------+-------------------------------------------------------------------------------------------------------------------+-------+--------+---------+-------+-------------------------------------+
# csv,timer,status,time,sum,start,tag,msg,uname.node,user,uname.system,platform.version
# csv,mpi-mergesort,ok,16.563,16.563,2022-11-19 13:54:25,{'user': 'alex', 'node': 'v100', 'debug': False, 'size': 8000000, 'subsort': 'mp', 'sort': 'mpi', 'c': 6, 'p': 4},None,c25,haiyang,Linux,#1 SMP Tue Jul 26 14:15:37 UTC 2022
# csv,mpi-generate,ok,0.047,0.047,2022-11-19 13:54:25,{'user': 'alex', 'node': 'v100', 'debug': False, 'size': 8000000, 'subsort': 'mp', 'sort': 'mpi', 'c': 6, 'p': 4},None,c25,haiyang,Linux,#1 SMP Tue Jul 26 14:15:37 UTC 2022


+---------------------------------+--------------------------------------------------------------+
| Attribute                       | Value                                                        |
|---------------------------------+--------------------------------------------------------------|
| ANSI_COLOR                      | "0;31"                                                       |
| BUG_REPORT_URL                  | "https://bugzilla.redhat.com/"                               |
| CPE_NAME                        | "cpe:/o:redhat:enterprise_linux:7.9:GA:server"               |
| HOME_URL                        | "https://www.redhat.com/"                                    |
| ID                              | "rhel"                                                       |
| ID_LIKE                         | "fedora"                                                     |
| NAME                            | "Red Hat Enterprise Linux Server"                            |
| PRETTY_NAME                     | "Red Hat Enterprise Linux Server 7.9 (Maipo)"                |
| REDHAT_BUGZILLA_PRODUCT         | "Red Hat Enterprise Linux 7"                                 |
| REDHAT_BUGZILLA_PRODUCT_VERSION | 7.9                                                          |
| REDHAT_SUPPORT_PRODUCT          | "Red Hat Enterprise Linux"                                   |
| REDHAT_SUPPORT_PRODUCT_VERSION  | "7.9"                                                        |
| VARIANT                         | "Server"                                                     |
| VARIANT_ID                      | "server"                                                     |
| VERSION                         | "7.9 (Maipo)"                                                |
| VERSION_ID                      | "7.9"                                                        |
| cpu                             | Intel(R) Xeon(R) CPU E5-2680 v3 @ 2.50GHz                    |
| cpu_cores                       | 24                                                           |
| cpu_count                       | 24                                                           |
| cpu_threads                     | 24                                                           |
| date                            | 2022-11-19 13:55:02.171887                                   |
| frequency                       | scpufreq(current=1.6096250000000005, min=1200.0, max=3300.0) |
| mem.active                      | 37.4 GiB                                                     |
| mem.available                   | 205.7 GiB                                                    |
| mem.free                        | 200.4 GiB                                                    |
| mem.inactive                    | 6.5 GiB                                                      |
| mem.percent                     | 18.1 %                                                       |
| mem.total                       | 251.1 GiB                                                    |
| mem.used                        | 38.5 GiB                                                     |
| platform.version                | #1 SMP Tue Jul 26 14:15:37 UTC 2022                          |
| python                          | 3.9.8 (main, Feb  8 2022, 08:35:13)                          |
|                                 | [GCC 6.3.0]                                                  |
| python.pip                      | 22.2.2                                                       |
| python.version                  | 3.9.8                                                        |
| sys.platform                    | linux                                                        |
| uname.machine                   | x86_64                                                       |
| uname.node                      | c25                                                          |
| uname.processor                 | x86_64                                                       |
| uname.release                   | 3.10.0-1160.76.1.el7.x86_64                                  |
| uname.system                    | Linux                                                        |
| uname.version                   | #1 SMP Tue Jul 26 14:15:37 UTC 2022                          |
| user                            | haiyang                                                      |
+---------------------------------+--------------------------------------------------------------+

+---------------+----------+--------+--------+---------------------+-------------------------------------------------------------------------------------------------------------------+-------+--------+---------+-------+-------------------------------------+
| Name          | Status   |   Time |    Sum | Start               | tag                                                                                                               | msg   | Node   | User    | OS    | Version                             |
|---------------+----------+--------+--------+---------------------+-------------------------------------------------------------------------------------------------------------------+-------+--------+---------+-------+-------------------------------------|
| mpi-mergesort | ok       | 17.296 | 17.296 | 2022-11-19 13:54:44 | {'user': 'alex', 'node': 'v100', 'debug': False, 'size': 8000000, 'subsort': 'mp', 'sort': 'mpi', 'c': 6, 'p': 4} |       | c25    | haiyang | Linux | #1 SMP Tue Jul 26 14:15:37 UTC 2022 |
| mpi-generate  | ok       |  0.046 |  0.046 | 2022-11-19 13:54:44 | {'user': 'alex', 'node': 'v100', 'debug': False, 'size': 8000000, 'subsort': 'mp', 'sort': 'mpi', 'c': 6, 'p': 4} |       | c25    | haiyang | Linux | #1 SMP Tue Jul 26 14:15:37 UTC 2022 |
+---------------+----------+--------+--------+---------------------+-------------------------------------------------------------------------------------------------------------------+-------+--------+---------+-------+-------------------------------------+
# csv,timer,status,time,sum,start,tag,msg,uname.node,user,uname.system,platform.version
# csv,mpi-mergesort,ok,17.296,17.296,2022-11-19 13:54:44,{'user': 'alex', 'node': 'v100', 'debug': False, 'size': 8000000, 'subsort': 'mp', 'sort': 'mpi', 'c': 6, 'p': 4},None,c25,haiyang,Linux,#1 SMP Tue Jul 26 14:15:37 UTC 2022
# csv,mpi-generate,ok,0.046,0.046,2022-11-19 13:54:44,{'user': 'alex', 'node': 'v100', 'debug': False, 'size': 8000000, 'subsort': 'mp', 'sort': 'mpi', 'c': 6, 'p': 4},None,c25,haiyang,Linux,#1 SMP Tue Jul 26 14:15:37 UTC 2022


+---------------------------------+-------------------------------------------------------------+
| Attribute                       | Value                                                       |
|---------------------------------+-------------------------------------------------------------|
| ANSI_COLOR                      | "0;31"                                                      |
| BUG_REPORT_URL                  | "https://bugzilla.redhat.com/"                              |
| CPE_NAME                        | "cpe:/o:redhat:enterprise_linux:7.9:GA:server"              |
| HOME_URL                        | "https://www.redhat.com/"                                   |
| ID                              | "rhel"                                                      |
| ID_LIKE                         | "fedora"                                                    |
| NAME                            | "Red Hat Enterprise Linux Server"                           |
| PRETTY_NAME                     | "Red Hat Enterprise Linux Server 7.9 (Maipo)"               |
| REDHAT_BUGZILLA_PRODUCT         | "Red Hat Enterprise Linux 7"                                |
| REDHAT_BUGZILLA_PRODUCT_VERSION | 7.9                                                         |
| REDHAT_SUPPORT_PRODUCT          | "Red Hat Enterprise Linux"                                  |
| REDHAT_SUPPORT_PRODUCT_VERSION  | "7.9"                                                       |
| VARIANT                         | "Server"                                                    |
| VARIANT_ID                      | "server"                                                    |
| VERSION                         | "7.9 (Maipo)"                                               |
| VERSION_ID                      | "7.9"                                                       |
| cpu                             | Intel(R) Xeon(R) CPU E5-2680 v3 @ 2.50GHz                   |
| cpu_cores                       | 24                                                          |
| cpu_count                       | 24                                                          |
| cpu_threads                     | 24                                                          |
| date                            | 2022-11-19 13:55:21.156062                                  |
| frequency                       | scpufreq(current=1.553541666666667, min=1200.0, max=3300.0) |
| mem.active                      | 37.4 GiB                                                    |
| mem.available                   | 205.7 GiB                                                   |
| mem.free                        | 200.4 GiB                                                   |
| mem.inactive                    | 6.5 GiB                                                     |
| mem.percent                     | 18.1 %                                                      |
| mem.total                       | 251.1 GiB                                                   |
| mem.used                        | 38.5 GiB                                                    |
| platform.version                | #1 SMP Tue Jul 26 14:15:37 UTC 2022                         |
| python                          | 3.9.8 (main, Feb  8 2022, 08:35:13)                         |
|                                 | [GCC 6.3.0]                                                 |
| python.pip                      | 22.2.2                                                      |
| python.version                  | 3.9.8                                                       |
| sys.platform                    | linux                                                       |
| uname.machine                   | x86_64                                                      |
| uname.node                      | c25                                                         |
| uname.processor                 | x86_64                                                      |
| uname.release                   | 3.10.0-1160.76.1.el7.x86_64                                 |
| uname.system                    | Linux                                                       |
| uname.version                   | #1 SMP Tue Jul 26 14:15:37 UTC 2022                         |
| user                            | haiyang                                                     |
+---------------------------------+-------------------------------------------------------------+

+---------------+----------+--------+--------+---------------------+-------------------------------------------------------------------------------------------------------------------+-------+--------+---------+-------+-------------------------------------+
| Name          | Status   |   Time |    Sum | Start               | tag                                                                                                               | msg   | Node   | User    | OS    | Version                             |
|---------------+----------+--------+--------+---------------------+-------------------------------------------------------------------------------------------------------------------+-------+--------+---------+-------+-------------------------------------|
| mpi-mergesort | ok       | 16.213 | 16.213 | 2022-11-19 13:55:04 | {'user': 'alex', 'node': 'v100', 'debug': False, 'size': 8000000, 'subsort': 'mp', 'sort': 'mpi', 'c': 6, 'p': 4} |       | c25    | haiyang | Linux | #1 SMP Tue Jul 26 14:15:37 UTC 2022 |
| mpi-generate  | ok       |  0.049 |  0.049 | 2022-11-19 13:55:04 | {'user': 'alex', 'node': 'v100', 'debug': False, 'size': 8000000, 'subsort': 'mp', 'sort': 'mpi', 'c': 6, 'p': 4} |       | c25    | haiyang | Linux | #1 SMP Tue Jul 26 14:15:37 UTC 2022 |
+---------------+----------+--------+--------+---------------------+-------------------------------------------------------------------------------------------------------------------+-------+--------+---------+-------+-------------------------------------+
# csv,timer,status,time,sum,start,tag,msg,uname.node,user,uname.system,platform.version
# csv,mpi-mergesort,ok,16.213,16.213,2022-11-19 13:55:04,{'user': 'alex', 'node': 'v100', 'debug': False, 'size': 8000000, 'subsort': 'mp', 'sort': 'mpi', 'c': 6, 'p': 4},None,c25,haiyang,Linux,#1 SMP Tue Jul 26 14:15:37 UTC 2022
# csv,mpi-generate,ok,0.049,0.049,2022-11-19 13:55:04,{'user': 'alex', 'node': 'v100', 'debug': False, 'size': 8000000, 'subsort': 'mp', 'sort': 'mpi', 'c': 6, 'p': 4},None,c25,haiyang,Linux,#1 SMP Tue Jul 26 14:15:37 UTC 2022


+---------------------------------+-------------------------------------------------------------+
| Attribute                       | Value                                                       |
|---------------------------------+-------------------------------------------------------------|
| ANSI_COLOR                      | "0;31"                                                      |
| BUG_REPORT_URL                  | "https://bugzilla.redhat.com/"                              |
| CPE_NAME                        | "cpe:/o:redhat:enterprise_linux:7.9:GA:server"              |
| HOME_URL                        | "https://www.redhat.com/"                                   |
| ID                              | "rhel"                                                      |
| ID_LIKE                         | "fedora"                                                    |
| NAME                            | "Red Hat Enterprise Linux Server"                           |
| PRETTY_NAME                     | "Red Hat Enterprise Linux Server 7.9 (Maipo)"               |
| REDHAT_BUGZILLA_PRODUCT         | "Red Hat Enterprise Linux 7"                                |
| REDHAT_BUGZILLA_PRODUCT_VERSION | 7.9                                                         |
| REDHAT_SUPPORT_PRODUCT          | "Red Hat Enterprise Linux"                                  |
| REDHAT_SUPPORT_PRODUCT_VERSION  | "7.9"                                                       |
| VARIANT                         | "Server"                                                    |
| VARIANT_ID                      | "server"                                                    |
| VERSION                         | "7.9 (Maipo)"                                               |
| VERSION_ID                      | "7.9"                                                       |
| cpu                             | Intel(R) Xeon(R) CPU E5-2680 v3 @ 2.50GHz                   |
| cpu_cores                       | 24                                                          |
| cpu_count                       | 24                                                          |
| cpu_threads                     | 24                                                          |
| date                            | 2022-11-19 13:55:40.486944                                  |
| frequency                       | scpufreq(current=1.558541666666667, min=1200.0, max=3300.0) |
| mem.active                      | 37.4 GiB                                                    |
| mem.available                   | 205.7 GiB                                                   |
| mem.free                        | 200.4 GiB                                                   |
| mem.inactive                    | 6.5 GiB                                                     |
| mem.percent                     | 18.1 %                                                      |
| mem.total                       | 251.1 GiB                                                   |
| mem.used                        | 38.5 GiB                                                    |
| platform.version                | #1 SMP Tue Jul 26 14:15:37 UTC 2022                         |
| python                          | 3.9.8 (main, Feb  8 2022, 08:35:13)                         |
|                                 | [GCC 6.3.0]                                                 |
| python.pip                      | 22.2.2                                                      |
| python.version                  | 3.9.8                                                       |
| sys.platform                    | linux                                                       |
| uname.machine                   | x86_64                                                      |
| uname.node                      | c25                                                         |
| uname.processor                 | x86_64                                                      |
| uname.release                   | 3.10.0-1160.76.1.el7.x86_64                                 |
| uname.system                    | Linux                                                       |
| uname.version                   | #1 SMP Tue Jul 26 14:15:37 UTC 2022                         |
| user                            | haiyang                                                     |
+---------------------------------+-------------------------------------------------------------+

+---------------+----------+--------+--------+---------------------+-------------------------------------------------------------------------------------------------------------------+-------+--------+---------+-------+-------------------------------------+
| Name          | Status   |   Time |    Sum | Start               | tag                                                                                                               | msg   | Node   | User    | OS    | Version                             |
|---------------+----------+--------+--------+---------------------+-------------------------------------------------------------------------------------------------------------------+-------+--------+---------+-------+-------------------------------------|
| mpi-mergesort | ok       | 16.591 | 16.591 | 2022-11-19 13:55:23 | {'user': 'alex', 'node': 'v100', 'debug': False, 'size': 8000000, 'subsort': 'mp', 'sort': 'mpi', 'c': 6, 'p': 4} |       | c25    | haiyang | Linux | #1 SMP Tue Jul 26 14:15:37 UTC 2022 |
| mpi-generate  | ok       |  0.046 |  0.046 | 2022-11-19 13:55:23 | {'user': 'alex', 'node': 'v100', 'debug': False, 'size': 8000000, 'subsort': 'mp', 'sort': 'mpi', 'c': 6, 'p': 4} |       | c25    | haiyang | Linux | #1 SMP Tue Jul 26 14:15:37 UTC 2022 |
+---------------+----------+--------+--------+---------------------+-------------------------------------------------------------------------------------------------------------------+-------+--------+---------+-------+-------------------------------------+
# csv,timer,status,time,sum,start,tag,msg,uname.node,user,uname.system,platform.version
# csv,mpi-mergesort,ok,16.591,16.591,2022-11-19 13:55:23,{'user': 'alex', 'node': 'v100', 'debug': False, 'size': 8000000, 'subsort': 'mp', 'sort': 'mpi', 'c': 6, 'p': 4},None,c25,haiyang,Linux,#1 SMP Tue Jul 26 14:15:37 UTC 2022
# csv,mpi-generate,ok,0.046,0.046,2022-11-19 13:55:23,{'user': 'alex', 'node': 'v100', 'debug': False, 'size': 8000000, 'subsort': 'mp', 'sort': 'mpi', 'c': 6, 'p': 4},None,c25,haiyang,Linux,#1 SMP Tue Jul 26 14:15:37 UTC 2022

