Starting experiment
Processes: 2
Cores:     14
Size:      100
Repeat:    10
Debug:     False
Sort:      MPI
Algorithm: mp
Tag:       None
Total:     10
Experiment 9         : size=100 processes=2 cores=14 repeat=0 last_time=undefined                     
Experiment 8         : size=100 processes=2 cores=14 repeat=1 last_time=undefined                     
Experiment 7         : size=100 processes=2 cores=14 repeat=2 last_time=undefined                     
Experiment 6         : size=100 processes=2 cores=14 repeat=3 last_time=undefined                     
Experiment 5         : size=100 processes=2 cores=14 repeat=4 last_time=undefined                     
Experiment 4         : size=100 processes=2 cores=14 repeat=5 last_time=undefined                     
Experiment 3         : size=100 processes=2 cores=14 repeat=6 last_time=undefined                     
Experiment 2         : size=100 processes=2 cores=14 repeat=7 last_time=undefined                     
Experiment 1         : size=100 processes=2 cores=14 repeat=8 last_time=undefined                     
Experiment 0         : size=100 processes=2 cores=14 repeat=9 last_time=undefined                     
"Red Hat Enterprise Linux Server 7.9 (Maipo)"      |
| REDHAT_BUGZILLA_PRODUCT         | "Red Hat Enterprise Linux 7"                       |
| REDHAT_BUGZILLA_PRODUCT_VERSION | 7.9                                                |
| REDHAT_SUPPORT_PRODUCT          | "Red Hat Enterprise Linux"                         |
| REDHAT_SUPPORT_PRODUCT_VERSION  | "7.9"                                              |
| VARIANT                         | "Server"                                           |
| VARIANT_ID                      | "server"                                           |
| VERSION                         | "7.9 (Maipo)"                                      |
| VERSION_ID                      | "7.9"                                              |
| cpu                             | Intel(R) Xeon(R) CPU E5-2680 v3 @ 2.50GHz          |
| cpu_cores                       | 24                                                 |
| cpu_count                       | 24                                                 |
| cpu_threads                     | 24                                                 |
| date                            | 2022-11-20 03:40:46.596151                         |
| frequency                       | scpufreq(current=1.549625, min=1200.0, max=3300.0) |
| mem.active                      | 65.0 GiB                                           |
| mem.available                   | 179.2 GiB                                          |
| mem.free                        | 179.3 GiB                                          |
| mem.inactive                    | 1.0 GiB                                            |
| mem.percent                     | 28.6 %                                             |
| mem.total                       | 251.1 GiB                                          |
| mem.used                        | 65.1 GiB                                           |
| platform.version                | #1 SMP Tue Jul 26 14:15:37 UTC 2022                |
| python                          | 3.9.8 (main, Feb  8 2022, 08:35:13)                |
|                                 | [GCC 6.3.0]                                        |
| python.pip                      | 22.2.2                                             |
| python.version                  | 3.9.8                                              |
| sys.platform                    | linux                                              |
| uname.machine                   | x86_64                                             |
| uname.node                      | c4                                                 |
| uname.processor                 | x86_64                                             |
| uname.release                   | 3.10.0-1160.76.1.el7.x86_64                        |
| uname.system                    | Linux                                              |
| uname.version                   | #1 SMP Tue Jul 26 14:15:37 UTC 2022                |
| user                            | haiyang                                            |
+---------------------------------+----------------------------------------------------+

+---------------+----------+--------+-------+---------------------+----------------------------------------------------------------------------------------------------------------+-------+--------+---------+-------+-------------------------------------+
| Name          | Status   |   Time |   Sum | Start               | tag                                                                                                            | msg   | Node   | User    | OS    | Version                             |
|---------------+----------+--------+-------+---------------------+----------------------------------------------------------------------------------------------------------------+-------+--------+---------+-------+-------------------------------------|
| mpi-mergesort | ok       |  0.453 | 0.453 | 2022-11-20 03:40:46 | {'user': 'alex', 'node': 'v100', 'debug': False, 'size': 100, 'subsort': 'mp', 'sort': 'mpi', 'c': 14, 'p': 2} |       | c4     | haiyang | Linux | #1 SMP Tue Jul 26 14:15:37 UTC 2022 |
| mpi-generate  | ok       |  0     | 0     | 2022-11-20 03:40:46 | {'user': 'alex', 'node': 'v100', 'debug': False, 'size': 100, 'subsort': 'mp', 'sort': 'mpi', 'c': 14, 'p': 2} |       | c4     | haiyang | Linux | #1 SMP Tue Jul 26 14:15:37 UTC 2022 |
+---------------+----------+--------+-------+---------------------+----------------------------------------------------------------------------------------------------------------+-------+--------+---------+-------+-------------------------------------+
# csv,timer,status,time,sum,start,tag,msg,uname.node,user,uname.system,platform.version
# csv,mpi-mergesort,ok,0.453,0.453,2022-11-20 03:40:46,{'user': 'alex', 'node': 'v100', 'debug': False, 'size': 100, 'subsort': 'mp', 'sort': 'mpi', 'c': 14, 'p': 2},None,c4,haiyang,Linux,#1 SMP Tue Jul 26 14:15:37 UTC 2022
# csv,mpi-generate,ok,0.0,0.0,2022-11-20 03:40:46,{'user': 'alex', 'node': 'v100', 'debug': False, 'size': 100, 'subsort': 'mp', 'sort': 'mpi', 'c': 14, 'p': 2},None,c4,haiyang,Linux,#1 SMP Tue Jul 26 14:15:37 UTC 2022


+---------------------------------+--------------------------------------------------------------+
| Attribute                       | Value                                                        |
|---------------------------------+--------------------------------------------------------------|
| ANSI_COLOR                      | "0;31"                                                       |
| BUG_REPORT_URL                  | "https://bugzilla.redhat.com/"                               |
| CPE_NAME                        | "cpe:/o:redhat:enterprise_linux:7.9:GA:server"               |
| HOME_URL                        | "https://www.redhat.com/"                                    |
| ID                              | "rhel"                                                       |
| ID_LIKE                         | "fedora"                                                     |
| NAME                            | "Red Hat Enterprise Linux Server"                            |
| PRETTY_NAME                     | "Red Hat Enterprise Linux Server 7.9 (Maipo)"                |
| REDHAT_BUGZILLA_PRODUCT         | "Red Hat Enterprise Linux 7"                                 |
| REDHAT_BUGZILLA_PRODUCT_VERSION | 7.9                                                          |
| REDHAT_SUPPORT_PRODUCT          | "Red Hat Enterprise Linux"                                   |
| REDHAT_SUPPORT_PRODUCT_VERSION  | "7.9"                                                        |
| VARIANT                         | "Server"                                                     |
| VARIANT_ID                      | "server"                                                     |
| VERSION                         | "7.9 (Maipo)"                                                |
| VERSION_ID                      | "7.9"                                                        |
| cpu                             | Intel(R) Xeon(R) CPU E5-2680 v3 @ 2.50GHz                    |
| cpu_cores                       | 24                                                           |
| cpu_count                       | 24                                                           |
| cpu_threads                     | 24                                                           |
| date                            | 2022-11-20 03:40:49.616413                                   |
| frequency                       | scpufreq(current=1.5414583333333338, min=1200.0, max=3300.0) |
| mem.active                      | 65.0 GiB                                                     |
| mem.available                   | 179.2 GiB                                                    |
| mem.free                        | 179.3 GiB                                                    |
| mem.inactive                    | 1.0 GiB                                                      |
| mem.percent                     | 28.6 %                                                       |
| mem.total                       | 251.1 GiB                                                    |
| mem.used                        | 65.2 GiB                                                     |
| platform.version                | #1 SMP Tue Jul 26 14:15:37 UTC 2022                          |
| python                          | 3.9.8 (main, Feb  8 2022, 08:35:13)                          |
|                                 | [GCC 6.3.0]                                                  |
| python.pip                      | 22.2.2                                                       |
| python.version                  | 3.9.8                                                        |
| sys.platform                    | linux                                                        |
| uname.machine                   | x86_64                                                       |
| uname.node                      | c4                                                           |
| uname.processor                 | x86_64                                                       |
| uname.release                   | 3.10.0-1160.76.1.el7.x86_64                                  |
| uname.system                    | Linux                                                        |
| uname.version                   | #1 SMP Tue Jul 26 14:15:37 UTC 2022                          |
| user                            | haiyang                                                      |
+---------------------------------+--------------------------------------------------------------+

+---------------+----------+--------+-------+---------------------+----------------------------------------------------------------------------------------------------------------+-------+--------+---------+-------+-------------------------------------+
| Name          | Status   |   Time |   Sum | Start               | tag                                                                                                            | msg   | Node   | User    | OS    | Version                             |
|---------------+----------+--------+-------+---------------------+----------------------------------------------------------------------------------------------------------------+-------+--------+---------+-------+-------------------------------------|
| mpi-mergesort | ok       |  0.478 | 0.478 | 2022-11-20 03:40:49 | {'user': 'alex', 'node': 'v100', 'debug': False, 'size': 100, 'subsort': 'mp', 'sort': 'mpi', 'c': 14, 'p': 2} |       | c4     | haiyang | Linux | #1 SMP Tue Jul 26 14:15:37 UTC 2022 |
| mpi-generate  | ok       |  0     | 0     | 2022-11-20 03:40:49 | {'user': 'alex', 'node': 'v100', 'debug': False, 'size': 100, 'subsort': 'mp', 'sort': 'mpi', 'c': 14, 'p': 2} |       | c4     | haiyang | Linux | #1 SMP Tue Jul 26 14:15:37 UTC 2022 |
+---------------+----------+--------+-------+---------------------+----------------------------------------------------------------------------------------------------------------+-------+--------+---------+-------+-------------------------------------+
# csv,timer,status,time,sum,start,tag,msg,uname.node,user,uname.system,platform.version
# csv,mpi-mergesort,ok,0.478,0.478,2022-11-20 03:40:49,{'user': 'alex', 'node': 'v100', 'debug': False, 'size': 100, 'subsort': 'mp', 'sort': 'mpi', 'c': 14, 'p': 2},None,c4,haiyang,Linux,#1 SMP Tue Jul 26 14:15:37 UTC 2022
# csv,mpi-generate,ok,0.0,0.0,2022-11-20 03:40:49,{'user': 'alex', 'node': 'v100', 'debug': False, 'size': 100, 'subsort': 'mp', 'sort': 'mpi', 'c': 14, 'p': 2},None,c4,haiyang,Linux,#1 SMP Tue Jul 26 14:15:37 UTC 2022


+---------------------------------+--------------------------------------------------------------+
| Attribute                       | Value                                                        |
|---------------------------------+--------------------------------------------------------------|
| ANSI_COLOR                      | "0;31"                                                       |
| BUG_REPORT_URL                  | "https://bugzilla.redhat.com/"                               |
| CPE_NAME                        | "cpe:/o:redhat:enterprise_linux:7.9:GA:server"               |
| HOME_URL                        | "https://www.redhat.com/"                                    |
| ID                              | "rhel"                                                       |
| ID_LIKE                         | "fedora"                                                     |
| NAME                            | "Red Hat Enterprise Linux Server"                            |
| PRETTY_NAME                     | "Red Hat Enterprise Linux Server 7.9 (Maipo)"                |
| REDHAT_BUGZILLA_PRODUCT         | "Red Hat Enterprise Linux 7"                                 |
| REDHAT_BUGZILLA_PRODUCT_VERSION | 7.9                                                          |
| REDHAT_SUPPORT_PRODUCT          | "Red Hat Enterprise Linux"                                   |
| REDHAT_SUPPORT_PRODUCT_VERSION  | "7.9"                                                        |
| VARIANT                         | "Server"                                                     |
| VARIANT_ID                      | "server"                                                     |
| VERSION                         | "7.9 (Maipo)"                                                |
| VERSION_ID                      | "7.9"                                                        |
| cpu                             | Intel(R) Xeon(R) CPU E5-2680 v3 @ 2.50GHz                    |
| cpu_cores                       | 24                                                           |
| cpu_count                       | 24                                                           |
| cpu_threads                     | 24                                                           |
| date                            | 2022-11-20 03:40:52.552309                                   |
| frequency                       | scpufreq(current=1.5398333333333334, min=1200.0, max=3300.0) |
| mem.active                      | 65.0 GiB                                                     |
| mem.available                   | 179.1 GiB                                                    |
| mem.free                        | 179.3 GiB                                                    |
| mem.inactive                    | 1.0 GiB                                                      |
| mem.percent                     | 28.6 %                                                       |
| mem.total                       | 251.1 GiB                                                    |
| mem.used                        | 65.2 GiB                                                     |
| platform.version                | #1 SMP Tue Jul 26 14:15:37 UTC 2022                          |
| python                          | 3.9.8 (main, Feb  8 2022, 08:35:13)                          |
|                                 | [GCC 6.3.0]                                                  |
| python.pip                      | 22.2.2                                                       |
| python.version                  | 3.9.8                                                        |
| sys.platform                    | linux                                                        |
| uname.machine                   | x86_64                                                       |
| uname.node                      | c4                                                           |
| uname.processor                 | x86_64                                                       |
| uname.release                   | 3.10.0-1160.76.1.el7.x86_64                                  |
| uname.system                    | Linux                                                        |
| uname.version                   | #1 SMP Tue Jul 26 14:15:37 UTC 2022                          |
| user                            | haiyang                                                      |
+---------------------------------+--------------------------------------------------------------+

+---------------+----------+--------+-------+---------------------+----------------------------------------------------------------------------------------------------------------+-------+--------+---------+-------+-------------------------------------+
| Name          | Status   |   Time |   Sum | Start               | tag                                                                                                            | msg   | Node   | User    | OS    | Version                             |
|---------------+----------+--------+-------+---------------------+----------------------------------------------------------------------------------------------------------------+-------+--------+---------+-------+-------------------------------------|
| mpi-mergesort | ok       |  0.414 | 0.414 | 2022-11-20 03:40:52 | {'user': 'alex', 'node': 'v100', 'debug': False, 'size': 100, 'subsort': 'mp', 'sort': 'mpi', 'c': 14, 'p': 2} |       | c4     | haiyang | Linux | #1 SMP Tue Jul 26 14:15:37 UTC 2022 |
| mpi-generate  | ok       |  0     | 0     | 2022-11-20 03:40:52 | {'user': 'alex', 'node': 'v100', 'debug': False, 'size': 100, 'subsort': 'mp', 'sort': 'mpi', 'c': 14, 'p': 2} |       | c4     | haiyang | Linux | #1 SMP Tue Jul 26 14:15:37 UTC 2022 |
+---------------+----------+--------+-------+---------------------+----------------------------------------------------------------------------------------------------------------+-------+--------+---------+-------+-------------------------------------+
# csv,timer,status,time,sum,start,tag,msg,uname.node,user,uname.system,platform.version
# csv,mpi-mergesort,ok,0.414,0.414,2022-11-20 03:40:52,{'user': 'alex', 'node': 'v100', 'debug': False, 'size': 100, 'subsort': 'mp', 'sort': 'mpi', 'c': 14, 'p': 2},None,c4,haiyang,Linux,#1 SMP Tue Jul 26 14:15:37 UTC 2022
# csv,mpi-generate,ok,0.0,0.0,2022-11-20 03:40:52,{'user': 'alex', 'node': 'v100', 'debug': False, 'size': 100, 'subsort': 'mp', 'sort': 'mpi', 'c': 14, 'p': 2},None,c4,haiyang,Linux,#1 SMP Tue Jul 26 14:15:37 UTC 2022


+---------------------------------+--------------------------------------------------------------+
| Attribute                       | Value                                                        |
|---------------------------------+--------------------------------------------------------------|
| ANSI_COLOR                      | "0;31"                                                       |
| BUG_REPORT_URL                  | "https://bugzilla.redhat.com/"                               |
| CPE_NAME                        | "cpe:/o:redhat:enterprise_linux:7.9:GA:server"               |
| HOME_URL                        | "https://www.redhat.com/"                                    |
| ID                              | "rhel"                                                       |
| ID_LIKE                         | "fedora"                                                     |
| NAME                            | "Red Hat Enterprise Linux Server"                            |
| PRETTY_NAME                     | "Red Hat Enterprise Linux Server 7.9 (Maipo)"                |
| REDHAT_BUGZILLA_PRODUCT         | "Red Hat Enterprise Linux 7"                                 |
| REDHAT_BUGZILLA_PRODUCT_VERSION | 7.9                                                          |
| REDHAT_SUPPORT_PRODUCT          | "Red Hat Enterprise Linux"                                   |
| REDHAT_SUPPORT_PRODUCT_VERSION  | "7.9"                                                        |
| VARIANT                         | "Server"                                                     |
| VARIANT_ID                      | "server"                                                     |
| VERSION                         | "7.9 (Maipo)"                                                |
| VERSION_ID                      | "7.9"                                                        |
| cpu                             | Intel(R) Xeon(R) CPU E5-2680 v3 @ 2.50GHz                    |
| cpu_cores                       | 24                                                           |
| cpu_count                       | 24                                                           |
| cpu_threads                     | 24                                                           |
| date                            | 2022-11-20 03:40:55.522454                                   |
| frequency                       | scpufreq(current=1.5712500000000007, min=1200.0, max=3300.0) |
| mem.active                      | 65.0 GiB                                                     |
| mem.available                   | 179.1 GiB                                                    |
| mem.free                        | 179.3 GiB                                                    |
| mem.inactive                    | 1.0 GiB                                                      |
| mem.percent                     | 28.7 %                                                       |
| mem.total                       | 251.1 GiB                                                    |
| mem.used                        | 65.2 GiB                                                     |
| platform.version                | #1 SMP Tue Jul 26 14:15:37 UTC 2022                          |
| python                          | 3.9.8 (main, Feb  8 2022, 08:35:13)                          |
|                                 | [GCC 6.3.0]                                                  |
| python.pip                      | 22.2.2                                                       |
| python.version                  | 3.9.8                                                        |
| sys.platform                    | linux                                                        |
| uname.machine                   | x86_64                                                       |
| uname.node                      | c4                                                           |
| uname.processor                 | x86_64                                                       |
| uname.release                   | 3.10.0-1160.76.1.el7.x86_64                                  |
| uname.system                    | Linux                                                        |
| uname.version                   | #1 SMP Tue Jul 26 14:15:37 UTC 2022                          |
| user                            | haiyang                                                      |
+---------------------------------+--------------------------------------------------------------+

+---------------+----------+--------+-------+---------------------+----------------------------------------------------------------------------------------------------------------+-------+--------+---------+-------+-------------------------------------+
| Name          | Status   |   Time |   Sum | Start               | tag                                                                                                            | msg   | Node   | User    | OS    | Version                             |
|---------------+----------+--------+-------+---------------------+----------------------------------------------------------------------------------------------------------------+-------+--------+---------+-------+-------------------------------------|
| mpi-mergesort | ok       |   0.42 |  0.42 | 2022-11-20 03:40:55 | {'user': 'alex', 'node': 'v100', 'debug': False, 'size': 100, 'subsort': 'mp', 'sort': 'mpi', 'c': 14, 'p': 2} |       | c4     | haiyang | Linux | #1 SMP Tue Jul 26 14:15:37 UTC 2022 |
| mpi-generate  | ok       |   0    |  0    | 2022-11-20 03:40:55 | {'user': 'alex', 'node': 'v100', 'debug': False, 'size': 100, 'subsort': 'mp', 'sort': 'mpi', 'c': 14, 'p': 2} |       | c4     | haiyang | Linux | #1 SMP Tue Jul 26 14:15:37 UTC 2022 |
+---------------+----------+--------+-------+---------------------+----------------------------------------------------------------------------------------------------------------+-------+--------+---------+-------+-------------------------------------+
# csv,timer,status,time,sum,start,tag,msg,uname.node,user,uname.system,platform.version
# csv,mpi-mergesort,ok,0.42,0.42,2022-11-20 03:40:55,{'user': 'alex', 'node': 'v100', 'debug': False, 'size': 100, 'subsort': 'mp', 'sort': 'mpi', 'c': 14, 'p': 2},None,c4,haiyang,Linux,#1 SMP Tue Jul 26 14:15:37 UTC 2022
# csv,mpi-generate,ok,0.0,0.0,2022-11-20 03:40:55,{'user': 'alex', 'node': 'v100', 'debug': False, 'size': 100, 'subsort': 'mp', 'sort': 'mpi', 'c': 14, 'p': 2},None,c4,haiyang,Linux,#1 SMP Tue Jul 26 14:15:37 UTC 2022


+---------------------------------+--------------------------------------------------------------+
| Attribute                       | Value                                                        |
|---------------------------------+--------------------------------------------------------------|
| ANSI_COLOR                      | "0;31"                                                       |
| BUG_REPORT_URL                  | "https://bugzilla.redhat.com/"                               |
| CPE_NAME                        | "cpe:/o:redhat:enterprise_linux:7.9:GA:server"               |
| HOME_URL                        | "https://www.redhat.com/"                                    |
| ID                              | "rhel"                                                       |
| ID_LIKE                         | "fedora"                                                     |
| NAME                            | "Red Hat Enterprise Linux Server"                            |
| PRETTY_NAME                     | "Red Hat Enterprise Linux Server 7.9 (Maipo)"                |
| REDHAT_BUGZILLA_PRODUCT         | "Red Hat Enterprise Linux 7"                                 |
| REDHAT_BUGZILLA_PRODUCT_VERSION | 7.9                                                          |
| REDHAT_SUPPORT_PRODUCT          | "Red Hat Enterprise Linux"                                   |
| REDHAT_SUPPORT_PRODUCT_VERSION  | "7.9"                                                        |
| VARIANT                         | "Server"                                                     |
| VARIANT_ID                      | "server"                                                     |
| VERSION                         | "7.9 (Maipo)"                                                |
| VERSION_ID                      | "7.9"                                                        |
| cpu                             | Intel(R) Xeon(R) CPU E5-2680 v3 @ 2.50GHz                    |
| cpu_cores                       | 24                                                           |
| cpu_count                       | 24                                                           |
| cpu_threads                     | 24                                                           |
| date                            | 2022-11-20 03:40:58.479281                                   |
| frequency                       | scpufreq(current=1.5528333333333333, min=1200.0, max=3300.0) |
| mem.active                      | 65.1 GiB                                                     |
| mem.available                   | 179.1 GiB                                                    |
| mem.free                        | 179.2 GiB                                                    |
| mem.inactive                    | 1.0 GiB                                                      |
| mem.percent                     | 28.7 %                                                       |
| mem.total                       | 251.1 GiB                                                    |
| mem.used                        | 65.2 GiB                                                     |
| platform.version                | #1 SMP Tue Jul 26 14:15:37 UTC 2022                          |
| python                          | 3.9.8 (main, Feb  8 2022, 08:35:13)                          |
|                                 | [GCC 6.3.0]                                                  |
| python.pip                      | 22.2.2                                                       |
| python.version                  | 3.9.8                                                        |
| sys.platform                    | linux                                                        |
| uname.machine                   | x86_64                                                       |
| uname.node                      | c4                                                           |
| uname.processor                 | x86_64                                                       |
| uname.release                   | 3.10.0-1160.76.1.el7.x86_64                                  |
| uname.system                    | Linux                                                        |
| uname.version                   | #1 SMP Tue Jul 26 14:15:37 UTC 2022                          |
| user                            | haiyang                                                      |
+---------------------------------+--------------------------------------------------------------+

+---------------+----------+--------+-------+---------------------+----------------------------------------------------------------------------------------------------------------+-------+--------+---------+-------+-------------------------------------+
| Name          | Status   |   Time |   Sum | Start               | tag                                                                                                            | msg   | Node   | User    | OS    | Version                             |
|---------------+----------+--------+-------+---------------------+----------------------------------------------------------------------------------------------------------------+-------+--------+---------+-------+-------------------------------------|
| mpi-mergesort | ok       |  0.436 | 0.436 | 2022-11-20 03:40:58 | {'user': 'alex', 'node': 'v100', 'debug': False, 'size': 100, 'subsort': 'mp', 'sort': 'mpi', 'c': 14, 'p': 2} |       | c4     | haiyang | Linux | #1 SMP Tue Jul 26 14:15:37 UTC 2022 |
| mpi-generate  | ok       |  0     | 0     | 2022-11-20 03:40:58 | {'user': 'alex', 'node': 'v100', 'debug': False, 'size': 100, 'subsort': 'mp', 'sort': 'mpi', 'c': 14, 'p': 2} |       | c4     | haiyang | Linux | #1 SMP Tue Jul 26 14:15:37 UTC 2022 |
+---------------+----------+--------+-------+---------------------+----------------------------------------------------------------------------------------------------------------+-------+--------+---------+-------+-------------------------------------+
# csv,timer,status,time,sum,start,tag,msg,uname.node,user,uname.system,platform.version
# csv,mpi-mergesort,ok,0.436,0.436,2022-11-20 03:40:58,{'user': 'alex', 'node': 'v100', 'debug': False, 'size': 100, 'subsort': 'mp', 'sort': 'mpi', 'c': 14, 'p': 2},None,c4,haiyang,Linux,#1 SMP Tue Jul 26 14:15:37 UTC 2022
# csv,mpi-generate,ok,0.0,0.0,2022-11-20 03:40:58,{'user': 'alex', 'node': 'v100', 'debug': False, 'size': 100, 'subsort': 'mp', 'sort': 'mpi', 'c': 14, 'p': 2},None,c4,haiyang,Linux,#1 SMP Tue Jul 26 14:15:37 UTC 2022


+---------------------------------+--------------------------------------------------------------+
| Attribute                       | Value                                                        |
|---------------------------------+--------------------------------------------------------------|
| ANSI_COLOR                      | "0;31"                                                       |
| BUG_REPORT_URL                  | "https://bugzilla.redhat.com/"                               |
| CPE_NAME                        | "cpe:/o:redhat:enterprise_linux:7.9:GA:server"               |
| HOME_URL                        | "https://www.redhat.com/"                                    |
| ID                              | "rhel"                                                       |
| ID_LIKE                         | "fedora"                                                     |
| NAME                            | "Red Hat Enterprise Linux Server"                            |
| PRETTY_NAME                     | "Red Hat Enterprise Linux Server 7.9 (Maipo)"                |
| REDHAT_BUGZILLA_PRODUCT         | "Red Hat Enterprise Linux 7"                                 |
| REDHAT_BUGZILLA_PRODUCT_VERSION | 7.9                                                          |
| REDHAT_SUPPORT_PRODUCT          | "Red Hat Enterprise Linux"                                   |
| REDHAT_SUPPORT_PRODUCT_VERSION  | "7.9"                                                        |
| VARIANT                         | "Server"                                                     |
| VARIANT_ID                      | "server"                                                     |
| VERSION                         | "7.9 (Maipo)"                                                |
| VERSION_ID                      | "7.9"                                                        |
| cpu                             | Intel(R) Xeon(R) CPU E5-2680 v3 @ 2.50GHz                    |
| cpu_cores                       | 24                                                           |
| cpu_count                       | 24                                                           |
| cpu_threads                     | 24                                                           |
| date                            | 2022-11-20 03:41:01.395030                                   |
| frequency                       | scpufreq(current=1.5778333333333336, min=1200.0, max=3300.0) |
| mem.active                      | 65.1 GiB                                                     |
| mem.available                   | 179.1 GiB                                                    |
| mem.free                        | 179.2 GiB                                                    |
| mem.inactive                    | 1.0 GiB                                                      |
| mem.percent                     | 28.7 %                                                       |
| mem.total                       | 251.1 GiB                                                    |
| mem.used                        | 65.2 GiB                                                     |
| platform.version                | #1 SMP Tue Jul 26 14:15:37 UTC 2022                          |
| python                          | 3.9.8 (main, Feb  8 2022, 08:35:13)                          |
|                                 | [GCC 6.3.0]                                                  |
| python.pip                      | 22.2.2                                                       |
| python.version                  | 3.9.8                                                        |
| sys.platform                    | linux                                                        |
| uname.machine                   | x86_64                                                       |
| uname.node                      | c4                                                           |
| uname.processor                 | x86_64                                                       |
| uname.release                   | 3.10.0-1160.76.1.el7.x86_64                                  |
| uname.system                    | Linux                                                        |
| uname.version                   | #1 SMP Tue Jul 26 14:15:37 UTC 2022                          |
| user                            | haiyang                                                      |
+---------------------------------+--------------------------------------------------------------+

+---------------+----------+--------+-------+---------------------+----------------------------------------------------------------------------------------------------------------+-------+--------+---------+-------+-------------------------------------+
| Name          | Status   |   Time |   Sum | Start               | tag                                                                                                            | msg   | Node   | User    | OS    | Version                             |
|---------------+----------+--------+-------+---------------------+----------------------------------------------------------------------------------------------------------------+-------+--------+---------+-------+-------------------------------------|
| mpi-mergesort | ok       |  0.392 | 0.392 | 2022-11-20 03:41:00 | {'user': 'alex', 'node': 'v100', 'debug': False, 'size': 100, 'subsort': 'mp', 'sort': 'mpi', 'c': 14, 'p': 2} |       | c4     | haiyang | Linux | #1 SMP Tue Jul 26 14:15:37 UTC 2022 |
| mpi-generate  | ok       |  0     | 0     | 2022-11-20 03:41:00 | {'user': 'alex', 'node': 'v100', 'debug': False, 'size': 100, 'subsort': 'mp', 'sort': 'mpi', 'c': 14, 'p': 2} |       | c4     | haiyang | Linux | #1 SMP Tue Jul 26 14:15:37 UTC 2022 |
+---------------+----------+--------+-------+---------------------+----------------------------------------------------------------------------------------------------------------+-------+--------+---------+-------+-------------------------------------+
# csv,timer,status,time,sum,start,tag,msg,uname.node,user,uname.system,platform.version
# csv,mpi-mergesort,ok,0.392,0.392,2022-11-20 03:41:00,{'user': 'alex', 'node': 'v100', 'debug': False, 'size': 100, 'subsort': 'mp', 'sort': 'mpi', 'c': 14, 'p': 2},None,c4,haiyang,Linux,#1 SMP Tue Jul 26 14:15:37 UTC 2022
# csv,mpi-generate,ok,0.0,0.0,2022-11-20 03:41:00,{'user': 'alex', 'node': 'v100', 'debug': False, 'size': 100, 'subsort': 'mp', 'sort': 'mpi', 'c': 14, 'p': 2},None,c4,haiyang,Linux,#1 SMP Tue Jul 26 14:15:37 UTC 2022


+---------------------------------+--------------------------------------------------------------+
| Attribute                       | Value                                                        |
|---------------------------------+--------------------------------------------------------------|
| ANSI_COLOR                      | "0;31"                                                       |
| BUG_REPORT_URL                  | "https://bugzilla.redhat.com/"                               |
| CPE_NAME                        | "cpe:/o:redhat:enterprise_linux:7.9:GA:server"               |
| HOME_URL                        | "https://www.redhat.com/"                                    |
| ID                              | "rhel"                                                       |
| ID_LIKE                         | "fedora"                                                     |
| NAME                            | "Red Hat Enterprise Linux Server"                            |
| PRETTY_NAME                     | "Red Hat Enterprise Linux Server 7.9 (Maipo)"                |
| REDHAT_BUGZILLA_PRODUCT         | "Red Hat Enterprise Linux 7"                                 |
| REDHAT_BUGZILLA_PRODUCT_VERSION | 7.9                                                          |
| REDHAT_SUPPORT_PRODUCT          | "Red Hat Enterprise Linux"                                   |
| REDHAT_SUPPORT_PRODUCT_VERSION  | "7.9"                                                        |
| VARIANT                         | "Server"                                                     |
| VARIANT_ID                      | "server"                                                     |
| VERSION                         | "7.9 (Maipo)"                                                |
| VERSION_ID                      | "7.9"                                                        |
| cpu                             | Intel(R) Xeon(R) CPU E5-2680 v3 @ 2.50GHz                    |
| cpu_cores                       | 24                                                           |
| cpu_count                       | 24                                                           |
| cpu_threads                     | 24                                                           |
| date                            | 2022-11-20 03:41:04.326217                                   |
| frequency                       | scpufreq(current=1.5411666666666666, min=1200.0, max=3300.0) |
| mem.active                      | 65.1 GiB                                                     |
| mem.available                   | 179.1 GiB                                                    |
| mem.free                        | 179.2 GiB                                                    |
| mem.inactive                    | 1.0 GiB                                                      |
| mem.percent                     | 28.7 %                                                       |
| mem.total                       | 251.1 GiB                                                    |
| mem.used                        | 65.2 GiB                                                     |
| platform.version                | #1 SMP Tue Jul 26 14:15:37 UTC 2022                          |
| python                          | 3.9.8 (main, Feb  8 2022, 08:35:13)                          |
|                                 | [GCC 6.3.0]                                                  |
| python.pip                      | 22.2.2                                                       |
| python.version                  | 3.9.8                                                        |
| sys.platform                    | linux                                                        |
| uname.machine                   | x86_64                                                       |
| uname.node                      | c4                                                           |
| uname.processor                 | x86_64                                                       |
| uname.release                   | 3.10.0-1160.76.1.el7.x86_64                                  |
| uname.system                    | Linux                                                        |
| uname.version                   | #1 SMP Tue Jul 26 14:15:37 UTC 2022                          |
| user                            | haiyang                                                      |
+---------------------------------+--------------------------------------------------------------+

+---------------+----------+--------+-------+---------------------+----------------------------------------------------------------------------------------------------------------+-------+--------+---------+-------+-------------------------------------+
| Name          | Status   |   Time |   Sum | Start               | tag                                                                                                            | msg   | Node   | User    | OS    | Version                             |
|---------------+----------+--------+-------+---------------------+----------------------------------------------------------------------------------------------------------------+-------+--------+---------+-------+-------------------------------------|
| mpi-mergesort | ok       |   0.39 |  0.39 | 2022-11-20 03:41:03 | {'user': 'alex', 'node': 'v100', 'debug': False, 'size': 100, 'subsort': 'mp', 'sort': 'mpi', 'c': 14, 'p': 2} |       | c4     | haiyang | Linux | #1 SMP Tue Jul 26 14:15:37 UTC 2022 |
| mpi-generate  | ok       |   0    |  0    | 2022-11-20 03:41:03 | {'user': 'alex', 'node': 'v100', 'debug': False, 'size': 100, 'subsort': 'mp', 'sort': 'mpi', 'c': 14, 'p': 2} |       | c4     | haiyang | Linux | #1 SMP Tue Jul 26 14:15:37 UTC 2022 |
+---------------+----------+--------+-------+---------------------+----------------------------------------------------------------------------------------------------------------+-------+--------+---------+-------+-------------------------------------+
# csv,timer,status,time,sum,start,tag,msg,uname.node,user,uname.system,platform.version
# csv,mpi-mergesort,ok,0.39,0.39,2022-11-20 03:41:03,{'user': 'alex', 'node': 'v100', 'debug': False, 'size': 100, 'subsort': 'mp', 'sort': 'mpi', 'c': 14, 'p': 2},None,c4,haiyang,Linux,#1 SMP Tue Jul 26 14:15:37 UTC 2022
# csv,mpi-generate,ok,0.0,0.0,2022-11-20 03:41:03,{'user': 'alex', 'node': 'v100', 'debug': False, 'size': 100, 'subsort': 'mp', 'sort': 'mpi', 'c': 14, 'p': 2},None,c4,haiyang,Linux,#1 SMP Tue Jul 26 14:15:37 UTC 2022


+---------------------------------+--------------------------------------------------------------+
| Attribute                       | Value                                                        |
|---------------------------------+--------------------------------------------------------------|
| ANSI_COLOR                      | "0;31"                                                       |
| BUG_REPORT_URL                  | "https://bugzilla.redhat.com/"                               |
| CPE_NAME                        | "cpe:/o:redhat:enterprise_linux:7.9:GA:server"               |
| HOME_URL                        | "https://www.redhat.com/"                                    |
| ID                              | "rhel"                                                       |
| ID_LIKE                         | "fedora"                                                     |
| NAME                            | "Red Hat Enterprise Linux Server"                            |
| PRETTY_NAME                     | "Red Hat Enterprise Linux Server 7.9 (Maipo)"                |
| REDHAT_BUGZILLA_PRODUCT         | "Red Hat Enterprise Linux 7"                                 |
| REDHAT_BUGZILLA_PRODUCT_VERSION | 7.9                                                          |
| REDHAT_SUPPORT_PRODUCT          | "Red Hat Enterprise Linux"                                   |
| REDHAT_SUPPORT_PRODUCT_VERSION  | "7.9"                                                        |
| VARIANT                         | "Server"                                                     |
| VARIANT_ID                      | "server"                                                     |
| VERSION                         | "7.9 (Maipo)"                                                |
| VERSION_ID                      | "7.9"                                                        |
| cpu                             | Intel(R) Xeon(R) CPU E5-2680 v3 @ 2.50GHz                    |
| cpu_cores                       | 24                                                           |
| cpu_count                       | 24                                                           |
| cpu_threads                     | 24                                                           |
| date                            | 2022-11-20 03:41:07.284304                                   |
| frequency                       | scpufreq(current=1.5414583333333338, min=1200.0, max=3300.0) |
| mem.active                      | 65.1 GiB                                                     |
| mem.available                   | 179.0 GiB                                                    |
| mem.free                        | 179.2 GiB                                                    |
| mem.inactive                    | 1.0 GiB                                                      |
| mem.percent                     | 28.7 %                                                       |
| mem.total                       | 251.1 GiB                                                    |
| mem.used                        | 65.3 GiB                                                     |
| platform.version                | #1 SMP Tue Jul 26 14:15:37 UTC 2022                          |
| python                          | 3.9.8 (main, Feb  8 2022, 08:35:13)                          |
|                                 | [GCC 6.3.0]                                                  |
| python.pip                      | 22.2.2                                                       |
| python.version                  | 3.9.8                                                        |
| sys.platform                    | linux                                                        |
| uname.machine                   | x86_64                                                       |
| uname.node                      | c4                                                           |
| uname.processor                 | x86_64                                                       |
| uname.release                   | 3.10.0-1160.76.1.el7.x86_64                                  |
| uname.system                    | Linux                                                        |
| uname.version                   | #1 SMP Tue Jul 26 14:15:37 UTC 2022                          |
| user                            | haiyang                                                      |
+---------------------------------+--------------------------------------------------------------+

+---------------+----------+--------+-------+---------------------+----------------------------------------------------------------------------------------------------------------+-------+--------+---------+-------+-------------------------------------+
| Name          | Status   |   Time |   Sum | Start               | tag                                                                                                            | msg   | Node   | User    | OS    | Version                             |
|---------------+----------+--------+-------+---------------------+----------------------------------------------------------------------------------------------------------------+-------+--------+---------+-------+-------------------------------------|
| mpi-mergesort | ok       |  0.442 | 0.442 | 2022-11-20 03:41:06 | {'user': 'alex', 'node': 'v100', 'debug': False, 'size': 100, 'subsort': 'mp', 'sort': 'mpi', 'c': 14, 'p': 2} |       | c4     | haiyang | Linux | #1 SMP Tue Jul 26 14:15:37 UTC 2022 |
| mpi-generate  | ok       |  0     | 0     | 2022-11-20 03:41:06 | {'user': 'alex', 'node': 'v100', 'debug': False, 'size': 100, 'subsort': 'mp', 'sort': 'mpi', 'c': 14, 'p': 2} |       | c4     | haiyang | Linux | #1 SMP Tue Jul 26 14:15:37 UTC 2022 |
+---------------+----------+--------+-------+---------------------+----------------------------------------------------------------------------------------------------------------+-------+--------+---------+-------+-------------------------------------+
# csv,timer,status,time,sum,start,tag,msg,uname.node,user,uname.system,platform.version
# csv,mpi-mergesort,ok,0.442,0.442,2022-11-20 03:41:06,{'user': 'alex', 'node': 'v100', 'debug': False, 'size': 100, 'subsort': 'mp', 'sort': 'mpi', 'c': 14, 'p': 2},None,c4,haiyang,Linux,#1 SMP Tue Jul 26 14:15:37 UTC 2022
# csv,mpi-generate,ok,0.0,0.0,2022-11-20 03:41:06,{'user': 'alex', 'node': 'v100', 'debug': False, 'size': 100, 'subsort': 'mp', 'sort': 'mpi', 'c': 14, 'p': 2},None,c4,haiyang,Linux,#1 SMP Tue Jul 26 14:15:37 UTC 2022


+---------------------------------+--------------------------------------------------------------+
| Attribute                       | Value                                                        |
|---------------------------------+--------------------------------------------------------------|
| ANSI_COLOR                      | "0;31"                                                       |
| BUG_REPORT_URL                  | "https://bugzilla.redhat.com/"                               |
| CPE_NAME                        | "cpe:/o:redhat:enterprise_linux:7.9:GA:server"               |
| HOME_URL                        | "https://www.redhat.com/"                                    |
| ID                              | "rhel"                                                       |
| ID_LIKE                         | "fedora"                                                     |
| NAME                            | "Red Hat Enterprise Linux Server"                            |
| PRETTY_NAME                     | "Red Hat Enterprise Linux Server 7.9 (Maipo)"                |
| REDHAT_BUGZILLA_PRODUCT         | "Red Hat Enterprise Linux 7"                                 |
| REDHAT_BUGZILLA_PRODUCT_VERSION | 7.9                                                          |
| REDHAT_SUPPORT_PRODUCT          | "Red Hat Enterprise Linux"                                   |
| REDHAT_SUPPORT_PRODUCT_VERSION  | "7.9"                                                        |
| VARIANT                         | "Server"                                                     |
| VARIANT_ID                      | "server"                                                     |
| VERSION                         | "7.9 (Maipo)"                                                |
| VERSION_ID                      | "7.9"                                                        |
| cpu                             | Intel(R) Xeon(R) CPU E5-2680 v3 @ 2.50GHz                    |
| cpu_cores                       | 24                                                           |
| cpu_count                       | 24                                                           |
| cpu_threads                     | 24                                                           |
| date                            | 2022-11-20 03:41:10.208042                                   |
| frequency                       | scpufreq(current=1.5489583333333334, min=1200.0, max=3300.0) |
| mem.active                      | 65.1 GiB                                                     |
| mem.available                   | 179.0 GiB                                                    |
| mem.free                        | 179.2 GiB                                                    |
| mem.inactive                    | 1.0 GiB                                                      |
| mem.percent                     | 28.7 %                                                       |
| mem.total                       | 251.1 GiB                                                    |
| mem.used                        | 65.3 GiB                                                     |
| platform.version                | #1 SMP Tue Jul 26 14:15:37 UTC 2022                          |
| python                          | 3.9.8 (main, Feb  8 2022, 08:35:13)                          |
|                                 | [GCC 6.3.0]                                                  |
| python.pip                      | 22.2.2                                                       |
| python.version                  | 3.9.8                                                        |
| sys.platform                    | linux                                                        |
| uname.machine                   | x86_64                                                       |
| uname.node                      | c4                                                           |
| uname.processor                 | x86_64                                                       |
| uname.release                   | 3.10.0-1160.76.1.el7.x86_64                                  |
| uname.system                    | Linux                                                        |
| uname.version                   | #1 SMP Tue Jul 26 14:15:37 UTC 2022                          |
| user                            | haiyang                                                      |
+---------------------------------+--------------------------------------------------------------+

+---------------+----------+--------+-------+---------------------+----------------------------------------------------------------------------------------------------------------+-------+--------+---------+-------+-------------------------------------+
| Name          | Status   |   Time |   Sum | Start               | tag                                                                                                            | msg   | Node   | User    | OS    | Version                             |
|---------------+----------+--------+-------+---------------------+----------------------------------------------------------------------------------------------------------------+-------+--------+---------+-------+-------------------------------------|
| mpi-mergesort | ok       |  0.412 | 0.412 | 2022-11-20 03:41:09 | {'user': 'alex', 'node': 'v100', 'debug': False, 'size': 100, 'subsort': 'mp', 'sort': 'mpi', 'c': 14, 'p': 2} |       | c4     | haiyang | Linux | #1 SMP Tue Jul 26 14:15:37 UTC 2022 |
| mpi-generate  | ok       |  0     | 0     | 2022-11-20 03:41:09 | {'user': 'alex', 'node': 'v100', 'debug': False, 'size': 100, 'subsort': 'mp', 'sort': 'mpi', 'c': 14, 'p': 2} |       | c4     | haiyang | Linux | #1 SMP Tue Jul 26 14:15:37 UTC 2022 |
+---------------+----------+--------+-------+---------------------+----------------------------------------------------------------------------------------------------------------+-------+--------+---------+-------+-------------------------------------+
# csv,timer,status,time,sum,start,tag,msg,uname.node,user,uname.system,platform.version
# csv,mpi-mergesort,ok,0.412,0.412,2022-11-20 03:41:09,{'user': 'alex', 'node': 'v100', 'debug': False, 'size': 100, 'subsort': 'mp', 'sort': 'mpi', 'c': 14, 'p': 2},None,c4,haiyang,Linux,#1 SMP Tue Jul 26 14:15:37 UTC 2022
# csv,mpi-generate,ok,0.0,0.0,2022-11-20 03:41:09,{'user': 'alex', 'node': 'v100', 'debug': False, 'size': 100, 'subsort': 'mp', 'sort': 'mpi', 'c': 14, 'p': 2},None,c4,haiyang,Linux,#1 SMP Tue Jul 26 14:15:37 UTC 2022


+---------------------------------+-------------------------------------------------------------+
| Attribute                       | Value                                                       |
|---------------------------------+-------------------------------------------------------------|
| ANSI_COLOR                      | "0;31"                                                      |
| BUG_REPORT_URL                  | "https://bugzilla.redhat.com/"                              |
| CPE_NAME                        | "cpe:/o:redhat:enterprise_linux:7.9:GA:server"              |
| HOME_URL                        | "https://www.redhat.com/"                                   |
| ID                              | "rhel"                                                      |
| ID_LIKE                         | "fedora"                                                    |
| NAME                            | "Red Hat Enterprise Linux Server"                           |
| PRETTY_NAME                     | "Red Hat Enterprise Linux Server 7.9 (Maipo)"               |
| REDHAT_BUGZILLA_PRODUCT         | "Red Hat Enterprise Linux 7"                                |
| REDHAT_BUGZILLA_PRODUCT_VERSION | 7.9                                                         |
| REDHAT_SUPPORT_PRODUCT          | "Red Hat Enterprise Linux"                                  |
| REDHAT_SUPPORT_PRODUCT_VERSION  | "7.9"                                                       |
| VARIANT                         | "Server"                                                    |
| VARIANT_ID                      | "server"                                                    |
| VERSION                         | "7.9 (Maipo)"                                               |
| VERSION_ID                      | "7.9"                                                       |
| cpu                             | Intel(R) Xeon(R) CPU E5-2680 v3 @ 2.50GHz                   |
| cpu_cores                       | 24                                                          |
| cpu_count                       | 24                                                          |
| cpu_threads                     | 24                                                          |
| date                            | 2022-11-20 03:41:13.131484                                  |
| frequency                       | scpufreq(current=1.556541666666667, min=1200.0, max=3300.0) |
| mem.active                      | 65.1 GiB                                                    |
| mem.available                   | 179.0 GiB                                                   |
| mem.free                        | 179.2 GiB                                                   |
| mem.inactive                    | 1.0 GiB                                                     |
| mem.percent                     | 28.7 %                                                      |
| mem.total                       | 251.1 GiB                                                   |
| mem.used                        | 65.3 GiB                                                    |
| platform.version                | #1 SMP Tue Jul 26 14:15:37 UTC 2022                         |
| python                          | 3.9.8 (main, Feb  8 2022, 08:35:13)                         |
|                                 | [GCC 6.3.0]                                                 |
| python.pip                      | 22.2.2                                                      |
| python.version                  | 3.9.8                                                       |
| sys.platform                    | linux                                                       |
| uname.machine                   | x86_64                                                      |
| uname.node                      | c4                                                          |
| uname.processor                 | x86_64                                                      |
| uname.release                   | 3.10.0-1160.76.1.el7.x86_64                                 |
| uname.system                    | Linux                                                       |
| uname.version                   | #1 SMP Tue Jul 26 14:15:37 UTC 2022                         |
| user                            | haiyang                                                     |
+---------------------------------+-------------------------------------------------------------+

+---------------+----------+--------+-------+---------------------+----------------------------------------------------------------------------------------------------------------+-------+--------+---------+-------+-------------------------------------+
| Name          | Status   |   Time |   Sum | Start               | tag                                                                                                            | msg   | Node   | User    | OS    | Version                             |
|---------------+----------+--------+-------+---------------------+----------------------------------------------------------------------------------------------------------------+-------+--------+---------+-------+-------------------------------------|
| mpi-mergesort | ok       |  0.416 | 0.416 | 2022-11-20 03:41:12 | {'user': 'alex', 'node': 'v100', 'debug': False, 'size': 100, 'subsort': 'mp', 'sort': 'mpi', 'c': 14, 'p': 2} |       | c4     | haiyang | Linux | #1 SMP Tue Jul 26 14:15:37 UTC 2022 |
| mpi-generate  | ok       |  0     | 0     | 2022-11-20 03:41:12 | {'user': 'alex', 'node': 'v100', 'debug': False, 'size': 100, 'subsort': 'mp', 'sort': 'mpi', 'c': 14, 'p': 2} |       | c4     | haiyang | Linux | #1 SMP Tue Jul 26 14:15:37 UTC 2022 |
+---------------+----------+--------+-------+---------------------+----------------------------------------------------------------------------------------------------------------+-------+--------+---------+-------+-------------------------------------+
# csv,timer,status,time,sum,start,tag,msg,uname.node,user,uname.system,platform.version
# csv,mpi-mergesort,ok,0.416,0.416,2022-11-20 03:41:12,{'user': 'alex', 'node': 'v100', 'debug': False, 'size': 100, 'subsort': 'mp', 'sort': 'mpi', 'c': 14, 'p': 2},None,c4,haiyang,Linux,#1 SMP Tue Jul 26 14:15:37 UTC 2022
# csv,mpi-generate,ok,0.0,0.0,2022-11-20 03:41:12,{'user': 'alex', 'node': 'v100', 'debug': False, 'size': 100, 'subsort': 'mp', 'sort': 'mpi', 'c': 14, 'p': 2},None,c4,haiyang,Linux,#1 SMP Tue Jul 26 14:15:37 UTC 2022

