Starting experiment
Processes: 2
Cores:     24
Size:      5000000
Repeat:    5
Debug:     False
Sort:      MPI
Algorithm: mp
Tag:       None
Total:     5
Experiment 4         : size=5000000 processes=2 cores=24 repeat=0 last_time=undefined                     
Experiment 3         : size=5000000 processes=2 cores=24 repeat=1 last_time=undefined                     
Experiment 2         : size=5000000 processes=2 cores=24 repeat=2 last_time=undefined                     
Experiment 1         : size=5000000 processes=2 cores=24 repeat=3 last_time=undefined                     
Experiment 0         : size=5000000 processes=2 cores=24 repeat=4 last_time=undefined                     
   | "https://bugzilla.redhat.com/"                               |
| CPE_NAME                        | "cpe:/o:redhat:enterprise_linux:7.9:GA:server"               |
| HOME_URL                        | "https://www.redhat.com/"                                    |
| ID                              | "rhel"                                                       |
| ID_LIKE                         | "fedora"                                                     |
| NAME                            | "Red Hat Enterprise Linux Server"                            |
| PRETTY_NAME                     | "Red Hat Enterprise Linux Server 7.9 (Maipo)"                |
| REDHAT_BUGZILLA_PRODUCT         | "Red Hat Enterprise Linux 7"                                 |
| REDHAT_BUGZILLA_PRODUCT_VERSION | 7.9                                                          |
| REDHAT_SUPPORT_PRODUCT          | "Red Hat Enterprise Linux"                                   |
| REDHAT_SUPPORT_PRODUCT_VERSION  | "7.9"                                                        |
| VARIANT                         | "Server"                                                     |
| VARIANT_ID                      | "server"                                                     |
| VERSION                         | "7.9 (Maipo)"                                                |
| VERSION_ID                      | "7.9"                                                        |
| cpu                             | Intel(R) Xeon(R) CPU E5-2680 v3 @ 2.50GHz                    |
| cpu_cores                       | 24                                                           |
| cpu_count                       | 24                                                           |
| cpu_threads                     | 24                                                           |
| date                            | 2022-11-20 05:20:37.574937                                   |
| frequency                       | scpufreq(current=2.1716666666666664, min=1200.0, max=3300.0) |
| mem.active                      | 62.4 GiB                                                     |
| mem.available                   | 185.0 GiB                                                    |
| mem.free                        | 167.6 GiB                                                    |
| mem.inactive                    | 7.4 GiB                                                      |
| mem.percent                     | 26.3 %                                                       |
| mem.total                       | 251.1 GiB                                                    |
| mem.used                        | 58.4 GiB                                                     |
| platform.version                | #1 SMP Tue Jul 26 14:15:37 UTC 2022                          |
| python                          | 3.9.8 (main, Feb  8 2022, 08:35:13)                          |
|                                 | [GCC 6.3.0]                                                  |
| python.pip                      | 22.2.2                                                       |
| python.version                  | 3.9.8                                                        |
| sys.platform                    | linux                                                        |
| uname.machine                   | x86_64                                                       |
| uname.node                      | c14                                                          |
| uname.processor                 | x86_64                                                       |
| uname.release                   | 3.10.0-1160.76.1.el7.x86_64                                  |
| uname.system                    | Linux                                                        |
| uname.version                   | #1 SMP Tue Jul 26 14:15:37 UTC 2022                          |
| user                            | haiyang                                                      |
+---------------------------------+--------------------------------------------------------------+

+---------------+----------+--------+--------+---------------------+--------------------------------------------------------------------------------------------------------------------+-------+--------+---------+-------+-------------------------------------+
| Name          | Status   |   Time |    Sum | Start               | tag                                                                                                                | msg   | Node   | User    | OS    | Version                             |
|---------------+----------+--------+--------+---------------------+--------------------------------------------------------------------------------------------------------------------+-------+--------+---------+-------+-------------------------------------|
| mpi-mergesort | ok       | 18.572 | 18.572 | 2022-11-20 05:20:18 | {'user': 'alex', 'node': 'v100', 'debug': False, 'size': 5000000, 'subsort': 'mp', 'sort': 'mpi', 'c': 24, 'p': 2} |       | c14    | haiyang | Linux | #1 SMP Tue Jul 26 14:15:37 UTC 2022 |
| mpi-generate  | ok       |  0.085 |  0.085 | 2022-11-20 05:20:18 | {'user': 'alex', 'node': 'v100', 'debug': False, 'size': 5000000, 'subsort': 'mp', 'sort': 'mpi', 'c': 24, 'p': 2} |       | c14    | haiyang | Linux | #1 SMP Tue Jul 26 14:15:37 UTC 2022 |
+---------------+----------+--------+--------+---------------------+--------------------------------------------------------------------------------------------------------------------+-------+--------+---------+-------+-------------------------------------+
# csv,timer,status,time,sum,start,tag,msg,uname.node,user,uname.system,platform.version
# csv,mpi-mergesort,ok,18.572,18.572,2022-11-20 05:20:18,{'user': 'alex', 'node': 'v100', 'debug': False, 'size': 5000000, 'subsort': 'mp', 'sort': 'mpi', 'c': 24, 'p': 2},None,c14,haiyang,Linux,#1 SMP Tue Jul 26 14:15:37 UTC 2022
# csv,mpi-generate,ok,0.085,0.085,2022-11-20 05:20:18,{'user': 'alex', 'node': 'v100', 'debug': False, 'size': 5000000, 'subsort': 'mp', 'sort': 'mpi', 'c': 24, 'p': 2},None,c14,haiyang,Linux,#1 SMP Tue Jul 26 14:15:37 UTC 2022


+---------------------------------+--------------------------------------------------+
| Attribute                       | Value                                            |
|---------------------------------+--------------------------------------------------|
| ANSI_COLOR                      | "0;31"                                           |
| BUG_REPORT_URL                  | "https://bugzilla.redhat.com/"                   |
| CPE_NAME                        | "cpe:/o:redhat:enterprise_linux:7.9:GA:server"   |
| HOME_URL                        | "https://www.redhat.com/"                        |
| ID                              | "rhel"                                           |
| ID_LIKE                         | "fedora"                                         |
| NAME                            | "Red Hat Enterprise Linux Server"                |
| PRETTY_NAME                     | "Red Hat Enterprise Linux Server 7.9 (Maipo)"    |
| REDHAT_BUGZILLA_PRODUCT         | "Red Hat Enterprise Linux 7"                     |
| REDHAT_BUGZILLA_PRODUCT_VERSION | 7.9                                              |
| REDHAT_SUPPORT_PRODUCT          | "Red Hat Enterprise Linux"                       |
| REDHAT_SUPPORT_PRODUCT_VERSION  | "7.9"                                            |
| VARIANT                         | "Server"                                         |
| VARIANT_ID                      | "server"                                         |
| VERSION                         | "7.9 (Maipo)"                                    |
| VERSION_ID                      | "7.9"                                            |
| cpu                             | Intel(R) Xeon(R) CPU E5-2680 v3 @ 2.50GHz        |
| cpu_cores                       | 24                                               |
| cpu_count                       | 24                                               |
| cpu_threads                     | 24                                               |
| date                            | 2022-11-20 05:20:59.112369                       |
| frequency                       | scpufreq(current=2.2965, min=1200.0, max=3300.0) |
| mem.active                      | 62.3 GiB                                         |
| mem.available                   | 185.1 GiB                                        |
| mem.free                        | 167.7 GiB                                        |
| mem.inactive                    | 7.4 GiB                                          |
| mem.percent                     | 26.3 %                                           |
| mem.total                       | 251.1 GiB                                        |
| mem.used                        | 58.3 GiB                                         |
| platform.version                | #1 SMP Tue Jul 26 14:15:37 UTC 2022              |
| python                          | 3.9.8 (main, Feb  8 2022, 08:35:13)              |
|                                 | [GCC 6.3.0]                                      |
| python.pip                      | 22.2.2                                           |
| python.version                  | 3.9.8                                            |
| sys.platform                    | linux                                            |
| uname.machine                   | x86_64                                           |
| uname.node                      | c14                                              |
| uname.processor                 | x86_64                                           |
| uname.release                   | 3.10.0-1160.76.1.el7.x86_64                      |
| uname.system                    | Linux                                            |
| uname.version                   | #1 SMP Tue Jul 26 14:15:37 UTC 2022              |
| user                            | haiyang                                          |
+---------------------------------+--------------------------------------------------+

+---------------+----------+--------+--------+---------------------+--------------------------------------------------------------------------------------------------------------------+-------+--------+---------+-------+-------------------------------------+
| Name          | Status   |   Time |    Sum | Start               | tag                                                                                                                | msg   | Node   | User    | OS    | Version                             |
|---------------+----------+--------+--------+---------------------+--------------------------------------------------------------------------------------------------------------------+-------+--------+---------+-------+-------------------------------------|
| mpi-mergesort | ok       | 18.682 | 18.682 | 2022-11-20 05:20:40 | {'user': 'alex', 'node': 'v100', 'debug': False, 'size': 5000000, 'subsort': 'mp', 'sort': 'mpi', 'c': 24, 'p': 2} |       | c14    | haiyang | Linux | #1 SMP Tue Jul 26 14:15:37 UTC 2022 |
| mpi-generate  | ok       |  0.084 |  0.084 | 2022-11-20 05:20:40 | {'user': 'alex', 'node': 'v100', 'debug': False, 'size': 5000000, 'subsort': 'mp', 'sort': 'mpi', 'c': 24, 'p': 2} |       | c14    | haiyang | Linux | #1 SMP Tue Jul 26 14:15:37 UTC 2022 |
+---------------+----------+--------+--------+---------------------+--------------------------------------------------------------------------------------------------------------------+-------+--------+---------+-------+-------------------------------------+
# csv,timer,status,time,sum,start,tag,msg,uname.node,user,uname.system,platform.version
# csv,mpi-mergesort,ok,18.682,18.682,2022-11-20 05:20:40,{'user': 'alex', 'node': 'v100', 'debug': False, 'size': 5000000, 'subsort': 'mp', 'sort': 'mpi', 'c': 24, 'p': 2},None,c14,haiyang,Linux,#1 SMP Tue Jul 26 14:15:37 UTC 2022
# csv,mpi-generate,ok,0.084,0.084,2022-11-20 05:20:40,{'user': 'alex', 'node': 'v100', 'debug': False, 'size': 5000000, 'subsort': 'mp', 'sort': 'mpi', 'c': 24, 'p': 2},None,c14,haiyang,Linux,#1 SMP Tue Jul 26 14:15:37 UTC 2022


+---------------------------------+---------------------------------------------------+
| Attribute                       | Value                                             |
|---------------------------------+---------------------------------------------------|
| ANSI_COLOR                      | "0;31"                                            |
| BUG_REPORT_URL                  | "https://bugzilla.redhat.com/"                    |
| CPE_NAME                        | "cpe:/o:redhat:enterprise_linux:7.9:GA:server"    |
| HOME_URL                        | "https://www.redhat.com/"                         |
| ID                              | "rhel"                                            |
| ID_LIKE                         | "fedora"                                          |
| NAME                            | "Red Hat Enterprise Linux Server"                 |
| PRETTY_NAME                     | "Red Hat Enterprise Linux Server 7.9 (Maipo)"     |
| REDHAT_BUGZILLA_PRODUCT         | "Red Hat Enterprise Linux 7"                      |
| REDHAT_BUGZILLA_PRODUCT_VERSION | 7.9                                               |
| REDHAT_SUPPORT_PRODUCT          | "Red Hat Enterprise Linux"                        |
| REDHAT_SUPPORT_PRODUCT_VERSION  | "7.9"                                             |
| VARIANT                         | "Server"                                          |
| VARIANT_ID                      | "server"                                          |
| VERSION                         | "7.9 (Maipo)"                                     |
| VERSION_ID                      | "7.9"                                             |
| cpu                             | Intel(R) Xeon(R) CPU E5-2680 v3 @ 2.50GHz         |
| cpu_cores                       | 24                                                |
| cpu_count                       | 24                                                |
| cpu_threads                     | 24                                                |
| date                            | 2022-11-20 05:21:20.612447                        |
| frequency                       | scpufreq(current=2.32125, min=1200.0, max=3300.0) |
| mem.active                      | 62.7 GiB                                          |
| mem.available                   | 184.7 GiB                                         |
| mem.free                        | 167.3 GiB                                         |
| mem.inactive                    | 7.4 GiB                                           |
| mem.percent                     | 26.4 %                                            |
| mem.total                       | 251.1 GiB                                         |
| mem.used                        | 58.7 GiB                                          |
| platform.version                | #1 SMP Tue Jul 26 14:15:37 UTC 2022               |
| python                          | 3.9.8 (main, Feb  8 2022, 08:35:13)               |
|                                 | [GCC 6.3.0]                                       |
| python.pip                      | 22.2.2                                            |
| python.version                  | 3.9.8                                             |
| sys.platform                    | linux                                             |
| uname.machine                   | x86_64                                            |
| uname.node                      | c14                                               |
| uname.processor                 | x86_64                                            |
| uname.release                   | 3.10.0-1160.76.1.el7.x86_64                       |
| uname.system                    | Linux                                             |
| uname.version                   | #1 SMP Tue Jul 26 14:15:37 UTC 2022               |
| user                            | haiyang                                           |
+---------------------------------+---------------------------------------------------+

+---------------+----------+--------+--------+---------------------+--------------------------------------------------------------------------------------------------------------------+-------+--------+---------+-------+-------------------------------------+
| Name          | Status   |   Time |    Sum | Start               | tag                                                                                                                | msg   | Node   | User    | OS    | Version                             |
|---------------+----------+--------+--------+---------------------+--------------------------------------------------------------------------------------------------------------------+-------+--------+---------+-------+-------------------------------------|
| mpi-mergesort | ok       | 18.717 | 18.717 | 2022-11-20 05:21:01 | {'user': 'alex', 'node': 'v100', 'debug': False, 'size': 5000000, 'subsort': 'mp', 'sort': 'mpi', 'c': 24, 'p': 2} |       | c14    | haiyang | Linux | #1 SMP Tue Jul 26 14:15:37 UTC 2022 |
| mpi-generate  | ok       |  0.084 |  0.084 | 2022-11-20 05:21:01 | {'user': 'alex', 'node': 'v100', 'debug': False, 'size': 5000000, 'subsort': 'mp', 'sort': 'mpi', 'c': 24, 'p': 2} |       | c14    | haiyang | Linux | #1 SMP Tue Jul 26 14:15:37 UTC 2022 |
+---------------+----------+--------+--------+---------------------+--------------------------------------------------------------------------------------------------------------------+-------+--------+---------+-------+-------------------------------------+
# csv,timer,status,time,sum,start,tag,msg,uname.node,user,uname.system,platform.version
# csv,mpi-mergesort,ok,18.717,18.717,2022-11-20 05:21:01,{'user': 'alex', 'node': 'v100', 'debug': False, 'size': 5000000, 'subsort': 'mp', 'sort': 'mpi', 'c': 24, 'p': 2},None,c14,haiyang,Linux,#1 SMP Tue Jul 26 14:15:37 UTC 2022
# csv,mpi-generate,ok,0.084,0.084,2022-11-20 05:21:01,{'user': 'alex', 'node': 'v100', 'debug': False, 'size': 5000000, 'subsort': 'mp', 'sort': 'mpi', 'c': 24, 'p': 2},None,c14,haiyang,Linux,#1 SMP Tue Jul 26 14:15:37 UTC 2022


+---------------------------------+--------------------------------------------------------------+
| Attribute                       | Value                                                        |
|---------------------------------+--------------------------------------------------------------|
| ANSI_COLOR                      | "0;31"                                                       |
| BUG_REPORT_URL                  | "https://bugzilla.redhat.com/"                               |
| CPE_NAME                        | "cpe:/o:redhat:enterprise_linux:7.9:GA:server"               |
| HOME_URL                        | "https://www.redhat.com/"                                    |
| ID                              | "rhel"                                                       |
| ID_LIKE                         | "fedora"                                                     |
| NAME                            | "Red Hat Enterprise Linux Server"                            |
| PRETTY_NAME                     | "Red Hat Enterprise Linux Server 7.9 (Maipo)"                |
| REDHAT_BUGZILLA_PRODUCT         | "Red Hat Enterprise Linux 7"                                 |
| REDHAT_BUGZILLA_PRODUCT_VERSION | 7.9                                                          |
| REDHAT_SUPPORT_PRODUCT          | "Red Hat Enterprise Linux"                                   |
| REDHAT_SUPPORT_PRODUCT_VERSION  | "7.9"                                                        |
| VARIANT                         | "Server"                                                     |
| VARIANT_ID                      | "server"                                                     |
| VERSION                         | "7.9 (Maipo)"                                                |
| VERSION_ID                      | "7.9"                                                        |
| cpu                             | Intel(R) Xeon(R) CPU E5-2680 v3 @ 2.50GHz                    |
| cpu_cores                       | 24                                                           |
| cpu_count                       | 24                                                           |
| cpu_threads                     | 24                                                           |
| date                            | 2022-11-20 05:21:42.101421                                   |
| frequency                       | scpufreq(current=2.1800833333333327, min=1200.0, max=3300.0) |
| mem.active                      | 64.2 GiB                                                     |
| mem.available                   | 183.2 GiB                                                    |
| mem.free                        | 165.8 GiB                                                    |
| mem.inactive                    | 7.4 GiB                                                      |
| mem.percent                     | 27.0 %                                                       |
| mem.total                       | 251.1 GiB                                                    |
| mem.used                        | 60.1 GiB                                                     |
| platform.version                | #1 SMP Tue Jul 26 14:15:37 UTC 2022                          |
| python                          | 3.9.8 (main, Feb  8 2022, 08:35:13)                          |
|                                 | [GCC 6.3.0]                                                  |
| python.pip                      | 22.2.2                                                       |
| python.version                  | 3.9.8                                                        |
| sys.platform                    | linux                                                        |
| uname.machine                   | x86_64                                                       |
| uname.node                      | c14                                                          |
| uname.processor                 | x86_64                                                       |
| uname.release                   | 3.10.0-1160.76.1.el7.x86_64                                  |
| uname.system                    | Linux                                                        |
| uname.version                   | #1 SMP Tue Jul 26 14:15:37 UTC 2022                          |
| user                            | haiyang                                                      |
+---------------------------------+--------------------------------------------------------------+

+---------------+----------+--------+--------+---------------------+--------------------------------------------------------------------------------------------------------------------+-------+--------+---------+-------+-------------------------------------+
| Name          | Status   |   Time |    Sum | Start               | tag                                                                                                                | msg   | Node   | User    | OS    | Version                             |
|---------------+----------+--------+--------+---------------------+--------------------------------------------------------------------------------------------------------------------+-------+--------+---------+-------+-------------------------------------|
| mpi-mergesort | ok       | 18.61  | 18.61  | 2022-11-20 05:21:23 | {'user': 'alex', 'node': 'v100', 'debug': False, 'size': 5000000, 'subsort': 'mp', 'sort': 'mpi', 'c': 24, 'p': 2} |       | c14    | haiyang | Linux | #1 SMP Tue Jul 26 14:15:37 UTC 2022 |
| mpi-generate  | ok       |  0.085 |  0.085 | 2022-11-20 05:21:23 | {'user': 'alex', 'node': 'v100', 'debug': False, 'size': 5000000, 'subsort': 'mp', 'sort': 'mpi', 'c': 24, 'p': 2} |       | c14    | haiyang | Linux | #1 SMP Tue Jul 26 14:15:37 UTC 2022 |
+---------------+----------+--------+--------+---------------------+--------------------------------------------------------------------------------------------------------------------+-------+--------+---------+-------+-------------------------------------+
# csv,timer,status,time,sum,start,tag,msg,uname.node,user,uname.system,platform.version
# csv,mpi-mergesort,ok,18.61,18.61,2022-11-20 05:21:23,{'user': 'alex', 'node': 'v100', 'debug': False, 'size': 5000000, 'subsort': 'mp', 'sort': 'mpi', 'c': 24, 'p': 2},None,c14,haiyang,Linux,#1 SMP Tue Jul 26 14:15:37 UTC 2022
# csv,mpi-generate,ok,0.085,0.085,2022-11-20 05:21:23,{'user': 'alex', 'node': 'v100', 'debug': False, 'size': 5000000, 'subsort': 'mp', 'sort': 'mpi', 'c': 24, 'p': 2},None,c14,haiyang,Linux,#1 SMP Tue Jul 26 14:15:37 UTC 2022


+---------------------------------+---------------------------------------------------+
| Attribute                       | Value                                             |
|---------------------------------+---------------------------------------------------|
| ANSI_COLOR                      | "0;31"                                            |
| BUG_REPORT_URL                  | "https://bugzilla.redhat.com/"                    |
| CPE_NAME                        | "cpe:/o:redhat:enterprise_linux:7.9:GA:server"    |
| HOME_URL                        | "https://www.redhat.com/"                         |
| ID                              | "rhel"                                            |
| ID_LIKE                         | "fedora"                                          |
| NAME                            | "Red Hat Enterprise Linux Server"                 |
| PRETTY_NAME                     | "Red Hat Enterprise Linux Server 7.9 (Maipo)"     |
| REDHAT_BUGZILLA_PRODUCT         | "Red Hat Enterprise Linux 7"                      |
| REDHAT_BUGZILLA_PRODUCT_VERSION | 7.9                                               |
| REDHAT_SUPPORT_PRODUCT          | "Red Hat Enterprise Linux"                        |
| REDHAT_SUPPORT_PRODUCT_VERSION  | "7.9"                                             |
| VARIANT                         | "Server"                                          |
| VARIANT_ID                      | "server"                                          |
| VERSION                         | "7.9 (Maipo)"                                     |
| VERSION_ID                      | "7.9"                                             |
| cpu                             | Intel(R) Xeon(R) CPU E5-2680 v3 @ 2.50GHz         |
| cpu_cores                       | 24                                                |
| cpu_count                       | 24                                                |
| cpu_threads                     | 24                                                |
| date                            | 2022-11-20 05:22:03.688102                        |
| frequency                       | scpufreq(current=2.22275, min=1200.0, max=3300.0) |
| mem.active                      | 65.6 GiB                                          |
| mem.available                   | 181.7 GiB                                         |
| mem.free                        | 164.4 GiB                                         |
| mem.inactive                    | 7.4 GiB                                           |
| mem.percent                     | 27.6 %                                            |
| mem.total                       | 251.1 GiB                                         |
| mem.used                        | 61.6 GiB                                          |
| platform.version                | #1 SMP Tue Jul 26 14:15:37 UTC 2022               |
| python                          | 3.9.8 (main, Feb  8 2022, 08:35:13)               |
|                                 | [GCC 6.3.0]                                       |
| python.pip                      | 22.2.2                                            |
| python.version                  | 3.9.8                                             |
| sys.platform                    | linux                                             |
| uname.machine                   | x86_64                                            |
| uname.node                      | c14                                               |
| uname.processor                 | x86_64                                            |
| uname.release                   | 3.10.0-1160.76.1.el7.x86_64                       |
| uname.system                    | Linux                                             |
| uname.version                   | #1 SMP Tue Jul 26 14:15:37 UTC 2022               |
| user                            | haiyang                                           |
+---------------------------------+---------------------------------------------------+

+---------------+----------+--------+--------+---------------------+--------------------------------------------------------------------------------------------------------------------+-------+--------+---------+-------+-------------------------------------+
| Name          | Status   |   Time |    Sum | Start               | tag                                                                                                                | msg   | Node   | User    | OS    | Version                             |
|---------------+----------+--------+--------+---------------------+--------------------------------------------------------------------------------------------------------------------+-------+--------+---------+-------+-------------------------------------|
| mpi-mergesort | ok       | 18.78  | 18.78  | 2022-11-20 05:21:44 | {'user': 'alex', 'node': 'v100', 'debug': False, 'size': 5000000, 'subsort': 'mp', 'sort': 'mpi', 'c': 24, 'p': 2} |       | c14    | haiyang | Linux | #1 SMP Tue Jul 26 14:15:37 UTC 2022 |
| mpi-generate  | ok       |  0.084 |  0.084 | 2022-11-20 05:21:44 | {'user': 'alex', 'node': 'v100', 'debug': False, 'size': 5000000, 'subsort': 'mp', 'sort': 'mpi', 'c': 24, 'p': 2} |       | c14    | haiyang | Linux | #1 SMP Tue Jul 26 14:15:37 UTC 2022 |
+---------------+----------+--------+--------+---------------------+--------------------------------------------------------------------------------------------------------------------+-------+--------+---------+-------+-------------------------------------+
# csv,timer,status,time,sum,start,tag,msg,uname.node,user,uname.system,platform.version
# csv,mpi-mergesort,ok,18.78,18.78,2022-11-20 05:21:44,{'user': 'alex', 'node': 'v100', 'debug': False, 'size': 5000000, 'subsort': 'mp', 'sort': 'mpi', 'c': 24, 'p': 2},None,c14,haiyang,Linux,#1 SMP Tue Jul 26 14:15:37 UTC 2022
# csv,mpi-generate,ok,0.084,0.084,2022-11-20 05:21:44,{'user': 'alex', 'node': 'v100', 'debug': False, 'size': 5000000, 'subsort': 'mp', 'sort': 'mpi', 'c': 24, 'p': 2},None,c14,haiyang,Linux,#1 SMP Tue Jul 26 14:15:37 UTC 2022

