Starting experiment
Processes: 4
Cores:     7
Size:      50000
Repeat:    10
Debug:     False
Sort:      MPI
Algorithm: mp
Tag:       None
Total:     10
Experiment 9         : size=50000 processes=4 cores=7 repeat=0 last_time=undefined                     
Experiment 8         : size=50000 processes=4 cores=7 repeat=1 last_time=undefined                     
Experiment 7         : size=50000 processes=4 cores=7 repeat=2 last_time=undefined                     
Experiment 6         : size=50000 processes=4 cores=7 repeat=3 last_time=undefined                     
Experiment 5         : size=50000 processes=4 cores=7 repeat=4 last_time=undefined                     
Experiment 4         : size=50000 processes=4 cores=7 repeat=5 last_time=undefined                     
Experiment 3         : size=50000 processes=4 cores=7 repeat=6 last_time=undefined                     
Experiment 2         : size=50000 processes=4 cores=7 repeat=7 last_time=undefined                     
Experiment 1         : size=50000 processes=4 cores=7 repeat=8 last_time=undefined                     
Experiment 0         : size=50000 processes=4 cores=7 repeat=9 last_time=undefined                     
 Enterprise Linux Server"                            |
| PRETTY_NAME                     | "Red Hat Enterprise Linux Server 7.9 (Maipo)"                |
| REDHAT_BUGZILLA_PRODUCT         | "Red Hat Enterprise Linux 7"                                 |
| REDHAT_BUGZILLA_PRODUCT_VERSION | 7.9                                                          |
| REDHAT_SUPPORT_PRODUCT          | "Red Hat Enterprise Linux"                                   |
| REDHAT_SUPPORT_PRODUCT_VERSION  | "7.9"                                                        |
| VARIANT                         | "Server"                                                     |
| VARIANT_ID                      | "server"                                                     |
| VERSION                         | "7.9 (Maipo)"                                                |
| VERSION_ID                      | "7.9"                                                        |
| cpu                             | Intel(R) Xeon(R) CPU E5-2680 v3 @ 2.50GHz                    |
| cpu_cores                       | 24                                                           |
| cpu_count                       | 24                                                           |
| cpu_threads                     | 24                                                           |
| date                            | 2022-11-19 14:01:47.070440                                   |
| frequency                       | scpufreq(current=1.5594166666666665, min=1200.0, max=3300.0) |
| mem.active                      | 48.8 GiB                                                     |
| mem.available                   | 194.3 GiB                                                    |
| mem.free                        | 188.9 GiB                                                    |
| mem.inactive                    | 6.5 GiB                                                      |
| mem.percent                     | 22.6 %                                                       |
| mem.total                       | 251.1 GiB                                                    |
| mem.used                        | 49.9 GiB                                                     |
| platform.version                | #1 SMP Tue Jul 26 14:15:37 UTC 2022                          |
| python                          | 3.9.8 (main, Feb  8 2022, 08:35:13)                          |
|                                 | [GCC 6.3.0]                                                  |
| python.pip                      | 22.2.2                                                       |
| python.version                  | 3.9.8                                                        |
| sys.platform                    | linux                                                        |
| uname.machine                   | x86_64                                                       |
| uname.node                      | c25                                                          |
| uname.processor                 | x86_64                                                       |
| uname.release                   | 3.10.0-1160.76.1.el7.x86_64                                  |
| uname.system                    | Linux                                                        |
| uname.version                   | #1 SMP Tue Jul 26 14:15:37 UTC 2022                          |
| user                            | haiyang                                                      |
+---------------------------------+--------------------------------------------------------------+

+---------------+----------+--------+-------+---------------------+-----------------------------------------------------------------------------------------------------------------+-------+--------+---------+-------+-------------------------------------+
| Name          | Status   |   Time |   Sum | Start               | tag                                                                                                             | msg   | Node   | User    | OS    | Version                             |
|---------------+----------+--------+-------+---------------------+-----------------------------------------------------------------------------------------------------------------+-------+--------+---------+-------+-------------------------------------|
| mpi-mergesort | ok       |  0.323 | 0.323 | 2022-11-19 14:01:46 | {'user': 'alex', 'node': 'v100', 'debug': False, 'size': 50000, 'subsort': 'mp', 'sort': 'mpi', 'c': 7, 'p': 4} |       | c25    | haiyang | Linux | #1 SMP Tue Jul 26 14:15:37 UTC 2022 |
| mpi-generate  | ok       |  0.001 | 0.001 | 2022-11-19 14:01:46 | {'user': 'alex', 'node': 'v100', 'debug': False, 'size': 50000, 'subsort': 'mp', 'sort': 'mpi', 'c': 7, 'p': 4} |       | c25    | haiyang | Linux | #1 SMP Tue Jul 26 14:15:37 UTC 2022 |
+---------------+----------+--------+-------+---------------------+-----------------------------------------------------------------------------------------------------------------+-------+--------+---------+-------+-------------------------------------+
# csv,timer,status,time,sum,start,tag,msg,uname.node,user,uname.system,platform.version
# csv,mpi-mergesort,ok,0.323,0.323,2022-11-19 14:01:46,{'user': 'alex', 'node': 'v100', 'debug': False, 'size': 50000, 'subsort': 'mp', 'sort': 'mpi', 'c': 7, 'p': 4},None,c25,haiyang,Linux,#1 SMP Tue Jul 26 14:15:37 UTC 2022
# csv,mpi-generate,ok,0.001,0.001,2022-11-19 14:01:46,{'user': 'alex', 'node': 'v100', 'debug': False, 'size': 50000, 'subsort': 'mp', 'sort': 'mpi', 'c': 7, 'p': 4},None,c25,haiyang,Linux,#1 SMP Tue Jul 26 14:15:37 UTC 2022


+---------------------------------+--------------------------------------------------------------+
| Attribute                       | Value                                                        |
|---------------------------------+--------------------------------------------------------------|
| ANSI_COLOR                      | "0;31"                                                       |
| BUG_REPORT_URL                  | "https://bugzilla.redhat.com/"                               |
| CPE_NAME                        | "cpe:/o:redhat:enterprise_linux:7.9:GA:server"               |
| HOME_URL                        | "https://www.redhat.com/"                                    |
| ID                              | "rhel"                                                       |
| ID_LIKE                         | "fedora"                                                     |
| NAME                            | "Red Hat Enterprise Linux Server"                            |
| PRETTY_NAME                     | "Red Hat Enterprise Linux Server 7.9 (Maipo)"                |
| REDHAT_BUGZILLA_PRODUCT         | "Red Hat Enterprise Linux 7"                                 |
| REDHAT_BUGZILLA_PRODUCT_VERSION | 7.9                                                          |
| REDHAT_SUPPORT_PRODUCT          | "Red Hat Enterprise Linux"                                   |
| REDHAT_SUPPORT_PRODUCT_VERSION  | "7.9"                                                        |
| VARIANT                         | "Server"                                                     |
| VARIANT_ID                      | "server"                                                     |
| VERSION                         | "7.9 (Maipo)"                                                |
| VERSION_ID                      | "7.9"                                                        |
| cpu                             | Intel(R) Xeon(R) CPU E5-2680 v3 @ 2.50GHz                    |
| cpu_cores                       | 24                                                           |
| cpu_count                       | 24                                                           |
| cpu_threads                     | 24                                                           |
| date                            | 2022-11-19 14:01:49.826878                                   |
| frequency                       | scpufreq(current=1.5447500000000003, min=1200.0, max=3300.0) |
| mem.active                      | 48.8 GiB                                                     |
| mem.available                   | 194.3 GiB                                                    |
| mem.free                        | 188.9 GiB                                                    |
| mem.inactive                    | 6.5 GiB                                                      |
| mem.percent                     | 22.6 %                                                       |
| mem.total                       | 251.1 GiB                                                    |
| mem.used                        | 49.9 GiB                                                     |
| platform.version                | #1 SMP Tue Jul 26 14:15:37 UTC 2022                          |
| python                          | 3.9.8 (main, Feb  8 2022, 08:35:13)                          |
|                                 | [GCC 6.3.0]                                                  |
| python.pip                      | 22.2.2                                                       |
| python.version                  | 3.9.8                                                        |
| sys.platform                    | linux                                                        |
| uname.machine                   | x86_64                                                       |
| uname.node                      | c25                                                          |
| uname.processor                 | x86_64                                                       |
| uname.release                   | 3.10.0-1160.76.1.el7.x86_64                                  |
| uname.system                    | Linux                                                        |
| uname.version                   | #1 SMP Tue Jul 26 14:15:37 UTC 2022                          |
| user                            | haiyang                                                      |
+---------------------------------+--------------------------------------------------------------+

+---------------+----------+--------+-------+---------------------+-----------------------------------------------------------------------------------------------------------------+-------+--------+---------+-------+-------------------------------------+
| Name          | Status   |   Time |   Sum | Start               | tag                                                                                                             | msg   | Node   | User    | OS    | Version                             |
|---------------+----------+--------+-------+---------------------+-----------------------------------------------------------------------------------------------------------------+-------+--------+---------+-------+-------------------------------------|
| mpi-mergesort | ok       |  0.379 | 0.379 | 2022-11-19 14:01:49 | {'user': 'alex', 'node': 'v100', 'debug': False, 'size': 50000, 'subsort': 'mp', 'sort': 'mpi', 'c': 7, 'p': 4} |       | c25    | haiyang | Linux | #1 SMP Tue Jul 26 14:15:37 UTC 2022 |
| mpi-generate  | ok       |  0.001 | 0.001 | 2022-11-19 14:01:49 | {'user': 'alex', 'node': 'v100', 'debug': False, 'size': 50000, 'subsort': 'mp', 'sort': 'mpi', 'c': 7, 'p': 4} |       | c25    | haiyang | Linux | #1 SMP Tue Jul 26 14:15:37 UTC 2022 |
+---------------+----------+--------+-------+---------------------+-----------------------------------------------------------------------------------------------------------------+-------+--------+---------+-------+-------------------------------------+
# csv,timer,status,time,sum,start,tag,msg,uname.node,user,uname.system,platform.version
# csv,mpi-mergesort,ok,0.379,0.379,2022-11-19 14:01:49,{'user': 'alex', 'node': 'v100', 'debug': False, 'size': 50000, 'subsort': 'mp', 'sort': 'mpi', 'c': 7, 'p': 4},None,c25,haiyang,Linux,#1 SMP Tue Jul 26 14:15:37 UTC 2022
# csv,mpi-generate,ok,0.001,0.001,2022-11-19 14:01:49,{'user': 'alex', 'node': 'v100', 'debug': False, 'size': 50000, 'subsort': 'mp', 'sort': 'mpi', 'c': 7, 'p': 4},None,c25,haiyang,Linux,#1 SMP Tue Jul 26 14:15:37 UTC 2022


+---------------------------------+--------------------------------------------------------------+
| Attribute                       | Value                                                        |
|---------------------------------+--------------------------------------------------------------|
| ANSI_COLOR                      | "0;31"                                                       |
| BUG_REPORT_URL                  | "https://bugzilla.redhat.com/"                               |
| CPE_NAME                        | "cpe:/o:redhat:enterprise_linux:7.9:GA:server"               |
| HOME_URL                        | "https://www.redhat.com/"                                    |
| ID                              | "rhel"                                                       |
| ID_LIKE                         | "fedora"                                                     |
| NAME                            | "Red Hat Enterprise Linux Server"                            |
| PRETTY_NAME                     | "Red Hat Enterprise Linux Server 7.9 (Maipo)"                |
| REDHAT_BUGZILLA_PRODUCT         | "Red Hat Enterprise Linux 7"                                 |
| REDHAT_BUGZILLA_PRODUCT_VERSION | 7.9                                                          |
| REDHAT_SUPPORT_PRODUCT          | "Red Hat Enterprise Linux"                                   |
| REDHAT_SUPPORT_PRODUCT_VERSION  | "7.9"                                                        |
| VARIANT                         | "Server"                                                     |
| VARIANT_ID                      | "server"                                                     |
| VERSION                         | "7.9 (Maipo)"                                                |
| VERSION_ID                      | "7.9"                                                        |
| cpu                             | Intel(R) Xeon(R) CPU E5-2680 v3 @ 2.50GHz                    |
| cpu_cores                       | 24                                                           |
| cpu_count                       | 24                                                           |
| cpu_threads                     | 24                                                           |
| date                            | 2022-11-19 14:01:52.699707                                   |
| frequency                       | scpufreq(current=1.5299583333333338, min=1200.0, max=3300.0) |
| mem.active                      | 48.8 GiB                                                     |
| mem.available                   | 194.3 GiB                                                    |
| mem.free                        | 188.9 GiB                                                    |
| mem.inactive                    | 6.5 GiB                                                      |
| mem.percent                     | 22.6 %                                                       |
| mem.total                       | 251.1 GiB                                                    |
| mem.used                        | 49.9 GiB                                                     |
| platform.version                | #1 SMP Tue Jul 26 14:15:37 UTC 2022                          |
| python                          | 3.9.8 (main, Feb  8 2022, 08:35:13)                          |
|                                 | [GCC 6.3.0]                                                  |
| python.pip                      | 22.2.2                                                       |
| python.version                  | 3.9.8                                                        |
| sys.platform                    | linux                                                        |
| uname.machine                   | x86_64                                                       |
| uname.node                      | c25                                                          |
| uname.processor                 | x86_64                                                       |
| uname.release                   | 3.10.0-1160.76.1.el7.x86_64                                  |
| uname.system                    | Linux                                                        |
| uname.version                   | #1 SMP Tue Jul 26 14:15:37 UTC 2022                          |
| user                            | haiyang                                                      |
+---------------------------------+--------------------------------------------------------------+

+---------------+----------+--------+-------+---------------------+-----------------------------------------------------------------------------------------------------------------+-------+--------+---------+-------+-------------------------------------+
| Name          | Status   |   Time |   Sum | Start               | tag                                                                                                             | msg   | Node   | User    | OS    | Version                             |
|---------------+----------+--------+-------+---------------------+-----------------------------------------------------------------------------------------------------------------+-------+--------+---------+-------+-------------------------------------|
| mpi-mergesort | ok       |  0.48  | 0.48  | 2022-11-19 14:01:52 | {'user': 'alex', 'node': 'v100', 'debug': False, 'size': 50000, 'subsort': 'mp', 'sort': 'mpi', 'c': 7, 'p': 4} |       | c25    | haiyang | Linux | #1 SMP Tue Jul 26 14:15:37 UTC 2022 |
| mpi-generate  | ok       |  0.001 | 0.001 | 2022-11-19 14:01:52 | {'user': 'alex', 'node': 'v100', 'debug': False, 'size': 50000, 'subsort': 'mp', 'sort': 'mpi', 'c': 7, 'p': 4} |       | c25    | haiyang | Linux | #1 SMP Tue Jul 26 14:15:37 UTC 2022 |
+---------------+----------+--------+-------+---------------------+-----------------------------------------------------------------------------------------------------------------+-------+--------+---------+-------+-------------------------------------+
# csv,timer,status,time,sum,start,tag,msg,uname.node,user,uname.system,platform.version
# csv,mpi-mergesort,ok,0.48,0.48,2022-11-19 14:01:52,{'user': 'alex', 'node': 'v100', 'debug': False, 'size': 50000, 'subsort': 'mp', 'sort': 'mpi', 'c': 7, 'p': 4},None,c25,haiyang,Linux,#1 SMP Tue Jul 26 14:15:37 UTC 2022
# csv,mpi-generate,ok,0.001,0.001,2022-11-19 14:01:52,{'user': 'alex', 'node': 'v100', 'debug': False, 'size': 50000, 'subsort': 'mp', 'sort': 'mpi', 'c': 7, 'p': 4},None,c25,haiyang,Linux,#1 SMP Tue Jul 26 14:15:37 UTC 2022


+---------------------------------+--------------------------------------------------------------+
| Attribute                       | Value                                                        |
|---------------------------------+--------------------------------------------------------------|
| ANSI_COLOR                      | "0;31"                                                       |
| BUG_REPORT_URL                  | "https://bugzilla.redhat.com/"                               |
| CPE_NAME                        | "cpe:/o:redhat:enterprise_linux:7.9:GA:server"               |
| HOME_URL                        | "https://www.redhat.com/"                                    |
| ID                              | "rhel"                                                       |
| ID_LIKE                         | "fedora"                                                     |
| NAME                            | "Red Hat Enterprise Linux Server"                            |
| PRETTY_NAME                     | "Red Hat Enterprise Linux Server 7.9 (Maipo)"                |
| REDHAT_BUGZILLA_PRODUCT         | "Red Hat Enterprise Linux 7"                                 |
| REDHAT_BUGZILLA_PRODUCT_VERSION | 7.9                                                          |
| REDHAT_SUPPORT_PRODUCT          | "Red Hat Enterprise Linux"                                   |
| REDHAT_SUPPORT_PRODUCT_VERSION  | "7.9"                                                        |
| VARIANT                         | "Server"                                                     |
| VARIANT_ID                      | "server"                                                     |
| VERSION                         | "7.9 (Maipo)"                                                |
| VERSION_ID                      | "7.9"                                                        |
| cpu                             | Intel(R) Xeon(R) CPU E5-2680 v3 @ 2.50GHz                    |
| cpu_cores                       | 24                                                           |
| cpu_count                       | 24                                                           |
| cpu_threads                     | 24                                                           |
| date                            | 2022-11-19 14:01:55.443887                                   |
| frequency                       | scpufreq(current=1.6022083333333335, min=1200.0, max=3300.0) |
| mem.active                      | 48.8 GiB                                                     |
| mem.available                   | 194.3 GiB                                                    |
| mem.free                        | 188.9 GiB                                                    |
| mem.inactive                    | 6.5 GiB                                                      |
| mem.percent                     | 22.6 %                                                       |
| mem.total                       | 251.1 GiB                                                    |
| mem.used                        | 49.9 GiB                                                     |
| platform.version                | #1 SMP Tue Jul 26 14:15:37 UTC 2022                          |
| python                          | 3.9.8 (main, Feb  8 2022, 08:35:13)                          |
|                                 | [GCC 6.3.0]                                                  |
| python.pip                      | 22.2.2                                                       |
| python.version                  | 3.9.8                                                        |
| sys.platform                    | linux                                                        |
| uname.machine                   | x86_64                                                       |
| uname.node                      | c25                                                          |
| uname.processor                 | x86_64                                                       |
| uname.release                   | 3.10.0-1160.76.1.el7.x86_64                                  |
| uname.system                    | Linux                                                        |
| uname.version                   | #1 SMP Tue Jul 26 14:15:37 UTC 2022                          |
| user                            | haiyang                                                      |
+---------------------------------+--------------------------------------------------------------+

+---------------+----------+--------+-------+---------------------+-----------------------------------------------------------------------------------------------------------------+-------+--------+---------+-------+-------------------------------------+
| Name          | Status   |   Time |   Sum | Start               | tag                                                                                                             | msg   | Node   | User    | OS    | Version                             |
|---------------+----------+--------+-------+---------------------+-----------------------------------------------------------------------------------------------------------------+-------+--------+---------+-------+-------------------------------------|
| mpi-mergesort | ok       |  0.384 | 0.384 | 2022-11-19 14:01:55 | {'user': 'alex', 'node': 'v100', 'debug': False, 'size': 50000, 'subsort': 'mp', 'sort': 'mpi', 'c': 7, 'p': 4} |       | c25    | haiyang | Linux | #1 SMP Tue Jul 26 14:15:37 UTC 2022 |
| mpi-generate  | ok       |  0.001 | 0.001 | 2022-11-19 14:01:55 | {'user': 'alex', 'node': 'v100', 'debug': False, 'size': 50000, 'subsort': 'mp', 'sort': 'mpi', 'c': 7, 'p': 4} |       | c25    | haiyang | Linux | #1 SMP Tue Jul 26 14:15:37 UTC 2022 |
+---------------+----------+--------+-------+---------------------+-----------------------------------------------------------------------------------------------------------------+-------+--------+---------+-------+-------------------------------------+
# csv,timer,status,time,sum,start,tag,msg,uname.node,user,uname.system,platform.version
# csv,mpi-mergesort,ok,0.384,0.384,2022-11-19 14:01:55,{'user': 'alex', 'node': 'v100', 'debug': False, 'size': 50000, 'subsort': 'mp', 'sort': 'mpi', 'c': 7, 'p': 4},None,c25,haiyang,Linux,#1 SMP Tue Jul 26 14:15:37 UTC 2022
# csv,mpi-generate,ok,0.001,0.001,2022-11-19 14:01:55,{'user': 'alex', 'node': 'v100', 'debug': False, 'size': 50000, 'subsort': 'mp', 'sort': 'mpi', 'c': 7, 'p': 4},None,c25,haiyang,Linux,#1 SMP Tue Jul 26 14:15:37 UTC 2022


+---------------------------------+--------------------------------------------------------------+
| Attribute                       | Value                                                        |
|---------------------------------+--------------------------------------------------------------|
| ANSI_COLOR                      | "0;31"                                                       |
| BUG_REPORT_URL                  | "https://bugzilla.redhat.com/"                               |
| CPE_NAME                        | "cpe:/o:redhat:enterprise_linux:7.9:GA:server"               |
| HOME_URL                        | "https://www.redhat.com/"                                    |
| ID                              | "rhel"                                                       |
| ID_LIKE                         | "fedora"                                                     |
| NAME                            | "Red Hat Enterprise Linux Server"                            |
| PRETTY_NAME                     | "Red Hat Enterprise Linux Server 7.9 (Maipo)"                |
| REDHAT_BUGZILLA_PRODUCT         | "Red Hat Enterprise Linux 7"                                 |
| REDHAT_BUGZILLA_PRODUCT_VERSION | 7.9                                                          |
| REDHAT_SUPPORT_PRODUCT          | "Red Hat Enterprise Linux"                                   |
| REDHAT_SUPPORT_PRODUCT_VERSION  | "7.9"                                                        |
| VARIANT                         | "Server"                                                     |
| VARIANT_ID                      | "server"                                                     |
| VERSION                         | "7.9 (Maipo)"                                                |
| VERSION_ID                      | "7.9"                                                        |
| cpu                             | Intel(R) Xeon(R) CPU E5-2680 v3 @ 2.50GHz                    |
| cpu_cores                       | 24                                                           |
| cpu_count                       | 24                                                           |
| cpu_threads                     | 24                                                           |
| date                            | 2022-11-19 14:01:58.264862                                   |
| frequency                       | scpufreq(current=1.5335833333333335, min=1200.0, max=3300.0) |
| mem.active                      | 48.8 GiB                                                     |
| mem.available                   | 194.3 GiB                                                    |
| mem.free                        | 188.9 GiB                                                    |
| mem.inactive                    | 6.5 GiB                                                      |
| mem.percent                     | 22.6 %                                                       |
| mem.total                       | 251.1 GiB                                                    |
| mem.used                        | 49.9 GiB                                                     |
| platform.version                | #1 SMP Tue Jul 26 14:15:37 UTC 2022                          |
| python                          | 3.9.8 (main, Feb  8 2022, 08:35:13)                          |
|                                 | [GCC 6.3.0]                                                  |
| python.pip                      | 22.2.2                                                       |
| python.version                  | 3.9.8                                                        |
| sys.platform                    | linux                                                        |
| uname.machine                   | x86_64                                                       |
| uname.node                      | c25                                                          |
| uname.processor                 | x86_64                                                       |
| uname.release                   | 3.10.0-1160.76.1.el7.x86_64                                  |
| uname.system                    | Linux                                                        |
| uname.version                   | #1 SMP Tue Jul 26 14:15:37 UTC 2022                          |
| user                            | haiyang                                                      |
+---------------------------------+--------------------------------------------------------------+

+---------------+----------+--------+-------+---------------------+-----------------------------------------------------------------------------------------------------------------+-------+--------+---------+-------+-------------------------------------+
| Name          | Status   |   Time |   Sum | Start               | tag                                                                                                             | msg   | Node   | User    | OS    | Version                             |
|---------------+----------+--------+-------+---------------------+-----------------------------------------------------------------------------------------------------------------+-------+--------+---------+-------+-------------------------------------|
| mpi-mergesort | ok       |  0.401 | 0.401 | 2022-11-19 14:01:57 | {'user': 'alex', 'node': 'v100', 'debug': False, 'size': 50000, 'subsort': 'mp', 'sort': 'mpi', 'c': 7, 'p': 4} |       | c25    | haiyang | Linux | #1 SMP Tue Jul 26 14:15:37 UTC 2022 |
| mpi-generate  | ok       |  0.001 | 0.001 | 2022-11-19 14:01:57 | {'user': 'alex', 'node': 'v100', 'debug': False, 'size': 50000, 'subsort': 'mp', 'sort': 'mpi', 'c': 7, 'p': 4} |       | c25    | haiyang | Linux | #1 SMP Tue Jul 26 14:15:37 UTC 2022 |
+---------------+----------+--------+-------+---------------------+-----------------------------------------------------------------------------------------------------------------+-------+--------+---------+-------+-------------------------------------+
# csv,timer,status,time,sum,start,tag,msg,uname.node,user,uname.system,platform.version
# csv,mpi-mergesort,ok,0.401,0.401,2022-11-19 14:01:57,{'user': 'alex', 'node': 'v100', 'debug': False, 'size': 50000, 'subsort': 'mp', 'sort': 'mpi', 'c': 7, 'p': 4},None,c25,haiyang,Linux,#1 SMP Tue Jul 26 14:15:37 UTC 2022
# csv,mpi-generate,ok,0.001,0.001,2022-11-19 14:01:57,{'user': 'alex', 'node': 'v100', 'debug': False, 'size': 50000, 'subsort': 'mp', 'sort': 'mpi', 'c': 7, 'p': 4},None,c25,haiyang,Linux,#1 SMP Tue Jul 26 14:15:37 UTC 2022


+---------------------------------+-------------------------------------------------------------+
| Attribute                       | Value                                                       |
|---------------------------------+-------------------------------------------------------------|
| ANSI_COLOR                      | "0;31"                                                      |
| BUG_REPORT_URL                  | "https://bugzilla.redhat.com/"                              |
| CPE_NAME                        | "cpe:/o:redhat:enterprise_linux:7.9:GA:server"              |
| HOME_URL                        | "https://www.redhat.com/"                                   |
| ID                              | "rhel"                                                      |
| ID_LIKE                         | "fedora"                                                    |
| NAME                            | "Red Hat Enterprise Linux Server"                           |
| PRETTY_NAME                     | "Red Hat Enterprise Linux Server 7.9 (Maipo)"               |
| REDHAT_BUGZILLA_PRODUCT         | "Red Hat Enterprise Linux 7"                                |
| REDHAT_BUGZILLA_PRODUCT_VERSION | 7.9                                                         |
| REDHAT_SUPPORT_PRODUCT          | "Red Hat Enterprise Linux"                                  |
| REDHAT_SUPPORT_PRODUCT_VERSION  | "7.9"                                                       |
| VARIANT                         | "Server"                                                    |
| VARIANT_ID                      | "server"                                                    |
| VERSION                         | "7.9 (Maipo)"                                               |
| VERSION_ID                      | "7.9"                                                       |
| cpu                             | Intel(R) Xeon(R) CPU E5-2680 v3 @ 2.50GHz                   |
| cpu_cores                       | 24                                                          |
| cpu_count                       | 24                                                          |
| cpu_threads                     | 24                                                          |
| date                            | 2022-11-19 14:02:01.187662                                  |
| frequency                       | scpufreq(current=1.602166666666667, min=1200.0, max=3300.0) |
| mem.active                      | 48.8 GiB                                                    |
| mem.available                   | 194.3 GiB                                                   |
| mem.free                        | 188.9 GiB                                                   |
| mem.inactive                    | 6.5 GiB                                                     |
| mem.percent                     | 22.6 %                                                      |
| mem.total                       | 251.1 GiB                                                   |
| mem.used                        | 49.9 GiB                                                    |
| platform.version                | #1 SMP Tue Jul 26 14:15:37 UTC 2022                         |
| python                          | 3.9.8 (main, Feb  8 2022, 08:35:13)                         |
|                                 | [GCC 6.3.0]                                                 |
| python.pip                      | 22.2.2                                                      |
| python.version                  | 3.9.8                                                       |
| sys.platform                    | linux                                                       |
| uname.machine                   | x86_64                                                      |
| uname.node                      | c25                                                         |
| uname.processor                 | x86_64                                                      |
| uname.release                   | 3.10.0-1160.76.1.el7.x86_64                                 |
| uname.system                    | Linux                                                       |
| uname.version                   | #1 SMP Tue Jul 26 14:15:37 UTC 2022                         |
| user                            | haiyang                                                     |
+---------------------------------+-------------------------------------------------------------+

+---------------+----------+--------+-------+---------------------+-----------------------------------------------------------------------------------------------------------------+-------+--------+---------+-------+-------------------------------------+
| Name          | Status   |   Time |   Sum | Start               | tag                                                                                                             | msg   | Node   | User    | OS    | Version                             |
|---------------+----------+--------+-------+---------------------+-----------------------------------------------------------------------------------------------------------------+-------+--------+---------+-------+-------------------------------------|
| mpi-mergesort | ok       |  0.538 | 0.538 | 2022-11-19 14:02:00 | {'user': 'alex', 'node': 'v100', 'debug': False, 'size': 50000, 'subsort': 'mp', 'sort': 'mpi', 'c': 7, 'p': 4} |       | c25    | haiyang | Linux | #1 SMP Tue Jul 26 14:15:37 UTC 2022 |
| mpi-generate  | ok       |  0.001 | 0.001 | 2022-11-19 14:02:00 | {'user': 'alex', 'node': 'v100', 'debug': False, 'size': 50000, 'subsort': 'mp', 'sort': 'mpi', 'c': 7, 'p': 4} |       | c25    | haiyang | Linux | #1 SMP Tue Jul 26 14:15:37 UTC 2022 |
+---------------+----------+--------+-------+---------------------+-----------------------------------------------------------------------------------------------------------------+-------+--------+---------+-------+-------------------------------------+
# csv,timer,status,time,sum,start,tag,msg,uname.node,user,uname.system,platform.version
# csv,mpi-mergesort,ok,0.538,0.538,2022-11-19 14:02:00,{'user': 'alex', 'node': 'v100', 'debug': False, 'size': 50000, 'subsort': 'mp', 'sort': 'mpi', 'c': 7, 'p': 4},None,c25,haiyang,Linux,#1 SMP Tue Jul 26 14:15:37 UTC 2022
# csv,mpi-generate,ok,0.001,0.001,2022-11-19 14:02:00,{'user': 'alex', 'node': 'v100', 'debug': False, 'size': 50000, 'subsort': 'mp', 'sort': 'mpi', 'c': 7, 'p': 4},None,c25,haiyang,Linux,#1 SMP Tue Jul 26 14:15:37 UTC 2022


+---------------------------------+-------------------------------------------------------------+
| Attribute                       | Value                                                       |
|---------------------------------+-------------------------------------------------------------|
| ANSI_COLOR                      | "0;31"                                                      |
| BUG_REPORT_URL                  | "https://bugzilla.redhat.com/"                              |
| CPE_NAME                        | "cpe:/o:redhat:enterprise_linux:7.9:GA:server"              |
| HOME_URL                        | "https://www.redhat.com/"                                   |
| ID                              | "rhel"                                                      |
| ID_LIKE                         | "fedora"                                                    |
| NAME                            | "Red Hat Enterprise Linux Server"                           |
| PRETTY_NAME                     | "Red Hat Enterprise Linux Server 7.9 (Maipo)"               |
| REDHAT_BUGZILLA_PRODUCT         | "Red Hat Enterprise Linux 7"                                |
| REDHAT_BUGZILLA_PRODUCT_VERSION | 7.9                                                         |
| REDHAT_SUPPORT_PRODUCT          | "Red Hat Enterprise Linux"                                  |
| REDHAT_SUPPORT_PRODUCT_VERSION  | "7.9"                                                       |
| VARIANT                         | "Server"                                                    |
| VARIANT_ID                      | "server"                                                    |
| VERSION                         | "7.9 (Maipo)"                                               |
| VERSION_ID                      | "7.9"                                                       |
| cpu                             | Intel(R) Xeon(R) CPU E5-2680 v3 @ 2.50GHz                   |
| cpu_cores                       | 24                                                          |
| cpu_count                       | 24                                                          |
| cpu_threads                     | 24                                                          |
| date                            | 2022-11-19 14:02:04.021291                                  |
| frequency                       | scpufreq(current=1.544083333333334, min=1200.0, max=3300.0) |
| mem.active                      | 48.8 GiB                                                    |
| mem.available                   | 194.3 GiB                                                   |
| mem.free                        | 188.9 GiB                                                   |
| mem.inactive                    | 6.5 GiB                                                     |
| mem.percent                     | 22.6 %                                                      |
| mem.total                       | 251.1 GiB                                                   |
| mem.used                        | 49.9 GiB                                                    |
| platform.version                | #1 SMP Tue Jul 26 14:15:37 UTC 2022                         |
| python                          | 3.9.8 (main, Feb  8 2022, 08:35:13)                         |
|                                 | [GCC 6.3.0]                                                 |
| python.pip                      | 22.2.2                                                      |
| python.version                  | 3.9.8                                                       |
| sys.platform                    | linux                                                       |
| uname.machine                   | x86_64                                                      |
| uname.node                      | c25                                                         |
| uname.processor                 | x86_64                                                      |
| uname.release                   | 3.10.0-1160.76.1.el7.x86_64                                 |
| uname.system                    | Linux                                                       |
| uname.version                   | #1 SMP Tue Jul 26 14:15:37 UTC 2022                         |
| user                            | haiyang                                                     |
+---------------------------------+-------------------------------------------------------------+

+---------------+----------+--------+-------+---------------------+-----------------------------------------------------------------------------------------------------------------+-------+--------+---------+-------+-------------------------------------+
| Name          | Status   |   Time |   Sum | Start               | tag                                                                                                             | msg   | Node   | User    | OS    | Version                             |
|---------------+----------+--------+-------+---------------------+-----------------------------------------------------------------------------------------------------------------+-------+--------+---------+-------+-------------------------------------|
| mpi-mergesort | ok       |  0.422 | 0.422 | 2022-11-19 14:02:03 | {'user': 'alex', 'node': 'v100', 'debug': False, 'size': 50000, 'subsort': 'mp', 'sort': 'mpi', 'c': 7, 'p': 4} |       | c25    | haiyang | Linux | #1 SMP Tue Jul 26 14:15:37 UTC 2022 |
| mpi-generate  | ok       |  0.001 | 0.001 | 2022-11-19 14:02:03 | {'user': 'alex', 'node': 'v100', 'debug': False, 'size': 50000, 'subsort': 'mp', 'sort': 'mpi', 'c': 7, 'p': 4} |       | c25    | haiyang | Linux | #1 SMP Tue Jul 26 14:15:37 UTC 2022 |
+---------------+----------+--------+-------+---------------------+-----------------------------------------------------------------------------------------------------------------+-------+--------+---------+-------+-------------------------------------+
# csv,timer,status,time,sum,start,tag,msg,uname.node,user,uname.system,platform.version
# csv,mpi-mergesort,ok,0.422,0.422,2022-11-19 14:02:03,{'user': 'alex', 'node': 'v100', 'debug': False, 'size': 50000, 'subsort': 'mp', 'sort': 'mpi', 'c': 7, 'p': 4},None,c25,haiyang,Linux,#1 SMP Tue Jul 26 14:15:37 UTC 2022
# csv,mpi-generate,ok,0.001,0.001,2022-11-19 14:02:03,{'user': 'alex', 'node': 'v100', 'debug': False, 'size': 50000, 'subsort': 'mp', 'sort': 'mpi', 'c': 7, 'p': 4},None,c25,haiyang,Linux,#1 SMP Tue Jul 26 14:15:37 UTC 2022


+---------------------------------+-------------------------------------------------------------+
| Attribute                       | Value                                                       |
|---------------------------------+-------------------------------------------------------------|
| ANSI_COLOR                      | "0;31"                                                      |
| BUG_REPORT_URL                  | "https://bugzilla.redhat.com/"                              |
| CPE_NAME                        | "cpe:/o:redhat:enterprise_linux:7.9:GA:server"              |
| HOME_URL                        | "https://www.redhat.com/"                                   |
| ID                              | "rhel"                                                      |
| ID_LIKE                         | "fedora"                                                    |
| NAME                            | "Red Hat Enterprise Linux Server"                           |
| PRETTY_NAME                     | "Red Hat Enterprise Linux Server 7.9 (Maipo)"               |
| REDHAT_BUGZILLA_PRODUCT         | "Red Hat Enterprise Linux 7"                                |
| REDHAT_BUGZILLA_PRODUCT_VERSION | 7.9                                                         |
| REDHAT_SUPPORT_PRODUCT          | "Red Hat Enterprise Linux"                                  |
| REDHAT_SUPPORT_PRODUCT_VERSION  | "7.9"                                                       |
| VARIANT                         | "Server"                                                    |
| VARIANT_ID                      | "server"                                                    |
| VERSION                         | "7.9 (Maipo)"                                               |
| VERSION_ID                      | "7.9"                                                       |
| cpu                             | Intel(R) Xeon(R) CPU E5-2680 v3 @ 2.50GHz                   |
| cpu_cores                       | 24                                                          |
| cpu_count                       | 24                                                          |
| cpu_threads                     | 24                                                          |
| date                            | 2022-11-19 14:02:06.757935                                  |
| frequency                       | scpufreq(current=1.519041666666667, min=1200.0, max=3300.0) |
| mem.active                      | 48.8 GiB                                                    |
| mem.available                   | 194.3 GiB                                                   |
| mem.free                        | 188.9 GiB                                                   |
| mem.inactive                    | 6.5 GiB                                                     |
| mem.percent                     | 22.6 %                                                      |
| mem.total                       | 251.1 GiB                                                   |
| mem.used                        | 49.9 GiB                                                    |
| platform.version                | #1 SMP Tue Jul 26 14:15:37 UTC 2022                         |
| python                          | 3.9.8 (main, Feb  8 2022, 08:35:13)                         |
|                                 | [GCC 6.3.0]                                                 |
| python.pip                      | 22.2.2                                                      |
| python.version                  | 3.9.8                                                       |
| sys.platform                    | linux                                                       |
| uname.machine                   | x86_64                                                      |
| uname.node                      | c25                                                         |
| uname.processor                 | x86_64                                                      |
| uname.release                   | 3.10.0-1160.76.1.el7.x86_64                                 |
| uname.system                    | Linux                                                       |
| uname.version                   | #1 SMP Tue Jul 26 14:15:37 UTC 2022                         |
| user                            | haiyang                                                     |
+---------------------------------+-------------------------------------------------------------+

+---------------+----------+--------+-------+---------------------+-----------------------------------------------------------------------------------------------------------------+-------+--------+---------+-------+-------------------------------------+
| Name          | Status   |   Time |   Sum | Start               | tag                                                                                                             | msg   | Node   | User    | OS    | Version                             |
|---------------+----------+--------+-------+---------------------+-----------------------------------------------------------------------------------------------------------------+-------+--------+---------+-------+-------------------------------------|
| mpi-mergesort | ok       |  0.362 | 0.362 | 2022-11-19 14:02:06 | {'user': 'alex', 'node': 'v100', 'debug': False, 'size': 50000, 'subsort': 'mp', 'sort': 'mpi', 'c': 7, 'p': 4} |       | c25    | haiyang | Linux | #1 SMP Tue Jul 26 14:15:37 UTC 2022 |
| mpi-generate  | ok       |  0.001 | 0.001 | 2022-11-19 14:02:06 | {'user': 'alex', 'node': 'v100', 'debug': False, 'size': 50000, 'subsort': 'mp', 'sort': 'mpi', 'c': 7, 'p': 4} |       | c25    | haiyang | Linux | #1 SMP Tue Jul 26 14:15:37 UTC 2022 |
+---------------+----------+--------+-------+---------------------+-----------------------------------------------------------------------------------------------------------------+-------+--------+---------+-------+-------------------------------------+
# csv,timer,status,time,sum,start,tag,msg,uname.node,user,uname.system,platform.version
# csv,mpi-mergesort,ok,0.362,0.362,2022-11-19 14:02:06,{'user': 'alex', 'node': 'v100', 'debug': False, 'size': 50000, 'subsort': 'mp', 'sort': 'mpi', 'c': 7, 'p': 4},None,c25,haiyang,Linux,#1 SMP Tue Jul 26 14:15:37 UTC 2022
# csv,mpi-generate,ok,0.001,0.001,2022-11-19 14:02:06,{'user': 'alex', 'node': 'v100', 'debug': False, 'size': 50000, 'subsort': 'mp', 'sort': 'mpi', 'c': 7, 'p': 4},None,c25,haiyang,Linux,#1 SMP Tue Jul 26 14:15:37 UTC 2022


+---------------------------------+--------------------------------------------------------------+
| Attribute                       | Value                                                        |
|---------------------------------+--------------------------------------------------------------|
| ANSI_COLOR                      | "0;31"                                                       |
| BUG_REPORT_URL                  | "https://bugzilla.redhat.com/"                               |
| CPE_NAME                        | "cpe:/o:redhat:enterprise_linux:7.9:GA:server"               |
| HOME_URL                        | "https://www.redhat.com/"                                    |
| ID                              | "rhel"                                                       |
| ID_LIKE                         | "fedora"                                                     |
| NAME                            | "Red Hat Enterprise Linux Server"                            |
| PRETTY_NAME                     | "Red Hat Enterprise Linux Server 7.9 (Maipo)"                |
| REDHAT_BUGZILLA_PRODUCT         | "Red Hat Enterprise Linux 7"                                 |
| REDHAT_BUGZILLA_PRODUCT_VERSION | 7.9                                                          |
| REDHAT_SUPPORT_PRODUCT          | "Red Hat Enterprise Linux"                                   |
| REDHAT_SUPPORT_PRODUCT_VERSION  | "7.9"                                                        |
| VARIANT                         | "Server"                                                     |
| VARIANT_ID                      | "server"                                                     |
| VERSION                         | "7.9 (Maipo)"                                                |
| VERSION_ID                      | "7.9"                                                        |
| cpu                             | Intel(R) Xeon(R) CPU E5-2680 v3 @ 2.50GHz                    |
| cpu_cores                       | 24                                                           |
| cpu_count                       | 24                                                           |
| cpu_threads                     | 24                                                           |
| date                            | 2022-11-19 14:02:09.521067                                   |
| frequency                       | scpufreq(current=1.5750000000000002, min=1200.0, max=3300.0) |
| mem.active                      | 48.8 GiB                                                     |
| mem.available                   | 194.3 GiB                                                    |
| mem.free                        | 188.9 GiB                                                    |
| mem.inactive                    | 6.5 GiB                                                      |
| mem.percent                     | 22.6 %                                                       |
| mem.total                       | 251.1 GiB                                                    |
| mem.used                        | 49.9 GiB                                                     |
| platform.version                | #1 SMP Tue Jul 26 14:15:37 UTC 2022                          |
| python                          | 3.9.8 (main, Feb  8 2022, 08:35:13)                          |
|                                 | [GCC 6.3.0]                                                  |
| python.pip                      | 22.2.2                                                       |
| python.version                  | 3.9.8                                                        |
| sys.platform                    | linux                                                        |
| uname.machine                   | x86_64                                                       |
| uname.node                      | c25                                                          |
| uname.processor                 | x86_64                                                       |
| uname.release                   | 3.10.0-1160.76.1.el7.x86_64                                  |
| uname.system                    | Linux                                                        |
| uname.version                   | #1 SMP Tue Jul 26 14:15:37 UTC 2022                          |
| user                            | haiyang                                                      |
+---------------------------------+--------------------------------------------------------------+

+---------------+----------+--------+-------+---------------------+-----------------------------------------------------------------------------------------------------------------+-------+--------+---------+-------+-------------------------------------+
| Name          | Status   |   Time |   Sum | Start               | tag                                                                                                             | msg   | Node   | User    | OS    | Version                             |
|---------------+----------+--------+-------+---------------------+-----------------------------------------------------------------------------------------------------------------+-------+--------+---------+-------+-------------------------------------|
| mpi-mergesort | ok       |  0.379 | 0.379 | 2022-11-19 14:02:09 | {'user': 'alex', 'node': 'v100', 'debug': False, 'size': 50000, 'subsort': 'mp', 'sort': 'mpi', 'c': 7, 'p': 4} |       | c25    | haiyang | Linux | #1 SMP Tue Jul 26 14:15:37 UTC 2022 |
| mpi-generate  | ok       |  0.001 | 0.001 | 2022-11-19 14:02:09 | {'user': 'alex', 'node': 'v100', 'debug': False, 'size': 50000, 'subsort': 'mp', 'sort': 'mpi', 'c': 7, 'p': 4} |       | c25    | haiyang | Linux | #1 SMP Tue Jul 26 14:15:37 UTC 2022 |
+---------------+----------+--------+-------+---------------------+-----------------------------------------------------------------------------------------------------------------+-------+--------+---------+-------+-------------------------------------+
# csv,timer,status,time,sum,start,tag,msg,uname.node,user,uname.system,platform.version
# csv,mpi-mergesort,ok,0.379,0.379,2022-11-19 14:02:09,{'user': 'alex', 'node': 'v100', 'debug': False, 'size': 50000, 'subsort': 'mp', 'sort': 'mpi', 'c': 7, 'p': 4},None,c25,haiyang,Linux,#1 SMP Tue Jul 26 14:15:37 UTC 2022
# csv,mpi-generate,ok,0.001,0.001,2022-11-19 14:02:09,{'user': 'alex', 'node': 'v100', 'debug': False, 'size': 50000, 'subsort': 'mp', 'sort': 'mpi', 'c': 7, 'p': 4},None,c25,haiyang,Linux,#1 SMP Tue Jul 26 14:15:37 UTC 2022


+---------------------------------+--------------------------------------------------------------+
| Attribute                       | Value                                                        |
|---------------------------------+--------------------------------------------------------------|
| ANSI_COLOR                      | "0;31"                                                       |
| BUG_REPORT_URL                  | "https://bugzilla.redhat.com/"                               |
| CPE_NAME                        | "cpe:/o:redhat:enterprise_linux:7.9:GA:server"               |
| HOME_URL                        | "https://www.redhat.com/"                                    |
| ID                              | "rhel"                                                       |
| ID_LIKE                         | "fedora"                                                     |
| NAME                            | "Red Hat Enterprise Linux Server"                            |
| PRETTY_NAME                     | "Red Hat Enterprise Linux Server 7.9 (Maipo)"                |
| REDHAT_BUGZILLA_PRODUCT         | "Red Hat Enterprise Linux 7"                                 |
| REDHAT_BUGZILLA_PRODUCT_VERSION | 7.9                                                          |
| REDHAT_SUPPORT_PRODUCT          | "Red Hat Enterprise Linux"                                   |
| REDHAT_SUPPORT_PRODUCT_VERSION  | "7.9"                                                        |
| VARIANT                         | "Server"                                                     |
| VARIANT_ID                      | "server"                                                     |
| VERSION                         | "7.9 (Maipo)"                                                |
| VERSION_ID                      | "7.9"                                                        |
| cpu                             | Intel(R) Xeon(R) CPU E5-2680 v3 @ 2.50GHz                    |
| cpu_cores                       | 24                                                           |
| cpu_count                       | 24                                                           |
| cpu_threads                     | 24                                                           |
| date                            | 2022-11-19 14:02:12.302459                                   |
| frequency                       | scpufreq(current=1.5764166666666668, min=1200.0, max=3300.0) |
| mem.active                      | 48.8 GiB                                                     |
| mem.available                   | 194.3 GiB                                                    |
| mem.free                        | 188.9 GiB                                                    |
| mem.inactive                    | 6.5 GiB                                                      |
| mem.percent                     | 22.6 %                                                       |
| mem.total                       | 251.1 GiB                                                    |
| mem.used                        | 49.9 GiB                                                     |
| platform.version                | #1 SMP Tue Jul 26 14:15:37 UTC 2022                          |
| python                          | 3.9.8 (main, Feb  8 2022, 08:35:13)                          |
|                                 | [GCC 6.3.0]                                                  |
| python.pip                      | 22.2.2                                                       |
| python.version                  | 3.9.8                                                        |
| sys.platform                    | linux                                                        |
| uname.machine                   | x86_64                                                       |
| uname.node                      | c25                                                          |
| uname.processor                 | x86_64                                                       |
| uname.release                   | 3.10.0-1160.76.1.el7.x86_64                                  |
| uname.system                    | Linux                                                        |
| uname.version                   | #1 SMP Tue Jul 26 14:15:37 UTC 2022                          |
| user                            | haiyang                                                      |
+---------------------------------+--------------------------------------------------------------+

+---------------+----------+--------+-------+---------------------+-----------------------------------------------------------------------------------------------------------------+-------+--------+---------+-------+-------------------------------------+
| Name          | Status   |   Time |   Sum | Start               | tag                                                                                                             | msg   | Node   | User    | OS    | Version                             |
|---------------+----------+--------+-------+---------------------+-----------------------------------------------------------------------------------------------------------------+-------+--------+---------+-------+-------------------------------------|
| mpi-mergesort | ok       |  0.371 | 0.371 | 2022-11-19 14:02:11 | {'user': 'alex', 'node': 'v100', 'debug': False, 'size': 50000, 'subsort': 'mp', 'sort': 'mpi', 'c': 7, 'p': 4} |       | c25    | haiyang | Linux | #1 SMP Tue Jul 26 14:15:37 UTC 2022 |
| mpi-generate  | ok       |  0.001 | 0.001 | 2022-11-19 14:02:11 | {'user': 'alex', 'node': 'v100', 'debug': False, 'size': 50000, 'subsort': 'mp', 'sort': 'mpi', 'c': 7, 'p': 4} |       | c25    | haiyang | Linux | #1 SMP Tue Jul 26 14:15:37 UTC 2022 |
+---------------+----------+--------+-------+---------------------+-----------------------------------------------------------------------------------------------------------------+-------+--------+---------+-------+-------------------------------------+
# csv,timer,status,time,sum,start,tag,msg,uname.node,user,uname.system,platform.version
# csv,mpi-mergesort,ok,0.371,0.371,2022-11-19 14:02:11,{'user': 'alex', 'node': 'v100', 'debug': False, 'size': 50000, 'subsort': 'mp', 'sort': 'mpi', 'c': 7, 'p': 4},None,c25,haiyang,Linux,#1 SMP Tue Jul 26 14:15:37 UTC 2022
# csv,mpi-generate,ok,0.001,0.001,2022-11-19 14:02:11,{'user': 'alex', 'node': 'v100', 'debug': False, 'size': 50000, 'subsort': 'mp', 'sort': 'mpi', 'c': 7, 'p': 4},None,c25,haiyang,Linux,#1 SMP Tue Jul 26 14:15:37 UTC 2022

