Starting experiment
Processes: 4
Cores:     9
Size:      100
Repeat:    10
Debug:     False
Sort:      MPI
Algorithm: mp
Tag:       None
Total:     10
Experiment 9         : size=100 processes=4 cores=9 repeat=0 last_time=undefined                     
Experiment 8         : size=100 processes=4 cores=9 repeat=1 last_time=undefined                     
Experiment 7         : size=100 processes=4 cores=9 repeat=2 last_time=undefined                     
Experiment 6         : size=100 processes=4 cores=9 repeat=3 last_time=undefined                     
Experiment 5         : size=100 processes=4 cores=9 repeat=4 last_time=undefined                     
Experiment 4         : size=100 processes=4 cores=9 repeat=5 last_time=undefined                     
Experiment 3         : size=100 processes=4 cores=9 repeat=6 last_time=undefined                     
Experiment 2         : size=100 processes=4 cores=9 repeat=7 last_time=undefined                     
Experiment 1         : size=100 processes=4 cores=9 repeat=8 last_time=undefined                     
Experiment 0         : size=100 processes=4 cores=9 repeat=9 last_time=undefined                     
