Starting experiment
Processes: 4
Cores:     18
Size:      5000000
Repeat:    10
Debug:     False
Sort:      MPI
Algorithm: mp
Tag:       None
Total:     10
Experiment 9         : size=5000000 processes=4 cores=18 repeat=0 last_time=undefined                     
Experiment 8         : size=5000000 processes=4 cores=18 repeat=1 last_time=undefined                     
Experiment 7         : size=5000000 processes=4 cores=18 repeat=2 last_time=undefined                     
Experiment 6         : size=5000000 processes=4 cores=18 repeat=3 last_time=undefined                     
Experiment 5         : size=5000000 processes=4 cores=18 repeat=4 last_time=undefined                     
Experiment 4         : size=5000000 processes=4 cores=18 repeat=5 last_time=undefined                     
Experiment 3         : size=5000000 processes=4 cores=18 repeat=6 last_time=undefined                     
Experiment 2         : size=5000000 processes=4 cores=18 repeat=7 last_time=undefined                     
Experiment 1         : size=5000000 processes=4 cores=18 repeat=8 last_time=undefined                     
Experiment 0         : size=5000000 processes=4 cores=18 repeat=9 last_time=undefined                     
                          |
| PRETTY_NAME                     | "Red Hat Enterprise Linux Server 7.9 (Maipo)"                |
| REDHAT_BUGZILLA_PRODUCT         | "Red Hat Enterprise Linux 7"                                 |
| REDHAT_BUGZILLA_PRODUCT_VERSION | 7.9                                                          |
| REDHAT_SUPPORT_PRODUCT          | "Red Hat Enterprise Linux"                                   |
| REDHAT_SUPPORT_PRODUCT_VERSION  | "7.9"                                                        |
| VARIANT                         | "Server"                                                     |
| VARIANT_ID                      | "server"                                                     |
| VERSION                         | "7.9 (Maipo)"                                                |
| VERSION_ID                      | "7.9"                                                        |
| cpu                             | Intel(R) Xeon(R) CPU E5-2680 v3 @ 2.50GHz                    |
| cpu_cores                       | 24                                                           |
| cpu_count                       | 24                                                           |
| cpu_threads                     | 24                                                           |
| date                            | 2022-11-19 15:57:01.246779                                   |
| frequency                       | scpufreq(current=1.9391666666666671, min=1200.0, max=3300.0) |
| mem.active                      | 40.4 GiB                                                     |
| mem.available                   | 199.6 GiB                                                    |
| mem.free                        | 197.0 GiB                                                    |
| mem.inactive                    | 2.7 GiB                                                      |
| mem.percent                     | 20.5 %                                                       |
| mem.total                       | 251.1 GiB                                                    |
| mem.used                        | 44.0 GiB                                                     |
| platform.version                | #1 SMP Tue Jul 26 14:15:37 UTC 2022                          |
| python                          | 3.9.8 (main, Feb  8 2022, 08:35:13)                          |
|                                 | [GCC 6.3.0]                                                  |
| python.pip                      | 22.2.2                                                       |
| python.version                  | 3.9.8                                                        |
| sys.platform                    | linux                                                        |
| uname.machine                   | x86_64                                                       |
| uname.node                      | c8                                                           |
| uname.processor                 | x86_64                                                       |
| uname.release                   | 3.10.0-1160.76.1.el7.x86_64                                  |
| uname.system                    | Linux                                                        |
| uname.version                   | #1 SMP Tue Jul 26 14:15:37 UTC 2022                          |
| user                            | haiyang                                                      |
+---------------------------------+--------------------------------------------------------------+

+---------------+----------+--------+-------+---------------------+--------------------------------------------------------------------------------------------------------------------+-------+--------+---------+-------+-------------------------------------+
| Name          | Status   |   Time |   Sum | Start               | tag                                                                                                                | msg   | Node   | User    | OS    | Version                             |
|---------------+----------+--------+-------+---------------------+--------------------------------------------------------------------------------------------------------------------+-------+--------+---------+-------+-------------------------------------|
| mpi-mergesort | ok       |  9.678 | 9.678 | 2022-11-19 15:56:51 | {'user': 'alex', 'node': 'v100', 'debug': False, 'size': 5000000, 'subsort': 'mp', 'sort': 'mpi', 'c': 18, 'p': 4} |       | c8     | haiyang | Linux | #1 SMP Tue Jul 26 14:15:37 UTC 2022 |
| mpi-generate  | ok       |  0.082 | 0.082 | 2022-11-19 15:56:51 | {'user': 'alex', 'node': 'v100', 'debug': False, 'size': 5000000, 'subsort': 'mp', 'sort': 'mpi', 'c': 18, 'p': 4} |       | c8     | haiyang | Linux | #1 SMP Tue Jul 26 14:15:37 UTC 2022 |
+---------------+----------+--------+-------+---------------------+--------------------------------------------------------------------------------------------------------------------+-------+--------+---------+-------+-------------------------------------+
# csv,timer,status,time,sum,start,tag,msg,uname.node,user,uname.system,platform.version
# csv,mpi-mergesort,ok,9.678,9.678,2022-11-19 15:56:51,{'user': 'alex', 'node': 'v100', 'debug': False, 'size': 5000000, 'subsort': 'mp', 'sort': 'mpi', 'c': 18, 'p': 4},None,c8,haiyang,Linux,#1 SMP Tue Jul 26 14:15:37 UTC 2022
# csv,mpi-generate,ok,0.082,0.082,2022-11-19 15:56:51,{'user': 'alex', 'node': 'v100', 'debug': False, 'size': 5000000, 'subsort': 'mp', 'sort': 'mpi', 'c': 18, 'p': 4},None,c8,haiyang,Linux,#1 SMP Tue Jul 26 14:15:37 UTC 2022


+---------------------------------+----------------------------------------------------+
| Attribute                       | Value                                              |
|---------------------------------+----------------------------------------------------|
| ANSI_COLOR                      | "0;31"                                             |
| BUG_REPORT_URL                  | "https://bugzilla.redhat.com/"                     |
| CPE_NAME                        | "cpe:/o:redhat:enterprise_linux:7.9:GA:server"     |
| HOME_URL                        | "https://www.redhat.com/"                          |
| ID                              | "rhel"                                             |
| ID_LIKE                         | "fedora"                                           |
| NAME                            | "Red Hat Enterprise Linux Server"                  |
| PRETTY_NAME                     | "Red Hat Enterprise Linux Server 7.9 (Maipo)"      |
| REDHAT_BUGZILLA_PRODUCT         | "Red Hat Enterprise Linux 7"                       |
| REDHAT_BUGZILLA_PRODUCT_VERSION | 7.9                                                |
| REDHAT_SUPPORT_PRODUCT          | "Red Hat Enterprise Linux"                         |
| REDHAT_SUPPORT_PRODUCT_VERSION  | "7.9"                                              |
| VARIANT                         | "Server"                                           |
| VARIANT_ID                      | "server"                                           |
| VERSION                         | "7.9 (Maipo)"                                      |
| VERSION_ID                      | "7.9"                                              |
| cpu                             | Intel(R) Xeon(R) CPU E5-2680 v3 @ 2.50GHz          |
| cpu_cores                       | 24                                                 |
| cpu_count                       | 24                                                 |
| cpu_threads                     | 24                                                 |
| date                            | 2022-11-19 15:57:13.346601                         |
| frequency                       | scpufreq(current=1.927125, min=1200.0, max=3300.0) |
| mem.active                      | 40.3 GiB                                           |
| mem.available                   | 199.7 GiB                                          |
| mem.free                        | 197.1 GiB                                          |
| mem.inactive                    | 2.7 GiB                                            |
| mem.percent                     | 20.4 %                                             |
| mem.total                       | 251.1 GiB                                          |
| mem.used                        | 43.9 GiB                                           |
| platform.version                | #1 SMP Tue Jul 26 14:15:37 UTC 2022                |
| python                          | 3.9.8 (main, Feb  8 2022, 08:35:13)                |
|                                 | [GCC 6.3.0]                                        |
| python.pip                      | 22.2.2                                             |
| python.version                  | 3.9.8                                              |
| sys.platform                    | linux                                              |
| uname.machine                   | x86_64                                             |
| uname.node                      | c8                                                 |
| uname.processor                 | x86_64                                             |
| uname.release                   | 3.10.0-1160.76.1.el7.x86_64                        |
| uname.system                    | Linux                                              |
| uname.version                   | #1 SMP Tue Jul 26 14:15:37 UTC 2022                |
| user                            | haiyang                                            |
+---------------------------------+----------------------------------------------------+

+---------------+----------+--------+-------+---------------------+--------------------------------------------------------------------------------------------------------------------+-------+--------+---------+-------+-------------------------------------+
| Name          | Status   |   Time |   Sum | Start               | tag                                                                                                                | msg   | Node   | User    | OS    | Version                             |
|---------------+----------+--------+-------+---------------------+--------------------------------------------------------------------------------------------------------------------+-------+--------+---------+-------+-------------------------------------|
| mpi-mergesort | ok       |  9.604 | 9.604 | 2022-11-19 15:57:03 | {'user': 'alex', 'node': 'v100', 'debug': False, 'size': 5000000, 'subsort': 'mp', 'sort': 'mpi', 'c': 18, 'p': 4} |       | c8     | haiyang | Linux | #1 SMP Tue Jul 26 14:15:37 UTC 2022 |
| mpi-generate  | ok       |  0.082 | 0.082 | 2022-11-19 15:57:03 | {'user': 'alex', 'node': 'v100', 'debug': False, 'size': 5000000, 'subsort': 'mp', 'sort': 'mpi', 'c': 18, 'p': 4} |       | c8     | haiyang | Linux | #1 SMP Tue Jul 26 14:15:37 UTC 2022 |
+---------------+----------+--------+-------+---------------------+--------------------------------------------------------------------------------------------------------------------+-------+--------+---------+-------+-------------------------------------+
# csv,timer,status,time,sum,start,tag,msg,uname.node,user,uname.system,platform.version
# csv,mpi-mergesort,ok,9.604,9.604,2022-11-19 15:57:03,{'user': 'alex', 'node': 'v100', 'debug': False, 'size': 5000000, 'subsort': 'mp', 'sort': 'mpi', 'c': 18, 'p': 4},None,c8,haiyang,Linux,#1 SMP Tue Jul 26 14:15:37 UTC 2022
# csv,mpi-generate,ok,0.082,0.082,2022-11-19 15:57:03,{'user': 'alex', 'node': 'v100', 'debug': False, 'size': 5000000, 'subsort': 'mp', 'sort': 'mpi', 'c': 18, 'p': 4},None,c8,haiyang,Linux,#1 SMP Tue Jul 26 14:15:37 UTC 2022


+---------------------------------+-------------------------------------------------------------+
| Attribute                       | Value                                                       |
|---------------------------------+-------------------------------------------------------------|
| ANSI_COLOR                      | "0;31"                                                      |
| BUG_REPORT_URL                  | "https://bugzilla.redhat.com/"                              |
| CPE_NAME                        | "cpe:/o:redhat:enterprise_linux:7.9:GA:server"              |
| HOME_URL                        | "https://www.redhat.com/"                                   |
| ID                              | "rhel"                                                      |
| ID_LIKE                         | "fedora"                                                    |
| NAME                            | "Red Hat Enterprise Linux Server"                           |
| PRETTY_NAME                     | "Red Hat Enterprise Linux Server 7.9 (Maipo)"               |
| REDHAT_BUGZILLA_PRODUCT         | "Red Hat Enterprise Linux 7"                                |
| REDHAT_BUGZILLA_PRODUCT_VERSION | 7.9                                                         |
| REDHAT_SUPPORT_PRODUCT          | "Red Hat Enterprise Linux"                                  |
| REDHAT_SUPPORT_PRODUCT_VERSION  | "7.9"                                                       |
| VARIANT                         | "Server"                                                    |
| VARIANT_ID                      | "server"                                                    |
| VERSION                         | "7.9 (Maipo)"                                               |
| VERSION_ID                      | "7.9"                                                       |
| cpu                             | Intel(R) Xeon(R) CPU E5-2680 v3 @ 2.50GHz                   |
| cpu_cores                       | 24                                                          |
| cpu_count                       | 24                                                          |
| cpu_threads                     | 24                                                          |
| date                            | 2022-11-19 15:57:25.508798                                  |
| frequency                       | scpufreq(current=1.936458333333334, min=1200.0, max=3300.0) |
| mem.active                      | 40.5 GiB                                                    |
| mem.available                   | 199.6 GiB                                                   |
| mem.free                        | 197.0 GiB                                                   |
| mem.inactive                    | 2.7 GiB                                                     |
| mem.percent                     | 20.5 %                                                      |
| mem.total                       | 251.1 GiB                                                   |
| mem.used                        | 44.1 GiB                                                    |
| platform.version                | #1 SMP Tue Jul 26 14:15:37 UTC 2022                         |
| python                          | 3.9.8 (main, Feb  8 2022, 08:35:13)                         |
|                                 | [GCC 6.3.0]                                                 |
| python.pip                      | 22.2.2                                                      |
| python.version                  | 3.9.8                                                       |
| sys.platform                    | linux                                                       |
| uname.machine                   | x86_64                                                      |
| uname.node                      | c8                                                          |
| uname.processor                 | x86_64                                                      |
| uname.release                   | 3.10.0-1160.76.1.el7.x86_64                                 |
| uname.system                    | Linux                                                       |
| uname.version                   | #1 SMP Tue Jul 26 14:15:37 UTC 2022                         |
| user                            | haiyang                                                     |
+---------------------------------+-------------------------------------------------------------+

+---------------+----------+--------+-------+---------------------+--------------------------------------------------------------------------------------------------------------------+-------+--------+---------+-------+-------------------------------------+
| Name          | Status   |   Time |   Sum | Start               | tag                                                                                                                | msg   | Node   | User    | OS    | Version                             |
|---------------+----------+--------+-------+---------------------+--------------------------------------------------------------------------------------------------------------------+-------+--------+---------+-------+-------------------------------------|
| mpi-mergesort | ok       |  9.626 | 9.626 | 2022-11-19 15:57:15 | {'user': 'alex', 'node': 'v100', 'debug': False, 'size': 5000000, 'subsort': 'mp', 'sort': 'mpi', 'c': 18, 'p': 4} |       | c8     | haiyang | Linux | #1 SMP Tue Jul 26 14:15:37 UTC 2022 |
| mpi-generate  | ok       |  0.082 | 0.082 | 2022-11-19 15:57:15 | {'user': 'alex', 'node': 'v100', 'debug': False, 'size': 5000000, 'subsort': 'mp', 'sort': 'mpi', 'c': 18, 'p': 4} |       | c8     | haiyang | Linux | #1 SMP Tue Jul 26 14:15:37 UTC 2022 |
+---------------+----------+--------+-------+---------------------+--------------------------------------------------------------------------------------------------------------------+-------+--------+---------+-------+-------------------------------------+
# csv,timer,status,time,sum,start,tag,msg,uname.node,user,uname.system,platform.version
# csv,mpi-mergesort,ok,9.626,9.626,2022-11-19 15:57:15,{'user': 'alex', 'node': 'v100', 'debug': False, 'size': 5000000, 'subsort': 'mp', 'sort': 'mpi', 'c': 18, 'p': 4},None,c8,haiyang,Linux,#1 SMP Tue Jul 26 14:15:37 UTC 2022
# csv,mpi-generate,ok,0.082,0.082,2022-11-19 15:57:15,{'user': 'alex', 'node': 'v100', 'debug': False, 'size': 5000000, 'subsort': 'mp', 'sort': 'mpi', 'c': 18, 'p': 4},None,c8,haiyang,Linux,#1 SMP Tue Jul 26 14:15:37 UTC 2022


+---------------------------------+--------------------------------------------------------------+
| Attribute                       | Value                                                        |
|---------------------------------+--------------------------------------------------------------|
| ANSI_COLOR                      | "0;31"                                                       |
| BUG_REPORT_URL                  | "https://bugzilla.redhat.com/"                               |
| CPE_NAME                        | "cpe:/o:redhat:enterprise_linux:7.9:GA:server"               |
| HOME_URL                        | "https://www.redhat.com/"                                    |
| ID                              | "rhel"                                                       |
| ID_LIKE                         | "fedora"                                                     |
| NAME                            | "Red Hat Enterprise Linux Server"                            |
| PRETTY_NAME                     | "Red Hat Enterprise Linux Server 7.9 (Maipo)"                |
| REDHAT_BUGZILLA_PRODUCT         | "Red Hat Enterprise Linux 7"                                 |
| REDHAT_BUGZILLA_PRODUCT_VERSION | 7.9                                                          |
| REDHAT_SUPPORT_PRODUCT          | "Red Hat Enterprise Linux"                                   |
| REDHAT_SUPPORT_PRODUCT_VERSION  | "7.9"                                                        |
| VARIANT                         | "Server"                                                     |
| VARIANT_ID                      | "server"                                                     |
| VERSION                         | "7.9 (Maipo)"                                                |
| VERSION_ID                      | "7.9"                                                        |
| cpu                             | Intel(R) Xeon(R) CPU E5-2680 v3 @ 2.50GHz                    |
| cpu_cores                       | 24                                                           |
| cpu_count                       | 24                                                           |
| cpu_threads                     | 24                                                           |
| date                            | 2022-11-19 15:57:37.758900                                   |
| frequency                       | scpufreq(current=1.9357916666666668, min=1200.0, max=3300.0) |
| mem.active                      | 40.6 GiB                                                     |
| mem.available                   | 199.4 GiB                                                    |
| mem.free                        | 196.8 GiB                                                    |
| mem.inactive                    | 2.7 GiB                                                      |
| mem.percent                     | 20.6 %                                                       |
| mem.total                       | 251.1 GiB                                                    |
| mem.used                        | 44.2 GiB                                                     |
| platform.version                | #1 SMP Tue Jul 26 14:15:37 UTC 2022                          |
| python                          | 3.9.8 (main, Feb  8 2022, 08:35:13)                          |
|                                 | [GCC 6.3.0]                                                  |
| python.pip                      | 22.2.2                                                       |
| python.version                  | 3.9.8                                                        |
| sys.platform                    | linux                                                        |
| uname.machine                   | x86_64                                                       |
| uname.node                      | c8                                                           |
| uname.processor                 | x86_64                                                       |
| uname.release                   | 3.10.0-1160.76.1.el7.x86_64                                  |
| uname.system                    | Linux                                                        |
| uname.version                   | #1 SMP Tue Jul 26 14:15:37 UTC 2022                          |
| user                            | haiyang                                                      |
+---------------------------------+--------------------------------------------------------------+

+---------------+----------+--------+-------+---------------------+--------------------------------------------------------------------------------------------------------------------+-------+--------+---------+-------+-------------------------------------+
| Name          | Status   |   Time |   Sum | Start               | tag                                                                                                                | msg   | Node   | User    | OS    | Version                             |
|---------------+----------+--------+-------+---------------------+--------------------------------------------------------------------------------------------------------------------+-------+--------+---------+-------+-------------------------------------|
| mpi-mergesort | ok       |  9.725 | 9.725 | 2022-11-19 15:57:28 | {'user': 'alex', 'node': 'v100', 'debug': False, 'size': 5000000, 'subsort': 'mp', 'sort': 'mpi', 'c': 18, 'p': 4} |       | c8     | haiyang | Linux | #1 SMP Tue Jul 26 14:15:37 UTC 2022 |
| mpi-generate  | ok       |  0.082 | 0.082 | 2022-11-19 15:57:28 | {'user': 'alex', 'node': 'v100', 'debug': False, 'size': 5000000, 'subsort': 'mp', 'sort': 'mpi', 'c': 18, 'p': 4} |       | c8     | haiyang | Linux | #1 SMP Tue Jul 26 14:15:37 UTC 2022 |
+---------------+----------+--------+-------+---------------------+--------------------------------------------------------------------------------------------------------------------+-------+--------+---------+-------+-------------------------------------+
# csv,timer,status,time,sum,start,tag,msg,uname.node,user,uname.system,platform.version
# csv,mpi-mergesort,ok,9.725,9.725,2022-11-19 15:57:28,{'user': 'alex', 'node': 'v100', 'debug': False, 'size': 5000000, 'subsort': 'mp', 'sort': 'mpi', 'c': 18, 'p': 4},None,c8,haiyang,Linux,#1 SMP Tue Jul 26 14:15:37 UTC 2022
# csv,mpi-generate,ok,0.082,0.082,2022-11-19 15:57:28,{'user': 'alex', 'node': 'v100', 'debug': False, 'size': 5000000, 'subsort': 'mp', 'sort': 'mpi', 'c': 18, 'p': 4},None,c8,haiyang,Linux,#1 SMP Tue Jul 26 14:15:37 UTC 2022


+---------------------------------+--------------------------------------------------------------+
| Attribute                       | Value                                                        |
|---------------------------------+--------------------------------------------------------------|
| ANSI_COLOR                      | "0;31"                                                       |
| BUG_REPORT_URL                  | "https://bugzilla.redhat.com/"                               |
| CPE_NAME                        | "cpe:/o:redhat:enterprise_linux:7.9:GA:server"               |
| HOME_URL                        | "https://www.redhat.com/"                                    |
| ID                              | "rhel"                                                       |
| ID_LIKE                         | "fedora"                                                     |
| NAME                            | "Red Hat Enterprise Linux Server"                            |
| PRETTY_NAME                     | "Red Hat Enterprise Linux Server 7.9 (Maipo)"                |
| REDHAT_BUGZILLA_PRODUCT         | "Red Hat Enterprise Linux 7"                                 |
| REDHAT_BUGZILLA_PRODUCT_VERSION | 7.9                                                          |
| REDHAT_SUPPORT_PRODUCT          | "Red Hat Enterprise Linux"                                   |
| REDHAT_SUPPORT_PRODUCT_VERSION  | "7.9"                                                        |
| VARIANT                         | "Server"                                                     |
| VARIANT_ID                      | "server"                                                     |
| VERSION                         | "7.9 (Maipo)"                                                |
| VERSION_ID                      | "7.9"                                                        |
| cpu                             | Intel(R) Xeon(R) CPU E5-2680 v3 @ 2.50GHz                    |
| cpu_cores                       | 24                                                           |
| cpu_count                       | 24                                                           |
| cpu_threads                     | 24                                                           |
| date                            | 2022-11-19 15:57:49.933900                                   |
| frequency                       | scpufreq(current=1.9393333333333338, min=1200.0, max=3300.0) |
| mem.active                      | 40.4 GiB                                                     |
| mem.available                   | 199.6 GiB                                                    |
| mem.free                        | 197.0 GiB                                                    |
| mem.inactive                    | 2.7 GiB                                                      |
| mem.percent                     | 20.5 %                                                       |
| mem.total                       | 251.1 GiB                                                    |
| mem.used                        | 44.0 GiB                                                     |
| platform.version                | #1 SMP Tue Jul 26 14:15:37 UTC 2022                          |
| python                          | 3.9.8 (main, Feb  8 2022, 08:35:13)                          |
|                                 | [GCC 6.3.0]                                                  |
| python.pip                      | 22.2.2                                                       |
| python.version                  | 3.9.8                                                        |
| sys.platform                    | linux                                                        |
| uname.machine                   | x86_64                                                       |
| uname.node                      | c8                                                           |
| uname.processor                 | x86_64                                                       |
| uname.release                   | 3.10.0-1160.76.1.el7.x86_64                                  |
| uname.system                    | Linux                                                        |
| uname.version                   | #1 SMP Tue Jul 26 14:15:37 UTC 2022                          |
| user                            | haiyang                                                      |
+---------------------------------+--------------------------------------------------------------+

+---------------+----------+--------+-------+---------------------+--------------------------------------------------------------------------------------------------------------------+-------+--------+---------+-------+-------------------------------------+
| Name          | Status   |   Time |   Sum | Start               | tag                                                                                                                | msg   | Node   | User    | OS    | Version                             |
|---------------+----------+--------+-------+---------------------+--------------------------------------------------------------------------------------------------------------------+-------+--------+---------+-------+-------------------------------------|
| mpi-mergesort | ok       |  9.636 | 9.636 | 2022-11-19 15:57:40 | {'user': 'alex', 'node': 'v100', 'debug': False, 'size': 5000000, 'subsort': 'mp', 'sort': 'mpi', 'c': 18, 'p': 4} |       | c8     | haiyang | Linux | #1 SMP Tue Jul 26 14:15:37 UTC 2022 |
| mpi-generate  | ok       |  0.081 | 0.081 | 2022-11-19 15:57:40 | {'user': 'alex', 'node': 'v100', 'debug': False, 'size': 5000000, 'subsort': 'mp', 'sort': 'mpi', 'c': 18, 'p': 4} |       | c8     | haiyang | Linux | #1 SMP Tue Jul 26 14:15:37 UTC 2022 |
+---------------+----------+--------+-------+---------------------+--------------------------------------------------------------------------------------------------------------------+-------+--------+---------+-------+-------------------------------------+
# csv,timer,status,time,sum,start,tag,msg,uname.node,user,uname.system,platform.version
# csv,mpi-mergesort,ok,9.636,9.636,2022-11-19 15:57:40,{'user': 'alex', 'node': 'v100', 'debug': False, 'size': 5000000, 'subsort': 'mp', 'sort': 'mpi', 'c': 18, 'p': 4},None,c8,haiyang,Linux,#1 SMP Tue Jul 26 14:15:37 UTC 2022
# csv,mpi-generate,ok,0.081,0.081,2022-11-19 15:57:40,{'user': 'alex', 'node': 'v100', 'debug': False, 'size': 5000000, 'subsort': 'mp', 'sort': 'mpi', 'c': 18, 'p': 4},None,c8,haiyang,Linux,#1 SMP Tue Jul 26 14:15:37 UTC 2022


+---------------------------------+---------------------------------------------------+
| Attribute                       | Value                                             |
|---------------------------------+---------------------------------------------------|
| ANSI_COLOR                      | "0;31"                                            |
| BUG_REPORT_URL                  | "https://bugzilla.redhat.com/"                    |
| CPE_NAME                        | "cpe:/o:redhat:enterprise_linux:7.9:GA:server"    |
| HOME_URL                        | "https://www.redhat.com/"                         |
| ID                              | "rhel"                                            |
| ID_LIKE                         | "fedora"                                          |
| NAME                            | "Red Hat Enterprise Linux Server"                 |
| PRETTY_NAME                     | "Red Hat Enterprise Linux Server 7.9 (Maipo)"     |
| REDHAT_BUGZILLA_PRODUCT         | "Red Hat Enterprise Linux 7"                      |
| REDHAT_BUGZILLA_PRODUCT_VERSION | 7.9                                               |
| REDHAT_SUPPORT_PRODUCT          | "Red Hat Enterprise Linux"                        |
| REDHAT_SUPPORT_PRODUCT_VERSION  | "7.9"                                             |
| VARIANT                         | "Server"                                          |
| VARIANT_ID                      | "server"                                          |
| VERSION                         | "7.9 (Maipo)"                                     |
| VERSION_ID                      | "7.9"                                             |
| cpu                             | Intel(R) Xeon(R) CPU E5-2680 v3 @ 2.50GHz         |
| cpu_cores                       | 24                                                |
| cpu_count                       | 24                                                |
| cpu_threads                     | 24                                                |
| date                            | 2022-11-19 15:58:02.072780                        |
| frequency                       | scpufreq(current=1.96725, min=1200.0, max=3300.0) |
| mem.active                      | 40.4 GiB                                          |
| mem.available                   | 199.6 GiB                                         |
| mem.free                        | 197.0 GiB                                         |
| mem.inactive                    | 2.7 GiB                                           |
| mem.percent                     | 20.5 %                                            |
| mem.total                       | 251.1 GiB                                         |
| mem.used                        | 44.0 GiB                                          |
| platform.version                | #1 SMP Tue Jul 26 14:15:37 UTC 2022               |
| python                          | 3.9.8 (main, Feb  8 2022, 08:35:13)               |
|                                 | [GCC 6.3.0]                                       |
| python.pip                      | 22.2.2                                            |
| python.version                  | 3.9.8                                             |
| sys.platform                    | linux                                             |
| uname.machine                   | x86_64                                            |
| uname.node                      | c8                                                |
| uname.processor                 | x86_64                                            |
| uname.release                   | 3.10.0-1160.76.1.el7.x86_64                       |
| uname.system                    | Linux                                             |
| uname.version                   | #1 SMP Tue Jul 26 14:15:37 UTC 2022               |
| user                            | haiyang                                           |
+---------------------------------+---------------------------------------------------+

+---------------+----------+--------+-------+---------------------+--------------------------------------------------------------------------------------------------------------------+-------+--------+---------+-------+-------------------------------------+
| Name          | Status   |   Time |   Sum | Start               | tag                                                                                                                | msg   | Node   | User    | OS    | Version                             |
|---------------+----------+--------+-------+---------------------+--------------------------------------------------------------------------------------------------------------------+-------+--------+---------+-------+-------------------------------------|
| mpi-mergesort | ok       |  9.625 | 9.625 | 2022-11-19 15:57:52 | {'user': 'alex', 'node': 'v100', 'debug': False, 'size': 5000000, 'subsort': 'mp', 'sort': 'mpi', 'c': 18, 'p': 4} |       | c8     | haiyang | Linux | #1 SMP Tue Jul 26 14:15:37 UTC 2022 |
| mpi-generate  | ok       |  0.081 | 0.081 | 2022-11-19 15:57:52 | {'user': 'alex', 'node': 'v100', 'debug': False, 'size': 5000000, 'subsort': 'mp', 'sort': 'mpi', 'c': 18, 'p': 4} |       | c8     | haiyang | Linux | #1 SMP Tue Jul 26 14:15:37 UTC 2022 |
+---------------+----------+--------+-------+---------------------+--------------------------------------------------------------------------------------------------------------------+-------+--------+---------+-------+-------------------------------------+
# csv,timer,status,time,sum,start,tag,msg,uname.node,user,uname.system,platform.version
# csv,mpi-mergesort,ok,9.625,9.625,2022-11-19 15:57:52,{'user': 'alex', 'node': 'v100', 'debug': False, 'size': 5000000, 'subsort': 'mp', 'sort': 'mpi', 'c': 18, 'p': 4},None,c8,haiyang,Linux,#1 SMP Tue Jul 26 14:15:37 UTC 2022
# csv,mpi-generate,ok,0.081,0.081,2022-11-19 15:57:52,{'user': 'alex', 'node': 'v100', 'debug': False, 'size': 5000000, 'subsort': 'mp', 'sort': 'mpi', 'c': 18, 'p': 4},None,c8,haiyang,Linux,#1 SMP Tue Jul 26 14:15:37 UTC 2022


+---------------------------------+--------------------------------------------------------------+
| Attribute                       | Value                                                        |
|---------------------------------+--------------------------------------------------------------|
| ANSI_COLOR                      | "0;31"                                                       |
| BUG_REPORT_URL                  | "https://bugzilla.redhat.com/"                               |
| CPE_NAME                        | "cpe:/o:redhat:enterprise_linux:7.9:GA:server"               |
| HOME_URL                        | "https://www.redhat.com/"                                    |
| ID                              | "rhel"                                                       |
| ID_LIKE                         | "fedora"                                                     |
| NAME                            | "Red Hat Enterprise Linux Server"                            |
| PRETTY_NAME                     | "Red Hat Enterprise Linux Server 7.9 (Maipo)"                |
| REDHAT_BUGZILLA_PRODUCT         | "Red Hat Enterprise Linux 7"                                 |
| REDHAT_BUGZILLA_PRODUCT_VERSION | 7.9                                                          |
| REDHAT_SUPPORT_PRODUCT          | "Red Hat Enterprise Linux"                                   |
| REDHAT_SUPPORT_PRODUCT_VERSION  | "7.9"                                                        |
| VARIANT                         | "Server"                                                     |
| VARIANT_ID                      | "server"                                                     |
| VERSION                         | "7.9 (Maipo)"                                                |
| VERSION_ID                      | "7.9"                                                        |
| cpu                             | Intel(R) Xeon(R) CPU E5-2680 v3 @ 2.50GHz                    |
| cpu_cores                       | 24                                                           |
| cpu_count                       | 24                                                           |
| cpu_threads                     | 24                                                           |
| date                            | 2022-11-19 15:58:14.332354                                   |
| frequency                       | scpufreq(current=1.9472500000000006, min=1200.0, max=3300.0) |
| mem.active                      | 40.5 GiB                                                     |
| mem.available                   | 199.5 GiB                                                    |
| mem.free                        | 196.9 GiB                                                    |
| mem.inactive                    | 2.7 GiB                                                      |
| mem.percent                     | 20.5 %                                                       |
| mem.total                       | 251.1 GiB                                                    |
| mem.used                        | 44.1 GiB                                                     |
| platform.version                | #1 SMP Tue Jul 26 14:15:37 UTC 2022                          |
| python                          | 3.9.8 (main, Feb  8 2022, 08:35:13)                          |
|                                 | [GCC 6.3.0]                                                  |
| python.pip                      | 22.2.2                                                       |
| python.version                  | 3.9.8                                                        |
| sys.platform                    | linux                                                        |
| uname.machine                   | x86_64                                                       |
| uname.node                      | c8                                                           |
| uname.processor                 | x86_64                                                       |
| uname.release                   | 3.10.0-1160.76.1.el7.x86_64                                  |
| uname.system                    | Linux                                                        |
| uname.version                   | #1 SMP Tue Jul 26 14:15:37 UTC 2022                          |
| user                            | haiyang                                                      |
+---------------------------------+--------------------------------------------------------------+

+---------------+----------+--------+-------+---------------------+--------------------------------------------------------------------------------------------------------------------+-------+--------+---------+-------+-------------------------------------+
| Name          | Status   |   Time |   Sum | Start               | tag                                                                                                                | msg   | Node   | User    | OS    | Version                             |
|---------------+----------+--------+-------+---------------------+--------------------------------------------------------------------------------------------------------------------+-------+--------+---------+-------+-------------------------------------|
| mpi-mergesort | ok       |  9.594 | 9.594 | 2022-11-19 15:58:04 | {'user': 'alex', 'node': 'v100', 'debug': False, 'size': 5000000, 'subsort': 'mp', 'sort': 'mpi', 'c': 18, 'p': 4} |       | c8     | haiyang | Linux | #1 SMP Tue Jul 26 14:15:37 UTC 2022 |
| mpi-generate  | ok       |  0.082 | 0.082 | 2022-11-19 15:58:04 | {'user': 'alex', 'node': 'v100', 'debug': False, 'size': 5000000, 'subsort': 'mp', 'sort': 'mpi', 'c': 18, 'p': 4} |       | c8     | haiyang | Linux | #1 SMP Tue Jul 26 14:15:37 UTC 2022 |
+---------------+----------+--------+-------+---------------------+--------------------------------------------------------------------------------------------------------------------+-------+--------+---------+-------+-------------------------------------+
# csv,timer,status,time,sum,start,tag,msg,uname.node,user,uname.system,platform.version
# csv,mpi-mergesort,ok,9.594,9.594,2022-11-19 15:58:04,{'user': 'alex', 'node': 'v100', 'debug': False, 'size': 5000000, 'subsort': 'mp', 'sort': 'mpi', 'c': 18, 'p': 4},None,c8,haiyang,Linux,#1 SMP Tue Jul 26 14:15:37 UTC 2022
# csv,mpi-generate,ok,0.082,0.082,2022-11-19 15:58:04,{'user': 'alex', 'node': 'v100', 'debug': False, 'size': 5000000, 'subsort': 'mp', 'sort': 'mpi', 'c': 18, 'p': 4},None,c8,haiyang,Linux,#1 SMP Tue Jul 26 14:15:37 UTC 2022


+---------------------------------+--------------------------------------------------------------+
| Attribute                       | Value                                                        |
|---------------------------------+--------------------------------------------------------------|
| ANSI_COLOR                      | "0;31"                                                       |
| BUG_REPORT_URL                  | "https://bugzilla.redhat.com/"                               |
| CPE_NAME                        | "cpe:/o:redhat:enterprise_linux:7.9:GA:server"               |
| HOME_URL                        | "https://www.redhat.com/"                                    |
| ID                              | "rhel"                                                       |
| ID_LIKE                         | "fedora"                                                     |
| NAME                            | "Red Hat Enterprise Linux Server"                            |
| PRETTY_NAME                     | "Red Hat Enterprise Linux Server 7.9 (Maipo)"                |
| REDHAT_BUGZILLA_PRODUCT         | "Red Hat Enterprise Linux 7"                                 |
| REDHAT_BUGZILLA_PRODUCT_VERSION | 7.9                                                          |
| REDHAT_SUPPORT_PRODUCT          | "Red Hat Enterprise Linux"                                   |
| REDHAT_SUPPORT_PRODUCT_VERSION  | "7.9"                                                        |
| VARIANT                         | "Server"                                                     |
| VARIANT_ID                      | "server"                                                     |
| VERSION                         | "7.9 (Maipo)"                                                |
| VERSION_ID                      | "7.9"                                                        |
| cpu                             | Intel(R) Xeon(R) CPU E5-2680 v3 @ 2.50GHz                    |
| cpu_cores                       | 24                                                           |
| cpu_count                       | 24                                                           |
| cpu_threads                     | 24                                                           |
| date                            | 2022-11-19 15:58:26.610047                                   |
| frequency                       | scpufreq(current=1.9437500000000003, min=1200.0, max=3300.0) |
| mem.active                      | 40.5 GiB                                                     |
| mem.available                   | 199.5 GiB                                                    |
| mem.free                        | 196.9 GiB                                                    |
| mem.inactive                    | 2.7 GiB                                                      |
| mem.percent                     | 20.5 %                                                       |
| mem.total                       | 251.1 GiB                                                    |
| mem.used                        | 44.1 GiB                                                     |
| platform.version                | #1 SMP Tue Jul 26 14:15:37 UTC 2022                          |
| python                          | 3.9.8 (main, Feb  8 2022, 08:35:13)                          |
|                                 | [GCC 6.3.0]                                                  |
| python.pip                      | 22.2.2                                                       |
| python.version                  | 3.9.8                                                        |
| sys.platform                    | linux                                                        |
| uname.machine                   | x86_64                                                       |
| uname.node                      | c8                                                           |
| uname.processor                 | x86_64                                                       |
| uname.release                   | 3.10.0-1160.76.1.el7.x86_64                                  |
| uname.system                    | Linux                                                        |
| uname.version                   | #1 SMP Tue Jul 26 14:15:37 UTC 2022                          |
| user                            | haiyang                                                      |
+---------------------------------+--------------------------------------------------------------+

+---------------+----------+--------+-------+---------------------+--------------------------------------------------------------------------------------------------------------------+-------+--------+---------+-------+-------------------------------------+
| Name          | Status   |   Time |   Sum | Start               | tag                                                                                                                | msg   | Node   | User    | OS    | Version                             |
|---------------+----------+--------+-------+---------------------+--------------------------------------------------------------------------------------------------------------------+-------+--------+---------+-------+-------------------------------------|
| mpi-mergesort | ok       |  9.807 | 9.807 | 2022-11-19 15:58:16 | {'user': 'alex', 'node': 'v100', 'debug': False, 'size': 5000000, 'subsort': 'mp', 'sort': 'mpi', 'c': 18, 'p': 4} |       | c8     | haiyang | Linux | #1 SMP Tue Jul 26 14:15:37 UTC 2022 |
| mpi-generate  | ok       |  0.081 | 0.081 | 2022-11-19 15:58:16 | {'user': 'alex', 'node': 'v100', 'debug': False, 'size': 5000000, 'subsort': 'mp', 'sort': 'mpi', 'c': 18, 'p': 4} |       | c8     | haiyang | Linux | #1 SMP Tue Jul 26 14:15:37 UTC 2022 |
+---------------+----------+--------+-------+---------------------+--------------------------------------------------------------------------------------------------------------------+-------+--------+---------+-------+-------------------------------------+
# csv,timer,status,time,sum,start,tag,msg,uname.node,user,uname.system,platform.version
# csv,mpi-mergesort,ok,9.807,9.807,2022-11-19 15:58:16,{'user': 'alex', 'node': 'v100', 'debug': False, 'size': 5000000, 'subsort': 'mp', 'sort': 'mpi', 'c': 18, 'p': 4},None,c8,haiyang,Linux,#1 SMP Tue Jul 26 14:15:37 UTC 2022
# csv,mpi-generate,ok,0.081,0.081,2022-11-19 15:58:16,{'user': 'alex', 'node': 'v100', 'debug': False, 'size': 5000000, 'subsort': 'mp', 'sort': 'mpi', 'c': 18, 'p': 4},None,c8,haiyang,Linux,#1 SMP Tue Jul 26 14:15:37 UTC 2022


+---------------------------------+--------------------------------------------------------------+
| Attribute                       | Value                                                        |
|---------------------------------+--------------------------------------------------------------|
| ANSI_COLOR                      | "0;31"                                                       |
| BUG_REPORT_URL                  | "https://bugzilla.redhat.com/"                               |
| CPE_NAME                        | "cpe:/o:redhat:enterprise_linux:7.9:GA:server"               |
| HOME_URL                        | "https://www.redhat.com/"                                    |
| ID                              | "rhel"                                                       |
| ID_LIKE                         | "fedora"                                                     |
| NAME                            | "Red Hat Enterprise Linux Server"                            |
| PRETTY_NAME                     | "Red Hat Enterprise Linux Server 7.9 (Maipo)"                |
| REDHAT_BUGZILLA_PRODUCT         | "Red Hat Enterprise Linux 7"                                 |
| REDHAT_BUGZILLA_PRODUCT_VERSION | 7.9                                                          |
| REDHAT_SUPPORT_PRODUCT          | "Red Hat Enterprise Linux"                                   |
| REDHAT_SUPPORT_PRODUCT_VERSION  | "7.9"                                                        |
| VARIANT                         | "Server"                                                     |
| VARIANT_ID                      | "server"                                                     |
| VERSION                         | "7.9 (Maipo)"                                                |
| VERSION_ID                      | "7.9"                                                        |
| cpu                             | Intel(R) Xeon(R) CPU E5-2680 v3 @ 2.50GHz                    |
| cpu_cores                       | 24                                                           |
| cpu_count                       | 24                                                           |
| cpu_threads                     | 24                                                           |
| date                            | 2022-11-19 15:58:45.748510                                   |
| frequency                       | scpufreq(current=1.9251666666666667, min=1200.0, max=3300.0) |
| mem.active                      | 40.6 GiB                                                     |
| mem.available                   | 199.4 GiB                                                    |
| mem.free                        | 196.8 GiB                                                    |
| mem.inactive                    | 2.7 GiB                                                      |
| mem.percent                     | 20.6 %                                                       |
| mem.total                       | 251.1 GiB                                                    |
| mem.used                        | 44.2 GiB                                                     |
| platform.version                | #1 SMP Tue Jul 26 14:15:37 UTC 2022                          |
| python                          | 3.9.8 (main, Feb  8 2022, 08:35:13)                          |
|                                 | [GCC 6.3.0]                                                  |
| python.pip                      | 22.2.2                                                       |
| python.version                  | 3.9.8                                                        |
| sys.platform                    | linux                                                        |
| uname.machine                   | x86_64                                                       |
| uname.node                      | c8                                                           |
| uname.processor                 | x86_64                                                       |
| uname.release                   | 3.10.0-1160.76.1.el7.x86_64                                  |
| uname.system                    | Linux                                                        |
| uname.version                   | #1 SMP Tue Jul 26 14:15:37 UTC 2022                          |
| user                            | haiyang                                                      |
+---------------------------------+--------------------------------------------------------------+

+---------------+----------+--------+-------+---------------------+--------------------------------------------------------------------------------------------------------------------+-------+--------+---------+-------+-------------------------------------+
| Name          | Status   |   Time |   Sum | Start               | tag                                                                                                                | msg   | Node   | User    | OS    | Version                             |
|---------------+----------+--------+-------+---------------------+--------------------------------------------------------------------------------------------------------------------+-------+--------+---------+-------+-------------------------------------|
| mpi-mergesort | ok       |  9.626 | 9.626 | 2022-11-19 15:58:36 | {'user': 'alex', 'node': 'v100', 'debug': False, 'size': 5000000, 'subsort': 'mp', 'sort': 'mpi', 'c': 18, 'p': 4} |       | c8     | haiyang | Linux | #1 SMP Tue Jul 26 14:15:37 UTC 2022 |
| mpi-generate  | ok       |  0.082 | 0.082 | 2022-11-19 15:58:36 | {'user': 'alex', 'node': 'v100', 'debug': False, 'size': 5000000, 'subsort': 'mp', 'sort': 'mpi', 'c': 18, 'p': 4} |       | c8     | haiyang | Linux | #1 SMP Tue Jul 26 14:15:37 UTC 2022 |
+---------------+----------+--------+-------+---------------------+--------------------------------------------------------------------------------------------------------------------+-------+--------+---------+-------+-------------------------------------+
# csv,timer,status,time,sum,start,tag,msg,uname.node,user,uname.system,platform.version
# csv,mpi-mergesort,ok,9.626,9.626,2022-11-19 15:58:36,{'user': 'alex', 'node': 'v100', 'debug': False, 'size': 5000000, 'subsort': 'mp', 'sort': 'mpi', 'c': 18, 'p': 4},None,c8,haiyang,Linux,#1 SMP Tue Jul 26 14:15:37 UTC 2022
# csv,mpi-generate,ok,0.082,0.082,2022-11-19 15:58:36,{'user': 'alex', 'node': 'v100', 'debug': False, 'size': 5000000, 'subsort': 'mp', 'sort': 'mpi', 'c': 18, 'p': 4},None,c8,haiyang,Linux,#1 SMP Tue Jul 26 14:15:37 UTC 2022


+---------------------------------+--------------------------------------------------------------+
| Attribute                       | Value                                                        |
|---------------------------------+--------------------------------------------------------------|
| ANSI_COLOR                      | "0;31"                                                       |
| BUG_REPORT_URL                  | "https://bugzilla.redhat.com/"                               |
| CPE_NAME                        | "cpe:/o:redhat:enterprise_linux:7.9:GA:server"               |
| HOME_URL                        | "https://www.redhat.com/"                                    |
| ID                              | "rhel"                                                       |
| ID_LIKE                         | "fedora"                                                     |
| NAME                            | "Red Hat Enterprise Linux Server"                            |
| PRETTY_NAME                     | "Red Hat Enterprise Linux Server 7.9 (Maipo)"                |
| REDHAT_BUGZILLA_PRODUCT         | "Red Hat Enterprise Linux 7"                                 |
| REDHAT_BUGZILLA_PRODUCT_VERSION | 7.9                                                          |
| REDHAT_SUPPORT_PRODUCT          | "Red Hat Enterprise Linux"                                   |
| REDHAT_SUPPORT_PRODUCT_VERSION  | "7.9"                                                        |
| VARIANT                         | "Server"                                                     |
| VARIANT_ID                      | "server"                                                     |
| VERSION                         | "7.9 (Maipo)"                                                |
| VERSION_ID                      | "7.9"                                                        |
| cpu                             | Intel(R) Xeon(R) CPU E5-2680 v3 @ 2.50GHz                    |
| cpu_cores                       | 24                                                           |
| cpu_count                       | 24                                                           |
| cpu_threads                     | 24                                                           |
| date                            | 2022-11-19 15:58:57.981268                                   |
| frequency                       | scpufreq(current=1.9324583333333338, min=1200.0, max=3300.0) |
| mem.active                      | 40.4 GiB                                                     |
| mem.available                   | 199.6 GiB                                                    |
| mem.free                        | 197.0 GiB                                                    |
| mem.inactive                    | 2.7 GiB                                                      |
| mem.percent                     | 20.5 %                                                       |
| mem.total                       | 251.1 GiB                                                    |
| mem.used                        | 44.0 GiB                                                     |
| platform.version                | #1 SMP Tue Jul 26 14:15:37 UTC 2022                          |
| python                          | 3.9.8 (main, Feb  8 2022, 08:35:13)                          |
|                                 | [GCC 6.3.0]                                                  |
| python.pip                      | 22.2.2                                                       |
| python.version                  | 3.9.8                                                        |
| sys.platform                    | linux                                                        |
| uname.machine                   | x86_64                                                       |
| uname.node                      | c8                                                           |
| uname.processor                 | x86_64                                                       |
| uname.release                   | 3.10.0-1160.76.1.el7.x86_64                                  |
| uname.system                    | Linux                                                        |
| uname.version                   | #1 SMP Tue Jul 26 14:15:37 UTC 2022                          |
| user                            | haiyang                                                      |
+---------------------------------+--------------------------------------------------------------+

+---------------+----------+--------+-------+---------------------+--------------------------------------------------------------------------------------------------------------------+-------+--------+---------+-------+-------------------------------------+
| Name          | Status   |   Time |   Sum | Start               | tag                                                                                                                | msg   | Node   | User    | OS    | Version                             |
|---------------+----------+--------+-------+---------------------+--------------------------------------------------------------------------------------------------------------------+-------+--------+---------+-------+-------------------------------------|
| mpi-mergesort | ok       |  9.692 | 9.692 | 2022-11-19 15:58:48 | {'user': 'alex', 'node': 'v100', 'debug': False, 'size': 5000000, 'subsort': 'mp', 'sort': 'mpi', 'c': 18, 'p': 4} |       | c8     | haiyang | Linux | #1 SMP Tue Jul 26 14:15:37 UTC 2022 |
| mpi-generate  | ok       |  0.081 | 0.081 | 2022-11-19 15:58:48 | {'user': 'alex', 'node': 'v100', 'debug': False, 'size': 5000000, 'subsort': 'mp', 'sort': 'mpi', 'c': 18, 'p': 4} |       | c8     | haiyang | Linux | #1 SMP Tue Jul 26 14:15:37 UTC 2022 |
+---------------+----------+--------+-------+---------------------+--------------------------------------------------------------------------------------------------------------------+-------+--------+---------+-------+-------------------------------------+
# csv,timer,status,time,sum,start,tag,msg,uname.node,user,uname.system,platform.version
# csv,mpi-mergesort,ok,9.692,9.692,2022-11-19 15:58:48,{'user': 'alex', 'node': 'v100', 'debug': False, 'size': 5000000, 'subsort': 'mp', 'sort': 'mpi', 'c': 18, 'p': 4},None,c8,haiyang,Linux,#1 SMP Tue Jul 26 14:15:37 UTC 2022
# csv,mpi-generate,ok,0.081,0.081,2022-11-19 15:58:48,{'user': 'alex', 'node': 'v100', 'debug': False, 'size': 5000000, 'subsort': 'mp', 'sort': 'mpi', 'c': 18, 'p': 4},None,c8,haiyang,Linux,#1 SMP Tue Jul 26 14:15:37 UTC 2022

