Args.Debug:     False
Starting experiment
Log:       output.log
Processes: 8
Size:      5000
Repeat:    10
Clear:     False
Debug:     False
Algorithm: mpi
ID:        0
Tag:       None
Total:     10
Experiment 9         : size=5000 processes=8 id=0 repeat=0 last_time=undefined                     
[0m[0m[0m[0m[0m[0m[0m[0mExperiment 8         : size=5000 processes=8 id=0 repeat=1 last_time=3.639                     
[0m[0m[0m[0m[0m[0m[0m[0mExperiment 7         : size=5000 processes=8 id=0 repeat=2 last_time=3.1124                     
[0m[0m[0m[0m[0m[0m[0m[0mExperiment 6         : size=5000 processes=8 id=0 repeat=3 last_time=3.1192                     
[0m[0m[0m[0m[0m[0m[0m[0mExperiment 5         : size=5000 processes=8 id=0 repeat=4 last_time=3.1121                     
[0m[0m[0m[0m[0m[0m[0m[0mExperiment 4         : size=5000 processes=8 id=0 repeat=5 last_time=3.1553                     
[0m[0m[0m[0m[0m[0m[0m[0mExperiment 3         : size=5000 processes=8 id=0 repeat=6 last_time=2.9659                     
[0m[0m[0m[0m[0m[0m[0m[0mExperiment 2         : size=5000 processes=8 id=0 repeat=7 last_time=2.9272                     
[0m[0m[0m[0m[0m[0m[0m[0mExperiment 1         : size=5000 processes=8 id=0 repeat=8 last_time=4.2385                     
[0m[0m[0m[0m[0m[0m[0m[0mExperiment 0         : size=5000 processes=8 id=0 repeat=9 last_time=3.0016                     
[0m[0m[0m[0m[0m[0m[0m[0m
+---------------------------------+--------------------------------------------------------------+
| Attribute                       | Value                                                        |
|---------------------------------+--------------------------------------------------------------|
| ANSI_COLOR                      | "0;31"                                                       |
| BUG_REPORT_URL                  | "https://bugzilla.redhat.com/"                               |
| CPE_NAME                        | "cpe:/o:redhat:enterprise_linux:7.9:GA:server"               |
| HOME_URL                        | "https://www.redhat.com/"                                    |
| ID                              | "rhel"                                                       |
| ID_LIKE                         | "fedora"                                                     |
| NAME                            | "Red Hat Enterprise Linux Server"                            |
| PRETTY_NAME                     | "Red Hat Enterprise Linux Server 7.9 (Maipo)"                |
| REDHAT_BUGZILLA_PRODUCT         | "Red Hat Enterprise Linux 7"                                 |
| REDHAT_BUGZILLA_PRODUCT_VERSION | 7.9                                                          |
| REDHAT_SUPPORT_PRODUCT          | "Red Hat Enterprise Linux"                                   |
| REDHAT_SUPPORT_PRODUCT_VERSION  | "7.9"                                                        |
| VARIANT                         | "Server"                                                     |
| VARIANT_ID                      | "server"                                                     |
| VERSION                         | "7.9 (Maipo)"                                                |
| VERSION_ID                      | "7.9"                                                        |
| cpu                             | Intel(R) Xeon(R) CPU E5-2680 v3 @ 2.50GHz                    |
| cpu_cores                       | 24                                                           |
| cpu_count                       | 24                                                           |
| cpu_threads                     | 24                                                           |
| date                            | 2022-11-04 23:53:27.821213                                   |
| frequency                       | scpufreq(current=1.3739583333333334, min=1200.0, max=3300.0) |
| mem.active                      | 21.3 GiB                                                     |
| mem.available                   | 152.8 GiB                                                    |
| mem.free                        | 53.6 GiB                                                     |
| mem.inactive                    | 99.7 GiB                                                     |
| mem.percent                     | 39.2 %                                                       |
| mem.total                       | 251.2 GiB                                                    |
| mem.used                        | 79.1 GiB                                                     |
| platform.version                | #1 SMP Tue Jul 26 14:15:37 UTC 2022                          |
| python                          | 3.9.8 (main, Feb  8 2022, 08:35:13)                          |
|                                 | [GCC 6.3.0]                                                  |
| python.pip                      | 22.2.2                                                       |
| python.version                  | 3.9.8                                                        |
| sys.platform                    | linux                                                        |
| uname.machine                   | x86_64                                                       |
| uname.node                      | h1.carbonate.uits.iu.edu                                     |
| uname.processor                 | x86_64                                                       |
| uname.release                   | 3.10.0-1160.76.1.el7.x86_64                                  |
| uname.system                    | Linux                                                        |
| uname.version                   | #1 SMP Tue Jul 26 14:15:37 UTC 2022                          |
| user                            | haiyang                                                      |
+---------------------------------+--------------------------------------------------------------+

+----------------------------------+----------+--------+-------+---------------------+---------------------------------------------------------------------------------------------------------------+-------+--------------------------+---------+-------+-------------------------------------+
| Name                             | Status   |   Time |   Sum | Start               | tag                                                                                                           | msg   | Node                     | User    | OS    | Version                             |
|----------------------------------+----------+--------+-------+---------------------+---------------------------------------------------------------------------------------------------------------+-------+--------------------------+---------+-------+-------------------------------------|
| mpi-v100-alex-5000-8-None-None-0 | ok       |  3.639 | 3.639 | 2022-11-04 23:52:55 | {'p': 8, 'size': 5000, 'repeat': 10, 'sort': 'mpi', 'user': 'alex', 'node': 'v100', 't': 'None', 'c': 'None'} |       | h1.carbonate.uits.iu.edu | haiyang | Linux | #1 SMP Tue Jul 26 14:15:37 UTC 2022 |
| mpi-v100-alex-5000-8-None-None-1 | ok       |  3.112 | 3.112 | 2022-11-04 23:52:59 | {'p': 8, 'size': 5000, 'repeat': 10, 'sort': 'mpi', 'user': 'alex', 'node': 'v100', 't': 'None', 'c': 'None'} |       | h1.carbonate.uits.iu.edu | haiyang | Linux | #1 SMP Tue Jul 26 14:15:37 UTC 2022 |
| mpi-v100-alex-5000-8-None-None-2 | ok       |  3.119 | 3.119 | 2022-11-04 23:53:02 | {'p': 8, 'size': 5000, 'repeat': 10, 'sort': 'mpi', 'user': 'alex', 'node': 'v100', 't': 'None', 'c': 'None'} |       | h1.carbonate.uits.iu.edu | haiyang | Linux | #1 SMP Tue Jul 26 14:15:37 UTC 2022 |
| mpi-v100-alex-5000-8-None-None-3 | ok       |  3.112 | 3.112 | 2022-11-04 23:53:05 | {'p': 8, 'size': 5000, 'repeat': 10, 'sort': 'mpi', 'user': 'alex', 'node': 'v100', 't': 'None', 'c': 'None'} |       | h1.carbonate.uits.iu.edu | haiyang | Linux | #1 SMP Tue Jul 26 14:15:37 UTC 2022 |
| mpi-v100-alex-5000-8-None-None-4 | ok       |  3.155 | 3.155 | 2022-11-04 23:53:08 | {'p': 8, 'size': 5000, 'repeat': 10, 'sort': 'mpi', 'user': 'alex', 'node': 'v100', 't': 'None', 'c': 'None'} |       | h1.carbonate.uits.iu.edu | haiyang | Linux | #1 SMP Tue Jul 26 14:15:37 UTC 2022 |
| mpi-v100-alex-5000-8-None-None-5 | ok       |  2.966 | 2.966 | 2022-11-04 23:53:11 | {'p': 8, 'size': 5000, 'repeat': 10, 'sort': 'mpi', 'user': 'alex', 'node': 'v100', 't': 'None', 'c': 'None'} |       | h1.carbonate.uits.iu.edu | haiyang | Linux | #1 SMP Tue Jul 26 14:15:37 UTC 2022 |
| mpi-v100-alex-5000-8-None-None-6 | ok       |  2.927 | 2.927 | 2022-11-04 23:53:14 | {'p': 8, 'size': 5000, 'repeat': 10, 'sort': 'mpi', 'user': 'alex', 'node': 'v100', 't': 'None', 'c': 'None'} |       | h1.carbonate.uits.iu.edu | haiyang | Linux | #1 SMP Tue Jul 26 14:15:37 UTC 2022 |
| mpi-v100-alex-5000-8-None-None-7 | ok       |  4.239 | 4.239 | 2022-11-04 23:53:17 | {'p': 8, 'size': 5000, 'repeat': 10, 'sort': 'mpi', 'user': 'alex', 'node': 'v100', 't': 'None', 'c': 'None'} |       | h1.carbonate.uits.iu.edu | haiyang | Linux | #1 SMP Tue Jul 26 14:15:37 UTC 2022 |
| mpi-v100-alex-5000-8-None-None-8 | ok       |  3.002 | 3.002 | 2022-11-04 23:53:21 | {'p': 8, 'size': 5000, 'repeat': 10, 'sort': 'mpi', 'user': 'alex', 'node': 'v100', 't': 'None', 'c': 'None'} |       | h1.carbonate.uits.iu.edu | haiyang | Linux | #1 SMP Tue Jul 26 14:15:37 UTC 2022 |
| mpi-v100-alex-5000-8-None-None-9 | ok       |  2.983 | 2.983 | 2022-11-04 23:53:24 | {'p': 8, 'size': 5000, 'repeat': 10, 'sort': 'mpi', 'user': 'alex', 'node': 'v100', 't': 'None', 'c': 'None'} |       | h1.carbonate.uits.iu.edu | haiyang | Linux | #1 SMP Tue Jul 26 14:15:37 UTC 2022 |
+----------------------------------+----------+--------+-------+---------------------+---------------------------------------------------------------------------------------------------------------+-------+--------------------------+---------+-------+-------------------------------------+
# csv,timer,status,time,sum,start,tag,msg,uname.node,user,uname.system,platform.version
# csv,mpi-v100-alex-5000-8-None-None-0,ok,3.639,3.639,2022-11-04 23:52:55,{'p': 8, 'size': 5000, 'repeat': 10, 'sort': 'mpi', 'user': 'alex', 'node': 'v100', 't': 'None', 'c': 'None'},None,h1.carbonate.uits.iu.edu,haiyang,Linux,#1 SMP Tue Jul 26 14:15:37 UTC 2022
# csv,mpi-v100-alex-5000-8-None-None-1,ok,3.112,3.112,2022-11-04 23:52:59,{'p': 8, 'size': 5000, 'repeat': 10, 'sort': 'mpi', 'user': 'alex', 'node': 'v100', 't': 'None', 'c': 'None'},None,h1.carbonate.uits.iu.edu,haiyang,Linux,#1 SMP Tue Jul 26 14:15:37 UTC 2022
# csv,mpi-v100-alex-5000-8-None-None-2,ok,3.119,3.119,2022-11-04 23:53:02,{'p': 8, 'size': 5000, 'repeat': 10, 'sort': 'mpi', 'user': 'alex', 'node': 'v100', 't': 'None', 'c': 'None'},None,h1.carbonate.uits.iu.edu,haiyang,Linux,#1 SMP Tue Jul 26 14:15:37 UTC 2022
# csv,mpi-v100-alex-5000-8-None-None-3,ok,3.112,3.112,2022-11-04 23:53:05,{'p': 8, 'size': 5000, 'repeat': 10, 'sort': 'mpi', 'user': 'alex', 'node': 'v100', 't': 'None', 'c': 'None'},None,h1.carbonate.uits.iu.edu,haiyang,Linux,#1 SMP Tue Jul 26 14:15:37 UTC 2022
# csv,mpi-v100-alex-5000-8-None-None-4,ok,3.155,3.155,2022-11-04 23:53:08,{'p': 8, 'size': 5000, 'repeat': 10, 'sort': 'mpi', 'user': 'alex', 'node': 'v100', 't': 'None', 'c': 'None'},None,h1.carbonate.uits.iu.edu,haiyang,Linux,#1 SMP Tue Jul 26 14:15:37 UTC 2022
# csv,mpi-v100-alex-5000-8-None-None-5,ok,2.966,2.966,2022-11-04 23:53:11,{'p': 8, 'size': 5000, 'repeat': 10, 'sort': 'mpi', 'user': 'alex', 'node': 'v100', 't': 'None', 'c': 'None'},None,h1.carbonate.uits.iu.edu,haiyang,Linux,#1 SMP Tue Jul 26 14:15:37 UTC 2022
# csv,mpi-v100-alex-5000-8-None-None-6,ok,2.927,2.927,2022-11-04 23:53:14,{'p': 8, 'size': 5000, 'repeat': 10, 'sort': 'mpi', 'user': 'alex', 'node': 'v100', 't': 'None', 'c': 'None'},None,h1.carbonate.uits.iu.edu,haiyang,Linux,#1 SMP Tue Jul 26 14:15:37 UTC 2022
# csv,mpi-v100-alex-5000-8-None-None-7,ok,4.239,4.239,2022-11-04 23:53:17,{'p': 8, 'size': 5000, 'repeat': 10, 'sort': 'mpi', 'user': 'alex', 'node': 'v100', 't': 'None', 'c': 'None'},None,h1.carbonate.uits.iu.edu,haiyang,Linux,#1 SMP Tue Jul 26 14:15:37 UTC 2022
# csv,mpi-v100-alex-5000-8-None-None-8,ok,3.002,3.002,2022-11-04 23:53:21,{'p': 8, 'size': 5000, 'repeat': 10, 'sort': 'mpi', 'user': 'alex', 'node': 'v100', 't': 'None', 'c': 'None'},None,h1.carbonate.uits.iu.edu,haiyang,Linux,#1 SMP Tue Jul 26 14:15:37 UTC 2022
# csv,mpi-v100-alex-5000-8-None-None-9,ok,2.983,2.983,2022-11-04 23:53:24,{'p': 8, 'size': 5000, 'repeat': 10, 'sort': 'mpi', 'user': 'alex', 'node': 'v100', 't': 'None', 'c': 'None'},None,h1.carbonate.uits.iu.edu,haiyang,Linux,#1 SMP Tue Jul 26 14:15:37 UTC 2022

