SORT: seq
<function merge_sort at 0x2afff92fec10>
Starting experiment
Log:       output.log
Processes: 1
Size:      500000
Repeat:    10
Clear:     False
Debug:     True
Algorithm: seq
ID:        0
Tag:       None
Total:     10
Experiment 9         : size=500000 processes=1 id=0 repeat=0 last_time=undefined                     
Experiment 8         : size=500000 processes=1 id=0 repeat=1 last_time=3.1374                     
Experiment 7         : size=500000 processes=1 id=0 repeat=2 last_time=3.0197                     
Experiment 6         : size=500000 processes=1 id=0 repeat=3 last_time=3.0675                     
Experiment 5         : size=500000 processes=1 id=0 repeat=4 last_time=3.0887                     
Experiment 4         : size=500000 processes=1 id=0 repeat=5 last_time=3.0709                     
Experiment 3         : size=500000 processes=1 id=0 repeat=6 last_time=3.0375                     
Experiment 2         : size=500000 processes=1 id=0 repeat=7 last_time=3.2991                     
Experiment 1         : size=500000 processes=1 id=0 repeat=8 last_time=3.135                     
Experiment 0         : size=500000 processes=1 id=0 repeat=9 last_time=3.3503                     

+---------------------------------+--------------------------------------------------------------+
| Attribute                       | Value                                                        |
|---------------------------------+--------------------------------------------------------------|
| ANSI_COLOR                      | "0;31"                                                       |
| BUG_REPORT_URL                  | "https://bugzilla.redhat.com/"                               |
| CPE_NAME                        | "cpe:/o:redhat:enterprise_linux:7.9:GA:server"               |
| HOME_URL                        | "https://www.redhat.com/"                                    |
| ID                              | "rhel"                                                       |
| ID_LIKE                         | "fedora"                                                     |
| NAME                            | "Red Hat Enterprise Linux Server"                            |
| PRETTY_NAME                     | "Red Hat Enterprise Linux Server 7.9 (Maipo)"                |
| REDHAT_BUGZILLA_PRODUCT         | "Red Hat Enterprise Linux 7"                                 |
| REDHAT_BUGZILLA_PRODUCT_VERSION | 7.9                                                          |
| REDHAT_SUPPORT_PRODUCT          | "Red Hat Enterprise Linux"                                   |
| REDHAT_SUPPORT_PRODUCT_VERSION  | "7.9"                                                        |
| VARIANT                         | "Server"                                                     |
| VARIANT_ID                      | "server"                                                     |
| VERSION                         | "7.9 (Maipo)"                                                |
| VERSION_ID                      | "7.9"                                                        |
| cpu                             | Intel(R) Xeon(R) CPU E5-2680 v3 @ 2.50GHz                    |
| cpu_cores                       | 24                                                           |
| cpu_count                       | 24                                                           |
| cpu_threads                     | 24                                                           |
| date                            | 2022-11-03 21:30:39.930449                                   |
| frequency                       | scpufreq(current=1.3027083333333336, min=1200.0, max=3300.0) |
| mem.active                      | 26.7 GiB                                                     |
| mem.available                   | 151.7 GiB                                                    |
| mem.free                        | 87.0 GiB                                                     |
| mem.inactive                    | 67.3 GiB                                                     |
| mem.percent                     | 39.6 %                                                       |
| mem.total                       | 251.2 GiB                                                    |
| mem.used                        | 80.5 GiB                                                     |
| platform.version                | #1 SMP Tue Jul 26 14:15:37 UTC 2022                          |
| python                          | 3.9.8 (main, Feb  8 2022, 08:35:13)                          |
|                                 | [GCC 6.3.0]                                                  |
| python.pip                      | 22.2.2                                                       |
| python.version                  | 3.9.8                                                        |
| sys.platform                    | linux                                                        |
| uname.machine                   | x86_64                                                       |
| uname.node                      | h1.carbonate.uits.iu.edu                                     |
| uname.processor                 | x86_64                                                       |
| uname.release                   | 3.10.0-1160.76.1.el7.x86_64                                  |
| uname.system                    | Linux                                                        |
| uname.version                   | #1 SMP Tue Jul 26 14:15:37 UTC 2022                          |
| user                            | haiyang                                                      |
+---------------------------------+--------------------------------------------------------------+

+------------------------------------+----------+--------+-------+---------------------+-----------------------------------------------------------------------------------------------------------------+-------+--------------------------+---------+-------+-------------------------------------+
| Name                               | Status   |   Time |   Sum | Start               | tag                                                                                                             | msg   | Node                     | User    | OS    | Version                             |
|------------------------------------+----------+--------+-------+---------------------+-----------------------------------------------------------------------------------------------------------------+-------+--------------------------+---------+-------+-------------------------------------|
| seq-v100-alex-500000-1-None-None-0 | ok       |  3.137 | 3.137 | 2022-11-03 21:30:04 | {'p': 1, 'size': 500000, 'repeat': 10, 'sort': 'seq', 'user': 'alex', 'node': 'v100', 't': 'None', 'c': 'None'} |       | h1.carbonate.uits.iu.edu | haiyang | Linux | #1 SMP Tue Jul 26 14:15:37 UTC 2022 |
| seq-v100-alex-500000-1-None-None-1 | ok       |  3.02  | 3.02  | 2022-11-03 21:30:07 | {'p': 1, 'size': 500000, 'repeat': 10, 'sort': 'seq', 'user': 'alex', 'node': 'v100', 't': 'None', 'c': 'None'} |       | h1.carbonate.uits.iu.edu | haiyang | Linux | #1 SMP Tue Jul 26 14:15:37 UTC 2022 |
| seq-v100-alex-500000-1-None-None-2 | ok       |  3.067 | 3.067 | 2022-11-03 21:30:11 | {'p': 1, 'size': 500000, 'repeat': 10, 'sort': 'seq', 'user': 'alex', 'node': 'v100', 't': 'None', 'c': 'None'} |       | h1.carbonate.uits.iu.edu | haiyang | Linux | #1 SMP Tue Jul 26 14:15:37 UTC 2022 |
| seq-v100-alex-500000-1-None-None-3 | ok       |  3.089 | 3.089 | 2022-11-03 21:30:14 | {'p': 1, 'size': 500000, 'repeat': 10, 'sort': 'seq', 'user': 'alex', 'node': 'v100', 't': 'None', 'c': 'None'} |       | h1.carbonate.uits.iu.edu | haiyang | Linux | #1 SMP Tue Jul 26 14:15:37 UTC 2022 |
| seq-v100-alex-500000-1-None-None-4 | ok       |  3.071 | 3.071 | 2022-11-03 21:30:18 | {'p': 1, 'size': 500000, 'repeat': 10, 'sort': 'seq', 'user': 'alex', 'node': 'v100', 't': 'None', 'c': 'None'} |       | h1.carbonate.uits.iu.edu | haiyang | Linux | #1 SMP Tue Jul 26 14:15:37 UTC 2022 |
| seq-v100-alex-500000-1-None-None-5 | ok       |  3.037 | 3.037 | 2022-11-03 21:30:22 | {'p': 1, 'size': 500000, 'repeat': 10, 'sort': 'seq', 'user': 'alex', 'node': 'v100', 't': 'None', 'c': 'None'} |       | h1.carbonate.uits.iu.edu | haiyang | Linux | #1 SMP Tue Jul 26 14:15:37 UTC 2022 |
| seq-v100-alex-500000-1-None-None-6 | ok       |  3.299 | 3.299 | 2022-11-03 21:30:25 | {'p': 1, 'size': 500000, 'repeat': 10, 'sort': 'seq', 'user': 'alex', 'node': 'v100', 't': 'None', 'c': 'None'} |       | h1.carbonate.uits.iu.edu | haiyang | Linux | #1 SMP Tue Jul 26 14:15:37 UTC 2022 |
| seq-v100-alex-500000-1-None-None-7 | ok       |  3.135 | 3.135 | 2022-11-03 21:30:29 | {'p': 1, 'size': 500000, 'repeat': 10, 'sort': 'seq', 'user': 'alex', 'node': 'v100', 't': 'None', 'c': 'None'} |       | h1.carbonate.uits.iu.edu | haiyang | Linux | #1 SMP Tue Jul 26 14:15:37 UTC 2022 |
| seq-v100-alex-500000-1-None-None-8 | ok       |  3.35  | 3.35  | 2022-11-03 21:30:32 | {'p': 1, 'size': 500000, 'repeat': 10, 'sort': 'seq', 'user': 'alex', 'node': 'v100', 't': 'None', 'c': 'None'} |       | h1.carbonate.uits.iu.edu | haiyang | Linux | #1 SMP Tue Jul 26 14:15:37 UTC 2022 |
| seq-v100-alex-500000-1-None-None-9 | ok       |  3.081 | 3.081 | 2022-11-03 21:30:36 | {'p': 1, 'size': 500000, 'repeat': 10, 'sort': 'seq', 'user': 'alex', 'node': 'v100', 't': 'None', 'c': 'None'} |       | h1.carbonate.uits.iu.edu | haiyang | Linux | #1 SMP Tue Jul 26 14:15:37 UTC 2022 |
+------------------------------------+----------+--------+-------+---------------------+-----------------------------------------------------------------------------------------------------------------+-------+--------------------------+---------+-------+-------------------------------------+
# csv,timer,status,time,sum,start,tag,msg,uname.node,user,uname.system,platform.version
# csv,seq-v100-alex-500000-1-None-None-0,ok,3.137,3.137,2022-11-03 21:30:04,{'p': 1, 'size': 500000, 'repeat': 10, 'sort': 'seq', 'user': 'alex', 'node': 'v100', 't': 'None', 'c': 'None'},None,h1.carbonate.uits.iu.edu,haiyang,Linux,#1 SMP Tue Jul 26 14:15:37 UTC 2022
# csv,seq-v100-alex-500000-1-None-None-1,ok,3.02,3.02,2022-11-03 21:30:07,{'p': 1, 'size': 500000, 'repeat': 10, 'sort': 'seq', 'user': 'alex', 'node': 'v100', 't': 'None', 'c': 'None'},None,h1.carbonate.uits.iu.edu,haiyang,Linux,#1 SMP Tue Jul 26 14:15:37 UTC 2022
# csv,seq-v100-alex-500000-1-None-None-2,ok,3.067,3.067,2022-11-03 21:30:11,{'p': 1, 'size': 500000, 'repeat': 10, 'sort': 'seq', 'user': 'alex', 'node': 'v100', 't': 'None', 'c': 'None'},None,h1.carbonate.uits.iu.edu,haiyang,Linux,#1 SMP Tue Jul 26 14:15:37 UTC 2022
# csv,seq-v100-alex-500000-1-None-None-3,ok,3.089,3.089,2022-11-03 21:30:14,{'p': 1, 'size': 500000, 'repeat': 10, 'sort': 'seq', 'user': 'alex', 'node': 'v100', 't': 'None', 'c': 'None'},None,h1.carbonate.uits.iu.edu,haiyang,Linux,#1 SMP Tue Jul 26 14:15:37 UTC 2022
# csv,seq-v100-alex-500000-1-None-None-4,ok,3.071,3.071,2022-11-03 21:30:18,{'p': 1, 'size': 500000, 'repeat': 10, 'sort': 'seq', 'user': 'alex', 'node': 'v100', 't': 'None', 'c': 'None'},None,h1.carbonate.uits.iu.edu,haiyang,Linux,#1 SMP Tue Jul 26 14:15:37 UTC 2022
# csv,seq-v100-alex-500000-1-None-None-5,ok,3.037,3.037,2022-11-03 21:30:22,{'p': 1, 'size': 500000, 'repeat': 10, 'sort': 'seq', 'user': 'alex', 'node': 'v100', 't': 'None', 'c': 'None'},None,h1.carbonate.uits.iu.edu,haiyang,Linux,#1 SMP Tue Jul 26 14:15:37 UTC 2022
# csv,seq-v100-alex-500000-1-None-None-6,ok,3.299,3.299,2022-11-03 21:30:25,{'p': 1, 'size': 500000, 'repeat': 10, 'sort': 'seq', 'user': 'alex', 'node': 'v100', 't': 'None', 'c': 'None'},None,h1.carbonate.uits.iu.edu,haiyang,Linux,#1 SMP Tue Jul 26 14:15:37 UTC 2022
# csv,seq-v100-alex-500000-1-None-None-7,ok,3.135,3.135,2022-11-03 21:30:29,{'p': 1, 'size': 500000, 'repeat': 10, 'sort': 'seq', 'user': 'alex', 'node': 'v100', 't': 'None', 'c': 'None'},None,h1.carbonate.uits.iu.edu,haiyang,Linux,#1 SMP Tue Jul 26 14:15:37 UTC 2022
# csv,seq-v100-alex-500000-1-None-None-8,ok,3.35,3.35,2022-11-03 21:30:32,{'p': 1, 'size': 500000, 'repeat': 10, 'sort': 'seq', 'user': 'alex', 'node': 'v100', 't': 'None', 'c': 'None'},None,h1.carbonate.uits.iu.edu,haiyang,Linux,#1 SMP Tue Jul 26 14:15:37 UTC 2022
# csv,seq-v100-alex-500000-1-None-None-9,ok,3.081,3.081,2022-11-03 21:30:36,{'p': 1, 'size': 500000, 'repeat': 10, 'sort': 'seq', 'user': 'alex', 'node': 'v100', 't': 'None', 'c': 'None'},None,h1.carbonate.uits.iu.edu,haiyang,Linux,#1 SMP Tue Jul 26 14:15:37 UTC 2022

