SORT: mp
<function multiprocessing_mergesort at 0x2af3096e2af0>
Starting experiment
Log:       output.log
Processes: 21
Size:      10000000
Repeat:    10
Clear:     False
Debug:     True
Algorithm: mp
ID:        0
Tag:       None
Total:     10
Experiment 9         : size=10000000 processes=21 id=0 repeat=0 last_time=undefined                     
Experiment 8         : size=10000000 processes=21 id=0 repeat=1 last_time=20.5926                     
Experiment 7         : size=10000000 processes=21 id=0 repeat=2 last_time=21.1038                     
Experiment 6         : size=10000000 processes=21 id=0 repeat=3 last_time=20.9993                     
Experiment 5         : size=10000000 processes=21 id=0 repeat=4 last_time=20.6747                     
Experiment 4         : size=10000000 processes=21 id=0 repeat=5 last_time=20.4573                     
Experiment 3         : size=10000000 processes=21 id=0 repeat=6 last_time=20.1367                     
Experiment 2         : size=10000000 processes=21 id=0 repeat=7 last_time=21.4355                     
Experiment 1         : size=10000000 processes=21 id=0 repeat=8 last_time=21.5347                     
Experiment 0         : size=10000000 processes=21 id=0 repeat=9 last_time=20.5833                     

+---------------------------------+--------------------------------------------------------------+
| Attribute                       | Value                                                        |
|---------------------------------+--------------------------------------------------------------|
| ANSI_COLOR                      | "0;31"                                                       |
| BUG_REPORT_URL                  | "https://bugzilla.redhat.com/"                               |
| CPE_NAME                        | "cpe:/o:redhat:enterprise_linux:7.9:GA:server"               |
| HOME_URL                        | "https://www.redhat.com/"                                    |
| ID                              | "rhel"                                                       |
| ID_LIKE                         | "fedora"                                                     |
| NAME                            | "Red Hat Enterprise Linux Server"                            |
| PRETTY_NAME                     | "Red Hat Enterprise Linux Server 7.9 (Maipo)"                |
| REDHAT_BUGZILLA_PRODUCT         | "Red Hat Enterprise Linux 7"                                 |
| REDHAT_BUGZILLA_PRODUCT_VERSION | 7.9                                                          |
| REDHAT_SUPPORT_PRODUCT          | "Red Hat Enterprise Linux"                                   |
| REDHAT_SUPPORT_PRODUCT_VERSION  | "7.9"                                                        |
| VARIANT                         | "Server"                                                     |
| VARIANT_ID                      | "server"                                                     |
| VERSION                         | "7.9 (Maipo)"                                                |
| VERSION_ID                      | "7.9"                                                        |
| cpu                             | Intel(R) Xeon(R) CPU E5-2680 v3 @ 2.50GHz                    |
| cpu_cores                       | 24                                                           |
| cpu_count                       | 24                                                           |
| cpu_threads                     | 24                                                           |
| date                            | 2022-11-04 02:21:33.059823                                   |
| frequency                       | scpufreq(current=1.4429999999999998, min=1200.0, max=3300.0) |
| mem.active                      | 19.2 GiB                                                     |
| mem.available                   | 164.6 GiB                                                    |
| mem.free                        | 144.0 GiB                                                    |
| mem.inactive                    | 23.5 GiB                                                     |
| mem.percent                     | 34.5 %                                                       |
| mem.total                       | 251.2 GiB                                                    |
| mem.used                        | 67.4 GiB                                                     |
| platform.version                | #1 SMP Tue Jul 26 14:15:37 UTC 2022                          |
| python                          | 3.9.8 (main, Feb  8 2022, 08:35:13)                          |
|                                 | [GCC 6.3.0]                                                  |
| python.pip                      | 22.2.2                                                       |
| python.version                  | 3.9.8                                                        |
| sys.platform                    | linux                                                        |
| uname.machine                   | x86_64                                                       |
| uname.node                      | h1.carbonate.uits.iu.edu                                     |
| uname.processor                 | x86_64                                                       |
| uname.release                   | 3.10.0-1160.76.1.el7.x86_64                                  |
| uname.system                    | Linux                                                        |
| uname.version                   | #1 SMP Tue Jul 26 14:15:37 UTC 2022                          |
| user                            | haiyang                                                      |
+---------------------------------+--------------------------------------------------------------+

+--------------------------------------+----------+--------+--------+---------------------+-------------------------------------------------------------------------------------------------------------------+-------+--------------------------+---------+-------+-------------------------------------+
| Name                                 | Status   |   Time |    Sum | Start               | tag                                                                                                               | msg   | Node                     | User    | OS    | Version                             |
|--------------------------------------+----------+--------+--------+---------------------+-------------------------------------------------------------------------------------------------------------------+-------+--------------------------+---------+-------+-------------------------------------|
| mp-v100-alex-10000000-21-None-None-0 | ok       | 20.593 | 20.593 | 2022-11-04 02:16:30 | {'p': 21, 'size': 10000000, 'repeat': 10, 'sort': 'mp', 'user': 'alex', 'node': 'v100', 't': 'None', 'c': 'None'} |       | h1.carbonate.uits.iu.edu | haiyang | Linux | #1 SMP Tue Jul 26 14:15:37 UTC 2022 |
| mp-v100-alex-10000000-21-None-None-1 | ok       | 21.104 | 21.104 | 2022-11-04 02:17:01 | {'p': 21, 'size': 10000000, 'repeat': 10, 'sort': 'mp', 'user': 'alex', 'node': 'v100', 't': 'None', 'c': 'None'} |       | h1.carbonate.uits.iu.edu | haiyang | Linux | #1 SMP Tue Jul 26 14:15:37 UTC 2022 |
| mp-v100-alex-10000000-21-None-None-2 | ok       | 20.999 | 20.999 | 2022-11-04 02:17:32 | {'p': 21, 'size': 10000000, 'repeat': 10, 'sort': 'mp', 'user': 'alex', 'node': 'v100', 't': 'None', 'c': 'None'} |       | h1.carbonate.uits.iu.edu | haiyang | Linux | #1 SMP Tue Jul 26 14:15:37 UTC 2022 |
| mp-v100-alex-10000000-21-None-None-3 | ok       | 20.675 | 20.675 | 2022-11-04 02:18:04 | {'p': 21, 'size': 10000000, 'repeat': 10, 'sort': 'mp', 'user': 'alex', 'node': 'v100', 't': 'None', 'c': 'None'} |       | h1.carbonate.uits.iu.edu | haiyang | Linux | #1 SMP Tue Jul 26 14:15:37 UTC 2022 |
| mp-v100-alex-10000000-21-None-None-4 | ok       | 20.457 | 20.457 | 2022-11-04 02:18:35 | {'p': 21, 'size': 10000000, 'repeat': 10, 'sort': 'mp', 'user': 'alex', 'node': 'v100', 't': 'None', 'c': 'None'} |       | h1.carbonate.uits.iu.edu | haiyang | Linux | #1 SMP Tue Jul 26 14:15:37 UTC 2022 |
| mp-v100-alex-10000000-21-None-None-5 | ok       | 20.137 | 20.137 | 2022-11-04 02:19:06 | {'p': 21, 'size': 10000000, 'repeat': 10, 'sort': 'mp', 'user': 'alex', 'node': 'v100', 't': 'None', 'c': 'None'} |       | h1.carbonate.uits.iu.edu | haiyang | Linux | #1 SMP Tue Jul 26 14:15:37 UTC 2022 |
| mp-v100-alex-10000000-21-None-None-6 | ok       | 21.435 | 21.435 | 2022-11-04 02:19:37 | {'p': 21, 'size': 10000000, 'repeat': 10, 'sort': 'mp', 'user': 'alex', 'node': 'v100', 't': 'None', 'c': 'None'} |       | h1.carbonate.uits.iu.edu | haiyang | Linux | #1 SMP Tue Jul 26 14:15:37 UTC 2022 |
| mp-v100-alex-10000000-21-None-None-7 | ok       | 21.535 | 21.535 | 2022-11-04 02:20:09 | {'p': 21, 'size': 10000000, 'repeat': 10, 'sort': 'mp', 'user': 'alex', 'node': 'v100', 't': 'None', 'c': 'None'} |       | h1.carbonate.uits.iu.edu | haiyang | Linux | #1 SMP Tue Jul 26 14:15:37 UTC 2022 |
| mp-v100-alex-10000000-21-None-None-8 | ok       | 20.583 | 20.583 | 2022-11-04 02:20:41 | {'p': 21, 'size': 10000000, 'repeat': 10, 'sort': 'mp', 'user': 'alex', 'node': 'v100', 't': 'None', 'c': 'None'} |       | h1.carbonate.uits.iu.edu | haiyang | Linux | #1 SMP Tue Jul 26 14:15:37 UTC 2022 |
| mp-v100-alex-10000000-21-None-None-9 | ok       | 20.07  | 20.07  | 2022-11-04 02:21:12 | {'p': 21, 'size': 10000000, 'repeat': 10, 'sort': 'mp', 'user': 'alex', 'node': 'v100', 't': 'None', 'c': 'None'} |       | h1.carbonate.uits.iu.edu | haiyang | Linux | #1 SMP Tue Jul 26 14:15:37 UTC 2022 |
+--------------------------------------+----------+--------+--------+---------------------+-------------------------------------------------------------------------------------------------------------------+-------+--------------------------+---------+-------+-------------------------------------+
# csv,timer,status,time,sum,start,tag,msg,uname.node,user,uname.system,platform.version
# csv,mp-v100-alex-10000000-21-None-None-0,ok,20.593,20.593,2022-11-04 02:16:30,{'p': 21, 'size': 10000000, 'repeat': 10, 'sort': 'mp', 'user': 'alex', 'node': 'v100', 't': 'None', 'c': 'None'},None,h1.carbonate.uits.iu.edu,haiyang,Linux,#1 SMP Tue Jul 26 14:15:37 UTC 2022
# csv,mp-v100-alex-10000000-21-None-None-1,ok,21.104,21.104,2022-11-04 02:17:01,{'p': 21, 'size': 10000000, 'repeat': 10, 'sort': 'mp', 'user': 'alex', 'node': 'v100', 't': 'None', 'c': 'None'},None,h1.carbonate.uits.iu.edu,haiyang,Linux,#1 SMP Tue Jul 26 14:15:37 UTC 2022
# csv,mp-v100-alex-10000000-21-None-None-2,ok,20.999,20.999,2022-11-04 02:17:32,{'p': 21, 'size': 10000000, 'repeat': 10, 'sort': 'mp', 'user': 'alex', 'node': 'v100', 't': 'None', 'c': 'None'},None,h1.carbonate.uits.iu.edu,haiyang,Linux,#1 SMP Tue Jul 26 14:15:37 UTC 2022
# csv,mp-v100-alex-10000000-21-None-None-3,ok,20.675,20.675,2022-11-04 02:18:04,{'p': 21, 'size': 10000000, 'repeat': 10, 'sort': 'mp', 'user': 'alex', 'node': 'v100', 't': 'None', 'c': 'None'},None,h1.carbonate.uits.iu.edu,haiyang,Linux,#1 SMP Tue Jul 26 14:15:37 UTC 2022
# csv,mp-v100-alex-10000000-21-None-None-4,ok,20.457,20.457,2022-11-04 02:18:35,{'p': 21, 'size': 10000000, 'repeat': 10, 'sort': 'mp', 'user': 'alex', 'node': 'v100', 't': 'None', 'c': 'None'},None,h1.carbonate.uits.iu.edu,haiyang,Linux,#1 SMP Tue Jul 26 14:15:37 UTC 2022
# csv,mp-v100-alex-10000000-21-None-None-5,ok,20.137,20.137,2022-11-04 02:19:06,{'p': 21, 'size': 10000000, 'repeat': 10, 'sort': 'mp', 'user': 'alex', 'node': 'v100', 't': 'None', 'c': 'None'},None,h1.carbonate.uits.iu.edu,haiyang,Linux,#1 SMP Tue Jul 26 14:15:37 UTC 2022
# csv,mp-v100-alex-10000000-21-None-None-6,ok,21.435,21.435,2022-11-04 02:19:37,{'p': 21, 'size': 10000000, 'repeat': 10, 'sort': 'mp', 'user': 'alex', 'node': 'v100', 't': 'None', 'c': 'None'},None,h1.carbonate.uits.iu.edu,haiyang,Linux,#1 SMP Tue Jul 26 14:15:37 UTC 2022
# csv,mp-v100-alex-10000000-21-None-None-7,ok,21.535,21.535,2022-11-04 02:20:09,{'p': 21, 'size': 10000000, 'repeat': 10, 'sort': 'mp', 'user': 'alex', 'node': 'v100', 't': 'None', 'c': 'None'},None,h1.carbonate.uits.iu.edu,haiyang,Linux,#1 SMP Tue Jul 26 14:15:37 UTC 2022
# csv,mp-v100-alex-10000000-21-None-None-8,ok,20.583,20.583,2022-11-04 02:20:41,{'p': 21, 'size': 10000000, 'repeat': 10, 'sort': 'mp', 'user': 'alex', 'node': 'v100', 't': 'None', 'c': 'None'},None,h1.carbonate.uits.iu.edu,haiyang,Linux,#1 SMP Tue Jul 26 14:15:37 UTC 2022
# csv,mp-v100-alex-10000000-21-None-None-9,ok,20.07,20.07,2022-11-04 02:21:12,{'p': 21, 'size': 10000000, 'repeat': 10, 'sort': 'mp', 'user': 'alex', 'node': 'v100', 't': 'None', 'c': 'None'},None,h1.carbonate.uits.iu.edu,haiyang,Linux,#1 SMP Tue Jul 26 14:15:37 UTC 2022

