SORT: mp
<function multiprocessing_mergesort at 0x2ab96c1e7af0>
Starting experiment
Log:       output.log
Processes: 9
Size:      500000
Repeat:    10
Clear:     False
Debug:     True
Algorithm: mp
ID:        0
Tag:       None
Total:     10
Experiment 9         : size=500000 processes=9 id=0 repeat=0 last_time=undefined                     
Experiment 8         : size=500000 processes=9 id=0 repeat=1 last_time=1.5253                     
Experiment 7         : size=500000 processes=9 id=0 repeat=2 last_time=1.5254                     
Experiment 6         : size=500000 processes=9 id=0 repeat=3 last_time=1.5289                     
Experiment 5         : size=500000 processes=9 id=0 repeat=4 last_time=1.5514                     
Experiment 4         : size=500000 processes=9 id=0 repeat=5 last_time=1.5506                     
Experiment 3         : size=500000 processes=9 id=0 repeat=6 last_time=1.4999                     
Experiment 2         : size=500000 processes=9 id=0 repeat=7 last_time=1.5251                     
Experiment 1         : size=500000 processes=9 id=0 repeat=8 last_time=1.5188                     
Experiment 0         : size=500000 processes=9 id=0 repeat=9 last_time=1.4697                     

+---------------------------------+--------------------------------------------------------------+
| Attribute                       | Value                                                        |
|---------------------------------+--------------------------------------------------------------|
| ANSI_COLOR                      | "0;31"                                                       |
| BUG_REPORT_URL                  | "https://bugzilla.redhat.com/"                               |
| CPE_NAME                        | "cpe:/o:redhat:enterprise_linux:7.9:GA:server"               |
| HOME_URL                        | "https://www.redhat.com/"                                    |
| ID                              | "rhel"                                                       |
| ID_LIKE                         | "fedora"                                                     |
| NAME                            | "Red Hat Enterprise Linux Server"                            |
| PRETTY_NAME                     | "Red Hat Enterprise Linux Server 7.9 (Maipo)"                |
| REDHAT_BUGZILLA_PRODUCT         | "Red Hat Enterprise Linux 7"                                 |
| REDHAT_BUGZILLA_PRODUCT_VERSION | 7.9                                                          |
| REDHAT_SUPPORT_PRODUCT          | "Red Hat Enterprise Linux"                                   |
| REDHAT_SUPPORT_PRODUCT_VERSION  | "7.9"                                                        |
| VARIANT                         | "Server"                                                     |
| VARIANT_ID                      | "server"                                                     |
| VERSION                         | "7.9 (Maipo)"                                                |
| VERSION_ID                      | "7.9"                                                        |
| cpu                             | Intel(R) Xeon(R) CPU E5-2680 v3 @ 2.50GHz                    |
| cpu_cores                       | 24                                                           |
| cpu_count                       | 24                                                           |
| cpu_threads                     | 24                                                           |
| date                            | 2022-11-04 00:13:42.708749                                   |
| frequency                       | scpufreq(current=1.3095000000000003, min=1200.0, max=3300.0) |
| mem.active                      | 19.3 GiB                                                     |
| mem.available                   | 160.5 GiB                                                    |
| mem.free                        | 105.9 GiB                                                    |
| mem.inactive                    | 56.8 GiB                                                     |
| mem.percent                     | 36.1 %                                                       |
| mem.total                       | 251.2 GiB                                                    |
| mem.used                        | 71.6 GiB                                                     |
| platform.version                | #1 SMP Tue Jul 26 14:15:37 UTC 2022                          |
| python                          | 3.9.8 (main, Feb  8 2022, 08:35:13)                          |
|                                 | [GCC 6.3.0]                                                  |
| python.pip                      | 22.2.2                                                       |
| python.version                  | 3.9.8                                                        |
| sys.platform                    | linux                                                        |
| uname.machine                   | x86_64                                                       |
| uname.node                      | h1.carbonate.uits.iu.edu                                     |
| uname.processor                 | x86_64                                                       |
| uname.release                   | 3.10.0-1160.76.1.el7.x86_64                                  |
| uname.system                    | Linux                                                        |
| uname.version                   | #1 SMP Tue Jul 26 14:15:37 UTC 2022                          |
| user                            | haiyang                                                      |
+---------------------------------+--------------------------------------------------------------+

+-----------------------------------+----------+--------+-------+---------------------+----------------------------------------------------------------------------------------------------------------+-------+--------------------------+---------+-------+-------------------------------------+
| Name                              | Status   |   Time |   Sum | Start               | tag                                                                                                            | msg   | Node                     | User    | OS    | Version                             |
|-----------------------------------+----------+--------+-------+---------------------+----------------------------------------------------------------------------------------------------------------+-------+--------------------------+---------+-------+-------------------------------------|
| mp-v100-alex-500000-9-None-None-0 | ok       |  1.525 | 1.525 | 2022-11-04 00:13:21 | {'p': 9, 'size': 500000, 'repeat': 10, 'sort': 'mp', 'user': 'alex', 'node': 'v100', 't': 'None', 'c': 'None'} |       | h1.carbonate.uits.iu.edu | haiyang | Linux | #1 SMP Tue Jul 26 14:15:37 UTC 2022 |
| mp-v100-alex-500000-9-None-None-1 | ok       |  1.525 | 1.525 | 2022-11-04 00:13:23 | {'p': 9, 'size': 500000, 'repeat': 10, 'sort': 'mp', 'user': 'alex', 'node': 'v100', 't': 'None', 'c': 'None'} |       | h1.carbonate.uits.iu.edu | haiyang | Linux | #1 SMP Tue Jul 26 14:15:37 UTC 2022 |
| mp-v100-alex-500000-9-None-None-2 | ok       |  1.529 | 1.529 | 2022-11-04 00:13:25 | {'p': 9, 'size': 500000, 'repeat': 10, 'sort': 'mp', 'user': 'alex', 'node': 'v100', 't': 'None', 'c': 'None'} |       | h1.carbonate.uits.iu.edu | haiyang | Linux | #1 SMP Tue Jul 26 14:15:37 UTC 2022 |
| mp-v100-alex-500000-9-None-None-3 | ok       |  1.551 | 1.551 | 2022-11-04 00:13:28 | {'p': 9, 'size': 500000, 'repeat': 10, 'sort': 'mp', 'user': 'alex', 'node': 'v100', 't': 'None', 'c': 'None'} |       | h1.carbonate.uits.iu.edu | haiyang | Linux | #1 SMP Tue Jul 26 14:15:37 UTC 2022 |
| mp-v100-alex-500000-9-None-None-4 | ok       |  1.551 | 1.551 | 2022-11-04 00:13:30 | {'p': 9, 'size': 500000, 'repeat': 10, 'sort': 'mp', 'user': 'alex', 'node': 'v100', 't': 'None', 'c': 'None'} |       | h1.carbonate.uits.iu.edu | haiyang | Linux | #1 SMP Tue Jul 26 14:15:37 UTC 2022 |
| mp-v100-alex-500000-9-None-None-5 | ok       |  1.5   | 1.5   | 2022-11-04 00:13:32 | {'p': 9, 'size': 500000, 'repeat': 10, 'sort': 'mp', 'user': 'alex', 'node': 'v100', 't': 'None', 'c': 'None'} |       | h1.carbonate.uits.iu.edu | haiyang | Linux | #1 SMP Tue Jul 26 14:15:37 UTC 2022 |
| mp-v100-alex-500000-9-None-None-6 | ok       |  1.525 | 1.525 | 2022-11-04 00:13:34 | {'p': 9, 'size': 500000, 'repeat': 10, 'sort': 'mp', 'user': 'alex', 'node': 'v100', 't': 'None', 'c': 'None'} |       | h1.carbonate.uits.iu.edu | haiyang | Linux | #1 SMP Tue Jul 26 14:15:37 UTC 2022 |
| mp-v100-alex-500000-9-None-None-7 | ok       |  1.519 | 1.519 | 2022-11-04 00:13:36 | {'p': 9, 'size': 500000, 'repeat': 10, 'sort': 'mp', 'user': 'alex', 'node': 'v100', 't': 'None', 'c': 'None'} |       | h1.carbonate.uits.iu.edu | haiyang | Linux | #1 SMP Tue Jul 26 14:15:37 UTC 2022 |
| mp-v100-alex-500000-9-None-None-8 | ok       |  1.47  | 1.47  | 2022-11-04 00:13:39 | {'p': 9, 'size': 500000, 'repeat': 10, 'sort': 'mp', 'user': 'alex', 'node': 'v100', 't': 'None', 'c': 'None'} |       | h1.carbonate.uits.iu.edu | haiyang | Linux | #1 SMP Tue Jul 26 14:15:37 UTC 2022 |
| mp-v100-alex-500000-9-None-None-9 | ok       |  1.502 | 1.502 | 2022-11-04 00:13:41 | {'p': 9, 'size': 500000, 'repeat': 10, 'sort': 'mp', 'user': 'alex', 'node': 'v100', 't': 'None', 'c': 'None'} |       | h1.carbonate.uits.iu.edu | haiyang | Linux | #1 SMP Tue Jul 26 14:15:37 UTC 2022 |
+-----------------------------------+----------+--------+-------+---------------------+----------------------------------------------------------------------------------------------------------------+-------+--------------------------+---------+-------+-------------------------------------+
# csv,timer,status,time,sum,start,tag,msg,uname.node,user,uname.system,platform.version
# csv,mp-v100-alex-500000-9-None-None-0,ok,1.525,1.525,2022-11-04 00:13:21,{'p': 9, 'size': 500000, 'repeat': 10, 'sort': 'mp', 'user': 'alex', 'node': 'v100', 't': 'None', 'c': 'None'},None,h1.carbonate.uits.iu.edu,haiyang,Linux,#1 SMP Tue Jul 26 14:15:37 UTC 2022
# csv,mp-v100-alex-500000-9-None-None-1,ok,1.525,1.525,2022-11-04 00:13:23,{'p': 9, 'size': 500000, 'repeat': 10, 'sort': 'mp', 'user': 'alex', 'node': 'v100', 't': 'None', 'c': 'None'},None,h1.carbonate.uits.iu.edu,haiyang,Linux,#1 SMP Tue Jul 26 14:15:37 UTC 2022
# csv,mp-v100-alex-500000-9-None-None-2,ok,1.529,1.529,2022-11-04 00:13:25,{'p': 9, 'size': 500000, 'repeat': 10, 'sort': 'mp', 'user': 'alex', 'node': 'v100', 't': 'None', 'c': 'None'},None,h1.carbonate.uits.iu.edu,haiyang,Linux,#1 SMP Tue Jul 26 14:15:37 UTC 2022
# csv,mp-v100-alex-500000-9-None-None-3,ok,1.551,1.551,2022-11-04 00:13:28,{'p': 9, 'size': 500000, 'repeat': 10, 'sort': 'mp', 'user': 'alex', 'node': 'v100', 't': 'None', 'c': 'None'},None,h1.carbonate.uits.iu.edu,haiyang,Linux,#1 SMP Tue Jul 26 14:15:37 UTC 2022
# csv,mp-v100-alex-500000-9-None-None-4,ok,1.551,1.551,2022-11-04 00:13:30,{'p': 9, 'size': 500000, 'repeat': 10, 'sort': 'mp', 'user': 'alex', 'node': 'v100', 't': 'None', 'c': 'None'},None,h1.carbonate.uits.iu.edu,haiyang,Linux,#1 SMP Tue Jul 26 14:15:37 UTC 2022
# csv,mp-v100-alex-500000-9-None-None-5,ok,1.5,1.5,2022-11-04 00:13:32,{'p': 9, 'size': 500000, 'repeat': 10, 'sort': 'mp', 'user': 'alex', 'node': 'v100', 't': 'None', 'c': 'None'},None,h1.carbonate.uits.iu.edu,haiyang,Linux,#1 SMP Tue Jul 26 14:15:37 UTC 2022
# csv,mp-v100-alex-500000-9-None-None-6,ok,1.525,1.525,2022-11-04 00:13:34,{'p': 9, 'size': 500000, 'repeat': 10, 'sort': 'mp', 'user': 'alex', 'node': 'v100', 't': 'None', 'c': 'None'},None,h1.carbonate.uits.iu.edu,haiyang,Linux,#1 SMP Tue Jul 26 14:15:37 UTC 2022
# csv,mp-v100-alex-500000-9-None-None-7,ok,1.519,1.519,2022-11-04 00:13:36,{'p': 9, 'size': 500000, 'repeat': 10, 'sort': 'mp', 'user': 'alex', 'node': 'v100', 't': 'None', 'c': 'None'},None,h1.carbonate.uits.iu.edu,haiyang,Linux,#1 SMP Tue Jul 26 14:15:37 UTC 2022
# csv,mp-v100-alex-500000-9-None-None-8,ok,1.47,1.47,2022-11-04 00:13:39,{'p': 9, 'size': 500000, 'repeat': 10, 'sort': 'mp', 'user': 'alex', 'node': 'v100', 't': 'None', 'c': 'None'},None,h1.carbonate.uits.iu.edu,haiyang,Linux,#1 SMP Tue Jul 26 14:15:37 UTC 2022
# csv,mp-v100-alex-500000-9-None-None-9,ok,1.502,1.502,2022-11-04 00:13:41,{'p': 9, 'size': 500000, 'repeat': 10, 'sort': 'mp', 'user': 'alex', 'node': 'v100', 't': 'None', 'c': 'None'},None,h1.carbonate.uits.iu.edu,haiyang,Linux,#1 SMP Tue Jul 26 14:15:37 UTC 2022

