SORT: mp
<function multiprocessing_mergesort at 0x2b204efa7af0>
Starting experiment
Log:       output.log
Processes: 12
Size:      100
Repeat:    10
Clear:     False
Debug:     True
Algorithm: mp
ID:        0
Tag:       None
Total:     10
Experiment 9         : size=100 processes=12 id=0 repeat=0 last_time=undefined                     
[6, 52, 84, 23, 30, 80, 85, 71, 8, 100, 64, 1, 41, 84, 98, 2, 100, 73, 33, 67, 58, 20, 45, 24, 23, 29, 50, 98, 87, 16, 17, 93, 70, 22, 18, 68, 100, 94, 39, 46, 88, 56, 61, 47, 12, 14, 66, 75, 12, 9, 45, 26, 96, 74, 21, 22, 12, 68, 22, 16, 49, 55, 95, 31, 29, 78, 80, 53, 33, 69, 74, 86, 76, 50, 90, 18, 100, 69, 78, 42, 60, 55, 41, 76, 91, 44, 57, 87, 37, 18, 37, 42, 3, 93, 48, 83, 37, 100, 83, 13]
[1, 2, 3, 6, 8, 9, 12, 12, 12, 13, 14, 16, 16, 17, 18, 18, 18, 20, 21, 22, 22, 22, 23, 23, 24, 26, 29, 29, 30, 31, 33, 33, 37, 37, 37, 39, 41, 41, 42, 42, 44, 45, 45, 46, 47, 48, 49, 50, 50, 52, 53, 55, 55, 56, 57, 58, 60, 61, 64, 66, 67, 68, 68, 69, 69, 70, 71, 73, 74, 74, 75, 76, 76, 78, 78, 80, 80, 83, 83, 84, 84, 85, 86, 87, 87, 88, 90, 91, 93, 93, 94, 95, 96, 98, 98, 100, 100, 100, 100, 100]
Experiment 8         : size=100 processes=12 id=0 repeat=1 last_time=0.069                     
[45, 88, 89, 6, 84, 28, 0, 29, 13, 78, 48, 38, 44, 81, 49, 36, 11, 30, 38, 38, 57, 41, 36, 71, 74, 41, 32, 15, 44, 46, 39, 84, 48, 44, 72, 45, 87, 99, 18, 63, 61, 71, 19, 58, 70, 72, 1, 69, 55, 99, 27, 54, 90, 40, 71, 53, 3, 95, 90, 74, 55, 47, 61, 23, 49, 64, 28, 37, 8, 46, 6, 66, 32, 35, 62, 58, 70, 39, 95, 52, 18, 38, 96, 75, 89, 7, 24, 79, 16, 27, 95, 29, 22, 100, 25, 11, 23, 56, 94, 66]
[0, 1, 3, 6, 6, 7, 8, 11, 11, 13, 15, 16, 18, 18, 19, 22, 23, 23, 24, 25, 27, 27, 28, 28, 29, 29, 30, 32, 32, 35, 36, 36, 37, 38, 38, 38, 38, 39, 39, 40, 41, 41, 44, 44, 44, 45, 45, 46, 46, 47, 48, 48, 49, 49, 52, 53, 54, 55, 55, 56, 57, 58, 58, 61, 61, 62, 63, 64, 66, 66, 69, 70, 70, 71, 71, 71, 72, 72, 74, 74, 75, 78, 79, 81, 84, 84, 87, 88, 89, 89, 90, 90, 94, 95, 95, 95, 96, 99, 99, 100]
Experiment 7         : size=100 processes=12 id=0 repeat=2 last_time=0.0563                     
[42, 44, 79, 88, 46, 33, 77, 44, 0, 26, 73, 92, 9, 90, 93, 3, 93, 7, 48, 73, 72, 38, 94, 72, 27, 37, 95, 97, 64, 83, 25, 75, 57, 55, 57, 3, 27, 73, 92, 55, 79, 79, 46, 42, 18, 25, 63, 82, 91, 16, 61, 76, 83, 91, 12, 66, 84, 64, 16, 83, 95, 90, 78, 4, 18, 56, 50, 66, 44, 20, 71, 84, 57, 51, 11, 41, 77, 42, 11, 47, 94, 40, 42, 52, 14, 93, 49, 55, 10, 67, 10, 33, 34, 83, 9, 39, 10, 22, 78, 83]
[0, 3, 3, 4, 7, 9, 9, 10, 10, 10, 11, 11, 12, 14, 16, 16, 18, 18, 20, 22, 25, 25, 26, 27, 27, 33, 33, 34, 37, 38, 39, 40, 41, 42, 42, 42, 42, 44, 44, 44, 46, 46, 47, 48, 49, 50, 51, 52, 55, 55, 55, 56, 57, 57, 57, 61, 63, 64, 64, 66, 66, 67, 71, 72, 72, 73, 73, 73, 75, 76, 77, 77, 78, 78, 79, 79, 79, 82, 83, 83, 83, 83, 83, 84, 84, 88, 90, 90, 91, 91, 92, 92, 93, 93, 93, 94, 94, 95, 95, 97]
Experiment 6         : size=100 processes=12 id=0 repeat=3 last_time=0.0537                     
[12, 57, 61, 42, 83, 14, 69, 16, 89, 77, 88, 49, 89, 90, 21, 5, 5, 74, 17, 51, 81, 98, 69, 10, 90, 4, 56, 2, 86, 14, 38, 9, 53, 9, 3, 46, 88, 81, 42, 46, 6, 82, 68, 54, 75, 46, 37, 0, 7, 91, 66, 53, 83, 3, 4, 64, 29, 32, 35, 85, 91, 77, 34, 32, 94, 91, 53, 6, 72, 24, 61, 87, 23, 90, 47, 2, 0, 17, 89, 82, 41, 92, 0, 8, 98, 91, 88, 30, 83, 15, 95, 87, 16, 73, 61, 100, 7, 77, 59, 96]
[0, 0, 0, 2, 2, 3, 3, 4, 4, 5, 5, 6, 6, 7, 7, 8, 9, 9, 10, 12, 14, 14, 15, 16, 16, 17, 17, 21, 23, 24, 29, 30, 32, 32, 34, 35, 37, 38, 41, 42, 42, 46, 46, 46, 47, 49, 51, 53, 53, 53, 54, 56, 57, 59, 61, 61, 61, 64, 66, 68, 69, 69, 72, 73, 74, 75, 77, 77, 77, 81, 81, 82, 82, 83, 83, 83, 85, 86, 87, 87, 88, 88, 88, 89, 89, 89, 90, 90, 90, 91, 91, 91, 91, 92, 94, 95, 96, 98, 98, 100]
Experiment 5         : size=100 processes=12 id=0 repeat=4 last_time=0.0552                     
[72, 19, 35, 41, 56, 99, 62, 13, 53, 50, 87, 2, 63, 24, 45, 37, 30, 91, 46, 89, 96, 66, 31, 0, 70, 19, 40, 42, 76, 81, 64, 29, 86, 84, 58, 15, 20, 69, 4, 84, 85, 98, 85, 19, 1, 26, 4, 24, 56, 11, 9, 42, 21, 6, 90, 59, 88, 78, 99, 97, 1, 66, 7, 41, 20, 56, 100, 1, 31, 73, 1, 37, 69, 97, 35, 22, 87, 94, 87, 22, 23, 70, 86, 34, 1, 45, 98, 51, 80, 75, 76, 33, 56, 62, 43, 28, 76, 53, 10, 80]
[0, 1, 1, 1, 1, 1, 2, 4, 4, 6, 7, 9, 10, 11, 13, 15, 19, 19, 19, 20, 20, 21, 22, 22, 23, 24, 24, 26, 28, 29, 30, 31, 31, 33, 34, 35, 35, 37, 37, 40, 41, 41, 42, 42, 43, 45, 45, 46, 50, 51, 53, 53, 56, 56, 56, 56, 58, 59, 62, 62, 63, 64, 66, 66, 69, 69, 70, 70, 72, 73, 75, 76, 76, 76, 78, 80, 80, 81, 84, 84, 85, 85, 86, 86, 87, 87, 87, 88, 89, 90, 91, 94, 96, 97, 97, 98, 98, 99, 99, 100]
Experiment 4         : size=100 processes=12 id=0 repeat=5 last_time=0.0469                     
[63, 55, 72, 91, 70, 61, 14, 95, 25, 53, 90, 64, 37, 37, 62, 9, 9, 9, 90, 36, 84, 55, 67, 34, 15, 21, 28, 0, 87, 85, 43, 85, 49, 40, 58, 86, 76, 90, 50, 88, 4, 70, 89, 50, 93, 28, 51, 25, 72, 26, 57, 8, 72, 37, 69, 32, 72, 36, 64, 30, 61, 96, 28, 25, 22, 7, 46, 26, 5, 19, 54, 59, 17, 79, 5, 86, 80, 25, 81, 11, 16, 4, 77, 69, 30, 47, 22, 28, 7, 27, 64, 55, 10, 38, 58, 38, 90, 61, 91, 100]
[0, 4, 4, 5, 5, 7, 7, 8, 9, 9, 9, 10, 11, 14, 15, 16, 17, 19, 21, 22, 22, 25, 25, 25, 25, 26, 26, 27, 28, 28, 28, 28, 30, 30, 32, 34, 36, 36, 37, 37, 37, 38, 38, 40, 43, 46, 47, 49, 50, 50, 51, 53, 54, 55, 55, 55, 57, 58, 58, 59, 61, 61, 61, 62, 63, 64, 64, 64, 67, 69, 69, 70, 70, 72, 72, 72, 72, 76, 77, 79, 80, 81, 84, 85, 85, 86, 86, 87, 88, 89, 90, 90, 90, 90, 91, 91, 93, 95, 96, 100]
Experiment 3         : size=100 processes=12 id=0 repeat=6 last_time=0.0579                     
[32, 84, 84, 95, 8, 35, 24, 57, 8, 12, 49, 32, 36, 22, 94, 10, 67, 83, 96, 9, 47, 71, 34, 92, 76, 65, 93, 5, 2, 56, 20, 78, 53, 4, 8, 94, 97, 98, 73, 51, 67, 100, 62, 35, 46, 52, 41, 28, 68, 94, 18, 96, 30, 72, 80, 50, 57, 11, 3, 92, 13, 10, 98, 0, 62, 0, 56, 43, 51, 84, 22, 99, 30, 56, 28, 59, 12, 55, 73, 4, 1, 64, 19, 3, 44, 32, 92, 61, 45, 43, 54, 89, 25, 24, 81, 89, 34, 99, 3, 3]
[0, 0, 1, 2, 3, 3, 3, 3, 4, 4, 5, 8, 8, 8, 9, 10, 10, 11, 12, 12, 13, 18, 19, 20, 22, 22, 24, 24, 25, 28, 28, 30, 30, 32, 32, 32, 34, 34, 35, 35, 36, 41, 43, 43, 44, 45, 46, 47, 49, 50, 51, 51, 52, 53, 54, 55, 56, 56, 56, 57, 57, 59, 61, 62, 62, 64, 65, 67, 67, 68, 71, 72, 73, 73, 76, 78, 80, 81, 83, 84, 84, 84, 89, 89, 92, 92, 92, 93, 94, 94, 94, 95, 96, 96, 97, 98, 98, 99, 99, 100]
Experiment 2         : size=100 processes=12 id=0 repeat=7 last_time=0.0501                     
[44, 3, 99, 92, 57, 5, 66, 53, 86, 39, 65, 61, 57, 33, 13, 79, 62, 57, 72, 90, 65, 83, 60, 53, 45, 87, 18, 29, 21, 51, 94, 67, 41, 76, 33, 96, 78, 73, 14, 72, 46, 26, 17, 77, 3, 20, 20, 92, 10, 85, 49, 89, 10, 66, 41, 15, 21, 21, 48, 37, 42, 16, 44, 15, 54, 24, 50, 85, 72, 46, 83, 21, 32, 49, 91, 64, 80, 7, 28, 14, 72, 27, 74, 23, 75, 76, 59, 99, 35, 89, 77, 21, 90, 68, 70, 65, 57, 31, 21, 35]
[3, 3, 5, 7, 10, 10, 13, 14, 14, 15, 15, 16, 17, 18, 20, 20, 21, 21, 21, 21, 21, 21, 23, 24, 26, 27, 28, 29, 31, 32, 33, 33, 35, 35, 37, 39, 41, 41, 42, 44, 44, 45, 46, 46, 48, 49, 49, 50, 51, 53, 53, 54, 57, 57, 57, 57, 59, 60, 61, 62, 64, 65, 65, 65, 66, 66, 67, 68, 70, 72, 72, 72, 72, 73, 74, 75, 76, 76, 77, 77, 78, 79, 80, 83, 83, 85, 85, 86, 87, 89, 89, 90, 90, 91, 92, 92, 94, 96, 99, 99]
Experiment 1         : size=100 processes=12 id=0 repeat=8 last_time=0.0558                     
[3, 5, 27, 18, 62, 36, 34, 36, 39, 38, 32, 63, 59, 9, 12, 11, 28, 30, 36, 39, 44, 22, 50, 63, 14, 89, 66, 57, 10, 14, 93, 79, 18, 14, 54, 43, 20, 88, 98, 12, 36, 48, 57, 17, 32, 79, 72, 42, 90, 82, 88, 8, 60, 79, 83, 1, 31, 72, 94, 100, 25, 68, 9, 69, 22, 6, 53, 87, 7, 75, 59, 96, 20, 32, 8, 83, 30, 23, 11, 65, 10, 98, 5, 4, 27, 85, 57, 28, 74, 64, 60, 27, 78, 97, 36, 25, 14, 48, 16, 7]
[1, 3, 4, 5, 5, 6, 7, 7, 8, 8, 9, 9, 10, 10, 11, 11, 12, 12, 14, 14, 14, 14, 16, 17, 18, 18, 20, 20, 22, 22, 23, 25, 25, 27, 27, 27, 28, 28, 30, 30, 31, 32, 32, 32, 34, 36, 36, 36, 36, 36, 38, 39, 39, 42, 43, 44, 48, 48, 50, 53, 54, 57, 57, 57, 59, 59, 60, 60, 62, 63, 63, 64, 65, 66, 68, 69, 72, 72, 74, 75, 78, 79, 79, 79, 82, 83, 83, 85, 87, 88, 88, 89, 90, 93, 94, 96, 97, 98, 98, 100]
Experiment 0         : size=100 processes=12 id=0 repeat=9 last_time=0.0471                     
[77, 44, 37, 27, 82, 48, 91, 62, 2, 78, 10, 79, 43, 17, 7, 58, 24, 67, 85, 13, 49, 73, 55, 59, 21, 47, 10, 92, 14, 81, 90, 22, 12, 50, 65, 51, 14, 100, 34, 77, 31, 15, 14, 73, 45, 49, 38, 70, 46, 25, 48, 89, 53, 77, 95, 33, 76, 56, 31, 2, 59, 23, 0, 13, 90, 57, 48, 58, 4, 24, 84, 11, 13, 53, 31, 10, 65, 17, 87, 32, 34, 43, 79, 71, 50, 63, 3, 23, 87, 8, 86, 40, 85, 70, 42, 92, 61, 83, 7, 27]
[0, 2, 2, 3, 4, 7, 7, 8, 10, 10, 10, 11, 12, 13, 13, 13, 14, 14, 14, 15, 17, 17, 21, 22, 23, 23, 24, 24, 25, 27, 27, 31, 31, 31, 32, 33, 34, 34, 37, 38, 40, 42, 43, 43, 44, 45, 46, 47, 48, 48, 48, 49, 49, 50, 50, 51, 53, 53, 55, 56, 57, 58, 58, 59, 59, 61, 62, 63, 65, 65, 67, 70, 70, 71, 73, 73, 76, 77, 77, 77, 78, 79, 79, 81, 82, 83, 84, 85, 85, 86, 87, 87, 89, 90, 90, 91, 92, 92, 95, 100]

+---------------------------------+------------------------------------------------+
| Attribute                       | Value                                          |
|---------------------------------+------------------------------------------------|
| ANSI_COLOR                      | "0;31"                                         |
| BUG_REPORT_URL                  | "https://bugzilla.redhat.com/"                 |
| CPE_NAME                        | "cpe:/o:redhat:enterprise_linux:7.9:GA:server" |
| HOME_URL                        | "https://www.redhat.com/"                      |
| ID                              | "rhel"                                         |
| ID_LIKE                         | "fedora"                                       |
| NAME                            | "Red Hat Enterprise Linux Server"              |
| PRETTY_NAME                     | "Red Hat Enterprise Linux Server 7.9 (Maipo)"  |
| REDHAT_BUGZILLA_PRODUCT         | "Red Hat Enterprise Linux 7"                   |
| REDHAT_BUGZILLA_PRODUCT_VERSION | 7.9                                            |
| REDHAT_SUPPORT_PRODUCT          | "Red Hat Enterprise Linux"                     |
| REDHAT_SUPPORT_PRODUCT_VERSION  | "7.9"                                          |
| VARIANT                         | "Server"                                       |
| VARIANT_ID                      | "server"                                       |
| VERSION                         | "7.9 (Maipo)"                                  |
| VERSION_ID                      | "7.9"                                          |
| cpu                             | Intel(R) Xeon(R) CPU E5-2680 v3 @ 2.50GHz      |
| cpu_cores                       | 24                                             |
| cpu_count                       | 24                                             |
| cpu_threads                     | 24                                             |
| date                            | 2022-10-30 15:08:11.092027                     |
| frequency                       | scpufreq(current=1.36, min=1200.0, max=3300.0) |
| mem.active                      | 17.0 GiB                                       |
| mem.available                   | 176.1 GiB                                      |
| mem.free                        | 171.6 GiB                                      |
| mem.inactive                    | 7.1 GiB                                        |
| mem.percent                     | 29.9 %                                         |
| mem.total                       | 251.2 GiB                                      |
| mem.used                        | 56.6 GiB                                       |
| platform.version                | #1 SMP Tue Jul 26 14:15:37 UTC 2022            |
| python                          | 3.9.8 (main, Feb  8 2022, 08:35:13)            |
|                                 | [GCC 6.3.0]                                    |
| python.pip                      | 22.2.2                                         |
| python.version                  | 3.9.8                                          |
| sys.platform                    | linux                                          |
| uname.machine                   | x86_64                                         |
| uname.node                      | h1.carbonate.uits.iu.edu                       |
| uname.processor                 | x86_64                                         |
| uname.release                   | 3.10.0-1160.76.1.el7.x86_64                    |
| uname.system                    | Linux                                          |
| uname.version                   | #1 SMP Tue Jul 26 14:15:37 UTC 2022            |
| user                            | haiyang                                        |
+---------------------------------+------------------------------------------------+

+---------------------------------+----------+--------+-------+---------------------+--------------------------------------------------------------------------------------------------------------+-------+--------------------------+---------+-------+-------------------------------------+
| Name                            | Status   |   Time |   Sum | Start               | tag                                                                                                          | msg   | Node                     | User    | OS    | Version                             |
|---------------------------------+----------+--------+-------+---------------------+--------------------------------------------------------------------------------------------------------------+-------+--------------------------+---------+-------+-------------------------------------|
| mp-v100-alex-100-12-None-None-0 | ok       |  0.069 | 0.069 | 2022-10-30 15:08:10 | {'p': 12, 'size': 100, 'repeat': 10, 'sort': 'mp', 'user': 'alex', 'node': 'v100', 't': 'None', 'c': 'None'} |       | h1.carbonate.uits.iu.edu | haiyang | Linux | #1 SMP Tue Jul 26 14:15:37 UTC 2022 |
| mp-v100-alex-100-12-None-None-1 | ok       |  0.056 | 0.056 | 2022-10-30 15:08:10 | {'p': 12, 'size': 100, 'repeat': 10, 'sort': 'mp', 'user': 'alex', 'node': 'v100', 't': 'None', 'c': 'None'} |       | h1.carbonate.uits.iu.edu | haiyang | Linux | #1 SMP Tue Jul 26 14:15:37 UTC 2022 |
| mp-v100-alex-100-12-None-None-2 | ok       |  0.054 | 0.054 | 2022-10-30 15:08:10 | {'p': 12, 'size': 100, 'repeat': 10, 'sort': 'mp', 'user': 'alex', 'node': 'v100', 't': 'None', 'c': 'None'} |       | h1.carbonate.uits.iu.edu | haiyang | Linux | #1 SMP Tue Jul 26 14:15:37 UTC 2022 |
| mp-v100-alex-100-12-None-None-3 | ok       |  0.055 | 0.055 | 2022-10-30 15:08:10 | {'p': 12, 'size': 100, 'repeat': 10, 'sort': 'mp', 'user': 'alex', 'node': 'v100', 't': 'None', 'c': 'None'} |       | h1.carbonate.uits.iu.edu | haiyang | Linux | #1 SMP Tue Jul 26 14:15:37 UTC 2022 |
| mp-v100-alex-100-12-None-None-4 | ok       |  0.047 | 0.047 | 2022-10-30 15:08:10 | {'p': 12, 'size': 100, 'repeat': 10, 'sort': 'mp', 'user': 'alex', 'node': 'v100', 't': 'None', 'c': 'None'} |       | h1.carbonate.uits.iu.edu | haiyang | Linux | #1 SMP Tue Jul 26 14:15:37 UTC 2022 |
| mp-v100-alex-100-12-None-None-5 | ok       |  0.058 | 0.058 | 2022-10-30 15:08:10 | {'p': 12, 'size': 100, 'repeat': 10, 'sort': 'mp', 'user': 'alex', 'node': 'v100', 't': 'None', 'c': 'None'} |       | h1.carbonate.uits.iu.edu | haiyang | Linux | #1 SMP Tue Jul 26 14:15:37 UTC 2022 |
| mp-v100-alex-100-12-None-None-6 | ok       |  0.05  | 0.05  | 2022-10-30 15:08:10 | {'p': 12, 'size': 100, 'repeat': 10, 'sort': 'mp', 'user': 'alex', 'node': 'v100', 't': 'None', 'c': 'None'} |       | h1.carbonate.uits.iu.edu | haiyang | Linux | #1 SMP Tue Jul 26 14:15:37 UTC 2022 |
| mp-v100-alex-100-12-None-None-7 | ok       |  0.056 | 0.056 | 2022-10-30 15:08:10 | {'p': 12, 'size': 100, 'repeat': 10, 'sort': 'mp', 'user': 'alex', 'node': 'v100', 't': 'None', 'c': 'None'} |       | h1.carbonate.uits.iu.edu | haiyang | Linux | #1 SMP Tue Jul 26 14:15:37 UTC 2022 |
| mp-v100-alex-100-12-None-None-8 | ok       |  0.047 | 0.047 | 2022-10-30 15:08:10 | {'p': 12, 'size': 100, 'repeat': 10, 'sort': 'mp', 'user': 'alex', 'node': 'v100', 't': 'None', 'c': 'None'} |       | h1.carbonate.uits.iu.edu | haiyang | Linux | #1 SMP Tue Jul 26 14:15:37 UTC 2022 |
| mp-v100-alex-100-12-None-None-9 | ok       |  0.056 | 0.056 | 2022-10-30 15:08:11 | {'p': 12, 'size': 100, 'repeat': 10, 'sort': 'mp', 'user': 'alex', 'node': 'v100', 't': 'None', 'c': 'None'} |       | h1.carbonate.uits.iu.edu | haiyang | Linux | #1 SMP Tue Jul 26 14:15:37 UTC 2022 |
+---------------------------------+----------+--------+-------+---------------------+--------------------------------------------------------------------------------------------------------------+-------+--------------------------+---------+-------+-------------------------------------+
# csv,timer,status,time,sum,start,tag,msg,uname.node,user,uname.system,platform.version
# csv,mp-v100-alex-100-12-None-None-0,ok,0.069,0.069,2022-10-30 15:08:10,{'p': 12, 'size': 100, 'repeat': 10, 'sort': 'mp', 'user': 'alex', 'node': 'v100', 't': 'None', 'c': 'None'},None,h1.carbonate.uits.iu.edu,haiyang,Linux,#1 SMP Tue Jul 26 14:15:37 UTC 2022
# csv,mp-v100-alex-100-12-None-None-1,ok,0.056,0.056,2022-10-30 15:08:10,{'p': 12, 'size': 100, 'repeat': 10, 'sort': 'mp', 'user': 'alex', 'node': 'v100', 't': 'None', 'c': 'None'},None,h1.carbonate.uits.iu.edu,haiyang,Linux,#1 SMP Tue Jul 26 14:15:37 UTC 2022
# csv,mp-v100-alex-100-12-None-None-2,ok,0.054,0.054,2022-10-30 15:08:10,{'p': 12, 'size': 100, 'repeat': 10, 'sort': 'mp', 'user': 'alex', 'node': 'v100', 't': 'None', 'c': 'None'},None,h1.carbonate.uits.iu.edu,haiyang,Linux,#1 SMP Tue Jul 26 14:15:37 UTC 2022
# csv,mp-v100-alex-100-12-None-None-3,ok,0.055,0.055,2022-10-30 15:08:10,{'p': 12, 'size': 100, 'repeat': 10, 'sort': 'mp', 'user': 'alex', 'node': 'v100', 't': 'None', 'c': 'None'},None,h1.carbonate.uits.iu.edu,haiyang,Linux,#1 SMP Tue Jul 26 14:15:37 UTC 2022
# csv,mp-v100-alex-100-12-None-None-4,ok,0.047,0.047,2022-10-30 15:08:10,{'p': 12, 'size': 100, 'repeat': 10, 'sort': 'mp', 'user': 'alex', 'node': 'v100', 't': 'None', 'c': 'None'},None,h1.carbonate.uits.iu.edu,haiyang,Linux,#1 SMP Tue Jul 26 14:15:37 UTC 2022
# csv,mp-v100-alex-100-12-None-None-5,ok,0.058,0.058,2022-10-30 15:08:10,{'p': 12, 'size': 100, 'repeat': 10, 'sort': 'mp', 'user': 'alex', 'node': 'v100', 't': 'None', 'c': 'None'},None,h1.carbonate.uits.iu.edu,haiyang,Linux,#1 SMP Tue Jul 26 14:15:37 UTC 2022
# csv,mp-v100-alex-100-12-None-None-6,ok,0.05,0.05,2022-10-30 15:08:10,{'p': 12, 'size': 100, 'repeat': 10, 'sort': 'mp', 'user': 'alex', 'node': 'v100', 't': 'None', 'c': 'None'},None,h1.carbonate.uits.iu.edu,haiyang,Linux,#1 SMP Tue Jul 26 14:15:37 UTC 2022
# csv,mp-v100-alex-100-12-None-None-7,ok,0.056,0.056,2022-10-30 15:08:10,{'p': 12, 'size': 100, 'repeat': 10, 'sort': 'mp', 'user': 'alex', 'node': 'v100', 't': 'None', 'c': 'None'},None,h1.carbonate.uits.iu.edu,haiyang,Linux,#1 SMP Tue Jul 26 14:15:37 UTC 2022
# csv,mp-v100-alex-100-12-None-None-8,ok,0.047,0.047,2022-10-30 15:08:10,{'p': 12, 'size': 100, 'repeat': 10, 'sort': 'mp', 'user': 'alex', 'node': 'v100', 't': 'None', 'c': 'None'},None,h1.carbonate.uits.iu.edu,haiyang,Linux,#1 SMP Tue Jul 26 14:15:37 UTC 2022
# csv,mp-v100-alex-100-12-None-None-9,ok,0.056,0.056,2022-10-30 15:08:11,{'p': 12, 'size': 100, 'repeat': 10, 'sort': 'mp', 'user': 'alex', 'node': 'v100', 't': 'None', 'c': 'None'},None,h1.carbonate.uits.iu.edu,haiyang,Linux,#1 SMP Tue Jul 26 14:15:37 UTC 2022

