SORT: mp
<function multiprocessing_mergesort at 0x2ab6e6899af0>
Starting experiment
Log:       output.log
Processes: 6
Size:      100
Repeat:    10
Clear:     False
Debug:     True
Algorithm: mp
ID:        0
Tag:       None
Total:     10
Experiment 9         : size=100 processes=6 id=0 repeat=0 last_time=undefined                     
[76, 94, 83, 75, 51, 72, 95, 42, 9, 53, 42, 68, 18, 53, 64, 92, 12, 48, 6, 21, 19, 28, 98, 78, 82, 82, 6, 28, 75, 91, 1, 72, 60, 88, 72, 99, 90, 36, 8, 89, 42, 87, 16, 53, 25, 0, 63, 37, 48, 56, 22, 5, 18, 22, 9, 72, 25, 5, 18, 31, 10, 89, 85, 56, 30, 29, 100, 10, 48, 96, 70, 77, 44, 22, 70, 56, 81, 96, 7, 72, 41, 47, 45, 73, 1, 35, 21, 47, 25, 12, 81, 70, 41, 56, 72, 49, 67, 1, 33, 16]
[0, 1, 1, 1, 5, 5, 6, 6, 7, 8, 9, 9, 10, 10, 12, 12, 16, 16, 18, 18, 18, 19, 21, 21, 22, 22, 22, 25, 25, 25, 28, 28, 29, 30, 31, 33, 35, 36, 37, 41, 41, 42, 42, 42, 44, 45, 47, 47, 48, 48, 48, 49, 51, 53, 53, 53, 56, 56, 56, 56, 60, 63, 64, 67, 68, 70, 70, 70, 72, 72, 72, 72, 72, 72, 73, 75, 75, 76, 77, 78, 81, 81, 82, 82, 83, 85, 87, 88, 89, 89, 90, 91, 92, 94, 95, 96, 96, 98, 99, 100]
Experiment 8         : size=100 processes=6 id=0 repeat=1 last_time=0.046                     
[86, 52, 16, 4, 2, 69, 89, 2, 75, 96, 87, 62, 42, 12, 41, 88, 7, 75, 37, 58, 69, 54, 26, 67, 15, 82, 98, 29, 49, 81, 29, 20, 27, 92, 8, 95, 37, 18, 2, 52, 92, 48, 16, 72, 65, 72, 40, 95, 35, 55, 30, 19, 40, 11, 50, 54, 93, 64, 38, 87, 91, 39, 63, 17, 100, 58, 59, 94, 1, 97, 99, 14, 77, 49, 41, 28, 81, 86, 91, 9, 61, 11, 75, 70, 20, 66, 71, 24, 93, 39, 25, 58, 95, 71, 6, 8, 34, 14, 49, 30]
[1, 2, 2, 2, 4, 6, 7, 8, 8, 9, 11, 11, 12, 14, 14, 15, 16, 16, 17, 18, 19, 20, 20, 24, 25, 26, 27, 28, 29, 29, 30, 30, 34, 35, 37, 37, 38, 39, 39, 40, 40, 41, 41, 42, 48, 49, 49, 49, 50, 52, 52, 54, 54, 55, 58, 58, 58, 59, 61, 62, 63, 64, 65, 66, 67, 69, 69, 70, 71, 71, 72, 72, 75, 75, 75, 77, 81, 81, 82, 86, 86, 87, 87, 88, 89, 91, 91, 92, 92, 93, 93, 94, 95, 95, 95, 96, 97, 98, 99, 100]
Experiment 7         : size=100 processes=6 id=0 repeat=2 last_time=0.0347                     
[4, 64, 53, 94, 50, 56, 38, 81, 79, 75, 92, 84, 64, 64, 69, 73, 13, 66, 1, 57, 100, 20, 35, 74, 83, 82, 96, 60, 19, 92, 77, 94, 36, 84, 70, 6, 52, 30, 63, 53, 75, 48, 31, 33, 17, 77, 9, 49, 30, 89, 70, 12, 84, 73, 8, 100, 78, 21, 55, 70, 18, 24, 56, 15, 84, 28, 81, 12, 87, 0, 26, 55, 31, 45, 52, 39, 99, 59, 86, 79, 27, 58, 97, 74, 1, 49, 94, 51, 26, 65, 85, 58, 57, 32, 2, 4, 0, 14, 30, 14]
[0, 0, 1, 1, 2, 4, 4, 6, 8, 9, 12, 12, 13, 14, 14, 15, 17, 18, 19, 20, 21, 24, 26, 26, 27, 28, 30, 30, 30, 31, 31, 32, 33, 35, 36, 38, 39, 45, 48, 49, 49, 50, 51, 52, 52, 53, 53, 55, 55, 56, 56, 57, 57, 58, 58, 59, 60, 63, 64, 64, 64, 65, 66, 69, 70, 70, 70, 73, 73, 74, 74, 75, 75, 77, 77, 78, 79, 79, 81, 81, 82, 83, 84, 84, 84, 84, 85, 86, 87, 89, 92, 92, 94, 94, 94, 96, 97, 99, 100, 100]
Experiment 6         : size=100 processes=6 id=0 repeat=3 last_time=0.0326                     
[36, 81, 63, 29, 59, 100, 69, 90, 23, 13, 32, 48, 74, 58, 100, 54, 74, 97, 36, 62, 13, 72, 39, 50, 6, 20, 58, 83, 31, 14, 78, 51, 76, 22, 13, 30, 24, 55, 85, 33, 43, 39, 19, 16, 78, 27, 6, 77, 30, 1, 35, 10, 100, 82, 66, 58, 51, 44, 33, 84, 73, 77, 44, 61, 70, 100, 54, 63, 90, 60, 30, 83, 73, 16, 61, 97, 67, 91, 11, 68, 0, 47, 39, 57, 74, 74, 53, 82, 34, 7, 87, 7, 35, 76, 26, 5, 20, 3, 32, 18]
[0, 1, 3, 5, 6, 6, 7, 7, 10, 11, 13, 13, 13, 14, 16, 16, 18, 19, 20, 20, 22, 23, 24, 26, 27, 29, 30, 30, 30, 31, 32, 32, 33, 33, 34, 35, 35, 36, 36, 39, 39, 39, 43, 44, 44, 47, 48, 50, 51, 51, 53, 54, 54, 55, 57, 58, 58, 58, 59, 60, 61, 61, 62, 63, 63, 66, 67, 68, 69, 70, 72, 73, 73, 74, 74, 74, 74, 76, 76, 77, 77, 78, 78, 81, 82, 82, 83, 83, 84, 85, 87, 90, 90, 91, 97, 97, 100, 100, 100, 100]
Experiment 5         : size=100 processes=6 id=0 repeat=4 last_time=0.0312                     
[15, 78, 9, 82, 19, 51, 54, 1, 35, 91, 88, 81, 89, 28, 53, 5, 19, 12, 38, 79, 84, 17, 48, 46, 61, 39, 32, 8, 83, 13, 48, 99, 67, 72, 30, 69, 91, 18, 98, 53, 3, 57, 7, 86, 16, 82, 73, 94, 18, 92, 58, 84, 22, 25, 57, 9, 28, 1, 65, 65, 45, 70, 6, 54, 48, 14, 8, 99, 52, 72, 6, 95, 94, 82, 32, 96, 37, 9, 63, 62, 51, 50, 98, 96, 59, 11, 54, 35, 98, 27, 26, 65, 7, 18, 34, 68, 43, 18, 54, 17]
[1, 1, 3, 5, 6, 6, 7, 7, 8, 8, 9, 9, 9, 11, 12, 13, 14, 15, 16, 17, 17, 18, 18, 18, 18, 19, 19, 22, 25, 26, 27, 28, 28, 30, 32, 32, 34, 35, 35, 37, 38, 39, 43, 45, 46, 48, 48, 48, 50, 51, 51, 52, 53, 53, 54, 54, 54, 54, 57, 57, 58, 59, 61, 62, 63, 65, 65, 65, 67, 68, 69, 70, 72, 72, 73, 78, 79, 81, 82, 82, 82, 83, 84, 84, 86, 88, 89, 91, 91, 92, 94, 94, 95, 96, 96, 98, 98, 98, 99, 99]
Experiment 4         : size=100 processes=6 id=0 repeat=5 last_time=0.0327                     
[81, 67, 43, 40, 4, 43, 18, 85, 92, 46, 95, 27, 46, 71, 23, 9, 84, 20, 88, 72, 82, 51, 81, 17, 92, 22, 71, 92, 40, 39, 50, 7, 88, 9, 57, 61, 80, 92, 29, 12, 90, 30, 9, 33, 56, 36, 57, 84, 86, 53, 93, 79, 3, 2, 59, 10, 51, 42, 55, 75, 95, 56, 91, 10, 99, 77, 44, 13, 22, 52, 8, 8, 32, 32, 5, 19, 29, 46, 76, 59, 4, 86, 4, 76, 42, 42, 48, 65, 56, 19, 77, 32, 44, 82, 26, 82, 80, 7, 26, 16]
[2, 3, 4, 4, 4, 5, 7, 7, 8, 8, 9, 9, 9, 10, 10, 12, 13, 16, 17, 18, 19, 19, 20, 22, 22, 23, 26, 26, 27, 29, 29, 30, 32, 32, 32, 33, 36, 39, 40, 40, 42, 42, 42, 43, 43, 44, 44, 46, 46, 46, 48, 50, 51, 51, 52, 53, 55, 56, 56, 56, 57, 57, 59, 59, 61, 65, 67, 71, 71, 72, 75, 76, 76, 77, 77, 79, 80, 80, 81, 81, 82, 82, 82, 84, 84, 85, 86, 86, 88, 88, 90, 91, 92, 92, 92, 92, 93, 95, 95, 99]
Experiment 3         : size=100 processes=6 id=0 repeat=6 last_time=0.0286                     
[35, 72, 83, 99, 26, 79, 31, 44, 26, 86, 62, 41, 8, 63, 58, 10, 70, 87, 1, 94, 32, 36, 3, 55, 64, 34, 3, 45, 39, 95, 94, 67, 74, 99, 34, 70, 6, 86, 59, 54, 32, 19, 18, 89, 28, 4, 28, 82, 40, 49, 75, 25, 60, 48, 63, 5, 97, 19, 85, 75, 56, 67, 47, 50, 91, 84, 15, 84, 3, 9, 90, 48, 90, 15, 29, 17, 45, 0, 20, 9, 0, 3, 36, 88, 67, 63, 44, 78, 87, 17, 96, 20, 18, 65, 95, 48, 34, 3, 0, 47]
[0, 0, 0, 1, 3, 3, 3, 3, 3, 4, 5, 6, 8, 9, 9, 10, 15, 15, 17, 17, 18, 18, 19, 19, 20, 20, 25, 26, 26, 28, 28, 29, 31, 32, 32, 34, 34, 34, 35, 36, 36, 39, 40, 41, 44, 44, 45, 45, 47, 47, 48, 48, 48, 49, 50, 54, 55, 56, 58, 59, 60, 62, 63, 63, 63, 64, 65, 67, 67, 67, 70, 70, 72, 74, 75, 75, 78, 79, 82, 83, 84, 84, 85, 86, 86, 87, 87, 88, 89, 90, 90, 91, 94, 94, 95, 95, 96, 97, 99, 99]
Experiment 2         : size=100 processes=6 id=0 repeat=7 last_time=0.0328                     
[96, 33, 76, 9, 79, 43, 15, 55, 11, 4, 27, 41, 78, 42, 2, 0, 60, 5, 95, 99, 72, 40, 83, 8, 92, 89, 63, 7, 77, 54, 44, 72, 58, 20, 37, 55, 69, 19, 100, 69, 36, 41, 45, 85, 2, 7, 46, 86, 86, 32, 35, 60, 26, 35, 47, 65, 49, 68, 9, 48, 23, 64, 62, 11, 38, 100, 45, 31, 11, 86, 77, 34, 74, 57, 28, 36, 32, 96, 41, 66, 12, 11, 99, 23, 21, 59, 19, 77, 77, 58, 95, 46, 22, 92, 12, 49, 34, 99, 98, 56]
[0, 2, 2, 4, 5, 7, 7, 8, 9, 9, 11, 11, 11, 11, 12, 12, 15, 19, 19, 20, 21, 22, 23, 23, 26, 27, 28, 31, 32, 32, 33, 34, 34, 35, 35, 36, 36, 37, 38, 40, 41, 41, 41, 42, 43, 44, 45, 45, 46, 46, 47, 48, 49, 49, 54, 55, 55, 56, 57, 58, 58, 59, 60, 60, 62, 63, 64, 65, 66, 68, 69, 69, 72, 72, 74, 76, 77, 77, 77, 77, 78, 79, 83, 85, 86, 86, 86, 89, 92, 92, 95, 95, 96, 96, 98, 99, 99, 99, 100, 100]
Experiment 1         : size=100 processes=6 id=0 repeat=8 last_time=0.0347                     
[71, 27, 84, 86, 4, 24, 16, 52, 62, 19, 43, 47, 63, 57, 98, 100, 80, 96, 13, 9, 92, 39, 64, 27, 48, 97, 45, 13, 49, 58, 27, 91, 21, 1, 69, 96, 8, 38, 48, 6, 13, 99, 48, 13, 92, 80, 4, 100, 0, 82, 83, 1, 89, 74, 91, 86, 28, 15, 100, 27, 36, 49, 40, 72, 3, 38, 26, 57, 96, 67, 5, 4, 86, 58, 100, 80, 82, 96, 29, 73, 11, 45, 100, 35, 87, 38, 68, 62, 35, 7, 8, 0, 49, 0, 54, 39, 84, 45, 59, 68]
[0, 0, 0, 1, 1, 3, 4, 4, 4, 5, 6, 7, 8, 8, 9, 11, 13, 13, 13, 13, 15, 16, 19, 21, 24, 26, 27, 27, 27, 27, 28, 29, 35, 35, 36, 38, 38, 38, 39, 39, 40, 43, 45, 45, 45, 47, 48, 48, 48, 49, 49, 49, 52, 54, 57, 57, 58, 58, 59, 62, 62, 63, 64, 67, 68, 68, 69, 71, 72, 73, 74, 80, 80, 80, 82, 82, 83, 84, 84, 86, 86, 86, 87, 89, 91, 91, 92, 92, 96, 96, 96, 96, 97, 98, 99, 100, 100, 100, 100, 100]
Experiment 0         : size=100 processes=6 id=0 repeat=9 last_time=0.0326                     
[41, 75, 64, 80, 25, 18, 34, 92, 48, 17, 15, 98, 6, 96, 81, 70, 29, 14, 68, 38, 17, 80, 95, 53, 65, 43, 33, 22, 88, 22, 6, 64, 12, 87, 39, 70, 52, 25, 43, 55, 47, 92, 96, 11, 37, 90, 70, 25, 50, 83, 59, 64, 43, 91, 81, 79, 78, 84, 26, 74, 42, 71, 23, 18, 8, 21, 91, 47, 86, 19, 91, 87, 92, 98, 12, 80, 100, 24, 83, 68, 59, 29, 52, 33, 22, 15, 53, 92, 83, 21, 11, 27, 6, 30, 94, 41, 87, 42, 15, 74]
[6, 6, 6, 8, 11, 11, 12, 12, 14, 15, 15, 15, 17, 17, 18, 18, 19, 21, 21, 22, 22, 22, 23, 24, 25, 25, 25, 26, 27, 29, 29, 30, 33, 33, 34, 37, 38, 39, 41, 41, 42, 42, 43, 43, 43, 47, 47, 48, 50, 52, 52, 53, 53, 55, 59, 59, 64, 64, 64, 65, 68, 68, 70, 70, 70, 71, 74, 74, 75, 78, 79, 80, 80, 80, 81, 81, 83, 83, 83, 84, 86, 87, 87, 87, 88, 90, 91, 91, 91, 92, 92, 92, 92, 94, 95, 96, 96, 98, 98, 100]

+---------------------------------+--------------------------------------------------------------+
| Attribute                       | Value                                                        |
|---------------------------------+--------------------------------------------------------------|
| ANSI_COLOR                      | "0;31"                                                       |
| BUG_REPORT_URL                  | "https://bugzilla.redhat.com/"                               |
| CPE_NAME                        | "cpe:/o:redhat:enterprise_linux:7.9:GA:server"               |
| HOME_URL                        | "https://www.redhat.com/"                                    |
| ID                              | "rhel"                                                       |
| ID_LIKE                         | "fedora"                                                     |
| NAME                            | "Red Hat Enterprise Linux Server"                            |
| PRETTY_NAME                     | "Red Hat Enterprise Linux Server 7.9 (Maipo)"                |
| REDHAT_BUGZILLA_PRODUCT         | "Red Hat Enterprise Linux 7"                                 |
| REDHAT_BUGZILLA_PRODUCT_VERSION | 7.9                                                          |
| REDHAT_SUPPORT_PRODUCT          | "Red Hat Enterprise Linux"                                   |
| REDHAT_SUPPORT_PRODUCT_VERSION  | "7.9"                                                        |
| VARIANT                         | "Server"                                                     |
| VARIANT_ID                      | "server"                                                     |
| VERSION                         | "7.9 (Maipo)"                                                |
| VERSION_ID                      | "7.9"                                                        |
| cpu                             | Intel(R) Xeon(R) CPU E5-2680 v3 @ 2.50GHz                    |
| cpu_cores                       | 24                                                           |
| cpu_count                       | 24                                                           |
| cpu_threads                     | 24                                                           |
| date                            | 2022-10-30 15:05:22.512660                                   |
| frequency                       | scpufreq(current=1.3250000000000002, min=1200.0, max=3300.0) |
| mem.active                      | 17.0 GiB                                                     |
| mem.available                   | 176.1 GiB                                                    |
| mem.free                        | 171.6 GiB                                                    |
| mem.inactive                    | 7.1 GiB                                                      |
| mem.percent                     | 29.9 %                                                       |
| mem.total                       | 251.2 GiB                                                    |
| mem.used                        | 56.6 GiB                                                     |
| platform.version                | #1 SMP Tue Jul 26 14:15:37 UTC 2022                          |
| python                          | 3.9.8 (main, Feb  8 2022, 08:35:13)                          |
|                                 | [GCC 6.3.0]                                                  |
| python.pip                      | 22.2.2                                                       |
| python.version                  | 3.9.8                                                        |
| sys.platform                    | linux                                                        |
| uname.machine                   | x86_64                                                       |
| uname.node                      | h1.carbonate.uits.iu.edu                                     |
| uname.processor                 | x86_64                                                       |
| uname.release                   | 3.10.0-1160.76.1.el7.x86_64                                  |
| uname.system                    | Linux                                                        |
| uname.version                   | #1 SMP Tue Jul 26 14:15:37 UTC 2022                          |
| user                            | haiyang                                                      |
+---------------------------------+--------------------------------------------------------------+

+--------------------------------+----------+--------+-------+---------------------+-------------------------------------------------------------------------------------------------------------+-------+--------------------------+---------+-------+-------------------------------------+
| Name                           | Status   |   Time |   Sum | Start               | tag                                                                                                         | msg   | Node                     | User    | OS    | Version                             |
|--------------------------------+----------+--------+-------+---------------------+-------------------------------------------------------------------------------------------------------------+-------+--------------------------+---------+-------+-------------------------------------|
| mp-v100-alex-100-6-None-None-0 | ok       |  0.046 | 0.046 | 2022-10-30 15:05:22 | {'p': 6, 'size': 100, 'repeat': 10, 'sort': 'mp', 'user': 'alex', 'node': 'v100', 't': 'None', 'c': 'None'} |       | h1.carbonate.uits.iu.edu | haiyang | Linux | #1 SMP Tue Jul 26 14:15:37 UTC 2022 |
| mp-v100-alex-100-6-None-None-1 | ok       |  0.035 | 0.035 | 2022-10-30 15:05:22 | {'p': 6, 'size': 100, 'repeat': 10, 'sort': 'mp', 'user': 'alex', 'node': 'v100', 't': 'None', 'c': 'None'} |       | h1.carbonate.uits.iu.edu | haiyang | Linux | #1 SMP Tue Jul 26 14:15:37 UTC 2022 |
| mp-v100-alex-100-6-None-None-2 | ok       |  0.033 | 0.033 | 2022-10-30 15:05:22 | {'p': 6, 'size': 100, 'repeat': 10, 'sort': 'mp', 'user': 'alex', 'node': 'v100', 't': 'None', 'c': 'None'} |       | h1.carbonate.uits.iu.edu | haiyang | Linux | #1 SMP Tue Jul 26 14:15:37 UTC 2022 |
| mp-v100-alex-100-6-None-None-3 | ok       |  0.031 | 0.031 | 2022-10-30 15:05:22 | {'p': 6, 'size': 100, 'repeat': 10, 'sort': 'mp', 'user': 'alex', 'node': 'v100', 't': 'None', 'c': 'None'} |       | h1.carbonate.uits.iu.edu | haiyang | Linux | #1 SMP Tue Jul 26 14:15:37 UTC 2022 |
| mp-v100-alex-100-6-None-None-4 | ok       |  0.033 | 0.033 | 2022-10-30 15:05:22 | {'p': 6, 'size': 100, 'repeat': 10, 'sort': 'mp', 'user': 'alex', 'node': 'v100', 't': 'None', 'c': 'None'} |       | h1.carbonate.uits.iu.edu | haiyang | Linux | #1 SMP Tue Jul 26 14:15:37 UTC 2022 |
| mp-v100-alex-100-6-None-None-5 | ok       |  0.029 | 0.029 | 2022-10-30 15:05:22 | {'p': 6, 'size': 100, 'repeat': 10, 'sort': 'mp', 'user': 'alex', 'node': 'v100', 't': 'None', 'c': 'None'} |       | h1.carbonate.uits.iu.edu | haiyang | Linux | #1 SMP Tue Jul 26 14:15:37 UTC 2022 |
| mp-v100-alex-100-6-None-None-6 | ok       |  0.033 | 0.033 | 2022-10-30 15:05:22 | {'p': 6, 'size': 100, 'repeat': 10, 'sort': 'mp', 'user': 'alex', 'node': 'v100', 't': 'None', 'c': 'None'} |       | h1.carbonate.uits.iu.edu | haiyang | Linux | #1 SMP Tue Jul 26 14:15:37 UTC 2022 |
| mp-v100-alex-100-6-None-None-7 | ok       |  0.035 | 0.035 | 2022-10-30 15:05:22 | {'p': 6, 'size': 100, 'repeat': 10, 'sort': 'mp', 'user': 'alex', 'node': 'v100', 't': 'None', 'c': 'None'} |       | h1.carbonate.uits.iu.edu | haiyang | Linux | #1 SMP Tue Jul 26 14:15:37 UTC 2022 |
| mp-v100-alex-100-6-None-None-8 | ok       |  0.033 | 0.033 | 2022-10-30 15:05:22 | {'p': 6, 'size': 100, 'repeat': 10, 'sort': 'mp', 'user': 'alex', 'node': 'v100', 't': 'None', 'c': 'None'} |       | h1.carbonate.uits.iu.edu | haiyang | Linux | #1 SMP Tue Jul 26 14:15:37 UTC 2022 |
| mp-v100-alex-100-6-None-None-9 | ok       |  0.035 | 0.035 | 2022-10-30 15:05:22 | {'p': 6, 'size': 100, 'repeat': 10, 'sort': 'mp', 'user': 'alex', 'node': 'v100', 't': 'None', 'c': 'None'} |       | h1.carbonate.uits.iu.edu | haiyang | Linux | #1 SMP Tue Jul 26 14:15:37 UTC 2022 |
+--------------------------------+----------+--------+-------+---------------------+-------------------------------------------------------------------------------------------------------------+-------+--------------------------+---------+-------+-------------------------------------+
# csv,timer,status,time,sum,start,tag,msg,uname.node,user,uname.system,platform.version
# csv,mp-v100-alex-100-6-None-None-0,ok,0.046,0.046,2022-10-30 15:05:22,{'p': 6, 'size': 100, 'repeat': 10, 'sort': 'mp', 'user': 'alex', 'node': 'v100', 't': 'None', 'c': 'None'},None,h1.carbonate.uits.iu.edu,haiyang,Linux,#1 SMP Tue Jul 26 14:15:37 UTC 2022
# csv,mp-v100-alex-100-6-None-None-1,ok,0.035,0.035,2022-10-30 15:05:22,{'p': 6, 'size': 100, 'repeat': 10, 'sort': 'mp', 'user': 'alex', 'node': 'v100', 't': 'None', 'c': 'None'},None,h1.carbonate.uits.iu.edu,haiyang,Linux,#1 SMP Tue Jul 26 14:15:37 UTC 2022
# csv,mp-v100-alex-100-6-None-None-2,ok,0.033,0.033,2022-10-30 15:05:22,{'p': 6, 'size': 100, 'repeat': 10, 'sort': 'mp', 'user': 'alex', 'node': 'v100', 't': 'None', 'c': 'None'},None,h1.carbonate.uits.iu.edu,haiyang,Linux,#1 SMP Tue Jul 26 14:15:37 UTC 2022
# csv,mp-v100-alex-100-6-None-None-3,ok,0.031,0.031,2022-10-30 15:05:22,{'p': 6, 'size': 100, 'repeat': 10, 'sort': 'mp', 'user': 'alex', 'node': 'v100', 't': 'None', 'c': 'None'},None,h1.carbonate.uits.iu.edu,haiyang,Linux,#1 SMP Tue Jul 26 14:15:37 UTC 2022
# csv,mp-v100-alex-100-6-None-None-4,ok,0.033,0.033,2022-10-30 15:05:22,{'p': 6, 'size': 100, 'repeat': 10, 'sort': 'mp', 'user': 'alex', 'node': 'v100', 't': 'None', 'c': 'None'},None,h1.carbonate.uits.iu.edu,haiyang,Linux,#1 SMP Tue Jul 26 14:15:37 UTC 2022
# csv,mp-v100-alex-100-6-None-None-5,ok,0.029,0.029,2022-10-30 15:05:22,{'p': 6, 'size': 100, 'repeat': 10, 'sort': 'mp', 'user': 'alex', 'node': 'v100', 't': 'None', 'c': 'None'},None,h1.carbonate.uits.iu.edu,haiyang,Linux,#1 SMP Tue Jul 26 14:15:37 UTC 2022
# csv,mp-v100-alex-100-6-None-None-6,ok,0.033,0.033,2022-10-30 15:05:22,{'p': 6, 'size': 100, 'repeat': 10, 'sort': 'mp', 'user': 'alex', 'node': 'v100', 't': 'None', 'c': 'None'},None,h1.carbonate.uits.iu.edu,haiyang,Linux,#1 SMP Tue Jul 26 14:15:37 UTC 2022
# csv,mp-v100-alex-100-6-None-None-7,ok,0.035,0.035,2022-10-30 15:05:22,{'p': 6, 'size': 100, 'repeat': 10, 'sort': 'mp', 'user': 'alex', 'node': 'v100', 't': 'None', 'c': 'None'},None,h1.carbonate.uits.iu.edu,haiyang,Linux,#1 SMP Tue Jul 26 14:15:37 UTC 2022
# csv,mp-v100-alex-100-6-None-None-8,ok,0.033,0.033,2022-10-30 15:05:22,{'p': 6, 'size': 100, 'repeat': 10, 'sort': 'mp', 'user': 'alex', 'node': 'v100', 't': 'None', 'c': 'None'},None,h1.carbonate.uits.iu.edu,haiyang,Linux,#1 SMP Tue Jul 26 14:15:37 UTC 2022
# csv,mp-v100-alex-100-6-None-None-9,ok,0.035,0.035,2022-10-30 15:05:22,{'p': 6, 'size': 100, 'repeat': 10, 'sort': 'mp', 'user': 'alex', 'node': 'v100', 't': 'None', 'c': 'None'},None,h1.carbonate.uits.iu.edu,haiyang,Linux,#1 SMP Tue Jul 26 14:15:37 UTC 2022

