SORT: mp
<function multiprocessing_mergesort at 0x2b74518baaf0>
Starting experiment
Log:       output.log
Processes: 5
Size:      5000000
Repeat:    10
Clear:     False
Debug:     True
Algorithm: mp
ID:        0
Tag:       None
Total:     10
Experiment 9         : size=5000000 processes=5 id=0 repeat=0 last_time=undefined                     
Experiment 8         : size=5000000 processes=5 id=0 repeat=1 last_time=14.9589                     
Experiment 7         : size=5000000 processes=5 id=0 repeat=2 last_time=14.0763                     
Experiment 6         : size=5000000 processes=5 id=0 repeat=3 last_time=14.2781                     
Experiment 5         : size=5000000 processes=5 id=0 repeat=4 last_time=14.4612                     
Experiment 4         : size=5000000 processes=5 id=0 repeat=5 last_time=14.6608                     
Experiment 3         : size=5000000 processes=5 id=0 repeat=6 last_time=14.7625                     
Experiment 2         : size=5000000 processes=5 id=0 repeat=7 last_time=14.7619                     
Experiment 1         : size=5000000 processes=5 id=0 repeat=8 last_time=14.444                     
Experiment 0         : size=5000000 processes=5 id=0 repeat=9 last_time=14.3539                     

+---------------------------------+--------------------------------------------------------------+
| Attribute                       | Value                                                        |
|---------------------------------+--------------------------------------------------------------|
| ANSI_COLOR                      | "0;31"                                                       |
| BUG_REPORT_URL                  | "https://bugzilla.redhat.com/"                               |
| CPE_NAME                        | "cpe:/o:redhat:enterprise_linux:7.9:GA:server"               |
| HOME_URL                        | "https://www.redhat.com/"                                    |
| ID                              | "rhel"                                                       |
| ID_LIKE                         | "fedora"                                                     |
| NAME                            | "Red Hat Enterprise Linux Server"                            |
| PRETTY_NAME                     | "Red Hat Enterprise Linux Server 7.9 (Maipo)"                |
| REDHAT_BUGZILLA_PRODUCT         | "Red Hat Enterprise Linux 7"                                 |
| REDHAT_BUGZILLA_PRODUCT_VERSION | 7.9                                                          |
| REDHAT_SUPPORT_PRODUCT          | "Red Hat Enterprise Linux"                                   |
| REDHAT_SUPPORT_PRODUCT_VERSION  | "7.9"                                                        |
| VARIANT                         | "Server"                                                     |
| VARIANT_ID                      | "server"                                                     |
| VERSION                         | "7.9 (Maipo)"                                                |
| VERSION_ID                      | "7.9"                                                        |
| cpu                             | Intel(R) Xeon(R) CPU E5-2680 v3 @ 2.50GHz                    |
| cpu_cores                       | 24                                                           |
| cpu_count                       | 24                                                           |
| cpu_threads                     | 24                                                           |
| date                            | 2022-11-03 23:34:39.705429                                   |
| frequency                       | scpufreq(current=1.4295833333333334, min=1200.0, max=3300.0) |
| mem.active                      | 32.6 GiB                                                     |
| mem.available                   | 144.9 GiB                                                    |
| mem.free                        | 19.7 GiB                                                     |
| mem.inactive                    | 120.6 GiB                                                    |
| mem.percent                     | 42.3 %                                                       |
| mem.total                       | 251.2 GiB                                                    |
| mem.used                        | 87.2 GiB                                                     |
| platform.version                | #1 SMP Tue Jul 26 14:15:37 UTC 2022                          |
| python                          | 3.9.8 (main, Feb  8 2022, 08:35:13)                          |
|                                 | [GCC 6.3.0]                                                  |
| python.pip                      | 22.2.2                                                       |
| python.version                  | 3.9.8                                                        |
| sys.platform                    | linux                                                        |
| uname.machine                   | x86_64                                                       |
| uname.node                      | h1.carbonate.uits.iu.edu                                     |
| uname.processor                 | x86_64                                                       |
| uname.release                   | 3.10.0-1160.76.1.el7.x86_64                                  |
| uname.system                    | Linux                                                        |
| uname.version                   | #1 SMP Tue Jul 26 14:15:37 UTC 2022                          |
| user                            | haiyang                                                      |
+---------------------------------+--------------------------------------------------------------+

+------------------------------------+----------+--------+--------+---------------------+-----------------------------------------------------------------------------------------------------------------+-------+--------------------------+---------+-------+-------------------------------------+
| Name                               | Status   |   Time |    Sum | Start               | tag                                                                                                             | msg   | Node                     | User    | OS    | Version                             |
|------------------------------------+----------+--------+--------+---------------------+-----------------------------------------------------------------------------------------------------------------+-------+--------------------------+---------+-------+-------------------------------------|
| mp-v100-alex-5000000-5-None-None-0 | ok       | 14.959 | 14.959 | 2022-11-03 23:31:26 | {'p': 5, 'size': 5000000, 'repeat': 10, 'sort': 'mp', 'user': 'alex', 'node': 'v100', 't': 'None', 'c': 'None'} |       | h1.carbonate.uits.iu.edu | haiyang | Linux | #1 SMP Tue Jul 26 14:15:37 UTC 2022 |
| mp-v100-alex-5000000-5-None-None-1 | ok       | 14.076 | 14.076 | 2022-11-03 23:31:46 | {'p': 5, 'size': 5000000, 'repeat': 10, 'sort': 'mp', 'user': 'alex', 'node': 'v100', 't': 'None', 'c': 'None'} |       | h1.carbonate.uits.iu.edu | haiyang | Linux | #1 SMP Tue Jul 26 14:15:37 UTC 2022 |
| mp-v100-alex-5000000-5-None-None-2 | ok       | 14.278 | 14.278 | 2022-11-03 23:32:06 | {'p': 5, 'size': 5000000, 'repeat': 10, 'sort': 'mp', 'user': 'alex', 'node': 'v100', 't': 'None', 'c': 'None'} |       | h1.carbonate.uits.iu.edu | haiyang | Linux | #1 SMP Tue Jul 26 14:15:37 UTC 2022 |
| mp-v100-alex-5000000-5-None-None-3 | ok       | 14.461 | 14.461 | 2022-11-03 23:32:25 | {'p': 5, 'size': 5000000, 'repeat': 10, 'sort': 'mp', 'user': 'alex', 'node': 'v100', 't': 'None', 'c': 'None'} |       | h1.carbonate.uits.iu.edu | haiyang | Linux | #1 SMP Tue Jul 26 14:15:37 UTC 2022 |
| mp-v100-alex-5000000-5-None-None-4 | ok       | 14.661 | 14.661 | 2022-11-03 23:32:45 | {'p': 5, 'size': 5000000, 'repeat': 10, 'sort': 'mp', 'user': 'alex', 'node': 'v100', 't': 'None', 'c': 'None'} |       | h1.carbonate.uits.iu.edu | haiyang | Linux | #1 SMP Tue Jul 26 14:15:37 UTC 2022 |
| mp-v100-alex-5000000-5-None-None-5 | ok       | 14.763 | 14.763 | 2022-11-03 23:33:05 | {'p': 5, 'size': 5000000, 'repeat': 10, 'sort': 'mp', 'user': 'alex', 'node': 'v100', 't': 'None', 'c': 'None'} |       | h1.carbonate.uits.iu.edu | haiyang | Linux | #1 SMP Tue Jul 26 14:15:37 UTC 2022 |
| mp-v100-alex-5000000-5-None-None-6 | ok       | 14.762 | 14.762 | 2022-11-03 23:33:25 | {'p': 5, 'size': 5000000, 'repeat': 10, 'sort': 'mp', 'user': 'alex', 'node': 'v100', 't': 'None', 'c': 'None'} |       | h1.carbonate.uits.iu.edu | haiyang | Linux | #1 SMP Tue Jul 26 14:15:37 UTC 2022 |
| mp-v100-alex-5000000-5-None-None-7 | ok       | 14.444 | 14.444 | 2022-11-03 23:33:45 | {'p': 5, 'size': 5000000, 'repeat': 10, 'sort': 'mp', 'user': 'alex', 'node': 'v100', 't': 'None', 'c': 'None'} |       | h1.carbonate.uits.iu.edu | haiyang | Linux | #1 SMP Tue Jul 26 14:15:37 UTC 2022 |
| mp-v100-alex-5000000-5-None-None-8 | ok       | 14.354 | 14.354 | 2022-11-03 23:34:05 | {'p': 5, 'size': 5000000, 'repeat': 10, 'sort': 'mp', 'user': 'alex', 'node': 'v100', 't': 'None', 'c': 'None'} |       | h1.carbonate.uits.iu.edu | haiyang | Linux | #1 SMP Tue Jul 26 14:15:37 UTC 2022 |
| mp-v100-alex-5000000-5-None-None-9 | ok       | 14.656 | 14.656 | 2022-11-03 23:34:24 | {'p': 5, 'size': 5000000, 'repeat': 10, 'sort': 'mp', 'user': 'alex', 'node': 'v100', 't': 'None', 'c': 'None'} |       | h1.carbonate.uits.iu.edu | haiyang | Linux | #1 SMP Tue Jul 26 14:15:37 UTC 2022 |
+------------------------------------+----------+--------+--------+---------------------+-----------------------------------------------------------------------------------------------------------------+-------+--------------------------+---------+-------+-------------------------------------+
# csv,timer,status,time,sum,start,tag,msg,uname.node,user,uname.system,platform.version
# csv,mp-v100-alex-5000000-5-None-None-0,ok,14.959,14.959,2022-11-03 23:31:26,{'p': 5, 'size': 5000000, 'repeat': 10, 'sort': 'mp', 'user': 'alex', 'node': 'v100', 't': 'None', 'c': 'None'},None,h1.carbonate.uits.iu.edu,haiyang,Linux,#1 SMP Tue Jul 26 14:15:37 UTC 2022
# csv,mp-v100-alex-5000000-5-None-None-1,ok,14.076,14.076,2022-11-03 23:31:46,{'p': 5, 'size': 5000000, 'repeat': 10, 'sort': 'mp', 'user': 'alex', 'node': 'v100', 't': 'None', 'c': 'None'},None,h1.carbonate.uits.iu.edu,haiyang,Linux,#1 SMP Tue Jul 26 14:15:37 UTC 2022
# csv,mp-v100-alex-5000000-5-None-None-2,ok,14.278,14.278,2022-11-03 23:32:06,{'p': 5, 'size': 5000000, 'repeat': 10, 'sort': 'mp', 'user': 'alex', 'node': 'v100', 't': 'None', 'c': 'None'},None,h1.carbonate.uits.iu.edu,haiyang,Linux,#1 SMP Tue Jul 26 14:15:37 UTC 2022
# csv,mp-v100-alex-5000000-5-None-None-3,ok,14.461,14.461,2022-11-03 23:32:25,{'p': 5, 'size': 5000000, 'repeat': 10, 'sort': 'mp', 'user': 'alex', 'node': 'v100', 't': 'None', 'c': 'None'},None,h1.carbonate.uits.iu.edu,haiyang,Linux,#1 SMP Tue Jul 26 14:15:37 UTC 2022
# csv,mp-v100-alex-5000000-5-None-None-4,ok,14.661,14.661,2022-11-03 23:32:45,{'p': 5, 'size': 5000000, 'repeat': 10, 'sort': 'mp', 'user': 'alex', 'node': 'v100', 't': 'None', 'c': 'None'},None,h1.carbonate.uits.iu.edu,haiyang,Linux,#1 SMP Tue Jul 26 14:15:37 UTC 2022
# csv,mp-v100-alex-5000000-5-None-None-5,ok,14.763,14.763,2022-11-03 23:33:05,{'p': 5, 'size': 5000000, 'repeat': 10, 'sort': 'mp', 'user': 'alex', 'node': 'v100', 't': 'None', 'c': 'None'},None,h1.carbonate.uits.iu.edu,haiyang,Linux,#1 SMP Tue Jul 26 14:15:37 UTC 2022
# csv,mp-v100-alex-5000000-5-None-None-6,ok,14.762,14.762,2022-11-03 23:33:25,{'p': 5, 'size': 5000000, 'repeat': 10, 'sort': 'mp', 'user': 'alex', 'node': 'v100', 't': 'None', 'c': 'None'},None,h1.carbonate.uits.iu.edu,haiyang,Linux,#1 SMP Tue Jul 26 14:15:37 UTC 2022
# csv,mp-v100-alex-5000000-5-None-None-7,ok,14.444,14.444,2022-11-03 23:33:45,{'p': 5, 'size': 5000000, 'repeat': 10, 'sort': 'mp', 'user': 'alex', 'node': 'v100', 't': 'None', 'c': 'None'},None,h1.carbonate.uits.iu.edu,haiyang,Linux,#1 SMP Tue Jul 26 14:15:37 UTC 2022
# csv,mp-v100-alex-5000000-5-None-None-8,ok,14.354,14.354,2022-11-03 23:34:05,{'p': 5, 'size': 5000000, 'repeat': 10, 'sort': 'mp', 'user': 'alex', 'node': 'v100', 't': 'None', 'c': 'None'},None,h1.carbonate.uits.iu.edu,haiyang,Linux,#1 SMP Tue Jul 26 14:15:37 UTC 2022
# csv,mp-v100-alex-5000000-5-None-None-9,ok,14.656,14.656,2022-11-03 23:34:24,{'p': 5, 'size': 5000000, 'repeat': 10, 'sort': 'mp', 'user': 'alex', 'node': 'v100', 't': 'None', 'c': 'None'},None,h1.carbonate.uits.iu.edu,haiyang,Linux,#1 SMP Tue Jul 26 14:15:37 UTC 2022

