SORT: mp
<function multiprocessing_mergesort at 0x2ae97109bb80>
Starting experiment
Log:       output.log
Processes: 1
Size:      6000000
Repeat:    10
Clear:     False
Debug:     True
Algorithm: mp
ID:        0
Tag:       None
Total:     10
Experiment 9         : size=6000000 processes=1 id=0 repeat=0 last_time=undefined                     
Experiment 8         : size=6000000 processes=1 id=0 repeat=1 last_time=48.1088                     
Experiment 7         : size=6000000 processes=1 id=0 repeat=2 last_time=49.842                     
Experiment 6         : size=6000000 processes=1 id=0 repeat=3 last_time=50.5297                     
Experiment 5         : size=6000000 processes=1 id=0 repeat=4 last_time=48.2706                     
Experiment 4         : size=6000000 processes=1 id=0 repeat=5 last_time=50.8673                     
Experiment 3         : size=6000000 processes=1 id=0 repeat=6 last_time=49.3488                     
Experiment 2         : size=6000000 processes=1 id=0 repeat=7 last_time=49.4946                     
Experiment 1         : size=6000000 processes=1 id=0 repeat=8 last_time=49.0106                     
Experiment 0         : size=6000000 processes=1 id=0 repeat=9 last_time=48.6048                     

+---------------------------------+----------------------------------------------------+
| Attribute                       | Value                                              |
|---------------------------------+----------------------------------------------------|
| ANSI_COLOR                      | "0;31"                                             |
| BUG_REPORT_URL                  | "https://bugzilla.redhat.com/"                     |
| CPE_NAME                        | "cpe:/o:redhat:enterprise_linux:7.9:GA:server"     |
| HOME_URL                        | "https://www.redhat.com/"                          |
| ID                              | "rhel"                                             |
| ID_LIKE                         | "fedora"                                           |
| NAME                            | "Red Hat Enterprise Linux Server"                  |
| PRETTY_NAME                     | "Red Hat Enterprise Linux Server 7.9 (Maipo)"      |
| REDHAT_BUGZILLA_PRODUCT         | "Red Hat Enterprise Linux 7"                       |
| REDHAT_BUGZILLA_PRODUCT_VERSION | 7.9                                                |
| REDHAT_SUPPORT_PRODUCT          | "Red Hat Enterprise Linux"                         |
| REDHAT_SUPPORT_PRODUCT_VERSION  | "7.9"                                              |
| VARIANT                         | "Server"                                           |
| VARIANT_ID                      | "server"                                           |
| VERSION                         | "7.9 (Maipo)"                                      |
| VERSION_ID                      | "7.9"                                              |
| cpu                             | Intel(R) Xeon(R) CPU E5-2680 v3 @ 2.50GHz          |
| cpu_cores                       | 24                                                 |
| cpu_count                       | 24                                                 |
| cpu_threads                     | 24                                                 |
| date                            | 2022-11-05 02:37:19.195401                         |
| frequency                       | scpufreq(current=1.508125, min=1200.0, max=3300.0) |
| mem.active                      | 31.8 GiB                                           |
| mem.available                   | 139.2 GiB                                          |
| mem.free                        | 32.5 GiB                                           |
| mem.inactive                    | 122.2 GiB                                          |
| mem.percent                     | 44.7 %                                             |
| mem.total                       | 251.5 GiB                                          |
| mem.used                        | 70.5 GiB                                           |
| platform.version                | #1 SMP Tue Jul 26 14:15:37 UTC 2022                |
| python                          | 3.9.8 (main, Feb  8 2022, 08:35:13)                |
|                                 | [GCC 6.3.0]                                        |
| python.pip                      | 22.2.2                                             |
| python.version                  | 3.9.8                                              |
| sys.platform                    | linux                                              |
| uname.machine                   | x86_64                                             |
| uname.node                      | h2.carbonate.uits.iu.edu                           |
| uname.processor                 | x86_64                                             |
| uname.release                   | 3.10.0-1160.76.1.el7.x86_64                        |
| uname.system                    | Linux                                              |
| uname.version                   | #1 SMP Tue Jul 26 14:15:37 UTC 2022                |
| user                            | haiyang                                            |
+---------------------------------+----------------------------------------------------+

+------------------------------------+----------+--------+--------+---------------------+-----------------------------------------------------------------------------------------------------------------+-------+--------------------------+---------+-------+-------------------------------------+
| Name                               | Status   |   Time |    Sum | Start               | tag                                                                                                             | msg   | Node                     | User    | OS    | Version                             |
|------------------------------------+----------+--------+--------+---------------------+-----------------------------------------------------------------------------------------------------------------+-------+--------------------------+---------+-------+-------------------------------------|
| mp-v100-alex-6000000-1-None-None-0 | ok       | 48.109 | 48.109 | 2022-11-05 02:28:09 | {'p': 1, 'size': 6000000, 'repeat': 10, 'sort': 'mp', 'user': 'alex', 'node': 'v100', 't': 'None', 'c': 'None'} |       | h2.carbonate.uits.iu.edu | haiyang | Linux | #1 SMP Tue Jul 26 14:15:37 UTC 2022 |
| mp-v100-alex-6000000-1-None-None-1 | ok       | 49.842 | 49.842 | 2022-11-05 02:29:03 | {'p': 1, 'size': 6000000, 'repeat': 10, 'sort': 'mp', 'user': 'alex', 'node': 'v100', 't': 'None', 'c': 'None'} |       | h2.carbonate.uits.iu.edu | haiyang | Linux | #1 SMP Tue Jul 26 14:15:37 UTC 2022 |
| mp-v100-alex-6000000-1-None-None-2 | ok       | 50.53  | 50.53  | 2022-11-05 02:29:59 | {'p': 1, 'size': 6000000, 'repeat': 10, 'sort': 'mp', 'user': 'alex', 'node': 'v100', 't': 'None', 'c': 'None'} |       | h2.carbonate.uits.iu.edu | haiyang | Linux | #1 SMP Tue Jul 26 14:15:37 UTC 2022 |
| mp-v100-alex-6000000-1-None-None-3 | ok       | 48.271 | 48.271 | 2022-11-05 02:30:56 | {'p': 1, 'size': 6000000, 'repeat': 10, 'sort': 'mp', 'user': 'alex', 'node': 'v100', 't': 'None', 'c': 'None'} |       | h2.carbonate.uits.iu.edu | haiyang | Linux | #1 SMP Tue Jul 26 14:15:37 UTC 2022 |
| mp-v100-alex-6000000-1-None-None-4 | ok       | 50.867 | 50.867 | 2022-11-05 02:31:51 | {'p': 1, 'size': 6000000, 'repeat': 10, 'sort': 'mp', 'user': 'alex', 'node': 'v100', 't': 'None', 'c': 'None'} |       | h2.carbonate.uits.iu.edu | haiyang | Linux | #1 SMP Tue Jul 26 14:15:37 UTC 2022 |
| mp-v100-alex-6000000-1-None-None-5 | ok       | 49.349 | 49.349 | 2022-11-05 02:32:48 | {'p': 1, 'size': 6000000, 'repeat': 10, 'sort': 'mp', 'user': 'alex', 'node': 'v100', 't': 'None', 'c': 'None'} |       | h2.carbonate.uits.iu.edu | haiyang | Linux | #1 SMP Tue Jul 26 14:15:37 UTC 2022 |
| mp-v100-alex-6000000-1-None-None-6 | ok       | 49.495 | 49.495 | 2022-11-05 02:33:43 | {'p': 1, 'size': 6000000, 'repeat': 10, 'sort': 'mp', 'user': 'alex', 'node': 'v100', 't': 'None', 'c': 'None'} |       | h2.carbonate.uits.iu.edu | haiyang | Linux | #1 SMP Tue Jul 26 14:15:37 UTC 2022 |
| mp-v100-alex-6000000-1-None-None-7 | ok       | 49.011 | 49.011 | 2022-11-05 02:34:39 | {'p': 1, 'size': 6000000, 'repeat': 10, 'sort': 'mp', 'user': 'alex', 'node': 'v100', 't': 'None', 'c': 'None'} |       | h2.carbonate.uits.iu.edu | haiyang | Linux | #1 SMP Tue Jul 26 14:15:37 UTC 2022 |
| mp-v100-alex-6000000-1-None-None-8 | ok       | 48.605 | 48.605 | 2022-11-05 02:35:34 | {'p': 1, 'size': 6000000, 'repeat': 10, 'sort': 'mp', 'user': 'alex', 'node': 'v100', 't': 'None', 'c': 'None'} |       | h2.carbonate.uits.iu.edu | haiyang | Linux | #1 SMP Tue Jul 26 14:15:37 UTC 2022 |
| mp-v100-alex-6000000-1-None-None-9 | ok       | 49.52  | 49.52  | 2022-11-05 02:36:29 | {'p': 1, 'size': 6000000, 'repeat': 10, 'sort': 'mp', 'user': 'alex', 'node': 'v100', 't': 'None', 'c': 'None'} |       | h2.carbonate.uits.iu.edu | haiyang | Linux | #1 SMP Tue Jul 26 14:15:37 UTC 2022 |
+------------------------------------+----------+--------+--------+---------------------+-----------------------------------------------------------------------------------------------------------------+-------+--------------------------+---------+-------+-------------------------------------+
# csv,timer,status,time,sum,start,tag,msg,uname.node,user,uname.system,platform.version
# csv,mp-v100-alex-6000000-1-None-None-0,ok,48.109,48.109,2022-11-05 02:28:09,{'p': 1, 'size': 6000000, 'repeat': 10, 'sort': 'mp', 'user': 'alex', 'node': 'v100', 't': 'None', 'c': 'None'},None,h2.carbonate.uits.iu.edu,haiyang,Linux,#1 SMP Tue Jul 26 14:15:37 UTC 2022
# csv,mp-v100-alex-6000000-1-None-None-1,ok,49.842,49.842,2022-11-05 02:29:03,{'p': 1, 'size': 6000000, 'repeat': 10, 'sort': 'mp', 'user': 'alex', 'node': 'v100', 't': 'None', 'c': 'None'},None,h2.carbonate.uits.iu.edu,haiyang,Linux,#1 SMP Tue Jul 26 14:15:37 UTC 2022
# csv,mp-v100-alex-6000000-1-None-None-2,ok,50.53,50.53,2022-11-05 02:29:59,{'p': 1, 'size': 6000000, 'repeat': 10, 'sort': 'mp', 'user': 'alex', 'node': 'v100', 't': 'None', 'c': 'None'},None,h2.carbonate.uits.iu.edu,haiyang,Linux,#1 SMP Tue Jul 26 14:15:37 UTC 2022
# csv,mp-v100-alex-6000000-1-None-None-3,ok,48.271,48.271,2022-11-05 02:30:56,{'p': 1, 'size': 6000000, 'repeat': 10, 'sort': 'mp', 'user': 'alex', 'node': 'v100', 't': 'None', 'c': 'None'},None,h2.carbonate.uits.iu.edu,haiyang,Linux,#1 SMP Tue Jul 26 14:15:37 UTC 2022
# csv,mp-v100-alex-6000000-1-None-None-4,ok,50.867,50.867,2022-11-05 02:31:51,{'p': 1, 'size': 6000000, 'repeat': 10, 'sort': 'mp', 'user': 'alex', 'node': 'v100', 't': 'None', 'c': 'None'},None,h2.carbonate.uits.iu.edu,haiyang,Linux,#1 SMP Tue Jul 26 14:15:37 UTC 2022
# csv,mp-v100-alex-6000000-1-None-None-5,ok,49.349,49.349,2022-11-05 02:32:48,{'p': 1, 'size': 6000000, 'repeat': 10, 'sort': 'mp', 'user': 'alex', 'node': 'v100', 't': 'None', 'c': 'None'},None,h2.carbonate.uits.iu.edu,haiyang,Linux,#1 SMP Tue Jul 26 14:15:37 UTC 2022
# csv,mp-v100-alex-6000000-1-None-None-6,ok,49.495,49.495,2022-11-05 02:33:43,{'p': 1, 'size': 6000000, 'repeat': 10, 'sort': 'mp', 'user': 'alex', 'node': 'v100', 't': 'None', 'c': 'None'},None,h2.carbonate.uits.iu.edu,haiyang,Linux,#1 SMP Tue Jul 26 14:15:37 UTC 2022
# csv,mp-v100-alex-6000000-1-None-None-7,ok,49.011,49.011,2022-11-05 02:34:39,{'p': 1, 'size': 6000000, 'repeat': 10, 'sort': 'mp', 'user': 'alex', 'node': 'v100', 't': 'None', 'c': 'None'},None,h2.carbonate.uits.iu.edu,haiyang,Linux,#1 SMP Tue Jul 26 14:15:37 UTC 2022
# csv,mp-v100-alex-6000000-1-None-None-8,ok,48.605,48.605,2022-11-05 02:35:34,{'p': 1, 'size': 6000000, 'repeat': 10, 'sort': 'mp', 'user': 'alex', 'node': 'v100', 't': 'None', 'c': 'None'},None,h2.carbonate.uits.iu.edu,haiyang,Linux,#1 SMP Tue Jul 26 14:15:37 UTC 2022
# csv,mp-v100-alex-6000000-1-None-None-9,ok,49.52,49.52,2022-11-05 02:36:29,{'p': 1, 'size': 6000000, 'repeat': 10, 'sort': 'mp', 'user': 'alex', 'node': 'v100', 't': 'None', 'c': 'None'},None,h2.carbonate.uits.iu.edu,haiyang,Linux,#1 SMP Tue Jul 26 14:15:37 UTC 2022

