SORT: mp
<function multiprocessing_mergesort at 0x2b6d72a47b80>
Starting experiment
Log:       output.log
Processes: 1
Size:      8000000
Repeat:    10
Clear:     False
Debug:     True
Algorithm: mp
ID:        0
Tag:       None
Total:     10
Experiment 9         : size=8000000 processes=1 id=0 repeat=0 last_time=undefined                     
Experiment 8         : size=8000000 processes=1 id=0 repeat=1 last_time=65.144                     
Experiment 7         : size=8000000 processes=1 id=0 repeat=2 last_time=67.295                     
Experiment 6         : size=8000000 processes=1 id=0 repeat=3 last_time=64.6853                     
Experiment 5         : size=8000000 processes=1 id=0 repeat=4 last_time=64.8552                     
Experiment 4         : size=8000000 processes=1 id=0 repeat=5 last_time=66.1179                     
Experiment 3         : size=8000000 processes=1 id=0 repeat=6 last_time=66.7522                     
Experiment 2         : size=8000000 processes=1 id=0 repeat=7 last_time=76.7146                     
Experiment 1         : size=8000000 processes=1 id=0 repeat=8 last_time=74.8127                     
Experiment 0         : size=8000000 processes=1 id=0 repeat=9 last_time=77.0302                     

+---------------------------------+--------------------------------------------------------------+
| Attribute                       | Value                                                        |
|---------------------------------+--------------------------------------------------------------|
| ANSI_COLOR                      | "0;31"                                                       |
| BUG_REPORT_URL                  | "https://bugzilla.redhat.com/"                               |
| CPE_NAME                        | "cpe:/o:redhat:enterprise_linux:7.9:GA:server"               |
| HOME_URL                        | "https://www.redhat.com/"                                    |
| ID                              | "rhel"                                                       |
| ID_LIKE                         | "fedora"                                                     |
| NAME                            | "Red Hat Enterprise Linux Server"                            |
| PRETTY_NAME                     | "Red Hat Enterprise Linux Server 7.9 (Maipo)"                |
| REDHAT_BUGZILLA_PRODUCT         | "Red Hat Enterprise Linux 7"                                 |
| REDHAT_BUGZILLA_PRODUCT_VERSION | 7.9                                                          |
| REDHAT_SUPPORT_PRODUCT          | "Red Hat Enterprise Linux"                                   |
| REDHAT_SUPPORT_PRODUCT_VERSION  | "7.9"                                                        |
| VARIANT                         | "Server"                                                     |
| VARIANT_ID                      | "server"                                                     |
| VERSION                         | "7.9 (Maipo)"                                                |
| VERSION_ID                      | "7.9"                                                        |
| cpu                             | Intel(R) Xeon(R) CPU E5-2680 v3 @ 2.50GHz                    |
| cpu_cores                       | 24                                                           |
| cpu_count                       | 24                                                           |
| cpu_threads                     | 24                                                           |
| date                            | 2022-11-05 02:50:28.668962                                   |
| frequency                       | scpufreq(current=1.5511666666666672, min=1200.0, max=3300.0) |
| mem.active                      | 31.9 GiB                                                     |
| mem.available                   | 138.9 GiB                                                    |
| mem.free                        | 31.8 GiB                                                     |
| mem.inactive                    | 122.5 GiB                                                    |
| mem.percent                     | 44.8 %                                                       |
| mem.total                       | 251.5 GiB                                                    |
| mem.used                        | 70.6 GiB                                                     |
| platform.version                | #1 SMP Tue Jul 26 14:15:37 UTC 2022                          |
| python                          | 3.9.8 (main, Feb  8 2022, 08:35:13)                          |
|                                 | [GCC 6.3.0]                                                  |
| python.pip                      | 22.2.2                                                       |
| python.version                  | 3.9.8                                                        |
| sys.platform                    | linux                                                        |
| uname.machine                   | x86_64                                                       |
| uname.node                      | h2.carbonate.uits.iu.edu                                     |
| uname.processor                 | x86_64                                                       |
| uname.release                   | 3.10.0-1160.76.1.el7.x86_64                                  |
| uname.system                    | Linux                                                        |
| uname.version                   | #1 SMP Tue Jul 26 14:15:37 UTC 2022                          |
| user                            | haiyang                                                      |
+---------------------------------+--------------------------------------------------------------+

+------------------------------------+----------+--------+--------+---------------------+-----------------------------------------------------------------------------------------------------------------+-------+--------------------------+---------+-------+-------------------------------------+
| Name                               | Status   |   Time |    Sum | Start               | tag                                                                                                             | msg   | Node                     | User    | OS    | Version                             |
|------------------------------------+----------+--------+--------+---------------------+-----------------------------------------------------------------------------------------------------------------+-------+--------------------------+---------+-------+-------------------------------------|
| mp-v100-alex-8000000-1-None-None-0 | ok       | 65.144 | 65.144 | 2022-11-05 02:37:33 | {'p': 1, 'size': 8000000, 'repeat': 10, 'sort': 'mp', 'user': 'alex', 'node': 'v100', 't': 'None', 'c': 'None'} |       | h2.carbonate.uits.iu.edu | haiyang | Linux | #1 SMP Tue Jul 26 14:15:37 UTC 2022 |
| mp-v100-alex-8000000-1-None-None-1 | ok       | 67.295 | 67.295 | 2022-11-05 02:38:46 | {'p': 1, 'size': 8000000, 'repeat': 10, 'sort': 'mp', 'user': 'alex', 'node': 'v100', 't': 'None', 'c': 'None'} |       | h2.carbonate.uits.iu.edu | haiyang | Linux | #1 SMP Tue Jul 26 14:15:37 UTC 2022 |
| mp-v100-alex-8000000-1-None-None-2 | ok       | 64.685 | 64.685 | 2022-11-05 02:40:01 | {'p': 1, 'size': 8000000, 'repeat': 10, 'sort': 'mp', 'user': 'alex', 'node': 'v100', 't': 'None', 'c': 'None'} |       | h2.carbonate.uits.iu.edu | haiyang | Linux | #1 SMP Tue Jul 26 14:15:37 UTC 2022 |
| mp-v100-alex-8000000-1-None-None-3 | ok       | 64.855 | 64.855 | 2022-11-05 02:41:14 | {'p': 1, 'size': 8000000, 'repeat': 10, 'sort': 'mp', 'user': 'alex', 'node': 'v100', 't': 'None', 'c': 'None'} |       | h2.carbonate.uits.iu.edu | haiyang | Linux | #1 SMP Tue Jul 26 14:15:37 UTC 2022 |
| mp-v100-alex-8000000-1-None-None-4 | ok       | 66.118 | 66.118 | 2022-11-05 02:42:26 | {'p': 1, 'size': 8000000, 'repeat': 10, 'sort': 'mp', 'user': 'alex', 'node': 'v100', 't': 'None', 'c': 'None'} |       | h2.carbonate.uits.iu.edu | haiyang | Linux | #1 SMP Tue Jul 26 14:15:37 UTC 2022 |
| mp-v100-alex-8000000-1-None-None-5 | ok       | 66.752 | 66.752 | 2022-11-05 02:43:40 | {'p': 1, 'size': 8000000, 'repeat': 10, 'sort': 'mp', 'user': 'alex', 'node': 'v100', 't': 'None', 'c': 'None'} |       | h2.carbonate.uits.iu.edu | haiyang | Linux | #1 SMP Tue Jul 26 14:15:37 UTC 2022 |
| mp-v100-alex-8000000-1-None-None-6 | ok       | 76.715 | 76.715 | 2022-11-05 02:44:56 | {'p': 1, 'size': 8000000, 'repeat': 10, 'sort': 'mp', 'user': 'alex', 'node': 'v100', 't': 'None', 'c': 'None'} |       | h2.carbonate.uits.iu.edu | haiyang | Linux | #1 SMP Tue Jul 26 14:15:37 UTC 2022 |
| mp-v100-alex-8000000-1-None-None-7 | ok       | 74.813 | 74.813 | 2022-11-05 02:46:22 | {'p': 1, 'size': 8000000, 'repeat': 10, 'sort': 'mp', 'user': 'alex', 'node': 'v100', 't': 'None', 'c': 'None'} |       | h2.carbonate.uits.iu.edu | haiyang | Linux | #1 SMP Tue Jul 26 14:15:37 UTC 2022 |
| mp-v100-alex-8000000-1-None-None-8 | ok       | 77.03  | 77.03  | 2022-11-05 02:47:45 | {'p': 1, 'size': 8000000, 'repeat': 10, 'sort': 'mp', 'user': 'alex', 'node': 'v100', 't': 'None', 'c': 'None'} |       | h2.carbonate.uits.iu.edu | haiyang | Linux | #1 SMP Tue Jul 26 14:15:37 UTC 2022 |
| mp-v100-alex-8000000-1-None-None-9 | ok       | 76.917 | 76.917 | 2022-11-05 02:49:11 | {'p': 1, 'size': 8000000, 'repeat': 10, 'sort': 'mp', 'user': 'alex', 'node': 'v100', 't': 'None', 'c': 'None'} |       | h2.carbonate.uits.iu.edu | haiyang | Linux | #1 SMP Tue Jul 26 14:15:37 UTC 2022 |
+------------------------------------+----------+--------+--------+---------------------+-----------------------------------------------------------------------------------------------------------------+-------+--------------------------+---------+-------+-------------------------------------+
# csv,timer,status,time,sum,start,tag,msg,uname.node,user,uname.system,platform.version
# csv,mp-v100-alex-8000000-1-None-None-0,ok,65.144,65.144,2022-11-05 02:37:33,{'p': 1, 'size': 8000000, 'repeat': 10, 'sort': 'mp', 'user': 'alex', 'node': 'v100', 't': 'None', 'c': 'None'},None,h2.carbonate.uits.iu.edu,haiyang,Linux,#1 SMP Tue Jul 26 14:15:37 UTC 2022
# csv,mp-v100-alex-8000000-1-None-None-1,ok,67.295,67.295,2022-11-05 02:38:46,{'p': 1, 'size': 8000000, 'repeat': 10, 'sort': 'mp', 'user': 'alex', 'node': 'v100', 't': 'None', 'c': 'None'},None,h2.carbonate.uits.iu.edu,haiyang,Linux,#1 SMP Tue Jul 26 14:15:37 UTC 2022
# csv,mp-v100-alex-8000000-1-None-None-2,ok,64.685,64.685,2022-11-05 02:40:01,{'p': 1, 'size': 8000000, 'repeat': 10, 'sort': 'mp', 'user': 'alex', 'node': 'v100', 't': 'None', 'c': 'None'},None,h2.carbonate.uits.iu.edu,haiyang,Linux,#1 SMP Tue Jul 26 14:15:37 UTC 2022
# csv,mp-v100-alex-8000000-1-None-None-3,ok,64.855,64.855,2022-11-05 02:41:14,{'p': 1, 'size': 8000000, 'repeat': 10, 'sort': 'mp', 'user': 'alex', 'node': 'v100', 't': 'None', 'c': 'None'},None,h2.carbonate.uits.iu.edu,haiyang,Linux,#1 SMP Tue Jul 26 14:15:37 UTC 2022
# csv,mp-v100-alex-8000000-1-None-None-4,ok,66.118,66.118,2022-11-05 02:42:26,{'p': 1, 'size': 8000000, 'repeat': 10, 'sort': 'mp', 'user': 'alex', 'node': 'v100', 't': 'None', 'c': 'None'},None,h2.carbonate.uits.iu.edu,haiyang,Linux,#1 SMP Tue Jul 26 14:15:37 UTC 2022
# csv,mp-v100-alex-8000000-1-None-None-5,ok,66.752,66.752,2022-11-05 02:43:40,{'p': 1, 'size': 8000000, 'repeat': 10, 'sort': 'mp', 'user': 'alex', 'node': 'v100', 't': 'None', 'c': 'None'},None,h2.carbonate.uits.iu.edu,haiyang,Linux,#1 SMP Tue Jul 26 14:15:37 UTC 2022
# csv,mp-v100-alex-8000000-1-None-None-6,ok,76.715,76.715,2022-11-05 02:44:56,{'p': 1, 'size': 8000000, 'repeat': 10, 'sort': 'mp', 'user': 'alex', 'node': 'v100', 't': 'None', 'c': 'None'},None,h2.carbonate.uits.iu.edu,haiyang,Linux,#1 SMP Tue Jul 26 14:15:37 UTC 2022
# csv,mp-v100-alex-8000000-1-None-None-7,ok,74.813,74.813,2022-11-05 02:46:22,{'p': 1, 'size': 8000000, 'repeat': 10, 'sort': 'mp', 'user': 'alex', 'node': 'v100', 't': 'None', 'c': 'None'},None,h2.carbonate.uits.iu.edu,haiyang,Linux,#1 SMP Tue Jul 26 14:15:37 UTC 2022
# csv,mp-v100-alex-8000000-1-None-None-8,ok,77.03,77.03,2022-11-05 02:47:45,{'p': 1, 'size': 8000000, 'repeat': 10, 'sort': 'mp', 'user': 'alex', 'node': 'v100', 't': 'None', 'c': 'None'},None,h2.carbonate.uits.iu.edu,haiyang,Linux,#1 SMP Tue Jul 26 14:15:37 UTC 2022
# csv,mp-v100-alex-8000000-1-None-None-9,ok,76.917,76.917,2022-11-05 02:49:11,{'p': 1, 'size': 8000000, 'repeat': 10, 'sort': 'mp', 'user': 'alex', 'node': 'v100', 't': 'None', 'c': 'None'},None,h2.carbonate.uits.iu.edu,haiyang,Linux,#1 SMP Tue Jul 26 14:15:37 UTC 2022

