SORT: mp
<function multiprocessing_mergesort at 0x2b97970deb80>
Starting experiment
Log:       output.log
Processes: 5
Size:      6000000
Repeat:    10
Clear:     False
Debug:     True
Algorithm: mp
ID:        0
Tag:       None
Total:     10
Experiment 9         : size=6000000 processes=5 id=0 repeat=0 last_time=undefined                     
Experiment 8         : size=6000000 processes=5 id=0 repeat=1 last_time=17.4934                     
Experiment 7         : size=6000000 processes=5 id=0 repeat=2 last_time=17.8326                     
Experiment 6         : size=6000000 processes=5 id=0 repeat=3 last_time=17.4748                     
Experiment 5         : size=6000000 processes=5 id=0 repeat=4 last_time=17.6805                     
Experiment 4         : size=6000000 processes=5 id=0 repeat=5 last_time=17.9227                     
Experiment 3         : size=6000000 processes=5 id=0 repeat=6 last_time=17.6847                     
Experiment 2         : size=6000000 processes=5 id=0 repeat=7 last_time=17.5754                     
Experiment 1         : size=6000000 processes=5 id=0 repeat=8 last_time=18.0233                     
Experiment 0         : size=6000000 processes=5 id=0 repeat=9 last_time=17.6691                     

+---------------------------------+--------------------------------------------------------------+
| Attribute                       | Value                                                        |
|---------------------------------+--------------------------------------------------------------|
| ANSI_COLOR                      | "0;31"                                                       |
| BUG_REPORT_URL                  | "https://bugzilla.redhat.com/"                               |
| CPE_NAME                        | "cpe:/o:redhat:enterprise_linux:7.9:GA:server"               |
| HOME_URL                        | "https://www.redhat.com/"                                    |
| ID                              | "rhel"                                                       |
| ID_LIKE                         | "fedora"                                                     |
| NAME                            | "Red Hat Enterprise Linux Server"                            |
| PRETTY_NAME                     | "Red Hat Enterprise Linux Server 7.9 (Maipo)"                |
| REDHAT_BUGZILLA_PRODUCT         | "Red Hat Enterprise Linux 7"                                 |
| REDHAT_BUGZILLA_PRODUCT_VERSION | 7.9                                                          |
| REDHAT_SUPPORT_PRODUCT          | "Red Hat Enterprise Linux"                                   |
| REDHAT_SUPPORT_PRODUCT_VERSION  | "7.9"                                                        |
| VARIANT                         | "Server"                                                     |
| VARIANT_ID                      | "server"                                                     |
| VERSION                         | "7.9 (Maipo)"                                                |
| VERSION_ID                      | "7.9"                                                        |
| cpu                             | Intel(R) Xeon(R) CPU E5-2680 v3 @ 2.50GHz                    |
| cpu_cores                       | 24                                                           |
| cpu_count                       | 24                                                           |
| cpu_threads                     | 24                                                           |
| date                            | 2022-11-05 03:49:20.013750                                   |
| frequency                       | scpufreq(current=1.6056249999999999, min=1200.0, max=3300.0) |
| mem.active                      | 33.2 GiB                                                     |
| mem.available                   | 138.0 GiB                                                    |
| mem.free                        | 28.2 GiB                                                     |
| mem.inactive                    | 123.8 GiB                                                    |
| mem.percent                     | 45.1 %                                                       |
| mem.total                       | 251.5 GiB                                                    |
| mem.used                        | 71.9 GiB                                                     |
| platform.version                | #1 SMP Tue Jul 26 14:15:37 UTC 2022                          |
| python                          | 3.9.8 (main, Feb  8 2022, 08:35:13)                          |
|                                 | [GCC 6.3.0]                                                  |
| python.pip                      | 22.2.2                                                       |
| python.version                  | 3.9.8                                                        |
| sys.platform                    | linux                                                        |
| uname.machine                   | x86_64                                                       |
| uname.node                      | h2.carbonate.uits.iu.edu                                     |
| uname.processor                 | x86_64                                                       |
| uname.release                   | 3.10.0-1160.76.1.el7.x86_64                                  |
| uname.system                    | Linux                                                        |
| uname.version                   | #1 SMP Tue Jul 26 14:15:37 UTC 2022                          |
| user                            | haiyang                                                      |
+---------------------------------+--------------------------------------------------------------+

+------------------------------------+----------+--------+--------+---------------------+-----------------------------------------------------------------------------------------------------------------+-------+--------------------------+---------+-------+-------------------------------------+
| Name                               | Status   |   Time |    Sum | Start               | tag                                                                                                             | msg   | Node                     | User    | OS    | Version                             |
|------------------------------------+----------+--------+--------+---------------------+-----------------------------------------------------------------------------------------------------------------+-------+--------------------------+---------+-------+-------------------------------------|
| mp-v100-alex-6000000-5-None-None-0 | ok       | 17.493 | 17.493 | 2022-11-05 03:45:26 | {'p': 5, 'size': 6000000, 'repeat': 10, 'sort': 'mp', 'user': 'alex', 'node': 'v100', 't': 'None', 'c': 'None'} |       | h2.carbonate.uits.iu.edu | haiyang | Linux | #1 SMP Tue Jul 26 14:15:37 UTC 2022 |
| mp-v100-alex-6000000-5-None-None-1 | ok       | 17.833 | 17.833 | 2022-11-05 03:45:50 | {'p': 5, 'size': 6000000, 'repeat': 10, 'sort': 'mp', 'user': 'alex', 'node': 'v100', 't': 'None', 'c': 'None'} |       | h2.carbonate.uits.iu.edu | haiyang | Linux | #1 SMP Tue Jul 26 14:15:37 UTC 2022 |
| mp-v100-alex-6000000-5-None-None-2 | ok       | 17.475 | 17.475 | 2022-11-05 03:46:14 | {'p': 5, 'size': 6000000, 'repeat': 10, 'sort': 'mp', 'user': 'alex', 'node': 'v100', 't': 'None', 'c': 'None'} |       | h2.carbonate.uits.iu.edu | haiyang | Linux | #1 SMP Tue Jul 26 14:15:37 UTC 2022 |
| mp-v100-alex-6000000-5-None-None-3 | ok       | 17.681 | 17.681 | 2022-11-05 03:46:38 | {'p': 5, 'size': 6000000, 'repeat': 10, 'sort': 'mp', 'user': 'alex', 'node': 'v100', 't': 'None', 'c': 'None'} |       | h2.carbonate.uits.iu.edu | haiyang | Linux | #1 SMP Tue Jul 26 14:15:37 UTC 2022 |
| mp-v100-alex-6000000-5-None-None-4 | ok       | 17.923 | 17.923 | 2022-11-05 03:47:02 | {'p': 5, 'size': 6000000, 'repeat': 10, 'sort': 'mp', 'user': 'alex', 'node': 'v100', 't': 'None', 'c': 'None'} |       | h2.carbonate.uits.iu.edu | haiyang | Linux | #1 SMP Tue Jul 26 14:15:37 UTC 2022 |
| mp-v100-alex-6000000-5-None-None-5 | ok       | 17.685 | 17.685 | 2022-11-05 03:47:26 | {'p': 5, 'size': 6000000, 'repeat': 10, 'sort': 'mp', 'user': 'alex', 'node': 'v100', 't': 'None', 'c': 'None'} |       | h2.carbonate.uits.iu.edu | haiyang | Linux | #1 SMP Tue Jul 26 14:15:37 UTC 2022 |
| mp-v100-alex-6000000-5-None-None-6 | ok       | 17.575 | 17.575 | 2022-11-05 03:47:50 | {'p': 5, 'size': 6000000, 'repeat': 10, 'sort': 'mp', 'user': 'alex', 'node': 'v100', 't': 'None', 'c': 'None'} |       | h2.carbonate.uits.iu.edu | haiyang | Linux | #1 SMP Tue Jul 26 14:15:37 UTC 2022 |
| mp-v100-alex-6000000-5-None-None-7 | ok       | 18.023 | 18.023 | 2022-11-05 03:48:14 | {'p': 5, 'size': 6000000, 'repeat': 10, 'sort': 'mp', 'user': 'alex', 'node': 'v100', 't': 'None', 'c': 'None'} |       | h2.carbonate.uits.iu.edu | haiyang | Linux | #1 SMP Tue Jul 26 14:15:37 UTC 2022 |
| mp-v100-alex-6000000-5-None-None-8 | ok       | 17.669 | 17.669 | 2022-11-05 03:48:38 | {'p': 5, 'size': 6000000, 'repeat': 10, 'sort': 'mp', 'user': 'alex', 'node': 'v100', 't': 'None', 'c': 'None'} |       | h2.carbonate.uits.iu.edu | haiyang | Linux | #1 SMP Tue Jul 26 14:15:37 UTC 2022 |
| mp-v100-alex-6000000-5-None-None-9 | ok       | 17.515 | 17.515 | 2022-11-05 03:49:02 | {'p': 5, 'size': 6000000, 'repeat': 10, 'sort': 'mp', 'user': 'alex', 'node': 'v100', 't': 'None', 'c': 'None'} |       | h2.carbonate.uits.iu.edu | haiyang | Linux | #1 SMP Tue Jul 26 14:15:37 UTC 2022 |
+------------------------------------+----------+--------+--------+---------------------+-----------------------------------------------------------------------------------------------------------------+-------+--------------------------+---------+-------+-------------------------------------+
# csv,timer,status,time,sum,start,tag,msg,uname.node,user,uname.system,platform.version
# csv,mp-v100-alex-6000000-5-None-None-0,ok,17.493,17.493,2022-11-05 03:45:26,{'p': 5, 'size': 6000000, 'repeat': 10, 'sort': 'mp', 'user': 'alex', 'node': 'v100', 't': 'None', 'c': 'None'},None,h2.carbonate.uits.iu.edu,haiyang,Linux,#1 SMP Tue Jul 26 14:15:37 UTC 2022
# csv,mp-v100-alex-6000000-5-None-None-1,ok,17.833,17.833,2022-11-05 03:45:50,{'p': 5, 'size': 6000000, 'repeat': 10, 'sort': 'mp', 'user': 'alex', 'node': 'v100', 't': 'None', 'c': 'None'},None,h2.carbonate.uits.iu.edu,haiyang,Linux,#1 SMP Tue Jul 26 14:15:37 UTC 2022
# csv,mp-v100-alex-6000000-5-None-None-2,ok,17.475,17.475,2022-11-05 03:46:14,{'p': 5, 'size': 6000000, 'repeat': 10, 'sort': 'mp', 'user': 'alex', 'node': 'v100', 't': 'None', 'c': 'None'},None,h2.carbonate.uits.iu.edu,haiyang,Linux,#1 SMP Tue Jul 26 14:15:37 UTC 2022
# csv,mp-v100-alex-6000000-5-None-None-3,ok,17.681,17.681,2022-11-05 03:46:38,{'p': 5, 'size': 6000000, 'repeat': 10, 'sort': 'mp', 'user': 'alex', 'node': 'v100', 't': 'None', 'c': 'None'},None,h2.carbonate.uits.iu.edu,haiyang,Linux,#1 SMP Tue Jul 26 14:15:37 UTC 2022
# csv,mp-v100-alex-6000000-5-None-None-4,ok,17.923,17.923,2022-11-05 03:47:02,{'p': 5, 'size': 6000000, 'repeat': 10, 'sort': 'mp', 'user': 'alex', 'node': 'v100', 't': 'None', 'c': 'None'},None,h2.carbonate.uits.iu.edu,haiyang,Linux,#1 SMP Tue Jul 26 14:15:37 UTC 2022
# csv,mp-v100-alex-6000000-5-None-None-5,ok,17.685,17.685,2022-11-05 03:47:26,{'p': 5, 'size': 6000000, 'repeat': 10, 'sort': 'mp', 'user': 'alex', 'node': 'v100', 't': 'None', 'c': 'None'},None,h2.carbonate.uits.iu.edu,haiyang,Linux,#1 SMP Tue Jul 26 14:15:37 UTC 2022
# csv,mp-v100-alex-6000000-5-None-None-6,ok,17.575,17.575,2022-11-05 03:47:50,{'p': 5, 'size': 6000000, 'repeat': 10, 'sort': 'mp', 'user': 'alex', 'node': 'v100', 't': 'None', 'c': 'None'},None,h2.carbonate.uits.iu.edu,haiyang,Linux,#1 SMP Tue Jul 26 14:15:37 UTC 2022
# csv,mp-v100-alex-6000000-5-None-None-7,ok,18.023,18.023,2022-11-05 03:48:14,{'p': 5, 'size': 6000000, 'repeat': 10, 'sort': 'mp', 'user': 'alex', 'node': 'v100', 't': 'None', 'c': 'None'},None,h2.carbonate.uits.iu.edu,haiyang,Linux,#1 SMP Tue Jul 26 14:15:37 UTC 2022
# csv,mp-v100-alex-6000000-5-None-None-8,ok,17.669,17.669,2022-11-05 03:48:38,{'p': 5, 'size': 6000000, 'repeat': 10, 'sort': 'mp', 'user': 'alex', 'node': 'v100', 't': 'None', 'c': 'None'},None,h2.carbonate.uits.iu.edu,haiyang,Linux,#1 SMP Tue Jul 26 14:15:37 UTC 2022
# csv,mp-v100-alex-6000000-5-None-None-9,ok,17.515,17.515,2022-11-05 03:49:02,{'p': 5, 'size': 6000000, 'repeat': 10, 'sort': 'mp', 'user': 'alex', 'node': 'v100', 't': 'None', 'c': 'None'},None,h2.carbonate.uits.iu.edu,haiyang,Linux,#1 SMP Tue Jul 26 14:15:37 UTC 2022

