Starting experiment
Processes: 8
Cores:     4
Size:      500000
Repeat:    10
Debug:     False
Sort:      MPI
Algorithm: mp
Tag:       None
Total:     10
Experiment 9         : size=500000 processes=8 cores=4 repeat=0 last_time=undefined                     
Experiment 8         : size=500000 processes=8 cores=4 repeat=1 last_time=undefined                     
Experiment 7         : size=500000 processes=8 cores=4 repeat=2 last_time=undefined                     
Experiment 6         : size=500000 processes=8 cores=4 repeat=3 last_time=undefined                     
Experiment 5         : size=500000 processes=8 cores=4 repeat=4 last_time=undefined                     
Experiment 4         : size=500000 processes=8 cores=4 repeat=5 last_time=undefined                     
Experiment 3         : size=500000 processes=8 cores=4 repeat=6 last_time=undefined                     
Experiment 2         : size=500000 processes=8 cores=4 repeat=7 last_time=undefined                     
Experiment 1         : size=500000 processes=8 cores=4 repeat=8 last_time=undefined                     
Experiment 0         : size=500000 processes=8 cores=4 repeat=9 last_time=undefined                     
e Linux Server 7.9 (Maipo)"      |
| REDHAT_BUGZILLA_PRODUCT         | "Red Hat Enterprise Linux 7"                       |
| REDHAT_BUGZILLA_PRODUCT_VERSION | 7.9                                                |
| REDHAT_SUPPORT_PRODUCT          | "Red Hat Enterprise Linux"                         |
| REDHAT_SUPPORT_PRODUCT_VERSION  | "7.9"                                              |
| VARIANT                         | "Server"                                           |
| VARIANT_ID                      | "server"                                           |
| VERSION                         | "7.9 (Maipo)"                                      |
| VERSION_ID                      | "7.9"                                              |
| cpu                             | Intel(R) Xeon(R) CPU E5-2680 v3 @ 2.50GHz          |
| cpu_cores                       | 24                                                 |
| cpu_count                       | 24                                                 |
| cpu_threads                     | 24                                                 |
| date                            | 2022-11-19 23:25:18.142070                         |
| frequency                       | scpufreq(current=1.542375, min=1200.0, max=3300.0) |
| mem.active                      | 17.3 GiB                                           |
| mem.available                   | 222.7 GiB                                          |
| mem.free                        | 211.0 GiB                                          |
| mem.inactive                    | 10.6 GiB                                           |
| mem.percent                     | 11.3 %                                             |
| mem.total                       | 251.1 GiB                                          |
| mem.used                        | 20.6 GiB                                           |
| platform.version                | #1 SMP Tue Jul 26 14:15:37 UTC 2022                |
| python                          | 3.9.8 (main, Feb  8 2022, 08:35:13)                |
|                                 | [GCC 6.3.0]                                        |
| python.pip                      | 22.2.2                                             |
| python.version                  | 3.9.8                                              |
| sys.platform                    | linux                                              |
| uname.machine                   | x86_64                                             |
| uname.node                      | c8                                                 |
| uname.processor                 | x86_64                                             |
| uname.release                   | 3.10.0-1160.76.1.el7.x86_64                        |
| uname.system                    | Linux                                              |
| uname.version                   | #1 SMP Tue Jul 26 14:15:37 UTC 2022                |
| user                            | haiyang                                            |
+---------------------------------+----------------------------------------------------+

+---------------+----------+--------+-------+---------------------+------------------------------------------------------------------------------------------------------------------+-------+--------+---------+-------+-------------------------------------+
| Name          | Status   |   Time |   Sum | Start               | tag                                                                                                              | msg   | Node   | User    | OS    | Version                             |
|---------------+----------+--------+-------+---------------------+------------------------------------------------------------------------------------------------------------------+-------+--------+---------+-------+-------------------------------------|
| mpi-mergesort | ok       |  0.51  | 0.51  | 2022-11-19 23:25:17 | {'user': 'alex', 'node': 'v100', 'debug': False, 'size': 500000, 'subsort': 'mp', 'sort': 'mpi', 'c': 4, 'p': 8} |       | c8     | haiyang | Linux | #1 SMP Tue Jul 26 14:15:37 UTC 2022 |
| mpi-generate  | ok       |  0.006 | 0.006 | 2022-11-19 23:25:17 | {'user': 'alex', 'node': 'v100', 'debug': False, 'size': 500000, 'subsort': 'mp', 'sort': 'mpi', 'c': 4, 'p': 8} |       | c8     | haiyang | Linux | #1 SMP Tue Jul 26 14:15:37 UTC 2022 |
+---------------+----------+--------+-------+---------------------+------------------------------------------------------------------------------------------------------------------+-------+--------+---------+-------+-------------------------------------+
# csv,timer,status,time,sum,start,tag,msg,uname.node,user,uname.system,platform.version
# csv,mpi-mergesort,ok,0.51,0.51,2022-11-19 23:25:17,{'user': 'alex', 'node': 'v100', 'debug': False, 'size': 500000, 'subsort': 'mp', 'sort': 'mpi', 'c': 4, 'p': 8},None,c8,haiyang,Linux,#1 SMP Tue Jul 26 14:15:37 UTC 2022
# csv,mpi-generate,ok,0.006,0.006,2022-11-19 23:25:17,{'user': 'alex', 'node': 'v100', 'debug': False, 'size': 500000, 'subsort': 'mp', 'sort': 'mpi', 'c': 4, 'p': 8},None,c8,haiyang,Linux,#1 SMP Tue Jul 26 14:15:37 UTC 2022


+---------------------------------+----------------------------------------------------+
| Attribute                       | Value                                              |
|---------------------------------+----------------------------------------------------|
| ANSI_COLOR                      | "0;31"                                             |
| BUG_REPORT_URL                  | "https://bugzilla.redhat.com/"                     |
| CPE_NAME                        | "cpe:/o:redhat:enterprise_linux:7.9:GA:server"     |
| HOME_URL                        | "https://www.redhat.com/"                          |
| ID                              | "rhel"                                             |
| ID_LIKE                         | "fedora"                                           |
| NAME                            | "Red Hat Enterprise Linux Server"                  |
| PRETTY_NAME                     | "Red Hat Enterprise Linux Server 7.9 (Maipo)"      |
| REDHAT_BUGZILLA_PRODUCT         | "Red Hat Enterprise Linux 7"                       |
| REDHAT_BUGZILLA_PRODUCT_VERSION | 7.9                                                |
| REDHAT_SUPPORT_PRODUCT          | "Red Hat Enterprise Linux"                         |
| REDHAT_SUPPORT_PRODUCT_VERSION  | "7.9"                                              |
| VARIANT                         | "Server"                                           |
| VARIANT_ID                      | "server"                                           |
| VERSION                         | "7.9 (Maipo)"                                      |
| VERSION_ID                      | "7.9"                                              |
| cpu                             | Intel(R) Xeon(R) CPU E5-2680 v3 @ 2.50GHz          |
| cpu_cores                       | 24                                                 |
| cpu_count                       | 24                                                 |
| cpu_threads                     | 24                                                 |
| date                            | 2022-11-19 23:25:21.402229                         |
| frequency                       | scpufreq(current=1.495875, min=1200.0, max=3300.0) |
| mem.active                      | 17.4 GiB                                           |
| mem.available                   | 222.7 GiB                                          |
| mem.free                        | 210.9 GiB                                          |
| mem.inactive                    | 10.6 GiB                                           |
| mem.percent                     | 11.3 %                                             |
| mem.total                       | 251.1 GiB                                          |
| mem.used                        | 20.7 GiB                                           |
| platform.version                | #1 SMP Tue Jul 26 14:15:37 UTC 2022                |
| python                          | 3.9.8 (main, Feb  8 2022, 08:35:13)                |
|                                 | [GCC 6.3.0]                                        |
| python.pip                      | 22.2.2                                             |
| python.version                  | 3.9.8                                              |
| sys.platform                    | linux                                              |
| uname.machine                   | x86_64                                             |
| uname.node                      | c8                                                 |
| uname.processor                 | x86_64                                             |
| uname.release                   | 3.10.0-1160.76.1.el7.x86_64                        |
| uname.system                    | Linux                                              |
| uname.version                   | #1 SMP Tue Jul 26 14:15:37 UTC 2022                |
| user                            | haiyang                                            |
+---------------------------------+----------------------------------------------------+

+---------------+----------+--------+-------+---------------------+------------------------------------------------------------------------------------------------------------------+-------+--------+---------+-------+-------------------------------------+
| Name          | Status   |   Time |   Sum | Start               | tag                                                                                                              | msg   | Node   | User    | OS    | Version                             |
|---------------+----------+--------+-------+---------------------+------------------------------------------------------------------------------------------------------------------+-------+--------+---------+-------+-------------------------------------|
| mpi-mergesort | ok       |  0.518 | 0.518 | 2022-11-19 23:25:20 | {'user': 'alex', 'node': 'v100', 'debug': False, 'size': 500000, 'subsort': 'mp', 'sort': 'mpi', 'c': 4, 'p': 8} |       | c8     | haiyang | Linux | #1 SMP Tue Jul 26 14:15:37 UTC 2022 |
| mpi-generate  | ok       |  0.004 | 0.004 | 2022-11-19 23:25:20 | {'user': 'alex', 'node': 'v100', 'debug': False, 'size': 500000, 'subsort': 'mp', 'sort': 'mpi', 'c': 4, 'p': 8} |       | c8     | haiyang | Linux | #1 SMP Tue Jul 26 14:15:37 UTC 2022 |
+---------------+----------+--------+-------+---------------------+------------------------------------------------------------------------------------------------------------------+-------+--------+---------+-------+-------------------------------------+
# csv,timer,status,time,sum,start,tag,msg,uname.node,user,uname.system,platform.version
# csv,mpi-mergesort,ok,0.518,0.518,2022-11-19 23:25:20,{'user': 'alex', 'node': 'v100', 'debug': False, 'size': 500000, 'subsort': 'mp', 'sort': 'mpi', 'c': 4, 'p': 8},None,c8,haiyang,Linux,#1 SMP Tue Jul 26 14:15:37 UTC 2022
# csv,mpi-generate,ok,0.004,0.004,2022-11-19 23:25:20,{'user': 'alex', 'node': 'v100', 'debug': False, 'size': 500000, 'subsort': 'mp', 'sort': 'mpi', 'c': 4, 'p': 8},None,c8,haiyang,Linux,#1 SMP Tue Jul 26 14:15:37 UTC 2022


+---------------------------------+--------------------------------------------------------------+
| Attribute                       | Value                                                        |
|---------------------------------+--------------------------------------------------------------|
| ANSI_COLOR                      | "0;31"                                                       |
| BUG_REPORT_URL                  | "https://bugzilla.redhat.com/"                               |
| CPE_NAME                        | "cpe:/o:redhat:enterprise_linux:7.9:GA:server"               |
| HOME_URL                        | "https://www.redhat.com/"                                    |
| ID                              | "rhel"                                                       |
| ID_LIKE                         | "fedora"                                                     |
| NAME                            | "Red Hat Enterprise Linux Server"                            |
| PRETTY_NAME                     | "Red Hat Enterprise Linux Server 7.9 (Maipo)"                |
| REDHAT_BUGZILLA_PRODUCT         | "Red Hat Enterprise Linux 7"                                 |
| REDHAT_BUGZILLA_PRODUCT_VERSION | 7.9                                                          |
| REDHAT_SUPPORT_PRODUCT          | "Red Hat Enterprise Linux"                                   |
| REDHAT_SUPPORT_PRODUCT_VERSION  | "7.9"                                                        |
| VARIANT                         | "Server"                                                     |
| VARIANT_ID                      | "server"                                                     |
| VERSION                         | "7.9 (Maipo)"                                                |
| VERSION_ID                      | "7.9"                                                        |
| cpu                             | Intel(R) Xeon(R) CPU E5-2680 v3 @ 2.50GHz                    |
| cpu_cores                       | 24                                                           |
| cpu_count                       | 24                                                           |
| cpu_threads                     | 24                                                           |
| date                            | 2022-11-19 23:25:24.669474                                   |
| frequency                       | scpufreq(current=1.5112500000000002, min=1200.0, max=3300.0) |
| mem.active                      | 17.3 GiB                                                     |
| mem.available                   | 222.8 GiB                                                    |
| mem.free                        | 211.1 GiB                                                    |
| mem.inactive                    | 10.6 GiB                                                     |
| mem.percent                     | 11.3 %                                                       |
| mem.total                       | 251.1 GiB                                                    |
| mem.used                        | 20.6 GiB                                                     |
| platform.version                | #1 SMP Tue Jul 26 14:15:37 UTC 2022                          |
| python                          | 3.9.8 (main, Feb  8 2022, 08:35:13)                          |
|                                 | [GCC 6.3.0]                                                  |
| python.pip                      | 22.2.2                                                       |
| python.version                  | 3.9.8                                                        |
| sys.platform                    | linux                                                        |
| uname.machine                   | x86_64                                                       |
| uname.node                      | c8                                                           |
| uname.processor                 | x86_64                                                       |
| uname.release                   | 3.10.0-1160.76.1.el7.x86_64                                  |
| uname.system                    | Linux                                                        |
| uname.version                   | #1 SMP Tue Jul 26 14:15:37 UTC 2022                          |
| user                            | haiyang                                                      |
+---------------------------------+--------------------------------------------------------------+

+---------------+----------+--------+-------+---------------------+------------------------------------------------------------------------------------------------------------------+-------+--------+---------+-------+-------------------------------------+
| Name          | Status   |   Time |   Sum | Start               | tag                                                                                                              | msg   | Node   | User    | OS    | Version                             |
|---------------+----------+--------+-------+---------------------+------------------------------------------------------------------------------------------------------------------+-------+--------+---------+-------+-------------------------------------|
| mpi-mergesort | ok       |  0.548 | 0.548 | 2022-11-19 23:25:24 | {'user': 'alex', 'node': 'v100', 'debug': False, 'size': 500000, 'subsort': 'mp', 'sort': 'mpi', 'c': 4, 'p': 8} |       | c8     | haiyang | Linux | #1 SMP Tue Jul 26 14:15:37 UTC 2022 |
| mpi-generate  | ok       |  0.004 | 0.004 | 2022-11-19 23:25:24 | {'user': 'alex', 'node': 'v100', 'debug': False, 'size': 500000, 'subsort': 'mp', 'sort': 'mpi', 'c': 4, 'p': 8} |       | c8     | haiyang | Linux | #1 SMP Tue Jul 26 14:15:37 UTC 2022 |
+---------------+----------+--------+-------+---------------------+------------------------------------------------------------------------------------------------------------------+-------+--------+---------+-------+-------------------------------------+
# csv,timer,status,time,sum,start,tag,msg,uname.node,user,uname.system,platform.version
# csv,mpi-mergesort,ok,0.548,0.548,2022-11-19 23:25:24,{'user': 'alex', 'node': 'v100', 'debug': False, 'size': 500000, 'subsort': 'mp', 'sort': 'mpi', 'c': 4, 'p': 8},None,c8,haiyang,Linux,#1 SMP Tue Jul 26 14:15:37 UTC 2022
# csv,mpi-generate,ok,0.004,0.004,2022-11-19 23:25:24,{'user': 'alex', 'node': 'v100', 'debug': False, 'size': 500000, 'subsort': 'mp', 'sort': 'mpi', 'c': 4, 'p': 8},None,c8,haiyang,Linux,#1 SMP Tue Jul 26 14:15:37 UTC 2022


+---------------------------------+--------------------------------------------------------------+
| Attribute                       | Value                                                        |
|---------------------------------+--------------------------------------------------------------|
| ANSI_COLOR                      | "0;31"                                                       |
| BUG_REPORT_URL                  | "https://bugzilla.redhat.com/"                               |
| CPE_NAME                        | "cpe:/o:redhat:enterprise_linux:7.9:GA:server"               |
| HOME_URL                        | "https://www.redhat.com/"                                    |
| ID                              | "rhel"                                                       |
| ID_LIKE                         | "fedora"                                                     |
| NAME                            | "Red Hat Enterprise Linux Server"                            |
| PRETTY_NAME                     | "Red Hat Enterprise Linux Server 7.9 (Maipo)"                |
| REDHAT_BUGZILLA_PRODUCT         | "Red Hat Enterprise Linux 7"                                 |
| REDHAT_BUGZILLA_PRODUCT_VERSION | 7.9                                                          |
| REDHAT_SUPPORT_PRODUCT          | "Red Hat Enterprise Linux"                                   |
| REDHAT_SUPPORT_PRODUCT_VERSION  | "7.9"                                                        |
| VARIANT                         | "Server"                                                     |
| VARIANT_ID                      | "server"                                                     |
| VERSION                         | "7.9 (Maipo)"                                                |
| VERSION_ID                      | "7.9"                                                        |
| cpu                             | Intel(R) Xeon(R) CPU E5-2680 v3 @ 2.50GHz                    |
| cpu_cores                       | 24                                                           |
| cpu_count                       | 24                                                           |
| cpu_threads                     | 24                                                           |
| date                            | 2022-11-19 23:25:27.981231                                   |
| frequency                       | scpufreq(current=1.5330416666666669, min=1200.0, max=3300.0) |
| mem.active                      | 17.4 GiB                                                     |
| mem.available                   | 222.7 GiB                                                    |
| mem.free                        | 211.0 GiB                                                    |
| mem.inactive                    | 10.6 GiB                                                     |
| mem.percent                     | 11.3 %                                                       |
| mem.total                       | 251.1 GiB                                                    |
| mem.used                        | 20.7 GiB                                                     |
| platform.version                | #1 SMP Tue Jul 26 14:15:37 UTC 2022                          |
| python                          | 3.9.8 (main, Feb  8 2022, 08:35:13)                          |
|                                 | [GCC 6.3.0]                                                  |
| python.pip                      | 22.2.2                                                       |
| python.version                  | 3.9.8                                                        |
| sys.platform                    | linux                                                        |
| uname.machine                   | x86_64                                                       |
| uname.node                      | c8                                                           |
| uname.processor                 | x86_64                                                       |
| uname.release                   | 3.10.0-1160.76.1.el7.x86_64                                  |
| uname.system                    | Linux                                                        |
| uname.version                   | #1 SMP Tue Jul 26 14:15:37 UTC 2022                          |
| user                            | haiyang                                                      |
+---------------------------------+--------------------------------------------------------------+

+---------------+----------+--------+-------+---------------------+------------------------------------------------------------------------------------------------------------------+-------+--------+---------+-------+-------------------------------------+
| Name          | Status   |   Time |   Sum | Start               | tag                                                                                                              | msg   | Node   | User    | OS    | Version                             |
|---------------+----------+--------+-------+---------------------+------------------------------------------------------------------------------------------------------------------+-------+--------+---------+-------+-------------------------------------|
| mpi-mergesort | ok       |  0.571 | 0.571 | 2022-11-19 23:25:27 | {'user': 'alex', 'node': 'v100', 'debug': False, 'size': 500000, 'subsort': 'mp', 'sort': 'mpi', 'c': 4, 'p': 8} |       | c8     | haiyang | Linux | #1 SMP Tue Jul 26 14:15:37 UTC 2022 |
| mpi-generate  | ok       |  0.004 | 0.004 | 2022-11-19 23:25:27 | {'user': 'alex', 'node': 'v100', 'debug': False, 'size': 500000, 'subsort': 'mp', 'sort': 'mpi', 'c': 4, 'p': 8} |       | c8     | haiyang | Linux | #1 SMP Tue Jul 26 14:15:37 UTC 2022 |
+---------------+----------+--------+-------+---------------------+------------------------------------------------------------------------------------------------------------------+-------+--------+---------+-------+-------------------------------------+
# csv,timer,status,time,sum,start,tag,msg,uname.node,user,uname.system,platform.version
# csv,mpi-mergesort,ok,0.571,0.571,2022-11-19 23:25:27,{'user': 'alex', 'node': 'v100', 'debug': False, 'size': 500000, 'subsort': 'mp', 'sort': 'mpi', 'c': 4, 'p': 8},None,c8,haiyang,Linux,#1 SMP Tue Jul 26 14:15:37 UTC 2022
# csv,mpi-generate,ok,0.004,0.004,2022-11-19 23:25:27,{'user': 'alex', 'node': 'v100', 'debug': False, 'size': 500000, 'subsort': 'mp', 'sort': 'mpi', 'c': 4, 'p': 8},None,c8,haiyang,Linux,#1 SMP Tue Jul 26 14:15:37 UTC 2022


+---------------------------------+--------------------------------------------------------------+
| Attribute                       | Value                                                        |
|---------------------------------+--------------------------------------------------------------|
| ANSI_COLOR                      | "0;31"                                                       |
| BUG_REPORT_URL                  | "https://bugzilla.redhat.com/"                               |
| CPE_NAME                        | "cpe:/o:redhat:enterprise_linux:7.9:GA:server"               |
| HOME_URL                        | "https://www.redhat.com/"                                    |
| ID                              | "rhel"                                                       |
| ID_LIKE                         | "fedora"                                                     |
| NAME                            | "Red Hat Enterprise Linux Server"                            |
| PRETTY_NAME                     | "Red Hat Enterprise Linux Server 7.9 (Maipo)"                |
| REDHAT_BUGZILLA_PRODUCT         | "Red Hat Enterprise Linux 7"                                 |
| REDHAT_BUGZILLA_PRODUCT_VERSION | 7.9                                                          |
| REDHAT_SUPPORT_PRODUCT          | "Red Hat Enterprise Linux"                                   |
| REDHAT_SUPPORT_PRODUCT_VERSION  | "7.9"                                                        |
| VARIANT                         | "Server"                                                     |
| VARIANT_ID                      | "server"                                                     |
| VERSION                         | "7.9 (Maipo)"                                                |
| VERSION_ID                      | "7.9"                                                        |
| cpu                             | Intel(R) Xeon(R) CPU E5-2680 v3 @ 2.50GHz                    |
| cpu_cores                       | 24                                                           |
| cpu_count                       | 24                                                           |
| cpu_threads                     | 24                                                           |
| date                            | 2022-11-19 23:25:31.382051                                   |
| frequency                       | scpufreq(current=1.5209166666666671, min=1200.0, max=3300.0) |
| mem.active                      | 17.3 GiB                                                     |
| mem.available                   | 222.8 GiB                                                    |
| mem.free                        | 211.0 GiB                                                    |
| mem.inactive                    | 10.6 GiB                                                     |
| mem.percent                     | 11.3 %                                                       |
| mem.total                       | 251.1 GiB                                                    |
| mem.used                        | 20.6 GiB                                                     |
| platform.version                | #1 SMP Tue Jul 26 14:15:37 UTC 2022                          |
| python                          | 3.9.8 (main, Feb  8 2022, 08:35:13)                          |
|                                 | [GCC 6.3.0]                                                  |
| python.pip                      | 22.2.2                                                       |
| python.version                  | 3.9.8                                                        |
| sys.platform                    | linux                                                        |
| uname.machine                   | x86_64                                                       |
| uname.node                      | c8                                                           |
| uname.processor                 | x86_64                                                       |
| uname.release                   | 3.10.0-1160.76.1.el7.x86_64                                  |
| uname.system                    | Linux                                                        |
| uname.version                   | #1 SMP Tue Jul 26 14:15:37 UTC 2022                          |
| user                            | haiyang                                                      |
+---------------------------------+--------------------------------------------------------------+

+---------------+----------+--------+-------+---------------------+------------------------------------------------------------------------------------------------------------------+-------+--------+---------+-------+-------------------------------------+
| Name          | Status   |   Time |   Sum | Start               | tag                                                                                                              | msg   | Node   | User    | OS    | Version                             |
|---------------+----------+--------+-------+---------------------+------------------------------------------------------------------------------------------------------------------+-------+--------+---------+-------+-------------------------------------|
| mpi-mergesort | ok       |  0.526 | 0.526 | 2022-11-19 23:25:30 | {'user': 'alex', 'node': 'v100', 'debug': False, 'size': 500000, 'subsort': 'mp', 'sort': 'mpi', 'c': 4, 'p': 8} |       | c8     | haiyang | Linux | #1 SMP Tue Jul 26 14:15:37 UTC 2022 |
| mpi-generate  | ok       |  0.004 | 0.004 | 2022-11-19 23:25:30 | {'user': 'alex', 'node': 'v100', 'debug': False, 'size': 500000, 'subsort': 'mp', 'sort': 'mpi', 'c': 4, 'p': 8} |       | c8     | haiyang | Linux | #1 SMP Tue Jul 26 14:15:37 UTC 2022 |
+---------------+----------+--------+-------+---------------------+------------------------------------------------------------------------------------------------------------------+-------+--------+---------+-------+-------------------------------------+
# csv,timer,status,time,sum,start,tag,msg,uname.node,user,uname.system,platform.version
# csv,mpi-mergesort,ok,0.526,0.526,2022-11-19 23:25:30,{'user': 'alex', 'node': 'v100', 'debug': False, 'size': 500000, 'subsort': 'mp', 'sort': 'mpi', 'c': 4, 'p': 8},None,c8,haiyang,Linux,#1 SMP Tue Jul 26 14:15:37 UTC 2022
# csv,mpi-generate,ok,0.004,0.004,2022-11-19 23:25:30,{'user': 'alex', 'node': 'v100', 'debug': False, 'size': 500000, 'subsort': 'mp', 'sort': 'mpi', 'c': 4, 'p': 8},None,c8,haiyang,Linux,#1 SMP Tue Jul 26 14:15:37 UTC 2022


+---------------------------------+--------------------------------------------------------------+
| Attribute                       | Value                                                        |
|---------------------------------+--------------------------------------------------------------|
| ANSI_COLOR                      | "0;31"                                                       |
| BUG_REPORT_URL                  | "https://bugzilla.redhat.com/"                               |
| CPE_NAME                        | "cpe:/o:redhat:enterprise_linux:7.9:GA:server"               |
| HOME_URL                        | "https://www.redhat.com/"                                    |
| ID                              | "rhel"                                                       |
| ID_LIKE                         | "fedora"                                                     |
| NAME                            | "Red Hat Enterprise Linux Server"                            |
| PRETTY_NAME                     | "Red Hat Enterprise Linux Server 7.9 (Maipo)"                |
| REDHAT_BUGZILLA_PRODUCT         | "Red Hat Enterprise Linux 7"                                 |
| REDHAT_BUGZILLA_PRODUCT_VERSION | 7.9                                                          |
| REDHAT_SUPPORT_PRODUCT          | "Red Hat Enterprise Linux"                                   |
| REDHAT_SUPPORT_PRODUCT_VERSION  | "7.9"                                                        |
| VARIANT                         | "Server"                                                     |
| VARIANT_ID                      | "server"                                                     |
| VERSION                         | "7.9 (Maipo)"                                                |
| VERSION_ID                      | "7.9"                                                        |
| cpu                             | Intel(R) Xeon(R) CPU E5-2680 v3 @ 2.50GHz                    |
| cpu_cores                       | 24                                                           |
| cpu_count                       | 24                                                           |
| cpu_threads                     | 24                                                           |
| date                            | 2022-11-19 23:25:34.937824                                   |
| frequency                       | scpufreq(current=1.5409583333333339, min=1200.0, max=3300.0) |
| mem.active                      | 17.3 GiB                                                     |
| mem.available                   | 222.7 GiB                                                    |
| mem.free                        | 211.0 GiB                                                    |
| mem.inactive                    | 10.6 GiB                                                     |
| mem.percent                     | 11.3 %                                                       |
| mem.total                       | 251.1 GiB                                                    |
| mem.used                        | 20.7 GiB                                                     |
| platform.version                | #1 SMP Tue Jul 26 14:15:37 UTC 2022                          |
| python                          | 3.9.8 (main, Feb  8 2022, 08:35:13)                          |
|                                 | [GCC 6.3.0]                                                  |
| python.pip                      | 22.2.2                                                       |
| python.version                  | 3.9.8                                                        |
| sys.platform                    | linux                                                        |
| uname.machine                   | x86_64                                                       |
| uname.node                      | c8                                                           |
| uname.processor                 | x86_64                                                       |
| uname.release                   | 3.10.0-1160.76.1.el7.x86_64                                  |
| uname.system                    | Linux                                                        |
| uname.version                   | #1 SMP Tue Jul 26 14:15:37 UTC 2022                          |
| user                            | haiyang                                                      |
+---------------------------------+--------------------------------------------------------------+

+---------------+----------+--------+-------+---------------------+------------------------------------------------------------------------------------------------------------------+-------+--------+---------+-------+-------------------------------------+
| Name          | Status   |   Time |   Sum | Start               | tag                                                                                                              | msg   | Node   | User    | OS    | Version                             |
|---------------+----------+--------+-------+---------------------+------------------------------------------------------------------------------------------------------------------+-------+--------+---------+-------+-------------------------------------|
| mpi-mergesort | ok       |  0.803 | 0.803 | 2022-11-19 23:25:34 | {'user': 'alex', 'node': 'v100', 'debug': False, 'size': 500000, 'subsort': 'mp', 'sort': 'mpi', 'c': 4, 'p': 8} |       | c8     | haiyang | Linux | #1 SMP Tue Jul 26 14:15:37 UTC 2022 |
| mpi-generate  | ok       |  0.004 | 0.004 | 2022-11-19 23:25:34 | {'user': 'alex', 'node': 'v100', 'debug': False, 'size': 500000, 'subsort': 'mp', 'sort': 'mpi', 'c': 4, 'p': 8} |       | c8     | haiyang | Linux | #1 SMP Tue Jul 26 14:15:37 UTC 2022 |
+---------------+----------+--------+-------+---------------------+------------------------------------------------------------------------------------------------------------------+-------+--------+---------+-------+-------------------------------------+
# csv,timer,status,time,sum,start,tag,msg,uname.node,user,uname.system,platform.version
# csv,mpi-mergesort,ok,0.803,0.803,2022-11-19 23:25:34,{'user': 'alex', 'node': 'v100', 'debug': False, 'size': 500000, 'subsort': 'mp', 'sort': 'mpi', 'c': 4, 'p': 8},None,c8,haiyang,Linux,#1 SMP Tue Jul 26 14:15:37 UTC 2022
# csv,mpi-generate,ok,0.004,0.004,2022-11-19 23:25:34,{'user': 'alex', 'node': 'v100', 'debug': False, 'size': 500000, 'subsort': 'mp', 'sort': 'mpi', 'c': 4, 'p': 8},None,c8,haiyang,Linux,#1 SMP Tue Jul 26 14:15:37 UTC 2022


+---------------------------------+----------------------------------------------------+
| Attribute                       | Value                                              |
|---------------------------------+----------------------------------------------------|
| ANSI_COLOR                      | "0;31"                                             |
| BUG_REPORT_URL                  | "https://bugzilla.redhat.com/"                     |
| CPE_NAME                        | "cpe:/o:redhat:enterprise_linux:7.9:GA:server"     |
| HOME_URL                        | "https://www.redhat.com/"                          |
| ID                              | "rhel"                                             |
| ID_LIKE                         | "fedora"                                           |
| NAME                            | "Red Hat Enterprise Linux Server"                  |
| PRETTY_NAME                     | "Red Hat Enterprise Linux Server 7.9 (Maipo)"      |
| REDHAT_BUGZILLA_PRODUCT         | "Red Hat Enterprise Linux 7"                       |
| REDHAT_BUGZILLA_PRODUCT_VERSION | 7.9                                                |
| REDHAT_SUPPORT_PRODUCT          | "Red Hat Enterprise Linux"                         |
| REDHAT_SUPPORT_PRODUCT_VERSION  | "7.9"                                              |
| VARIANT                         | "Server"                                           |
| VARIANT_ID                      | "server"                                           |
| VERSION                         | "7.9 (Maipo)"                                      |
| VERSION_ID                      | "7.9"                                              |
| cpu                             | Intel(R) Xeon(R) CPU E5-2680 v3 @ 2.50GHz          |
| cpu_cores                       | 24                                                 |
| cpu_count                       | 24                                                 |
| cpu_threads                     | 24                                                 |
| date                            | 2022-11-19 23:25:38.213202                         |
| frequency                       | scpufreq(current=1.548875, min=1200.0, max=3300.0) |
| mem.active                      | 17.3 GiB                                           |
| mem.available                   | 222.8 GiB                                          |
| mem.free                        | 211.1 GiB                                          |
| mem.inactive                    | 10.6 GiB                                           |
| mem.percent                     | 11.3 %                                             |
| mem.total                       | 251.1 GiB                                          |
| mem.used                        | 20.6 GiB                                           |
| platform.version                | #1 SMP Tue Jul 26 14:15:37 UTC 2022                |
| python                          | 3.9.8 (main, Feb  8 2022, 08:35:13)                |
|                                 | [GCC 6.3.0]                                        |
| python.pip                      | 22.2.2                                             |
| python.version                  | 3.9.8                                              |
| sys.platform                    | linux                                              |
| uname.machine                   | x86_64                                             |
| uname.node                      | c8                                                 |
| uname.processor                 | x86_64                                             |
| uname.release                   | 3.10.0-1160.76.1.el7.x86_64                        |
| uname.system                    | Linux                                              |
| uname.version                   | #1 SMP Tue Jul 26 14:15:37 UTC 2022                |
| user                            | haiyang                                            |
+---------------------------------+----------------------------------------------------+

+---------------+----------+--------+-------+---------------------+------------------------------------------------------------------------------------------------------------------+-------+--------+---------+-------+-------------------------------------+
| Name          | Status   |   Time |   Sum | Start               | tag                                                                                                              | msg   | Node   | User    | OS    | Version                             |
|---------------+----------+--------+-------+---------------------+------------------------------------------------------------------------------------------------------------------+-------+--------+---------+-------+-------------------------------------|
| mpi-mergesort | ok       |  0.598 | 0.598 | 2022-11-19 23:25:37 | {'user': 'alex', 'node': 'v100', 'debug': False, 'size': 500000, 'subsort': 'mp', 'sort': 'mpi', 'c': 4, 'p': 8} |       | c8     | haiyang | Linux | #1 SMP Tue Jul 26 14:15:37 UTC 2022 |
| mpi-generate  | ok       |  0.004 | 0.004 | 2022-11-19 23:25:37 | {'user': 'alex', 'node': 'v100', 'debug': False, 'size': 500000, 'subsort': 'mp', 'sort': 'mpi', 'c': 4, 'p': 8} |       | c8     | haiyang | Linux | #1 SMP Tue Jul 26 14:15:37 UTC 2022 |
+---------------+----------+--------+-------+---------------------+------------------------------------------------------------------------------------------------------------------+-------+--------+---------+-------+-------------------------------------+
# csv,timer,status,time,sum,start,tag,msg,uname.node,user,uname.system,platform.version
# csv,mpi-mergesort,ok,0.598,0.598,2022-11-19 23:25:37,{'user': 'alex', 'node': 'v100', 'debug': False, 'size': 500000, 'subsort': 'mp', 'sort': 'mpi', 'c': 4, 'p': 8},None,c8,haiyang,Linux,#1 SMP Tue Jul 26 14:15:37 UTC 2022
# csv,mpi-generate,ok,0.004,0.004,2022-11-19 23:25:37,{'user': 'alex', 'node': 'v100', 'debug': False, 'size': 500000, 'subsort': 'mp', 'sort': 'mpi', 'c': 4, 'p': 8},None,c8,haiyang,Linux,#1 SMP Tue Jul 26 14:15:37 UTC 2022


+---------------------------------+--------------------------------------------------------------+
| Attribute                       | Value                                                        |
|---------------------------------+--------------------------------------------------------------|
| ANSI_COLOR                      | "0;31"                                                       |
| BUG_REPORT_URL                  | "https://bugzilla.redhat.com/"                               |
| CPE_NAME                        | "cpe:/o:redhat:enterprise_linux:7.9:GA:server"               |
| HOME_URL                        | "https://www.redhat.com/"                                    |
| ID                              | "rhel"                                                       |
| ID_LIKE                         | "fedora"                                                     |
| NAME                            | "Red Hat Enterprise Linux Server"                            |
| PRETTY_NAME                     | "Red Hat Enterprise Linux Server 7.9 (Maipo)"                |
| REDHAT_BUGZILLA_PRODUCT         | "Red Hat Enterprise Linux 7"                                 |
| REDHAT_BUGZILLA_PRODUCT_VERSION | 7.9                                                          |
| REDHAT_SUPPORT_PRODUCT          | "Red Hat Enterprise Linux"                                   |
| REDHAT_SUPPORT_PRODUCT_VERSION  | "7.9"                                                        |
| VARIANT                         | "Server"                                                     |
| VARIANT_ID                      | "server"                                                     |
| VERSION                         | "7.9 (Maipo)"                                                |
| VERSION_ID                      | "7.9"                                                        |
| cpu                             | Intel(R) Xeon(R) CPU E5-2680 v3 @ 2.50GHz                    |
| cpu_cores                       | 24                                                           |
| cpu_count                       | 24                                                           |
| cpu_threads                     | 24                                                           |
| date                            | 2022-11-19 23:25:41.523571                                   |
| frequency                       | scpufreq(current=1.5374583333333334, min=1200.0, max=3300.0) |
| mem.active                      | 17.4 GiB                                                     |
| mem.available                   | 222.7 GiB                                                    |
| mem.free                        | 210.9 GiB                                                    |
| mem.inactive                    | 10.6 GiB                                                     |
| mem.percent                     | 11.3 %                                                       |
| mem.total                       | 251.1 GiB                                                    |
| mem.used                        | 20.7 GiB                                                     |
| platform.version                | #1 SMP Tue Jul 26 14:15:37 UTC 2022                          |
| python                          | 3.9.8 (main, Feb  8 2022, 08:35:13)                          |
|                                 | [GCC 6.3.0]                                                  |
| python.pip                      | 22.2.2                                                       |
| python.version                  | 3.9.8                                                        |
| sys.platform                    | linux                                                        |
| uname.machine                   | x86_64                                                       |
| uname.node                      | c8                                                           |
| uname.processor                 | x86_64                                                       |
| uname.release                   | 3.10.0-1160.76.1.el7.x86_64                                  |
| uname.system                    | Linux                                                        |
| uname.version                   | #1 SMP Tue Jul 26 14:15:37 UTC 2022                          |
| user                            | haiyang                                                      |
+---------------------------------+--------------------------------------------------------------+

+---------------+----------+--------+-------+---------------------+------------------------------------------------------------------------------------------------------------------+-------+--------+---------+-------+-------------------------------------+
| Name          | Status   |   Time |   Sum | Start               | tag                                                                                                              | msg   | Node   | User    | OS    | Version                             |
|---------------+----------+--------+-------+---------------------+------------------------------------------------------------------------------------------------------------------+-------+--------+---------+-------+-------------------------------------|
| mpi-mergesort | ok       |  0.582 | 0.582 | 2022-11-19 23:25:40 | {'user': 'alex', 'node': 'v100', 'debug': False, 'size': 500000, 'subsort': 'mp', 'sort': 'mpi', 'c': 4, 'p': 8} |       | c8     | haiyang | Linux | #1 SMP Tue Jul 26 14:15:37 UTC 2022 |
| mpi-generate  | ok       |  0.004 | 0.004 | 2022-11-19 23:25:40 | {'user': 'alex', 'node': 'v100', 'debug': False, 'size': 500000, 'subsort': 'mp', 'sort': 'mpi', 'c': 4, 'p': 8} |       | c8     | haiyang | Linux | #1 SMP Tue Jul 26 14:15:37 UTC 2022 |
+---------------+----------+--------+-------+---------------------+------------------------------------------------------------------------------------------------------------------+-------+--------+---------+-------+-------------------------------------+
# csv,timer,status,time,sum,start,tag,msg,uname.node,user,uname.system,platform.version
# csv,mpi-mergesort,ok,0.582,0.582,2022-11-19 23:25:40,{'user': 'alex', 'node': 'v100', 'debug': False, 'size': 500000, 'subsort': 'mp', 'sort': 'mpi', 'c': 4, 'p': 8},None,c8,haiyang,Linux,#1 SMP Tue Jul 26 14:15:37 UTC 2022
# csv,mpi-generate,ok,0.004,0.004,2022-11-19 23:25:40,{'user': 'alex', 'node': 'v100', 'debug': False, 'size': 500000, 'subsort': 'mp', 'sort': 'mpi', 'c': 4, 'p': 8},None,c8,haiyang,Linux,#1 SMP Tue Jul 26 14:15:37 UTC 2022


+---------------------------------+--------------------------------------------------+
| Attribute                       | Value                                            |
|---------------------------------+--------------------------------------------------|
| ANSI_COLOR                      | "0;31"                                           |
| BUG_REPORT_URL                  | "https://bugzilla.redhat.com/"                   |
| CPE_NAME                        | "cpe:/o:redhat:enterprise_linux:7.9:GA:server"   |
| HOME_URL                        | "https://www.redhat.com/"                        |
| ID                              | "rhel"                                           |
| ID_LIKE                         | "fedora"                                         |
| NAME                            | "Red Hat Enterprise Linux Server"                |
| PRETTY_NAME                     | "Red Hat Enterprise Linux Server 7.9 (Maipo)"    |
| REDHAT_BUGZILLA_PRODUCT         | "Red Hat Enterprise Linux 7"                     |
| REDHAT_BUGZILLA_PRODUCT_VERSION | 7.9                                              |
| REDHAT_SUPPORT_PRODUCT          | "Red Hat Enterprise Linux"                       |
| REDHAT_SUPPORT_PRODUCT_VERSION  | "7.9"                                            |
| VARIANT                         | "Server"                                         |
| VARIANT_ID                      | "server"                                         |
| VERSION                         | "7.9 (Maipo)"                                    |
| VERSION_ID                      | "7.9"                                            |
| cpu                             | Intel(R) Xeon(R) CPU E5-2680 v3 @ 2.50GHz        |
| cpu_cores                       | 24                                               |
| cpu_count                       | 24                                               |
| cpu_threads                     | 24                                               |
| date                            | 2022-11-19 23:25:44.803332                       |
| frequency                       | scpufreq(current=1.5415, min=1200.0, max=3300.0) |
| mem.active                      | 17.3 GiB                                         |
| mem.available                   | 222.7 GiB                                        |
| mem.free                        | 211.0 GiB                                        |
| mem.inactive                    | 10.6 GiB                                         |
| mem.percent                     | 11.3 %                                           |
| mem.total                       | 251.1 GiB                                        |
| mem.used                        | 20.6 GiB                                         |
| platform.version                | #1 SMP Tue Jul 26 14:15:37 UTC 2022              |
| python                          | 3.9.8 (main, Feb  8 2022, 08:35:13)              |
|                                 | [GCC 6.3.0]                                      |
| python.pip                      | 22.2.2                                           |
| python.version                  | 3.9.8                                            |
| sys.platform                    | linux                                            |
| uname.machine                   | x86_64                                           |
| uname.node                      | c8                                               |
| uname.processor                 | x86_64                                           |
| uname.release                   | 3.10.0-1160.76.1.el7.x86_64                      |
| uname.system                    | Linux                                            |
| uname.version                   | #1 SMP Tue Jul 26 14:15:37 UTC 2022              |
| user                            | haiyang                                          |
+---------------------------------+--------------------------------------------------+

+---------------+----------+--------+-------+---------------------+------------------------------------------------------------------------------------------------------------------+-------+--------+---------+-------+-------------------------------------+
| Name          | Status   |   Time |   Sum | Start               | tag                                                                                                              | msg   | Node   | User    | OS    | Version                             |
|---------------+----------+--------+-------+---------------------+------------------------------------------------------------------------------------------------------------------+-------+--------+---------+-------+-------------------------------------|
| mpi-mergesort | ok       |  0.527 | 0.527 | 2022-11-19 23:25:44 | {'user': 'alex', 'node': 'v100', 'debug': False, 'size': 500000, 'subsort': 'mp', 'sort': 'mpi', 'c': 4, 'p': 8} |       | c8     | haiyang | Linux | #1 SMP Tue Jul 26 14:15:37 UTC 2022 |
| mpi-generate  | ok       |  0.004 | 0.004 | 2022-11-19 23:25:44 | {'user': 'alex', 'node': 'v100', 'debug': False, 'size': 500000, 'subsort': 'mp', 'sort': 'mpi', 'c': 4, 'p': 8} |       | c8     | haiyang | Linux | #1 SMP Tue Jul 26 14:15:37 UTC 2022 |
+---------------+----------+--------+-------+---------------------+------------------------------------------------------------------------------------------------------------------+-------+--------+---------+-------+-------------------------------------+
# csv,timer,status,time,sum,start,tag,msg,uname.node,user,uname.system,platform.version
# csv,mpi-mergesort,ok,0.527,0.527,2022-11-19 23:25:44,{'user': 'alex', 'node': 'v100', 'debug': False, 'size': 500000, 'subsort': 'mp', 'sort': 'mpi', 'c': 4, 'p': 8},None,c8,haiyang,Linux,#1 SMP Tue Jul 26 14:15:37 UTC 2022
# csv,mpi-generate,ok,0.004,0.004,2022-11-19 23:25:44,{'user': 'alex', 'node': 'v100', 'debug': False, 'size': 500000, 'subsort': 'mp', 'sort': 'mpi', 'c': 4, 'p': 8},None,c8,haiyang,Linux,#1 SMP Tue Jul 26 14:15:37 UTC 2022


+---------------------------------+--------------------------------------------------------------+
| Attribute                       | Value                                                        |
|---------------------------------+--------------------------------------------------------------|
| ANSI_COLOR                      | "0;31"                                                       |
| BUG_REPORT_URL                  | "https://bugzilla.redhat.com/"                               |
| CPE_NAME                        | "cpe:/o:redhat:enterprise_linux:7.9:GA:server"               |
| HOME_URL                        | "https://www.redhat.com/"                                    |
| ID                              | "rhel"                                                       |
| ID_LIKE                         | "fedora"                                                     |
| NAME                            | "Red Hat Enterprise Linux Server"                            |
| PRETTY_NAME                     | "Red Hat Enterprise Linux Server 7.9 (Maipo)"                |
| REDHAT_BUGZILLA_PRODUCT         | "Red Hat Enterprise Linux 7"                                 |
| REDHAT_BUGZILLA_PRODUCT_VERSION | 7.9                                                          |
| REDHAT_SUPPORT_PRODUCT          | "Red Hat Enterprise Linux"                                   |
| REDHAT_SUPPORT_PRODUCT_VERSION  | "7.9"                                                        |
| VARIANT                         | "Server"                                                     |
| VARIANT_ID                      | "server"                                                     |
| VERSION                         | "7.9 (Maipo)"                                                |
| VERSION_ID                      | "7.9"                                                        |
| cpu                             | Intel(R) Xeon(R) CPU E5-2680 v3 @ 2.50GHz                    |
| cpu_cores                       | 24                                                           |
| cpu_count                       | 24                                                           |
| cpu_threads                     | 24                                                           |
| date                            | 2022-11-19 23:25:48.065089                                   |
| frequency                       | scpufreq(current=1.5408333333333335, min=1200.0, max=3300.0) |
| mem.active                      | 17.4 GiB                                                     |
| mem.available                   | 222.6 GiB                                                    |
| mem.free                        | 210.9 GiB                                                    |
| mem.inactive                    | 10.6 GiB                                                     |
| mem.percent                     | 11.3 %                                                       |
| mem.total                       | 251.1 GiB                                                    |
| mem.used                        | 20.8 GiB                                                     |
| platform.version                | #1 SMP Tue Jul 26 14:15:37 UTC 2022                          |
| python                          | 3.9.8 (main, Feb  8 2022, 08:35:13)                          |
|                                 | [GCC 6.3.0]                                                  |
| python.pip                      | 22.2.2                                                       |
| python.version                  | 3.9.8                                                        |
| sys.platform                    | linux                                                        |
| uname.machine                   | x86_64                                                       |
| uname.node                      | c8                                                           |
| uname.processor                 | x86_64                                                       |
| uname.release                   | 3.10.0-1160.76.1.el7.x86_64                                  |
| uname.system                    | Linux                                                        |
| uname.version                   | #1 SMP Tue Jul 26 14:15:37 UTC 2022                          |
| user                            | haiyang                                                      |
+---------------------------------+--------------------------------------------------------------+

+---------------+----------+--------+-------+---------------------+------------------------------------------------------------------------------------------------------------------+-------+--------+---------+-------+-------------------------------------+
| Name          | Status   |   Time |   Sum | Start               | tag                                                                                                              | msg   | Node   | User    | OS    | Version                             |
|---------------+----------+--------+-------+---------------------+------------------------------------------------------------------------------------------------------------------+-------+--------+---------+-------+-------------------------------------|
| mpi-mergesort | ok       |  0.572 | 0.572 | 2022-11-19 23:25:47 | {'user': 'alex', 'node': 'v100', 'debug': False, 'size': 500000, 'subsort': 'mp', 'sort': 'mpi', 'c': 4, 'p': 8} |       | c8     | haiyang | Linux | #1 SMP Tue Jul 26 14:15:37 UTC 2022 |
| mpi-generate  | ok       |  0.004 | 0.004 | 2022-11-19 23:25:47 | {'user': 'alex', 'node': 'v100', 'debug': False, 'size': 500000, 'subsort': 'mp', 'sort': 'mpi', 'c': 4, 'p': 8} |       | c8     | haiyang | Linux | #1 SMP Tue Jul 26 14:15:37 UTC 2022 |
+---------------+----------+--------+-------+---------------------+------------------------------------------------------------------------------------------------------------------+-------+--------+---------+-------+-------------------------------------+
# csv,timer,status,time,sum,start,tag,msg,uname.node,user,uname.system,platform.version
# csv,mpi-mergesort,ok,0.572,0.572,2022-11-19 23:25:47,{'user': 'alex', 'node': 'v100', 'debug': False, 'size': 500000, 'subsort': 'mp', 'sort': 'mpi', 'c': 4, 'p': 8},None,c8,haiyang,Linux,#1 SMP Tue Jul 26 14:15:37 UTC 2022
# csv,mpi-generate,ok,0.004,0.004,2022-11-19 23:25:47,{'user': 'alex', 'node': 'v100', 'debug': False, 'size': 500000, 'subsort': 'mp', 'sort': 'mpi', 'c': 4, 'p': 8},None,c8,haiyang,Linux,#1 SMP Tue Jul 26 14:15:37 UTC 2022

