Starting experiment
Processes: 4
Cores:     1
Size:      10000000
Repeat:    10
Debug:     False
Sort:      MPI
Algorithm: sorted
Tag:       None
Total:     10
Experiment 9         : size=10000000 processes=4 cores=1 repeat=0 last_time=undefined                     
Experiment 8         : size=10000000 processes=4 cores=1 repeat=1 last_time=undefined                     
Experiment 7         : size=10000000 processes=4 cores=1 repeat=2 last_time=undefined                     
Experiment 6         : size=10000000 processes=4 cores=1 repeat=3 last_time=undefined                     
Experiment 5         : size=10000000 processes=4 cores=1 repeat=4 last_time=undefined                     
Experiment 4         : size=10000000 processes=4 cores=1 repeat=5 last_time=undefined                     
Experiment 3         : size=10000000 processes=4 cores=1 repeat=6 last_time=undefined                     
Experiment 2         : size=10000000 processes=4 cores=1 repeat=7 last_time=undefined                     
Experiment 1         : size=10000000 processes=4 cores=1 repeat=8 last_time=undefined                     
Experiment 0         : size=10000000 processes=4 cores=1 repeat=9 last_time=undefined                     
                |
| PRETTY_NAME                     | "Red Hat Enterprise Linux Server 7.9 (Maipo)"               |
| REDHAT_BUGZILLA_PRODUCT         | "Red Hat Enterprise Linux 7"                                |
| REDHAT_BUGZILLA_PRODUCT_VERSION | 7.9                                                         |
| REDHAT_SUPPORT_PRODUCT          | "Red Hat Enterprise Linux"                                  |
| REDHAT_SUPPORT_PRODUCT_VERSION  | "7.9"                                                       |
| VARIANT                         | "Server"                                                    |
| VARIANT_ID                      | "server"                                                    |
| VERSION                         | "7.9 (Maipo)"                                               |
| VERSION_ID                      | "7.9"                                                       |
| cpu                             | Intel(R) Xeon(R) CPU E5-2680 v3 @ 2.50GHz                   |
| cpu_cores                       | 24                                                          |
| cpu_count                       | 24                                                          |
| cpu_threads                     | 24                                                          |
| date                            | 2022-11-19 20:35:47.184034                                  |
| frequency                       | scpufreq(current=2.576416666666667, min=1200.0, max=3300.0) |
| mem.active                      | 90.1 GiB                                                    |
| mem.available                   | 170.0 GiB                                                   |
| mem.free                        | 132.5 GiB                                                   |
| mem.inactive                    | 12.2 GiB                                                    |
| mem.percent                     | 32.3 %                                                      |
| mem.total                       | 251.1 GiB                                                   |
| mem.used                        | 73.5 GiB                                                    |
| platform.version                | #1 SMP Tue Jul 26 14:15:37 UTC 2022                         |
| python                          | 3.9.8 (main, Feb  8 2022, 08:35:13)                         |
|                                 | [GCC 6.3.0]                                                 |
| python.pip                      | 22.2.2                                                      |
| python.version                  | 3.9.8                                                       |
| sys.platform                    | linux                                                       |
| uname.machine                   | x86_64                                                      |
| uname.node                      | c14                                                         |
| uname.processor                 | x86_64                                                      |
| uname.release                   | 3.10.0-1160.76.1.el7.x86_64                                 |
| uname.system                    | Linux                                                       |
| uname.version                   | #1 SMP Tue Jul 26 14:15:37 UTC 2022                         |
| user                            | haiyang                                                     |
+---------------------------------+-------------------------------------------------------------+

+---------------+----------+--------+-------+---------------------+------------------------------------------------------------------------------------------------------------------------+-------+--------+---------+-------+-------------------------------------+
| Name          | Status   |   Time |   Sum | Start               | tag                                                                                                                    | msg   | Node   | User    | OS    | Version                             |
|---------------+----------+--------+-------+---------------------+------------------------------------------------------------------------------------------------------------------------+-------+--------+---------+-------+-------------------------------------|
| mpi-mergesort | ok       |  4.56  | 4.56  | 2022-11-19 20:35:42 | {'user': 'alex', 'node': 'v100', 'debug': False, 'size': 10000000, 'subsort': 'sorted', 'sort': 'mpi', 'c': 1, 'p': 4} |       | c14    | haiyang | Linux | #1 SMP Tue Jul 26 14:15:37 UTC 2022 |
| mpi-generate  | ok       |  0.173 | 0.173 | 2022-11-19 20:35:42 | {'user': 'alex', 'node': 'v100', 'debug': False, 'size': 10000000, 'subsort': 'sorted', 'sort': 'mpi', 'c': 1, 'p': 4} |       | c14    | haiyang | Linux | #1 SMP Tue Jul 26 14:15:37 UTC 2022 |
+---------------+----------+--------+-------+---------------------+------------------------------------------------------------------------------------------------------------------------+-------+--------+---------+-------+-------------------------------------+
# csv,timer,status,time,sum,start,tag,msg,uname.node,user,uname.system,platform.version
# csv,mpi-mergesort,ok,4.56,4.56,2022-11-19 20:35:42,{'user': 'alex', 'node': 'v100', 'debug': False, 'size': 10000000, 'subsort': 'sorted', 'sort': 'mpi', 'c': 1, 'p': 4},None,c14,haiyang,Linux,#1 SMP Tue Jul 26 14:15:37 UTC 2022
# csv,mpi-generate,ok,0.173,0.173,2022-11-19 20:35:42,{'user': 'alex', 'node': 'v100', 'debug': False, 'size': 10000000, 'subsort': 'sorted', 'sort': 'mpi', 'c': 1, 'p': 4},None,c14,haiyang,Linux,#1 SMP Tue Jul 26 14:15:37 UTC 2022


+---------------------------------+-------------------------------------------------------------+
| Attribute                       | Value                                                       |
|---------------------------------+-------------------------------------------------------------|
| ANSI_COLOR                      | "0;31"                                                      |
| BUG_REPORT_URL                  | "https://bugzilla.redhat.com/"                              |
| CPE_NAME                        | "cpe:/o:redhat:enterprise_linux:7.9:GA:server"              |
| HOME_URL                        | "https://www.redhat.com/"                                   |
| ID                              | "rhel"                                                      |
| ID_LIKE                         | "fedora"                                                    |
| NAME                            | "Red Hat Enterprise Linux Server"                           |
| PRETTY_NAME                     | "Red Hat Enterprise Linux Server 7.9 (Maipo)"               |
| REDHAT_BUGZILLA_PRODUCT         | "Red Hat Enterprise Linux 7"                                |
| REDHAT_BUGZILLA_PRODUCT_VERSION | 7.9                                                         |
| REDHAT_SUPPORT_PRODUCT          | "Red Hat Enterprise Linux"                                  |
| REDHAT_SUPPORT_PRODUCT_VERSION  | "7.9"                                                       |
| VARIANT                         | "Server"                                                    |
| VARIANT_ID                      | "server"                                                    |
| VERSION                         | "7.9 (Maipo)"                                               |
| VERSION_ID                      | "7.9"                                                       |
| cpu                             | Intel(R) Xeon(R) CPU E5-2680 v3 @ 2.50GHz                   |
| cpu_cores                       | 24                                                          |
| cpu_count                       | 24                                                          |
| cpu_threads                     | 24                                                          |
| date                            | 2022-11-19 20:35:55.740214                                  |
| frequency                       | scpufreq(current=2.265083333333333, min=1200.0, max=3300.0) |
| mem.active                      | 80.5 GiB                                                    |
| mem.available                   | 179.0 GiB                                                   |
| mem.free                        | 136.7 GiB                                                   |
| mem.inactive                    | 17.2 GiB                                                    |
| mem.percent                     | 28.7 %                                                      |
| mem.total                       | 251.1 GiB                                                   |
| mem.used                        | 64.4 GiB                                                    |
| platform.version                | #1 SMP Tue Jul 26 14:15:37 UTC 2022                         |
| python                          | 3.9.8 (main, Feb  8 2022, 08:35:13)                         |
|                                 | [GCC 6.3.0]                                                 |
| python.pip                      | 22.2.2                                                      |
| python.version                  | 3.9.8                                                       |
| sys.platform                    | linux                                                       |
| uname.machine                   | x86_64                                                      |
| uname.node                      | c14                                                         |
| uname.processor                 | x86_64                                                      |
| uname.release                   | 3.10.0-1160.76.1.el7.x86_64                                 |
| uname.system                    | Linux                                                       |
| uname.version                   | #1 SMP Tue Jul 26 14:15:37 UTC 2022                         |
| user                            | haiyang                                                     |
+---------------------------------+-------------------------------------------------------------+

+---------------+----------+--------+-------+---------------------+------------------------------------------------------------------------------------------------------------------------+-------+--------+---------+-------+-------------------------------------+
| Name          | Status   |   Time |   Sum | Start               | tag                                                                                                                    | msg   | Node   | User    | OS    | Version                             |
|---------------+----------+--------+-------+---------------------+------------------------------------------------------------------------------------------------------------------------+-------+--------+---------+-------+-------------------------------------|
| mpi-mergesort | ok       |  4.496 | 4.496 | 2022-11-19 20:35:51 | {'user': 'alex', 'node': 'v100', 'debug': False, 'size': 10000000, 'subsort': 'sorted', 'sort': 'mpi', 'c': 1, 'p': 4} |       | c14    | haiyang | Linux | #1 SMP Tue Jul 26 14:15:37 UTC 2022 |
| mpi-generate  | ok       |  0.17  | 0.17  | 2022-11-19 20:35:51 | {'user': 'alex', 'node': 'v100', 'debug': False, 'size': 10000000, 'subsort': 'sorted', 'sort': 'mpi', 'c': 1, 'p': 4} |       | c14    | haiyang | Linux | #1 SMP Tue Jul 26 14:15:37 UTC 2022 |
+---------------+----------+--------+-------+---------------------+------------------------------------------------------------------------------------------------------------------------+-------+--------+---------+-------+-------------------------------------+
# csv,timer,status,time,sum,start,tag,msg,uname.node,user,uname.system,platform.version
# csv,mpi-mergesort,ok,4.496,4.496,2022-11-19 20:35:51,{'user': 'alex', 'node': 'v100', 'debug': False, 'size': 10000000, 'subsort': 'sorted', 'sort': 'mpi', 'c': 1, 'p': 4},None,c14,haiyang,Linux,#1 SMP Tue Jul 26 14:15:37 UTC 2022
# csv,mpi-generate,ok,0.17,0.17,2022-11-19 20:35:51,{'user': 'alex', 'node': 'v100', 'debug': False, 'size': 10000000, 'subsort': 'sorted', 'sort': 'mpi', 'c': 1, 'p': 4},None,c14,haiyang,Linux,#1 SMP Tue Jul 26 14:15:37 UTC 2022


+---------------------------------+-------------------------------------------------------------+
| Attribute                       | Value                                                       |
|---------------------------------+-------------------------------------------------------------|
| ANSI_COLOR                      | "0;31"                                                      |
| BUG_REPORT_URL                  | "https://bugzilla.redhat.com/"                              |
| CPE_NAME                        | "cpe:/o:redhat:enterprise_linux:7.9:GA:server"              |
| HOME_URL                        | "https://www.redhat.com/"                                   |
| ID                              | "rhel"                                                      |
| ID_LIKE                         | "fedora"                                                    |
| NAME                            | "Red Hat Enterprise Linux Server"                           |
| PRETTY_NAME                     | "Red Hat Enterprise Linux Server 7.9 (Maipo)"               |
| REDHAT_BUGZILLA_PRODUCT         | "Red Hat Enterprise Linux 7"                                |
| REDHAT_BUGZILLA_PRODUCT_VERSION | 7.9                                                         |
| REDHAT_SUPPORT_PRODUCT          | "Red Hat Enterprise Linux"                                  |
| REDHAT_SUPPORT_PRODUCT_VERSION  | "7.9"                                                       |
| VARIANT                         | "Server"                                                    |
| VARIANT_ID                      | "server"                                                    |
| VERSION                         | "7.9 (Maipo)"                                               |
| VERSION_ID                      | "7.9"                                                       |
| cpu                             | Intel(R) Xeon(R) CPU E5-2680 v3 @ 2.50GHz                   |
| cpu_cores                       | 24                                                          |
| cpu_count                       | 24                                                          |
| cpu_threads                     | 24                                                          |
| date                            | 2022-11-19 20:36:02.868273                                  |
| frequency                       | scpufreq(current=2.175333333333333, min=1200.0, max=3300.0) |
| mem.active                      | 81.0 GiB                                                    |
| mem.available                   | 178.5 GiB                                                   |
| mem.free                        | 136.1 GiB                                                   |
| mem.inactive                    | 17.2 GiB                                                    |
| mem.percent                     | 28.9 %                                                      |
| mem.total                       | 251.1 GiB                                                   |
| mem.used                        | 65.0 GiB                                                    |
| platform.version                | #1 SMP Tue Jul 26 14:15:37 UTC 2022                         |
| python                          | 3.9.8 (main, Feb  8 2022, 08:35:13)                         |
|                                 | [GCC 6.3.0]                                                 |
| python.pip                      | 22.2.2                                                      |
| python.version                  | 3.9.8                                                       |
| sys.platform                    | linux                                                       |
| uname.machine                   | x86_64                                                      |
| uname.node                      | c14                                                         |
| uname.processor                 | x86_64                                                      |
| uname.release                   | 3.10.0-1160.76.1.el7.x86_64                                 |
| uname.system                    | Linux                                                       |
| uname.version                   | #1 SMP Tue Jul 26 14:15:37 UTC 2022                         |
| user                            | haiyang                                                     |
+---------------------------------+-------------------------------------------------------------+

+---------------+----------+--------+-------+---------------------+------------------------------------------------------------------------------------------------------------------------+-------+--------+---------+-------+-------------------------------------+
| Name          | Status   |   Time |   Sum | Start               | tag                                                                                                                    | msg   | Node   | User    | OS    | Version                             |
|---------------+----------+--------+-------+---------------------+------------------------------------------------------------------------------------------------------------------------+-------+--------+---------+-------+-------------------------------------|
| mpi-mergesort | ok       |  4.22  | 4.22  | 2022-11-19 20:35:58 | {'user': 'alex', 'node': 'v100', 'debug': False, 'size': 10000000, 'subsort': 'sorted', 'sort': 'mpi', 'c': 1, 'p': 4} |       | c14    | haiyang | Linux | #1 SMP Tue Jul 26 14:15:37 UTC 2022 |
| mpi-generate  | ok       |  0.169 | 0.169 | 2022-11-19 20:35:58 | {'user': 'alex', 'node': 'v100', 'debug': False, 'size': 10000000, 'subsort': 'sorted', 'sort': 'mpi', 'c': 1, 'p': 4} |       | c14    | haiyang | Linux | #1 SMP Tue Jul 26 14:15:37 UTC 2022 |
+---------------+----------+--------+-------+---------------------+------------------------------------------------------------------------------------------------------------------------+-------+--------+---------+-------+-------------------------------------+
# csv,timer,status,time,sum,start,tag,msg,uname.node,user,uname.system,platform.version
# csv,mpi-mergesort,ok,4.22,4.22,2022-11-19 20:35:58,{'user': 'alex', 'node': 'v100', 'debug': False, 'size': 10000000, 'subsort': 'sorted', 'sort': 'mpi', 'c': 1, 'p': 4},None,c14,haiyang,Linux,#1 SMP Tue Jul 26 14:15:37 UTC 2022
# csv,mpi-generate,ok,0.169,0.169,2022-11-19 20:35:58,{'user': 'alex', 'node': 'v100', 'debug': False, 'size': 10000000, 'subsort': 'sorted', 'sort': 'mpi', 'c': 1, 'p': 4},None,c14,haiyang,Linux,#1 SMP Tue Jul 26 14:15:37 UTC 2022


+---------------------------------+-------------------------------------------------------------+
| Attribute                       | Value                                                       |
|---------------------------------+-------------------------------------------------------------|
| ANSI_COLOR                      | "0;31"                                                      |
| BUG_REPORT_URL                  | "https://bugzilla.redhat.com/"                              |
| CPE_NAME                        | "cpe:/o:redhat:enterprise_linux:7.9:GA:server"              |
| HOME_URL                        | "https://www.redhat.com/"                                   |
| ID                              | "rhel"                                                      |
| ID_LIKE                         | "fedora"                                                    |
| NAME                            | "Red Hat Enterprise Linux Server"                           |
| PRETTY_NAME                     | "Red Hat Enterprise Linux Server 7.9 (Maipo)"               |
| REDHAT_BUGZILLA_PRODUCT         | "Red Hat Enterprise Linux 7"                                |
| REDHAT_BUGZILLA_PRODUCT_VERSION | 7.9                                                         |
| REDHAT_SUPPORT_PRODUCT          | "Red Hat Enterprise Linux"                                  |
| REDHAT_SUPPORT_PRODUCT_VERSION  | "7.9"                                                       |
| VARIANT                         | "Server"                                                    |
| VARIANT_ID                      | "server"                                                    |
| VERSION                         | "7.9 (Maipo)"                                               |
| VERSION_ID                      | "7.9"                                                       |
| cpu                             | Intel(R) Xeon(R) CPU E5-2680 v3 @ 2.50GHz                   |
| cpu_cores                       | 24                                                          |
| cpu_count                       | 24                                                          |
| cpu_threads                     | 24                                                          |
| date                            | 2022-11-19 20:36:09.996878                                  |
| frequency                       | scpufreq(current=2.332291666666666, min=1200.0, max=3300.0) |
| mem.active                      | 78.0 GiB                                                    |
| mem.available                   | 181.2 GiB                                                   |
| mem.free                        | 136.7 GiB                                                   |
| mem.inactive                    | 19.3 GiB                                                    |
| mem.percent                     | 27.8 %                                                      |
| mem.total                       | 251.1 GiB                                                   |
| mem.used                        | 62.2 GiB                                                    |
| platform.version                | #1 SMP Tue Jul 26 14:15:37 UTC 2022                         |
| python                          | 3.9.8 (main, Feb  8 2022, 08:35:13)                         |
|                                 | [GCC 6.3.0]                                                 |
| python.pip                      | 22.2.2                                                      |
| python.version                  | 3.9.8                                                       |
| sys.platform                    | linux                                                       |
| uname.machine                   | x86_64                                                      |
| uname.node                      | c14                                                         |
| uname.processor                 | x86_64                                                      |
| uname.release                   | 3.10.0-1160.76.1.el7.x86_64                                 |
| uname.system                    | Linux                                                       |
| uname.version                   | #1 SMP Tue Jul 26 14:15:37 UTC 2022                         |
| user                            | haiyang                                                     |
+---------------------------------+-------------------------------------------------------------+

+---------------+----------+--------+-------+---------------------+------------------------------------------------------------------------------------------------------------------------+-------+--------+---------+-------+-------------------------------------+
| Name          | Status   |   Time |   Sum | Start               | tag                                                                                                                    | msg   | Node   | User    | OS    | Version                             |
|---------------+----------+--------+-------+---------------------+------------------------------------------------------------------------------------------------------------------------+-------+--------+---------+-------+-------------------------------------|
| mpi-mergesort | ok       |  4.241 | 4.241 | 2022-11-19 20:36:05 | {'user': 'alex', 'node': 'v100', 'debug': False, 'size': 10000000, 'subsort': 'sorted', 'sort': 'mpi', 'c': 1, 'p': 4} |       | c14    | haiyang | Linux | #1 SMP Tue Jul 26 14:15:37 UTC 2022 |
| mpi-generate  | ok       |  0.17  | 0.17  | 2022-11-19 20:36:05 | {'user': 'alex', 'node': 'v100', 'debug': False, 'size': 10000000, 'subsort': 'sorted', 'sort': 'mpi', 'c': 1, 'p': 4} |       | c14    | haiyang | Linux | #1 SMP Tue Jul 26 14:15:37 UTC 2022 |
+---------------+----------+--------+-------+---------------------+------------------------------------------------------------------------------------------------------------------------+-------+--------+---------+-------+-------------------------------------+
# csv,timer,status,time,sum,start,tag,msg,uname.node,user,uname.system,platform.version
# csv,mpi-mergesort,ok,4.241,4.241,2022-11-19 20:36:05,{'user': 'alex', 'node': 'v100', 'debug': False, 'size': 10000000, 'subsort': 'sorted', 'sort': 'mpi', 'c': 1, 'p': 4},None,c14,haiyang,Linux,#1 SMP Tue Jul 26 14:15:37 UTC 2022
# csv,mpi-generate,ok,0.17,0.17,2022-11-19 20:36:05,{'user': 'alex', 'node': 'v100', 'debug': False, 'size': 10000000, 'subsort': 'sorted', 'sort': 'mpi', 'c': 1, 'p': 4},None,c14,haiyang,Linux,#1 SMP Tue Jul 26 14:15:37 UTC 2022


+---------------------------------+--------------------------------------------------------------+
| Attribute                       | Value                                                        |
|---------------------------------+--------------------------------------------------------------|
| ANSI_COLOR                      | "0;31"                                                       |
| BUG_REPORT_URL                  | "https://bugzilla.redhat.com/"                               |
| CPE_NAME                        | "cpe:/o:redhat:enterprise_linux:7.9:GA:server"               |
| HOME_URL                        | "https://www.redhat.com/"                                    |
| ID                              | "rhel"                                                       |
| ID_LIKE                         | "fedora"                                                     |
| NAME                            | "Red Hat Enterprise Linux Server"                            |
| PRETTY_NAME                     | "Red Hat Enterprise Linux Server 7.9 (Maipo)"                |
| REDHAT_BUGZILLA_PRODUCT         | "Red Hat Enterprise Linux 7"                                 |
| REDHAT_BUGZILLA_PRODUCT_VERSION | 7.9                                                          |
| REDHAT_SUPPORT_PRODUCT          | "Red Hat Enterprise Linux"                                   |
| REDHAT_SUPPORT_PRODUCT_VERSION  | "7.9"                                                        |
| VARIANT                         | "Server"                                                     |
| VARIANT_ID                      | "server"                                                     |
| VERSION                         | "7.9 (Maipo)"                                                |
| VERSION_ID                      | "7.9"                                                        |
| cpu                             | Intel(R) Xeon(R) CPU E5-2680 v3 @ 2.50GHz                    |
| cpu_cores                       | 24                                                           |
| cpu_count                       | 24                                                           |
| cpu_threads                     | 24                                                           |
| date                            | 2022-11-19 20:36:17.696702                                   |
| frequency                       | scpufreq(current=2.4119166666666665, min=1200.0, max=3300.0) |
| mem.active                      | 74.3 GiB                                                     |
| mem.available                   | 184.6 GiB                                                    |
| mem.free                        | 137.5 GiB                                                    |
| mem.inactive                    | 21.9 GiB                                                     |
| mem.percent                     | 26.5 %                                                       |
| mem.total                       | 251.1 GiB                                                    |
| mem.used                        | 58.8 GiB                                                     |
| platform.version                | #1 SMP Tue Jul 26 14:15:37 UTC 2022                          |
| python                          | 3.9.8 (main, Feb  8 2022, 08:35:13)                          |
|                                 | [GCC 6.3.0]                                                  |
| python.pip                      | 22.2.2                                                       |
| python.version                  | 3.9.8                                                        |
| sys.platform                    | linux                                                        |
| uname.machine                   | x86_64                                                       |
| uname.node                      | c14                                                          |
| uname.processor                 | x86_64                                                       |
| uname.release                   | 3.10.0-1160.76.1.el7.x86_64                                  |
| uname.system                    | Linux                                                        |
| uname.version                   | #1 SMP Tue Jul 26 14:15:37 UTC 2022                          |
| user                            | haiyang                                                      |
+---------------------------------+--------------------------------------------------------------+

+---------------+----------+--------+-------+---------------------+------------------------------------------------------------------------------------------------------------------------+-------+--------+---------+-------+-------------------------------------+
| Name          | Status   |   Time |   Sum | Start               | tag                                                                                                                    | msg   | Node   | User    | OS    | Version                             |
|---------------+----------+--------+-------+---------------------+------------------------------------------------------------------------------------------------------------------------+-------+--------+---------+-------+-------------------------------------|
| mpi-mergesort | ok       |  4.241 | 4.241 | 2022-11-19 20:36:13 | {'user': 'alex', 'node': 'v100', 'debug': False, 'size': 10000000, 'subsort': 'sorted', 'sort': 'mpi', 'c': 1, 'p': 4} |       | c14    | haiyang | Linux | #1 SMP Tue Jul 26 14:15:37 UTC 2022 |
| mpi-generate  | ok       |  0.163 | 0.163 | 2022-11-19 20:36:13 | {'user': 'alex', 'node': 'v100', 'debug': False, 'size': 10000000, 'subsort': 'sorted', 'sort': 'mpi', 'c': 1, 'p': 4} |       | c14    | haiyang | Linux | #1 SMP Tue Jul 26 14:15:37 UTC 2022 |
+---------------+----------+--------+-------+---------------------+------------------------------------------------------------------------------------------------------------------------+-------+--------+---------+-------+-------------------------------------+
# csv,timer,status,time,sum,start,tag,msg,uname.node,user,uname.system,platform.version
# csv,mpi-mergesort,ok,4.241,4.241,2022-11-19 20:36:13,{'user': 'alex', 'node': 'v100', 'debug': False, 'size': 10000000, 'subsort': 'sorted', 'sort': 'mpi', 'c': 1, 'p': 4},None,c14,haiyang,Linux,#1 SMP Tue Jul 26 14:15:37 UTC 2022
# csv,mpi-generate,ok,0.163,0.163,2022-11-19 20:36:13,{'user': 'alex', 'node': 'v100', 'debug': False, 'size': 10000000, 'subsort': 'sorted', 'sort': 'mpi', 'c': 1, 'p': 4},None,c14,haiyang,Linux,#1 SMP Tue Jul 26 14:15:37 UTC 2022


+---------------------------------+--------------------------------------------------------------+
| Attribute                       | Value                                                        |
|---------------------------------+--------------------------------------------------------------|
| ANSI_COLOR                      | "0;31"                                                       |
| BUG_REPORT_URL                  | "https://bugzilla.redhat.com/"                               |
| CPE_NAME                        | "cpe:/o:redhat:enterprise_linux:7.9:GA:server"               |
| HOME_URL                        | "https://www.redhat.com/"                                    |
| ID                              | "rhel"                                                       |
| ID_LIKE                         | "fedora"                                                     |
| NAME                            | "Red Hat Enterprise Linux Server"                            |
| PRETTY_NAME                     | "Red Hat Enterprise Linux Server 7.9 (Maipo)"                |
| REDHAT_BUGZILLA_PRODUCT         | "Red Hat Enterprise Linux 7"                                 |
| REDHAT_BUGZILLA_PRODUCT_VERSION | 7.9                                                          |
| REDHAT_SUPPORT_PRODUCT          | "Red Hat Enterprise Linux"                                   |
| REDHAT_SUPPORT_PRODUCT_VERSION  | "7.9"                                                        |
| VARIANT                         | "Server"                                                     |
| VARIANT_ID                      | "server"                                                     |
| VERSION                         | "7.9 (Maipo)"                                                |
| VERSION_ID                      | "7.9"                                                        |
| cpu                             | Intel(R) Xeon(R) CPU E5-2680 v3 @ 2.50GHz                    |
| cpu_cores                       | 24                                                           |
| cpu_count                       | 24                                                           |
| cpu_threads                     | 24                                                           |
| date                            | 2022-11-19 20:36:25.009020                                   |
| frequency                       | scpufreq(current=2.4109166666666666, min=1200.0, max=3300.0) |
| mem.active                      | 76.3 GiB                                                     |
| mem.available                   | 182.8 GiB                                                    |
| mem.free                        | 137.1 GiB                                                    |
| mem.inactive                    | 20.5 GiB                                                     |
| mem.percent                     | 27.2 %                                                       |
| mem.total                       | 251.1 GiB                                                    |
| mem.used                        | 60.7 GiB                                                     |
| platform.version                | #1 SMP Tue Jul 26 14:15:37 UTC 2022                          |
| python                          | 3.9.8 (main, Feb  8 2022, 08:35:13)                          |
|                                 | [GCC 6.3.0]                                                  |
| python.pip                      | 22.2.2                                                       |
| python.version                  | 3.9.8                                                        |
| sys.platform                    | linux                                                        |
| uname.machine                   | x86_64                                                       |
| uname.node                      | c14                                                          |
| uname.processor                 | x86_64                                                       |
| uname.release                   | 3.10.0-1160.76.1.el7.x86_64                                  |
| uname.system                    | Linux                                                        |
| uname.version                   | #1 SMP Tue Jul 26 14:15:37 UTC 2022                          |
| user                            | haiyang                                                      |
+---------------------------------+--------------------------------------------------------------+

+---------------+----------+--------+-------+---------------------+------------------------------------------------------------------------------------------------------------------------+-------+--------+---------+-------+-------------------------------------+
| Name          | Status   |   Time |   Sum | Start               | tag                                                                                                                    | msg   | Node   | User    | OS    | Version                             |
|---------------+----------+--------+-------+---------------------+------------------------------------------------------------------------------------------------------------------------+-------+--------+---------+-------+-------------------------------------|
| mpi-mergesort | ok       |  4.402 | 4.402 | 2022-11-19 20:36:20 | {'user': 'alex', 'node': 'v100', 'debug': False, 'size': 10000000, 'subsort': 'sorted', 'sort': 'mpi', 'c': 1, 'p': 4} |       | c14    | haiyang | Linux | #1 SMP Tue Jul 26 14:15:37 UTC 2022 |
| mpi-generate  | ok       |  0.171 | 0.171 | 2022-11-19 20:36:20 | {'user': 'alex', 'node': 'v100', 'debug': False, 'size': 10000000, 'subsort': 'sorted', 'sort': 'mpi', 'c': 1, 'p': 4} |       | c14    | haiyang | Linux | #1 SMP Tue Jul 26 14:15:37 UTC 2022 |
+---------------+----------+--------+-------+---------------------+------------------------------------------------------------------------------------------------------------------------+-------+--------+---------+-------+-------------------------------------+
# csv,timer,status,time,sum,start,tag,msg,uname.node,user,uname.system,platform.version
# csv,mpi-mergesort,ok,4.402,4.402,2022-11-19 20:36:20,{'user': 'alex', 'node': 'v100', 'debug': False, 'size': 10000000, 'subsort': 'sorted', 'sort': 'mpi', 'c': 1, 'p': 4},None,c14,haiyang,Linux,#1 SMP Tue Jul 26 14:15:37 UTC 2022
# csv,mpi-generate,ok,0.171,0.171,2022-11-19 20:36:20,{'user': 'alex', 'node': 'v100', 'debug': False, 'size': 10000000, 'subsort': 'sorted', 'sort': 'mpi', 'c': 1, 'p': 4},None,c14,haiyang,Linux,#1 SMP Tue Jul 26 14:15:37 UTC 2022


+---------------------------------+--------------------------------------------------------------+
| Attribute                       | Value                                                        |
|---------------------------------+--------------------------------------------------------------|
| ANSI_COLOR                      | "0;31"                                                       |
| BUG_REPORT_URL                  | "https://bugzilla.redhat.com/"                               |
| CPE_NAME                        | "cpe:/o:redhat:enterprise_linux:7.9:GA:server"               |
| HOME_URL                        | "https://www.redhat.com/"                                    |
| ID                              | "rhel"                                                       |
| ID_LIKE                         | "fedora"                                                     |
| NAME                            | "Red Hat Enterprise Linux Server"                            |
| PRETTY_NAME                     | "Red Hat Enterprise Linux Server 7.9 (Maipo)"                |
| REDHAT_BUGZILLA_PRODUCT         | "Red Hat Enterprise Linux 7"                                 |
| REDHAT_BUGZILLA_PRODUCT_VERSION | 7.9                                                          |
| REDHAT_SUPPORT_PRODUCT          | "Red Hat Enterprise Linux"                                   |
| REDHAT_SUPPORT_PRODUCT_VERSION  | "7.9"                                                        |
| VARIANT                         | "Server"                                                     |
| VARIANT_ID                      | "server"                                                     |
| VERSION                         | "7.9 (Maipo)"                                                |
| VERSION_ID                      | "7.9"                                                        |
| cpu                             | Intel(R) Xeon(R) CPU E5-2680 v3 @ 2.50GHz                    |
| cpu_cores                       | 24                                                           |
| cpu_count                       | 24                                                           |
| cpu_threads                     | 24                                                           |
| date                            | 2022-11-19 20:36:32.496619                                   |
| frequency                       | scpufreq(current=2.4342916666666663, min=1200.0, max=3300.0) |
| mem.active                      | 78.3 GiB                                                     |
| mem.available                   | 180.8 GiB                                                    |
| mem.free                        | 135.1 GiB                                                    |
| mem.inactive                    | 20.5 GiB                                                     |
| mem.percent                     | 28.0 %                                                       |
| mem.total                       | 251.1 GiB                                                    |
| mem.used                        | 62.7 GiB                                                     |
| platform.version                | #1 SMP Tue Jul 26 14:15:37 UTC 2022                          |
| python                          | 3.9.8 (main, Feb  8 2022, 08:35:13)                          |
|                                 | [GCC 6.3.0]                                                  |
| python.pip                      | 22.2.2                                                       |
| python.version                  | 3.9.8                                                        |
| sys.platform                    | linux                                                        |
| uname.machine                   | x86_64                                                       |
| uname.node                      | c14                                                          |
| uname.processor                 | x86_64                                                       |
| uname.release                   | 3.10.0-1160.76.1.el7.x86_64                                  |
| uname.system                    | Linux                                                        |
| uname.version                   | #1 SMP Tue Jul 26 14:15:37 UTC 2022                          |
| user                            | haiyang                                                      |
+---------------------------------+--------------------------------------------------------------+

+---------------+----------+--------+-------+---------------------+------------------------------------------------------------------------------------------------------------------------+-------+--------+---------+-------+-------------------------------------+
| Name          | Status   |   Time |   Sum | Start               | tag                                                                                                                    | msg   | Node   | User    | OS    | Version                             |
|---------------+----------+--------+-------+---------------------+------------------------------------------------------------------------------------------------------------------------+-------+--------+---------+-------+-------------------------------------|
| mpi-mergesort | ok       |  4.626 | 4.626 | 2022-11-19 20:36:27 | {'user': 'alex', 'node': 'v100', 'debug': False, 'size': 10000000, 'subsort': 'sorted', 'sort': 'mpi', 'c': 1, 'p': 4} |       | c14    | haiyang | Linux | #1 SMP Tue Jul 26 14:15:37 UTC 2022 |
| mpi-generate  | ok       |  0.168 | 0.168 | 2022-11-19 20:36:27 | {'user': 'alex', 'node': 'v100', 'debug': False, 'size': 10000000, 'subsort': 'sorted', 'sort': 'mpi', 'c': 1, 'p': 4} |       | c14    | haiyang | Linux | #1 SMP Tue Jul 26 14:15:37 UTC 2022 |
+---------------+----------+--------+-------+---------------------+------------------------------------------------------------------------------------------------------------------------+-------+--------+---------+-------+-------------------------------------+
# csv,timer,status,time,sum,start,tag,msg,uname.node,user,uname.system,platform.version
# csv,mpi-mergesort,ok,4.626,4.626,2022-11-19 20:36:27,{'user': 'alex', 'node': 'v100', 'debug': False, 'size': 10000000, 'subsort': 'sorted', 'sort': 'mpi', 'c': 1, 'p': 4},None,c14,haiyang,Linux,#1 SMP Tue Jul 26 14:15:37 UTC 2022
# csv,mpi-generate,ok,0.168,0.168,2022-11-19 20:36:27,{'user': 'alex', 'node': 'v100', 'debug': False, 'size': 10000000, 'subsort': 'sorted', 'sort': 'mpi', 'c': 1, 'p': 4},None,c14,haiyang,Linux,#1 SMP Tue Jul 26 14:15:37 UTC 2022


+---------------------------------+--------------------------------------------------------------+
| Attribute                       | Value                                                        |
|---------------------------------+--------------------------------------------------------------|
| ANSI_COLOR                      | "0;31"                                                       |
| BUG_REPORT_URL                  | "https://bugzilla.redhat.com/"                               |
| CPE_NAME                        | "cpe:/o:redhat:enterprise_linux:7.9:GA:server"               |
| HOME_URL                        | "https://www.redhat.com/"                                    |
| ID                              | "rhel"                                                       |
| ID_LIKE                         | "fedora"                                                     |
| NAME                            | "Red Hat Enterprise Linux Server"                            |
| PRETTY_NAME                     | "Red Hat Enterprise Linux Server 7.9 (Maipo)"                |
| REDHAT_BUGZILLA_PRODUCT         | "Red Hat Enterprise Linux 7"                                 |
| REDHAT_BUGZILLA_PRODUCT_VERSION | 7.9                                                          |
| REDHAT_SUPPORT_PRODUCT          | "Red Hat Enterprise Linux"                                   |
| REDHAT_SUPPORT_PRODUCT_VERSION  | "7.9"                                                        |
| VARIANT                         | "Server"                                                     |
| VARIANT_ID                      | "server"                                                     |
| VERSION                         | "7.9 (Maipo)"                                                |
| VERSION_ID                      | "7.9"                                                        |
| cpu                             | Intel(R) Xeon(R) CPU E5-2680 v3 @ 2.50GHz                    |
| cpu_cores                       | 24                                                           |
| cpu_count                       | 24                                                           |
| cpu_threads                     | 24                                                           |
| date                            | 2022-11-19 20:36:40.420844                                   |
| frequency                       | scpufreq(current=2.4140000000000006, min=1200.0, max=3300.0) |
| mem.active                      | 80.2 GiB                                                     |
| mem.available                   | 178.9 GiB                                                    |
| mem.free                        | 133.3 GiB                                                    |
| mem.inactive                    | 20.5 GiB                                                     |
| mem.percent                     | 28.7 %                                                       |
| mem.total                       | 251.1 GiB                                                    |
| mem.used                        | 64.5 GiB                                                     |
| platform.version                | #1 SMP Tue Jul 26 14:15:37 UTC 2022                          |
| python                          | 3.9.8 (main, Feb  8 2022, 08:35:13)                          |
|                                 | [GCC 6.3.0]                                                  |
| python.pip                      | 22.2.2                                                       |
| python.version                  | 3.9.8                                                        |
| sys.platform                    | linux                                                        |
| uname.machine                   | x86_64                                                       |
| uname.node                      | c14                                                          |
| uname.processor                 | x86_64                                                       |
| uname.release                   | 3.10.0-1160.76.1.el7.x86_64                                  |
| uname.system                    | Linux                                                        |
| uname.version                   | #1 SMP Tue Jul 26 14:15:37 UTC 2022                          |
| user                            | haiyang                                                      |
+---------------------------------+--------------------------------------------------------------+

+---------------+----------+--------+-------+---------------------+------------------------------------------------------------------------------------------------------------------------+-------+--------+---------+-------+-------------------------------------+
| Name          | Status   |   Time |   Sum | Start               | tag                                                                                                                    | msg   | Node   | User    | OS    | Version                             |
|---------------+----------+--------+-------+---------------------+------------------------------------------------------------------------------------------------------------------------+-------+--------+---------+-------+-------------------------------------|
| mpi-mergesort | ok       |  4.281 | 4.281 | 2022-11-19 20:36:36 | {'user': 'alex', 'node': 'v100', 'debug': False, 'size': 10000000, 'subsort': 'sorted', 'sort': 'mpi', 'c': 1, 'p': 4} |       | c14    | haiyang | Linux | #1 SMP Tue Jul 26 14:15:37 UTC 2022 |
| mpi-generate  | ok       |  0.168 | 0.168 | 2022-11-19 20:36:36 | {'user': 'alex', 'node': 'v100', 'debug': False, 'size': 10000000, 'subsort': 'sorted', 'sort': 'mpi', 'c': 1, 'p': 4} |       | c14    | haiyang | Linux | #1 SMP Tue Jul 26 14:15:37 UTC 2022 |
+---------------+----------+--------+-------+---------------------+------------------------------------------------------------------------------------------------------------------------+-------+--------+---------+-------+-------------------------------------+
# csv,timer,status,time,sum,start,tag,msg,uname.node,user,uname.system,platform.version
# csv,mpi-mergesort,ok,4.281,4.281,2022-11-19 20:36:36,{'user': 'alex', 'node': 'v100', 'debug': False, 'size': 10000000, 'subsort': 'sorted', 'sort': 'mpi', 'c': 1, 'p': 4},None,c14,haiyang,Linux,#1 SMP Tue Jul 26 14:15:37 UTC 2022
# csv,mpi-generate,ok,0.168,0.168,2022-11-19 20:36:36,{'user': 'alex', 'node': 'v100', 'debug': False, 'size': 10000000, 'subsort': 'sorted', 'sort': 'mpi', 'c': 1, 'p': 4},None,c14,haiyang,Linux,#1 SMP Tue Jul 26 14:15:37 UTC 2022


+---------------------------------+--------------------------------------------------------------+
| Attribute                       | Value                                                        |
|---------------------------------+--------------------------------------------------------------|
| ANSI_COLOR                      | "0;31"                                                       |
| BUG_REPORT_URL                  | "https://bugzilla.redhat.com/"                               |
| CPE_NAME                        | "cpe:/o:redhat:enterprise_linux:7.9:GA:server"               |
| HOME_URL                        | "https://www.redhat.com/"                                    |
| ID                              | "rhel"                                                       |
| ID_LIKE                         | "fedora"                                                     |
| NAME                            | "Red Hat Enterprise Linux Server"                            |
| PRETTY_NAME                     | "Red Hat Enterprise Linux Server 7.9 (Maipo)"                |
| REDHAT_BUGZILLA_PRODUCT         | "Red Hat Enterprise Linux 7"                                 |
| REDHAT_BUGZILLA_PRODUCT_VERSION | 7.9                                                          |
| REDHAT_SUPPORT_PRODUCT          | "Red Hat Enterprise Linux"                                   |
| REDHAT_SUPPORT_PRODUCT_VERSION  | "7.9"                                                        |
| VARIANT                         | "Server"                                                     |
| VARIANT_ID                      | "server"                                                     |
| VERSION                         | "7.9 (Maipo)"                                                |
| VERSION_ID                      | "7.9"                                                        |
| cpu                             | Intel(R) Xeon(R) CPU E5-2680 v3 @ 2.50GHz                    |
| cpu_cores                       | 24                                                           |
| cpu_count                       | 24                                                           |
| cpu_threads                     | 24                                                           |
| date                            | 2022-11-19 20:36:47.889211                                   |
| frequency                       | scpufreq(current=2.3840833333333333, min=1200.0, max=3300.0) |
| mem.active                      | 82.2 GiB                                                     |
| mem.available                   | 177.2 GiB                                                    |
| mem.free                        | 133.1 GiB                                                    |
| mem.inactive                    | 18.9 GiB                                                     |
| mem.percent                     | 29.4 %                                                       |
| mem.total                       | 251.1 GiB                                                    |
| mem.used                        | 66.3 GiB                                                     |
| platform.version                | #1 SMP Tue Jul 26 14:15:37 UTC 2022                          |
| python                          | 3.9.8 (main, Feb  8 2022, 08:35:13)                          |
|                                 | [GCC 6.3.0]                                                  |
| python.pip                      | 22.2.2                                                       |
| python.version                  | 3.9.8                                                        |
| sys.platform                    | linux                                                        |
| uname.machine                   | x86_64                                                       |
| uname.node                      | c14                                                          |
| uname.processor                 | x86_64                                                       |
| uname.release                   | 3.10.0-1160.76.1.el7.x86_64                                  |
| uname.system                    | Linux                                                        |
| uname.version                   | #1 SMP Tue Jul 26 14:15:37 UTC 2022                          |
| user                            | haiyang                                                      |
+---------------------------------+--------------------------------------------------------------+

+---------------+----------+--------+-------+---------------------+------------------------------------------------------------------------------------------------------------------------+-------+--------+---------+-------+-------------------------------------+
| Name          | Status   |   Time |   Sum | Start               | tag                                                                                                                    | msg   | Node   | User    | OS    | Version                             |
|---------------+----------+--------+-------+---------------------+------------------------------------------------------------------------------------------------------------------------+-------+--------+---------+-------+-------------------------------------|
| mpi-mergesort | ok       |  4.543 | 4.543 | 2022-11-19 20:36:43 | {'user': 'alex', 'node': 'v100', 'debug': False, 'size': 10000000, 'subsort': 'sorted', 'sort': 'mpi', 'c': 1, 'p': 4} |       | c14    | haiyang | Linux | #1 SMP Tue Jul 26 14:15:37 UTC 2022 |
| mpi-generate  | ok       |  0.167 | 0.167 | 2022-11-19 20:36:43 | {'user': 'alex', 'node': 'v100', 'debug': False, 'size': 10000000, 'subsort': 'sorted', 'sort': 'mpi', 'c': 1, 'p': 4} |       | c14    | haiyang | Linux | #1 SMP Tue Jul 26 14:15:37 UTC 2022 |
+---------------+----------+--------+-------+---------------------+------------------------------------------------------------------------------------------------------------------------+-------+--------+---------+-------+-------------------------------------+
# csv,timer,status,time,sum,start,tag,msg,uname.node,user,uname.system,platform.version
# csv,mpi-mergesort,ok,4.543,4.543,2022-11-19 20:36:43,{'user': 'alex', 'node': 'v100', 'debug': False, 'size': 10000000, 'subsort': 'sorted', 'sort': 'mpi', 'c': 1, 'p': 4},None,c14,haiyang,Linux,#1 SMP Tue Jul 26 14:15:37 UTC 2022
# csv,mpi-generate,ok,0.167,0.167,2022-11-19 20:36:43,{'user': 'alex', 'node': 'v100', 'debug': False, 'size': 10000000, 'subsort': 'sorted', 'sort': 'mpi', 'c': 1, 'p': 4},None,c14,haiyang,Linux,#1 SMP Tue Jul 26 14:15:37 UTC 2022


+---------------------------------+-------------------------------------------------------------+
| Attribute                       | Value                                                       |
|---------------------------------+-------------------------------------------------------------|
| ANSI_COLOR                      | "0;31"                                                      |
| BUG_REPORT_URL                  | "https://bugzilla.redhat.com/"                              |
| CPE_NAME                        | "cpe:/o:redhat:enterprise_linux:7.9:GA:server"              |
| HOME_URL                        | "https://www.redhat.com/"                                   |
| ID                              | "rhel"                                                      |
| ID_LIKE                         | "fedora"                                                    |
| NAME                            | "Red Hat Enterprise Linux Server"                           |
| PRETTY_NAME                     | "Red Hat Enterprise Linux Server 7.9 (Maipo)"               |
| REDHAT_BUGZILLA_PRODUCT         | "Red Hat Enterprise Linux 7"                                |
| REDHAT_BUGZILLA_PRODUCT_VERSION | 7.9                                                         |
| REDHAT_SUPPORT_PRODUCT          | "Red Hat Enterprise Linux"                                  |
| REDHAT_SUPPORT_PRODUCT_VERSION  | "7.9"                                                       |
| VARIANT                         | "Server"                                                    |
| VARIANT_ID                      | "server"                                                    |
| VERSION                         | "7.9 (Maipo)"                                               |
| VERSION_ID                      | "7.9"                                                       |
| cpu                             | Intel(R) Xeon(R) CPU E5-2680 v3 @ 2.50GHz                   |
| cpu_cores                       | 24                                                          |
| cpu_count                       | 24                                                          |
| cpu_threads                     | 24                                                          |
| date                            | 2022-11-19 20:36:55.158753                                  |
| frequency                       | scpufreq(current=2.389333333333333, min=1200.0, max=3300.0) |
| mem.active                      | 83.9 GiB                                                    |
| mem.available                   | 175.6 GiB                                                   |
| mem.free                        | 133.0 GiB                                                   |
| mem.inactive                    | 17.3 GiB                                                    |
| mem.percent                     | 30.1 %                                                      |
| mem.total                       | 251.1 GiB                                                   |
| mem.used                        | 67.9 GiB                                                    |
| platform.version                | #1 SMP Tue Jul 26 14:15:37 UTC 2022                         |
| python                          | 3.9.8 (main, Feb  8 2022, 08:35:13)                         |
|                                 | [GCC 6.3.0]                                                 |
| python.pip                      | 22.2.2                                                      |
| python.version                  | 3.9.8                                                       |
| sys.platform                    | linux                                                       |
| uname.machine                   | x86_64                                                      |
| uname.node                      | c14                                                         |
| uname.processor                 | x86_64                                                      |
| uname.release                   | 3.10.0-1160.76.1.el7.x86_64                                 |
| uname.system                    | Linux                                                       |
| uname.version                   | #1 SMP Tue Jul 26 14:15:37 UTC 2022                         |
| user                            | haiyang                                                     |
+---------------------------------+-------------------------------------------------------------+

+---------------+----------+--------+-------+---------------------+------------------------------------------------------------------------------------------------------------------------+-------+--------+---------+-------+-------------------------------------+
| Name          | Status   |   Time |   Sum | Start               | tag                                                                                                                    | msg   | Node   | User    | OS    | Version                             |
|---------------+----------+--------+-------+---------------------+------------------------------------------------------------------------------------------------------------------------+-------+--------+---------+-------+-------------------------------------|
| mpi-mergesort | ok       |  4.445 | 4.445 | 2022-11-19 20:36:50 | {'user': 'alex', 'node': 'v100', 'debug': False, 'size': 10000000, 'subsort': 'sorted', 'sort': 'mpi', 'c': 1, 'p': 4} |       | c14    | haiyang | Linux | #1 SMP Tue Jul 26 14:15:37 UTC 2022 |
| mpi-generate  | ok       |  0.167 | 0.167 | 2022-11-19 20:36:50 | {'user': 'alex', 'node': 'v100', 'debug': False, 'size': 10000000, 'subsort': 'sorted', 'sort': 'mpi', 'c': 1, 'p': 4} |       | c14    | haiyang | Linux | #1 SMP Tue Jul 26 14:15:37 UTC 2022 |
+---------------+----------+--------+-------+---------------------+------------------------------------------------------------------------------------------------------------------------+-------+--------+---------+-------+-------------------------------------+
# csv,timer,status,time,sum,start,tag,msg,uname.node,user,uname.system,platform.version
# csv,mpi-mergesort,ok,4.445,4.445,2022-11-19 20:36:50,{'user': 'alex', 'node': 'v100', 'debug': False, 'size': 10000000, 'subsort': 'sorted', 'sort': 'mpi', 'c': 1, 'p': 4},None,c14,haiyang,Linux,#1 SMP Tue Jul 26 14:15:37 UTC 2022
# csv,mpi-generate,ok,0.167,0.167,2022-11-19 20:36:50,{'user': 'alex', 'node': 'v100', 'debug': False, 'size': 10000000, 'subsort': 'sorted', 'sort': 'mpi', 'c': 1, 'p': 4},None,c14,haiyang,Linux,#1 SMP Tue Jul 26 14:15:37 UTC 2022

