Starting experiment
Log:       log/mpi_mergesort-2400MHz-alex-2-7000000.log
Processes: [4]
Size:      [7000000]
Repeat:    10
Clear:     False
Debug:     False
Algorithm: mpi_mergesort
ID:        2
Tag:       None
Total:     10
Experiment 9         : size=7000000 processes=4 id=2 repeat=0 last_time=undefined                     
[0m[0m[0m[0mExperiment 8         : size=7000000 processes=4 id=2 repeat=1 last_time=12.753                     
[0m[0m[0m[0mExperiment 7         : size=7000000 processes=4 id=2 repeat=2 last_time=10.8832                     
[0m[0m[0m[0mExperiment 6         : size=7000000 processes=4 id=2 repeat=3 last_time=10.6131                     
[0m[0m[0m[0mExperiment 5         : size=7000000 processes=4 id=2 repeat=4 last_time=10.5867                     
[0m[0m[0m[0mExperiment 4         : size=7000000 processes=4 id=2 repeat=5 last_time=11.1084                     
[0m[0m[0m[0mExperiment 3         : size=7000000 processes=4 id=2 repeat=6 last_time=10.8498                     
[0m[0m[0m[0mExperiment 2         : size=7000000 processes=4 id=2 repeat=7 last_time=10.7561                     
[0m[0m[0m[0mExperiment 1         : size=7000000 processes=4 id=2 repeat=8 last_time=11.3769                     
[0m[0m[0m[0mExperiment 0         : size=7000000 processes=4 id=2 repeat=9 last_time=11.6933                     
[0m[0m[0m[0m
+------------------+--------------------------------------------------------------------------------------------------+
| Attribute        | Value                                                                                            |
|------------------+--------------------------------------------------------------------------------------------------|
| cpu              | Intel(R) Core(TM) i7-9750H CPU @ 2.60GHz                                                         |
| cpu_cores        | 6                                                                                                |
| cpu_count        | 12                                                                                               |
| cpu_threads      | 12                                                                                               |
| frequency        | scpufreq(current=2600, min=2600, max=2600)                                                       |
| mem.active       | 12.3 GiB                                                                                         |
| mem.available    | 13.4 GiB                                                                                         |
| mem.free         | 1.1 GiB                                                                                          |
| mem.inactive     | 12.2 GiB                                                                                         |
| mem.percent      | 58.0 %                                                                                           |
| mem.total        | 32.0 GiB                                                                                         |
| mem.used         | 16.5 GiB                                                                                         |
| mem.wired        | 4.2 GiB                                                                                          |
| platform.version | 12.4                                                                                             |
| python           | 3.10.5 (v3.10.5:f377153967, Jun  6 2022, 12:36:10) [Clang 13.0.0 (clang-1300.0.29.30)]           |
| python.pip       | 22.1.2                                                                                           |
| python.version   | 3.10.5                                                                                           |
| sys.platform     | darwin                                                                                           |
| uname.machine    | x86_64                                                                                           |
| uname.node       | 2400MHz                                                                                          |
| uname.processor  | i386                                                                                             |
| uname.release    | 21.5.0                                                                                           |
| uname.system     | Darwin                                                                                           |
| uname.version    | Darwin Kernel Version 21.5.0: Tue Apr 26 21:08:22 PDT 2022; root:xnu-8020.121.3~4/RELEASE_X86_64 |
| user             | alex                                                                                             |
+------------------+--------------------------------------------------------------------------------------------------+

+---------------------------------------------+----------+--------+--------+---------------------+-------+-------+---------+--------+--------+-----------+
| Name                                        | Status   |   Time |    Sum | Start               | tag   | msg   | Node    | User   | OS     |   Version |
|---------------------------------------------+----------+--------+--------+---------------------+-------+-------+---------+--------+--------+-----------|
| BL-UITS-NWLT005_mpi_mergesort_4_7000000_2_0 | ok       | 12.753 | 12.753 | 2022-09-03 01:57:36 |       |       | 2400MHz | alex   | Darwin |      12.4 |
| BL-UITS-NWLT005_mpi_mergesort_4_7000000_2_1 | ok       | 10.883 | 10.883 | 2022-09-03 01:57:54 |       |       | 2400MHz | alex   | Darwin |      12.4 |
| BL-UITS-NWLT005_mpi_mergesort_4_7000000_2_2 | ok       | 10.613 | 10.613 | 2022-09-03 01:58:09 |       |       | 2400MHz | alex   | Darwin |      12.4 |
| BL-UITS-NWLT005_mpi_mergesort_4_7000000_2_3 | ok       | 10.587 | 10.587 | 2022-09-03 01:58:25 |       |       | 2400MHz | alex   | Darwin |      12.4 |
| BL-UITS-NWLT005_mpi_mergesort_4_7000000_2_4 | ok       | 11.108 | 11.108 | 2022-09-03 01:58:40 |       |       | 2400MHz | alex   | Darwin |      12.4 |
| BL-UITS-NWLT005_mpi_mergesort_4_7000000_2_5 | ok       | 10.85  | 10.85  | 2022-09-03 01:58:57 |       |       | 2400MHz | alex   | Darwin |      12.4 |
| BL-UITS-NWLT005_mpi_mergesort_4_7000000_2_6 | ok       | 10.756 | 10.756 | 2022-09-03 01:59:12 |       |       | 2400MHz | alex   | Darwin |      12.4 |
| BL-UITS-NWLT005_mpi_mergesort_4_7000000_2_7 | ok       | 11.377 | 11.377 | 2022-09-03 01:59:28 |       |       | 2400MHz | alex   | Darwin |      12.4 |
| BL-UITS-NWLT005_mpi_mergesort_4_7000000_2_8 | ok       | 11.693 | 11.693 | 2022-09-03 01:59:46 |       |       | 2400MHz | alex   | Darwin |      12.4 |
| BL-UITS-NWLT005_mpi_mergesort_4_7000000_2_9 | ok       | 11.668 | 11.668 | 2022-09-03 02:00:03 |       |       | 2400MHz | alex   | Darwin |      12.4 |
+---------------------------------------------+----------+--------+--------+---------------------+-------+-------+---------+--------+--------+-----------+
# csv,timer,status,time,sum,start,tag,msg,uname.node,user,uname.system,platform.version
# csv,BL-UITS-NWLT005_mpi_mergesort_4_7000000_2_0,ok,12.753,12.753,2022-09-03 01:57:36,,None,2400MHz,alex,Darwin,12.4
# csv,BL-UITS-NWLT005_mpi_mergesort_4_7000000_2_1,ok,10.883,10.883,2022-09-03 01:57:54,,None,2400MHz,alex,Darwin,12.4
# csv,BL-UITS-NWLT005_mpi_mergesort_4_7000000_2_2,ok,10.613,10.613,2022-09-03 01:58:09,,None,2400MHz,alex,Darwin,12.4
# csv,BL-UITS-NWLT005_mpi_mergesort_4_7000000_2_3,ok,10.587,10.587,2022-09-03 01:58:25,,None,2400MHz,alex,Darwin,12.4
# csv,BL-UITS-NWLT005_mpi_mergesort_4_7000000_2_4,ok,11.108,11.108,2022-09-03 01:58:40,,None,2400MHz,alex,Darwin,12.4
# csv,BL-UITS-NWLT005_mpi_mergesort_4_7000000_2_5,ok,10.85,10.85,2022-09-03 01:58:57,,None,2400MHz,alex,Darwin,12.4
# csv,BL-UITS-NWLT005_mpi_mergesort_4_7000000_2_6,ok,10.756,10.756,2022-09-03 01:59:12,,None,2400MHz,alex,Darwin,12.4
# csv,BL-UITS-NWLT005_mpi_mergesort_4_7000000_2_7,ok,11.377,11.377,2022-09-03 01:59:28,,None,2400MHz,alex,Darwin,12.4
# csv,BL-UITS-NWLT005_mpi_mergesort_4_7000000_2_8,ok,11.693,11.693,2022-09-03 01:59:46,,None,2400MHz,alex,Darwin,12.4
# csv,BL-UITS-NWLT005_mpi_mergesort_4_7000000_2_9,ok,11.668,11.668,2022-09-03 02:00:03,,None,2400MHz,alex,Darwin,12.4

