Starting experiment
Processes: 1
Cores:     1
SORT:      np-merge
Size:      200000000
Repeat:    5
Debug:     False
Algorithm: np-merge
Tag:       None
Total:     5
Experiment 4    : sort=np-merge size=200000000 processes=1 cores=1 repeat=0 last_time=undefined                     
Experiment 3    : sort=np-merge size=200000000 processes=1 cores=1 repeat=1 last_time=15.1293                     
Experiment 2    : sort=np-merge size=200000000 processes=1 cores=1 repeat=2 last_time=14.4564                     
Experiment 1    : sort=np-merge size=200000000 processes=1 cores=1 repeat=3 last_time=15.1061                     
Experiment 0    : sort=np-merge size=200000000 processes=1 cores=1 repeat=4 last_time=14.7247                     

+------------------+---------------------------------------------------------------------------------------------------+
| Attribute        | Value                                                                                             |
|------------------+---------------------------------------------------------------------------------------------------|
| cpu              | Intel(R) Core(TM) i7-9750H CPU @ 2.60GHz                                                          |
| cpu_cores        | 6                                                                                                 |
| cpu_count        | 12                                                                                                |
| cpu_threads      | 12                                                                                                |
| date             | 2022-11-25 03:52:15.309926                                                                        |
| frequency        | scpufreq(current=2600, min=2600, max=2600)                                                        |
| mem.active       | 10.7 GiB                                                                                          |
| mem.available    | 16.4 GiB                                                                                          |
| mem.free         | 4.2 GiB                                                                                           |
| mem.inactive     | 12.2 GiB                                                                                          |
| mem.percent      | 48.9 %                                                                                            |
| mem.total        | 32.0 GiB                                                                                          |
| mem.used         | 15.0 GiB                                                                                          |
| mem.wired        | 4.3 GiB                                                                                           |
| platform.version | 12.6                                                                                              |
| python           | 3.11.0 (v3.11.0:deaf509e8f, Oct 24 2022, 14:43:23) [Clang 13.0.0 (clang-1300.0.29.30)]            |
| python.pip       | 22.3.1                                                                                            |
| python.version   | 3.11.0                                                                                            |
| sys.platform     | darwin                                                                                            |
| uname.machine    | x86_64                                                                                            |
| uname.node       | BL-UITS-NWLT005                                                                                   |
| uname.processor  | i386                                                                                              |
| uname.release    | 21.6.0                                                                                            |
| uname.system     | Darwin                                                                                            |
| uname.version    | Darwin Kernel Version 21.6.0: Mon Aug 22 20:17:10 PDT 2022; root:xnu-8020.140.49~2/RELEASE_X86_64 |
| user             | alexandra                                                                                         |
+------------------+---------------------------------------------------------------------------------------------------+

+---------------------------------------+----------+--------+--------+---------------------+----------------------------------------------------------------------------------------------------------+-------+-----------------+-----------+--------+-----------+
| Name                                  | Status   |   Time |    Sum | Start               | tag                                                                                                      | msg   | Node            | User      | OS     |   Version |
|---------------------------------------+----------+--------+--------+---------------------+----------------------------------------------------------------------------------------------------------+-------+-----------------+-----------+--------+-----------|
| np-merge-2400MHz-alex-200000000-1-1-0 | ok       | 15.129 | 15.129 | 2022-11-25 03:50:02 | {'p': 1, 'c': 1, 'size': 200000000, 'repeat': 10, 'sort': 'np-merge', 'user': 'alex', 'node': '2400MHz'} |       | BL-UITS-NWLT005 | alexandra | Darwin |      12.6 |
| np-merge-2400MHz-alex-200000000-1-1-1 | ok       | 14.456 | 14.456 | 2022-11-25 03:50:32 | {'p': 1, 'c': 1, 'size': 200000000, 'repeat': 10, 'sort': 'np-merge', 'user': 'alex', 'node': '2400MHz'} |       | BL-UITS-NWLT005 | alexandra | Darwin |      12.6 |
| np-merge-2400MHz-alex-200000000-1-1-2 | ok       | 15.106 | 15.106 | 2022-11-25 03:51:00 | {'p': 1, 'c': 1, 'size': 200000000, 'repeat': 10, 'sort': 'np-merge', 'user': 'alex', 'node': '2400MHz'} |       | BL-UITS-NWLT005 | alexandra | Darwin |      12.6 |
| np-merge-2400MHz-alex-200000000-1-1-3 | ok       | 14.725 | 14.725 | 2022-11-25 03:51:30 | {'p': 1, 'c': 1, 'size': 200000000, 'repeat': 10, 'sort': 'np-merge', 'user': 'alex', 'node': '2400MHz'} |       | BL-UITS-NWLT005 | alexandra | Darwin |      12.6 |
| np-merge-2400MHz-alex-200000000-1-1-4 | ok       | 15.166 | 15.166 | 2022-11-25 03:52:00 | {'p': 1, 'c': 1, 'size': 200000000, 'repeat': 10, 'sort': 'np-merge', 'user': 'alex', 'node': '2400MHz'} |       | BL-UITS-NWLT005 | alexandra | Darwin |      12.6 |
+---------------------------------------+----------+--------+--------+---------------------+----------------------------------------------------------------------------------------------------------+-------+-----------------+-----------+--------+-----------+
# csv,timer,status,time,sum,start,tag,msg,uname.node,user,uname.system,platform.version
# csv,np-merge-2400MHz-alex-200000000-1-1-0,ok,15.129,15.129,2022-11-25 03:50:02,{'p': 1, 'c': 1, 'size': 200000000, 'repeat': 10, 'sort': 'np-merge', 'user': 'alex', 'node': '2400MHz'},None,BL-UITS-NWLT005,alexandra,Darwin,12.6
# csv,np-merge-2400MHz-alex-200000000-1-1-1,ok,14.456,14.456,2022-11-25 03:50:32,{'p': 1, 'c': 1, 'size': 200000000, 'repeat': 10, 'sort': 'np-merge', 'user': 'alex', 'node': '2400MHz'},None,BL-UITS-NWLT005,alexandra,Darwin,12.6
# csv,np-merge-2400MHz-alex-200000000-1-1-2,ok,15.106,15.106,2022-11-25 03:51:00,{'p': 1, 'c': 1, 'size': 200000000, 'repeat': 10, 'sort': 'np-merge', 'user': 'alex', 'node': '2400MHz'},None,BL-UITS-NWLT005,alexandra,Darwin,12.6
# csv,np-merge-2400MHz-alex-200000000-1-1-3,ok,14.725,14.725,2022-11-25 03:51:30,{'p': 1, 'c': 1, 'size': 200000000, 'repeat': 10, 'sort': 'np-merge', 'user': 'alex', 'node': '2400MHz'},None,BL-UITS-NWLT005,alexandra,Darwin,12.6
# csv,np-merge-2400MHz-alex-200000000-1-1-4,ok,15.166,15.166,2022-11-25 03:52:00,{'p': 1, 'c': 1, 'size': 200000000, 'repeat': 10, 'sort': 'np-merge', 'user': 'alex', 'node': '2400MHz'},None,BL-UITS-NWLT005,alexandra,Darwin,12.6

