Starting experiment
Processes: 1
Cores:     1
SORT:      np-stable
Size:      400000000
Repeat:    5
Debug:     False
Algorithm: np-stable
Tag:       None
Total:     5
Experiment 4    : sort=np-stable size=400000000 processes=1 cores=1 repeat=0 last_time=undefined                     
Experiment 3    : sort=np-stable size=400000000 processes=1 cores=1 repeat=1 last_time=35.5128                     
Experiment 2    : sort=np-stable size=400000000 processes=1 cores=1 repeat=2 last_time=32.9324                     
Experiment 1    : sort=np-stable size=400000000 processes=1 cores=1 repeat=3 last_time=33.0526                     
Experiment 0    : sort=np-stable size=400000000 processes=1 cores=1 repeat=4 last_time=32.5534                     

+------------------+---------------------------------------------------------------------------------------------------+
| Attribute        | Value                                                                                             |
|------------------+---------------------------------------------------------------------------------------------------|
| cpu              | Intel(R) Core(TM) i7-9750H CPU @ 2.60GHz                                                          |
| cpu_cores        | 6                                                                                                 |
| cpu_count        | 12                                                                                                |
| cpu_threads      | 12                                                                                                |
| date             | 2022-11-25 04:09:29.491567                                                                        |
| frequency        | scpufreq(current=2600, min=2600, max=2600)                                                        |
| mem.active       | 9.1 GiB                                                                                           |
| mem.available    | 13.7 GiB                                                                                          |
| mem.free         | 4.5 GiB                                                                                           |
| mem.inactive     | 9.2 GiB                                                                                           |
| mem.percent      | 57.3 %                                                                                            |
| mem.total        | 32.0 GiB                                                                                          |
| mem.used         | 13.5 GiB                                                                                          |
| mem.wired        | 4.4 GiB                                                                                           |
| platform.version | 12.6                                                                                              |
| python           | 3.11.0 (v3.11.0:deaf509e8f, Oct 24 2022, 14:43:23) [Clang 13.0.0 (clang-1300.0.29.30)]            |
| python.pip       | 22.3.1                                                                                            |
| python.version   | 3.11.0                                                                                            |
| sys.platform     | darwin                                                                                            |
| uname.machine    | x86_64                                                                                            |
| uname.node       | BL-UITS-NWLT005                                                                                   |
| uname.processor  | i386                                                                                              |
| uname.release    | 21.6.0                                                                                            |
| uname.system     | Darwin                                                                                            |
| uname.version    | Darwin Kernel Version 21.6.0: Mon Aug 22 20:17:10 PDT 2022; root:xnu-8020.140.49~2/RELEASE_X86_64 |
| user             | alexandra                                                                                         |
+------------------+---------------------------------------------------------------------------------------------------+

+----------------------------------------+----------+--------+--------+---------------------+-----------------------------------------------------------------------------------------------------------+-------+-----------------+-----------+--------+-----------+
| Name                                   | Status   |   Time |    Sum | Start               | tag                                                                                                       | msg   | Node            | User      | OS     |   Version |
|----------------------------------------+----------+--------+--------+---------------------+-----------------------------------------------------------------------------------------------------------+-------+-----------------+-----------+--------+-----------|
| np-stable-2400MHz-alex-400000000-1-1-0 | ok       | 35.513 | 35.513 | 2022-11-25 04:03:02 | {'p': 1, 'c': 1, 'size': 400000000, 'repeat': 10, 'sort': 'np-stable', 'user': 'alex', 'node': '2400MHz'} |       | BL-UITS-NWLT005 | alexandra | Darwin |      12.6 |
| np-stable-2400MHz-alex-400000000-1-1-1 | ok       | 32.932 | 32.932 | 2022-11-25 04:04:31 | {'p': 1, 'c': 1, 'size': 400000000, 'repeat': 10, 'sort': 'np-stable', 'user': 'alex', 'node': '2400MHz'} |       | BL-UITS-NWLT005 | alexandra | Darwin |      12.6 |
| np-stable-2400MHz-alex-400000000-1-1-2 | ok       | 33.053 | 33.053 | 2022-11-25 04:05:58 | {'p': 1, 'c': 1, 'size': 400000000, 'repeat': 10, 'sort': 'np-stable', 'user': 'alex', 'node': '2400MHz'} |       | BL-UITS-NWLT005 | alexandra | Darwin |      12.6 |
| np-stable-2400MHz-alex-400000000-1-1-3 | ok       | 32.553 | 32.553 | 2022-11-25 04:07:24 | {'p': 1, 'c': 1, 'size': 400000000, 'repeat': 10, 'sort': 'np-stable', 'user': 'alex', 'node': '2400MHz'} |       | BL-UITS-NWLT005 | alexandra | Darwin |      12.6 |
| np-stable-2400MHz-alex-400000000-1-1-4 | ok       | 33.796 | 33.796 | 2022-11-25 04:08:55 | {'p': 1, 'c': 1, 'size': 400000000, 'repeat': 10, 'sort': 'np-stable', 'user': 'alex', 'node': '2400MHz'} |       | BL-UITS-NWLT005 | alexandra | Darwin |      12.6 |
+----------------------------------------+----------+--------+--------+---------------------+-----------------------------------------------------------------------------------------------------------+-------+-----------------+-----------+--------+-----------+
# csv,timer,status,time,sum,start,tag,msg,uname.node,user,uname.system,platform.version
# csv,np-stable-2400MHz-alex-400000000-1-1-0,ok,35.513,35.513,2022-11-25 04:03:02,{'p': 1, 'c': 1, 'size': 400000000, 'repeat': 10, 'sort': 'np-stable', 'user': 'alex', 'node': '2400MHz'},None,BL-UITS-NWLT005,alexandra,Darwin,12.6
# csv,np-stable-2400MHz-alex-400000000-1-1-1,ok,32.932,32.932,2022-11-25 04:04:31,{'p': 1, 'c': 1, 'size': 400000000, 'repeat': 10, 'sort': 'np-stable', 'user': 'alex', 'node': '2400MHz'},None,BL-UITS-NWLT005,alexandra,Darwin,12.6
# csv,np-stable-2400MHz-alex-400000000-1-1-2,ok,33.053,33.053,2022-11-25 04:05:58,{'p': 1, 'c': 1, 'size': 400000000, 'repeat': 10, 'sort': 'np-stable', 'user': 'alex', 'node': '2400MHz'},None,BL-UITS-NWLT005,alexandra,Darwin,12.6
# csv,np-stable-2400MHz-alex-400000000-1-1-3,ok,32.553,32.553,2022-11-25 04:07:24,{'p': 1, 'c': 1, 'size': 400000000, 'repeat': 10, 'sort': 'np-stable', 'user': 'alex', 'node': '2400MHz'},None,BL-UITS-NWLT005,alexandra,Darwin,12.6
# csv,np-stable-2400MHz-alex-400000000-1-1-4,ok,33.796,33.796,2022-11-25 04:08:55,{'p': 1, 'c': 1, 'size': 400000000, 'repeat': 10, 'sort': 'np-stable', 'user': 'alex', 'node': '2400MHz'},None,BL-UITS-NWLT005,alexandra,Darwin,12.6

