SORT: mp
Starting experiment
Processes: 1
Cores:     17
Size:      10000
Repeat:    10
Debug:     False
Algorithm: mp
Tag:       None
Total:     10
Experiment 9         : size=10000 processes=1 cores=17 repeat=0 last_time=undefined                     
Experiment 8         : size=10000 processes=1 cores=17 repeat=1 last_time=0.0717                     
Experiment 7         : size=10000 processes=1 cores=17 repeat=2 last_time=0.065                     
Experiment 6         : size=10000 processes=1 cores=17 repeat=3 last_time=0.0622                     
Experiment 5         : size=10000 processes=1 cores=17 repeat=4 last_time=0.0578                     
Experiment 4         : size=10000 processes=1 cores=17 repeat=5 last_time=0.063                     
Experiment 3         : size=10000 processes=1 cores=17 repeat=6 last_time=0.054                     
Experiment 2         : size=10000 processes=1 cores=17 repeat=7 last_time=0.0593                     
Experiment 1         : size=10000 processes=1 cores=17 repeat=8 last_time=0.0669                     
Experiment 0         : size=10000 processes=1 cores=17 repeat=9 last_time=0.0661                     

+---------------------------------+--------------------------------------------------------------+
| Attribute                       | Value                                                        |
|---------------------------------+--------------------------------------------------------------|
| ANSI_COLOR                      | "0;31"                                                       |
| BUG_REPORT_URL                  | "https://bugzilla.redhat.com/"                               |
| CPE_NAME                        | "cpe:/o:redhat:enterprise_linux:7.9:GA:server"               |
| HOME_URL                        | "https://www.redhat.com/"                                    |
| ID                              | "rhel"                                                       |
| ID_LIKE                         | "fedora"                                                     |
| NAME                            | "Red Hat Enterprise Linux Server"                            |
| PRETTY_NAME                     | "Red Hat Enterprise Linux Server 7.9 (Maipo)"                |
| REDHAT_BUGZILLA_PRODUCT         | "Red Hat Enterprise Linux 7"                                 |
| REDHAT_BUGZILLA_PRODUCT_VERSION | 7.9                                                          |
| REDHAT_SUPPORT_PRODUCT          | "Red Hat Enterprise Linux"                                   |
| REDHAT_SUPPORT_PRODUCT_VERSION  | "7.9"                                                        |
| VARIANT                         | "Server"                                                     |
| VARIANT_ID                      | "server"                                                     |
| VERSION                         | "7.9 (Maipo)"                                                |
| VERSION_ID                      | "7.9"                                                        |
| cpu                             | Intel(R) Xeon(R) CPU E5-2680 v3 @ 2.50GHz                    |
| cpu_cores                       | 24                                                           |
| cpu_count                       | 24                                                           |
| cpu_threads                     | 24                                                           |
| date                            | 2022-11-18 05:16:47.068047                                   |
| frequency                       | scpufreq(current=1.5316250000000002, min=1200.0, max=3300.0) |
| mem.active                      | 84.7 GiB                                                     |
| mem.available                   | 171.9 GiB                                                    |
| mem.free                        | 71.3 GiB                                                     |
| mem.inactive                    | 39.0 GiB                                                     |
| mem.percent                     | 31.6 %                                                       |
| mem.total                       | 251.2 GiB                                                    |
| mem.used                        | 58.9 GiB                                                     |
| platform.version                | #1 SMP Tue Jul 26 14:15:37 UTC 2022                          |
| python                          | 3.9.8 (main, Feb  8 2022, 08:35:13)                          |
|                                 | [GCC 6.3.0]                                                  |
| python.pip                      | 22.2.2                                                       |
| python.version                  | 3.9.8                                                        |
| sys.platform                    | linux                                                        |
| uname.machine                   | x86_64                                                       |
| uname.node                      | h1.carbonate.uits.iu.edu                                     |
| uname.processor                 | x86_64                                                       |
| uname.release                   | 3.10.0-1160.76.1.el7.x86_64                                  |
| uname.system                    | Linux                                                        |
| uname.version                   | #1 SMP Tue Jul 26 14:15:37 UTC 2022                          |
| user                            | haiyang                                                      |
+---------------------------------+--------------------------------------------------------------+

+---------------------------+----------+--------+-------+---------------------+----------------------------------------------------------------------------------------------+-------+--------------------------+---------+-------+-------------------------------------+
| Name                      | Status   |   Time |   Sum | Start               | tag                                                                                          | msg   | Node                     | User    | OS    | Version                             |
|---------------------------+----------+--------+-------+---------------------+----------------------------------------------------------------------------------------------+-------+--------------------------+---------+-------+-------------------------------------|
| mp-v100-alex-10000-1-17-0 | ok       |  0.072 | 0.072 | 2022-11-18 05:16:46 | {'p': 1, 'c': 17, 'size': 10000, 'repeat': 10, 'sort': 'mp', 'user': 'alex', 'node': 'v100'} |       | h1.carbonate.uits.iu.edu | haiyang | Linux | #1 SMP Tue Jul 26 14:15:37 UTC 2022 |
| mp-v100-alex-10000-1-17-1 | ok       |  0.065 | 0.065 | 2022-11-18 05:16:46 | {'p': 1, 'c': 17, 'size': 10000, 'repeat': 10, 'sort': 'mp', 'user': 'alex', 'node': 'v100'} |       | h1.carbonate.uits.iu.edu | haiyang | Linux | #1 SMP Tue Jul 26 14:15:37 UTC 2022 |
| mp-v100-alex-10000-1-17-2 | ok       |  0.062 | 0.062 | 2022-11-18 05:16:46 | {'p': 1, 'c': 17, 'size': 10000, 'repeat': 10, 'sort': 'mp', 'user': 'alex', 'node': 'v100'} |       | h1.carbonate.uits.iu.edu | haiyang | Linux | #1 SMP Tue Jul 26 14:15:37 UTC 2022 |
| mp-v100-alex-10000-1-17-3 | ok       |  0.058 | 0.058 | 2022-11-18 05:16:46 | {'p': 1, 'c': 17, 'size': 10000, 'repeat': 10, 'sort': 'mp', 'user': 'alex', 'node': 'v100'} |       | h1.carbonate.uits.iu.edu | haiyang | Linux | #1 SMP Tue Jul 26 14:15:37 UTC 2022 |
| mp-v100-alex-10000-1-17-4 | ok       |  0.063 | 0.063 | 2022-11-18 05:16:46 | {'p': 1, 'c': 17, 'size': 10000, 'repeat': 10, 'sort': 'mp', 'user': 'alex', 'node': 'v100'} |       | h1.carbonate.uits.iu.edu | haiyang | Linux | #1 SMP Tue Jul 26 14:15:37 UTC 2022 |
| mp-v100-alex-10000-1-17-5 | ok       |  0.054 | 0.054 | 2022-11-18 05:16:46 | {'p': 1, 'c': 17, 'size': 10000, 'repeat': 10, 'sort': 'mp', 'user': 'alex', 'node': 'v100'} |       | h1.carbonate.uits.iu.edu | haiyang | Linux | #1 SMP Tue Jul 26 14:15:37 UTC 2022 |
| mp-v100-alex-10000-1-17-6 | ok       |  0.059 | 0.059 | 2022-11-18 05:16:46 | {'p': 1, 'c': 17, 'size': 10000, 'repeat': 10, 'sort': 'mp', 'user': 'alex', 'node': 'v100'} |       | h1.carbonate.uits.iu.edu | haiyang | Linux | #1 SMP Tue Jul 26 14:15:37 UTC 2022 |
| mp-v100-alex-10000-1-17-7 | ok       |  0.067 | 0.067 | 2022-11-18 05:16:46 | {'p': 1, 'c': 17, 'size': 10000, 'repeat': 10, 'sort': 'mp', 'user': 'alex', 'node': 'v100'} |       | h1.carbonate.uits.iu.edu | haiyang | Linux | #1 SMP Tue Jul 26 14:15:37 UTC 2022 |
| mp-v100-alex-10000-1-17-8 | ok       |  0.066 | 0.066 | 2022-11-18 05:16:46 | {'p': 1, 'c': 17, 'size': 10000, 'repeat': 10, 'sort': 'mp', 'user': 'alex', 'node': 'v100'} |       | h1.carbonate.uits.iu.edu | haiyang | Linux | #1 SMP Tue Jul 26 14:15:37 UTC 2022 |
| mp-v100-alex-10000-1-17-9 | ok       |  0.052 | 0.052 | 2022-11-18 05:16:46 | {'p': 1, 'c': 17, 'size': 10000, 'repeat': 10, 'sort': 'mp', 'user': 'alex', 'node': 'v100'} |       | h1.carbonate.uits.iu.edu | haiyang | Linux | #1 SMP Tue Jul 26 14:15:37 UTC 2022 |
+---------------------------+----------+--------+-------+---------------------+----------------------------------------------------------------------------------------------+-------+--------------------------+---------+-------+-------------------------------------+
# csv,timer,status,time,sum,start,tag,msg,uname.node,user,uname.system,platform.version
# csv,mp-v100-alex-10000-1-17-0,ok,0.072,0.072,2022-11-18 05:16:46,{'p': 1, 'c': 17, 'size': 10000, 'repeat': 10, 'sort': 'mp', 'user': 'alex', 'node': 'v100'},None,h1.carbonate.uits.iu.edu,haiyang,Linux,#1 SMP Tue Jul 26 14:15:37 UTC 2022
# csv,mp-v100-alex-10000-1-17-1,ok,0.065,0.065,2022-11-18 05:16:46,{'p': 1, 'c': 17, 'size': 10000, 'repeat': 10, 'sort': 'mp', 'user': 'alex', 'node': 'v100'},None,h1.carbonate.uits.iu.edu,haiyang,Linux,#1 SMP Tue Jul 26 14:15:37 UTC 2022
# csv,mp-v100-alex-10000-1-17-2,ok,0.062,0.062,2022-11-18 05:16:46,{'p': 1, 'c': 17, 'size': 10000, 'repeat': 10, 'sort': 'mp', 'user': 'alex', 'node': 'v100'},None,h1.carbonate.uits.iu.edu,haiyang,Linux,#1 SMP Tue Jul 26 14:15:37 UTC 2022
# csv,mp-v100-alex-10000-1-17-3,ok,0.058,0.058,2022-11-18 05:16:46,{'p': 1, 'c': 17, 'size': 10000, 'repeat': 10, 'sort': 'mp', 'user': 'alex', 'node': 'v100'},None,h1.carbonate.uits.iu.edu,haiyang,Linux,#1 SMP Tue Jul 26 14:15:37 UTC 2022
# csv,mp-v100-alex-10000-1-17-4,ok,0.063,0.063,2022-11-18 05:16:46,{'p': 1, 'c': 17, 'size': 10000, 'repeat': 10, 'sort': 'mp', 'user': 'alex', 'node': 'v100'},None,h1.carbonate.uits.iu.edu,haiyang,Linux,#1 SMP Tue Jul 26 14:15:37 UTC 2022
# csv,mp-v100-alex-10000-1-17-5,ok,0.054,0.054,2022-11-18 05:16:46,{'p': 1, 'c': 17, 'size': 10000, 'repeat': 10, 'sort': 'mp', 'user': 'alex', 'node': 'v100'},None,h1.carbonate.uits.iu.edu,haiyang,Linux,#1 SMP Tue Jul 26 14:15:37 UTC 2022
# csv,mp-v100-alex-10000-1-17-6,ok,0.059,0.059,2022-11-18 05:16:46,{'p': 1, 'c': 17, 'size': 10000, 'repeat': 10, 'sort': 'mp', 'user': 'alex', 'node': 'v100'},None,h1.carbonate.uits.iu.edu,haiyang,Linux,#1 SMP Tue Jul 26 14:15:37 UTC 2022
# csv,mp-v100-alex-10000-1-17-7,ok,0.067,0.067,2022-11-18 05:16:46,{'p': 1, 'c': 17, 'size': 10000, 'repeat': 10, 'sort': 'mp', 'user': 'alex', 'node': 'v100'},None,h1.carbonate.uits.iu.edu,haiyang,Linux,#1 SMP Tue Jul 26 14:15:37 UTC 2022
# csv,mp-v100-alex-10000-1-17-8,ok,0.066,0.066,2022-11-18 05:16:46,{'p': 1, 'c': 17, 'size': 10000, 'repeat': 10, 'sort': 'mp', 'user': 'alex', 'node': 'v100'},None,h1.carbonate.uits.iu.edu,haiyang,Linux,#1 SMP Tue Jul 26 14:15:37 UTC 2022
# csv,mp-v100-alex-10000-1-17-9,ok,0.052,0.052,2022-11-18 05:16:46,{'p': 1, 'c': 17, 'size': 10000, 'repeat': 10, 'sort': 'mp', 'user': 'alex', 'node': 'v100'},None,h1.carbonate.uits.iu.edu,haiyang,Linux,#1 SMP Tue Jul 26 14:15:37 UTC 2022

