SORT: mp
Starting experiment
Processes: 1
Cores:     5
Size:      10000000
Repeat:    10
Debug:     False
Algorithm: mp
Tag:       None
Total:     10
Experiment 9         : size=10000000 processes=1 cores=5 repeat=0 last_time=undefined                     
Experiment 8         : size=10000000 processes=1 cores=5 repeat=1 last_time=3.9862                     
Experiment 7         : size=10000000 processes=1 cores=5 repeat=2 last_time=3.3757                     
Experiment 6         : size=10000000 processes=1 cores=5 repeat=3 last_time=3.6551                     
Experiment 5         : size=10000000 processes=1 cores=5 repeat=4 last_time=3.2616                     
Experiment 4         : size=10000000 processes=1 cores=5 repeat=5 last_time=3.1983                     
Experiment 3         : size=10000000 processes=1 cores=5 repeat=6 last_time=3.1592                     
Experiment 2         : size=10000000 processes=1 cores=5 repeat=7 last_time=3.2297                     
Experiment 1         : size=10000000 processes=1 cores=5 repeat=8 last_time=3.4441                     
Experiment 0         : size=10000000 processes=1 cores=5 repeat=9 last_time=3.249                     

+---------------------------------+-------------------------------------------------------------+
| Attribute                       | Value                                                       |
|---------------------------------+-------------------------------------------------------------|
| ANSI_COLOR                      | "0;31"                                                      |
| BUG_REPORT_URL                  | "https://bugzilla.redhat.com/"                              |
| CPE_NAME                        | "cpe:/o:redhat:enterprise_linux:7.9:GA:server"              |
| HOME_URL                        | "https://www.redhat.com/"                                   |
| ID                              | "rhel"                                                      |
| ID_LIKE                         | "fedora"                                                    |
| NAME                            | "Red Hat Enterprise Linux Server"                           |
| PRETTY_NAME                     | "Red Hat Enterprise Linux Server 7.9 (Maipo)"               |
| REDHAT_BUGZILLA_PRODUCT         | "Red Hat Enterprise Linux 7"                                |
| REDHAT_BUGZILLA_PRODUCT_VERSION | 7.9                                                         |
| REDHAT_SUPPORT_PRODUCT          | "Red Hat Enterprise Linux"                                  |
| REDHAT_SUPPORT_PRODUCT_VERSION  | "7.9"                                                       |
| VARIANT                         | "Server"                                                    |
| VARIANT_ID                      | "server"                                                    |
| VERSION                         | "7.9 (Maipo)"                                               |
| VERSION_ID                      | "7.9"                                                       |
| cpu                             | Intel(R) Xeon(R) CPU E5-2680 v3 @ 2.50GHz                   |
| cpu_cores                       | 24                                                          |
| cpu_count                       | 24                                                          |
| cpu_threads                     | 24                                                          |
| date                            | 2022-11-18 03:33:01.652005                                  |
| frequency                       | scpufreq(current=1.433041666666667, min=1200.0, max=3300.0) |
| mem.active                      | 20.9 GiB                                                    |
| mem.available                   | 181.2 GiB                                                   |
| mem.free                        | 163.7 GiB                                                   |
| mem.inactive                    | 20.9 GiB                                                    |
| mem.percent                     | 27.9 %                                                      |
| mem.total                       | 251.2 GiB                                                   |
| mem.used                        | 49.6 GiB                                                    |
| platform.version                | #1 SMP Tue Jul 26 14:15:37 UTC 2022                         |
| python                          | 3.9.8 (main, Feb  8 2022, 08:35:13)                         |
|                                 | [GCC 6.3.0]                                                 |
| python.pip                      | 22.2.2                                                      |
| python.version                  | 3.9.8                                                       |
| sys.platform                    | linux                                                       |
| uname.machine                   | x86_64                                                      |
| uname.node                      | h1.carbonate.uits.iu.edu                                    |
| uname.processor                 | x86_64                                                      |
| uname.release                   | 3.10.0-1160.76.1.el7.x86_64                                 |
| uname.system                    | Linux                                                       |
| uname.version                   | #1 SMP Tue Jul 26 14:15:37 UTC 2022                         |
| user                            | haiyang                                                     |
+---------------------------------+-------------------------------------------------------------+

+-----------------------------+----------+--------+-------+---------------------+------------------------------------------------------------------------------------------------+-------+--------------------------+---------+-------+-------------------------------------+
| Name                        | Status   |   Time |   Sum | Start               | tag                                                                                            | msg   | Node                     | User    | OS    | Version                             |
|-----------------------------+----------+--------+-------+---------------------+------------------------------------------------------------------------------------------------+-------+--------------------------+---------+-------+-------------------------------------|
| mp-v100-alex-10000000-1-5-0 | ok       |  3.986 | 3.986 | 2022-11-18 03:30:54 | {'p': 1, 'c': 5, 'size': 10000000, 'repeat': 10, 'sort': 'mp', 'user': 'alex', 'node': 'v100'} |       | h1.carbonate.uits.iu.edu | haiyang | Linux | #1 SMP Tue Jul 26 14:15:37 UTC 2022 |
| mp-v100-alex-10000000-1-5-1 | ok       |  3.376 | 3.376 | 2022-11-18 03:31:08 | {'p': 1, 'c': 5, 'size': 10000000, 'repeat': 10, 'sort': 'mp', 'user': 'alex', 'node': 'v100'} |       | h1.carbonate.uits.iu.edu | haiyang | Linux | #1 SMP Tue Jul 26 14:15:37 UTC 2022 |
| mp-v100-alex-10000000-1-5-2 | ok       |  3.655 | 3.655 | 2022-11-18 03:31:22 | {'p': 1, 'c': 5, 'size': 10000000, 'repeat': 10, 'sort': 'mp', 'user': 'alex', 'node': 'v100'} |       | h1.carbonate.uits.iu.edu | haiyang | Linux | #1 SMP Tue Jul 26 14:15:37 UTC 2022 |
| mp-v100-alex-10000000-1-5-3 | ok       |  3.262 | 3.262 | 2022-11-18 03:31:36 | {'p': 1, 'c': 5, 'size': 10000000, 'repeat': 10, 'sort': 'mp', 'user': 'alex', 'node': 'v100'} |       | h1.carbonate.uits.iu.edu | haiyang | Linux | #1 SMP Tue Jul 26 14:15:37 UTC 2022 |
| mp-v100-alex-10000000-1-5-4 | ok       |  3.198 | 3.198 | 2022-11-18 03:31:49 | {'p': 1, 'c': 5, 'size': 10000000, 'repeat': 10, 'sort': 'mp', 'user': 'alex', 'node': 'v100'} |       | h1.carbonate.uits.iu.edu | haiyang | Linux | #1 SMP Tue Jul 26 14:15:37 UTC 2022 |
| mp-v100-alex-10000000-1-5-5 | ok       |  3.159 | 3.159 | 2022-11-18 03:32:03 | {'p': 1, 'c': 5, 'size': 10000000, 'repeat': 10, 'sort': 'mp', 'user': 'alex', 'node': 'v100'} |       | h1.carbonate.uits.iu.edu | haiyang | Linux | #1 SMP Tue Jul 26 14:15:37 UTC 2022 |
| mp-v100-alex-10000000-1-5-6 | ok       |  3.23  | 3.23  | 2022-11-18 03:32:16 | {'p': 1, 'c': 5, 'size': 10000000, 'repeat': 10, 'sort': 'mp', 'user': 'alex', 'node': 'v100'} |       | h1.carbonate.uits.iu.edu | haiyang | Linux | #1 SMP Tue Jul 26 14:15:37 UTC 2022 |
| mp-v100-alex-10000000-1-5-7 | ok       |  3.444 | 3.444 | 2022-11-18 03:32:30 | {'p': 1, 'c': 5, 'size': 10000000, 'repeat': 10, 'sort': 'mp', 'user': 'alex', 'node': 'v100'} |       | h1.carbonate.uits.iu.edu | haiyang | Linux | #1 SMP Tue Jul 26 14:15:37 UTC 2022 |
| mp-v100-alex-10000000-1-5-8 | ok       |  3.249 | 3.249 | 2022-11-18 03:32:44 | {'p': 1, 'c': 5, 'size': 10000000, 'repeat': 10, 'sort': 'mp', 'user': 'alex', 'node': 'v100'} |       | h1.carbonate.uits.iu.edu | haiyang | Linux | #1 SMP Tue Jul 26 14:15:37 UTC 2022 |
| mp-v100-alex-10000000-1-5-9 | ok       |  3.242 | 3.242 | 2022-11-18 03:32:58 | {'p': 1, 'c': 5, 'size': 10000000, 'repeat': 10, 'sort': 'mp', 'user': 'alex', 'node': 'v100'} |       | h1.carbonate.uits.iu.edu | haiyang | Linux | #1 SMP Tue Jul 26 14:15:37 UTC 2022 |
+-----------------------------+----------+--------+-------+---------------------+------------------------------------------------------------------------------------------------+-------+--------------------------+---------+-------+-------------------------------------+
# csv,timer,status,time,sum,start,tag,msg,uname.node,user,uname.system,platform.version
# csv,mp-v100-alex-10000000-1-5-0,ok,3.986,3.986,2022-11-18 03:30:54,{'p': 1, 'c': 5, 'size': 10000000, 'repeat': 10, 'sort': 'mp', 'user': 'alex', 'node': 'v100'},None,h1.carbonate.uits.iu.edu,haiyang,Linux,#1 SMP Tue Jul 26 14:15:37 UTC 2022
# csv,mp-v100-alex-10000000-1-5-1,ok,3.376,3.376,2022-11-18 03:31:08,{'p': 1, 'c': 5, 'size': 10000000, 'repeat': 10, 'sort': 'mp', 'user': 'alex', 'node': 'v100'},None,h1.carbonate.uits.iu.edu,haiyang,Linux,#1 SMP Tue Jul 26 14:15:37 UTC 2022
# csv,mp-v100-alex-10000000-1-5-2,ok,3.655,3.655,2022-11-18 03:31:22,{'p': 1, 'c': 5, 'size': 10000000, 'repeat': 10, 'sort': 'mp', 'user': 'alex', 'node': 'v100'},None,h1.carbonate.uits.iu.edu,haiyang,Linux,#1 SMP Tue Jul 26 14:15:37 UTC 2022
# csv,mp-v100-alex-10000000-1-5-3,ok,3.262,3.262,2022-11-18 03:31:36,{'p': 1, 'c': 5, 'size': 10000000, 'repeat': 10, 'sort': 'mp', 'user': 'alex', 'node': 'v100'},None,h1.carbonate.uits.iu.edu,haiyang,Linux,#1 SMP Tue Jul 26 14:15:37 UTC 2022
# csv,mp-v100-alex-10000000-1-5-4,ok,3.198,3.198,2022-11-18 03:31:49,{'p': 1, 'c': 5, 'size': 10000000, 'repeat': 10, 'sort': 'mp', 'user': 'alex', 'node': 'v100'},None,h1.carbonate.uits.iu.edu,haiyang,Linux,#1 SMP Tue Jul 26 14:15:37 UTC 2022
# csv,mp-v100-alex-10000000-1-5-5,ok,3.159,3.159,2022-11-18 03:32:03,{'p': 1, 'c': 5, 'size': 10000000, 'repeat': 10, 'sort': 'mp', 'user': 'alex', 'node': 'v100'},None,h1.carbonate.uits.iu.edu,haiyang,Linux,#1 SMP Tue Jul 26 14:15:37 UTC 2022
# csv,mp-v100-alex-10000000-1-5-6,ok,3.23,3.23,2022-11-18 03:32:16,{'p': 1, 'c': 5, 'size': 10000000, 'repeat': 10, 'sort': 'mp', 'user': 'alex', 'node': 'v100'},None,h1.carbonate.uits.iu.edu,haiyang,Linux,#1 SMP Tue Jul 26 14:15:37 UTC 2022
# csv,mp-v100-alex-10000000-1-5-7,ok,3.444,3.444,2022-11-18 03:32:30,{'p': 1, 'c': 5, 'size': 10000000, 'repeat': 10, 'sort': 'mp', 'user': 'alex', 'node': 'v100'},None,h1.carbonate.uits.iu.edu,haiyang,Linux,#1 SMP Tue Jul 26 14:15:37 UTC 2022
# csv,mp-v100-alex-10000000-1-5-8,ok,3.249,3.249,2022-11-18 03:32:44,{'p': 1, 'c': 5, 'size': 10000000, 'repeat': 10, 'sort': 'mp', 'user': 'alex', 'node': 'v100'},None,h1.carbonate.uits.iu.edu,haiyang,Linux,#1 SMP Tue Jul 26 14:15:37 UTC 2022
# csv,mp-v100-alex-10000000-1-5-9,ok,3.242,3.242,2022-11-18 03:32:58,{'p': 1, 'c': 5, 'size': 10000000, 'repeat': 10, 'sort': 'mp', 'user': 'alex', 'node': 'v100'},None,h1.carbonate.uits.iu.edu,haiyang,Linux,#1 SMP Tue Jul 26 14:15:37 UTC 2022

