SORT: mp
Starting experiment
Processes: 1
Cores:     14
Size:      10000000
Repeat:    10
Debug:     False
Algorithm: mp
Tag:       None
Total:     10
Experiment 9         : size=10000000 processes=1 cores=14 repeat=0 last_time=undefined                     
Experiment 8         : size=10000000 processes=1 cores=14 repeat=1 last_time=2.5759                     
Experiment 7         : size=10000000 processes=1 cores=14 repeat=2 last_time=2.5897                     
Experiment 6         : size=10000000 processes=1 cores=14 repeat=3 last_time=3.0896                     
Experiment 5         : size=10000000 processes=1 cores=14 repeat=4 last_time=2.7225                     
Experiment 4         : size=10000000 processes=1 cores=14 repeat=5 last_time=2.7596                     
Experiment 3         : size=10000000 processes=1 cores=14 repeat=6 last_time=2.392                     
Experiment 2         : size=10000000 processes=1 cores=14 repeat=7 last_time=3.5258                     
Experiment 1         : size=10000000 processes=1 cores=14 repeat=8 last_time=2.8396                     
Experiment 0         : size=10000000 processes=1 cores=14 repeat=9 last_time=3.7674                     

+---------------------------------+-------------------------------------------------------------+
| Attribute                       | Value                                                       |
|---------------------------------+-------------------------------------------------------------|
| ANSI_COLOR                      | "0;31"                                                      |
| BUG_REPORT_URL                  | "https://bugzilla.redhat.com/"                              |
| CPE_NAME                        | "cpe:/o:redhat:enterprise_linux:7.9:GA:server"              |
| HOME_URL                        | "https://www.redhat.com/"                                   |
| ID                              | "rhel"                                                      |
| ID_LIKE                         | "fedora"                                                    |
| NAME                            | "Red Hat Enterprise Linux Server"                           |
| PRETTY_NAME                     | "Red Hat Enterprise Linux Server 7.9 (Maipo)"               |
| REDHAT_BUGZILLA_PRODUCT         | "Red Hat Enterprise Linux 7"                                |
| REDHAT_BUGZILLA_PRODUCT_VERSION | 7.9                                                         |
| REDHAT_SUPPORT_PRODUCT          | "Red Hat Enterprise Linux"                                  |
| REDHAT_SUPPORT_PRODUCT_VERSION  | "7.9"                                                       |
| VARIANT                         | "Server"                                                    |
| VARIANT_ID                      | "server"                                                    |
| VERSION                         | "7.9 (Maipo)"                                               |
| VERSION_ID                      | "7.9"                                                       |
| cpu                             | Intel(R) Xeon(R) CPU E5-2680 v3 @ 2.50GHz                   |
| cpu_cores                       | 24                                                          |
| cpu_count                       | 24                                                          |
| cpu_threads                     | 24                                                          |
| date                            | 2022-11-18 04:57:36.165838                                  |
| frequency                       | scpufreq(current=1.609416666666667, min=1200.0, max=3300.0) |
| mem.active                      | 87.2 GiB                                                    |
| mem.available                   | 169.4 GiB                                                   |
| mem.free                        | 64.2 GiB                                                    |
| mem.inactive                    | 43.1 GiB                                                    |
| mem.percent                     | 32.6 %                                                      |
| mem.total                       | 251.2 GiB                                                   |
| mem.used                        | 61.4 GiB                                                    |
| platform.version                | #1 SMP Tue Jul 26 14:15:37 UTC 2022                         |
| python                          | 3.9.8 (main, Feb  8 2022, 08:35:13)                         |
|                                 | [GCC 6.3.0]                                                 |
| python.pip                      | 22.2.2                                                      |
| python.version                  | 3.9.8                                                       |
| sys.platform                    | linux                                                       |
| uname.machine                   | x86_64                                                      |
| uname.node                      | h1.carbonate.uits.iu.edu                                    |
| uname.processor                 | x86_64                                                      |
| uname.release                   | 3.10.0-1160.76.1.el7.x86_64                                 |
| uname.system                    | Linux                                                       |
| uname.version                   | #1 SMP Tue Jul 26 14:15:37 UTC 2022                         |
| user                            | haiyang                                                     |
+---------------------------------+-------------------------------------------------------------+

+------------------------------+----------+--------+-------+---------------------+-------------------------------------------------------------------------------------------------+-------+--------------------------+---------+-------+-------------------------------------+
| Name                         | Status   |   Time |   Sum | Start               | tag                                                                                             | msg   | Node                     | User    | OS    | Version                             |
|------------------------------+----------+--------+-------+---------------------+-------------------------------------------------------------------------------------------------+-------+--------------------------+---------+-------+-------------------------------------|
| mp-v100-alex-10000000-1-14-0 | ok       |  2.576 | 2.576 | 2022-11-18 04:55:28 | {'p': 1, 'c': 14, 'size': 10000000, 'repeat': 10, 'sort': 'mp', 'user': 'alex', 'node': 'v100'} |       | h1.carbonate.uits.iu.edu | haiyang | Linux | #1 SMP Tue Jul 26 14:15:37 UTC 2022 |
| mp-v100-alex-10000000-1-14-1 | ok       |  2.59  | 2.59  | 2022-11-18 04:55:42 | {'p': 1, 'c': 14, 'size': 10000000, 'repeat': 10, 'sort': 'mp', 'user': 'alex', 'node': 'v100'} |       | h1.carbonate.uits.iu.edu | haiyang | Linux | #1 SMP Tue Jul 26 14:15:37 UTC 2022 |
| mp-v100-alex-10000000-1-14-2 | ok       |  3.09  | 3.09  | 2022-11-18 04:55:55 | {'p': 1, 'c': 14, 'size': 10000000, 'repeat': 10, 'sort': 'mp', 'user': 'alex', 'node': 'v100'} |       | h1.carbonate.uits.iu.edu | haiyang | Linux | #1 SMP Tue Jul 26 14:15:37 UTC 2022 |
| mp-v100-alex-10000000-1-14-3 | ok       |  2.723 | 2.723 | 2022-11-18 04:56:09 | {'p': 1, 'c': 14, 'size': 10000000, 'repeat': 10, 'sort': 'mp', 'user': 'alex', 'node': 'v100'} |       | h1.carbonate.uits.iu.edu | haiyang | Linux | #1 SMP Tue Jul 26 14:15:37 UTC 2022 |
| mp-v100-alex-10000000-1-14-4 | ok       |  2.76  | 2.76  | 2022-11-18 04:56:23 | {'p': 1, 'c': 14, 'size': 10000000, 'repeat': 10, 'sort': 'mp', 'user': 'alex', 'node': 'v100'} |       | h1.carbonate.uits.iu.edu | haiyang | Linux | #1 SMP Tue Jul 26 14:15:37 UTC 2022 |
| mp-v100-alex-10000000-1-14-5 | ok       |  2.392 | 2.392 | 2022-11-18 04:56:37 | {'p': 1, 'c': 14, 'size': 10000000, 'repeat': 10, 'sort': 'mp', 'user': 'alex', 'node': 'v100'} |       | h1.carbonate.uits.iu.edu | haiyang | Linux | #1 SMP Tue Jul 26 14:15:37 UTC 2022 |
| mp-v100-alex-10000000-1-14-6 | ok       |  3.526 | 3.526 | 2022-11-18 04:56:50 | {'p': 1, 'c': 14, 'size': 10000000, 'repeat': 10, 'sort': 'mp', 'user': 'alex', 'node': 'v100'} |       | h1.carbonate.uits.iu.edu | haiyang | Linux | #1 SMP Tue Jul 26 14:15:37 UTC 2022 |
| mp-v100-alex-10000000-1-14-7 | ok       |  2.84  | 2.84  | 2022-11-18 04:57:04 | {'p': 1, 'c': 14, 'size': 10000000, 'repeat': 10, 'sort': 'mp', 'user': 'alex', 'node': 'v100'} |       | h1.carbonate.uits.iu.edu | haiyang | Linux | #1 SMP Tue Jul 26 14:15:37 UTC 2022 |
| mp-v100-alex-10000000-1-14-8 | ok       |  3.767 | 3.767 | 2022-11-18 04:57:19 | {'p': 1, 'c': 14, 'size': 10000000, 'repeat': 10, 'sort': 'mp', 'user': 'alex', 'node': 'v100'} |       | h1.carbonate.uits.iu.edu | haiyang | Linux | #1 SMP Tue Jul 26 14:15:37 UTC 2022 |
| mp-v100-alex-10000000-1-14-9 | ok       |  2.613 | 2.613 | 2022-11-18 04:57:33 | {'p': 1, 'c': 14, 'size': 10000000, 'repeat': 10, 'sort': 'mp', 'user': 'alex', 'node': 'v100'} |       | h1.carbonate.uits.iu.edu | haiyang | Linux | #1 SMP Tue Jul 26 14:15:37 UTC 2022 |
+------------------------------+----------+--------+-------+---------------------+-------------------------------------------------------------------------------------------------+-------+--------------------------+---------+-------+-------------------------------------+
# csv,timer,status,time,sum,start,tag,msg,uname.node,user,uname.system,platform.version
# csv,mp-v100-alex-10000000-1-14-0,ok,2.576,2.576,2022-11-18 04:55:28,{'p': 1, 'c': 14, 'size': 10000000, 'repeat': 10, 'sort': 'mp', 'user': 'alex', 'node': 'v100'},None,h1.carbonate.uits.iu.edu,haiyang,Linux,#1 SMP Tue Jul 26 14:15:37 UTC 2022
# csv,mp-v100-alex-10000000-1-14-1,ok,2.59,2.59,2022-11-18 04:55:42,{'p': 1, 'c': 14, 'size': 10000000, 'repeat': 10, 'sort': 'mp', 'user': 'alex', 'node': 'v100'},None,h1.carbonate.uits.iu.edu,haiyang,Linux,#1 SMP Tue Jul 26 14:15:37 UTC 2022
# csv,mp-v100-alex-10000000-1-14-2,ok,3.09,3.09,2022-11-18 04:55:55,{'p': 1, 'c': 14, 'size': 10000000, 'repeat': 10, 'sort': 'mp', 'user': 'alex', 'node': 'v100'},None,h1.carbonate.uits.iu.edu,haiyang,Linux,#1 SMP Tue Jul 26 14:15:37 UTC 2022
# csv,mp-v100-alex-10000000-1-14-3,ok,2.723,2.723,2022-11-18 04:56:09,{'p': 1, 'c': 14, 'size': 10000000, 'repeat': 10, 'sort': 'mp', 'user': 'alex', 'node': 'v100'},None,h1.carbonate.uits.iu.edu,haiyang,Linux,#1 SMP Tue Jul 26 14:15:37 UTC 2022
# csv,mp-v100-alex-10000000-1-14-4,ok,2.76,2.76,2022-11-18 04:56:23,{'p': 1, 'c': 14, 'size': 10000000, 'repeat': 10, 'sort': 'mp', 'user': 'alex', 'node': 'v100'},None,h1.carbonate.uits.iu.edu,haiyang,Linux,#1 SMP Tue Jul 26 14:15:37 UTC 2022
# csv,mp-v100-alex-10000000-1-14-5,ok,2.392,2.392,2022-11-18 04:56:37,{'p': 1, 'c': 14, 'size': 10000000, 'repeat': 10, 'sort': 'mp', 'user': 'alex', 'node': 'v100'},None,h1.carbonate.uits.iu.edu,haiyang,Linux,#1 SMP Tue Jul 26 14:15:37 UTC 2022
# csv,mp-v100-alex-10000000-1-14-6,ok,3.526,3.526,2022-11-18 04:56:50,{'p': 1, 'c': 14, 'size': 10000000, 'repeat': 10, 'sort': 'mp', 'user': 'alex', 'node': 'v100'},None,h1.carbonate.uits.iu.edu,haiyang,Linux,#1 SMP Tue Jul 26 14:15:37 UTC 2022
# csv,mp-v100-alex-10000000-1-14-7,ok,2.84,2.84,2022-11-18 04:57:04,{'p': 1, 'c': 14, 'size': 10000000, 'repeat': 10, 'sort': 'mp', 'user': 'alex', 'node': 'v100'},None,h1.carbonate.uits.iu.edu,haiyang,Linux,#1 SMP Tue Jul 26 14:15:37 UTC 2022
# csv,mp-v100-alex-10000000-1-14-8,ok,3.767,3.767,2022-11-18 04:57:19,{'p': 1, 'c': 14, 'size': 10000000, 'repeat': 10, 'sort': 'mp', 'user': 'alex', 'node': 'v100'},None,h1.carbonate.uits.iu.edu,haiyang,Linux,#1 SMP Tue Jul 26 14:15:37 UTC 2022
# csv,mp-v100-alex-10000000-1-14-9,ok,2.613,2.613,2022-11-18 04:57:33,{'p': 1, 'c': 14, 'size': 10000000, 'repeat': 10, 'sort': 'mp', 'user': 'alex', 'node': 'v100'},None,h1.carbonate.uits.iu.edu,haiyang,Linux,#1 SMP Tue Jul 26 14:15:37 UTC 2022

