SORT: mp
Starting experiment
Processes: 1
Cores:     11
Size:      8000000
Repeat:    10
Debug:     False
Algorithm: mp
Tag:       None
Total:     10
Experiment 9         : size=8000000 processes=1 cores=11 repeat=0 last_time=undefined                     
Experiment 8         : size=8000000 processes=1 cores=11 repeat=1 last_time=2.4445                     
Experiment 7         : size=8000000 processes=1 cores=11 repeat=2 last_time=2.7728                     
Experiment 6         : size=8000000 processes=1 cores=11 repeat=3 last_time=2.4873                     
Experiment 5         : size=8000000 processes=1 cores=11 repeat=4 last_time=2.2768                     
Experiment 4         : size=8000000 processes=1 cores=11 repeat=5 last_time=2.6444                     
Experiment 3         : size=8000000 processes=1 cores=11 repeat=6 last_time=2.2495                     
Experiment 2         : size=8000000 processes=1 cores=11 repeat=7 last_time=2.1075                     
Experiment 1         : size=8000000 processes=1 cores=11 repeat=8 last_time=2.1111                     
Experiment 0         : size=8000000 processes=1 cores=11 repeat=9 last_time=2.1631                     

+---------------------------------+--------------------------------------------------------------+
| Attribute                       | Value                                                        |
|---------------------------------+--------------------------------------------------------------|
| ANSI_COLOR                      | "0;31"                                                       |
| BUG_REPORT_URL                  | "https://bugzilla.redhat.com/"                               |
| CPE_NAME                        | "cpe:/o:redhat:enterprise_linux:7.9:GA:server"               |
| HOME_URL                        | "https://www.redhat.com/"                                    |
| ID                              | "rhel"                                                       |
| ID_LIKE                         | "fedora"                                                     |
| NAME                            | "Red Hat Enterprise Linux Server"                            |
| PRETTY_NAME                     | "Red Hat Enterprise Linux Server 7.9 (Maipo)"                |
| REDHAT_BUGZILLA_PRODUCT         | "Red Hat Enterprise Linux 7"                                 |
| REDHAT_BUGZILLA_PRODUCT_VERSION | 7.9                                                          |
| REDHAT_SUPPORT_PRODUCT          | "Red Hat Enterprise Linux"                                   |
| REDHAT_SUPPORT_PRODUCT_VERSION  | "7.9"                                                        |
| VARIANT                         | "Server"                                                     |
| VARIANT_ID                      | "server"                                                     |
| VERSION                         | "7.9 (Maipo)"                                                |
| VERSION_ID                      | "7.9"                                                        |
| cpu                             | Intel(R) Xeon(R) CPU E5-2680 v3 @ 2.50GHz                    |
| cpu_cores                       | 24                                                           |
| cpu_count                       | 24                                                           |
| cpu_threads                     | 24                                                           |
| date                            | 2022-11-18 04:27:21.570476                                   |
| frequency                       | scpufreq(current=1.5563333333333331, min=1200.0, max=3300.0) |
| mem.active                      | 29.4 GiB                                                     |
| mem.available                   | 169.5 GiB                                                    |
| mem.free                        | 68.9 GiB                                                     |
| mem.inactive                    | 96.7 GiB                                                     |
| mem.percent                     | 32.5 %                                                       |
| mem.total                       | 251.2 GiB                                                    |
| mem.used                        | 61.4 GiB                                                     |
| platform.version                | #1 SMP Tue Jul 26 14:15:37 UTC 2022                          |
| python                          | 3.9.8 (main, Feb  8 2022, 08:35:13)                          |
|                                 | [GCC 6.3.0]                                                  |
| python.pip                      | 22.2.2                                                       |
| python.version                  | 3.9.8                                                        |
| sys.platform                    | linux                                                        |
| uname.machine                   | x86_64                                                       |
| uname.node                      | h1.carbonate.uits.iu.edu                                     |
| uname.processor                 | x86_64                                                       |
| uname.release                   | 3.10.0-1160.76.1.el7.x86_64                                  |
| uname.system                    | Linux                                                        |
| uname.version                   | #1 SMP Tue Jul 26 14:15:37 UTC 2022                          |
| user                            | haiyang                                                      |
+---------------------------------+--------------------------------------------------------------+

+-----------------------------+----------+--------+-------+---------------------+------------------------------------------------------------------------------------------------+-------+--------------------------+---------+-------+-------------------------------------+
| Name                        | Status   |   Time |   Sum | Start               | tag                                                                                            | msg   | Node                     | User    | OS    | Version                             |
|-----------------------------+----------+--------+-------+---------------------+------------------------------------------------------------------------------------------------+-------+--------------------------+---------+-------+-------------------------------------|
| mp-v100-alex-8000000-1-11-0 | ok       |  2.445 | 2.445 | 2022-11-18 04:25:41 | {'p': 1, 'c': 11, 'size': 8000000, 'repeat': 10, 'sort': 'mp', 'user': 'alex', 'node': 'v100'} |       | h1.carbonate.uits.iu.edu | haiyang | Linux | #1 SMP Tue Jul 26 14:15:37 UTC 2022 |
| mp-v100-alex-8000000-1-11-1 | ok       |  2.773 | 2.773 | 2022-11-18 04:25:52 | {'p': 1, 'c': 11, 'size': 8000000, 'repeat': 10, 'sort': 'mp', 'user': 'alex', 'node': 'v100'} |       | h1.carbonate.uits.iu.edu | haiyang | Linux | #1 SMP Tue Jul 26 14:15:37 UTC 2022 |
| mp-v100-alex-8000000-1-11-2 | ok       |  2.487 | 2.487 | 2022-11-18 04:26:03 | {'p': 1, 'c': 11, 'size': 8000000, 'repeat': 10, 'sort': 'mp', 'user': 'alex', 'node': 'v100'} |       | h1.carbonate.uits.iu.edu | haiyang | Linux | #1 SMP Tue Jul 26 14:15:37 UTC 2022 |
| mp-v100-alex-8000000-1-11-3 | ok       |  2.277 | 2.277 | 2022-11-18 04:26:14 | {'p': 1, 'c': 11, 'size': 8000000, 'repeat': 10, 'sort': 'mp', 'user': 'alex', 'node': 'v100'} |       | h1.carbonate.uits.iu.edu | haiyang | Linux | #1 SMP Tue Jul 26 14:15:37 UTC 2022 |
| mp-v100-alex-8000000-1-11-4 | ok       |  2.644 | 2.644 | 2022-11-18 04:26:25 | {'p': 1, 'c': 11, 'size': 8000000, 'repeat': 10, 'sort': 'mp', 'user': 'alex', 'node': 'v100'} |       | h1.carbonate.uits.iu.edu | haiyang | Linux | #1 SMP Tue Jul 26 14:15:37 UTC 2022 |
| mp-v100-alex-8000000-1-11-5 | ok       |  2.25  | 2.25  | 2022-11-18 04:26:36 | {'p': 1, 'c': 11, 'size': 8000000, 'repeat': 10, 'sort': 'mp', 'user': 'alex', 'node': 'v100'} |       | h1.carbonate.uits.iu.edu | haiyang | Linux | #1 SMP Tue Jul 26 14:15:37 UTC 2022 |
| mp-v100-alex-8000000-1-11-6 | ok       |  2.107 | 2.107 | 2022-11-18 04:26:47 | {'p': 1, 'c': 11, 'size': 8000000, 'repeat': 10, 'sort': 'mp', 'user': 'alex', 'node': 'v100'} |       | h1.carbonate.uits.iu.edu | haiyang | Linux | #1 SMP Tue Jul 26 14:15:37 UTC 2022 |
| mp-v100-alex-8000000-1-11-7 | ok       |  2.111 | 2.111 | 2022-11-18 04:26:57 | {'p': 1, 'c': 11, 'size': 8000000, 'repeat': 10, 'sort': 'mp', 'user': 'alex', 'node': 'v100'} |       | h1.carbonate.uits.iu.edu | haiyang | Linux | #1 SMP Tue Jul 26 14:15:37 UTC 2022 |
| mp-v100-alex-8000000-1-11-8 | ok       |  2.163 | 2.163 | 2022-11-18 04:27:08 | {'p': 1, 'c': 11, 'size': 8000000, 'repeat': 10, 'sort': 'mp', 'user': 'alex', 'node': 'v100'} |       | h1.carbonate.uits.iu.edu | haiyang | Linux | #1 SMP Tue Jul 26 14:15:37 UTC 2022 |
| mp-v100-alex-8000000-1-11-9 | ok       |  2.473 | 2.473 | 2022-11-18 04:27:19 | {'p': 1, 'c': 11, 'size': 8000000, 'repeat': 10, 'sort': 'mp', 'user': 'alex', 'node': 'v100'} |       | h1.carbonate.uits.iu.edu | haiyang | Linux | #1 SMP Tue Jul 26 14:15:37 UTC 2022 |
+-----------------------------+----------+--------+-------+---------------------+------------------------------------------------------------------------------------------------+-------+--------------------------+---------+-------+-------------------------------------+
# csv,timer,status,time,sum,start,tag,msg,uname.node,user,uname.system,platform.version
# csv,mp-v100-alex-8000000-1-11-0,ok,2.445,2.445,2022-11-18 04:25:41,{'p': 1, 'c': 11, 'size': 8000000, 'repeat': 10, 'sort': 'mp', 'user': 'alex', 'node': 'v100'},None,h1.carbonate.uits.iu.edu,haiyang,Linux,#1 SMP Tue Jul 26 14:15:37 UTC 2022
# csv,mp-v100-alex-8000000-1-11-1,ok,2.773,2.773,2022-11-18 04:25:52,{'p': 1, 'c': 11, 'size': 8000000, 'repeat': 10, 'sort': 'mp', 'user': 'alex', 'node': 'v100'},None,h1.carbonate.uits.iu.edu,haiyang,Linux,#1 SMP Tue Jul 26 14:15:37 UTC 2022
# csv,mp-v100-alex-8000000-1-11-2,ok,2.487,2.487,2022-11-18 04:26:03,{'p': 1, 'c': 11, 'size': 8000000, 'repeat': 10, 'sort': 'mp', 'user': 'alex', 'node': 'v100'},None,h1.carbonate.uits.iu.edu,haiyang,Linux,#1 SMP Tue Jul 26 14:15:37 UTC 2022
# csv,mp-v100-alex-8000000-1-11-3,ok,2.277,2.277,2022-11-18 04:26:14,{'p': 1, 'c': 11, 'size': 8000000, 'repeat': 10, 'sort': 'mp', 'user': 'alex', 'node': 'v100'},None,h1.carbonate.uits.iu.edu,haiyang,Linux,#1 SMP Tue Jul 26 14:15:37 UTC 2022
# csv,mp-v100-alex-8000000-1-11-4,ok,2.644,2.644,2022-11-18 04:26:25,{'p': 1, 'c': 11, 'size': 8000000, 'repeat': 10, 'sort': 'mp', 'user': 'alex', 'node': 'v100'},None,h1.carbonate.uits.iu.edu,haiyang,Linux,#1 SMP Tue Jul 26 14:15:37 UTC 2022
# csv,mp-v100-alex-8000000-1-11-5,ok,2.25,2.25,2022-11-18 04:26:36,{'p': 1, 'c': 11, 'size': 8000000, 'repeat': 10, 'sort': 'mp', 'user': 'alex', 'node': 'v100'},None,h1.carbonate.uits.iu.edu,haiyang,Linux,#1 SMP Tue Jul 26 14:15:37 UTC 2022
# csv,mp-v100-alex-8000000-1-11-6,ok,2.107,2.107,2022-11-18 04:26:47,{'p': 1, 'c': 11, 'size': 8000000, 'repeat': 10, 'sort': 'mp', 'user': 'alex', 'node': 'v100'},None,h1.carbonate.uits.iu.edu,haiyang,Linux,#1 SMP Tue Jul 26 14:15:37 UTC 2022
# csv,mp-v100-alex-8000000-1-11-7,ok,2.111,2.111,2022-11-18 04:26:57,{'p': 1, 'c': 11, 'size': 8000000, 'repeat': 10, 'sort': 'mp', 'user': 'alex', 'node': 'v100'},None,h1.carbonate.uits.iu.edu,haiyang,Linux,#1 SMP Tue Jul 26 14:15:37 UTC 2022
# csv,mp-v100-alex-8000000-1-11-8,ok,2.163,2.163,2022-11-18 04:27:08,{'p': 1, 'c': 11, 'size': 8000000, 'repeat': 10, 'sort': 'mp', 'user': 'alex', 'node': 'v100'},None,h1.carbonate.uits.iu.edu,haiyang,Linux,#1 SMP Tue Jul 26 14:15:37 UTC 2022
# csv,mp-v100-alex-8000000-1-11-9,ok,2.473,2.473,2022-11-18 04:27:19,{'p': 1, 'c': 11, 'size': 8000000, 'repeat': 10, 'sort': 'mp', 'user': 'alex', 'node': 'v100'},None,h1.carbonate.uits.iu.edu,haiyang,Linux,#1 SMP Tue Jul 26 14:15:37 UTC 2022

