SORT: mp
Starting experiment
Processes: 1
Cores:     5
Size:      4000000
Repeat:    10
Debug:     False
Algorithm: mp
Tag:       None
Total:     10
Experiment 9         : size=4000000 processes=1 cores=5 repeat=0 last_time=undefined                     
Experiment 8         : size=4000000 processes=1 cores=5 repeat=1 last_time=1.4509                     
Experiment 7         : size=4000000 processes=1 cores=5 repeat=2 last_time=1.3412                     
Experiment 6         : size=4000000 processes=1 cores=5 repeat=3 last_time=1.2155                     
Experiment 5         : size=4000000 processes=1 cores=5 repeat=4 last_time=1.2711                     
Experiment 4         : size=4000000 processes=1 cores=5 repeat=5 last_time=1.4096                     
Experiment 3         : size=4000000 processes=1 cores=5 repeat=6 last_time=1.6336                     
Experiment 2         : size=4000000 processes=1 cores=5 repeat=7 last_time=1.3077                     
Experiment 1         : size=4000000 processes=1 cores=5 repeat=8 last_time=1.3876                     
Experiment 0         : size=4000000 processes=1 cores=5 repeat=9 last_time=1.3028                     

+---------------------------------+--------------------------------------------------------------+
| Attribute                       | Value                                                        |
|---------------------------------+--------------------------------------------------------------|
| ANSI_COLOR                      | "0;31"                                                       |
| BUG_REPORT_URL                  | "https://bugzilla.redhat.com/"                               |
| CPE_NAME                        | "cpe:/o:redhat:enterprise_linux:7.9:GA:server"               |
| HOME_URL                        | "https://www.redhat.com/"                                    |
| ID                              | "rhel"                                                       |
| ID_LIKE                         | "fedora"                                                     |
| NAME                            | "Red Hat Enterprise Linux Server"                            |
| PRETTY_NAME                     | "Red Hat Enterprise Linux Server 7.9 (Maipo)"                |
| REDHAT_BUGZILLA_PRODUCT         | "Red Hat Enterprise Linux 7"                                 |
| REDHAT_BUGZILLA_PRODUCT_VERSION | 7.9                                                          |
| REDHAT_SUPPORT_PRODUCT          | "Red Hat Enterprise Linux"                                   |
| REDHAT_SUPPORT_PRODUCT_VERSION  | "7.9"                                                        |
| VARIANT                         | "Server"                                                     |
| VARIANT_ID                      | "server"                                                     |
| VERSION                         | "7.9 (Maipo)"                                                |
| VERSION_ID                      | "7.9"                                                        |
| cpu                             | Intel(R) Xeon(R) CPU E5-2680 v3 @ 2.50GHz                    |
| cpu_cores                       | 24                                                           |
| cpu_count                       | 24                                                           |
| cpu_threads                     | 24                                                           |
| date                            | 2022-11-18 03:25:59.021520                                   |
| frequency                       | scpufreq(current=1.3578750000000002, min=1200.0, max=3300.0) |
| mem.active                      | 21.3 GiB                                                     |
| mem.available                   | 180.9 GiB                                                    |
| mem.free                        | 164.2 GiB                                                    |
| mem.inactive                    | 20.0 GiB                                                     |
| mem.percent                     | 28.0 %                                                       |
| mem.total                       | 251.2 GiB                                                    |
| mem.used                        | 49.9 GiB                                                     |
| platform.version                | #1 SMP Tue Jul 26 14:15:37 UTC 2022                          |
| python                          | 3.9.8 (main, Feb  8 2022, 08:35:13)                          |
|                                 | [GCC 6.3.0]                                                  |
| python.pip                      | 22.2.2                                                       |
| python.version                  | 3.9.8                                                        |
| sys.platform                    | linux                                                        |
| uname.machine                   | x86_64                                                       |
| uname.node                      | h1.carbonate.uits.iu.edu                                     |
| uname.processor                 | x86_64                                                       |
| uname.release                   | 3.10.0-1160.76.1.el7.x86_64                                  |
| uname.system                    | Linux                                                        |
| uname.version                   | #1 SMP Tue Jul 26 14:15:37 UTC 2022                          |
| user                            | haiyang                                                      |
+---------------------------------+--------------------------------------------------------------+

+----------------------------+----------+--------+-------+---------------------+-----------------------------------------------------------------------------------------------+-------+--------------------------+---------+-------+-------------------------------------+
| Name                       | Status   |   Time |   Sum | Start               | tag                                                                                           | msg   | Node                     | User    | OS    | Version                             |
|----------------------------+----------+--------+-------+---------------------+-----------------------------------------------------------------------------------------------+-------+--------------------------+---------+-------+-------------------------------------|
| mp-v100-alex-4000000-1-5-0 | ok       |  1.451 | 1.451 | 2022-11-18 03:25:06 | {'p': 1, 'c': 5, 'size': 4000000, 'repeat': 10, 'sort': 'mp', 'user': 'alex', 'node': 'v100'} |       | h1.carbonate.uits.iu.edu | haiyang | Linux | #1 SMP Tue Jul 26 14:15:37 UTC 2022 |
| mp-v100-alex-4000000-1-5-1 | ok       |  1.341 | 1.341 | 2022-11-18 03:25:11 | {'p': 1, 'c': 5, 'size': 4000000, 'repeat': 10, 'sort': 'mp', 'user': 'alex', 'node': 'v100'} |       | h1.carbonate.uits.iu.edu | haiyang | Linux | #1 SMP Tue Jul 26 14:15:37 UTC 2022 |
| mp-v100-alex-4000000-1-5-2 | ok       |  1.216 | 1.216 | 2022-11-18 03:25:17 | {'p': 1, 'c': 5, 'size': 4000000, 'repeat': 10, 'sort': 'mp', 'user': 'alex', 'node': 'v100'} |       | h1.carbonate.uits.iu.edu | haiyang | Linux | #1 SMP Tue Jul 26 14:15:37 UTC 2022 |
| mp-v100-alex-4000000-1-5-3 | ok       |  1.271 | 1.271 | 2022-11-18 03:25:23 | {'p': 1, 'c': 5, 'size': 4000000, 'repeat': 10, 'sort': 'mp', 'user': 'alex', 'node': 'v100'} |       | h1.carbonate.uits.iu.edu | haiyang | Linux | #1 SMP Tue Jul 26 14:15:37 UTC 2022 |
| mp-v100-alex-4000000-1-5-4 | ok       |  1.41  | 1.41  | 2022-11-18 03:25:28 | {'p': 1, 'c': 5, 'size': 4000000, 'repeat': 10, 'sort': 'mp', 'user': 'alex', 'node': 'v100'} |       | h1.carbonate.uits.iu.edu | haiyang | Linux | #1 SMP Tue Jul 26 14:15:37 UTC 2022 |
| mp-v100-alex-4000000-1-5-5 | ok       |  1.634 | 1.634 | 2022-11-18 03:25:34 | {'p': 1, 'c': 5, 'size': 4000000, 'repeat': 10, 'sort': 'mp', 'user': 'alex', 'node': 'v100'} |       | h1.carbonate.uits.iu.edu | haiyang | Linux | #1 SMP Tue Jul 26 14:15:37 UTC 2022 |
| mp-v100-alex-4000000-1-5-6 | ok       |  1.308 | 1.308 | 2022-11-18 03:25:40 | {'p': 1, 'c': 5, 'size': 4000000, 'repeat': 10, 'sort': 'mp', 'user': 'alex', 'node': 'v100'} |       | h1.carbonate.uits.iu.edu | haiyang | Linux | #1 SMP Tue Jul 26 14:15:37 UTC 2022 |
| mp-v100-alex-4000000-1-5-7 | ok       |  1.388 | 1.388 | 2022-11-18 03:25:46 | {'p': 1, 'c': 5, 'size': 4000000, 'repeat': 10, 'sort': 'mp', 'user': 'alex', 'node': 'v100'} |       | h1.carbonate.uits.iu.edu | haiyang | Linux | #1 SMP Tue Jul 26 14:15:37 UTC 2022 |
| mp-v100-alex-4000000-1-5-8 | ok       |  1.303 | 1.303 | 2022-11-18 03:25:51 | {'p': 1, 'c': 5, 'size': 4000000, 'repeat': 10, 'sort': 'mp', 'user': 'alex', 'node': 'v100'} |       | h1.carbonate.uits.iu.edu | haiyang | Linux | #1 SMP Tue Jul 26 14:15:37 UTC 2022 |
| mp-v100-alex-4000000-1-5-9 | ok       |  1.39  | 1.39  | 2022-11-18 03:25:57 | {'p': 1, 'c': 5, 'size': 4000000, 'repeat': 10, 'sort': 'mp', 'user': 'alex', 'node': 'v100'} |       | h1.carbonate.uits.iu.edu | haiyang | Linux | #1 SMP Tue Jul 26 14:15:37 UTC 2022 |
+----------------------------+----------+--------+-------+---------------------+-----------------------------------------------------------------------------------------------+-------+--------------------------+---------+-------+-------------------------------------+
# csv,timer,status,time,sum,start,tag,msg,uname.node,user,uname.system,platform.version
# csv,mp-v100-alex-4000000-1-5-0,ok,1.451,1.451,2022-11-18 03:25:06,{'p': 1, 'c': 5, 'size': 4000000, 'repeat': 10, 'sort': 'mp', 'user': 'alex', 'node': 'v100'},None,h1.carbonate.uits.iu.edu,haiyang,Linux,#1 SMP Tue Jul 26 14:15:37 UTC 2022
# csv,mp-v100-alex-4000000-1-5-1,ok,1.341,1.341,2022-11-18 03:25:11,{'p': 1, 'c': 5, 'size': 4000000, 'repeat': 10, 'sort': 'mp', 'user': 'alex', 'node': 'v100'},None,h1.carbonate.uits.iu.edu,haiyang,Linux,#1 SMP Tue Jul 26 14:15:37 UTC 2022
# csv,mp-v100-alex-4000000-1-5-2,ok,1.216,1.216,2022-11-18 03:25:17,{'p': 1, 'c': 5, 'size': 4000000, 'repeat': 10, 'sort': 'mp', 'user': 'alex', 'node': 'v100'},None,h1.carbonate.uits.iu.edu,haiyang,Linux,#1 SMP Tue Jul 26 14:15:37 UTC 2022
# csv,mp-v100-alex-4000000-1-5-3,ok,1.271,1.271,2022-11-18 03:25:23,{'p': 1, 'c': 5, 'size': 4000000, 'repeat': 10, 'sort': 'mp', 'user': 'alex', 'node': 'v100'},None,h1.carbonate.uits.iu.edu,haiyang,Linux,#1 SMP Tue Jul 26 14:15:37 UTC 2022
# csv,mp-v100-alex-4000000-1-5-4,ok,1.41,1.41,2022-11-18 03:25:28,{'p': 1, 'c': 5, 'size': 4000000, 'repeat': 10, 'sort': 'mp', 'user': 'alex', 'node': 'v100'},None,h1.carbonate.uits.iu.edu,haiyang,Linux,#1 SMP Tue Jul 26 14:15:37 UTC 2022
# csv,mp-v100-alex-4000000-1-5-5,ok,1.634,1.634,2022-11-18 03:25:34,{'p': 1, 'c': 5, 'size': 4000000, 'repeat': 10, 'sort': 'mp', 'user': 'alex', 'node': 'v100'},None,h1.carbonate.uits.iu.edu,haiyang,Linux,#1 SMP Tue Jul 26 14:15:37 UTC 2022
# csv,mp-v100-alex-4000000-1-5-6,ok,1.308,1.308,2022-11-18 03:25:40,{'p': 1, 'c': 5, 'size': 4000000, 'repeat': 10, 'sort': 'mp', 'user': 'alex', 'node': 'v100'},None,h1.carbonate.uits.iu.edu,haiyang,Linux,#1 SMP Tue Jul 26 14:15:37 UTC 2022
# csv,mp-v100-alex-4000000-1-5-7,ok,1.388,1.388,2022-11-18 03:25:46,{'p': 1, 'c': 5, 'size': 4000000, 'repeat': 10, 'sort': 'mp', 'user': 'alex', 'node': 'v100'},None,h1.carbonate.uits.iu.edu,haiyang,Linux,#1 SMP Tue Jul 26 14:15:37 UTC 2022
# csv,mp-v100-alex-4000000-1-5-8,ok,1.303,1.303,2022-11-18 03:25:51,{'p': 1, 'c': 5, 'size': 4000000, 'repeat': 10, 'sort': 'mp', 'user': 'alex', 'node': 'v100'},None,h1.carbonate.uits.iu.edu,haiyang,Linux,#1 SMP Tue Jul 26 14:15:37 UTC 2022
# csv,mp-v100-alex-4000000-1-5-9,ok,1.39,1.39,2022-11-18 03:25:57,{'p': 1, 'c': 5, 'size': 4000000, 'repeat': 10, 'sort': 'mp', 'user': 'alex', 'node': 'v100'},None,h1.carbonate.uits.iu.edu,haiyang,Linux,#1 SMP Tue Jul 26 14:15:37 UTC 2022

