SORT: mp
Starting experiment
Processes: 1
Cores:     20
Size:      10000000
Repeat:    10
Debug:     False
Algorithm: mp
Tag:       None
Total:     10
Experiment 9         : size=10000000 processes=1 cores=20 repeat=0 last_time=undefined                     
Experiment 8         : size=10000000 processes=1 cores=20 repeat=1 last_time=3.1395                     
Experiment 7         : size=10000000 processes=1 cores=20 repeat=2 last_time=3.5392                     
Experiment 6         : size=10000000 processes=1 cores=20 repeat=3 last_time=2.6578                     
Experiment 5         : size=10000000 processes=1 cores=20 repeat=4 last_time=2.7123                     
Experiment 4         : size=10000000 processes=1 cores=20 repeat=5 last_time=2.6902                     
Experiment 3         : size=10000000 processes=1 cores=20 repeat=6 last_time=2.8467                     
Experiment 2         : size=10000000 processes=1 cores=20 repeat=7 last_time=2.6419                     
Experiment 1         : size=10000000 processes=1 cores=20 repeat=8 last_time=2.7235                     
Experiment 0         : size=10000000 processes=1 cores=20 repeat=9 last_time=2.896                     

+---------------------------------+--------------------------------------------------------------+
| Attribute                       | Value                                                        |
|---------------------------------+--------------------------------------------------------------|
| ANSI_COLOR                      | "0;31"                                                       |
| BUG_REPORT_URL                  | "https://bugzilla.redhat.com/"                               |
| CPE_NAME                        | "cpe:/o:redhat:enterprise_linux:7.9:GA:server"               |
| HOME_URL                        | "https://www.redhat.com/"                                    |
| ID                              | "rhel"                                                       |
| ID_LIKE                         | "fedora"                                                     |
| NAME                            | "Red Hat Enterprise Linux Server"                            |
| PRETTY_NAME                     | "Red Hat Enterprise Linux Server 7.9 (Maipo)"                |
| REDHAT_BUGZILLA_PRODUCT         | "Red Hat Enterprise Linux 7"                                 |
| REDHAT_BUGZILLA_PRODUCT_VERSION | 7.9                                                          |
| REDHAT_SUPPORT_PRODUCT          | "Red Hat Enterprise Linux"                                   |
| REDHAT_SUPPORT_PRODUCT_VERSION  | "7.9"                                                        |
| VARIANT                         | "Server"                                                     |
| VARIANT_ID                      | "server"                                                     |
| VERSION                         | "7.9 (Maipo)"                                                |
| VERSION_ID                      | "7.9"                                                        |
| cpu                             | Intel(R) Xeon(R) CPU E5-2680 v3 @ 2.50GHz                    |
| cpu_cores                       | 24                                                           |
| cpu_count                       | 24                                                           |
| cpu_threads                     | 24                                                           |
| date                            | 2022-11-18 05:55:14.636077                                   |
| frequency                       | scpufreq(current=1.3840833333333336, min=1200.0, max=3300.0) |
| mem.active                      | 33.2 GiB                                                     |
| mem.available                   | 173.6 GiB                                                    |
| mem.free                        | 135.5 GiB                                                    |
| mem.inactive                    | 33.9 GiB                                                     |
| mem.percent                     | 30.9 %                                                       |
| mem.total                       | 251.2 GiB                                                    |
| mem.used                        | 57.2 GiB                                                     |
| platform.version                | #1 SMP Tue Jul 26 14:15:37 UTC 2022                          |
| python                          | 3.9.8 (main, Feb  8 2022, 08:35:13)                          |
|                                 | [GCC 6.3.0]                                                  |
| python.pip                      | 22.2.2                                                       |
| python.version                  | 3.9.8                                                        |
| sys.platform                    | linux                                                        |
| uname.machine                   | x86_64                                                       |
| uname.node                      | h1.carbonate.uits.iu.edu                                     |
| uname.processor                 | x86_64                                                       |
| uname.release                   | 3.10.0-1160.76.1.el7.x86_64                                  |
| uname.system                    | Linux                                                        |
| uname.version                   | #1 SMP Tue Jul 26 14:15:37 UTC 2022                          |
| user                            | haiyang                                                      |
+---------------------------------+--------------------------------------------------------------+

+------------------------------+----------+--------+-------+---------------------+-------------------------------------------------------------------------------------------------+-------+--------------------------+---------+-------+-------------------------------------+
| Name                         | Status   |   Time |   Sum | Start               | tag                                                                                             | msg   | Node                     | User    | OS    | Version                             |
|------------------------------+----------+--------+-------+---------------------+-------------------------------------------------------------------------------------------------+-------+--------------------------+---------+-------+-------------------------------------|
| mp-v100-alex-10000000-1-20-0 | ok       |  3.139 | 3.139 | 2022-11-18 05:53:06 | {'p': 1, 'c': 20, 'size': 10000000, 'repeat': 10, 'sort': 'mp', 'user': 'alex', 'node': 'v100'} |       | h1.carbonate.uits.iu.edu | haiyang | Linux | #1 SMP Tue Jul 26 14:15:37 UTC 2022 |
| mp-v100-alex-10000000-1-20-1 | ok       |  3.539 | 3.539 | 2022-11-18 05:53:21 | {'p': 1, 'c': 20, 'size': 10000000, 'repeat': 10, 'sort': 'mp', 'user': 'alex', 'node': 'v100'} |       | h1.carbonate.uits.iu.edu | haiyang | Linux | #1 SMP Tue Jul 26 14:15:37 UTC 2022 |
| mp-v100-alex-10000000-1-20-2 | ok       |  2.658 | 2.658 | 2022-11-18 05:53:36 | {'p': 1, 'c': 20, 'size': 10000000, 'repeat': 10, 'sort': 'mp', 'user': 'alex', 'node': 'v100'} |       | h1.carbonate.uits.iu.edu | haiyang | Linux | #1 SMP Tue Jul 26 14:15:37 UTC 2022 |
| mp-v100-alex-10000000-1-20-3 | ok       |  2.712 | 2.712 | 2022-11-18 05:53:49 | {'p': 1, 'c': 20, 'size': 10000000, 'repeat': 10, 'sort': 'mp', 'user': 'alex', 'node': 'v100'} |       | h1.carbonate.uits.iu.edu | haiyang | Linux | #1 SMP Tue Jul 26 14:15:37 UTC 2022 |
| mp-v100-alex-10000000-1-20-4 | ok       |  2.69  | 2.69  | 2022-11-18 05:54:03 | {'p': 1, 'c': 20, 'size': 10000000, 'repeat': 10, 'sort': 'mp', 'user': 'alex', 'node': 'v100'} |       | h1.carbonate.uits.iu.edu | haiyang | Linux | #1 SMP Tue Jul 26 14:15:37 UTC 2022 |
| mp-v100-alex-10000000-1-20-5 | ok       |  2.847 | 2.847 | 2022-11-18 05:54:17 | {'p': 1, 'c': 20, 'size': 10000000, 'repeat': 10, 'sort': 'mp', 'user': 'alex', 'node': 'v100'} |       | h1.carbonate.uits.iu.edu | haiyang | Linux | #1 SMP Tue Jul 26 14:15:37 UTC 2022 |
| mp-v100-alex-10000000-1-20-6 | ok       |  2.642 | 2.642 | 2022-11-18 05:54:31 | {'p': 1, 'c': 20, 'size': 10000000, 'repeat': 10, 'sort': 'mp', 'user': 'alex', 'node': 'v100'} |       | h1.carbonate.uits.iu.edu | haiyang | Linux | #1 SMP Tue Jul 26 14:15:37 UTC 2022 |
| mp-v100-alex-10000000-1-20-7 | ok       |  2.723 | 2.723 | 2022-11-18 05:54:45 | {'p': 1, 'c': 20, 'size': 10000000, 'repeat': 10, 'sort': 'mp', 'user': 'alex', 'node': 'v100'} |       | h1.carbonate.uits.iu.edu | haiyang | Linux | #1 SMP Tue Jul 26 14:15:37 UTC 2022 |
| mp-v100-alex-10000000-1-20-8 | ok       |  2.896 | 2.896 | 2022-11-18 05:54:58 | {'p': 1, 'c': 20, 'size': 10000000, 'repeat': 10, 'sort': 'mp', 'user': 'alex', 'node': 'v100'} |       | h1.carbonate.uits.iu.edu | haiyang | Linux | #1 SMP Tue Jul 26 14:15:37 UTC 2022 |
| mp-v100-alex-10000000-1-20-9 | ok       |  2.732 | 2.732 | 2022-11-18 05:55:11 | {'p': 1, 'c': 20, 'size': 10000000, 'repeat': 10, 'sort': 'mp', 'user': 'alex', 'node': 'v100'} |       | h1.carbonate.uits.iu.edu | haiyang | Linux | #1 SMP Tue Jul 26 14:15:37 UTC 2022 |
+------------------------------+----------+--------+-------+---------------------+-------------------------------------------------------------------------------------------------+-------+--------------------------+---------+-------+-------------------------------------+
# csv,timer,status,time,sum,start,tag,msg,uname.node,user,uname.system,platform.version
# csv,mp-v100-alex-10000000-1-20-0,ok,3.139,3.139,2022-11-18 05:53:06,{'p': 1, 'c': 20, 'size': 10000000, 'repeat': 10, 'sort': 'mp', 'user': 'alex', 'node': 'v100'},None,h1.carbonate.uits.iu.edu,haiyang,Linux,#1 SMP Tue Jul 26 14:15:37 UTC 2022
# csv,mp-v100-alex-10000000-1-20-1,ok,3.539,3.539,2022-11-18 05:53:21,{'p': 1, 'c': 20, 'size': 10000000, 'repeat': 10, 'sort': 'mp', 'user': 'alex', 'node': 'v100'},None,h1.carbonate.uits.iu.edu,haiyang,Linux,#1 SMP Tue Jul 26 14:15:37 UTC 2022
# csv,mp-v100-alex-10000000-1-20-2,ok,2.658,2.658,2022-11-18 05:53:36,{'p': 1, 'c': 20, 'size': 10000000, 'repeat': 10, 'sort': 'mp', 'user': 'alex', 'node': 'v100'},None,h1.carbonate.uits.iu.edu,haiyang,Linux,#1 SMP Tue Jul 26 14:15:37 UTC 2022
# csv,mp-v100-alex-10000000-1-20-3,ok,2.712,2.712,2022-11-18 05:53:49,{'p': 1, 'c': 20, 'size': 10000000, 'repeat': 10, 'sort': 'mp', 'user': 'alex', 'node': 'v100'},None,h1.carbonate.uits.iu.edu,haiyang,Linux,#1 SMP Tue Jul 26 14:15:37 UTC 2022
# csv,mp-v100-alex-10000000-1-20-4,ok,2.69,2.69,2022-11-18 05:54:03,{'p': 1, 'c': 20, 'size': 10000000, 'repeat': 10, 'sort': 'mp', 'user': 'alex', 'node': 'v100'},None,h1.carbonate.uits.iu.edu,haiyang,Linux,#1 SMP Tue Jul 26 14:15:37 UTC 2022
# csv,mp-v100-alex-10000000-1-20-5,ok,2.847,2.847,2022-11-18 05:54:17,{'p': 1, 'c': 20, 'size': 10000000, 'repeat': 10, 'sort': 'mp', 'user': 'alex', 'node': 'v100'},None,h1.carbonate.uits.iu.edu,haiyang,Linux,#1 SMP Tue Jul 26 14:15:37 UTC 2022
# csv,mp-v100-alex-10000000-1-20-6,ok,2.642,2.642,2022-11-18 05:54:31,{'p': 1, 'c': 20, 'size': 10000000, 'repeat': 10, 'sort': 'mp', 'user': 'alex', 'node': 'v100'},None,h1.carbonate.uits.iu.edu,haiyang,Linux,#1 SMP Tue Jul 26 14:15:37 UTC 2022
# csv,mp-v100-alex-10000000-1-20-7,ok,2.723,2.723,2022-11-18 05:54:45,{'p': 1, 'c': 20, 'size': 10000000, 'repeat': 10, 'sort': 'mp', 'user': 'alex', 'node': 'v100'},None,h1.carbonate.uits.iu.edu,haiyang,Linux,#1 SMP Tue Jul 26 14:15:37 UTC 2022
# csv,mp-v100-alex-10000000-1-20-8,ok,2.896,2.896,2022-11-18 05:54:58,{'p': 1, 'c': 20, 'size': 10000000, 'repeat': 10, 'sort': 'mp', 'user': 'alex', 'node': 'v100'},None,h1.carbonate.uits.iu.edu,haiyang,Linux,#1 SMP Tue Jul 26 14:15:37 UTC 2022
# csv,mp-v100-alex-10000000-1-20-9,ok,2.732,2.732,2022-11-18 05:55:11,{'p': 1, 'c': 20, 'size': 10000000, 'repeat': 10, 'sort': 'mp', 'user': 'alex', 'node': 'v100'},None,h1.carbonate.uits.iu.edu,haiyang,Linux,#1 SMP Tue Jul 26 14:15:37 UTC 2022

