SORT: mp
Starting experiment
Processes: 1
Cores:     9
Size:      100
Repeat:    10
Debug:     False
Algorithm: mp
Tag:       None
Total:     10
Experiment 9         : size=100 processes=1 cores=9 repeat=0 last_time=undefined                     
Experiment 8         : size=100 processes=1 cores=9 repeat=1 last_time=0.0526                     
Experiment 7         : size=100 processes=1 cores=9 repeat=2 last_time=0.0414                     
Experiment 6         : size=100 processes=1 cores=9 repeat=3 last_time=0.0397                     
Experiment 5         : size=100 processes=1 cores=9 repeat=4 last_time=0.0406                     
Experiment 4         : size=100 processes=1 cores=9 repeat=5 last_time=0.0324                     
Experiment 3         : size=100 processes=1 cores=9 repeat=6 last_time=0.0296                     
Experiment 2         : size=100 processes=1 cores=9 repeat=7 last_time=0.0366                     
Experiment 1         : size=100 processes=1 cores=9 repeat=8 last_time=0.0384                     
Experiment 0         : size=100 processes=1 cores=9 repeat=9 last_time=0.0337                     

+---------------------------------+--------------------------------------------------------------+
| Attribute                       | Value                                                        |
|---------------------------------+--------------------------------------------------------------|
| ANSI_COLOR                      | "0;31"                                                       |
| BUG_REPORT_URL                  | "https://bugzilla.redhat.com/"                               |
| CPE_NAME                        | "cpe:/o:redhat:enterprise_linux:7.9:GA:server"               |
| HOME_URL                        | "https://www.redhat.com/"                                    |
| ID                              | "rhel"                                                       |
| ID_LIKE                         | "fedora"                                                     |
| NAME                            | "Red Hat Enterprise Linux Server"                            |
| PRETTY_NAME                     | "Red Hat Enterprise Linux Server 7.9 (Maipo)"                |
| REDHAT_BUGZILLA_PRODUCT         | "Red Hat Enterprise Linux 7"                                 |
| REDHAT_BUGZILLA_PRODUCT_VERSION | 7.9                                                          |
| REDHAT_SUPPORT_PRODUCT          | "Red Hat Enterprise Linux"                                   |
| REDHAT_SUPPORT_PRODUCT_VERSION  | "7.9"                                                        |
| VARIANT                         | "Server"                                                     |
| VARIANT_ID                      | "server"                                                     |
| VERSION                         | "7.9 (Maipo)"                                                |
| VERSION_ID                      | "7.9"                                                        |
| cpu                             | Intel(R) Xeon(R) CPU E5-2680 v3 @ 2.50GHz                    |
| cpu_cores                       | 24                                                           |
| cpu_count                       | 24                                                           |
| cpu_threads                     | 24                                                           |
| date                            | 2022-11-18 04:01:32.932273                                   |
| frequency                       | scpufreq(current=1.7667083333333338, min=1200.0, max=3300.0) |
| mem.active                      | 25.7 GiB                                                     |
| mem.available                   | 178.3 GiB                                                    |
| mem.free                        | 145.9 GiB                                                    |
| mem.inactive                    | 32.1 GiB                                                     |
| mem.percent                     | 29.0 %                                                       |
| mem.total                       | 251.2 GiB                                                    |
| mem.used                        | 52.6 GiB                                                     |
| platform.version                | #1 SMP Tue Jul 26 14:15:37 UTC 2022                          |
| python                          | 3.9.8 (main, Feb  8 2022, 08:35:13)                          |
|                                 | [GCC 6.3.0]                                                  |
| python.pip                      | 22.2.2                                                       |
| python.version                  | 3.9.8                                                        |
| sys.platform                    | linux                                                        |
| uname.machine                   | x86_64                                                       |
| uname.node                      | h1.carbonate.uits.iu.edu                                     |
| uname.processor                 | x86_64                                                       |
| uname.release                   | 3.10.0-1160.76.1.el7.x86_64                                  |
| uname.system                    | Linux                                                        |
| uname.version                   | #1 SMP Tue Jul 26 14:15:37 UTC 2022                          |
| user                            | haiyang                                                      |
+---------------------------------+--------------------------------------------------------------+

+------------------------+----------+--------+-------+---------------------+-------------------------------------------------------------------------------------------+-------+--------------------------+---------+-------+-------------------------------------+
| Name                   | Status   |   Time |   Sum | Start               | tag                                                                                       | msg   | Node                     | User    | OS    | Version                             |
|------------------------+----------+--------+-------+---------------------+-------------------------------------------------------------------------------------------+-------+--------------------------+---------+-------+-------------------------------------|
| mp-v100-alex-100-1-9-0 | ok       |  0.053 | 0.053 | 2022-11-18 04:01:32 | {'p': 1, 'c': 9, 'size': 100, 'repeat': 10, 'sort': 'mp', 'user': 'alex', 'node': 'v100'} |       | h1.carbonate.uits.iu.edu | haiyang | Linux | #1 SMP Tue Jul 26 14:15:37 UTC 2022 |
| mp-v100-alex-100-1-9-1 | ok       |  0.041 | 0.041 | 2022-11-18 04:01:32 | {'p': 1, 'c': 9, 'size': 100, 'repeat': 10, 'sort': 'mp', 'user': 'alex', 'node': 'v100'} |       | h1.carbonate.uits.iu.edu | haiyang | Linux | #1 SMP Tue Jul 26 14:15:37 UTC 2022 |
| mp-v100-alex-100-1-9-2 | ok       |  0.04  | 0.04  | 2022-11-18 04:01:32 | {'p': 1, 'c': 9, 'size': 100, 'repeat': 10, 'sort': 'mp', 'user': 'alex', 'node': 'v100'} |       | h1.carbonate.uits.iu.edu | haiyang | Linux | #1 SMP Tue Jul 26 14:15:37 UTC 2022 |
| mp-v100-alex-100-1-9-3 | ok       |  0.041 | 0.041 | 2022-11-18 04:01:32 | {'p': 1, 'c': 9, 'size': 100, 'repeat': 10, 'sort': 'mp', 'user': 'alex', 'node': 'v100'} |       | h1.carbonate.uits.iu.edu | haiyang | Linux | #1 SMP Tue Jul 26 14:15:37 UTC 2022 |
| mp-v100-alex-100-1-9-4 | ok       |  0.032 | 0.032 | 2022-11-18 04:01:32 | {'p': 1, 'c': 9, 'size': 100, 'repeat': 10, 'sort': 'mp', 'user': 'alex', 'node': 'v100'} |       | h1.carbonate.uits.iu.edu | haiyang | Linux | #1 SMP Tue Jul 26 14:15:37 UTC 2022 |
| mp-v100-alex-100-1-9-5 | ok       |  0.03  | 0.03  | 2022-11-18 04:01:32 | {'p': 1, 'c': 9, 'size': 100, 'repeat': 10, 'sort': 'mp', 'user': 'alex', 'node': 'v100'} |       | h1.carbonate.uits.iu.edu | haiyang | Linux | #1 SMP Tue Jul 26 14:15:37 UTC 2022 |
| mp-v100-alex-100-1-9-6 | ok       |  0.037 | 0.037 | 2022-11-18 04:01:32 | {'p': 1, 'c': 9, 'size': 100, 'repeat': 10, 'sort': 'mp', 'user': 'alex', 'node': 'v100'} |       | h1.carbonate.uits.iu.edu | haiyang | Linux | #1 SMP Tue Jul 26 14:15:37 UTC 2022 |
| mp-v100-alex-100-1-9-7 | ok       |  0.038 | 0.038 | 2022-11-18 04:01:32 | {'p': 1, 'c': 9, 'size': 100, 'repeat': 10, 'sort': 'mp', 'user': 'alex', 'node': 'v100'} |       | h1.carbonate.uits.iu.edu | haiyang | Linux | #1 SMP Tue Jul 26 14:15:37 UTC 2022 |
| mp-v100-alex-100-1-9-8 | ok       |  0.034 | 0.034 | 2022-11-18 04:01:32 | {'p': 1, 'c': 9, 'size': 100, 'repeat': 10, 'sort': 'mp', 'user': 'alex', 'node': 'v100'} |       | h1.carbonate.uits.iu.edu | haiyang | Linux | #1 SMP Tue Jul 26 14:15:37 UTC 2022 |
| mp-v100-alex-100-1-9-9 | ok       |  0.031 | 0.031 | 2022-11-18 04:01:32 | {'p': 1, 'c': 9, 'size': 100, 'repeat': 10, 'sort': 'mp', 'user': 'alex', 'node': 'v100'} |       | h1.carbonate.uits.iu.edu | haiyang | Linux | #1 SMP Tue Jul 26 14:15:37 UTC 2022 |
+------------------------+----------+--------+-------+---------------------+-------------------------------------------------------------------------------------------+-------+--------------------------+---------+-------+-------------------------------------+
# csv,timer,status,time,sum,start,tag,msg,uname.node,user,uname.system,platform.version
# csv,mp-v100-alex-100-1-9-0,ok,0.053,0.053,2022-11-18 04:01:32,{'p': 1, 'c': 9, 'size': 100, 'repeat': 10, 'sort': 'mp', 'user': 'alex', 'node': 'v100'},None,h1.carbonate.uits.iu.edu,haiyang,Linux,#1 SMP Tue Jul 26 14:15:37 UTC 2022
# csv,mp-v100-alex-100-1-9-1,ok,0.041,0.041,2022-11-18 04:01:32,{'p': 1, 'c': 9, 'size': 100, 'repeat': 10, 'sort': 'mp', 'user': 'alex', 'node': 'v100'},None,h1.carbonate.uits.iu.edu,haiyang,Linux,#1 SMP Tue Jul 26 14:15:37 UTC 2022
# csv,mp-v100-alex-100-1-9-2,ok,0.04,0.04,2022-11-18 04:01:32,{'p': 1, 'c': 9, 'size': 100, 'repeat': 10, 'sort': 'mp', 'user': 'alex', 'node': 'v100'},None,h1.carbonate.uits.iu.edu,haiyang,Linux,#1 SMP Tue Jul 26 14:15:37 UTC 2022
# csv,mp-v100-alex-100-1-9-3,ok,0.041,0.041,2022-11-18 04:01:32,{'p': 1, 'c': 9, 'size': 100, 'repeat': 10, 'sort': 'mp', 'user': 'alex', 'node': 'v100'},None,h1.carbonate.uits.iu.edu,haiyang,Linux,#1 SMP Tue Jul 26 14:15:37 UTC 2022
# csv,mp-v100-alex-100-1-9-4,ok,0.032,0.032,2022-11-18 04:01:32,{'p': 1, 'c': 9, 'size': 100, 'repeat': 10, 'sort': 'mp', 'user': 'alex', 'node': 'v100'},None,h1.carbonate.uits.iu.edu,haiyang,Linux,#1 SMP Tue Jul 26 14:15:37 UTC 2022
# csv,mp-v100-alex-100-1-9-5,ok,0.03,0.03,2022-11-18 04:01:32,{'p': 1, 'c': 9, 'size': 100, 'repeat': 10, 'sort': 'mp', 'user': 'alex', 'node': 'v100'},None,h1.carbonate.uits.iu.edu,haiyang,Linux,#1 SMP Tue Jul 26 14:15:37 UTC 2022
# csv,mp-v100-alex-100-1-9-6,ok,0.037,0.037,2022-11-18 04:01:32,{'p': 1, 'c': 9, 'size': 100, 'repeat': 10, 'sort': 'mp', 'user': 'alex', 'node': 'v100'},None,h1.carbonate.uits.iu.edu,haiyang,Linux,#1 SMP Tue Jul 26 14:15:37 UTC 2022
# csv,mp-v100-alex-100-1-9-7,ok,0.038,0.038,2022-11-18 04:01:32,{'p': 1, 'c': 9, 'size': 100, 'repeat': 10, 'sort': 'mp', 'user': 'alex', 'node': 'v100'},None,h1.carbonate.uits.iu.edu,haiyang,Linux,#1 SMP Tue Jul 26 14:15:37 UTC 2022
# csv,mp-v100-alex-100-1-9-8,ok,0.034,0.034,2022-11-18 04:01:32,{'p': 1, 'c': 9, 'size': 100, 'repeat': 10, 'sort': 'mp', 'user': 'alex', 'node': 'v100'},None,h1.carbonate.uits.iu.edu,haiyang,Linux,#1 SMP Tue Jul 26 14:15:37 UTC 2022
# csv,mp-v100-alex-100-1-9-9,ok,0.031,0.031,2022-11-18 04:01:32,{'p': 1, 'c': 9, 'size': 100, 'repeat': 10, 'sort': 'mp', 'user': 'alex', 'node': 'v100'},None,h1.carbonate.uits.iu.edu,haiyang,Linux,#1 SMP Tue Jul 26 14:15:37 UTC 2022

