SORT: mp
Starting experiment
Processes: 1
Cores:     14
Size:      2000000
Repeat:    10
Debug:     False
Algorithm: mp
Tag:       None
Total:     10
Experiment 9         : size=2000000 processes=1 cores=14 repeat=0 last_time=undefined                     
Experiment 8         : size=2000000 processes=1 cores=14 repeat=1 last_time=0.738                     
Experiment 7         : size=2000000 processes=1 cores=14 repeat=2 last_time=0.6093                     
Experiment 6         : size=2000000 processes=1 cores=14 repeat=3 last_time=0.579                     
Experiment 5         : size=2000000 processes=1 cores=14 repeat=4 last_time=0.6404                     
Experiment 4         : size=2000000 processes=1 cores=14 repeat=5 last_time=0.6345                     
Experiment 3         : size=2000000 processes=1 cores=14 repeat=6 last_time=0.6312                     
Experiment 2         : size=2000000 processes=1 cores=14 repeat=7 last_time=0.5982                     
Experiment 1         : size=2000000 processes=1 cores=14 repeat=8 last_time=0.6312                     
Experiment 0         : size=2000000 processes=1 cores=14 repeat=9 last_time=0.6555                     

+---------------------------------+--------------------------------------------------------------+
| Attribute                       | Value                                                        |
|---------------------------------+--------------------------------------------------------------|
| ANSI_COLOR                      | "0;31"                                                       |
| BUG_REPORT_URL                  | "https://bugzilla.redhat.com/"                               |
| CPE_NAME                        | "cpe:/o:redhat:enterprise_linux:7.9:GA:server"               |
| HOME_URL                        | "https://www.redhat.com/"                                    |
| ID                              | "rhel"                                                       |
| ID_LIKE                         | "fedora"                                                     |
| NAME                            | "Red Hat Enterprise Linux Server"                            |
| PRETTY_NAME                     | "Red Hat Enterprise Linux Server 7.9 (Maipo)"                |
| REDHAT_BUGZILLA_PRODUCT         | "Red Hat Enterprise Linux 7"                                 |
| REDHAT_BUGZILLA_PRODUCT_VERSION | 7.9                                                          |
| REDHAT_SUPPORT_PRODUCT          | "Red Hat Enterprise Linux"                                   |
| REDHAT_SUPPORT_PRODUCT_VERSION  | "7.9"                                                        |
| VARIANT                         | "Server"                                                     |
| VARIANT_ID                      | "server"                                                     |
| VERSION                         | "7.9 (Maipo)"                                                |
| VERSION_ID                      | "7.9"                                                        |
| cpu                             | Intel(R) Xeon(R) CPU E5-2680 v3 @ 2.50GHz                    |
| cpu_cores                       | 24                                                           |
| cpu_count                       | 24                                                           |
| cpu_threads                     | 24                                                           |
| date                            | 2022-11-18 04:49:47.808625                                   |
| frequency                       | scpufreq(current=1.5460000000000005, min=1200.0, max=3300.0) |
| mem.active                      | 87.5 GiB                                                     |
| mem.available                   | 169.3 GiB                                                    |
| mem.free                        | 65.7 GiB                                                     |
| mem.inactive                    | 41.5 GiB                                                     |
| mem.percent                     | 32.6 %                                                       |
| mem.total                       | 251.2 GiB                                                    |
| mem.used                        | 61.6 GiB                                                     |
| platform.version                | #1 SMP Tue Jul 26 14:15:37 UTC 2022                          |
| python                          | 3.9.8 (main, Feb  8 2022, 08:35:13)                          |
|                                 | [GCC 6.3.0]                                                  |
| python.pip                      | 22.2.2                                                       |
| python.version                  | 3.9.8                                                        |
| sys.platform                    | linux                                                        |
| uname.machine                   | x86_64                                                       |
| uname.node                      | h1.carbonate.uits.iu.edu                                     |
| uname.processor                 | x86_64                                                       |
| uname.release                   | 3.10.0-1160.76.1.el7.x86_64                                  |
| uname.system                    | Linux                                                        |
| uname.version                   | #1 SMP Tue Jul 26 14:15:37 UTC 2022                          |
| user                            | haiyang                                                      |
+---------------------------------+--------------------------------------------------------------+

+-----------------------------+----------+--------+-------+---------------------+------------------------------------------------------------------------------------------------+-------+--------------------------+---------+-------+-------------------------------------+
| Name                        | Status   |   Time |   Sum | Start               | tag                                                                                            | msg   | Node                     | User    | OS    | Version                             |
|-----------------------------+----------+--------+-------+---------------------+------------------------------------------------------------------------------------------------+-------+--------------------------+---------+-------+-------------------------------------|
| mp-v100-alex-2000000-1-14-0 | ok       |  0.738 | 0.738 | 2022-11-18 04:49:21 | {'p': 1, 'c': 14, 'size': 2000000, 'repeat': 10, 'sort': 'mp', 'user': 'alex', 'node': 'v100'} |       | h1.carbonate.uits.iu.edu | haiyang | Linux | #1 SMP Tue Jul 26 14:15:37 UTC 2022 |
| mp-v100-alex-2000000-1-14-1 | ok       |  0.609 | 0.609 | 2022-11-18 04:49:24 | {'p': 1, 'c': 14, 'size': 2000000, 'repeat': 10, 'sort': 'mp', 'user': 'alex', 'node': 'v100'} |       | h1.carbonate.uits.iu.edu | haiyang | Linux | #1 SMP Tue Jul 26 14:15:37 UTC 2022 |
| mp-v100-alex-2000000-1-14-2 | ok       |  0.579 | 0.579 | 2022-11-18 04:49:27 | {'p': 1, 'c': 14, 'size': 2000000, 'repeat': 10, 'sort': 'mp', 'user': 'alex', 'node': 'v100'} |       | h1.carbonate.uits.iu.edu | haiyang | Linux | #1 SMP Tue Jul 26 14:15:37 UTC 2022 |
| mp-v100-alex-2000000-1-14-3 | ok       |  0.64  | 0.64  | 2022-11-18 04:49:30 | {'p': 1, 'c': 14, 'size': 2000000, 'repeat': 10, 'sort': 'mp', 'user': 'alex', 'node': 'v100'} |       | h1.carbonate.uits.iu.edu | haiyang | Linux | #1 SMP Tue Jul 26 14:15:37 UTC 2022 |
| mp-v100-alex-2000000-1-14-4 | ok       |  0.635 | 0.635 | 2022-11-18 04:49:32 | {'p': 1, 'c': 14, 'size': 2000000, 'repeat': 10, 'sort': 'mp', 'user': 'alex', 'node': 'v100'} |       | h1.carbonate.uits.iu.edu | haiyang | Linux | #1 SMP Tue Jul 26 14:15:37 UTC 2022 |
| mp-v100-alex-2000000-1-14-5 | ok       |  0.631 | 0.631 | 2022-11-18 04:49:35 | {'p': 1, 'c': 14, 'size': 2000000, 'repeat': 10, 'sort': 'mp', 'user': 'alex', 'node': 'v100'} |       | h1.carbonate.uits.iu.edu | haiyang | Linux | #1 SMP Tue Jul 26 14:15:37 UTC 2022 |
| mp-v100-alex-2000000-1-14-6 | ok       |  0.598 | 0.598 | 2022-11-18 04:49:38 | {'p': 1, 'c': 14, 'size': 2000000, 'repeat': 10, 'sort': 'mp', 'user': 'alex', 'node': 'v100'} |       | h1.carbonate.uits.iu.edu | haiyang | Linux | #1 SMP Tue Jul 26 14:15:37 UTC 2022 |
| mp-v100-alex-2000000-1-14-7 | ok       |  0.631 | 0.631 | 2022-11-18 04:49:41 | {'p': 1, 'c': 14, 'size': 2000000, 'repeat': 10, 'sort': 'mp', 'user': 'alex', 'node': 'v100'} |       | h1.carbonate.uits.iu.edu | haiyang | Linux | #1 SMP Tue Jul 26 14:15:37 UTC 2022 |
| mp-v100-alex-2000000-1-14-8 | ok       |  0.656 | 0.656 | 2022-11-18 04:49:44 | {'p': 1, 'c': 14, 'size': 2000000, 'repeat': 10, 'sort': 'mp', 'user': 'alex', 'node': 'v100'} |       | h1.carbonate.uits.iu.edu | haiyang | Linux | #1 SMP Tue Jul 26 14:15:37 UTC 2022 |
| mp-v100-alex-2000000-1-14-9 | ok       |  0.597 | 0.597 | 2022-11-18 04:49:47 | {'p': 1, 'c': 14, 'size': 2000000, 'repeat': 10, 'sort': 'mp', 'user': 'alex', 'node': 'v100'} |       | h1.carbonate.uits.iu.edu | haiyang | Linux | #1 SMP Tue Jul 26 14:15:37 UTC 2022 |
+-----------------------------+----------+--------+-------+---------------------+------------------------------------------------------------------------------------------------+-------+--------------------------+---------+-------+-------------------------------------+
# csv,timer,status,time,sum,start,tag,msg,uname.node,user,uname.system,platform.version
# csv,mp-v100-alex-2000000-1-14-0,ok,0.738,0.738,2022-11-18 04:49:21,{'p': 1, 'c': 14, 'size': 2000000, 'repeat': 10, 'sort': 'mp', 'user': 'alex', 'node': 'v100'},None,h1.carbonate.uits.iu.edu,haiyang,Linux,#1 SMP Tue Jul 26 14:15:37 UTC 2022
# csv,mp-v100-alex-2000000-1-14-1,ok,0.609,0.609,2022-11-18 04:49:24,{'p': 1, 'c': 14, 'size': 2000000, 'repeat': 10, 'sort': 'mp', 'user': 'alex', 'node': 'v100'},None,h1.carbonate.uits.iu.edu,haiyang,Linux,#1 SMP Tue Jul 26 14:15:37 UTC 2022
# csv,mp-v100-alex-2000000-1-14-2,ok,0.579,0.579,2022-11-18 04:49:27,{'p': 1, 'c': 14, 'size': 2000000, 'repeat': 10, 'sort': 'mp', 'user': 'alex', 'node': 'v100'},None,h1.carbonate.uits.iu.edu,haiyang,Linux,#1 SMP Tue Jul 26 14:15:37 UTC 2022
# csv,mp-v100-alex-2000000-1-14-3,ok,0.64,0.64,2022-11-18 04:49:30,{'p': 1, 'c': 14, 'size': 2000000, 'repeat': 10, 'sort': 'mp', 'user': 'alex', 'node': 'v100'},None,h1.carbonate.uits.iu.edu,haiyang,Linux,#1 SMP Tue Jul 26 14:15:37 UTC 2022
# csv,mp-v100-alex-2000000-1-14-4,ok,0.635,0.635,2022-11-18 04:49:32,{'p': 1, 'c': 14, 'size': 2000000, 'repeat': 10, 'sort': 'mp', 'user': 'alex', 'node': 'v100'},None,h1.carbonate.uits.iu.edu,haiyang,Linux,#1 SMP Tue Jul 26 14:15:37 UTC 2022
# csv,mp-v100-alex-2000000-1-14-5,ok,0.631,0.631,2022-11-18 04:49:35,{'p': 1, 'c': 14, 'size': 2000000, 'repeat': 10, 'sort': 'mp', 'user': 'alex', 'node': 'v100'},None,h1.carbonate.uits.iu.edu,haiyang,Linux,#1 SMP Tue Jul 26 14:15:37 UTC 2022
# csv,mp-v100-alex-2000000-1-14-6,ok,0.598,0.598,2022-11-18 04:49:38,{'p': 1, 'c': 14, 'size': 2000000, 'repeat': 10, 'sort': 'mp', 'user': 'alex', 'node': 'v100'},None,h1.carbonate.uits.iu.edu,haiyang,Linux,#1 SMP Tue Jul 26 14:15:37 UTC 2022
# csv,mp-v100-alex-2000000-1-14-7,ok,0.631,0.631,2022-11-18 04:49:41,{'p': 1, 'c': 14, 'size': 2000000, 'repeat': 10, 'sort': 'mp', 'user': 'alex', 'node': 'v100'},None,h1.carbonate.uits.iu.edu,haiyang,Linux,#1 SMP Tue Jul 26 14:15:37 UTC 2022
# csv,mp-v100-alex-2000000-1-14-8,ok,0.656,0.656,2022-11-18 04:49:44,{'p': 1, 'c': 14, 'size': 2000000, 'repeat': 10, 'sort': 'mp', 'user': 'alex', 'node': 'v100'},None,h1.carbonate.uits.iu.edu,haiyang,Linux,#1 SMP Tue Jul 26 14:15:37 UTC 2022
# csv,mp-v100-alex-2000000-1-14-9,ok,0.597,0.597,2022-11-18 04:49:47,{'p': 1, 'c': 14, 'size': 2000000, 'repeat': 10, 'sort': 'mp', 'user': 'alex', 'node': 'v100'},None,h1.carbonate.uits.iu.edu,haiyang,Linux,#1 SMP Tue Jul 26 14:15:37 UTC 2022

