Starting experiment
Processes: 2
Cores:     14
Size:      5000
Repeat:    10
Debug:     False
Sort:      MPI
Algorithm: mp
Tag:       None
Total:     10
Experiment 9         : size=5000 processes=2 cores=14 repeat=0 last_time=undefined                     
Experiment 8         : size=5000 processes=2 cores=14 repeat=1 last_time=undefined                     
Experiment 7         : size=5000 processes=2 cores=14 repeat=2 last_time=undefined                     
Experiment 6         : size=5000 processes=2 cores=14 repeat=3 last_time=undefined                     
Experiment 5         : size=5000 processes=2 cores=14 repeat=4 last_time=undefined                     
Experiment 4         : size=5000 processes=2 cores=14 repeat=5 last_time=undefined                     
Experiment 3         : size=5000 processes=2 cores=14 repeat=6 last_time=undefined                     
Experiment 2         : size=5000 processes=2 cores=14 repeat=7 last_time=undefined                     
Experiment 1         : size=5000 processes=2 cores=14 repeat=8 last_time=undefined                     
Experiment 0         : size=5000 processes=2 cores=14 repeat=9 last_time=undefined                     
 Enterprise Linux Server"                            |
| PRETTY_NAME                     | "Red Hat Enterprise Linux Server 7.9 (Maipo)"                |
| REDHAT_BUGZILLA_PRODUCT         | "Red Hat Enterprise Linux 7"                                 |
| REDHAT_BUGZILLA_PRODUCT_VERSION | 7.9                                                          |
| REDHAT_SUPPORT_PRODUCT          | "Red Hat Enterprise Linux"                                   |
| REDHAT_SUPPORT_PRODUCT_VERSION  | "7.9"                                                        |
| VARIANT                         | "Server"                                                     |
| VARIANT_ID                      | "server"                                                     |
| VERSION                         | "7.9 (Maipo)"                                                |
| VERSION_ID                      | "7.9"                                                        |
| cpu                             | Intel(R) Xeon(R) CPU E5-2680 v3 @ 2.50GHz                    |
| cpu_cores                       | 24                                                           |
| cpu_count                       | 24                                                           |
| cpu_threads                     | 24                                                           |
| date                            | 2022-11-20 03:41:53.625900                                   |
| frequency                       | scpufreq(current=1.5449583333333334, min=1200.0, max=3300.0) |
| mem.active                      | 64.8 GiB                                                     |
| mem.available                   | 179.4 GiB                                                    |
| mem.free                        | 179.5 GiB                                                    |
| mem.inactive                    | 1.0 GiB                                                      |
| mem.percent                     | 28.6 %                                                       |
| mem.total                       | 251.1 GiB                                                    |
| mem.used                        | 64.9 GiB                                                     |
| platform.version                | #1 SMP Tue Jul 26 14:15:37 UTC 2022                          |
| python                          | 3.9.8 (main, Feb  8 2022, 08:35:13)                          |
|                                 | [GCC 6.3.0]                                                  |
| python.pip                      | 22.2.2                                                       |
| python.version                  | 3.9.8                                                        |
| sys.platform                    | linux                                                        |
| uname.machine                   | x86_64                                                       |
| uname.node                      | c4                                                           |
| uname.processor                 | x86_64                                                       |
| uname.release                   | 3.10.0-1160.76.1.el7.x86_64                                  |
| uname.system                    | Linux                                                        |
| uname.version                   | #1 SMP Tue Jul 26 14:15:37 UTC 2022                          |
| user                            | haiyang                                                      |
+---------------------------------+--------------------------------------------------------------+

+---------------+----------+--------+-------+---------------------+-----------------------------------------------------------------------------------------------------------------+-------+--------+---------+-------+-------------------------------------+
| Name          | Status   |   Time |   Sum | Start               | tag                                                                                                             | msg   | Node   | User    | OS    | Version                             |
|---------------+----------+--------+-------+---------------------+-----------------------------------------------------------------------------------------------------------------+-------+--------+---------+-------+-------------------------------------|
| mpi-mergesort | ok       |  0.442 | 0.442 | 2022-11-20 03:41:53 | {'user': 'alex', 'node': 'v100', 'debug': False, 'size': 5000, 'subsort': 'mp', 'sort': 'mpi', 'c': 14, 'p': 2} |       | c4     | haiyang | Linux | #1 SMP Tue Jul 26 14:15:37 UTC 2022 |
| mpi-generate  | ok       |  0     | 0     | 2022-11-20 03:41:53 | {'user': 'alex', 'node': 'v100', 'debug': False, 'size': 5000, 'subsort': 'mp', 'sort': 'mpi', 'c': 14, 'p': 2} |       | c4     | haiyang | Linux | #1 SMP Tue Jul 26 14:15:37 UTC 2022 |
+---------------+----------+--------+-------+---------------------+-----------------------------------------------------------------------------------------------------------------+-------+--------+---------+-------+-------------------------------------+
# csv,timer,status,time,sum,start,tag,msg,uname.node,user,uname.system,platform.version
# csv,mpi-mergesort,ok,0.442,0.442,2022-11-20 03:41:53,{'user': 'alex', 'node': 'v100', 'debug': False, 'size': 5000, 'subsort': 'mp', 'sort': 'mpi', 'c': 14, 'p': 2},None,c4,haiyang,Linux,#1 SMP Tue Jul 26 14:15:37 UTC 2022
# csv,mpi-generate,ok,0.0,0.0,2022-11-20 03:41:53,{'user': 'alex', 'node': 'v100', 'debug': False, 'size': 5000, 'subsort': 'mp', 'sort': 'mpi', 'c': 14, 'p': 2},None,c4,haiyang,Linux,#1 SMP Tue Jul 26 14:15:37 UTC 2022


+---------------------------------+-------------------------------------------------------------+
| Attribute                       | Value                                                       |
|---------------------------------+-------------------------------------------------------------|
| ANSI_COLOR                      | "0;31"                                                      |
| BUG_REPORT_URL                  | "https://bugzilla.redhat.com/"                              |
| CPE_NAME                        | "cpe:/o:redhat:enterprise_linux:7.9:GA:server"              |
| HOME_URL                        | "https://www.redhat.com/"                                   |
| ID                              | "rhel"                                                      |
| ID_LIKE                         | "fedora"                                                    |
| NAME                            | "Red Hat Enterprise Linux Server"                           |
| PRETTY_NAME                     | "Red Hat Enterprise Linux Server 7.9 (Maipo)"               |
| REDHAT_BUGZILLA_PRODUCT         | "Red Hat Enterprise Linux 7"                                |
| REDHAT_BUGZILLA_PRODUCT_VERSION | 7.9                                                         |
| REDHAT_SUPPORT_PRODUCT          | "Red Hat Enterprise Linux"                                  |
| REDHAT_SUPPORT_PRODUCT_VERSION  | "7.9"                                                       |
| VARIANT                         | "Server"                                                    |
| VARIANT_ID                      | "server"                                                    |
| VERSION                         | "7.9 (Maipo)"                                               |
| VERSION_ID                      | "7.9"                                                       |
| cpu                             | Intel(R) Xeon(R) CPU E5-2680 v3 @ 2.50GHz                   |
| cpu_cores                       | 24                                                          |
| cpu_count                       | 24                                                          |
| cpu_threads                     | 24                                                          |
| date                            | 2022-11-20 03:41:56.600740                                  |
| frequency                       | scpufreq(current=1.589291666666667, min=1200.0, max=3300.0) |
| mem.active                      | 64.8 GiB                                                    |
| mem.available                   | 179.3 GiB                                                   |
| mem.free                        | 179.5 GiB                                                   |
| mem.inactive                    | 1.0 GiB                                                     |
| mem.percent                     | 28.6 %                                                      |
| mem.total                       | 251.1 GiB                                                   |
| mem.used                        | 64.9 GiB                                                    |
| platform.version                | #1 SMP Tue Jul 26 14:15:37 UTC 2022                         |
| python                          | 3.9.8 (main, Feb  8 2022, 08:35:13)                         |
|                                 | [GCC 6.3.0]                                                 |
| python.pip                      | 22.2.2                                                      |
| python.version                  | 3.9.8                                                       |
| sys.platform                    | linux                                                       |
| uname.machine                   | x86_64                                                      |
| uname.node                      | c4                                                          |
| uname.processor                 | x86_64                                                      |
| uname.release                   | 3.10.0-1160.76.1.el7.x86_64                                 |
| uname.system                    | Linux                                                       |
| uname.version                   | #1 SMP Tue Jul 26 14:15:37 UTC 2022                         |
| user                            | haiyang                                                     |
+---------------------------------+-------------------------------------------------------------+

+---------------+----------+--------+-------+---------------------+-----------------------------------------------------------------------------------------------------------------+-------+--------+---------+-------+-------------------------------------+
| Name          | Status   |   Time |   Sum | Start               | tag                                                                                                             | msg   | Node   | User    | OS    | Version                             |
|---------------+----------+--------+-------+---------------------+-----------------------------------------------------------------------------------------------------------------+-------+--------+---------+-------+-------------------------------------|
| mpi-mergesort | ok       |  0.434 | 0.434 | 2022-11-20 03:41:56 | {'user': 'alex', 'node': 'v100', 'debug': False, 'size': 5000, 'subsort': 'mp', 'sort': 'mpi', 'c': 14, 'p': 2} |       | c4     | haiyang | Linux | #1 SMP Tue Jul 26 14:15:37 UTC 2022 |
| mpi-generate  | ok       |  0     | 0     | 2022-11-20 03:41:56 | {'user': 'alex', 'node': 'v100', 'debug': False, 'size': 5000, 'subsort': 'mp', 'sort': 'mpi', 'c': 14, 'p': 2} |       | c4     | haiyang | Linux | #1 SMP Tue Jul 26 14:15:37 UTC 2022 |
+---------------+----------+--------+-------+---------------------+-----------------------------------------------------------------------------------------------------------------+-------+--------+---------+-------+-------------------------------------+
# csv,timer,status,time,sum,start,tag,msg,uname.node,user,uname.system,platform.version
# csv,mpi-mergesort,ok,0.434,0.434,2022-11-20 03:41:56,{'user': 'alex', 'node': 'v100', 'debug': False, 'size': 5000, 'subsort': 'mp', 'sort': 'mpi', 'c': 14, 'p': 2},None,c4,haiyang,Linux,#1 SMP Tue Jul 26 14:15:37 UTC 2022
# csv,mpi-generate,ok,0.0,0.0,2022-11-20 03:41:56,{'user': 'alex', 'node': 'v100', 'debug': False, 'size': 5000, 'subsort': 'mp', 'sort': 'mpi', 'c': 14, 'p': 2},None,c4,haiyang,Linux,#1 SMP Tue Jul 26 14:15:37 UTC 2022


+---------------------------------+--------------------------------------------------------------+
| Attribute                       | Value                                                        |
|---------------------------------+--------------------------------------------------------------|
| ANSI_COLOR                      | "0;31"                                                       |
| BUG_REPORT_URL                  | "https://bugzilla.redhat.com/"                               |
| CPE_NAME                        | "cpe:/o:redhat:enterprise_linux:7.9:GA:server"               |
| HOME_URL                        | "https://www.redhat.com/"                                    |
| ID                              | "rhel"                                                       |
| ID_LIKE                         | "fedora"                                                     |
| NAME                            | "Red Hat Enterprise Linux Server"                            |
| PRETTY_NAME                     | "Red Hat Enterprise Linux Server 7.9 (Maipo)"                |
| REDHAT_BUGZILLA_PRODUCT         | "Red Hat Enterprise Linux 7"                                 |
| REDHAT_BUGZILLA_PRODUCT_VERSION | 7.9                                                          |
| REDHAT_SUPPORT_PRODUCT          | "Red Hat Enterprise Linux"                                   |
| REDHAT_SUPPORT_PRODUCT_VERSION  | "7.9"                                                        |
| VARIANT                         | "Server"                                                     |
| VARIANT_ID                      | "server"                                                     |
| VERSION                         | "7.9 (Maipo)"                                                |
| VERSION_ID                      | "7.9"                                                        |
| cpu                             | Intel(R) Xeon(R) CPU E5-2680 v3 @ 2.50GHz                    |
| cpu_cores                       | 24                                                           |
| cpu_count                       | 24                                                           |
| cpu_threads                     | 24                                                           |
| date                            | 2022-11-20 03:41:59.564917                                   |
| frequency                       | scpufreq(current=1.5421666666666667, min=1200.0, max=3300.0) |
| mem.active                      | 64.8 GiB                                                     |
| mem.available                   | 179.3 GiB                                                    |
| mem.free                        | 179.5 GiB                                                    |
| mem.inactive                    | 1.0 GiB                                                      |
| mem.percent                     | 28.6 %                                                       |
| mem.total                       | 251.1 GiB                                                    |
| mem.used                        | 65.0 GiB                                                     |
| platform.version                | #1 SMP Tue Jul 26 14:15:37 UTC 2022                          |
| python                          | 3.9.8 (main, Feb  8 2022, 08:35:13)                          |
|                                 | [GCC 6.3.0]                                                  |
| python.pip                      | 22.2.2                                                       |
| python.version                  | 3.9.8                                                        |
| sys.platform                    | linux                                                        |
| uname.machine                   | x86_64                                                       |
| uname.node                      | c4                                                           |
| uname.processor                 | x86_64                                                       |
| uname.release                   | 3.10.0-1160.76.1.el7.x86_64                                  |
| uname.system                    | Linux                                                        |
| uname.version                   | #1 SMP Tue Jul 26 14:15:37 UTC 2022                          |
| user                            | haiyang                                                      |
+---------------------------------+--------------------------------------------------------------+

+---------------+----------+--------+-------+---------------------+-----------------------------------------------------------------------------------------------------------------+-------+--------+---------+-------+-------------------------------------+
| Name          | Status   |   Time |   Sum | Start               | tag                                                                                                             | msg   | Node   | User    | OS    | Version                             |
|---------------+----------+--------+-------+---------------------+-----------------------------------------------------------------------------------------------------------------+-------+--------+---------+-------+-------------------------------------|
| mpi-mergesort | ok       |  0.433 | 0.433 | 2022-11-20 03:41:59 | {'user': 'alex', 'node': 'v100', 'debug': False, 'size': 5000, 'subsort': 'mp', 'sort': 'mpi', 'c': 14, 'p': 2} |       | c4     | haiyang | Linux | #1 SMP Tue Jul 26 14:15:37 UTC 2022 |
| mpi-generate  | ok       |  0     | 0     | 2022-11-20 03:41:59 | {'user': 'alex', 'node': 'v100', 'debug': False, 'size': 5000, 'subsort': 'mp', 'sort': 'mpi', 'c': 14, 'p': 2} |       | c4     | haiyang | Linux | #1 SMP Tue Jul 26 14:15:37 UTC 2022 |
+---------------+----------+--------+-------+---------------------+-----------------------------------------------------------------------------------------------------------------+-------+--------+---------+-------+-------------------------------------+
# csv,timer,status,time,sum,start,tag,msg,uname.node,user,uname.system,platform.version
# csv,mpi-mergesort,ok,0.433,0.433,2022-11-20 03:41:59,{'user': 'alex', 'node': 'v100', 'debug': False, 'size': 5000, 'subsort': 'mp', 'sort': 'mpi', 'c': 14, 'p': 2},None,c4,haiyang,Linux,#1 SMP Tue Jul 26 14:15:37 UTC 2022
# csv,mpi-generate,ok,0.0,0.0,2022-11-20 03:41:59,{'user': 'alex', 'node': 'v100', 'debug': False, 'size': 5000, 'subsort': 'mp', 'sort': 'mpi', 'c': 14, 'p': 2},None,c4,haiyang,Linux,#1 SMP Tue Jul 26 14:15:37 UTC 2022


+---------------------------------+--------------------------------------------------------------+
| Attribute                       | Value                                                        |
|---------------------------------+--------------------------------------------------------------|
| ANSI_COLOR                      | "0;31"                                                       |
| BUG_REPORT_URL                  | "https://bugzilla.redhat.com/"                               |
| CPE_NAME                        | "cpe:/o:redhat:enterprise_linux:7.9:GA:server"               |
| HOME_URL                        | "https://www.redhat.com/"                                    |
| ID                              | "rhel"                                                       |
| ID_LIKE                         | "fedora"                                                     |
| NAME                            | "Red Hat Enterprise Linux Server"                            |
| PRETTY_NAME                     | "Red Hat Enterprise Linux Server 7.9 (Maipo)"                |
| REDHAT_BUGZILLA_PRODUCT         | "Red Hat Enterprise Linux 7"                                 |
| REDHAT_BUGZILLA_PRODUCT_VERSION | 7.9                                                          |
| REDHAT_SUPPORT_PRODUCT          | "Red Hat Enterprise Linux"                                   |
| REDHAT_SUPPORT_PRODUCT_VERSION  | "7.9"                                                        |
| VARIANT                         | "Server"                                                     |
| VARIANT_ID                      | "server"                                                     |
| VERSION                         | "7.9 (Maipo)"                                                |
| VERSION_ID                      | "7.9"                                                        |
| cpu                             | Intel(R) Xeon(R) CPU E5-2680 v3 @ 2.50GHz                    |
| cpu_cores                       | 24                                                           |
| cpu_count                       | 24                                                           |
| cpu_threads                     | 24                                                           |
| date                            | 2022-11-20 03:42:02.507288                                   |
| frequency                       | scpufreq(current=1.5495833333333335, min=1200.0, max=3300.0) |
| mem.active                      | 64.8 GiB                                                     |
| mem.available                   | 179.3 GiB                                                    |
| mem.free                        | 179.5 GiB                                                    |
| mem.inactive                    | 1.0 GiB                                                      |
| mem.percent                     | 28.6 %                                                       |
| mem.total                       | 251.1 GiB                                                    |
| mem.used                        | 65.0 GiB                                                     |
| platform.version                | #1 SMP Tue Jul 26 14:15:37 UTC 2022                          |
| python                          | 3.9.8 (main, Feb  8 2022, 08:35:13)                          |
|                                 | [GCC 6.3.0]                                                  |
| python.pip                      | 22.2.2                                                       |
| python.version                  | 3.9.8                                                        |
| sys.platform                    | linux                                                        |
| uname.machine                   | x86_64                                                       |
| uname.node                      | c4                                                           |
| uname.processor                 | x86_64                                                       |
| uname.release                   | 3.10.0-1160.76.1.el7.x86_64                                  |
| uname.system                    | Linux                                                        |
| uname.version                   | #1 SMP Tue Jul 26 14:15:37 UTC 2022                          |
| user                            | haiyang                                                      |
+---------------------------------+--------------------------------------------------------------+

+---------------+----------+--------+-------+---------------------+-----------------------------------------------------------------------------------------------------------------+-------+--------+---------+-------+-------------------------------------+
| Name          | Status   |   Time |   Sum | Start               | tag                                                                                                             | msg   | Node   | User    | OS    | Version                             |
|---------------+----------+--------+-------+---------------------+-----------------------------------------------------------------------------------------------------------------+-------+--------+---------+-------+-------------------------------------|
| mpi-mergesort | ok       |   0.43 |  0.43 | 2022-11-20 03:42:02 | {'user': 'alex', 'node': 'v100', 'debug': False, 'size': 5000, 'subsort': 'mp', 'sort': 'mpi', 'c': 14, 'p': 2} |       | c4     | haiyang | Linux | #1 SMP Tue Jul 26 14:15:37 UTC 2022 |
| mpi-generate  | ok       |   0    |  0    | 2022-11-20 03:42:02 | {'user': 'alex', 'node': 'v100', 'debug': False, 'size': 5000, 'subsort': 'mp', 'sort': 'mpi', 'c': 14, 'p': 2} |       | c4     | haiyang | Linux | #1 SMP Tue Jul 26 14:15:37 UTC 2022 |
+---------------+----------+--------+-------+---------------------+-----------------------------------------------------------------------------------------------------------------+-------+--------+---------+-------+-------------------------------------+
# csv,timer,status,time,sum,start,tag,msg,uname.node,user,uname.system,platform.version
# csv,mpi-mergesort,ok,0.43,0.43,2022-11-20 03:42:02,{'user': 'alex', 'node': 'v100', 'debug': False, 'size': 5000, 'subsort': 'mp', 'sort': 'mpi', 'c': 14, 'p': 2},None,c4,haiyang,Linux,#1 SMP Tue Jul 26 14:15:37 UTC 2022
# csv,mpi-generate,ok,0.0,0.0,2022-11-20 03:42:02,{'user': 'alex', 'node': 'v100', 'debug': False, 'size': 5000, 'subsort': 'mp', 'sort': 'mpi', 'c': 14, 'p': 2},None,c4,haiyang,Linux,#1 SMP Tue Jul 26 14:15:37 UTC 2022


+---------------------------------+--------------------------------------------------------------+
| Attribute                       | Value                                                        |
|---------------------------------+--------------------------------------------------------------|
| ANSI_COLOR                      | "0;31"                                                       |
| BUG_REPORT_URL                  | "https://bugzilla.redhat.com/"                               |
| CPE_NAME                        | "cpe:/o:redhat:enterprise_linux:7.9:GA:server"               |
| HOME_URL                        | "https://www.redhat.com/"                                    |
| ID                              | "rhel"                                                       |
| ID_LIKE                         | "fedora"                                                     |
| NAME                            | "Red Hat Enterprise Linux Server"                            |
| PRETTY_NAME                     | "Red Hat Enterprise Linux Server 7.9 (Maipo)"                |
| REDHAT_BUGZILLA_PRODUCT         | "Red Hat Enterprise Linux 7"                                 |
| REDHAT_BUGZILLA_PRODUCT_VERSION | 7.9                                                          |
| REDHAT_SUPPORT_PRODUCT          | "Red Hat Enterprise Linux"                                   |
| REDHAT_SUPPORT_PRODUCT_VERSION  | "7.9"                                                        |
| VARIANT                         | "Server"                                                     |
| VARIANT_ID                      | "server"                                                     |
| VERSION                         | "7.9 (Maipo)"                                                |
| VERSION_ID                      | "7.9"                                                        |
| cpu                             | Intel(R) Xeon(R) CPU E5-2680 v3 @ 2.50GHz                    |
| cpu_cores                       | 24                                                           |
| cpu_count                       | 24                                                           |
| cpu_threads                     | 24                                                           |
| date                            | 2022-11-20 03:42:05.511068                                   |
| frequency                       | scpufreq(current=1.5413750000000006, min=1200.0, max=3300.0) |
| mem.active                      | 64.9 GiB                                                     |
| mem.available                   | 179.3 GiB                                                    |
| mem.free                        | 179.4 GiB                                                    |
| mem.inactive                    | 1.0 GiB                                                      |
| mem.percent                     | 28.6 %                                                       |
| mem.total                       | 251.1 GiB                                                    |
| mem.used                        | 65.0 GiB                                                     |
| platform.version                | #1 SMP Tue Jul 26 14:15:37 UTC 2022                          |
| python                          | 3.9.8 (main, Feb  8 2022, 08:35:13)                          |
|                                 | [GCC 6.3.0]                                                  |
| python.pip                      | 22.2.2                                                       |
| python.version                  | 3.9.8                                                        |
| sys.platform                    | linux                                                        |
| uname.machine                   | x86_64                                                       |
| uname.node                      | c4                                                           |
| uname.processor                 | x86_64                                                       |
| uname.release                   | 3.10.0-1160.76.1.el7.x86_64                                  |
| uname.system                    | Linux                                                        |
| uname.version                   | #1 SMP Tue Jul 26 14:15:37 UTC 2022                          |
| user                            | haiyang                                                      |
+---------------------------------+--------------------------------------------------------------+

+---------------+----------+--------+-------+---------------------+-----------------------------------------------------------------------------------------------------------------+-------+--------+---------+-------+-------------------------------------+
| Name          | Status   |   Time |   Sum | Start               | tag                                                                                                             | msg   | Node   | User    | OS    | Version                             |
|---------------+----------+--------+-------+---------------------+-----------------------------------------------------------------------------------------------------------------+-------+--------+---------+-------+-------------------------------------|
| mpi-mergesort | ok       |  0.462 | 0.462 | 2022-11-20 03:42:05 | {'user': 'alex', 'node': 'v100', 'debug': False, 'size': 5000, 'subsort': 'mp', 'sort': 'mpi', 'c': 14, 'p': 2} |       | c4     | haiyang | Linux | #1 SMP Tue Jul 26 14:15:37 UTC 2022 |
| mpi-generate  | ok       |  0     | 0     | 2022-11-20 03:42:05 | {'user': 'alex', 'node': 'v100', 'debug': False, 'size': 5000, 'subsort': 'mp', 'sort': 'mpi', 'c': 14, 'p': 2} |       | c4     | haiyang | Linux | #1 SMP Tue Jul 26 14:15:37 UTC 2022 |
+---------------+----------+--------+-------+---------------------+-----------------------------------------------------------------------------------------------------------------+-------+--------+---------+-------+-------------------------------------+
# csv,timer,status,time,sum,start,tag,msg,uname.node,user,uname.system,platform.version
# csv,mpi-mergesort,ok,0.462,0.462,2022-11-20 03:42:05,{'user': 'alex', 'node': 'v100', 'debug': False, 'size': 5000, 'subsort': 'mp', 'sort': 'mpi', 'c': 14, 'p': 2},None,c4,haiyang,Linux,#1 SMP Tue Jul 26 14:15:37 UTC 2022
# csv,mpi-generate,ok,0.0,0.0,2022-11-20 03:42:05,{'user': 'alex', 'node': 'v100', 'debug': False, 'size': 5000, 'subsort': 'mp', 'sort': 'mpi', 'c': 14, 'p': 2},None,c4,haiyang,Linux,#1 SMP Tue Jul 26 14:15:37 UTC 2022


+---------------------------------+----------------------------------------------------+
| Attribute                       | Value                                              |
|---------------------------------+----------------------------------------------------|
| ANSI_COLOR                      | "0;31"                                             |
| BUG_REPORT_URL                  | "https://bugzilla.redhat.com/"                     |
| CPE_NAME                        | "cpe:/o:redhat:enterprise_linux:7.9:GA:server"     |
| HOME_URL                        | "https://www.redhat.com/"                          |
| ID                              | "rhel"                                             |
| ID_LIKE                         | "fedora"                                           |
| NAME                            | "Red Hat Enterprise Linux Server"                  |
| PRETTY_NAME                     | "Red Hat Enterprise Linux Server 7.9 (Maipo)"      |
| REDHAT_BUGZILLA_PRODUCT         | "Red Hat Enterprise Linux 7"                       |
| REDHAT_BUGZILLA_PRODUCT_VERSION | 7.9                                                |
| REDHAT_SUPPORT_PRODUCT          | "Red Hat Enterprise Linux"                         |
| REDHAT_SUPPORT_PRODUCT_VERSION  | "7.9"                                              |
| VARIANT                         | "Server"                                           |
| VARIANT_ID                      | "server"                                           |
| VERSION                         | "7.9 (Maipo)"                                      |
| VERSION_ID                      | "7.9"                                              |
| cpu                             | Intel(R) Xeon(R) CPU E5-2680 v3 @ 2.50GHz          |
| cpu_cores                       | 24                                                 |
| cpu_count                       | 24                                                 |
| cpu_threads                     | 24                                                 |
| date                            | 2022-11-20 03:42:08.753872                         |
| frequency                       | scpufreq(current=1.542375, min=1200.0, max=3300.0) |
| mem.active                      | 64.9 GiB                                           |
| mem.available                   | 179.3 GiB                                          |
| mem.free                        | 179.4 GiB                                          |
| mem.inactive                    | 1.0 GiB                                            |
| mem.percent                     | 28.6 %                                             |
| mem.total                       | 251.1 GiB                                          |
| mem.used                        | 65.0 GiB                                           |
| platform.version                | #1 SMP Tue Jul 26 14:15:37 UTC 2022                |
| python                          | 3.9.8 (main, Feb  8 2022, 08:35:13)                |
|                                 | [GCC 6.3.0]                                        |
| python.pip                      | 22.2.2                                             |
| python.version                  | 3.9.8                                              |
| sys.platform                    | linux                                              |
| uname.machine                   | x86_64                                             |
| uname.node                      | c4                                                 |
| uname.processor                 | x86_64                                             |
| uname.release                   | 3.10.0-1160.76.1.el7.x86_64                        |
| uname.system                    | Linux                                              |
| uname.version                   | #1 SMP Tue Jul 26 14:15:37 UTC 2022                |
| user                            | haiyang                                            |
+---------------------------------+----------------------------------------------------+

+---------------+----------+--------+-------+---------------------+-----------------------------------------------------------------------------------------------------------------+-------+--------+---------+-------+-------------------------------------+
| Name          | Status   |   Time |   Sum | Start               | tag                                                                                                             | msg   | Node   | User    | OS    | Version                             |
|---------------+----------+--------+-------+---------------------+-----------------------------------------------------------------------------------------------------------------+-------+--------+---------+-------+-------------------------------------|
| mpi-mergesort | ok       |  0.486 | 0.486 | 2022-11-20 03:42:08 | {'user': 'alex', 'node': 'v100', 'debug': False, 'size': 5000, 'subsort': 'mp', 'sort': 'mpi', 'c': 14, 'p': 2} |       | c4     | haiyang | Linux | #1 SMP Tue Jul 26 14:15:37 UTC 2022 |
| mpi-generate  | ok       |  0     | 0     | 2022-11-20 03:42:08 | {'user': 'alex', 'node': 'v100', 'debug': False, 'size': 5000, 'subsort': 'mp', 'sort': 'mpi', 'c': 14, 'p': 2} |       | c4     | haiyang | Linux | #1 SMP Tue Jul 26 14:15:37 UTC 2022 |
+---------------+----------+--------+-------+---------------------+-----------------------------------------------------------------------------------------------------------------+-------+--------+---------+-------+-------------------------------------+
# csv,timer,status,time,sum,start,tag,msg,uname.node,user,uname.system,platform.version
# csv,mpi-mergesort,ok,0.486,0.486,2022-11-20 03:42:08,{'user': 'alex', 'node': 'v100', 'debug': False, 'size': 5000, 'subsort': 'mp', 'sort': 'mpi', 'c': 14, 'p': 2},None,c4,haiyang,Linux,#1 SMP Tue Jul 26 14:15:37 UTC 2022
# csv,mpi-generate,ok,0.0,0.0,2022-11-20 03:42:08,{'user': 'alex', 'node': 'v100', 'debug': False, 'size': 5000, 'subsort': 'mp', 'sort': 'mpi', 'c': 14, 'p': 2},None,c4,haiyang,Linux,#1 SMP Tue Jul 26 14:15:37 UTC 2022


+---------------------------------+--------------------------------------------------------------+
| Attribute                       | Value                                                        |
|---------------------------------+--------------------------------------------------------------|
| ANSI_COLOR                      | "0;31"                                                       |
| BUG_REPORT_URL                  | "https://bugzilla.redhat.com/"                               |
| CPE_NAME                        | "cpe:/o:redhat:enterprise_linux:7.9:GA:server"               |
| HOME_URL                        | "https://www.redhat.com/"                                    |
| ID                              | "rhel"                                                       |
| ID_LIKE                         | "fedora"                                                     |
| NAME                            | "Red Hat Enterprise Linux Server"                            |
| PRETTY_NAME                     | "Red Hat Enterprise Linux Server 7.9 (Maipo)"                |
| REDHAT_BUGZILLA_PRODUCT         | "Red Hat Enterprise Linux 7"                                 |
| REDHAT_BUGZILLA_PRODUCT_VERSION | 7.9                                                          |
| REDHAT_SUPPORT_PRODUCT          | "Red Hat Enterprise Linux"                                   |
| REDHAT_SUPPORT_PRODUCT_VERSION  | "7.9"                                                        |
| VARIANT                         | "Server"                                                     |
| VARIANT_ID                      | "server"                                                     |
| VERSION                         | "7.9 (Maipo)"                                                |
| VERSION_ID                      | "7.9"                                                        |
| cpu                             | Intel(R) Xeon(R) CPU E5-2680 v3 @ 2.50GHz                    |
| cpu_cores                       | 24                                                           |
| cpu_count                       | 24                                                           |
| cpu_threads                     | 24                                                           |
| date                            | 2022-11-20 03:42:11.665500                                   |
| frequency                       | scpufreq(current=1.5460416666666668, min=1200.0, max=3300.0) |
| mem.active                      | 64.9 GiB                                                     |
| mem.available                   | 179.3 GiB                                                    |
| mem.free                        | 179.4 GiB                                                    |
| mem.inactive                    | 1.0 GiB                                                      |
| mem.percent                     | 28.6 %                                                       |
| mem.total                       | 251.1 GiB                                                    |
| mem.used                        | 65.0 GiB                                                     |
| platform.version                | #1 SMP Tue Jul 26 14:15:37 UTC 2022                          |
| python                          | 3.9.8 (main, Feb  8 2022, 08:35:13)                          |
|                                 | [GCC 6.3.0]                                                  |
| python.pip                      | 22.2.2                                                       |
| python.version                  | 3.9.8                                                        |
| sys.platform                    | linux                                                        |
| uname.machine                   | x86_64                                                       |
| uname.node                      | c4                                                           |
| uname.processor                 | x86_64                                                       |
| uname.release                   | 3.10.0-1160.76.1.el7.x86_64                                  |
| uname.system                    | Linux                                                        |
| uname.version                   | #1 SMP Tue Jul 26 14:15:37 UTC 2022                          |
| user                            | haiyang                                                      |
+---------------------------------+--------------------------------------------------------------+

+---------------+----------+--------+-------+---------------------+-----------------------------------------------------------------------------------------------------------------+-------+--------+---------+-------+-------------------------------------+
| Name          | Status   |   Time |   Sum | Start               | tag                                                                                                             | msg   | Node   | User    | OS    | Version                             |
|---------------+----------+--------+-------+---------------------+-----------------------------------------------------------------------------------------------------------------+-------+--------+---------+-------+-------------------------------------|
| mpi-mergesort | ok       |  0.391 | 0.391 | 2022-11-20 03:42:11 | {'user': 'alex', 'node': 'v100', 'debug': False, 'size': 5000, 'subsort': 'mp', 'sort': 'mpi', 'c': 14, 'p': 2} |       | c4     | haiyang | Linux | #1 SMP Tue Jul 26 14:15:37 UTC 2022 |
| mpi-generate  | ok       |  0     | 0     | 2022-11-20 03:42:11 | {'user': 'alex', 'node': 'v100', 'debug': False, 'size': 5000, 'subsort': 'mp', 'sort': 'mpi', 'c': 14, 'p': 2} |       | c4     | haiyang | Linux | #1 SMP Tue Jul 26 14:15:37 UTC 2022 |
+---------------+----------+--------+-------+---------------------+-----------------------------------------------------------------------------------------------------------------+-------+--------+---------+-------+-------------------------------------+
# csv,timer,status,time,sum,start,tag,msg,uname.node,user,uname.system,platform.version
# csv,mpi-mergesort,ok,0.391,0.391,2022-11-20 03:42:11,{'user': 'alex', 'node': 'v100', 'debug': False, 'size': 5000, 'subsort': 'mp', 'sort': 'mpi', 'c': 14, 'p': 2},None,c4,haiyang,Linux,#1 SMP Tue Jul 26 14:15:37 UTC 2022
# csv,mpi-generate,ok,0.0,0.0,2022-11-20 03:42:11,{'user': 'alex', 'node': 'v100', 'debug': False, 'size': 5000, 'subsort': 'mp', 'sort': 'mpi', 'c': 14, 'p': 2},None,c4,haiyang,Linux,#1 SMP Tue Jul 26 14:15:37 UTC 2022


+---------------------------------+-------------------------------------------------------------+
| Attribute                       | Value                                                       |
|---------------------------------+-------------------------------------------------------------|
| ANSI_COLOR                      | "0;31"                                                      |
| BUG_REPORT_URL                  | "https://bugzilla.redhat.com/"                              |
| CPE_NAME                        | "cpe:/o:redhat:enterprise_linux:7.9:GA:server"              |
| HOME_URL                        | "https://www.redhat.com/"                                   |
| ID                              | "rhel"                                                      |
| ID_LIKE                         | "fedora"                                                    |
| NAME                            | "Red Hat Enterprise Linux Server"                           |
| PRETTY_NAME                     | "Red Hat Enterprise Linux Server 7.9 (Maipo)"               |
| REDHAT_BUGZILLA_PRODUCT         | "Red Hat Enterprise Linux 7"                                |
| REDHAT_BUGZILLA_PRODUCT_VERSION | 7.9                                                         |
| REDHAT_SUPPORT_PRODUCT          | "Red Hat Enterprise Linux"                                  |
| REDHAT_SUPPORT_PRODUCT_VERSION  | "7.9"                                                       |
| VARIANT                         | "Server"                                                    |
| VARIANT_ID                      | "server"                                                    |
| VERSION                         | "7.9 (Maipo)"                                               |
| VERSION_ID                      | "7.9"                                                       |
| cpu                             | Intel(R) Xeon(R) CPU E5-2680 v3 @ 2.50GHz                   |
| cpu_cores                       | 24                                                          |
| cpu_count                       | 24                                                          |
| cpu_threads                     | 24                                                          |
| date                            | 2022-11-20 03:42:14.616005                                  |
| frequency                       | scpufreq(current=1.543583333333334, min=1200.0, max=3300.0) |
| mem.active                      | 64.9 GiB                                                    |
| mem.available                   | 179.2 GiB                                                   |
| mem.free                        | 179.4 GiB                                                   |
| mem.inactive                    | 1.0 GiB                                                     |
| mem.percent                     | 28.6 %                                                      |
| mem.total                       | 251.1 GiB                                                   |
| mem.used                        | 65.1 GiB                                                    |
| platform.version                | #1 SMP Tue Jul 26 14:15:37 UTC 2022                         |
| python                          | 3.9.8 (main, Feb  8 2022, 08:35:13)                         |
|                                 | [GCC 6.3.0]                                                 |
| python.pip                      | 22.2.2                                                      |
| python.version                  | 3.9.8                                                       |
| sys.platform                    | linux                                                       |
| uname.machine                   | x86_64                                                      |
| uname.node                      | c4                                                          |
| uname.processor                 | x86_64                                                      |
| uname.release                   | 3.10.0-1160.76.1.el7.x86_64                                 |
| uname.system                    | Linux                                                       |
| uname.version                   | #1 SMP Tue Jul 26 14:15:37 UTC 2022                         |
| user                            | haiyang                                                     |
+---------------------------------+-------------------------------------------------------------+

+---------------+----------+--------+-------+---------------------+-----------------------------------------------------------------------------------------------------------------+-------+--------+---------+-------+-------------------------------------+
| Name          | Status   |   Time |   Sum | Start               | tag                                                                                                             | msg   | Node   | User    | OS    | Version                             |
|---------------+----------+--------+-------+---------------------+-----------------------------------------------------------------------------------------------------------------+-------+--------+---------+-------+-------------------------------------|
| mpi-mergesort | ok       |  0.433 | 0.433 | 2022-11-20 03:42:14 | {'user': 'alex', 'node': 'v100', 'debug': False, 'size': 5000, 'subsort': 'mp', 'sort': 'mpi', 'c': 14, 'p': 2} |       | c4     | haiyang | Linux | #1 SMP Tue Jul 26 14:15:37 UTC 2022 |
| mpi-generate  | ok       |  0     | 0     | 2022-11-20 03:42:14 | {'user': 'alex', 'node': 'v100', 'debug': False, 'size': 5000, 'subsort': 'mp', 'sort': 'mpi', 'c': 14, 'p': 2} |       | c4     | haiyang | Linux | #1 SMP Tue Jul 26 14:15:37 UTC 2022 |
+---------------+----------+--------+-------+---------------------+-----------------------------------------------------------------------------------------------------------------+-------+--------+---------+-------+-------------------------------------+
# csv,timer,status,time,sum,start,tag,msg,uname.node,user,uname.system,platform.version
# csv,mpi-mergesort,ok,0.433,0.433,2022-11-20 03:42:14,{'user': 'alex', 'node': 'v100', 'debug': False, 'size': 5000, 'subsort': 'mp', 'sort': 'mpi', 'c': 14, 'p': 2},None,c4,haiyang,Linux,#1 SMP Tue Jul 26 14:15:37 UTC 2022
# csv,mpi-generate,ok,0.0,0.0,2022-11-20 03:42:14,{'user': 'alex', 'node': 'v100', 'debug': False, 'size': 5000, 'subsort': 'mp', 'sort': 'mpi', 'c': 14, 'p': 2},None,c4,haiyang,Linux,#1 SMP Tue Jul 26 14:15:37 UTC 2022


+---------------------------------+----------------------------------------------------+
| Attribute                       | Value                                              |
|---------------------------------+----------------------------------------------------|
| ANSI_COLOR                      | "0;31"                                             |
| BUG_REPORT_URL                  | "https://bugzilla.redhat.com/"                     |
| CPE_NAME                        | "cpe:/o:redhat:enterprise_linux:7.9:GA:server"     |
| HOME_URL                        | "https://www.redhat.com/"                          |
| ID                              | "rhel"                                             |
| ID_LIKE                         | "fedora"                                           |
| NAME                            | "Red Hat Enterprise Linux Server"                  |
| PRETTY_NAME                     | "Red Hat Enterprise Linux Server 7.9 (Maipo)"      |
| REDHAT_BUGZILLA_PRODUCT         | "Red Hat Enterprise Linux 7"                       |
| REDHAT_BUGZILLA_PRODUCT_VERSION | 7.9                                                |
| REDHAT_SUPPORT_PRODUCT          | "Red Hat Enterprise Linux"                         |
| REDHAT_SUPPORT_PRODUCT_VERSION  | "7.9"                                              |
| VARIANT                         | "Server"                                           |
| VARIANT_ID                      | "server"                                           |
| VERSION                         | "7.9 (Maipo)"                                      |
| VERSION_ID                      | "7.9"                                              |
| cpu                             | Intel(R) Xeon(R) CPU E5-2680 v3 @ 2.50GHz          |
| cpu_cores                       | 24                                                 |
| cpu_count                       | 24                                                 |
| cpu_threads                     | 24                                                 |
| date                            | 2022-11-20 03:42:17.573731                         |
| frequency                       | scpufreq(current=1.540875, min=1200.0, max=3300.0) |
| mem.active                      | 64.9 GiB                                           |
| mem.available                   | 179.2 GiB                                          |
| mem.free                        | 179.4 GiB                                          |
| mem.inactive                    | 1.0 GiB                                            |
| mem.percent                     | 28.6 %                                             |
| mem.total                       | 251.1 GiB                                          |
| mem.used                        | 65.1 GiB                                           |
| platform.version                | #1 SMP Tue Jul 26 14:15:37 UTC 2022                |
| python                          | 3.9.8 (main, Feb  8 2022, 08:35:13)                |
|                                 | [GCC 6.3.0]                                        |
| python.pip                      | 22.2.2                                             |
| python.version                  | 3.9.8                                              |
| sys.platform                    | linux                                              |
| uname.machine                   | x86_64                                             |
| uname.node                      | c4                                                 |
| uname.processor                 | x86_64                                             |
| uname.release                   | 3.10.0-1160.76.1.el7.x86_64                        |
| uname.system                    | Linux                                              |
| uname.version                   | #1 SMP Tue Jul 26 14:15:37 UTC 2022                |
| user                            | haiyang                                            |
+---------------------------------+----------------------------------------------------+

+---------------+----------+--------+-------+---------------------+-----------------------------------------------------------------------------------------------------------------+-------+--------+---------+-------+-------------------------------------+
| Name          | Status   |   Time |   Sum | Start               | tag                                                                                                             | msg   | Node   | User    | OS    | Version                             |
|---------------+----------+--------+-------+---------------------+-----------------------------------------------------------------------------------------------------------------+-------+--------+---------+-------+-------------------------------------|
| mpi-mergesort | ok       |  0.435 | 0.435 | 2022-11-20 03:42:17 | {'user': 'alex', 'node': 'v100', 'debug': False, 'size': 5000, 'subsort': 'mp', 'sort': 'mpi', 'c': 14, 'p': 2} |       | c4     | haiyang | Linux | #1 SMP Tue Jul 26 14:15:37 UTC 2022 |
| mpi-generate  | ok       |  0     | 0     | 2022-11-20 03:42:17 | {'user': 'alex', 'node': 'v100', 'debug': False, 'size': 5000, 'subsort': 'mp', 'sort': 'mpi', 'c': 14, 'p': 2} |       | c4     | haiyang | Linux | #1 SMP Tue Jul 26 14:15:37 UTC 2022 |
+---------------+----------+--------+-------+---------------------+-----------------------------------------------------------------------------------------------------------------+-------+--------+---------+-------+-------------------------------------+
# csv,timer,status,time,sum,start,tag,msg,uname.node,user,uname.system,platform.version
# csv,mpi-mergesort,ok,0.435,0.435,2022-11-20 03:42:17,{'user': 'alex', 'node': 'v100', 'debug': False, 'size': 5000, 'subsort': 'mp', 'sort': 'mpi', 'c': 14, 'p': 2},None,c4,haiyang,Linux,#1 SMP Tue Jul 26 14:15:37 UTC 2022
# csv,mpi-generate,ok,0.0,0.0,2022-11-20 03:42:17,{'user': 'alex', 'node': 'v100', 'debug': False, 'size': 5000, 'subsort': 'mp', 'sort': 'mpi', 'c': 14, 'p': 2},None,c4,haiyang,Linux,#1 SMP Tue Jul 26 14:15:37 UTC 2022


+---------------------------------+--------------------------------------------------------------+
| Attribute                       | Value                                                        |
|---------------------------------+--------------------------------------------------------------|
| ANSI_COLOR                      | "0;31"                                                       |
| BUG_REPORT_URL                  | "https://bugzilla.redhat.com/"                               |
| CPE_NAME                        | "cpe:/o:redhat:enterprise_linux:7.9:GA:server"               |
| HOME_URL                        | "https://www.redhat.com/"                                    |
| ID                              | "rhel"                                                       |
| ID_LIKE                         | "fedora"                                                     |
| NAME                            | "Red Hat Enterprise Linux Server"                            |
| PRETTY_NAME                     | "Red Hat Enterprise Linux Server 7.9 (Maipo)"                |
| REDHAT_BUGZILLA_PRODUCT         | "Red Hat Enterprise Linux 7"                                 |
| REDHAT_BUGZILLA_PRODUCT_VERSION | 7.9                                                          |
| REDHAT_SUPPORT_PRODUCT          | "Red Hat Enterprise Linux"                                   |
| REDHAT_SUPPORT_PRODUCT_VERSION  | "7.9"                                                        |
| VARIANT                         | "Server"                                                     |
| VARIANT_ID                      | "server"                                                     |
| VERSION                         | "7.9 (Maipo)"                                                |
| VERSION_ID                      | "7.9"                                                        |
| cpu                             | Intel(R) Xeon(R) CPU E5-2680 v3 @ 2.50GHz                    |
| cpu_cores                       | 24                                                           |
| cpu_count                       | 24                                                           |
| cpu_threads                     | 24                                                           |
| date                            | 2022-11-20 03:42:20.726945                                   |
| frequency                       | scpufreq(current=1.5455833333333333, min=1200.0, max=3300.0) |
| mem.active                      | 64.9 GiB                                                     |
| mem.available                   | 179.2 GiB                                                    |
| mem.free                        | 179.4 GiB                                                    |
| mem.inactive                    | 1.0 GiB                                                      |
| mem.percent                     | 28.6 %                                                       |
| mem.total                       | 251.1 GiB                                                    |
| mem.used                        | 65.1 GiB                                                     |
| platform.version                | #1 SMP Tue Jul 26 14:15:37 UTC 2022                          |
| python                          | 3.9.8 (main, Feb  8 2022, 08:35:13)                          |
|                                 | [GCC 6.3.0]                                                  |
| python.pip                      | 22.2.2                                                       |
| python.version                  | 3.9.8                                                        |
| sys.platform                    | linux                                                        |
| uname.machine                   | x86_64                                                       |
| uname.node                      | c4                                                           |
| uname.processor                 | x86_64                                                       |
| uname.release                   | 3.10.0-1160.76.1.el7.x86_64                                  |
| uname.system                    | Linux                                                        |
| uname.version                   | #1 SMP Tue Jul 26 14:15:37 UTC 2022                          |
| user                            | haiyang                                                      |
+---------------------------------+--------------------------------------------------------------+

+---------------+----------+--------+-------+---------------------+-----------------------------------------------------------------------------------------------------------------+-------+--------+---------+-------+-------------------------------------+
| Name          | Status   |   Time |   Sum | Start               | tag                                                                                                             | msg   | Node   | User    | OS    | Version                             |
|---------------+----------+--------+-------+---------------------+-----------------------------------------------------------------------------------------------------------------+-------+--------+---------+-------+-------------------------------------|
| mpi-mergesort | ok       |  0.634 | 0.634 | 2022-11-20 03:42:20 | {'user': 'alex', 'node': 'v100', 'debug': False, 'size': 5000, 'subsort': 'mp', 'sort': 'mpi', 'c': 14, 'p': 2} |       | c4     | haiyang | Linux | #1 SMP Tue Jul 26 14:15:37 UTC 2022 |
| mpi-generate  | ok       |  0     | 0     | 2022-11-20 03:42:20 | {'user': 'alex', 'node': 'v100', 'debug': False, 'size': 5000, 'subsort': 'mp', 'sort': 'mpi', 'c': 14, 'p': 2} |       | c4     | haiyang | Linux | #1 SMP Tue Jul 26 14:15:37 UTC 2022 |
+---------------+----------+--------+-------+---------------------+-----------------------------------------------------------------------------------------------------------------+-------+--------+---------+-------+-------------------------------------+
# csv,timer,status,time,sum,start,tag,msg,uname.node,user,uname.system,platform.version
# csv,mpi-mergesort,ok,0.634,0.634,2022-11-20 03:42:20,{'user': 'alex', 'node': 'v100', 'debug': False, 'size': 5000, 'subsort': 'mp', 'sort': 'mpi', 'c': 14, 'p': 2},None,c4,haiyang,Linux,#1 SMP Tue Jul 26 14:15:37 UTC 2022
# csv,mpi-generate,ok,0.0,0.0,2022-11-20 03:42:20,{'user': 'alex', 'node': 'v100', 'debug': False, 'size': 5000, 'subsort': 'mp', 'sort': 'mpi', 'c': 14, 'p': 2},None,c4,haiyang,Linux,#1 SMP Tue Jul 26 14:15:37 UTC 2022

