Starting experiment
Processes: 1
Cores:     24
Size:      100
Repeat:    5
Debug:     False
Sort:      MPI
Algorithm: mp
Tag:       None
Total:     5
Experiment 4         : size=100 processes=1 cores=24 repeat=0 last_time=undefined                     
Experiment 3         : size=100 processes=1 cores=24 repeat=1 last_time=undefined                     
Experiment 2         : size=100 processes=1 cores=24 repeat=2 last_time=undefined                     
Experiment 1         : size=100 processes=1 cores=24 repeat=3 last_time=undefined                     
Experiment 0         : size=100 processes=1 cores=24 repeat=4 last_time=undefined                     
L                  | "https://bugzilla.redhat.com/"                               |
| CPE_NAME                        | "cpe:/o:redhat:enterprise_linux:7.9:GA:server"               |
| HOME_URL                        | "https://www.redhat.com/"                                    |
| ID                              | "rhel"                                                       |
| ID_LIKE                         | "fedora"                                                     |
| NAME                            | "Red Hat Enterprise Linux Server"                            |
| PRETTY_NAME                     | "Red Hat Enterprise Linux Server 7.9 (Maipo)"                |
| REDHAT_BUGZILLA_PRODUCT         | "Red Hat Enterprise Linux 7"                                 |
| REDHAT_BUGZILLA_PRODUCT_VERSION | 7.9                                                          |
| REDHAT_SUPPORT_PRODUCT          | "Red Hat Enterprise Linux"                                   |
| REDHAT_SUPPORT_PRODUCT_VERSION  | "7.9"                                                        |
| VARIANT                         | "Server"                                                     |
| VARIANT_ID                      | "server"                                                     |
| VERSION                         | "7.9 (Maipo)"                                                |
| VERSION_ID                      | "7.9"                                                        |
| cpu                             | Intel(R) Xeon(R) CPU E5-2680 v3 @ 2.50GHz                    |
| cpu_cores                       | 24                                                           |
| cpu_count                       | 24                                                           |
| cpu_threads                     | 24                                                           |
| date                            | 2022-11-20 14:10:35.885180                                   |
| frequency                       | scpufreq(current=2.5515000000000003, min=1200.0, max=3300.0) |
| mem.active                      | 83.2 GiB                                                     |
| mem.available                   | 163.8 GiB                                                    |
| mem.free                        | 95.7 GiB                                                     |
| mem.inactive                    | 57.6 GiB                                                     |
| mem.percent                     | 34.8 %                                                       |
| mem.total                       | 251.1 GiB                                                    |
| mem.used                        | 80.7 GiB                                                     |
| platform.version                | #1 SMP Tue Jul 26 14:15:37 UTC 2022                          |
| python                          | 3.9.8 (main, Feb  8 2022, 08:35:13)                          |
|                                 | [GCC 6.3.0]                                                  |
| python.pip                      | 22.2.2                                                       |
| python.version                  | 3.9.8                                                        |
| sys.platform                    | linux                                                        |
| uname.machine                   | x86_64                                                       |
| uname.node                      | c11                                                          |
| uname.processor                 | x86_64                                                       |
| uname.release                   | 3.10.0-1160.76.1.el7.x86_64                                  |
| uname.system                    | Linux                                                        |
| uname.version                   | #1 SMP Tue Jul 26 14:15:37 UTC 2022                          |
| user                            | haiyang                                                      |
+---------------------------------+--------------------------------------------------------------+

+---------------+----------+--------+-------+---------------------+----------------------------------------------------------------------------------------------------------------+-------+--------+---------+-------+-------------------------------------+
| Name          | Status   |   Time |   Sum | Start               | tag                                                                                                            | msg   | Node   | User    | OS    | Version                             |
|---------------+----------+--------+-------+---------------------+----------------------------------------------------------------------------------------------------------------+-------+--------+---------+-------+-------------------------------------|
| mpi-mergesort | ok       |  0.315 | 0.315 | 2022-11-20 14:10:35 | {'user': 'alex', 'node': 'v100', 'debug': False, 'size': 100, 'subsort': 'mp', 'sort': 'mpi', 'c': 24, 'p': 1} |       | c11    | haiyang | Linux | #1 SMP Tue Jul 26 14:15:37 UTC 2022 |
| mpi-generate  | ok       |  0     | 0     | 2022-11-20 14:10:35 | {'user': 'alex', 'node': 'v100', 'debug': False, 'size': 100, 'subsort': 'mp', 'sort': 'mpi', 'c': 24, 'p': 1} |       | c11    | haiyang | Linux | #1 SMP Tue Jul 26 14:15:37 UTC 2022 |
+---------------+----------+--------+-------+---------------------+----------------------------------------------------------------------------------------------------------------+-------+--------+---------+-------+-------------------------------------+
# csv,timer,status,time,sum,start,tag,msg,uname.node,user,uname.system,platform.version
# csv,mpi-mergesort,ok,0.315,0.315,2022-11-20 14:10:35,{'user': 'alex', 'node': 'v100', 'debug': False, 'size': 100, 'subsort': 'mp', 'sort': 'mpi', 'c': 24, 'p': 1},None,c11,haiyang,Linux,#1 SMP Tue Jul 26 14:15:37 UTC 2022
# csv,mpi-generate,ok,0.0,0.0,2022-11-20 14:10:35,{'user': 'alex', 'node': 'v100', 'debug': False, 'size': 100, 'subsort': 'mp', 'sort': 'mpi', 'c': 24, 'p': 1},None,c11,haiyang,Linux,#1 SMP Tue Jul 26 14:15:37 UTC 2022


+---------------------------------+--------------------------------------------------------------+
| Attribute                       | Value                                                        |
|---------------------------------+--------------------------------------------------------------|
| ANSI_COLOR                      | "0;31"                                                       |
| BUG_REPORT_URL                  | "https://bugzilla.redhat.com/"                               |
| CPE_NAME                        | "cpe:/o:redhat:enterprise_linux:7.9:GA:server"               |
| HOME_URL                        | "https://www.redhat.com/"                                    |
| ID                              | "rhel"                                                       |
| ID_LIKE                         | "fedora"                                                     |
| NAME                            | "Red Hat Enterprise Linux Server"                            |
| PRETTY_NAME                     | "Red Hat Enterprise Linux Server 7.9 (Maipo)"                |
| REDHAT_BUGZILLA_PRODUCT         | "Red Hat Enterprise Linux 7"                                 |
| REDHAT_BUGZILLA_PRODUCT_VERSION | 7.9                                                          |
| REDHAT_SUPPORT_PRODUCT          | "Red Hat Enterprise Linux"                                   |
| REDHAT_SUPPORT_PRODUCT_VERSION  | "7.9"                                                        |
| VARIANT                         | "Server"                                                     |
| VARIANT_ID                      | "server"                                                     |
| VERSION                         | "7.9 (Maipo)"                                                |
| VERSION_ID                      | "7.9"                                                        |
| cpu                             | Intel(R) Xeon(R) CPU E5-2680 v3 @ 2.50GHz                    |
| cpu_cores                       | 24                                                           |
| cpu_count                       | 24                                                           |
| cpu_threads                     | 24                                                           |
| date                            | 2022-11-20 14:10:39.047118                                   |
| frequency                       | scpufreq(current=2.5210000000000004, min=1200.0, max=3300.0) |
| mem.active                      | 83.2 GiB                                                     |
| mem.available                   | 163.8 GiB                                                    |
| mem.free                        | 95.7 GiB                                                     |
| mem.inactive                    | 57.7 GiB                                                     |
| mem.percent                     | 34.8 %                                                       |
| mem.total                       | 251.1 GiB                                                    |
| mem.used                        | 80.7 GiB                                                     |
| platform.version                | #1 SMP Tue Jul 26 14:15:37 UTC 2022                          |
| python                          | 3.9.8 (main, Feb  8 2022, 08:35:13)                          |
|                                 | [GCC 6.3.0]                                                  |
| python.pip                      | 22.2.2                                                       |
| python.version                  | 3.9.8                                                        |
| sys.platform                    | linux                                                        |
| uname.machine                   | x86_64                                                       |
| uname.node                      | c11                                                          |
| uname.processor                 | x86_64                                                       |
| uname.release                   | 3.10.0-1160.76.1.el7.x86_64                                  |
| uname.system                    | Linux                                                        |
| uname.version                   | #1 SMP Tue Jul 26 14:15:37 UTC 2022                          |
| user                            | haiyang                                                      |
+---------------------------------+--------------------------------------------------------------+

+---------------+----------+--------+-------+---------------------+----------------------------------------------------------------------------------------------------------------+-------+--------+---------+-------+-------------------------------------+
| Name          | Status   |   Time |   Sum | Start               | tag                                                                                                            | msg   | Node   | User    | OS    | Version                             |
|---------------+----------+--------+-------+---------------------+----------------------------------------------------------------------------------------------------------------+-------+--------+---------+-------+-------------------------------------|
| mpi-mergesort | ok       |  0.162 | 0.162 | 2022-11-20 14:10:38 | {'user': 'alex', 'node': 'v100', 'debug': False, 'size': 100, 'subsort': 'mp', 'sort': 'mpi', 'c': 24, 'p': 1} |       | c11    | haiyang | Linux | #1 SMP Tue Jul 26 14:15:37 UTC 2022 |
| mpi-generate  | ok       |  0     | 0     | 2022-11-20 14:10:38 | {'user': 'alex', 'node': 'v100', 'debug': False, 'size': 100, 'subsort': 'mp', 'sort': 'mpi', 'c': 24, 'p': 1} |       | c11    | haiyang | Linux | #1 SMP Tue Jul 26 14:15:37 UTC 2022 |
+---------------+----------+--------+-------+---------------------+----------------------------------------------------------------------------------------------------------------+-------+--------+---------+-------+-------------------------------------+
# csv,timer,status,time,sum,start,tag,msg,uname.node,user,uname.system,platform.version
# csv,mpi-mergesort,ok,0.162,0.162,2022-11-20 14:10:38,{'user': 'alex', 'node': 'v100', 'debug': False, 'size': 100, 'subsort': 'mp', 'sort': 'mpi', 'c': 24, 'p': 1},None,c11,haiyang,Linux,#1 SMP Tue Jul 26 14:15:37 UTC 2022
# csv,mpi-generate,ok,0.0,0.0,2022-11-20 14:10:38,{'user': 'alex', 'node': 'v100', 'debug': False, 'size': 100, 'subsort': 'mp', 'sort': 'mpi', 'c': 24, 'p': 1},None,c11,haiyang,Linux,#1 SMP Tue Jul 26 14:15:37 UTC 2022


+---------------------------------+-------------------------------------------------------------+
| Attribute                       | Value                                                       |
|---------------------------------+-------------------------------------------------------------|
| ANSI_COLOR                      | "0;31"                                                      |
| BUG_REPORT_URL                  | "https://bugzilla.redhat.com/"                              |
| CPE_NAME                        | "cpe:/o:redhat:enterprise_linux:7.9:GA:server"              |
| HOME_URL                        | "https://www.redhat.com/"                                   |
| ID                              | "rhel"                                                      |
| ID_LIKE                         | "fedora"                                                    |
| NAME                            | "Red Hat Enterprise Linux Server"                           |
| PRETTY_NAME                     | "Red Hat Enterprise Linux Server 7.9 (Maipo)"               |
| REDHAT_BUGZILLA_PRODUCT         | "Red Hat Enterprise Linux 7"                                |
| REDHAT_BUGZILLA_PRODUCT_VERSION | 7.9                                                         |
| REDHAT_SUPPORT_PRODUCT          | "Red Hat Enterprise Linux"                                  |
| REDHAT_SUPPORT_PRODUCT_VERSION  | "7.9"                                                       |
| VARIANT                         | "Server"                                                    |
| VARIANT_ID                      | "server"                                                    |
| VERSION                         | "7.9 (Maipo)"                                               |
| VERSION_ID                      | "7.9"                                                       |
| cpu                             | Intel(R) Xeon(R) CPU E5-2680 v3 @ 2.50GHz                   |
| cpu_cores                       | 24                                                          |
| cpu_count                       | 24                                                          |
| cpu_threads                     | 24                                                          |
| date                            | 2022-11-20 14:10:41.738854                                  |
| frequency                       | scpufreq(current=2.527041666666667, min=1200.0, max=3300.0) |
| mem.active                      | 83.2 GiB                                                    |
| mem.available                   | 163.8 GiB                                                   |
| mem.free                        | 95.6 GiB                                                    |
| mem.inactive                    | 57.7 GiB                                                    |
| mem.percent                     | 34.8 %                                                      |
| mem.total                       | 251.1 GiB                                                   |
| mem.used                        | 80.7 GiB                                                    |
| platform.version                | #1 SMP Tue Jul 26 14:15:37 UTC 2022                         |
| python                          | 3.9.8 (main, Feb  8 2022, 08:35:13)                         |
|                                 | [GCC 6.3.0]                                                 |
| python.pip                      | 22.2.2                                                      |
| python.version                  | 3.9.8                                                       |
| sys.platform                    | linux                                                       |
| uname.machine                   | x86_64                                                      |
| uname.node                      | c11                                                         |
| uname.processor                 | x86_64                                                      |
| uname.release                   | 3.10.0-1160.76.1.el7.x86_64                                 |
| uname.system                    | Linux                                                       |
| uname.version                   | #1 SMP Tue Jul 26 14:15:37 UTC 2022                         |
| user                            | haiyang                                                     |
+---------------------------------+-------------------------------------------------------------+

+---------------+----------+--------+-------+---------------------+----------------------------------------------------------------------------------------------------------------+-------+--------+---------+-------+-------------------------------------+
| Name          | Status   |   Time |   Sum | Start               | tag                                                                                                            | msg   | Node   | User    | OS    | Version                             |
|---------------+----------+--------+-------+---------------------+----------------------------------------------------------------------------------------------------------------+-------+--------+---------+-------+-------------------------------------|
| mpi-mergesort | ok       |   0.16 |  0.16 | 2022-11-20 14:10:41 | {'user': 'alex', 'node': 'v100', 'debug': False, 'size': 100, 'subsort': 'mp', 'sort': 'mpi', 'c': 24, 'p': 1} |       | c11    | haiyang | Linux | #1 SMP Tue Jul 26 14:15:37 UTC 2022 |
| mpi-generate  | ok       |   0    |  0    | 2022-11-20 14:10:41 | {'user': 'alex', 'node': 'v100', 'debug': False, 'size': 100, 'subsort': 'mp', 'sort': 'mpi', 'c': 24, 'p': 1} |       | c11    | haiyang | Linux | #1 SMP Tue Jul 26 14:15:37 UTC 2022 |
+---------------+----------+--------+-------+---------------------+----------------------------------------------------------------------------------------------------------------+-------+--------+---------+-------+-------------------------------------+
# csv,timer,status,time,sum,start,tag,msg,uname.node,user,uname.system,platform.version
# csv,mpi-mergesort,ok,0.16,0.16,2022-11-20 14:10:41,{'user': 'alex', 'node': 'v100', 'debug': False, 'size': 100, 'subsort': 'mp', 'sort': 'mpi', 'c': 24, 'p': 1},None,c11,haiyang,Linux,#1 SMP Tue Jul 26 14:15:37 UTC 2022
# csv,mpi-generate,ok,0.0,0.0,2022-11-20 14:10:41,{'user': 'alex', 'node': 'v100', 'debug': False, 'size': 100, 'subsort': 'mp', 'sort': 'mpi', 'c': 24, 'p': 1},None,c11,haiyang,Linux,#1 SMP Tue Jul 26 14:15:37 UTC 2022


+---------------------------------+-------------------------------------------------------------+
| Attribute                       | Value                                                       |
|---------------------------------+-------------------------------------------------------------|
| ANSI_COLOR                      | "0;31"                                                      |
| BUG_REPORT_URL                  | "https://bugzilla.redhat.com/"                              |
| CPE_NAME                        | "cpe:/o:redhat:enterprise_linux:7.9:GA:server"              |
| HOME_URL                        | "https://www.redhat.com/"                                   |
| ID                              | "rhel"                                                      |
| ID_LIKE                         | "fedora"                                                    |
| NAME                            | "Red Hat Enterprise Linux Server"                           |
| PRETTY_NAME                     | "Red Hat Enterprise Linux Server 7.9 (Maipo)"               |
| REDHAT_BUGZILLA_PRODUCT         | "Red Hat Enterprise Linux 7"                                |
| REDHAT_BUGZILLA_PRODUCT_VERSION | 7.9                                                         |
| REDHAT_SUPPORT_PRODUCT          | "Red Hat Enterprise Linux"                                  |
| REDHAT_SUPPORT_PRODUCT_VERSION  | "7.9"                                                       |
| VARIANT                         | "Server"                                                    |
| VARIANT_ID                      | "server"                                                    |
| VERSION                         | "7.9 (Maipo)"                                               |
| VERSION_ID                      | "7.9"                                                       |
| cpu                             | Intel(R) Xeon(R) CPU E5-2680 v3 @ 2.50GHz                   |
| cpu_cores                       | 24                                                          |
| cpu_count                       | 24                                                          |
| cpu_threads                     | 24                                                          |
| date                            | 2022-11-20 14:10:44.546580                                  |
| frequency                       | scpufreq(current=2.534916666666667, min=1200.0, max=3300.0) |
| mem.active                      | 82.5 GiB                                                    |
| mem.available                   | 163.8 GiB                                                   |
| mem.free                        | 96.4 GiB                                                    |
| mem.inactive                    | 57.6 GiB                                                    |
| mem.percent                     | 34.8 %                                                      |
| mem.total                       | 251.1 GiB                                                   |
| mem.used                        | 80.7 GiB                                                    |
| platform.version                | #1 SMP Tue Jul 26 14:15:37 UTC 2022                         |
| python                          | 3.9.8 (main, Feb  8 2022, 08:35:13)                         |
|                                 | [GCC 6.3.0]                                                 |
| python.pip                      | 22.2.2                                                      |
| python.version                  | 3.9.8                                                       |
| sys.platform                    | linux                                                       |
| uname.machine                   | x86_64                                                      |
| uname.node                      | c11                                                         |
| uname.processor                 | x86_64                                                      |
| uname.release                   | 3.10.0-1160.76.1.el7.x86_64                                 |
| uname.system                    | Linux                                                       |
| uname.version                   | #1 SMP Tue Jul 26 14:15:37 UTC 2022                         |
| user                            | haiyang                                                     |
+---------------------------------+-------------------------------------------------------------+

+---------------+----------+--------+-------+---------------------+----------------------------------------------------------------------------------------------------------------+-------+--------+---------+-------+-------------------------------------+
| Name          | Status   |   Time |   Sum | Start               | tag                                                                                                            | msg   | Node   | User    | OS    | Version                             |
|---------------+----------+--------+-------+---------------------+----------------------------------------------------------------------------------------------------------------+-------+--------+---------+-------+-------------------------------------|
| mpi-mergesort | ok       |  0.155 | 0.155 | 2022-11-20 14:10:44 | {'user': 'alex', 'node': 'v100', 'debug': False, 'size': 100, 'subsort': 'mp', 'sort': 'mpi', 'c': 24, 'p': 1} |       | c11    | haiyang | Linux | #1 SMP Tue Jul 26 14:15:37 UTC 2022 |
| mpi-generate  | ok       |  0     | 0     | 2022-11-20 14:10:44 | {'user': 'alex', 'node': 'v100', 'debug': False, 'size': 100, 'subsort': 'mp', 'sort': 'mpi', 'c': 24, 'p': 1} |       | c11    | haiyang | Linux | #1 SMP Tue Jul 26 14:15:37 UTC 2022 |
+---------------+----------+--------+-------+---------------------+----------------------------------------------------------------------------------------------------------------+-------+--------+---------+-------+-------------------------------------+
# csv,timer,status,time,sum,start,tag,msg,uname.node,user,uname.system,platform.version
# csv,mpi-mergesort,ok,0.155,0.155,2022-11-20 14:10:44,{'user': 'alex', 'node': 'v100', 'debug': False, 'size': 100, 'subsort': 'mp', 'sort': 'mpi', 'c': 24, 'p': 1},None,c11,haiyang,Linux,#1 SMP Tue Jul 26 14:15:37 UTC 2022
# csv,mpi-generate,ok,0.0,0.0,2022-11-20 14:10:44,{'user': 'alex', 'node': 'v100', 'debug': False, 'size': 100, 'subsort': 'mp', 'sort': 'mpi', 'c': 24, 'p': 1},None,c11,haiyang,Linux,#1 SMP Tue Jul 26 14:15:37 UTC 2022


+---------------------------------+--------------------------------------------------------------+
| Attribute                       | Value                                                        |
|---------------------------------+--------------------------------------------------------------|
| ANSI_COLOR                      | "0;31"                                                       |
| BUG_REPORT_URL                  | "https://bugzilla.redhat.com/"                               |
| CPE_NAME                        | "cpe:/o:redhat:enterprise_linux:7.9:GA:server"               |
| HOME_URL                        | "https://www.redhat.com/"                                    |
| ID                              | "rhel"                                                       |
| ID_LIKE                         | "fedora"                                                     |
| NAME                            | "Red Hat Enterprise Linux Server"                            |
| PRETTY_NAME                     | "Red Hat Enterprise Linux Server 7.9 (Maipo)"                |
| REDHAT_BUGZILLA_PRODUCT         | "Red Hat Enterprise Linux 7"                                 |
| REDHAT_BUGZILLA_PRODUCT_VERSION | 7.9                                                          |
| REDHAT_SUPPORT_PRODUCT          | "Red Hat Enterprise Linux"                                   |
| REDHAT_SUPPORT_PRODUCT_VERSION  | "7.9"                                                        |
| VARIANT                         | "Server"                                                     |
| VARIANT_ID                      | "server"                                                     |
| VERSION                         | "7.9 (Maipo)"                                                |
| VERSION_ID                      | "7.9"                                                        |
| cpu                             | Intel(R) Xeon(R) CPU E5-2680 v3 @ 2.50GHz                    |
| cpu_cores                       | 24                                                           |
| cpu_count                       | 24                                                           |
| cpu_threads                     | 24                                                           |
| date                            | 2022-11-20 14:10:47.104269                                   |
| frequency                       | scpufreq(current=2.5124583333333335, min=1200.0, max=3300.0) |
| mem.active                      | 82.5 GiB                                                     |
| mem.available                   | 163.8 GiB                                                    |
| mem.free                        | 96.4 GiB                                                     |
| mem.inactive                    | 57.6 GiB                                                     |
| mem.percent                     | 34.8 %                                                       |
| mem.total                       | 251.1 GiB                                                    |
| mem.used                        | 80.7 GiB                                                     |
| platform.version                | #1 SMP Tue Jul 26 14:15:37 UTC 2022                          |
| python                          | 3.9.8 (main, Feb  8 2022, 08:35:13)                          |
|                                 | [GCC 6.3.0]                                                  |
| python.pip                      | 22.2.2                                                       |
| python.version                  | 3.9.8                                                        |
| sys.platform                    | linux                                                        |
| uname.machine                   | x86_64                                                       |
| uname.node                      | c11                                                          |
| uname.processor                 | x86_64                                                       |
| uname.release                   | 3.10.0-1160.76.1.el7.x86_64                                  |
| uname.system                    | Linux                                                        |
| uname.version                   | #1 SMP Tue Jul 26 14:15:37 UTC 2022                          |
| user                            | haiyang                                                      |
+---------------------------------+--------------------------------------------------------------+

+---------------+----------+--------+-------+---------------------+----------------------------------------------------------------------------------------------------------------+-------+--------+---------+-------+-------------------------------------+
| Name          | Status   |   Time |   Sum | Start               | tag                                                                                                            | msg   | Node   | User    | OS    | Version                             |
|---------------+----------+--------+-------+---------------------+----------------------------------------------------------------------------------------------------------------+-------+--------+---------+-------+-------------------------------------|
| mpi-mergesort | ok       |  0.157 | 0.157 | 2022-11-20 14:10:46 | {'user': 'alex', 'node': 'v100', 'debug': False, 'size': 100, 'subsort': 'mp', 'sort': 'mpi', 'c': 24, 'p': 1} |       | c11    | haiyang | Linux | #1 SMP Tue Jul 26 14:15:37 UTC 2022 |
| mpi-generate  | ok       |  0     | 0     | 2022-11-20 14:10:46 | {'user': 'alex', 'node': 'v100', 'debug': False, 'size': 100, 'subsort': 'mp', 'sort': 'mpi', 'c': 24, 'p': 1} |       | c11    | haiyang | Linux | #1 SMP Tue Jul 26 14:15:37 UTC 2022 |
+---------------+----------+--------+-------+---------------------+----------------------------------------------------------------------------------------------------------------+-------+--------+---------+-------+-------------------------------------+
# csv,timer,status,time,sum,start,tag,msg,uname.node,user,uname.system,platform.version
# csv,mpi-mergesort,ok,0.157,0.157,2022-11-20 14:10:46,{'user': 'alex', 'node': 'v100', 'debug': False, 'size': 100, 'subsort': 'mp', 'sort': 'mpi', 'c': 24, 'p': 1},None,c11,haiyang,Linux,#1 SMP Tue Jul 26 14:15:37 UTC 2022
# csv,mpi-generate,ok,0.0,0.0,2022-11-20 14:10:46,{'user': 'alex', 'node': 'v100', 'debug': False, 'size': 100, 'subsort': 'mp', 'sort': 'mpi', 'c': 24, 'p': 1},None,c11,haiyang,Linux,#1 SMP Tue Jul 26 14:15:37 UTC 2022

