Starting experiment
Processes: 8
Cores:     6
Size:      500000
Repeat:    10
Debug:     False
Sort:      MPI
Algorithm: mp
Tag:       None
Total:     10
Experiment 9         : size=500000 processes=8 cores=6 repeat=0 last_time=undefined                     
Experiment 8         : size=500000 processes=8 cores=6 repeat=1 last_time=undefined                     
Experiment 7         : size=500000 processes=8 cores=6 repeat=2 last_time=undefined                     
Experiment 6         : size=500000 processes=8 cores=6 repeat=3 last_time=undefined                     
Experiment 5         : size=500000 processes=8 cores=6 repeat=4 last_time=undefined                     
Experiment 4         : size=500000 processes=8 cores=6 repeat=5 last_time=undefined                     
Experiment 3         : size=500000 processes=8 cores=6 repeat=6 last_time=undefined                     
Experiment 2         : size=500000 processes=8 cores=6 repeat=7 last_time=undefined                     
Experiment 1         : size=500000 processes=8 cores=6 repeat=8 last_time=undefined                     
Experiment 0         : size=500000 processes=8 cores=6 repeat=9 last_time=undefined                     
se Linux Server"                            |
| PRETTY_NAME                     | "Red Hat Enterprise Linux Server 7.9 (Maipo)"                |
| REDHAT_BUGZILLA_PRODUCT         | "Red Hat Enterprise Linux 7"                                 |
| REDHAT_BUGZILLA_PRODUCT_VERSION | 7.9                                                          |
| REDHAT_SUPPORT_PRODUCT          | "Red Hat Enterprise Linux"                                   |
| REDHAT_SUPPORT_PRODUCT_VERSION  | "7.9"                                                        |
| VARIANT                         | "Server"                                                     |
| VARIANT_ID                      | "server"                                                     |
| VERSION                         | "7.9 (Maipo)"                                                |
| VERSION_ID                      | "7.9"                                                        |
| cpu                             | Intel(R) Xeon(R) CPU E5-2680 v3 @ 2.50GHz                    |
| cpu_cores                       | 24                                                           |
| cpu_count                       | 24                                                           |
| cpu_threads                     | 24                                                           |
| date                            | 2022-11-19 23:36:34.053224                                   |
| frequency                       | scpufreq(current=1.5410416666666666, min=1200.0, max=3300.0) |
| mem.active                      | 17.4 GiB                                                     |
| mem.available                   | 222.6 GiB                                                    |
| mem.free                        | 210.9 GiB                                                    |
| mem.inactive                    | 10.7 GiB                                                     |
| mem.percent                     | 11.3 %                                                       |
| mem.total                       | 251.1 GiB                                                    |
| mem.used                        | 20.7 GiB                                                     |
| platform.version                | #1 SMP Tue Jul 26 14:15:37 UTC 2022                          |
| python                          | 3.9.8 (main, Feb  8 2022, 08:35:13)                          |
|                                 | [GCC 6.3.0]                                                  |
| python.pip                      | 22.2.2                                                       |
| python.version                  | 3.9.8                                                        |
| sys.platform                    | linux                                                        |
| uname.machine                   | x86_64                                                       |
| uname.node                      | c8                                                           |
| uname.processor                 | x86_64                                                       |
| uname.release                   | 3.10.0-1160.76.1.el7.x86_64                                  |
| uname.system                    | Linux                                                        |
| uname.version                   | #1 SMP Tue Jul 26 14:15:37 UTC 2022                          |
| user                            | haiyang                                                      |
+---------------------------------+--------------------------------------------------------------+

+---------------+----------+--------+-------+---------------------+------------------------------------------------------------------------------------------------------------------+-------+--------+---------+-------+-------------------------------------+
| Name          | Status   |   Time |   Sum | Start               | tag                                                                                                              | msg   | Node   | User    | OS    | Version                             |
|---------------+----------+--------+-------+---------------------+------------------------------------------------------------------------------------------------------------------+-------+--------+---------+-------+-------------------------------------|
| mpi-mergesort | ok       |  0.948 | 0.948 | 2022-11-19 23:36:33 | {'user': 'alex', 'node': 'v100', 'debug': False, 'size': 500000, 'subsort': 'mp', 'sort': 'mpi', 'c': 6, 'p': 8} |       | c8     | haiyang | Linux | #1 SMP Tue Jul 26 14:15:37 UTC 2022 |
| mpi-generate  | ok       |  0.004 | 0.004 | 2022-11-19 23:36:33 | {'user': 'alex', 'node': 'v100', 'debug': False, 'size': 500000, 'subsort': 'mp', 'sort': 'mpi', 'c': 6, 'p': 8} |       | c8     | haiyang | Linux | #1 SMP Tue Jul 26 14:15:37 UTC 2022 |
+---------------+----------+--------+-------+---------------------+------------------------------------------------------------------------------------------------------------------+-------+--------+---------+-------+-------------------------------------+
# csv,timer,status,time,sum,start,tag,msg,uname.node,user,uname.system,platform.version
# csv,mpi-mergesort,ok,0.948,0.948,2022-11-19 23:36:33,{'user': 'alex', 'node': 'v100', 'debug': False, 'size': 500000, 'subsort': 'mp', 'sort': 'mpi', 'c': 6, 'p': 8},None,c8,haiyang,Linux,#1 SMP Tue Jul 26 14:15:37 UTC 2022
# csv,mpi-generate,ok,0.004,0.004,2022-11-19 23:36:33,{'user': 'alex', 'node': 'v100', 'debug': False, 'size': 500000, 'subsort': 'mp', 'sort': 'mpi', 'c': 6, 'p': 8},None,c8,haiyang,Linux,#1 SMP Tue Jul 26 14:15:37 UTC 2022


+---------------------------------+-------------------------------------------------------------+
| Attribute                       | Value                                                       |
|---------------------------------+-------------------------------------------------------------|
| ANSI_COLOR                      | "0;31"                                                      |
| BUG_REPORT_URL                  | "https://bugzilla.redhat.com/"                              |
| CPE_NAME                        | "cpe:/o:redhat:enterprise_linux:7.9:GA:server"              |
| HOME_URL                        | "https://www.redhat.com/"                                   |
| ID                              | "rhel"                                                      |
| ID_LIKE                         | "fedora"                                                    |
| NAME                            | "Red Hat Enterprise Linux Server"                           |
| PRETTY_NAME                     | "Red Hat Enterprise Linux Server 7.9 (Maipo)"               |
| REDHAT_BUGZILLA_PRODUCT         | "Red Hat Enterprise Linux 7"                                |
| REDHAT_BUGZILLA_PRODUCT_VERSION | 7.9                                                         |
| REDHAT_SUPPORT_PRODUCT          | "Red Hat Enterprise Linux"                                  |
| REDHAT_SUPPORT_PRODUCT_VERSION  | "7.9"                                                       |
| VARIANT                         | "Server"                                                    |
| VARIANT_ID                      | "server"                                                    |
| VERSION                         | "7.9 (Maipo)"                                               |
| VERSION_ID                      | "7.9"                                                       |
| cpu                             | Intel(R) Xeon(R) CPU E5-2680 v3 @ 2.50GHz                   |
| cpu_cores                       | 24                                                          |
| cpu_count                       | 24                                                          |
| cpu_threads                     | 24                                                          |
| date                            | 2022-11-19 23:36:37.891963                                  |
| frequency                       | scpufreq(current=1.527000000000001, min=1200.0, max=3300.0) |
| mem.active                      | 17.3 GiB                                                    |
| mem.available                   | 222.7 GiB                                                   |
| mem.free                        | 210.9 GiB                                                   |
| mem.inactive                    | 10.7 GiB                                                    |
| mem.percent                     | 11.3 %                                                      |
| mem.total                       | 251.1 GiB                                                   |
| mem.used                        | 20.7 GiB                                                    |
| platform.version                | #1 SMP Tue Jul 26 14:15:37 UTC 2022                         |
| python                          | 3.9.8 (main, Feb  8 2022, 08:35:13)                         |
|                                 | [GCC 6.3.0]                                                 |
| python.pip                      | 22.2.2                                                      |
| python.version                  | 3.9.8                                                       |
| sys.platform                    | linux                                                       |
| uname.machine                   | x86_64                                                      |
| uname.node                      | c8                                                          |
| uname.processor                 | x86_64                                                      |
| uname.release                   | 3.10.0-1160.76.1.el7.x86_64                                 |
| uname.system                    | Linux                                                       |
| uname.version                   | #1 SMP Tue Jul 26 14:15:37 UTC 2022                         |
| user                            | haiyang                                                     |
+---------------------------------+-------------------------------------------------------------+

+---------------+----------+--------+-------+---------------------+------------------------------------------------------------------------------------------------------------------+-------+--------+---------+-------+-------------------------------------+
| Name          | Status   |   Time |   Sum | Start               | tag                                                                                                              | msg   | Node   | User    | OS    | Version                             |
|---------------+----------+--------+-------+---------------------+------------------------------------------------------------------------------------------------------------------+-------+--------+---------+-------+-------------------------------------|
| mpi-mergesort | ok       |  0.895 | 0.895 | 2022-11-19 23:36:36 | {'user': 'alex', 'node': 'v100', 'debug': False, 'size': 500000, 'subsort': 'mp', 'sort': 'mpi', 'c': 6, 'p': 8} |       | c8     | haiyang | Linux | #1 SMP Tue Jul 26 14:15:37 UTC 2022 |
| mpi-generate  | ok       |  0.004 | 0.004 | 2022-11-19 23:36:36 | {'user': 'alex', 'node': 'v100', 'debug': False, 'size': 500000, 'subsort': 'mp', 'sort': 'mpi', 'c': 6, 'p': 8} |       | c8     | haiyang | Linux | #1 SMP Tue Jul 26 14:15:37 UTC 2022 |
+---------------+----------+--------+-------+---------------------+------------------------------------------------------------------------------------------------------------------+-------+--------+---------+-------+-------------------------------------+
# csv,timer,status,time,sum,start,tag,msg,uname.node,user,uname.system,platform.version
# csv,mpi-mergesort,ok,0.895,0.895,2022-11-19 23:36:36,{'user': 'alex', 'node': 'v100', 'debug': False, 'size': 500000, 'subsort': 'mp', 'sort': 'mpi', 'c': 6, 'p': 8},None,c8,haiyang,Linux,#1 SMP Tue Jul 26 14:15:37 UTC 2022
# csv,mpi-generate,ok,0.004,0.004,2022-11-19 23:36:36,{'user': 'alex', 'node': 'v100', 'debug': False, 'size': 500000, 'subsort': 'mp', 'sort': 'mpi', 'c': 6, 'p': 8},None,c8,haiyang,Linux,#1 SMP Tue Jul 26 14:15:37 UTC 2022


+---------------------------------+-------------------------------------------------------------+
| Attribute                       | Value                                                       |
|---------------------------------+-------------------------------------------------------------|
| ANSI_COLOR                      | "0;31"                                                      |
| BUG_REPORT_URL                  | "https://bugzilla.redhat.com/"                              |
| CPE_NAME                        | "cpe:/o:redhat:enterprise_linux:7.9:GA:server"              |
| HOME_URL                        | "https://www.redhat.com/"                                   |
| ID                              | "rhel"                                                      |
| ID_LIKE                         | "fedora"                                                    |
| NAME                            | "Red Hat Enterprise Linux Server"                           |
| PRETTY_NAME                     | "Red Hat Enterprise Linux Server 7.9 (Maipo)"               |
| REDHAT_BUGZILLA_PRODUCT         | "Red Hat Enterprise Linux 7"                                |
| REDHAT_BUGZILLA_PRODUCT_VERSION | 7.9                                                         |
| REDHAT_SUPPORT_PRODUCT          | "Red Hat Enterprise Linux"                                  |
| REDHAT_SUPPORT_PRODUCT_VERSION  | "7.9"                                                       |
| VARIANT                         | "Server"                                                    |
| VARIANT_ID                      | "server"                                                    |
| VERSION                         | "7.9 (Maipo)"                                               |
| VERSION_ID                      | "7.9"                                                       |
| cpu                             | Intel(R) Xeon(R) CPU E5-2680 v3 @ 2.50GHz                   |
| cpu_cores                       | 24                                                          |
| cpu_count                       | 24                                                          |
| cpu_threads                     | 24                                                          |
| date                            | 2022-11-19 23:36:41.566716                                  |
| frequency                       | scpufreq(current=1.545583333333334, min=1200.0, max=3300.0) |
| mem.active                      | 17.3 GiB                                                    |
| mem.available                   | 222.7 GiB                                                   |
| mem.free                        | 211.0 GiB                                                   |
| mem.inactive                    | 10.7 GiB                                                    |
| mem.percent                     | 11.3 %                                                      |
| mem.total                       | 251.1 GiB                                                   |
| mem.used                        | 20.6 GiB                                                    |
| platform.version                | #1 SMP Tue Jul 26 14:15:37 UTC 2022                         |
| python                          | 3.9.8 (main, Feb  8 2022, 08:35:13)                         |
|                                 | [GCC 6.3.0]                                                 |
| python.pip                      | 22.2.2                                                      |
| python.version                  | 3.9.8                                                       |
| sys.platform                    | linux                                                       |
| uname.machine                   | x86_64                                                      |
| uname.node                      | c8                                                          |
| uname.processor                 | x86_64                                                      |
| uname.release                   | 3.10.0-1160.76.1.el7.x86_64                                 |
| uname.system                    | Linux                                                       |
| uname.version                   | #1 SMP Tue Jul 26 14:15:37 UTC 2022                         |
| user                            | haiyang                                                     |
+---------------------------------+-------------------------------------------------------------+

+---------------+----------+--------+-------+---------------------+------------------------------------------------------------------------------------------------------------------+-------+--------+---------+-------+-------------------------------------+
| Name          | Status   |   Time |   Sum | Start               | tag                                                                                                              | msg   | Node   | User    | OS    | Version                             |
|---------------+----------+--------+-------+---------------------+------------------------------------------------------------------------------------------------------------------+-------+--------+---------+-------+-------------------------------------|
| mpi-mergesort | ok       |  0.948 | 0.948 | 2022-11-19 23:36:40 | {'user': 'alex', 'node': 'v100', 'debug': False, 'size': 500000, 'subsort': 'mp', 'sort': 'mpi', 'c': 6, 'p': 8} |       | c8     | haiyang | Linux | #1 SMP Tue Jul 26 14:15:37 UTC 2022 |
| mpi-generate  | ok       |  0.004 | 0.004 | 2022-11-19 23:36:40 | {'user': 'alex', 'node': 'v100', 'debug': False, 'size': 500000, 'subsort': 'mp', 'sort': 'mpi', 'c': 6, 'p': 8} |       | c8     | haiyang | Linux | #1 SMP Tue Jul 26 14:15:37 UTC 2022 |
+---------------+----------+--------+-------+---------------------+------------------------------------------------------------------------------------------------------------------+-------+--------+---------+-------+-------------------------------------+
# csv,timer,status,time,sum,start,tag,msg,uname.node,user,uname.system,platform.version
# csv,mpi-mergesort,ok,0.948,0.948,2022-11-19 23:36:40,{'user': 'alex', 'node': 'v100', 'debug': False, 'size': 500000, 'subsort': 'mp', 'sort': 'mpi', 'c': 6, 'p': 8},None,c8,haiyang,Linux,#1 SMP Tue Jul 26 14:15:37 UTC 2022
# csv,mpi-generate,ok,0.004,0.004,2022-11-19 23:36:40,{'user': 'alex', 'node': 'v100', 'debug': False, 'size': 500000, 'subsort': 'mp', 'sort': 'mpi', 'c': 6, 'p': 8},None,c8,haiyang,Linux,#1 SMP Tue Jul 26 14:15:37 UTC 2022


+---------------------------------+--------------------------------------------------------------+
| Attribute                       | Value                                                        |
|---------------------------------+--------------------------------------------------------------|
| ANSI_COLOR                      | "0;31"                                                       |
| BUG_REPORT_URL                  | "https://bugzilla.redhat.com/"                               |
| CPE_NAME                        | "cpe:/o:redhat:enterprise_linux:7.9:GA:server"               |
| HOME_URL                        | "https://www.redhat.com/"                                    |
| ID                              | "rhel"                                                       |
| ID_LIKE                         | "fedora"                                                     |
| NAME                            | "Red Hat Enterprise Linux Server"                            |
| PRETTY_NAME                     | "Red Hat Enterprise Linux Server 7.9 (Maipo)"                |
| REDHAT_BUGZILLA_PRODUCT         | "Red Hat Enterprise Linux 7"                                 |
| REDHAT_BUGZILLA_PRODUCT_VERSION | 7.9                                                          |
| REDHAT_SUPPORT_PRODUCT          | "Red Hat Enterprise Linux"                                   |
| REDHAT_SUPPORT_PRODUCT_VERSION  | "7.9"                                                        |
| VARIANT                         | "Server"                                                     |
| VARIANT_ID                      | "server"                                                     |
| VERSION                         | "7.9 (Maipo)"                                                |
| VERSION_ID                      | "7.9"                                                        |
| cpu                             | Intel(R) Xeon(R) CPU E5-2680 v3 @ 2.50GHz                    |
| cpu_cores                       | 24                                                           |
| cpu_count                       | 24                                                           |
| cpu_threads                     | 24                                                           |
| date                            | 2022-11-19 23:36:45.071481                                   |
| frequency                       | scpufreq(current=1.5250833333333338, min=1200.0, max=3300.0) |
| mem.active                      | 17.3 GiB                                                     |
| mem.available                   | 222.7 GiB                                                    |
| mem.free                        | 210.9 GiB                                                    |
| mem.inactive                    | 10.7 GiB                                                     |
| mem.percent                     | 11.3 %                                                       |
| mem.total                       | 251.1 GiB                                                    |
| mem.used                        | 20.7 GiB                                                     |
| platform.version                | #1 SMP Tue Jul 26 14:15:37 UTC 2022                          |
| python                          | 3.9.8 (main, Feb  8 2022, 08:35:13)                          |
|                                 | [GCC 6.3.0]                                                  |
| python.pip                      | 22.2.2                                                       |
| python.version                  | 3.9.8                                                        |
| sys.platform                    | linux                                                        |
| uname.machine                   | x86_64                                                       |
| uname.node                      | c8                                                           |
| uname.processor                 | x86_64                                                       |
| uname.release                   | 3.10.0-1160.76.1.el7.x86_64                                  |
| uname.system                    | Linux                                                        |
| uname.version                   | #1 SMP Tue Jul 26 14:15:37 UTC 2022                          |
| user                            | haiyang                                                      |
+---------------------------------+--------------------------------------------------------------+

+---------------+----------+--------+-------+---------------------+------------------------------------------------------------------------------------------------------------------+-------+--------+---------+-------+-------------------------------------+
| Name          | Status   |   Time |   Sum | Start               | tag                                                                                                              | msg   | Node   | User    | OS    | Version                             |
|---------------+----------+--------+-------+---------------------+------------------------------------------------------------------------------------------------------------------+-------+--------+---------+-------+-------------------------------------|
| mpi-mergesort | ok       |  0.669 | 0.669 | 2022-11-19 23:36:44 | {'user': 'alex', 'node': 'v100', 'debug': False, 'size': 500000, 'subsort': 'mp', 'sort': 'mpi', 'c': 6, 'p': 8} |       | c8     | haiyang | Linux | #1 SMP Tue Jul 26 14:15:37 UTC 2022 |
| mpi-generate  | ok       |  0.004 | 0.004 | 2022-11-19 23:36:44 | {'user': 'alex', 'node': 'v100', 'debug': False, 'size': 500000, 'subsort': 'mp', 'sort': 'mpi', 'c': 6, 'p': 8} |       | c8     | haiyang | Linux | #1 SMP Tue Jul 26 14:15:37 UTC 2022 |
+---------------+----------+--------+-------+---------------------+------------------------------------------------------------------------------------------------------------------+-------+--------+---------+-------+-------------------------------------+
# csv,timer,status,time,sum,start,tag,msg,uname.node,user,uname.system,platform.version
# csv,mpi-mergesort,ok,0.669,0.669,2022-11-19 23:36:44,{'user': 'alex', 'node': 'v100', 'debug': False, 'size': 500000, 'subsort': 'mp', 'sort': 'mpi', 'c': 6, 'p': 8},None,c8,haiyang,Linux,#1 SMP Tue Jul 26 14:15:37 UTC 2022
# csv,mpi-generate,ok,0.004,0.004,2022-11-19 23:36:44,{'user': 'alex', 'node': 'v100', 'debug': False, 'size': 500000, 'subsort': 'mp', 'sort': 'mpi', 'c': 6, 'p': 8},None,c8,haiyang,Linux,#1 SMP Tue Jul 26 14:15:37 UTC 2022


+---------------------------------+--------------------------------------------------------------+
| Attribute                       | Value                                                        |
|---------------------------------+--------------------------------------------------------------|
| ANSI_COLOR                      | "0;31"                                                       |
| BUG_REPORT_URL                  | "https://bugzilla.redhat.com/"                               |
| CPE_NAME                        | "cpe:/o:redhat:enterprise_linux:7.9:GA:server"               |
| HOME_URL                        | "https://www.redhat.com/"                                    |
| ID                              | "rhel"                                                       |
| ID_LIKE                         | "fedora"                                                     |
| NAME                            | "Red Hat Enterprise Linux Server"                            |
| PRETTY_NAME                     | "Red Hat Enterprise Linux Server 7.9 (Maipo)"                |
| REDHAT_BUGZILLA_PRODUCT         | "Red Hat Enterprise Linux 7"                                 |
| REDHAT_BUGZILLA_PRODUCT_VERSION | 7.9                                                          |
| REDHAT_SUPPORT_PRODUCT          | "Red Hat Enterprise Linux"                                   |
| REDHAT_SUPPORT_PRODUCT_VERSION  | "7.9"                                                        |
| VARIANT                         | "Server"                                                     |
| VARIANT_ID                      | "server"                                                     |
| VERSION                         | "7.9 (Maipo)"                                                |
| VERSION_ID                      | "7.9"                                                        |
| cpu                             | Intel(R) Xeon(R) CPU E5-2680 v3 @ 2.50GHz                    |
| cpu_cores                       | 24                                                           |
| cpu_count                       | 24                                                           |
| cpu_threads                     | 24                                                           |
| date                            | 2022-11-19 23:36:50.172678                                   |
| frequency                       | scpufreq(current=1.4960416666666667, min=1200.0, max=3300.0) |
| mem.active                      | 17.3 GiB                                                     |
| mem.available                   | 222.7 GiB                                                    |
| mem.free                        | 210.9 GiB                                                    |
| mem.inactive                    | 10.7 GiB                                                     |
| mem.percent                     | 11.3 %                                                       |
| mem.total                       | 251.1 GiB                                                    |
| mem.used                        | 20.7 GiB                                                     |
| platform.version                | #1 SMP Tue Jul 26 14:15:37 UTC 2022                          |
| python                          | 3.9.8 (main, Feb  8 2022, 08:35:13)                          |
|                                 | [GCC 6.3.0]                                                  |
| python.pip                      | 22.2.2                                                       |
| python.version                  | 3.9.8                                                        |
| sys.platform                    | linux                                                        |
| uname.machine                   | x86_64                                                       |
| uname.node                      | c8                                                           |
| uname.processor                 | x86_64                                                       |
| uname.release                   | 3.10.0-1160.76.1.el7.x86_64                                  |
| uname.system                    | Linux                                                        |
| uname.version                   | #1 SMP Tue Jul 26 14:15:37 UTC 2022                          |
| user                            | haiyang                                                      |
+---------------------------------+--------------------------------------------------------------+

+---------------+----------+--------+-------+---------------------+------------------------------------------------------------------------------------------------------------------+-------+--------+---------+-------+-------------------------------------+
| Name          | Status   |   Time |   Sum | Start               | tag                                                                                                              | msg   | Node   | User    | OS    | Version                             |
|---------------+----------+--------+-------+---------------------+------------------------------------------------------------------------------------------------------------------+-------+--------+---------+-------+-------------------------------------|
| mpi-mergesort | ok       |  0.803 | 0.803 | 2022-11-19 23:36:49 | {'user': 'alex', 'node': 'v100', 'debug': False, 'size': 500000, 'subsort': 'mp', 'sort': 'mpi', 'c': 6, 'p': 8} |       | c8     | haiyang | Linux | #1 SMP Tue Jul 26 14:15:37 UTC 2022 |
| mpi-generate  | ok       |  0.004 | 0.004 | 2022-11-19 23:36:49 | {'user': 'alex', 'node': 'v100', 'debug': False, 'size': 500000, 'subsort': 'mp', 'sort': 'mpi', 'c': 6, 'p': 8} |       | c8     | haiyang | Linux | #1 SMP Tue Jul 26 14:15:37 UTC 2022 |
+---------------+----------+--------+-------+---------------------+------------------------------------------------------------------------------------------------------------------+-------+--------+---------+-------+-------------------------------------+
# csv,timer,status,time,sum,start,tag,msg,uname.node,user,uname.system,platform.version
# csv,mpi-mergesort,ok,0.803,0.803,2022-11-19 23:36:49,{'user': 'alex', 'node': 'v100', 'debug': False, 'size': 500000, 'subsort': 'mp', 'sort': 'mpi', 'c': 6, 'p': 8},None,c8,haiyang,Linux,#1 SMP Tue Jul 26 14:15:37 UTC 2022
# csv,mpi-generate,ok,0.004,0.004,2022-11-19 23:36:49,{'user': 'alex', 'node': 'v100', 'debug': False, 'size': 500000, 'subsort': 'mp', 'sort': 'mpi', 'c': 6, 'p': 8},None,c8,haiyang,Linux,#1 SMP Tue Jul 26 14:15:37 UTC 2022


+---------------------------------+--------------------------------------------------------------+
| Attribute                       | Value                                                        |
|---------------------------------+--------------------------------------------------------------|
| ANSI_COLOR                      | "0;31"                                                       |
| BUG_REPORT_URL                  | "https://bugzilla.redhat.com/"                               |
| CPE_NAME                        | "cpe:/o:redhat:enterprise_linux:7.9:GA:server"               |
| HOME_URL                        | "https://www.redhat.com/"                                    |
| ID                              | "rhel"                                                       |
| ID_LIKE                         | "fedora"                                                     |
| NAME                            | "Red Hat Enterprise Linux Server"                            |
| PRETTY_NAME                     | "Red Hat Enterprise Linux Server 7.9 (Maipo)"                |
| REDHAT_BUGZILLA_PRODUCT         | "Red Hat Enterprise Linux 7"                                 |
| REDHAT_BUGZILLA_PRODUCT_VERSION | 7.9                                                          |
| REDHAT_SUPPORT_PRODUCT          | "Red Hat Enterprise Linux"                                   |
| REDHAT_SUPPORT_PRODUCT_VERSION  | "7.9"                                                        |
| VARIANT                         | "Server"                                                     |
| VARIANT_ID                      | "server"                                                     |
| VERSION                         | "7.9 (Maipo)"                                                |
| VERSION_ID                      | "7.9"                                                        |
| cpu                             | Intel(R) Xeon(R) CPU E5-2680 v3 @ 2.50GHz                    |
| cpu_cores                       | 24                                                           |
| cpu_count                       | 24                                                           |
| cpu_threads                     | 24                                                           |
| date                            | 2022-11-19 23:36:53.691562                                   |
| frequency                       | scpufreq(current=1.4957500000000004, min=1200.0, max=3300.0) |
| mem.active                      | 17.4 GiB                                                     |
| mem.available                   | 222.6 GiB                                                    |
| mem.free                        | 210.9 GiB                                                    |
| mem.inactive                    | 10.7 GiB                                                     |
| mem.percent                     | 11.3 %                                                       |
| mem.total                       | 251.1 GiB                                                    |
| mem.used                        | 20.7 GiB                                                     |
| platform.version                | #1 SMP Tue Jul 26 14:15:37 UTC 2022                          |
| python                          | 3.9.8 (main, Feb  8 2022, 08:35:13)                          |
|                                 | [GCC 6.3.0]                                                  |
| python.pip                      | 22.2.2                                                       |
| python.version                  | 3.9.8                                                        |
| sys.platform                    | linux                                                        |
| uname.machine                   | x86_64                                                       |
| uname.node                      | c8                                                           |
| uname.processor                 | x86_64                                                       |
| uname.release                   | 3.10.0-1160.76.1.el7.x86_64                                  |
| uname.system                    | Linux                                                        |
| uname.version                   | #1 SMP Tue Jul 26 14:15:37 UTC 2022                          |
| user                            | haiyang                                                      |
+---------------------------------+--------------------------------------------------------------+

+---------------+----------+--------+-------+---------------------+------------------------------------------------------------------------------------------------------------------+-------+--------+---------+-------+-------------------------------------+
| Name          | Status   |   Time |   Sum | Start               | tag                                                                                                              | msg   | Node   | User    | OS    | Version                             |
|---------------+----------+--------+-------+---------------------+------------------------------------------------------------------------------------------------------------------+-------+--------+---------+-------+-------------------------------------|
| mpi-mergesort | ok       |  0.804 | 0.804 | 2022-11-19 23:36:52 | {'user': 'alex', 'node': 'v100', 'debug': False, 'size': 500000, 'subsort': 'mp', 'sort': 'mpi', 'c': 6, 'p': 8} |       | c8     | haiyang | Linux | #1 SMP Tue Jul 26 14:15:37 UTC 2022 |
| mpi-generate  | ok       |  0.004 | 0.004 | 2022-11-19 23:36:52 | {'user': 'alex', 'node': 'v100', 'debug': False, 'size': 500000, 'subsort': 'mp', 'sort': 'mpi', 'c': 6, 'p': 8} |       | c8     | haiyang | Linux | #1 SMP Tue Jul 26 14:15:37 UTC 2022 |
+---------------+----------+--------+-------+---------------------+------------------------------------------------------------------------------------------------------------------+-------+--------+---------+-------+-------------------------------------+
# csv,timer,status,time,sum,start,tag,msg,uname.node,user,uname.system,platform.version
# csv,mpi-mergesort,ok,0.804,0.804,2022-11-19 23:36:52,{'user': 'alex', 'node': 'v100', 'debug': False, 'size': 500000, 'subsort': 'mp', 'sort': 'mpi', 'c': 6, 'p': 8},None,c8,haiyang,Linux,#1 SMP Tue Jul 26 14:15:37 UTC 2022
# csv,mpi-generate,ok,0.004,0.004,2022-11-19 23:36:52,{'user': 'alex', 'node': 'v100', 'debug': False, 'size': 500000, 'subsort': 'mp', 'sort': 'mpi', 'c': 6, 'p': 8},None,c8,haiyang,Linux,#1 SMP Tue Jul 26 14:15:37 UTC 2022


+---------------------------------+--------------------------------------------------------------+
| Attribute                       | Value                                                        |
|---------------------------------+--------------------------------------------------------------|
| ANSI_COLOR                      | "0;31"                                                       |
| BUG_REPORT_URL                  | "https://bugzilla.redhat.com/"                               |
| CPE_NAME                        | "cpe:/o:redhat:enterprise_linux:7.9:GA:server"               |
| HOME_URL                        | "https://www.redhat.com/"                                    |
| ID                              | "rhel"                                                       |
| ID_LIKE                         | "fedora"                                                     |
| NAME                            | "Red Hat Enterprise Linux Server"                            |
| PRETTY_NAME                     | "Red Hat Enterprise Linux Server 7.9 (Maipo)"                |
| REDHAT_BUGZILLA_PRODUCT         | "Red Hat Enterprise Linux 7"                                 |
| REDHAT_BUGZILLA_PRODUCT_VERSION | 7.9                                                          |
| REDHAT_SUPPORT_PRODUCT          | "Red Hat Enterprise Linux"                                   |
| REDHAT_SUPPORT_PRODUCT_VERSION  | "7.9"                                                        |
| VARIANT                         | "Server"                                                     |
| VARIANT_ID                      | "server"                                                     |
| VERSION                         | "7.9 (Maipo)"                                                |
| VERSION_ID                      | "7.9"                                                        |
| cpu                             | Intel(R) Xeon(R) CPU E5-2680 v3 @ 2.50GHz                    |
| cpu_cores                       | 24                                                           |
| cpu_count                       | 24                                                           |
| cpu_threads                     | 24                                                           |
| date                            | 2022-11-19 23:36:57.286625                                   |
| frequency                       | scpufreq(current=1.5533750000000002, min=1200.0, max=3300.0) |
| mem.active                      | 17.3 GiB                                                     |
| mem.available                   | 222.7 GiB                                                    |
| mem.free                        | 211.0 GiB                                                    |
| mem.inactive                    | 10.7 GiB                                                     |
| mem.percent                     | 11.3 %                                                       |
| mem.total                       | 251.1 GiB                                                    |
| mem.used                        | 20.6 GiB                                                     |
| platform.version                | #1 SMP Tue Jul 26 14:15:37 UTC 2022                          |
| python                          | 3.9.8 (main, Feb  8 2022, 08:35:13)                          |
|                                 | [GCC 6.3.0]                                                  |
| python.pip                      | 22.2.2                                                       |
| python.version                  | 3.9.8                                                        |
| sys.platform                    | linux                                                        |
| uname.machine                   | x86_64                                                       |
| uname.node                      | c8                                                           |
| uname.processor                 | x86_64                                                       |
| uname.release                   | 3.10.0-1160.76.1.el7.x86_64                                  |
| uname.system                    | Linux                                                        |
| uname.version                   | #1 SMP Tue Jul 26 14:15:37 UTC 2022                          |
| user                            | haiyang                                                      |
+---------------------------------+--------------------------------------------------------------+

+---------------+----------+--------+-------+---------------------+------------------------------------------------------------------------------------------------------------------+-------+--------+---------+-------+-------------------------------------+
| Name          | Status   |   Time |   Sum | Start               | tag                                                                                                              | msg   | Node   | User    | OS    | Version                             |
|---------------+----------+--------+-------+---------------------+------------------------------------------------------------------------------------------------------------------+-------+--------+---------+-------+-------------------------------------|
| mpi-mergesort | ok       |  0.892 | 0.892 | 2022-11-19 23:36:56 | {'user': 'alex', 'node': 'v100', 'debug': False, 'size': 500000, 'subsort': 'mp', 'sort': 'mpi', 'c': 6, 'p': 8} |       | c8     | haiyang | Linux | #1 SMP Tue Jul 26 14:15:37 UTC 2022 |
| mpi-generate  | ok       |  0.004 | 0.004 | 2022-11-19 23:36:56 | {'user': 'alex', 'node': 'v100', 'debug': False, 'size': 500000, 'subsort': 'mp', 'sort': 'mpi', 'c': 6, 'p': 8} |       | c8     | haiyang | Linux | #1 SMP Tue Jul 26 14:15:37 UTC 2022 |
+---------------+----------+--------+-------+---------------------+------------------------------------------------------------------------------------------------------------------+-------+--------+---------+-------+-------------------------------------+
# csv,timer,status,time,sum,start,tag,msg,uname.node,user,uname.system,platform.version
# csv,mpi-mergesort,ok,0.892,0.892,2022-11-19 23:36:56,{'user': 'alex', 'node': 'v100', 'debug': False, 'size': 500000, 'subsort': 'mp', 'sort': 'mpi', 'c': 6, 'p': 8},None,c8,haiyang,Linux,#1 SMP Tue Jul 26 14:15:37 UTC 2022
# csv,mpi-generate,ok,0.004,0.004,2022-11-19 23:36:56,{'user': 'alex', 'node': 'v100', 'debug': False, 'size': 500000, 'subsort': 'mp', 'sort': 'mpi', 'c': 6, 'p': 8},None,c8,haiyang,Linux,#1 SMP Tue Jul 26 14:15:37 UTC 2022


+---------------------------------+-------------------------------------------------------------+
| Attribute                       | Value                                                       |
|---------------------------------+-------------------------------------------------------------|
| ANSI_COLOR                      | "0;31"                                                      |
| BUG_REPORT_URL                  | "https://bugzilla.redhat.com/"                              |
| CPE_NAME                        | "cpe:/o:redhat:enterprise_linux:7.9:GA:server"              |
| HOME_URL                        | "https://www.redhat.com/"                                   |
| ID                              | "rhel"                                                      |
| ID_LIKE                         | "fedora"                                                    |
| NAME                            | "Red Hat Enterprise Linux Server"                           |
| PRETTY_NAME                     | "Red Hat Enterprise Linux Server 7.9 (Maipo)"               |
| REDHAT_BUGZILLA_PRODUCT         | "Red Hat Enterprise Linux 7"                                |
| REDHAT_BUGZILLA_PRODUCT_VERSION | 7.9                                                         |
| REDHAT_SUPPORT_PRODUCT          | "Red Hat Enterprise Linux"                                  |
| REDHAT_SUPPORT_PRODUCT_VERSION  | "7.9"                                                       |
| VARIANT                         | "Server"                                                    |
| VARIANT_ID                      | "server"                                                    |
| VERSION                         | "7.9 (Maipo)"                                               |
| VERSION_ID                      | "7.9"                                                       |
| cpu                             | Intel(R) Xeon(R) CPU E5-2680 v3 @ 2.50GHz                   |
| cpu_cores                       | 24                                                          |
| cpu_count                       | 24                                                          |
| cpu_threads                     | 24                                                          |
| date                            | 2022-11-19 23:37:01.238501                                  |
| frequency                       | scpufreq(current=1.490333333333334, min=1200.0, max=3300.0) |
| mem.active                      | 17.2 GiB                                                    |
| mem.available                   | 222.8 GiB                                                   |
| mem.free                        | 211.0 GiB                                                   |
| mem.inactive                    | 10.7 GiB                                                    |
| mem.percent                     | 11.3 %                                                      |
| mem.total                       | 251.1 GiB                                                   |
| mem.used                        | 20.6 GiB                                                    |
| platform.version                | #1 SMP Tue Jul 26 14:15:37 UTC 2022                         |
| python                          | 3.9.8 (main, Feb  8 2022, 08:35:13)                         |
|                                 | [GCC 6.3.0]                                                 |
| python.pip                      | 22.2.2                                                      |
| python.version                  | 3.9.8                                                       |
| sys.platform                    | linux                                                       |
| uname.machine                   | x86_64                                                      |
| uname.node                      | c8                                                          |
| uname.processor                 | x86_64                                                      |
| uname.release                   | 3.10.0-1160.76.1.el7.x86_64                                 |
| uname.system                    | Linux                                                       |
| uname.version                   | #1 SMP Tue Jul 26 14:15:37 UTC 2022                         |
| user                            | haiyang                                                     |
+---------------------------------+-------------------------------------------------------------+

+---------------+----------+--------+-------+---------------------+------------------------------------------------------------------------------------------------------------------+-------+--------+---------+-------+-------------------------------------+
| Name          | Status   |   Time |   Sum | Start               | tag                                                                                                              | msg   | Node   | User    | OS    | Version                             |
|---------------+----------+--------+-------+---------------------+------------------------------------------------------------------------------------------------------------------+-------+--------+---------+-------+-------------------------------------|
| mpi-mergesort | ok       |  1.113 | 1.113 | 2022-11-19 23:37:00 | {'user': 'alex', 'node': 'v100', 'debug': False, 'size': 500000, 'subsort': 'mp', 'sort': 'mpi', 'c': 6, 'p': 8} |       | c8     | haiyang | Linux | #1 SMP Tue Jul 26 14:15:37 UTC 2022 |
| mpi-generate  | ok       |  0.004 | 0.004 | 2022-11-19 23:37:00 | {'user': 'alex', 'node': 'v100', 'debug': False, 'size': 500000, 'subsort': 'mp', 'sort': 'mpi', 'c': 6, 'p': 8} |       | c8     | haiyang | Linux | #1 SMP Tue Jul 26 14:15:37 UTC 2022 |
+---------------+----------+--------+-------+---------------------+------------------------------------------------------------------------------------------------------------------+-------+--------+---------+-------+-------------------------------------+
# csv,timer,status,time,sum,start,tag,msg,uname.node,user,uname.system,platform.version
# csv,mpi-mergesort,ok,1.113,1.113,2022-11-19 23:37:00,{'user': 'alex', 'node': 'v100', 'debug': False, 'size': 500000, 'subsort': 'mp', 'sort': 'mpi', 'c': 6, 'p': 8},None,c8,haiyang,Linux,#1 SMP Tue Jul 26 14:15:37 UTC 2022
# csv,mpi-generate,ok,0.004,0.004,2022-11-19 23:37:00,{'user': 'alex', 'node': 'v100', 'debug': False, 'size': 500000, 'subsort': 'mp', 'sort': 'mpi', 'c': 6, 'p': 8},None,c8,haiyang,Linux,#1 SMP Tue Jul 26 14:15:37 UTC 2022


+---------------------------------+--------------------------------------------------------------+
| Attribute                       | Value                                                        |
|---------------------------------+--------------------------------------------------------------|
| ANSI_COLOR                      | "0;31"                                                       |
| BUG_REPORT_URL                  | "https://bugzilla.redhat.com/"                               |
| CPE_NAME                        | "cpe:/o:redhat:enterprise_linux:7.9:GA:server"               |
| HOME_URL                        | "https://www.redhat.com/"                                    |
| ID                              | "rhel"                                                       |
| ID_LIKE                         | "fedora"                                                     |
| NAME                            | "Red Hat Enterprise Linux Server"                            |
| PRETTY_NAME                     | "Red Hat Enterprise Linux Server 7.9 (Maipo)"                |
| REDHAT_BUGZILLA_PRODUCT         | "Red Hat Enterprise Linux 7"                                 |
| REDHAT_BUGZILLA_PRODUCT_VERSION | 7.9                                                          |
| REDHAT_SUPPORT_PRODUCT          | "Red Hat Enterprise Linux"                                   |
| REDHAT_SUPPORT_PRODUCT_VERSION  | "7.9"                                                        |
| VARIANT                         | "Server"                                                     |
| VARIANT_ID                      | "server"                                                     |
| VERSION                         | "7.9 (Maipo)"                                                |
| VERSION_ID                      | "7.9"                                                        |
| cpu                             | Intel(R) Xeon(R) CPU E5-2680 v3 @ 2.50GHz                    |
| cpu_cores                       | 24                                                           |
| cpu_count                       | 24                                                           |
| cpu_threads                     | 24                                                           |
| date                            | 2022-11-19 23:37:04.925416                                   |
| frequency                       | scpufreq(current=1.5434166666666667, min=1200.0, max=3300.0) |
| mem.active                      | 17.3 GiB                                                     |
| mem.available                   | 222.7 GiB                                                    |
| mem.free                        | 211.0 GiB                                                    |
| mem.inactive                    | 10.7 GiB                                                     |
| mem.percent                     | 11.3 %                                                       |
| mem.total                       | 251.1 GiB                                                    |
| mem.used                        | 20.6 GiB                                                     |
| platform.version                | #1 SMP Tue Jul 26 14:15:37 UTC 2022                          |
| python                          | 3.9.8 (main, Feb  8 2022, 08:35:13)                          |
|                                 | [GCC 6.3.0]                                                  |
| python.pip                      | 22.2.2                                                       |
| python.version                  | 3.9.8                                                        |
| sys.platform                    | linux                                                        |
| uname.machine                   | x86_64                                                       |
| uname.node                      | c8                                                           |
| uname.processor                 | x86_64                                                       |
| uname.release                   | 3.10.0-1160.76.1.el7.x86_64                                  |
| uname.system                    | Linux                                                        |
| uname.version                   | #1 SMP Tue Jul 26 14:15:37 UTC 2022                          |
| user                            | haiyang                                                      |
+---------------------------------+--------------------------------------------------------------+

+---------------+----------+--------+-------+---------------------+------------------------------------------------------------------------------------------------------------------+-------+--------+---------+-------+-------------------------------------+
| Name          | Status   |   Time |   Sum | Start               | tag                                                                                                              | msg   | Node   | User    | OS    | Version                             |
|---------------+----------+--------+-------+---------------------+------------------------------------------------------------------------------------------------------------------+-------+--------+---------+-------+-------------------------------------|
| mpi-mergesort | ok       |  0.976 | 0.976 | 2022-11-19 23:37:03 | {'user': 'alex', 'node': 'v100', 'debug': False, 'size': 500000, 'subsort': 'mp', 'sort': 'mpi', 'c': 6, 'p': 8} |       | c8     | haiyang | Linux | #1 SMP Tue Jul 26 14:15:37 UTC 2022 |
| mpi-generate  | ok       |  0.004 | 0.004 | 2022-11-19 23:37:03 | {'user': 'alex', 'node': 'v100', 'debug': False, 'size': 500000, 'subsort': 'mp', 'sort': 'mpi', 'c': 6, 'p': 8} |       | c8     | haiyang | Linux | #1 SMP Tue Jul 26 14:15:37 UTC 2022 |
+---------------+----------+--------+-------+---------------------+------------------------------------------------------------------------------------------------------------------+-------+--------+---------+-------+-------------------------------------+
# csv,timer,status,time,sum,start,tag,msg,uname.node,user,uname.system,platform.version
# csv,mpi-mergesort,ok,0.976,0.976,2022-11-19 23:37:03,{'user': 'alex', 'node': 'v100', 'debug': False, 'size': 500000, 'subsort': 'mp', 'sort': 'mpi', 'c': 6, 'p': 8},None,c8,haiyang,Linux,#1 SMP Tue Jul 26 14:15:37 UTC 2022
# csv,mpi-generate,ok,0.004,0.004,2022-11-19 23:37:03,{'user': 'alex', 'node': 'v100', 'debug': False, 'size': 500000, 'subsort': 'mp', 'sort': 'mpi', 'c': 6, 'p': 8},None,c8,haiyang,Linux,#1 SMP Tue Jul 26 14:15:37 UTC 2022


+---------------------------------+--------------------------------------------------------------+
| Attribute                       | Value                                                        |
|---------------------------------+--------------------------------------------------------------|
| ANSI_COLOR                      | "0;31"                                                       |
| BUG_REPORT_URL                  | "https://bugzilla.redhat.com/"                               |
| CPE_NAME                        | "cpe:/o:redhat:enterprise_linux:7.9:GA:server"               |
| HOME_URL                        | "https://www.redhat.com/"                                    |
| ID                              | "rhel"                                                       |
| ID_LIKE                         | "fedora"                                                     |
| NAME                            | "Red Hat Enterprise Linux Server"                            |
| PRETTY_NAME                     | "Red Hat Enterprise Linux Server 7.9 (Maipo)"                |
| REDHAT_BUGZILLA_PRODUCT         | "Red Hat Enterprise Linux 7"                                 |
| REDHAT_BUGZILLA_PRODUCT_VERSION | 7.9                                                          |
| REDHAT_SUPPORT_PRODUCT          | "Red Hat Enterprise Linux"                                   |
| REDHAT_SUPPORT_PRODUCT_VERSION  | "7.9"                                                        |
| VARIANT                         | "Server"                                                     |
| VARIANT_ID                      | "server"                                                     |
| VERSION                         | "7.9 (Maipo)"                                                |
| VERSION_ID                      | "7.9"                                                        |
| cpu                             | Intel(R) Xeon(R) CPU E5-2680 v3 @ 2.50GHz                    |
| cpu_cores                       | 24                                                           |
| cpu_count                       | 24                                                           |
| cpu_threads                     | 24                                                           |
| date                            | 2022-11-19 23:37:08.318095                                   |
| frequency                       | scpufreq(current=1.5335833333333335, min=1200.0, max=3300.0) |
| mem.active                      | 17.3 GiB                                                     |
| mem.available                   | 222.7 GiB                                                    |
| mem.free                        | 210.9 GiB                                                    |
| mem.inactive                    | 10.7 GiB                                                     |
| mem.percent                     | 11.3 %                                                       |
| mem.total                       | 251.1 GiB                                                    |
| mem.used                        | 20.7 GiB                                                     |
| platform.version                | #1 SMP Tue Jul 26 14:15:37 UTC 2022                          |
| python                          | 3.9.8 (main, Feb  8 2022, 08:35:13)                          |
|                                 | [GCC 6.3.0]                                                  |
| python.pip                      | 22.2.2                                                       |
| python.version                  | 3.9.8                                                        |
| sys.platform                    | linux                                                        |
| uname.machine                   | x86_64                                                       |
| uname.node                      | c8                                                           |
| uname.processor                 | x86_64                                                       |
| uname.release                   | 3.10.0-1160.76.1.el7.x86_64                                  |
| uname.system                    | Linux                                                        |
| uname.version                   | #1 SMP Tue Jul 26 14:15:37 UTC 2022                          |
| user                            | haiyang                                                      |
+---------------------------------+--------------------------------------------------------------+

+---------------+----------+--------+-------+---------------------+------------------------------------------------------------------------------------------------------------------+-------+--------+---------+-------+-------------------------------------+
| Name          | Status   |   Time |   Sum | Start               | tag                                                                                                              | msg   | Node   | User    | OS    | Version                             |
|---------------+----------+--------+-------+---------------------+------------------------------------------------------------------------------------------------------------------+-------+--------+---------+-------+-------------------------------------|
| mpi-mergesort | ok       |  0.698 | 0.698 | 2022-11-19 23:37:07 | {'user': 'alex', 'node': 'v100', 'debug': False, 'size': 500000, 'subsort': 'mp', 'sort': 'mpi', 'c': 6, 'p': 8} |       | c8     | haiyang | Linux | #1 SMP Tue Jul 26 14:15:37 UTC 2022 |
| mpi-generate  | ok       |  0.004 | 0.004 | 2022-11-19 23:37:07 | {'user': 'alex', 'node': 'v100', 'debug': False, 'size': 500000, 'subsort': 'mp', 'sort': 'mpi', 'c': 6, 'p': 8} |       | c8     | haiyang | Linux | #1 SMP Tue Jul 26 14:15:37 UTC 2022 |
+---------------+----------+--------+-------+---------------------+------------------------------------------------------------------------------------------------------------------+-------+--------+---------+-------+-------------------------------------+
# csv,timer,status,time,sum,start,tag,msg,uname.node,user,uname.system,platform.version
# csv,mpi-mergesort,ok,0.698,0.698,2022-11-19 23:37:07,{'user': 'alex', 'node': 'v100', 'debug': False, 'size': 500000, 'subsort': 'mp', 'sort': 'mpi', 'c': 6, 'p': 8},None,c8,haiyang,Linux,#1 SMP Tue Jul 26 14:15:37 UTC 2022
# csv,mpi-generate,ok,0.004,0.004,2022-11-19 23:37:07,{'user': 'alex', 'node': 'v100', 'debug': False, 'size': 500000, 'subsort': 'mp', 'sort': 'mpi', 'c': 6, 'p': 8},None,c8,haiyang,Linux,#1 SMP Tue Jul 26 14:15:37 UTC 2022

