Starting experiment
Processes: 4
Cores:     12
Size:      5000000
Repeat:    10
Debug:     False
Sort:      MPI
Algorithm: mp
Tag:       None
Total:     10
Experiment 9         : size=5000000 processes=4 cores=12 repeat=0 last_time=undefined                     
Experiment 8         : size=5000000 processes=4 cores=12 repeat=1 last_time=undefined                     
Experiment 7         : size=5000000 processes=4 cores=12 repeat=2 last_time=undefined                     
Experiment 6         : size=5000000 processes=4 cores=12 repeat=3 last_time=undefined                     
Experiment 5         : size=5000000 processes=4 cores=12 repeat=4 last_time=undefined                     
Experiment 4         : size=5000000 processes=4 cores=12 repeat=5 last_time=undefined                     
Experiment 3         : size=5000000 processes=4 cores=12 repeat=6 last_time=undefined                     
Experiment 2         : size=5000000 processes=4 cores=12 repeat=7 last_time=undefined                     
Experiment 1         : size=5000000 processes=4 cores=12 repeat=8 last_time=undefined                     
Experiment 0         : size=5000000 processes=4 cores=12 repeat=9 last_time=undefined                     
    |
| REDHAT_BUGZILLA_PRODUCT         | "Red Hat Enterprise Linux 7"                      |
| REDHAT_BUGZILLA_PRODUCT_VERSION | 7.9                                               |
| REDHAT_SUPPORT_PRODUCT          | "Red Hat Enterprise Linux"                        |
| REDHAT_SUPPORT_PRODUCT_VERSION  | "7.9"                                             |
| VARIANT                         | "Server"                                          |
| VARIANT_ID                      | "server"                                          |
| VERSION                         | "7.9 (Maipo)"                                     |
| VERSION_ID                      | "7.9"                                             |
| cpu                             | Intel(R) Xeon(R) CPU E5-2680 v3 @ 2.50GHz         |
| cpu_cores                       | 24                                                |
| cpu_count                       | 24                                                |
| cpu_threads                     | 24                                                |
| date                            | 2022-11-19 14:52:19.317576                        |
| frequency                       | scpufreq(current=2.20475, min=1200.0, max=3300.0) |
| mem.active                      | 45.0 GiB                                          |
| mem.available                   | 197.5 GiB                                         |
| mem.free                        | 183.6 GiB                                         |
| mem.inactive                    | 9.5 GiB                                           |
| mem.percent                     | 21.3 %                                            |
| mem.total                       | 251.1 GiB                                         |
| mem.used                        | 46.2 GiB                                          |
| platform.version                | #1 SMP Tue Jul 26 14:15:37 UTC 2022               |
| python                          | 3.9.8 (main, Feb  8 2022, 08:35:13)               |
|                                 | [GCC 6.3.0]                                       |
| python.pip                      | 22.2.2                                            |
| python.version                  | 3.9.8                                             |
| sys.platform                    | linux                                             |
| uname.machine                   | x86_64                                            |
| uname.node                      | c8                                                |
| uname.processor                 | x86_64                                            |
| uname.release                   | 3.10.0-1160.76.1.el7.x86_64                       |
| uname.system                    | Linux                                             |
| uname.version                   | #1 SMP Tue Jul 26 14:15:37 UTC 2022               |
| user                            | haiyang                                           |
+---------------------------------+---------------------------------------------------+

+---------------+----------+--------+-------+---------------------+--------------------------------------------------------------------------------------------------------------------+-------+--------+---------+-------+-------------------------------------+
| Name          | Status   |   Time |   Sum | Start               | tag                                                                                                                | msg   | Node   | User    | OS    | Version                             |
|---------------+----------+--------+-------+---------------------+--------------------------------------------------------------------------------------------------------------------+-------+--------+---------+-------+-------------------------------------|
| mpi-mergesort | ok       |  9.211 | 9.211 | 2022-11-19 14:52:10 | {'user': 'alex', 'node': 'v100', 'debug': False, 'size': 5000000, 'subsort': 'mp', 'sort': 'mpi', 'c': 12, 'p': 4} |       | c8     | haiyang | Linux | #1 SMP Tue Jul 26 14:15:37 UTC 2022 |
| mpi-generate  | ok       |  0.081 | 0.081 | 2022-11-19 14:52:10 | {'user': 'alex', 'node': 'v100', 'debug': False, 'size': 5000000, 'subsort': 'mp', 'sort': 'mpi', 'c': 12, 'p': 4} |       | c8     | haiyang | Linux | #1 SMP Tue Jul 26 14:15:37 UTC 2022 |
+---------------+----------+--------+-------+---------------------+--------------------------------------------------------------------------------------------------------------------+-------+--------+---------+-------+-------------------------------------+
# csv,timer,status,time,sum,start,tag,msg,uname.node,user,uname.system,platform.version
# csv,mpi-mergesort,ok,9.211,9.211,2022-11-19 14:52:10,{'user': 'alex', 'node': 'v100', 'debug': False, 'size': 5000000, 'subsort': 'mp', 'sort': 'mpi', 'c': 12, 'p': 4},None,c8,haiyang,Linux,#1 SMP Tue Jul 26 14:15:37 UTC 2022
# csv,mpi-generate,ok,0.081,0.081,2022-11-19 14:52:10,{'user': 'alex', 'node': 'v100', 'debug': False, 'size': 5000000, 'subsort': 'mp', 'sort': 'mpi', 'c': 12, 'p': 4},None,c8,haiyang,Linux,#1 SMP Tue Jul 26 14:15:37 UTC 2022


+---------------------------------+--------------------------------------------------------------+
| Attribute                       | Value                                                        |
|---------------------------------+--------------------------------------------------------------|
| ANSI_COLOR                      | "0;31"                                                       |
| BUG_REPORT_URL                  | "https://bugzilla.redhat.com/"                               |
| CPE_NAME                        | "cpe:/o:redhat:enterprise_linux:7.9:GA:server"               |
| HOME_URL                        | "https://www.redhat.com/"                                    |
| ID                              | "rhel"                                                       |
| ID_LIKE                         | "fedora"                                                     |
| NAME                            | "Red Hat Enterprise Linux Server"                            |
| PRETTY_NAME                     | "Red Hat Enterprise Linux Server 7.9 (Maipo)"                |
| REDHAT_BUGZILLA_PRODUCT         | "Red Hat Enterprise Linux 7"                                 |
| REDHAT_BUGZILLA_PRODUCT_VERSION | 7.9                                                          |
| REDHAT_SUPPORT_PRODUCT          | "Red Hat Enterprise Linux"                                   |
| REDHAT_SUPPORT_PRODUCT_VERSION  | "7.9"                                                        |
| VARIANT                         | "Server"                                                     |
| VARIANT_ID                      | "server"                                                     |
| VERSION                         | "7.9 (Maipo)"                                                |
| VERSION_ID                      | "7.9"                                                        |
| cpu                             | Intel(R) Xeon(R) CPU E5-2680 v3 @ 2.50GHz                    |
| cpu_cores                       | 24                                                           |
| cpu_count                       | 24                                                           |
| cpu_threads                     | 24                                                           |
| date                            | 2022-11-19 14:52:31.405199                                   |
| frequency                       | scpufreq(current=2.1655833333333336, min=1200.0, max=3300.0) |
| mem.active                      | 44.7 GiB                                                     |
| mem.available                   | 197.6 GiB                                                    |
| mem.free                        | 184.5 GiB                                                    |
| mem.inactive                    | 9.0 GiB                                                      |
| mem.percent                     | 21.3 %                                                       |
| mem.total                       | 251.1 GiB                                                    |
| mem.used                        | 46.2 GiB                                                     |
| platform.version                | #1 SMP Tue Jul 26 14:15:37 UTC 2022                          |
| python                          | 3.9.8 (main, Feb  8 2022, 08:35:13)                          |
|                                 | [GCC 6.3.0]                                                  |
| python.pip                      | 22.2.2                                                       |
| python.version                  | 3.9.8                                                        |
| sys.platform                    | linux                                                        |
| uname.machine                   | x86_64                                                       |
| uname.node                      | c8                                                           |
| uname.processor                 | x86_64                                                       |
| uname.release                   | 3.10.0-1160.76.1.el7.x86_64                                  |
| uname.system                    | Linux                                                        |
| uname.version                   | #1 SMP Tue Jul 26 14:15:37 UTC 2022                          |
| user                            | haiyang                                                      |
+---------------------------------+--------------------------------------------------------------+

+---------------+----------+--------+-------+---------------------+--------------------------------------------------------------------------------------------------------------------+-------+--------+---------+-------+-------------------------------------+
| Name          | Status   |   Time |   Sum | Start               | tag                                                                                                                | msg   | Node   | User    | OS    | Version                             |
|---------------+----------+--------+-------+---------------------+--------------------------------------------------------------------------------------------------------------------+-------+--------+---------+-------+-------------------------------------|
| mpi-mergesort | ok       |  9.625 | 9.625 | 2022-11-19 14:52:21 | {'user': 'alex', 'node': 'v100', 'debug': False, 'size': 5000000, 'subsort': 'mp', 'sort': 'mpi', 'c': 12, 'p': 4} |       | c8     | haiyang | Linux | #1 SMP Tue Jul 26 14:15:37 UTC 2022 |
| mpi-generate  | ok       |  0.083 | 0.083 | 2022-11-19 14:52:21 | {'user': 'alex', 'node': 'v100', 'debug': False, 'size': 5000000, 'subsort': 'mp', 'sort': 'mpi', 'c': 12, 'p': 4} |       | c8     | haiyang | Linux | #1 SMP Tue Jul 26 14:15:37 UTC 2022 |
+---------------+----------+--------+-------+---------------------+--------------------------------------------------------------------------------------------------------------------+-------+--------+---------+-------+-------------------------------------+
# csv,timer,status,time,sum,start,tag,msg,uname.node,user,uname.system,platform.version
# csv,mpi-mergesort,ok,9.625,9.625,2022-11-19 14:52:21,{'user': 'alex', 'node': 'v100', 'debug': False, 'size': 5000000, 'subsort': 'mp', 'sort': 'mpi', 'c': 12, 'p': 4},None,c8,haiyang,Linux,#1 SMP Tue Jul 26 14:15:37 UTC 2022
# csv,mpi-generate,ok,0.083,0.083,2022-11-19 14:52:21,{'user': 'alex', 'node': 'v100', 'debug': False, 'size': 5000000, 'subsort': 'mp', 'sort': 'mpi', 'c': 12, 'p': 4},None,c8,haiyang,Linux,#1 SMP Tue Jul 26 14:15:37 UTC 2022


+---------------------------------+--------------------------------------------------------------+
| Attribute                       | Value                                                        |
|---------------------------------+--------------------------------------------------------------|
| ANSI_COLOR                      | "0;31"                                                       |
| BUG_REPORT_URL                  | "https://bugzilla.redhat.com/"                               |
| CPE_NAME                        | "cpe:/o:redhat:enterprise_linux:7.9:GA:server"               |
| HOME_URL                        | "https://www.redhat.com/"                                    |
| ID                              | "rhel"                                                       |
| ID_LIKE                         | "fedora"                                                     |
| NAME                            | "Red Hat Enterprise Linux Server"                            |
| PRETTY_NAME                     | "Red Hat Enterprise Linux Server 7.9 (Maipo)"                |
| REDHAT_BUGZILLA_PRODUCT         | "Red Hat Enterprise Linux 7"                                 |
| REDHAT_BUGZILLA_PRODUCT_VERSION | 7.9                                                          |
| REDHAT_SUPPORT_PRODUCT          | "Red Hat Enterprise Linux"                                   |
| REDHAT_SUPPORT_PRODUCT_VERSION  | "7.9"                                                        |
| VARIANT                         | "Server"                                                     |
| VARIANT_ID                      | "server"                                                     |
| VERSION                         | "7.9 (Maipo)"                                                |
| VERSION_ID                      | "7.9"                                                        |
| cpu                             | Intel(R) Xeon(R) CPU E5-2680 v3 @ 2.50GHz                    |
| cpu_cores                       | 24                                                           |
| cpu_count                       | 24                                                           |
| cpu_threads                     | 24                                                           |
| date                            | 2022-11-19 14:52:44.194313                                   |
| frequency                       | scpufreq(current=2.1898333333333335, min=1200.0, max=3300.0) |
| mem.active                      | 44.7 GiB                                                     |
| mem.available                   | 197.5 GiB                                                    |
| mem.free                        | 184.4 GiB                                                    |
| mem.inactive                    | 9.0 GiB                                                      |
| mem.percent                     | 21.3 %                                                       |
| mem.total                       | 251.1 GiB                                                    |
| mem.used                        | 46.3 GiB                                                     |
| platform.version                | #1 SMP Tue Jul 26 14:15:37 UTC 2022                          |
| python                          | 3.9.8 (main, Feb  8 2022, 08:35:13)                          |
|                                 | [GCC 6.3.0]                                                  |
| python.pip                      | 22.2.2                                                       |
| python.version                  | 3.9.8                                                        |
| sys.platform                    | linux                                                        |
| uname.machine                   | x86_64                                                       |
| uname.node                      | c8                                                           |
| uname.processor                 | x86_64                                                       |
| uname.release                   | 3.10.0-1160.76.1.el7.x86_64                                  |
| uname.system                    | Linux                                                        |
| uname.version                   | #1 SMP Tue Jul 26 14:15:37 UTC 2022                          |
| user                            | haiyang                                                      |
+---------------------------------+--------------------------------------------------------------+

+---------------+----------+--------+-------+---------------------+--------------------------------------------------------------------------------------------------------------------+-------+--------+---------+-------+-------------------------------------+
| Name          | Status   |   Time |   Sum | Start               | tag                                                                                                                | msg   | Node   | User    | OS    | Version                             |
|---------------+----------+--------+-------+---------------------+--------------------------------------------------------------------------------------------------------------------+-------+--------+---------+-------+-------------------------------------|
| mpi-mergesort | ok       |  9.763 | 9.763 | 2022-11-19 14:52:34 | {'user': 'alex', 'node': 'v100', 'debug': False, 'size': 5000000, 'subsort': 'mp', 'sort': 'mpi', 'c': 12, 'p': 4} |       | c8     | haiyang | Linux | #1 SMP Tue Jul 26 14:15:37 UTC 2022 |
| mpi-generate  | ok       |  0.082 | 0.082 | 2022-11-19 14:52:34 | {'user': 'alex', 'node': 'v100', 'debug': False, 'size': 5000000, 'subsort': 'mp', 'sort': 'mpi', 'c': 12, 'p': 4} |       | c8     | haiyang | Linux | #1 SMP Tue Jul 26 14:15:37 UTC 2022 |
+---------------+----------+--------+-------+---------------------+--------------------------------------------------------------------------------------------------------------------+-------+--------+---------+-------+-------------------------------------+
# csv,timer,status,time,sum,start,tag,msg,uname.node,user,uname.system,platform.version
# csv,mpi-mergesort,ok,9.763,9.763,2022-11-19 14:52:34,{'user': 'alex', 'node': 'v100', 'debug': False, 'size': 5000000, 'subsort': 'mp', 'sort': 'mpi', 'c': 12, 'p': 4},None,c8,haiyang,Linux,#1 SMP Tue Jul 26 14:15:37 UTC 2022
# csv,mpi-generate,ok,0.082,0.082,2022-11-19 14:52:34,{'user': 'alex', 'node': 'v100', 'debug': False, 'size': 5000000, 'subsort': 'mp', 'sort': 'mpi', 'c': 12, 'p': 4},None,c8,haiyang,Linux,#1 SMP Tue Jul 26 14:15:37 UTC 2022


+---------------------------------+--------------------------------------------------------------+
| Attribute                       | Value                                                        |
|---------------------------------+--------------------------------------------------------------|
| ANSI_COLOR                      | "0;31"                                                       |
| BUG_REPORT_URL                  | "https://bugzilla.redhat.com/"                               |
| CPE_NAME                        | "cpe:/o:redhat:enterprise_linux:7.9:GA:server"               |
| HOME_URL                        | "https://www.redhat.com/"                                    |
| ID                              | "rhel"                                                       |
| ID_LIKE                         | "fedora"                                                     |
| NAME                            | "Red Hat Enterprise Linux Server"                            |
| PRETTY_NAME                     | "Red Hat Enterprise Linux Server 7.9 (Maipo)"                |
| REDHAT_BUGZILLA_PRODUCT         | "Red Hat Enterprise Linux 7"                                 |
| REDHAT_BUGZILLA_PRODUCT_VERSION | 7.9                                                          |
| REDHAT_SUPPORT_PRODUCT          | "Red Hat Enterprise Linux"                                   |
| REDHAT_SUPPORT_PRODUCT_VERSION  | "7.9"                                                        |
| VARIANT                         | "Server"                                                     |
| VARIANT_ID                      | "server"                                                     |
| VERSION                         | "7.9 (Maipo)"                                                |
| VERSION_ID                      | "7.9"                                                        |
| cpu                             | Intel(R) Xeon(R) CPU E5-2680 v3 @ 2.50GHz                    |
| cpu_cores                       | 24                                                           |
| cpu_count                       | 24                                                           |
| cpu_threads                     | 24                                                           |
| date                            | 2022-11-19 14:52:56.123773                                   |
| frequency                       | scpufreq(current=2.2037083333333336, min=1200.0, max=3300.0) |
| mem.active                      | 44.1 GiB                                                     |
| mem.available                   | 197.6 GiB                                                    |
| mem.free                        | 185.8 GiB                                                    |
| mem.inactive                    | 8.4 GiB                                                      |
| mem.percent                     | 21.3 %                                                       |
| mem.total                       | 251.1 GiB                                                    |
| mem.used                        | 46.2 GiB                                                     |
| platform.version                | #1 SMP Tue Jul 26 14:15:37 UTC 2022                          |
| python                          | 3.9.8 (main, Feb  8 2022, 08:35:13)                          |
|                                 | [GCC 6.3.0]                                                  |
| python.pip                      | 22.2.2                                                       |
| python.version                  | 3.9.8                                                        |
| sys.platform                    | linux                                                        |
| uname.machine                   | x86_64                                                       |
| uname.node                      | c8                                                           |
| uname.processor                 | x86_64                                                       |
| uname.release                   | 3.10.0-1160.76.1.el7.x86_64                                  |
| uname.system                    | Linux                                                        |
| uname.version                   | #1 SMP Tue Jul 26 14:15:37 UTC 2022                          |
| user                            | haiyang                                                      |
+---------------------------------+--------------------------------------------------------------+

+---------------+----------+--------+-------+---------------------+--------------------------------------------------------------------------------------------------------------------+-------+--------+---------+-------+-------------------------------------+
| Name          | Status   |   Time |   Sum | Start               | tag                                                                                                                | msg   | Node   | User    | OS    | Version                             |
|---------------+----------+--------+-------+---------------------+--------------------------------------------------------------------------------------------------------------------+-------+--------+---------+-------+-------------------------------------|
| mpi-mergesort | ok       |  9.278 | 9.278 | 2022-11-19 14:52:46 | {'user': 'alex', 'node': 'v100', 'debug': False, 'size': 5000000, 'subsort': 'mp', 'sort': 'mpi', 'c': 12, 'p': 4} |       | c8     | haiyang | Linux | #1 SMP Tue Jul 26 14:15:37 UTC 2022 |
| mpi-generate  | ok       |  0.083 | 0.083 | 2022-11-19 14:52:46 | {'user': 'alex', 'node': 'v100', 'debug': False, 'size': 5000000, 'subsort': 'mp', 'sort': 'mpi', 'c': 12, 'p': 4} |       | c8     | haiyang | Linux | #1 SMP Tue Jul 26 14:15:37 UTC 2022 |
+---------------+----------+--------+-------+---------------------+--------------------------------------------------------------------------------------------------------------------+-------+--------+---------+-------+-------------------------------------+
# csv,timer,status,time,sum,start,tag,msg,uname.node,user,uname.system,platform.version
# csv,mpi-mergesort,ok,9.278,9.278,2022-11-19 14:52:46,{'user': 'alex', 'node': 'v100', 'debug': False, 'size': 5000000, 'subsort': 'mp', 'sort': 'mpi', 'c': 12, 'p': 4},None,c8,haiyang,Linux,#1 SMP Tue Jul 26 14:15:37 UTC 2022
# csv,mpi-generate,ok,0.083,0.083,2022-11-19 14:52:46,{'user': 'alex', 'node': 'v100', 'debug': False, 'size': 5000000, 'subsort': 'mp', 'sort': 'mpi', 'c': 12, 'p': 4},None,c8,haiyang,Linux,#1 SMP Tue Jul 26 14:15:37 UTC 2022


+---------------------------------+-------------------------------------------------------------+
| Attribute                       | Value                                                       |
|---------------------------------+-------------------------------------------------------------|
| ANSI_COLOR                      | "0;31"                                                      |
| BUG_REPORT_URL                  | "https://bugzilla.redhat.com/"                              |
| CPE_NAME                        | "cpe:/o:redhat:enterprise_linux:7.9:GA:server"              |
| HOME_URL                        | "https://www.redhat.com/"                                   |
| ID                              | "rhel"                                                      |
| ID_LIKE                         | "fedora"                                                    |
| NAME                            | "Red Hat Enterprise Linux Server"                           |
| PRETTY_NAME                     | "Red Hat Enterprise Linux Server 7.9 (Maipo)"               |
| REDHAT_BUGZILLA_PRODUCT         | "Red Hat Enterprise Linux 7"                                |
| REDHAT_BUGZILLA_PRODUCT_VERSION | 7.9                                                         |
| REDHAT_SUPPORT_PRODUCT          | "Red Hat Enterprise Linux"                                  |
| REDHAT_SUPPORT_PRODUCT_VERSION  | "7.9"                                                       |
| VARIANT                         | "Server"                                                    |
| VARIANT_ID                      | "server"                                                    |
| VERSION                         | "7.9 (Maipo)"                                               |
| VERSION_ID                      | "7.9"                                                       |
| cpu                             | Intel(R) Xeon(R) CPU E5-2680 v3 @ 2.50GHz                   |
| cpu_cores                       | 24                                                          |
| cpu_count                       | 24                                                          |
| cpu_threads                     | 24                                                          |
| date                            | 2022-11-19 14:53:07.920050                                  |
| frequency                       | scpufreq(current=2.177208333333333, min=1200.0, max=3300.0) |
| mem.active                      | 43.6 GiB                                                    |
| mem.available                   | 197.9 GiB                                                   |
| mem.free                        | 186.8 GiB                                                   |
| mem.inactive                    | 8.0 GiB                                                     |
| mem.percent                     | 21.2 %                                                      |
| mem.total                       | 251.1 GiB                                                   |
| mem.used                        | 45.9 GiB                                                    |
| platform.version                | #1 SMP Tue Jul 26 14:15:37 UTC 2022                         |
| python                          | 3.9.8 (main, Feb  8 2022, 08:35:13)                         |
|                                 | [GCC 6.3.0]                                                 |
| python.pip                      | 22.2.2                                                      |
| python.version                  | 3.9.8                                                       |
| sys.platform                    | linux                                                       |
| uname.machine                   | x86_64                                                      |
| uname.node                      | c8                                                          |
| uname.processor                 | x86_64                                                      |
| uname.release                   | 3.10.0-1160.76.1.el7.x86_64                                 |
| uname.system                    | Linux                                                       |
| uname.version                   | #1 SMP Tue Jul 26 14:15:37 UTC 2022                         |
| user                            | haiyang                                                     |
+---------------------------------+-------------------------------------------------------------+

+---------------+----------+--------+-------+---------------------+--------------------------------------------------------------------------------------------------------------------+-------+--------+---------+-------+-------------------------------------+
| Name          | Status   |   Time |   Sum | Start               | tag                                                                                                                | msg   | Node   | User    | OS    | Version                             |
|---------------+----------+--------+-------+---------------------+--------------------------------------------------------------------------------------------------------------------+-------+--------+---------+-------+-------------------------------------|
| mpi-mergesort | ok       |  9.358 | 9.358 | 2022-11-19 14:52:58 | {'user': 'alex', 'node': 'v100', 'debug': False, 'size': 5000000, 'subsort': 'mp', 'sort': 'mpi', 'c': 12, 'p': 4} |       | c8     | haiyang | Linux | #1 SMP Tue Jul 26 14:15:37 UTC 2022 |
| mpi-generate  | ok       |  0.082 | 0.082 | 2022-11-19 14:52:58 | {'user': 'alex', 'node': 'v100', 'debug': False, 'size': 5000000, 'subsort': 'mp', 'sort': 'mpi', 'c': 12, 'p': 4} |       | c8     | haiyang | Linux | #1 SMP Tue Jul 26 14:15:37 UTC 2022 |
+---------------+----------+--------+-------+---------------------+--------------------------------------------------------------------------------------------------------------------+-------+--------+---------+-------+-------------------------------------+
# csv,timer,status,time,sum,start,tag,msg,uname.node,user,uname.system,platform.version
# csv,mpi-mergesort,ok,9.358,9.358,2022-11-19 14:52:58,{'user': 'alex', 'node': 'v100', 'debug': False, 'size': 5000000, 'subsort': 'mp', 'sort': 'mpi', 'c': 12, 'p': 4},None,c8,haiyang,Linux,#1 SMP Tue Jul 26 14:15:37 UTC 2022
# csv,mpi-generate,ok,0.082,0.082,2022-11-19 14:52:58,{'user': 'alex', 'node': 'v100', 'debug': False, 'size': 5000000, 'subsort': 'mp', 'sort': 'mpi', 'c': 12, 'p': 4},None,c8,haiyang,Linux,#1 SMP Tue Jul 26 14:15:37 UTC 2022


+---------------------------------+--------------------------------------------------------------+
| Attribute                       | Value                                                        |
|---------------------------------+--------------------------------------------------------------|
| ANSI_COLOR                      | "0;31"                                                       |
| BUG_REPORT_URL                  | "https://bugzilla.redhat.com/"                               |
| CPE_NAME                        | "cpe:/o:redhat:enterprise_linux:7.9:GA:server"               |
| HOME_URL                        | "https://www.redhat.com/"                                    |
| ID                              | "rhel"                                                       |
| ID_LIKE                         | "fedora"                                                     |
| NAME                            | "Red Hat Enterprise Linux Server"                            |
| PRETTY_NAME                     | "Red Hat Enterprise Linux Server 7.9 (Maipo)"                |
| REDHAT_BUGZILLA_PRODUCT         | "Red Hat Enterprise Linux 7"                                 |
| REDHAT_BUGZILLA_PRODUCT_VERSION | 7.9                                                          |
| REDHAT_SUPPORT_PRODUCT          | "Red Hat Enterprise Linux"                                   |
| REDHAT_SUPPORT_PRODUCT_VERSION  | "7.9"                                                        |
| VARIANT                         | "Server"                                                     |
| VARIANT_ID                      | "server"                                                     |
| VERSION                         | "7.9 (Maipo)"                                                |
| VERSION_ID                      | "7.9"                                                        |
| cpu                             | Intel(R) Xeon(R) CPU E5-2680 v3 @ 2.50GHz                    |
| cpu_cores                       | 24                                                           |
| cpu_count                       | 24                                                           |
| cpu_threads                     | 24                                                           |
| date                            | 2022-11-19 14:53:19.783665                                   |
| frequency                       | scpufreq(current=2.1403749999999997, min=1200.0, max=3300.0) |
| mem.active                      | 43.3 GiB                                                     |
| mem.available                   | 197.8 GiB                                                    |
| mem.free                        | 187.5 GiB                                                    |
| mem.inactive                    | 7.6 GiB                                                      |
| mem.percent                     | 21.2 %                                                       |
| mem.total                       | 251.1 GiB                                                    |
| mem.used                        | 46.0 GiB                                                     |
| platform.version                | #1 SMP Tue Jul 26 14:15:37 UTC 2022                          |
| python                          | 3.9.8 (main, Feb  8 2022, 08:35:13)                          |
|                                 | [GCC 6.3.0]                                                  |
| python.pip                      | 22.2.2                                                       |
| python.version                  | 3.9.8                                                        |
| sys.platform                    | linux                                                        |
| uname.machine                   | x86_64                                                       |
| uname.node                      | c8                                                           |
| uname.processor                 | x86_64                                                       |
| uname.release                   | 3.10.0-1160.76.1.el7.x86_64                                  |
| uname.system                    | Linux                                                        |
| uname.version                   | #1 SMP Tue Jul 26 14:15:37 UTC 2022                          |
| user                            | haiyang                                                      |
+---------------------------------+--------------------------------------------------------------+

+---------------+----------+--------+-------+---------------------+--------------------------------------------------------------------------------------------------------------------+-------+--------+---------+-------+-------------------------------------+
| Name          | Status   |   Time |   Sum | Start               | tag                                                                                                                | msg   | Node   | User    | OS    | Version                             |
|---------------+----------+--------+-------+---------------------+--------------------------------------------------------------------------------------------------------------------+-------+--------+---------+-------+-------------------------------------|
| mpi-mergesort | ok       |  9.367 | 9.367 | 2022-11-19 14:53:10 | {'user': 'alex', 'node': 'v100', 'debug': False, 'size': 5000000, 'subsort': 'mp', 'sort': 'mpi', 'c': 12, 'p': 4} |       | c8     | haiyang | Linux | #1 SMP Tue Jul 26 14:15:37 UTC 2022 |
| mpi-generate  | ok       |  0.081 | 0.081 | 2022-11-19 14:53:10 | {'user': 'alex', 'node': 'v100', 'debug': False, 'size': 5000000, 'subsort': 'mp', 'sort': 'mpi', 'c': 12, 'p': 4} |       | c8     | haiyang | Linux | #1 SMP Tue Jul 26 14:15:37 UTC 2022 |
+---------------+----------+--------+-------+---------------------+--------------------------------------------------------------------------------------------------------------------+-------+--------+---------+-------+-------------------------------------+
# csv,timer,status,time,sum,start,tag,msg,uname.node,user,uname.system,platform.version
# csv,mpi-mergesort,ok,9.367,9.367,2022-11-19 14:53:10,{'user': 'alex', 'node': 'v100', 'debug': False, 'size': 5000000, 'subsort': 'mp', 'sort': 'mpi', 'c': 12, 'p': 4},None,c8,haiyang,Linux,#1 SMP Tue Jul 26 14:15:37 UTC 2022
# csv,mpi-generate,ok,0.081,0.081,2022-11-19 14:53:10,{'user': 'alex', 'node': 'v100', 'debug': False, 'size': 5000000, 'subsort': 'mp', 'sort': 'mpi', 'c': 12, 'p': 4},None,c8,haiyang,Linux,#1 SMP Tue Jul 26 14:15:37 UTC 2022


+---------------------------------+--------------------------------------------------------------+
| Attribute                       | Value                                                        |
|---------------------------------+--------------------------------------------------------------|
| ANSI_COLOR                      | "0;31"                                                       |
| BUG_REPORT_URL                  | "https://bugzilla.redhat.com/"                               |
| CPE_NAME                        | "cpe:/o:redhat:enterprise_linux:7.9:GA:server"               |
| HOME_URL                        | "https://www.redhat.com/"                                    |
| ID                              | "rhel"                                                       |
| ID_LIKE                         | "fedora"                                                     |
| NAME                            | "Red Hat Enterprise Linux Server"                            |
| PRETTY_NAME                     | "Red Hat Enterprise Linux Server 7.9 (Maipo)"                |
| REDHAT_BUGZILLA_PRODUCT         | "Red Hat Enterprise Linux 7"                                 |
| REDHAT_BUGZILLA_PRODUCT_VERSION | 7.9                                                          |
| REDHAT_SUPPORT_PRODUCT          | "Red Hat Enterprise Linux"                                   |
| REDHAT_SUPPORT_PRODUCT_VERSION  | "7.9"                                                        |
| VARIANT                         | "Server"                                                     |
| VARIANT_ID                      | "server"                                                     |
| VERSION                         | "7.9 (Maipo)"                                                |
| VERSION_ID                      | "7.9"                                                        |
| cpu                             | Intel(R) Xeon(R) CPU E5-2680 v3 @ 2.50GHz                    |
| cpu_cores                       | 24                                                           |
| cpu_count                       | 24                                                           |
| cpu_threads                     | 24                                                           |
| date                            | 2022-11-19 14:53:31.660432                                   |
| frequency                       | scpufreq(current=2.1947083333333333, min=1200.0, max=3300.0) |
| mem.active                      | 43.4 GiB                                                     |
| mem.available                   | 197.6 GiB                                                    |
| mem.free                        | 187.3 GiB                                                    |
| mem.inactive                    | 7.6 GiB                                                      |
| mem.percent                     | 21.3 %                                                       |
| mem.total                       | 251.1 GiB                                                    |
| mem.used                        | 46.1 GiB                                                     |
| platform.version                | #1 SMP Tue Jul 26 14:15:37 UTC 2022                          |
| python                          | 3.9.8 (main, Feb  8 2022, 08:35:13)                          |
|                                 | [GCC 6.3.0]                                                  |
| python.pip                      | 22.2.2                                                       |
| python.version                  | 3.9.8                                                        |
| sys.platform                    | linux                                                        |
| uname.machine                   | x86_64                                                       |
| uname.node                      | c8                                                           |
| uname.processor                 | x86_64                                                       |
| uname.release                   | 3.10.0-1160.76.1.el7.x86_64                                  |
| uname.system                    | Linux                                                        |
| uname.version                   | #1 SMP Tue Jul 26 14:15:37 UTC 2022                          |
| user                            | haiyang                                                      |
+---------------------------------+--------------------------------------------------------------+

+---------------+----------+--------+-------+---------------------+--------------------------------------------------------------------------------------------------------------------+-------+--------+---------+-------+-------------------------------------+
| Name          | Status   |   Time |   Sum | Start               | tag                                                                                                                | msg   | Node   | User    | OS    | Version                             |
|---------------+----------+--------+-------+---------------------+--------------------------------------------------------------------------------------------------------------------+-------+--------+---------+-------+-------------------------------------|
| mpi-mergesort | ok       |  9.381 | 9.381 | 2022-11-19 14:53:22 | {'user': 'alex', 'node': 'v100', 'debug': False, 'size': 5000000, 'subsort': 'mp', 'sort': 'mpi', 'c': 12, 'p': 4} |       | c8     | haiyang | Linux | #1 SMP Tue Jul 26 14:15:37 UTC 2022 |
| mpi-generate  | ok       |  0.081 | 0.081 | 2022-11-19 14:53:22 | {'user': 'alex', 'node': 'v100', 'debug': False, 'size': 5000000, 'subsort': 'mp', 'sort': 'mpi', 'c': 12, 'p': 4} |       | c8     | haiyang | Linux | #1 SMP Tue Jul 26 14:15:37 UTC 2022 |
+---------------+----------+--------+-------+---------------------+--------------------------------------------------------------------------------------------------------------------+-------+--------+---------+-------+-------------------------------------+
# csv,timer,status,time,sum,start,tag,msg,uname.node,user,uname.system,platform.version
# csv,mpi-mergesort,ok,9.381,9.381,2022-11-19 14:53:22,{'user': 'alex', 'node': 'v100', 'debug': False, 'size': 5000000, 'subsort': 'mp', 'sort': 'mpi', 'c': 12, 'p': 4},None,c8,haiyang,Linux,#1 SMP Tue Jul 26 14:15:37 UTC 2022
# csv,mpi-generate,ok,0.081,0.081,2022-11-19 14:53:22,{'user': 'alex', 'node': 'v100', 'debug': False, 'size': 5000000, 'subsort': 'mp', 'sort': 'mpi', 'c': 12, 'p': 4},None,c8,haiyang,Linux,#1 SMP Tue Jul 26 14:15:37 UTC 2022


+---------------------------------+--------------------------------------------------------------+
| Attribute                       | Value                                                        |
|---------------------------------+--------------------------------------------------------------|
| ANSI_COLOR                      | "0;31"                                                       |
| BUG_REPORT_URL                  | "https://bugzilla.redhat.com/"                               |
| CPE_NAME                        | "cpe:/o:redhat:enterprise_linux:7.9:GA:server"               |
| HOME_URL                        | "https://www.redhat.com/"                                    |
| ID                              | "rhel"                                                       |
| ID_LIKE                         | "fedora"                                                     |
| NAME                            | "Red Hat Enterprise Linux Server"                            |
| PRETTY_NAME                     | "Red Hat Enterprise Linux Server 7.9 (Maipo)"                |
| REDHAT_BUGZILLA_PRODUCT         | "Red Hat Enterprise Linux 7"                                 |
| REDHAT_BUGZILLA_PRODUCT_VERSION | 7.9                                                          |
| REDHAT_SUPPORT_PRODUCT          | "Red Hat Enterprise Linux"                                   |
| REDHAT_SUPPORT_PRODUCT_VERSION  | "7.9"                                                        |
| VARIANT                         | "Server"                                                     |
| VARIANT_ID                      | "server"                                                     |
| VERSION                         | "7.9 (Maipo)"                                                |
| VERSION_ID                      | "7.9"                                                        |
| cpu                             | Intel(R) Xeon(R) CPU E5-2680 v3 @ 2.50GHz                    |
| cpu_cores                       | 24                                                           |
| cpu_count                       | 24                                                           |
| cpu_threads                     | 24                                                           |
| date                            | 2022-11-19 14:53:43.583147                                   |
| frequency                       | scpufreq(current=2.2849999999999997, min=1200.0, max=3300.0) |
| mem.active                      | 42.7 GiB                                                     |
| mem.available                   | 198.0 GiB                                                    |
| mem.free                        | 188.4 GiB                                                    |
| mem.inactive                    | 7.3 GiB                                                      |
| mem.percent                     | 21.1 %                                                       |
| mem.total                       | 251.1 GiB                                                    |
| mem.used                        | 45.7 GiB                                                     |
| platform.version                | #1 SMP Tue Jul 26 14:15:37 UTC 2022                          |
| python                          | 3.9.8 (main, Feb  8 2022, 08:35:13)                          |
|                                 | [GCC 6.3.0]                                                  |
| python.pip                      | 22.2.2                                                       |
| python.version                  | 3.9.8                                                        |
| sys.platform                    | linux                                                        |
| uname.machine                   | x86_64                                                       |
| uname.node                      | c8                                                           |
| uname.processor                 | x86_64                                                       |
| uname.release                   | 3.10.0-1160.76.1.el7.x86_64                                  |
| uname.system                    | Linux                                                        |
| uname.version                   | #1 SMP Tue Jul 26 14:15:37 UTC 2022                          |
| user                            | haiyang                                                      |
+---------------------------------+--------------------------------------------------------------+

+---------------+----------+--------+-------+---------------------+--------------------------------------------------------------------------------------------------------------------+-------+--------+---------+-------+-------------------------------------+
| Name          | Status   |   Time |   Sum | Start               | tag                                                                                                                | msg   | Node   | User    | OS    | Version                             |
|---------------+----------+--------+-------+---------------------+--------------------------------------------------------------------------------------------------------------------+-------+--------+---------+-------+-------------------------------------|
| mpi-mergesort | ok       |  9.441 | 9.441 | 2022-11-19 14:53:34 | {'user': 'alex', 'node': 'v100', 'debug': False, 'size': 5000000, 'subsort': 'mp', 'sort': 'mpi', 'c': 12, 'p': 4} |       | c8     | haiyang | Linux | #1 SMP Tue Jul 26 14:15:37 UTC 2022 |
| mpi-generate  | ok       |  0.082 | 0.082 | 2022-11-19 14:53:34 | {'user': 'alex', 'node': 'v100', 'debug': False, 'size': 5000000, 'subsort': 'mp', 'sort': 'mpi', 'c': 12, 'p': 4} |       | c8     | haiyang | Linux | #1 SMP Tue Jul 26 14:15:37 UTC 2022 |
+---------------+----------+--------+-------+---------------------+--------------------------------------------------------------------------------------------------------------------+-------+--------+---------+-------+-------------------------------------+
# csv,timer,status,time,sum,start,tag,msg,uname.node,user,uname.system,platform.version
# csv,mpi-mergesort,ok,9.441,9.441,2022-11-19 14:53:34,{'user': 'alex', 'node': 'v100', 'debug': False, 'size': 5000000, 'subsort': 'mp', 'sort': 'mpi', 'c': 12, 'p': 4},None,c8,haiyang,Linux,#1 SMP Tue Jul 26 14:15:37 UTC 2022
# csv,mpi-generate,ok,0.082,0.082,2022-11-19 14:53:34,{'user': 'alex', 'node': 'v100', 'debug': False, 'size': 5000000, 'subsort': 'mp', 'sort': 'mpi', 'c': 12, 'p': 4},None,c8,haiyang,Linux,#1 SMP Tue Jul 26 14:15:37 UTC 2022


+---------------------------------+--------------------------------------------------------------+
| Attribute                       | Value                                                        |
|---------------------------------+--------------------------------------------------------------|
| ANSI_COLOR                      | "0;31"                                                       |
| BUG_REPORT_URL                  | "https://bugzilla.redhat.com/"                               |
| CPE_NAME                        | "cpe:/o:redhat:enterprise_linux:7.9:GA:server"               |
| HOME_URL                        | "https://www.redhat.com/"                                    |
| ID                              | "rhel"                                                       |
| ID_LIKE                         | "fedora"                                                     |
| NAME                            | "Red Hat Enterprise Linux Server"                            |
| PRETTY_NAME                     | "Red Hat Enterprise Linux Server 7.9 (Maipo)"                |
| REDHAT_BUGZILLA_PRODUCT         | "Red Hat Enterprise Linux 7"                                 |
| REDHAT_BUGZILLA_PRODUCT_VERSION | 7.9                                                          |
| REDHAT_SUPPORT_PRODUCT          | "Red Hat Enterprise Linux"                                   |
| REDHAT_SUPPORT_PRODUCT_VERSION  | "7.9"                                                        |
| VARIANT                         | "Server"                                                     |
| VARIANT_ID                      | "server"                                                     |
| VERSION                         | "7.9 (Maipo)"                                                |
| VERSION_ID                      | "7.9"                                                        |
| cpu                             | Intel(R) Xeon(R) CPU E5-2680 v3 @ 2.50GHz                    |
| cpu_cores                       | 24                                                           |
| cpu_count                       | 24                                                           |
| cpu_threads                     | 24                                                           |
| date                            | 2022-11-19 14:53:55.522333                                   |
| frequency                       | scpufreq(current=2.1063750000000003, min=1200.0, max=3300.0) |
| mem.active                      | 42.4 GiB                                                     |
| mem.available                   | 198.1 GiB                                                    |
| mem.free                        | 189.4 GiB                                                    |
| mem.inactive                    | 6.9 GiB                                                      |
| mem.percent                     | 21.1 %                                                       |
| mem.total                       | 251.1 GiB                                                    |
| mem.used                        | 45.6 GiB                                                     |
| platform.version                | #1 SMP Tue Jul 26 14:15:37 UTC 2022                          |
| python                          | 3.9.8 (main, Feb  8 2022, 08:35:13)                          |
|                                 | [GCC 6.3.0]                                                  |
| python.pip                      | 22.2.2                                                       |
| python.version                  | 3.9.8                                                        |
| sys.platform                    | linux                                                        |
| uname.machine                   | x86_64                                                       |
| uname.node                      | c8                                                           |
| uname.processor                 | x86_64                                                       |
| uname.release                   | 3.10.0-1160.76.1.el7.x86_64                                  |
| uname.system                    | Linux                                                        |
| uname.version                   | #1 SMP Tue Jul 26 14:15:37 UTC 2022                          |
| user                            | haiyang                                                      |
+---------------------------------+--------------------------------------------------------------+

+---------------+----------+--------+-------+---------------------+--------------------------------------------------------------------------------------------------------------------+-------+--------+---------+-------+-------------------------------------+
| Name          | Status   |   Time |   Sum | Start               | tag                                                                                                                | msg   | Node   | User    | OS    | Version                             |
|---------------+----------+--------+-------+---------------------+--------------------------------------------------------------------------------------------------------------------+-------+--------+---------+-------+-------------------------------------|
| mpi-mergesort | ok       |  9.294 | 9.294 | 2022-11-19 14:53:46 | {'user': 'alex', 'node': 'v100', 'debug': False, 'size': 5000000, 'subsort': 'mp', 'sort': 'mpi', 'c': 12, 'p': 4} |       | c8     | haiyang | Linux | #1 SMP Tue Jul 26 14:15:37 UTC 2022 |
| mpi-generate  | ok       |  0.081 | 0.081 | 2022-11-19 14:53:46 | {'user': 'alex', 'node': 'v100', 'debug': False, 'size': 5000000, 'subsort': 'mp', 'sort': 'mpi', 'c': 12, 'p': 4} |       | c8     | haiyang | Linux | #1 SMP Tue Jul 26 14:15:37 UTC 2022 |
+---------------+----------+--------+-------+---------------------+--------------------------------------------------------------------------------------------------------------------+-------+--------+---------+-------+-------------------------------------+
# csv,timer,status,time,sum,start,tag,msg,uname.node,user,uname.system,platform.version
# csv,mpi-mergesort,ok,9.294,9.294,2022-11-19 14:53:46,{'user': 'alex', 'node': 'v100', 'debug': False, 'size': 5000000, 'subsort': 'mp', 'sort': 'mpi', 'c': 12, 'p': 4},None,c8,haiyang,Linux,#1 SMP Tue Jul 26 14:15:37 UTC 2022
# csv,mpi-generate,ok,0.081,0.081,2022-11-19 14:53:46,{'user': 'alex', 'node': 'v100', 'debug': False, 'size': 5000000, 'subsort': 'mp', 'sort': 'mpi', 'c': 12, 'p': 4},None,c8,haiyang,Linux,#1 SMP Tue Jul 26 14:15:37 UTC 2022


+---------------------------------+--------------------------------------------------------------+
| Attribute                       | Value                                                        |
|---------------------------------+--------------------------------------------------------------|
| ANSI_COLOR                      | "0;31"                                                       |
| BUG_REPORT_URL                  | "https://bugzilla.redhat.com/"                               |
| CPE_NAME                        | "cpe:/o:redhat:enterprise_linux:7.9:GA:server"               |
| HOME_URL                        | "https://www.redhat.com/"                                    |
| ID                              | "rhel"                                                       |
| ID_LIKE                         | "fedora"                                                     |
| NAME                            | "Red Hat Enterprise Linux Server"                            |
| PRETTY_NAME                     | "Red Hat Enterprise Linux Server 7.9 (Maipo)"                |
| REDHAT_BUGZILLA_PRODUCT         | "Red Hat Enterprise Linux 7"                                 |
| REDHAT_BUGZILLA_PRODUCT_VERSION | 7.9                                                          |
| REDHAT_SUPPORT_PRODUCT          | "Red Hat Enterprise Linux"                                   |
| REDHAT_SUPPORT_PRODUCT_VERSION  | "7.9"                                                        |
| VARIANT                         | "Server"                                                     |
| VARIANT_ID                      | "server"                                                     |
| VERSION                         | "7.9 (Maipo)"                                                |
| VERSION_ID                      | "7.9"                                                        |
| cpu                             | Intel(R) Xeon(R) CPU E5-2680 v3 @ 2.50GHz                    |
| cpu_cores                       | 24                                                           |
| cpu_count                       | 24                                                           |
| cpu_threads                     | 24                                                           |
| date                            | 2022-11-19 14:54:07.569252                                   |
| frequency                       | scpufreq(current=1.9357916666666668, min=1200.0, max=3300.0) |
| mem.active                      | 42.1 GiB                                                     |
| mem.available                   | 198.2 GiB                                                    |
| mem.free                        | 190.1 GiB                                                    |
| mem.inactive                    | 6.6 GiB                                                      |
| mem.percent                     | 21.0 %                                                       |
| mem.total                       | 251.1 GiB                                                    |
| mem.used                        | 45.5 GiB                                                     |
| platform.version                | #1 SMP Tue Jul 26 14:15:37 UTC 2022                          |
| python                          | 3.9.8 (main, Feb  8 2022, 08:35:13)                          |
|                                 | [GCC 6.3.0]                                                  |
| python.pip                      | 22.2.2                                                       |
| python.version                  | 3.9.8                                                        |
| sys.platform                    | linux                                                        |
| uname.machine                   | x86_64                                                       |
| uname.node                      | c8                                                           |
| uname.processor                 | x86_64                                                       |
| uname.release                   | 3.10.0-1160.76.1.el7.x86_64                                  |
| uname.system                    | Linux                                                        |
| uname.version                   | #1 SMP Tue Jul 26 14:15:37 UTC 2022                          |
| user                            | haiyang                                                      |
+---------------------------------+--------------------------------------------------------------+

+---------------+----------+--------+-------+---------------------+--------------------------------------------------------------------------------------------------------------------+-------+--------+---------+-------+-------------------------------------+
| Name          | Status   |   Time |   Sum | Start               | tag                                                                                                                | msg   | Node   | User    | OS    | Version                             |
|---------------+----------+--------+-------+---------------------+--------------------------------------------------------------------------------------------------------------------+-------+--------+---------+-------+-------------------------------------|
| mpi-mergesort | ok       |  9.345 | 9.345 | 2022-11-19 14:53:58 | {'user': 'alex', 'node': 'v100', 'debug': False, 'size': 5000000, 'subsort': 'mp', 'sort': 'mpi', 'c': 12, 'p': 4} |       | c8     | haiyang | Linux | #1 SMP Tue Jul 26 14:15:37 UTC 2022 |
| mpi-generate  | ok       |  0.082 | 0.082 | 2022-11-19 14:53:58 | {'user': 'alex', 'node': 'v100', 'debug': False, 'size': 5000000, 'subsort': 'mp', 'sort': 'mpi', 'c': 12, 'p': 4} |       | c8     | haiyang | Linux | #1 SMP Tue Jul 26 14:15:37 UTC 2022 |
+---------------+----------+--------+-------+---------------------+--------------------------------------------------------------------------------------------------------------------+-------+--------+---------+-------+-------------------------------------+
# csv,timer,status,time,sum,start,tag,msg,uname.node,user,uname.system,platform.version
# csv,mpi-mergesort,ok,9.345,9.345,2022-11-19 14:53:58,{'user': 'alex', 'node': 'v100', 'debug': False, 'size': 5000000, 'subsort': 'mp', 'sort': 'mpi', 'c': 12, 'p': 4},None,c8,haiyang,Linux,#1 SMP Tue Jul 26 14:15:37 UTC 2022
# csv,mpi-generate,ok,0.082,0.082,2022-11-19 14:53:58,{'user': 'alex', 'node': 'v100', 'debug': False, 'size': 5000000, 'subsort': 'mp', 'sort': 'mpi', 'c': 12, 'p': 4},None,c8,haiyang,Linux,#1 SMP Tue Jul 26 14:15:37 UTC 2022

