Starting experiment
Processes: 2
Cores:     14
Size:      10000000
Repeat:    10
Debug:     False
Sort:      MPI
Algorithm: mp
Tag:       None
Total:     10
Experiment 9         : size=10000000 processes=2 cores=14 repeat=0 last_time=undefined                     
Experiment 8         : size=10000000 processes=2 cores=14 repeat=1 last_time=undefined                     
Experiment 7         : size=10000000 processes=2 cores=14 repeat=2 last_time=undefined                     
Experiment 6         : size=10000000 processes=2 cores=14 repeat=3 last_time=undefined                     
Experiment 5         : size=10000000 processes=2 cores=14 repeat=4 last_time=undefined                     
Experiment 4         : size=10000000 processes=2 cores=14 repeat=5 last_time=undefined                     
Experiment 3         : size=10000000 processes=2 cores=14 repeat=6 last_time=undefined                     
Experiment 2         : size=10000000 processes=2 cores=14 repeat=7 last_time=undefined                     
Experiment 1         : size=10000000 processes=2 cores=14 repeat=8 last_time=undefined                     
Experiment 0         : size=10000000 processes=2 cores=14 repeat=9 last_time=undefined                     
       |
| PRETTY_NAME                     | "Red Hat Enterprise Linux Server 7.9 (Maipo)"               |
| REDHAT_BUGZILLA_PRODUCT         | "Red Hat Enterprise Linux 7"                                |
| REDHAT_BUGZILLA_PRODUCT_VERSION | 7.9                                                         |
| REDHAT_SUPPORT_PRODUCT          | "Red Hat Enterprise Linux"                                  |
| REDHAT_SUPPORT_PRODUCT_VERSION  | "7.9"                                                       |
| VARIANT                         | "Server"                                                    |
| VARIANT_ID                      | "server"                                                    |
| VERSION                         | "7.9 (Maipo)"                                               |
| VERSION_ID                      | "7.9"                                                       |
| cpu                             | Intel(R) Xeon(R) CPU E5-2680 v3 @ 2.50GHz                   |
| cpu_cores                       | 24                                                          |
| cpu_count                       | 24                                                          |
| cpu_threads                     | 24                                                          |
| date                            | 2022-11-20 03:50:27.655472                                  |
| frequency                       | scpufreq(current=1.541708333333334, min=1200.0, max=3300.0) |
| mem.active                      | 65.7 GiB                                                    |
| mem.available                   | 178.4 GiB                                                   |
| mem.free                        | 178.6 GiB                                                   |
| mem.inactive                    | 1.1 GiB                                                     |
| mem.percent                     | 28.9 %                                                      |
| mem.total                       | 251.1 GiB                                                   |
| mem.used                        | 65.8 GiB                                                    |
| platform.version                | #1 SMP Tue Jul 26 14:15:37 UTC 2022                         |
| python                          | 3.9.8 (main, Feb  8 2022, 08:35:13)                         |
|                                 | [GCC 6.3.0]                                                 |
| python.pip                      | 22.2.2                                                      |
| python.version                  | 3.9.8                                                       |
| sys.platform                    | linux                                                       |
| uname.machine                   | x86_64                                                      |
| uname.node                      | c4                                                          |
| uname.processor                 | x86_64                                                      |
| uname.release                   | 3.10.0-1160.76.1.el7.x86_64                                 |
| uname.system                    | Linux                                                       |
| uname.version                   | #1 SMP Tue Jul 26 14:15:37 UTC 2022                         |
| user                            | haiyang                                                     |
+---------------------------------+-------------------------------------------------------------+

+---------------+----------+--------+--------+---------------------+---------------------------------------------------------------------------------------------------------------------+-------+--------+---------+-------+-------------------------------------+
| Name          | Status   |   Time |    Sum | Start               | tag                                                                                                                 | msg   | Node   | User    | OS    | Version                             |
|---------------+----------+--------+--------+---------------------+---------------------------------------------------------------------------------------------------------------------+-------+--------+---------+-------+-------------------------------------|
| mpi-mergesort | ok       | 38.067 | 38.067 | 2022-11-20 03:49:49 | {'user': 'alex', 'node': 'v100', 'debug': False, 'size': 10000000, 'subsort': 'mp', 'sort': 'mpi', 'c': 14, 'p': 2} |       | c4     | haiyang | Linux | #1 SMP Tue Jul 26 14:15:37 UTC 2022 |
| mpi-generate  | ok       |  0.193 |  0.193 | 2022-11-20 03:49:49 | {'user': 'alex', 'node': 'v100', 'debug': False, 'size': 10000000, 'subsort': 'mp', 'sort': 'mpi', 'c': 14, 'p': 2} |       | c4     | haiyang | Linux | #1 SMP Tue Jul 26 14:15:37 UTC 2022 |
+---------------+----------+--------+--------+---------------------+---------------------------------------------------------------------------------------------------------------------+-------+--------+---------+-------+-------------------------------------+
# csv,timer,status,time,sum,start,tag,msg,uname.node,user,uname.system,platform.version
# csv,mpi-mergesort,ok,38.067,38.067,2022-11-20 03:49:49,{'user': 'alex', 'node': 'v100', 'debug': False, 'size': 10000000, 'subsort': 'mp', 'sort': 'mpi', 'c': 14, 'p': 2},None,c4,haiyang,Linux,#1 SMP Tue Jul 26 14:15:37 UTC 2022
# csv,mpi-generate,ok,0.193,0.193,2022-11-20 03:49:49,{'user': 'alex', 'node': 'v100', 'debug': False, 'size': 10000000, 'subsort': 'mp', 'sort': 'mpi', 'c': 14, 'p': 2},None,c4,haiyang,Linux,#1 SMP Tue Jul 26 14:15:37 UTC 2022


+---------------------------------+-------------------------------------------------------------+
| Attribute                       | Value                                                       |
|---------------------------------+-------------------------------------------------------------|
| ANSI_COLOR                      | "0;31"                                                      |
| BUG_REPORT_URL                  | "https://bugzilla.redhat.com/"                              |
| CPE_NAME                        | "cpe:/o:redhat:enterprise_linux:7.9:GA:server"              |
| HOME_URL                        | "https://www.redhat.com/"                                   |
| ID                              | "rhel"                                                      |
| ID_LIKE                         | "fedora"                                                    |
| NAME                            | "Red Hat Enterprise Linux Server"                           |
| PRETTY_NAME                     | "Red Hat Enterprise Linux Server 7.9 (Maipo)"               |
| REDHAT_BUGZILLA_PRODUCT         | "Red Hat Enterprise Linux 7"                                |
| REDHAT_BUGZILLA_PRODUCT_VERSION | 7.9                                                         |
| REDHAT_SUPPORT_PRODUCT          | "Red Hat Enterprise Linux"                                  |
| REDHAT_SUPPORT_PRODUCT_VERSION  | "7.9"                                                       |
| VARIANT                         | "Server"                                                    |
| VARIANT_ID                      | "server"                                                    |
| VERSION                         | "7.9 (Maipo)"                                               |
| VERSION_ID                      | "7.9"                                                       |
| cpu                             | Intel(R) Xeon(R) CPU E5-2680 v3 @ 2.50GHz                   |
| cpu_cores                       | 24                                                          |
| cpu_count                       | 24                                                          |
| cpu_threads                     | 24                                                          |
| date                            | 2022-11-20 03:51:08.583459                                  |
| frequency                       | scpufreq(current=1.533916666666667, min=1200.0, max=3300.0) |
| mem.active                      | 65.6 GiB                                                    |
| mem.available                   | 178.5 GiB                                                   |
| mem.free                        | 178.7 GiB                                                   |
| mem.inactive                    | 1.1 GiB                                                     |
| mem.percent                     | 28.9 %                                                      |
| mem.total                       | 251.1 GiB                                                   |
| mem.used                        | 65.8 GiB                                                    |
| platform.version                | #1 SMP Tue Jul 26 14:15:37 UTC 2022                         |
| python                          | 3.9.8 (main, Feb  8 2022, 08:35:13)                         |
|                                 | [GCC 6.3.0]                                                 |
| python.pip                      | 22.2.2                                                      |
| python.version                  | 3.9.8                                                       |
| sys.platform                    | linux                                                       |
| uname.machine                   | x86_64                                                      |
| uname.node                      | c4                                                          |
| uname.processor                 | x86_64                                                      |
| uname.release                   | 3.10.0-1160.76.1.el7.x86_64                                 |
| uname.system                    | Linux                                                       |
| uname.version                   | #1 SMP Tue Jul 26 14:15:37 UTC 2022                         |
| user                            | haiyang                                                     |
+---------------------------------+-------------------------------------------------------------+

+---------------+----------+--------+--------+---------------------+---------------------------------------------------------------------------------------------------------------------+-------+--------+---------+-------+-------------------------------------+
| Name          | Status   |   Time |    Sum | Start               | tag                                                                                                                 | msg   | Node   | User    | OS    | Version                             |
|---------------+----------+--------+--------+---------------------+---------------------------------------------------------------------------------------------------------------------+-------+--------+---------+-------+-------------------------------------|
| mpi-mergesort | ok       | 38.08  | 38.08  | 2022-11-20 03:50:30 | {'user': 'alex', 'node': 'v100', 'debug': False, 'size': 10000000, 'subsort': 'mp', 'sort': 'mpi', 'c': 14, 'p': 2} |       | c4     | haiyang | Linux | #1 SMP Tue Jul 26 14:15:37 UTC 2022 |
| mpi-generate  | ok       |  0.191 |  0.191 | 2022-11-20 03:50:30 | {'user': 'alex', 'node': 'v100', 'debug': False, 'size': 10000000, 'subsort': 'mp', 'sort': 'mpi', 'c': 14, 'p': 2} |       | c4     | haiyang | Linux | #1 SMP Tue Jul 26 14:15:37 UTC 2022 |
+---------------+----------+--------+--------+---------------------+---------------------------------------------------------------------------------------------------------------------+-------+--------+---------+-------+-------------------------------------+
# csv,timer,status,time,sum,start,tag,msg,uname.node,user,uname.system,platform.version
# csv,mpi-mergesort,ok,38.08,38.08,2022-11-20 03:50:30,{'user': 'alex', 'node': 'v100', 'debug': False, 'size': 10000000, 'subsort': 'mp', 'sort': 'mpi', 'c': 14, 'p': 2},None,c4,haiyang,Linux,#1 SMP Tue Jul 26 14:15:37 UTC 2022
# csv,mpi-generate,ok,0.191,0.191,2022-11-20 03:50:30,{'user': 'alex', 'node': 'v100', 'debug': False, 'size': 10000000, 'subsort': 'mp', 'sort': 'mpi', 'c': 14, 'p': 2},None,c4,haiyang,Linux,#1 SMP Tue Jul 26 14:15:37 UTC 2022


+---------------------------------+--------------------------------------------------------------+
| Attribute                       | Value                                                        |
|---------------------------------+--------------------------------------------------------------|
| ANSI_COLOR                      | "0;31"                                                       |
| BUG_REPORT_URL                  | "https://bugzilla.redhat.com/"                               |
| CPE_NAME                        | "cpe:/o:redhat:enterprise_linux:7.9:GA:server"               |
| HOME_URL                        | "https://www.redhat.com/"                                    |
| ID                              | "rhel"                                                       |
| ID_LIKE                         | "fedora"                                                     |
| NAME                            | "Red Hat Enterprise Linux Server"                            |
| PRETTY_NAME                     | "Red Hat Enterprise Linux Server 7.9 (Maipo)"                |
| REDHAT_BUGZILLA_PRODUCT         | "Red Hat Enterprise Linux 7"                                 |
| REDHAT_BUGZILLA_PRODUCT_VERSION | 7.9                                                          |
| REDHAT_SUPPORT_PRODUCT          | "Red Hat Enterprise Linux"                                   |
| REDHAT_SUPPORT_PRODUCT_VERSION  | "7.9"                                                        |
| VARIANT                         | "Server"                                                     |
| VARIANT_ID                      | "server"                                                     |
| VERSION                         | "7.9 (Maipo)"                                                |
| VERSION_ID                      | "7.9"                                                        |
| cpu                             | Intel(R) Xeon(R) CPU E5-2680 v3 @ 2.50GHz                    |
| cpu_cores                       | 24                                                           |
| cpu_count                       | 24                                                           |
| cpu_threads                     | 24                                                           |
| date                            | 2022-11-20 03:51:49.998637                                   |
| frequency                       | scpufreq(current=1.5326666666666666, min=1200.0, max=3300.0) |
| mem.active                      | 65.9 GiB                                                     |
| mem.available                   | 178.3 GiB                                                    |
| mem.free                        | 178.4 GiB                                                    |
| mem.inactive                    | 1.1 GiB                                                      |
| mem.percent                     | 29.0 %                                                       |
| mem.total                       | 251.1 GiB                                                    |
| mem.used                        | 66.0 GiB                                                     |
| platform.version                | #1 SMP Tue Jul 26 14:15:37 UTC 2022                          |
| python                          | 3.9.8 (main, Feb  8 2022, 08:35:13)                          |
|                                 | [GCC 6.3.0]                                                  |
| python.pip                      | 22.2.2                                                       |
| python.version                  | 3.9.8                                                        |
| sys.platform                    | linux                                                        |
| uname.machine                   | x86_64                                                       |
| uname.node                      | c4                                                           |
| uname.processor                 | x86_64                                                       |
| uname.release                   | 3.10.0-1160.76.1.el7.x86_64                                  |
| uname.system                    | Linux                                                        |
| uname.version                   | #1 SMP Tue Jul 26 14:15:37 UTC 2022                          |
| user                            | haiyang                                                      |
+---------------------------------+--------------------------------------------------------------+

+---------------+----------+--------+--------+---------------------+---------------------------------------------------------------------------------------------------------------------+-------+--------+---------+-------+-------------------------------------+
| Name          | Status   |   Time |    Sum | Start               | tag                                                                                                                 | msg   | Node   | User    | OS    | Version                             |
|---------------+----------+--------+--------+---------------------+---------------------------------------------------------------------------------------------------------------------+-------+--------+---------+-------+-------------------------------------|
| mpi-mergesort | ok       | 38.591 | 38.591 | 2022-11-20 03:51:11 | {'user': 'alex', 'node': 'v100', 'debug': False, 'size': 10000000, 'subsort': 'mp', 'sort': 'mpi', 'c': 14, 'p': 2} |       | c4     | haiyang | Linux | #1 SMP Tue Jul 26 14:15:37 UTC 2022 |
| mpi-generate  | ok       |  0.194 |  0.194 | 2022-11-20 03:51:11 | {'user': 'alex', 'node': 'v100', 'debug': False, 'size': 10000000, 'subsort': 'mp', 'sort': 'mpi', 'c': 14, 'p': 2} |       | c4     | haiyang | Linux | #1 SMP Tue Jul 26 14:15:37 UTC 2022 |
+---------------+----------+--------+--------+---------------------+---------------------------------------------------------------------------------------------------------------------+-------+--------+---------+-------+-------------------------------------+
# csv,timer,status,time,sum,start,tag,msg,uname.node,user,uname.system,platform.version
# csv,mpi-mergesort,ok,38.591,38.591,2022-11-20 03:51:11,{'user': 'alex', 'node': 'v100', 'debug': False, 'size': 10000000, 'subsort': 'mp', 'sort': 'mpi', 'c': 14, 'p': 2},None,c4,haiyang,Linux,#1 SMP Tue Jul 26 14:15:37 UTC 2022
# csv,mpi-generate,ok,0.194,0.194,2022-11-20 03:51:11,{'user': 'alex', 'node': 'v100', 'debug': False, 'size': 10000000, 'subsort': 'mp', 'sort': 'mpi', 'c': 14, 'p': 2},None,c4,haiyang,Linux,#1 SMP Tue Jul 26 14:15:37 UTC 2022


+---------------------------------+--------------------------------------------------------------+
| Attribute                       | Value                                                        |
|---------------------------------+--------------------------------------------------------------|
| ANSI_COLOR                      | "0;31"                                                       |
| BUG_REPORT_URL                  | "https://bugzilla.redhat.com/"                               |
| CPE_NAME                        | "cpe:/o:redhat:enterprise_linux:7.9:GA:server"               |
| HOME_URL                        | "https://www.redhat.com/"                                    |
| ID                              | "rhel"                                                       |
| ID_LIKE                         | "fedora"                                                     |
| NAME                            | "Red Hat Enterprise Linux Server"                            |
| PRETTY_NAME                     | "Red Hat Enterprise Linux Server 7.9 (Maipo)"                |
| REDHAT_BUGZILLA_PRODUCT         | "Red Hat Enterprise Linux 7"                                 |
| REDHAT_BUGZILLA_PRODUCT_VERSION | 7.9                                                          |
| REDHAT_SUPPORT_PRODUCT          | "Red Hat Enterprise Linux"                                   |
| REDHAT_SUPPORT_PRODUCT_VERSION  | "7.9"                                                        |
| VARIANT                         | "Server"                                                     |
| VARIANT_ID                      | "server"                                                     |
| VERSION                         | "7.9 (Maipo)"                                                |
| VERSION_ID                      | "7.9"                                                        |
| cpu                             | Intel(R) Xeon(R) CPU E5-2680 v3 @ 2.50GHz                    |
| cpu_cores                       | 24                                                           |
| cpu_count                       | 24                                                           |
| cpu_threads                     | 24                                                           |
| date                            | 2022-11-20 03:52:31.154738                                   |
| frequency                       | scpufreq(current=1.5327916666666672, min=1200.0, max=3300.0) |
| mem.active                      | 65.7 GiB                                                     |
| mem.available                   | 178.4 GiB                                                    |
| mem.free                        | 178.6 GiB                                                    |
| mem.inactive                    | 1.1 GiB                                                      |
| mem.percent                     | 28.9 %                                                       |
| mem.total                       | 251.1 GiB                                                    |
| mem.used                        | 65.9 GiB                                                     |
| platform.version                | #1 SMP Tue Jul 26 14:15:37 UTC 2022                          |
| python                          | 3.9.8 (main, Feb  8 2022, 08:35:13)                          |
|                                 | [GCC 6.3.0]                                                  |
| python.pip                      | 22.2.2                                                       |
| python.version                  | 3.9.8                                                        |
| sys.platform                    | linux                                                        |
| uname.machine                   | x86_64                                                       |
| uname.node                      | c4                                                           |
| uname.processor                 | x86_64                                                       |
| uname.release                   | 3.10.0-1160.76.1.el7.x86_64                                  |
| uname.system                    | Linux                                                        |
| uname.version                   | #1 SMP Tue Jul 26 14:15:37 UTC 2022                          |
| user                            | haiyang                                                      |
+---------------------------------+--------------------------------------------------------------+

+---------------+----------+--------+--------+---------------------+---------------------------------------------------------------------------------------------------------------------+-------+--------+---------+-------+-------------------------------------+
| Name          | Status   |   Time |    Sum | Start               | tag                                                                                                                 | msg   | Node   | User    | OS    | Version                             |
|---------------+----------+--------+--------+---------------------+---------------------------------------------------------------------------------------------------------------------+-------+--------+---------+-------+-------------------------------------|
| mpi-mergesort | ok       | 38.312 | 38.312 | 2022-11-20 03:51:52 | {'user': 'alex', 'node': 'v100', 'debug': False, 'size': 10000000, 'subsort': 'mp', 'sort': 'mpi', 'c': 14, 'p': 2} |       | c4     | haiyang | Linux | #1 SMP Tue Jul 26 14:15:37 UTC 2022 |
| mpi-generate  | ok       |  0.194 |  0.194 | 2022-11-20 03:51:52 | {'user': 'alex', 'node': 'v100', 'debug': False, 'size': 10000000, 'subsort': 'mp', 'sort': 'mpi', 'c': 14, 'p': 2} |       | c4     | haiyang | Linux | #1 SMP Tue Jul 26 14:15:37 UTC 2022 |
+---------------+----------+--------+--------+---------------------+---------------------------------------------------------------------------------------------------------------------+-------+--------+---------+-------+-------------------------------------+
# csv,timer,status,time,sum,start,tag,msg,uname.node,user,uname.system,platform.version
# csv,mpi-mergesort,ok,38.312,38.312,2022-11-20 03:51:52,{'user': 'alex', 'node': 'v100', 'debug': False, 'size': 10000000, 'subsort': 'mp', 'sort': 'mpi', 'c': 14, 'p': 2},None,c4,haiyang,Linux,#1 SMP Tue Jul 26 14:15:37 UTC 2022
# csv,mpi-generate,ok,0.194,0.194,2022-11-20 03:51:52,{'user': 'alex', 'node': 'v100', 'debug': False, 'size': 10000000, 'subsort': 'mp', 'sort': 'mpi', 'c': 14, 'p': 2},None,c4,haiyang,Linux,#1 SMP Tue Jul 26 14:15:37 UTC 2022


+---------------------------------+--------------------------------------------------------------+
| Attribute                       | Value                                                        |
|---------------------------------+--------------------------------------------------------------|
| ANSI_COLOR                      | "0;31"                                                       |
| BUG_REPORT_URL                  | "https://bugzilla.redhat.com/"                               |
| CPE_NAME                        | "cpe:/o:redhat:enterprise_linux:7.9:GA:server"               |
| HOME_URL                        | "https://www.redhat.com/"                                    |
| ID                              | "rhel"                                                       |
| ID_LIKE                         | "fedora"                                                     |
| NAME                            | "Red Hat Enterprise Linux Server"                            |
| PRETTY_NAME                     | "Red Hat Enterprise Linux Server 7.9 (Maipo)"                |
| REDHAT_BUGZILLA_PRODUCT         | "Red Hat Enterprise Linux 7"                                 |
| REDHAT_BUGZILLA_PRODUCT_VERSION | 7.9                                                          |
| REDHAT_SUPPORT_PRODUCT          | "Red Hat Enterprise Linux"                                   |
| REDHAT_SUPPORT_PRODUCT_VERSION  | "7.9"                                                        |
| VARIANT                         | "Server"                                                     |
| VARIANT_ID                      | "server"                                                     |
| VERSION                         | "7.9 (Maipo)"                                                |
| VERSION_ID                      | "7.9"                                                        |
| cpu                             | Intel(R) Xeon(R) CPU E5-2680 v3 @ 2.50GHz                    |
| cpu_cores                       | 24                                                           |
| cpu_count                       | 24                                                           |
| cpu_threads                     | 24                                                           |
| date                            | 2022-11-20 03:53:15.699878                                   |
| frequency                       | scpufreq(current=1.5327916666666672, min=1200.0, max=3300.0) |
| mem.active                      | 65.8 GiB                                                     |
| mem.available                   | 178.3 GiB                                                    |
| mem.free                        | 178.5 GiB                                                    |
| mem.inactive                    | 1.1 GiB                                                      |
| mem.percent                     | 29.0 %                                                       |
| mem.total                       | 251.1 GiB                                                    |
| mem.used                        | 65.9 GiB                                                     |
| platform.version                | #1 SMP Tue Jul 26 14:15:37 UTC 2022                          |
| python                          | 3.9.8 (main, Feb  8 2022, 08:35:13)                          |
|                                 | [GCC 6.3.0]                                                  |
| python.pip                      | 22.2.2                                                       |
| python.version                  | 3.9.8                                                        |
| sys.platform                    | linux                                                        |
| uname.machine                   | x86_64                                                       |
| uname.node                      | c4                                                           |
| uname.processor                 | x86_64                                                       |
| uname.release                   | 3.10.0-1160.76.1.el7.x86_64                                  |
| uname.system                    | Linux                                                        |
| uname.version                   | #1 SMP Tue Jul 26 14:15:37 UTC 2022                          |
| user                            | haiyang                                                      |
+---------------------------------+--------------------------------------------------------------+

+---------------+----------+--------+--------+---------------------+---------------------------------------------------------------------------------------------------------------------+-------+--------+---------+-------+-------------------------------------+
| Name          | Status   |   Time |    Sum | Start               | tag                                                                                                                 | msg   | Node   | User    | OS    | Version                             |
|---------------+----------+--------+--------+---------------------+---------------------------------------------------------------------------------------------------------------------+-------+--------+---------+-------+-------------------------------------|
| mpi-mergesort | ok       | 41.732 | 41.732 | 2022-11-20 03:52:33 | {'user': 'alex', 'node': 'v100', 'debug': False, 'size': 10000000, 'subsort': 'mp', 'sort': 'mpi', 'c': 14, 'p': 2} |       | c4     | haiyang | Linux | #1 SMP Tue Jul 26 14:15:37 UTC 2022 |
| mpi-generate  | ok       |  0.195 |  0.195 | 2022-11-20 03:52:33 | {'user': 'alex', 'node': 'v100', 'debug': False, 'size': 10000000, 'subsort': 'mp', 'sort': 'mpi', 'c': 14, 'p': 2} |       | c4     | haiyang | Linux | #1 SMP Tue Jul 26 14:15:37 UTC 2022 |
+---------------+----------+--------+--------+---------------------+---------------------------------------------------------------------------------------------------------------------+-------+--------+---------+-------+-------------------------------------+
# csv,timer,status,time,sum,start,tag,msg,uname.node,user,uname.system,platform.version
# csv,mpi-mergesort,ok,41.732,41.732,2022-11-20 03:52:33,{'user': 'alex', 'node': 'v100', 'debug': False, 'size': 10000000, 'subsort': 'mp', 'sort': 'mpi', 'c': 14, 'p': 2},None,c4,haiyang,Linux,#1 SMP Tue Jul 26 14:15:37 UTC 2022
# csv,mpi-generate,ok,0.195,0.195,2022-11-20 03:52:33,{'user': 'alex', 'node': 'v100', 'debug': False, 'size': 10000000, 'subsort': 'mp', 'sort': 'mpi', 'c': 14, 'p': 2},None,c4,haiyang,Linux,#1 SMP Tue Jul 26 14:15:37 UTC 2022


+---------------------------------+--------------------------------------------------------------+
| Attribute                       | Value                                                        |
|---------------------------------+--------------------------------------------------------------|
| ANSI_COLOR                      | "0;31"                                                       |
| BUG_REPORT_URL                  | "https://bugzilla.redhat.com/"                               |
| CPE_NAME                        | "cpe:/o:redhat:enterprise_linux:7.9:GA:server"               |
| HOME_URL                        | "https://www.redhat.com/"                                    |
| ID                              | "rhel"                                                       |
| ID_LIKE                         | "fedora"                                                     |
| NAME                            | "Red Hat Enterprise Linux Server"                            |
| PRETTY_NAME                     | "Red Hat Enterprise Linux Server 7.9 (Maipo)"                |
| REDHAT_BUGZILLA_PRODUCT         | "Red Hat Enterprise Linux 7"                                 |
| REDHAT_BUGZILLA_PRODUCT_VERSION | 7.9                                                          |
| REDHAT_SUPPORT_PRODUCT          | "Red Hat Enterprise Linux"                                   |
| REDHAT_SUPPORT_PRODUCT_VERSION  | "7.9"                                                        |
| VARIANT                         | "Server"                                                     |
| VARIANT_ID                      | "server"                                                     |
| VERSION                         | "7.9 (Maipo)"                                                |
| VERSION_ID                      | "7.9"                                                        |
| cpu                             | Intel(R) Xeon(R) CPU E5-2680 v3 @ 2.50GHz                    |
| cpu_cores                       | 24                                                           |
| cpu_count                       | 24                                                           |
| cpu_threads                     | 24                                                           |
| date                            | 2022-11-20 03:53:56.761541                                   |
| frequency                       | scpufreq(current=1.5494583333333338, min=1200.0, max=3300.0) |
| mem.active                      | 65.8 GiB                                                     |
| mem.available                   | 178.3 GiB                                                    |
| mem.free                        | 178.5 GiB                                                    |
| mem.inactive                    | 1.1 GiB                                                      |
| mem.percent                     | 29.0 %                                                       |
| mem.total                       | 251.1 GiB                                                    |
| mem.used                        | 66.0 GiB                                                     |
| platform.version                | #1 SMP Tue Jul 26 14:15:37 UTC 2022                          |
| python                          | 3.9.8 (main, Feb  8 2022, 08:35:13)                          |
|                                 | [GCC 6.3.0]                                                  |
| python.pip                      | 22.2.2                                                       |
| python.version                  | 3.9.8                                                        |
| sys.platform                    | linux                                                        |
| uname.machine                   | x86_64                                                       |
| uname.node                      | c4                                                           |
| uname.processor                 | x86_64                                                       |
| uname.release                   | 3.10.0-1160.76.1.el7.x86_64                                  |
| uname.system                    | Linux                                                        |
| uname.version                   | #1 SMP Tue Jul 26 14:15:37 UTC 2022                          |
| user                            | haiyang                                                      |
+---------------------------------+--------------------------------------------------------------+

+---------------+----------+--------+--------+---------------------+---------------------------------------------------------------------------------------------------------------------+-------+--------+---------+-------+-------------------------------------+
| Name          | Status   |   Time |    Sum | Start               | tag                                                                                                                 | msg   | Node   | User    | OS    | Version                             |
|---------------+----------+--------+--------+---------------------+---------------------------------------------------------------------------------------------------------------------+-------+--------+---------+-------+-------------------------------------|
| mpi-mergesort | ok       | 38.221 | 38.221 | 2022-11-20 03:53:18 | {'user': 'alex', 'node': 'v100', 'debug': False, 'size': 10000000, 'subsort': 'mp', 'sort': 'mpi', 'c': 14, 'p': 2} |       | c4     | haiyang | Linux | #1 SMP Tue Jul 26 14:15:37 UTC 2022 |
| mpi-generate  | ok       |  0.194 |  0.194 | 2022-11-20 03:53:18 | {'user': 'alex', 'node': 'v100', 'debug': False, 'size': 10000000, 'subsort': 'mp', 'sort': 'mpi', 'c': 14, 'p': 2} |       | c4     | haiyang | Linux | #1 SMP Tue Jul 26 14:15:37 UTC 2022 |
+---------------+----------+--------+--------+---------------------+---------------------------------------------------------------------------------------------------------------------+-------+--------+---------+-------+-------------------------------------+
# csv,timer,status,time,sum,start,tag,msg,uname.node,user,uname.system,platform.version
# csv,mpi-mergesort,ok,38.221,38.221,2022-11-20 03:53:18,{'user': 'alex', 'node': 'v100', 'debug': False, 'size': 10000000, 'subsort': 'mp', 'sort': 'mpi', 'c': 14, 'p': 2},None,c4,haiyang,Linux,#1 SMP Tue Jul 26 14:15:37 UTC 2022
# csv,mpi-generate,ok,0.194,0.194,2022-11-20 03:53:18,{'user': 'alex', 'node': 'v100', 'debug': False, 'size': 10000000, 'subsort': 'mp', 'sort': 'mpi', 'c': 14, 'p': 2},None,c4,haiyang,Linux,#1 SMP Tue Jul 26 14:15:37 UTC 2022


+---------------------------------+--------------------------------------------------------------+
| Attribute                       | Value                                                        |
|---------------------------------+--------------------------------------------------------------|
| ANSI_COLOR                      | "0;31"                                                       |
| BUG_REPORT_URL                  | "https://bugzilla.redhat.com/"                               |
| CPE_NAME                        | "cpe:/o:redhat:enterprise_linux:7.9:GA:server"               |
| HOME_URL                        | "https://www.redhat.com/"                                    |
| ID                              | "rhel"                                                       |
| ID_LIKE                         | "fedora"                                                     |
| NAME                            | "Red Hat Enterprise Linux Server"                            |
| PRETTY_NAME                     | "Red Hat Enterprise Linux Server 7.9 (Maipo)"                |
| REDHAT_BUGZILLA_PRODUCT         | "Red Hat Enterprise Linux 7"                                 |
| REDHAT_BUGZILLA_PRODUCT_VERSION | 7.9                                                          |
| REDHAT_SUPPORT_PRODUCT          | "Red Hat Enterprise Linux"                                   |
| REDHAT_SUPPORT_PRODUCT_VERSION  | "7.9"                                                        |
| VARIANT                         | "Server"                                                     |
| VARIANT_ID                      | "server"                                                     |
| VERSION                         | "7.9 (Maipo)"                                                |
| VERSION_ID                      | "7.9"                                                        |
| cpu                             | Intel(R) Xeon(R) CPU E5-2680 v3 @ 2.50GHz                    |
| cpu_cores                       | 24                                                           |
| cpu_count                       | 24                                                           |
| cpu_threads                     | 24                                                           |
| date                            | 2022-11-20 03:54:38.069072                                   |
| frequency                       | scpufreq(current=1.5345833333333336, min=1200.0, max=3300.0) |
| mem.active                      | 65.7 GiB                                                     |
| mem.available                   | 178.4 GiB                                                    |
| mem.free                        | 178.5 GiB                                                    |
| mem.inactive                    | 1.1 GiB                                                      |
| mem.percent                     | 28.9 %                                                       |
| mem.total                       | 251.1 GiB                                                    |
| mem.used                        | 65.9 GiB                                                     |
| platform.version                | #1 SMP Tue Jul 26 14:15:37 UTC 2022                          |
| python                          | 3.9.8 (main, Feb  8 2022, 08:35:13)                          |
|                                 | [GCC 6.3.0]                                                  |
| python.pip                      | 22.2.2                                                       |
| python.version                  | 3.9.8                                                        |
| sys.platform                    | linux                                                        |
| uname.machine                   | x86_64                                                       |
| uname.node                      | c4                                                           |
| uname.processor                 | x86_64                                                       |
| uname.release                   | 3.10.0-1160.76.1.el7.x86_64                                  |
| uname.system                    | Linux                                                        |
| uname.version                   | #1 SMP Tue Jul 26 14:15:37 UTC 2022                          |
| user                            | haiyang                                                      |
+---------------------------------+--------------------------------------------------------------+

+---------------+----------+--------+--------+---------------------+---------------------------------------------------------------------------------------------------------------------+-------+--------+---------+-------+-------------------------------------+
| Name          | Status   |   Time |    Sum | Start               | tag                                                                                                                 | msg   | Node   | User    | OS    | Version                             |
|---------------+----------+--------+--------+---------------------+---------------------------------------------------------------------------------------------------------------------+-------+--------+---------+-------+-------------------------------------|
| mpi-mergesort | ok       | 38.461 | 38.461 | 2022-11-20 03:53:59 | {'user': 'alex', 'node': 'v100', 'debug': False, 'size': 10000000, 'subsort': 'mp', 'sort': 'mpi', 'c': 14, 'p': 2} |       | c4     | haiyang | Linux | #1 SMP Tue Jul 26 14:15:37 UTC 2022 |
| mpi-generate  | ok       |  0.195 |  0.195 | 2022-11-20 03:53:59 | {'user': 'alex', 'node': 'v100', 'debug': False, 'size': 10000000, 'subsort': 'mp', 'sort': 'mpi', 'c': 14, 'p': 2} |       | c4     | haiyang | Linux | #1 SMP Tue Jul 26 14:15:37 UTC 2022 |
+---------------+----------+--------+--------+---------------------+---------------------------------------------------------------------------------------------------------------------+-------+--------+---------+-------+-------------------------------------+
# csv,timer,status,time,sum,start,tag,msg,uname.node,user,uname.system,platform.version
# csv,mpi-mergesort,ok,38.461,38.461,2022-11-20 03:53:59,{'user': 'alex', 'node': 'v100', 'debug': False, 'size': 10000000, 'subsort': 'mp', 'sort': 'mpi', 'c': 14, 'p': 2},None,c4,haiyang,Linux,#1 SMP Tue Jul 26 14:15:37 UTC 2022
# csv,mpi-generate,ok,0.195,0.195,2022-11-20 03:53:59,{'user': 'alex', 'node': 'v100', 'debug': False, 'size': 10000000, 'subsort': 'mp', 'sort': 'mpi', 'c': 14, 'p': 2},None,c4,haiyang,Linux,#1 SMP Tue Jul 26 14:15:37 UTC 2022


+---------------------------------+----------------------------------------------------+
| Attribute                       | Value                                              |
|---------------------------------+----------------------------------------------------|
| ANSI_COLOR                      | "0;31"                                             |
| BUG_REPORT_URL                  | "https://bugzilla.redhat.com/"                     |
| CPE_NAME                        | "cpe:/o:redhat:enterprise_linux:7.9:GA:server"     |
| HOME_URL                        | "https://www.redhat.com/"                          |
| ID                              | "rhel"                                             |
| ID_LIKE                         | "fedora"                                           |
| NAME                            | "Red Hat Enterprise Linux Server"                  |
| PRETTY_NAME                     | "Red Hat Enterprise Linux Server 7.9 (Maipo)"      |
| REDHAT_BUGZILLA_PRODUCT         | "Red Hat Enterprise Linux 7"                       |
| REDHAT_BUGZILLA_PRODUCT_VERSION | 7.9                                                |
| REDHAT_SUPPORT_PRODUCT          | "Red Hat Enterprise Linux"                         |
| REDHAT_SUPPORT_PRODUCT_VERSION  | "7.9"                                              |
| VARIANT                         | "Server"                                           |
| VARIANT_ID                      | "server"                                           |
| VERSION                         | "7.9 (Maipo)"                                      |
| VERSION_ID                      | "7.9"                                              |
| cpu                             | Intel(R) Xeon(R) CPU E5-2680 v3 @ 2.50GHz          |
| cpu_cores                       | 24                                                 |
| cpu_count                       | 24                                                 |
| cpu_threads                     | 24                                                 |
| date                            | 2022-11-20 03:55:19.060215                         |
| frequency                       | scpufreq(current=1.586875, min=1200.0, max=3300.0) |
| mem.active                      | 66.0 GiB                                           |
| mem.available                   | 178.1 GiB                                          |
| mem.free                        | 178.2 GiB                                          |
| mem.inactive                    | 1.1 GiB                                            |
| mem.percent                     | 29.1 %                                             |
| mem.total                       | 251.1 GiB                                          |
| mem.used                        | 66.2 GiB                                           |
| platform.version                | #1 SMP Tue Jul 26 14:15:37 UTC 2022                |
| python                          | 3.9.8 (main, Feb  8 2022, 08:35:13)                |
|                                 | [GCC 6.3.0]                                        |
| python.pip                      | 22.2.2                                             |
| python.version                  | 3.9.8                                              |
| sys.platform                    | linux                                              |
| uname.machine                   | x86_64                                             |
| uname.node                      | c4                                                 |
| uname.processor                 | x86_64                                             |
| uname.release                   | 3.10.0-1160.76.1.el7.x86_64                        |
| uname.system                    | Linux                                              |
| uname.version                   | #1 SMP Tue Jul 26 14:15:37 UTC 2022                |
| user                            | haiyang                                            |
+---------------------------------+----------------------------------------------------+

+---------------+----------+--------+--------+---------------------+---------------------------------------------------------------------------------------------------------------------+-------+--------+---------+-------+-------------------------------------+
| Name          | Status   |   Time |    Sum | Start               | tag                                                                                                                 | msg   | Node   | User    | OS    | Version                             |
|---------------+----------+--------+--------+---------------------+---------------------------------------------------------------------------------------------------------------------+-------+--------+---------+-------+-------------------------------------|
| mpi-mergesort | ok       | 38.156 | 38.156 | 2022-11-20 03:54:40 | {'user': 'alex', 'node': 'v100', 'debug': False, 'size': 10000000, 'subsort': 'mp', 'sort': 'mpi', 'c': 14, 'p': 2} |       | c4     | haiyang | Linux | #1 SMP Tue Jul 26 14:15:37 UTC 2022 |
| mpi-generate  | ok       |  0.194 |  0.194 | 2022-11-20 03:54:40 | {'user': 'alex', 'node': 'v100', 'debug': False, 'size': 10000000, 'subsort': 'mp', 'sort': 'mpi', 'c': 14, 'p': 2} |       | c4     | haiyang | Linux | #1 SMP Tue Jul 26 14:15:37 UTC 2022 |
+---------------+----------+--------+--------+---------------------+---------------------------------------------------------------------------------------------------------------------+-------+--------+---------+-------+-------------------------------------+
# csv,timer,status,time,sum,start,tag,msg,uname.node,user,uname.system,platform.version
# csv,mpi-mergesort,ok,38.156,38.156,2022-11-20 03:54:40,{'user': 'alex', 'node': 'v100', 'debug': False, 'size': 10000000, 'subsort': 'mp', 'sort': 'mpi', 'c': 14, 'p': 2},None,c4,haiyang,Linux,#1 SMP Tue Jul 26 14:15:37 UTC 2022
# csv,mpi-generate,ok,0.194,0.194,2022-11-20 03:54:40,{'user': 'alex', 'node': 'v100', 'debug': False, 'size': 10000000, 'subsort': 'mp', 'sort': 'mpi', 'c': 14, 'p': 2},None,c4,haiyang,Linux,#1 SMP Tue Jul 26 14:15:37 UTC 2022


+---------------------------------+--------------------------------------------------------------+
| Attribute                       | Value                                                        |
|---------------------------------+--------------------------------------------------------------|
| ANSI_COLOR                      | "0;31"                                                       |
| BUG_REPORT_URL                  | "https://bugzilla.redhat.com/"                               |
| CPE_NAME                        | "cpe:/o:redhat:enterprise_linux:7.9:GA:server"               |
| HOME_URL                        | "https://www.redhat.com/"                                    |
| ID                              | "rhel"                                                       |
| ID_LIKE                         | "fedora"                                                     |
| NAME                            | "Red Hat Enterprise Linux Server"                            |
| PRETTY_NAME                     | "Red Hat Enterprise Linux Server 7.9 (Maipo)"                |
| REDHAT_BUGZILLA_PRODUCT         | "Red Hat Enterprise Linux 7"                                 |
| REDHAT_BUGZILLA_PRODUCT_VERSION | 7.9                                                          |
| REDHAT_SUPPORT_PRODUCT          | "Red Hat Enterprise Linux"                                   |
| REDHAT_SUPPORT_PRODUCT_VERSION  | "7.9"                                                        |
| VARIANT                         | "Server"                                                     |
| VARIANT_ID                      | "server"                                                     |
| VERSION                         | "7.9 (Maipo)"                                                |
| VERSION_ID                      | "7.9"                                                        |
| cpu                             | Intel(R) Xeon(R) CPU E5-2680 v3 @ 2.50GHz                    |
| cpu_cores                       | 24                                                           |
| cpu_count                       | 24                                                           |
| cpu_threads                     | 24                                                           |
| date                            | 2022-11-20 03:56:00.128375                                   |
| frequency                       | scpufreq(current=1.5478750000000003, min=1200.0, max=3300.0) |
| mem.active                      | 65.6 GiB                                                     |
| mem.available                   | 178.5 GiB                                                    |
| mem.free                        | 178.6 GiB                                                    |
| mem.inactive                    | 1.1 GiB                                                      |
| mem.percent                     | 28.9 %                                                       |
| mem.total                       | 251.1 GiB                                                    |
| mem.used                        | 65.8 GiB                                                     |
| platform.version                | #1 SMP Tue Jul 26 14:15:37 UTC 2022                          |
| python                          | 3.9.8 (main, Feb  8 2022, 08:35:13)                          |
|                                 | [GCC 6.3.0]                                                  |
| python.pip                      | 22.2.2                                                       |
| python.version                  | 3.9.8                                                        |
| sys.platform                    | linux                                                        |
| uname.machine                   | x86_64                                                       |
| uname.node                      | c4                                                           |
| uname.processor                 | x86_64                                                       |
| uname.release                   | 3.10.0-1160.76.1.el7.x86_64                                  |
| uname.system                    | Linux                                                        |
| uname.version                   | #1 SMP Tue Jul 26 14:15:37 UTC 2022                          |
| user                            | haiyang                                                      |
+---------------------------------+--------------------------------------------------------------+

+---------------+----------+--------+--------+---------------------+---------------------------------------------------------------------------------------------------------------------+-------+--------+---------+-------+-------------------------------------+
| Name          | Status   |   Time |    Sum | Start               | tag                                                                                                                 | msg   | Node   | User    | OS    | Version                             |
|---------------+----------+--------+--------+---------------------+---------------------------------------------------------------------------------------------------------------------+-------+--------+---------+-------+-------------------------------------|
| mpi-mergesort | ok       | 38.255 | 38.255 | 2022-11-20 03:55:21 | {'user': 'alex', 'node': 'v100', 'debug': False, 'size': 10000000, 'subsort': 'mp', 'sort': 'mpi', 'c': 14, 'p': 2} |       | c4     | haiyang | Linux | #1 SMP Tue Jul 26 14:15:37 UTC 2022 |
| mpi-generate  | ok       |  0.194 |  0.194 | 2022-11-20 03:55:21 | {'user': 'alex', 'node': 'v100', 'debug': False, 'size': 10000000, 'subsort': 'mp', 'sort': 'mpi', 'c': 14, 'p': 2} |       | c4     | haiyang | Linux | #1 SMP Tue Jul 26 14:15:37 UTC 2022 |
+---------------+----------+--------+--------+---------------------+---------------------------------------------------------------------------------------------------------------------+-------+--------+---------+-------+-------------------------------------+
# csv,timer,status,time,sum,start,tag,msg,uname.node,user,uname.system,platform.version
# csv,mpi-mergesort,ok,38.255,38.255,2022-11-20 03:55:21,{'user': 'alex', 'node': 'v100', 'debug': False, 'size': 10000000, 'subsort': 'mp', 'sort': 'mpi', 'c': 14, 'p': 2},None,c4,haiyang,Linux,#1 SMP Tue Jul 26 14:15:37 UTC 2022
# csv,mpi-generate,ok,0.194,0.194,2022-11-20 03:55:21,{'user': 'alex', 'node': 'v100', 'debug': False, 'size': 10000000, 'subsort': 'mp', 'sort': 'mpi', 'c': 14, 'p': 2},None,c4,haiyang,Linux,#1 SMP Tue Jul 26 14:15:37 UTC 2022


+---------------------------------+--------------------------------------------------------------+
| Attribute                       | Value                                                        |
|---------------------------------+--------------------------------------------------------------|
| ANSI_COLOR                      | "0;31"                                                       |
| BUG_REPORT_URL                  | "https://bugzilla.redhat.com/"                               |
| CPE_NAME                        | "cpe:/o:redhat:enterprise_linux:7.9:GA:server"               |
| HOME_URL                        | "https://www.redhat.com/"                                    |
| ID                              | "rhel"                                                       |
| ID_LIKE                         | "fedora"                                                     |
| NAME                            | "Red Hat Enterprise Linux Server"                            |
| PRETTY_NAME                     | "Red Hat Enterprise Linux Server 7.9 (Maipo)"                |
| REDHAT_BUGZILLA_PRODUCT         | "Red Hat Enterprise Linux 7"                                 |
| REDHAT_BUGZILLA_PRODUCT_VERSION | 7.9                                                          |
| REDHAT_SUPPORT_PRODUCT          | "Red Hat Enterprise Linux"                                   |
| REDHAT_SUPPORT_PRODUCT_VERSION  | "7.9"                                                        |
| VARIANT                         | "Server"                                                     |
| VARIANT_ID                      | "server"                                                     |
| VERSION                         | "7.9 (Maipo)"                                                |
| VERSION_ID                      | "7.9"                                                        |
| cpu                             | Intel(R) Xeon(R) CPU E5-2680 v3 @ 2.50GHz                    |
| cpu_cores                       | 24                                                           |
| cpu_count                       | 24                                                           |
| cpu_threads                     | 24                                                           |
| date                            | 2022-11-20 03:56:41.164138                                   |
| frequency                       | scpufreq(current=1.5872083333333336, min=1200.0, max=3300.0) |
| mem.active                      | 65.9 GiB                                                     |
| mem.available                   | 178.2 GiB                                                    |
| mem.free                        | 178.4 GiB                                                    |
| mem.inactive                    | 1.1 GiB                                                      |
| mem.percent                     | 29.0 %                                                       |
| mem.total                       | 251.1 GiB                                                    |
| mem.used                        | 66.0 GiB                                                     |
| platform.version                | #1 SMP Tue Jul 26 14:15:37 UTC 2022                          |
| python                          | 3.9.8 (main, Feb  8 2022, 08:35:13)                          |
|                                 | [GCC 6.3.0]                                                  |
| python.pip                      | 22.2.2                                                       |
| python.version                  | 3.9.8                                                        |
| sys.platform                    | linux                                                        |
| uname.machine                   | x86_64                                                       |
| uname.node                      | c4                                                           |
| uname.processor                 | x86_64                                                       |
| uname.release                   | 3.10.0-1160.76.1.el7.x86_64                                  |
| uname.system                    | Linux                                                        |
| uname.version                   | #1 SMP Tue Jul 26 14:15:37 UTC 2022                          |
| user                            | haiyang                                                      |
+---------------------------------+--------------------------------------------------------------+

+---------------+----------+--------+--------+---------------------+---------------------------------------------------------------------------------------------------------------------+-------+--------+---------+-------+-------------------------------------+
| Name          | Status   |   Time |    Sum | Start               | tag                                                                                                                 | msg   | Node   | User    | OS    | Version                             |
|---------------+----------+--------+--------+---------------------+---------------------------------------------------------------------------------------------------------------------+-------+--------+---------+-------+-------------------------------------|
| mpi-mergesort | ok       | 38.233 | 38.233 | 2022-11-20 03:56:02 | {'user': 'alex', 'node': 'v100', 'debug': False, 'size': 10000000, 'subsort': 'mp', 'sort': 'mpi', 'c': 14, 'p': 2} |       | c4     | haiyang | Linux | #1 SMP Tue Jul 26 14:15:37 UTC 2022 |
| mpi-generate  | ok       |  0.193 |  0.193 | 2022-11-20 03:56:02 | {'user': 'alex', 'node': 'v100', 'debug': False, 'size': 10000000, 'subsort': 'mp', 'sort': 'mpi', 'c': 14, 'p': 2} |       | c4     | haiyang | Linux | #1 SMP Tue Jul 26 14:15:37 UTC 2022 |
+---------------+----------+--------+--------+---------------------+---------------------------------------------------------------------------------------------------------------------+-------+--------+---------+-------+-------------------------------------+
# csv,timer,status,time,sum,start,tag,msg,uname.node,user,uname.system,platform.version
# csv,mpi-mergesort,ok,38.233,38.233,2022-11-20 03:56:02,{'user': 'alex', 'node': 'v100', 'debug': False, 'size': 10000000, 'subsort': 'mp', 'sort': 'mpi', 'c': 14, 'p': 2},None,c4,haiyang,Linux,#1 SMP Tue Jul 26 14:15:37 UTC 2022
# csv,mpi-generate,ok,0.193,0.193,2022-11-20 03:56:02,{'user': 'alex', 'node': 'v100', 'debug': False, 'size': 10000000, 'subsort': 'mp', 'sort': 'mpi', 'c': 14, 'p': 2},None,c4,haiyang,Linux,#1 SMP Tue Jul 26 14:15:37 UTC 2022

