Starting experiment
Processes: 2
Cores:     8
Size:      5000000
Repeat:    10
Debug:     False
Sort:      MPI
Algorithm: mp
Tag:       None
Total:     10
Experiment 9         : size=5000000 processes=2 cores=8 repeat=0 last_time=undefined                     
Experiment 8         : size=5000000 processes=2 cores=8 repeat=1 last_time=undefined                     
Experiment 7         : size=5000000 processes=2 cores=8 repeat=2 last_time=undefined                     
Experiment 6         : size=5000000 processes=2 cores=8 repeat=3 last_time=undefined                     
Experiment 5         : size=5000000 processes=2 cores=8 repeat=4 last_time=undefined                     
Experiment 4         : size=5000000 processes=2 cores=8 repeat=5 last_time=undefined                     
Experiment 3         : size=5000000 processes=2 cores=8 repeat=6 last_time=undefined                     
Experiment 2         : size=5000000 processes=2 cores=8 repeat=7 last_time=undefined                     
Experiment 1         : size=5000000 processes=2 cores=8 repeat=8 last_time=undefined                     
Experiment 0         : size=5000000 processes=2 cores=8 repeat=9 last_time=undefined                     
Server"                            |
| PRETTY_NAME                     | "Red Hat Enterprise Linux Server 7.9 (Maipo)"                |
| REDHAT_BUGZILLA_PRODUCT         | "Red Hat Enterprise Linux 7"                                 |
| REDHAT_BUGZILLA_PRODUCT_VERSION | 7.9                                                          |
| REDHAT_SUPPORT_PRODUCT          | "Red Hat Enterprise Linux"                                   |
| REDHAT_SUPPORT_PRODUCT_VERSION  | "7.9"                                                        |
| VARIANT                         | "Server"                                                     |
| VARIANT_ID                      | "server"                                                     |
| VERSION                         | "7.9 (Maipo)"                                                |
| VERSION_ID                      | "7.9"                                                        |
| cpu                             | Intel(R) Xeon(R) CPU E5-2680 v3 @ 2.50GHz                    |
| cpu_cores                       | 24                                                           |
| cpu_count                       | 24                                                           |
| cpu_threads                     | 24                                                           |
| date                            | 2022-11-20 02:50:21.573742                                   |
| frequency                       | scpufreq(current=2.4809999999999994, min=1200.0, max=3300.0) |
| mem.active                      | 45.1 GiB                                                     |
| mem.available                   | 192.3 GiB                                                    |
| mem.free                        | 190.7 GiB                                                    |
| mem.inactive                    | 2.5 GiB                                                      |
| mem.percent                     | 23.4 %                                                       |
| mem.total                       | 251.1 GiB                                                    |
| mem.used                        | 51.6 GiB                                                     |
| platform.version                | #1 SMP Tue Jul 26 14:15:37 UTC 2022                          |
| python                          | 3.9.8 (main, Feb  8 2022, 08:35:13)                          |
|                                 | [GCC 6.3.0]                                                  |
| python.pip                      | 22.2.2                                                       |
| python.version                  | 3.9.8                                                        |
| sys.platform                    | linux                                                        |
| uname.machine                   | x86_64                                                       |
| uname.node                      | c33                                                          |
| uname.processor                 | x86_64                                                       |
| uname.release                   | 3.10.0-1160.76.1.el7.x86_64                                  |
| uname.system                    | Linux                                                        |
| uname.version                   | #1 SMP Tue Jul 26 14:15:37 UTC 2022                          |
| user                            | haiyang                                                      |
+---------------------------------+--------------------------------------------------------------+

+---------------+----------+--------+--------+---------------------+-------------------------------------------------------------------------------------------------------------------+-------+--------+---------+-------+-------------------------------------+
| Name          | Status   |   Time |    Sum | Start               | tag                                                                                                               | msg   | Node   | User    | OS    | Version                             |
|---------------+----------+--------+--------+---------------------+-------------------------------------------------------------------------------------------------------------------+-------+--------+---------+-------+-------------------------------------|
| mpi-mergesort | ok       | 18.993 | 18.993 | 2022-11-20 02:50:02 | {'user': 'alex', 'node': 'v100', 'debug': False, 'size': 5000000, 'subsort': 'mp', 'sort': 'mpi', 'c': 8, 'p': 2} |       | c33    | haiyang | Linux | #1 SMP Tue Jul 26 14:15:37 UTC 2022 |
| mpi-generate  | ok       |  0.085 |  0.085 | 2022-11-20 02:50:02 | {'user': 'alex', 'node': 'v100', 'debug': False, 'size': 5000000, 'subsort': 'mp', 'sort': 'mpi', 'c': 8, 'p': 2} |       | c33    | haiyang | Linux | #1 SMP Tue Jul 26 14:15:37 UTC 2022 |
+---------------+----------+--------+--------+---------------------+-------------------------------------------------------------------------------------------------------------------+-------+--------+---------+-------+-------------------------------------+
# csv,timer,status,time,sum,start,tag,msg,uname.node,user,uname.system,platform.version
# csv,mpi-mergesort,ok,18.993,18.993,2022-11-20 02:50:02,{'user': 'alex', 'node': 'v100', 'debug': False, 'size': 5000000, 'subsort': 'mp', 'sort': 'mpi', 'c': 8, 'p': 2},None,c33,haiyang,Linux,#1 SMP Tue Jul 26 14:15:37 UTC 2022
# csv,mpi-generate,ok,0.085,0.085,2022-11-20 02:50:02,{'user': 'alex', 'node': 'v100', 'debug': False, 'size': 5000000, 'subsort': 'mp', 'sort': 'mpi', 'c': 8, 'p': 2},None,c33,haiyang,Linux,#1 SMP Tue Jul 26 14:15:37 UTC 2022


+---------------------------------+--------------------------------------------------------------+
| Attribute                       | Value                                                        |
|---------------------------------+--------------------------------------------------------------|
| ANSI_COLOR                      | "0;31"                                                       |
| BUG_REPORT_URL                  | "https://bugzilla.redhat.com/"                               |
| CPE_NAME                        | "cpe:/o:redhat:enterprise_linux:7.9:GA:server"               |
| HOME_URL                        | "https://www.redhat.com/"                                    |
| ID                              | "rhel"                                                       |
| ID_LIKE                         | "fedora"                                                     |
| NAME                            | "Red Hat Enterprise Linux Server"                            |
| PRETTY_NAME                     | "Red Hat Enterprise Linux Server 7.9 (Maipo)"                |
| REDHAT_BUGZILLA_PRODUCT         | "Red Hat Enterprise Linux 7"                                 |
| REDHAT_BUGZILLA_PRODUCT_VERSION | 7.9                                                          |
| REDHAT_SUPPORT_PRODUCT          | "Red Hat Enterprise Linux"                                   |
| REDHAT_SUPPORT_PRODUCT_VERSION  | "7.9"                                                        |
| VARIANT                         | "Server"                                                     |
| VARIANT_ID                      | "server"                                                     |
| VERSION                         | "7.9 (Maipo)"                                                |
| VERSION_ID                      | "7.9"                                                        |
| cpu                             | Intel(R) Xeon(R) CPU E5-2680 v3 @ 2.50GHz                    |
| cpu_cores                       | 24                                                           |
| cpu_count                       | 24                                                           |
| cpu_threads                     | 24                                                           |
| date                            | 2022-11-20 02:50:42.587933                                   |
| frequency                       | scpufreq(current=2.5863749999999994, min=1200.0, max=3300.0) |
| mem.active                      | 45.2 GiB                                                     |
| mem.available                   | 192.3 GiB                                                    |
| mem.free                        | 190.7 GiB                                                    |
| mem.inactive                    | 2.5 GiB                                                      |
| mem.percent                     | 23.4 %                                                       |
| mem.total                       | 251.1 GiB                                                    |
| mem.used                        | 51.6 GiB                                                     |
| platform.version                | #1 SMP Tue Jul 26 14:15:37 UTC 2022                          |
| python                          | 3.9.8 (main, Feb  8 2022, 08:35:13)                          |
|                                 | [GCC 6.3.0]                                                  |
| python.pip                      | 22.2.2                                                       |
| python.version                  | 3.9.8                                                        |
| sys.platform                    | linux                                                        |
| uname.machine                   | x86_64                                                       |
| uname.node                      | c33                                                          |
| uname.processor                 | x86_64                                                       |
| uname.release                   | 3.10.0-1160.76.1.el7.x86_64                                  |
| uname.system                    | Linux                                                        |
| uname.version                   | #1 SMP Tue Jul 26 14:15:37 UTC 2022                          |
| user                            | haiyang                                                      |
+---------------------------------+--------------------------------------------------------------+

+---------------+----------+--------+--------+---------------------+-------------------------------------------------------------------------------------------------------------------+-------+--------+---------+-------+-------------------------------------+
| Name          | Status   |   Time |    Sum | Start               | tag                                                                                                               | msg   | Node   | User    | OS    | Version                             |
|---------------+----------+--------+--------+---------------------+-------------------------------------------------------------------------------------------------------------------+-------+--------+---------+-------+-------------------------------------|
| mpi-mergesort | ok       | 18.308 | 18.308 | 2022-11-20 02:50:24 | {'user': 'alex', 'node': 'v100', 'debug': False, 'size': 5000000, 'subsort': 'mp', 'sort': 'mpi', 'c': 8, 'p': 2} |       | c33    | haiyang | Linux | #1 SMP Tue Jul 26 14:15:37 UTC 2022 |
| mpi-generate  | ok       |  0.086 |  0.086 | 2022-11-20 02:50:24 | {'user': 'alex', 'node': 'v100', 'debug': False, 'size': 5000000, 'subsort': 'mp', 'sort': 'mpi', 'c': 8, 'p': 2} |       | c33    | haiyang | Linux | #1 SMP Tue Jul 26 14:15:37 UTC 2022 |
+---------------+----------+--------+--------+---------------------+-------------------------------------------------------------------------------------------------------------------+-------+--------+---------+-------+-------------------------------------+
# csv,timer,status,time,sum,start,tag,msg,uname.node,user,uname.system,platform.version
# csv,mpi-mergesort,ok,18.308,18.308,2022-11-20 02:50:24,{'user': 'alex', 'node': 'v100', 'debug': False, 'size': 5000000, 'subsort': 'mp', 'sort': 'mpi', 'c': 8, 'p': 2},None,c33,haiyang,Linux,#1 SMP Tue Jul 26 14:15:37 UTC 2022
# csv,mpi-generate,ok,0.086,0.086,2022-11-20 02:50:24,{'user': 'alex', 'node': 'v100', 'debug': False, 'size': 5000000, 'subsort': 'mp', 'sort': 'mpi', 'c': 8, 'p': 2},None,c33,haiyang,Linux,#1 SMP Tue Jul 26 14:15:37 UTC 2022


+---------------------------------+--------------------------------------------------------------+
| Attribute                       | Value                                                        |
|---------------------------------+--------------------------------------------------------------|
| ANSI_COLOR                      | "0;31"                                                       |
| BUG_REPORT_URL                  | "https://bugzilla.redhat.com/"                               |
| CPE_NAME                        | "cpe:/o:redhat:enterprise_linux:7.9:GA:server"               |
| HOME_URL                        | "https://www.redhat.com/"                                    |
| ID                              | "rhel"                                                       |
| ID_LIKE                         | "fedora"                                                     |
| NAME                            | "Red Hat Enterprise Linux Server"                            |
| PRETTY_NAME                     | "Red Hat Enterprise Linux Server 7.9 (Maipo)"                |
| REDHAT_BUGZILLA_PRODUCT         | "Red Hat Enterprise Linux 7"                                 |
| REDHAT_BUGZILLA_PRODUCT_VERSION | 7.9                                                          |
| REDHAT_SUPPORT_PRODUCT          | "Red Hat Enterprise Linux"                                   |
| REDHAT_SUPPORT_PRODUCT_VERSION  | "7.9"                                                        |
| VARIANT                         | "Server"                                                     |
| VARIANT_ID                      | "server"                                                     |
| VERSION                         | "7.9 (Maipo)"                                                |
| VERSION_ID                      | "7.9"                                                        |
| cpu                             | Intel(R) Xeon(R) CPU E5-2680 v3 @ 2.50GHz                    |
| cpu_cores                       | 24                                                           |
| cpu_count                       | 24                                                           |
| cpu_threads                     | 24                                                           |
| date                            | 2022-11-20 02:51:03.334257                                   |
| frequency                       | scpufreq(current=2.4694999999999996, min=1200.0, max=3300.0) |
| mem.active                      | 45.2 GiB                                                     |
| mem.available                   | 192.3 GiB                                                    |
| mem.free                        | 190.7 GiB                                                    |
| mem.inactive                    | 2.5 GiB                                                      |
| mem.percent                     | 23.4 %                                                       |
| mem.total                       | 251.1 GiB                                                    |
| mem.used                        | 51.6 GiB                                                     |
| platform.version                | #1 SMP Tue Jul 26 14:15:37 UTC 2022                          |
| python                          | 3.9.8 (main, Feb  8 2022, 08:35:13)                          |
|                                 | [GCC 6.3.0]                                                  |
| python.pip                      | 22.2.2                                                       |
| python.version                  | 3.9.8                                                        |
| sys.platform                    | linux                                                        |
| uname.machine                   | x86_64                                                       |
| uname.node                      | c33                                                          |
| uname.processor                 | x86_64                                                       |
| uname.release                   | 3.10.0-1160.76.1.el7.x86_64                                  |
| uname.system                    | Linux                                                        |
| uname.version                   | #1 SMP Tue Jul 26 14:15:37 UTC 2022                          |
| user                            | haiyang                                                      |
+---------------------------------+--------------------------------------------------------------+

+---------------+----------+--------+--------+---------------------+-------------------------------------------------------------------------------------------------------------------+-------+--------+---------+-------+-------------------------------------+
| Name          | Status   |   Time |    Sum | Start               | tag                                                                                                               | msg   | Node   | User    | OS    | Version                             |
|---------------+----------+--------+--------+---------------------+-------------------------------------------------------------------------------------------------------------------+-------+--------+---------+-------+-------------------------------------|
| mpi-mergesort | ok       | 18.048 | 18.048 | 2022-11-20 02:50:45 | {'user': 'alex', 'node': 'v100', 'debug': False, 'size': 5000000, 'subsort': 'mp', 'sort': 'mpi', 'c': 8, 'p': 2} |       | c33    | haiyang | Linux | #1 SMP Tue Jul 26 14:15:37 UTC 2022 |
| mpi-generate  | ok       |  0.084 |  0.084 | 2022-11-20 02:50:45 | {'user': 'alex', 'node': 'v100', 'debug': False, 'size': 5000000, 'subsort': 'mp', 'sort': 'mpi', 'c': 8, 'p': 2} |       | c33    | haiyang | Linux | #1 SMP Tue Jul 26 14:15:37 UTC 2022 |
+---------------+----------+--------+--------+---------------------+-------------------------------------------------------------------------------------------------------------------+-------+--------+---------+-------+-------------------------------------+
# csv,timer,status,time,sum,start,tag,msg,uname.node,user,uname.system,platform.version
# csv,mpi-mergesort,ok,18.048,18.048,2022-11-20 02:50:45,{'user': 'alex', 'node': 'v100', 'debug': False, 'size': 5000000, 'subsort': 'mp', 'sort': 'mpi', 'c': 8, 'p': 2},None,c33,haiyang,Linux,#1 SMP Tue Jul 26 14:15:37 UTC 2022
# csv,mpi-generate,ok,0.084,0.084,2022-11-20 02:50:45,{'user': 'alex', 'node': 'v100', 'debug': False, 'size': 5000000, 'subsort': 'mp', 'sort': 'mpi', 'c': 8, 'p': 2},None,c33,haiyang,Linux,#1 SMP Tue Jul 26 14:15:37 UTC 2022


+---------------------------------+--------------------------------------------------------------+
| Attribute                       | Value                                                        |
|---------------------------------+--------------------------------------------------------------|
| ANSI_COLOR                      | "0;31"                                                       |
| BUG_REPORT_URL                  | "https://bugzilla.redhat.com/"                               |
| CPE_NAME                        | "cpe:/o:redhat:enterprise_linux:7.9:GA:server"               |
| HOME_URL                        | "https://www.redhat.com/"                                    |
| ID                              | "rhel"                                                       |
| ID_LIKE                         | "fedora"                                                     |
| NAME                            | "Red Hat Enterprise Linux Server"                            |
| PRETTY_NAME                     | "Red Hat Enterprise Linux Server 7.9 (Maipo)"                |
| REDHAT_BUGZILLA_PRODUCT         | "Red Hat Enterprise Linux 7"                                 |
| REDHAT_BUGZILLA_PRODUCT_VERSION | 7.9                                                          |
| REDHAT_SUPPORT_PRODUCT          | "Red Hat Enterprise Linux"                                   |
| REDHAT_SUPPORT_PRODUCT_VERSION  | "7.9"                                                        |
| VARIANT                         | "Server"                                                     |
| VARIANT_ID                      | "server"                                                     |
| VERSION                         | "7.9 (Maipo)"                                                |
| VERSION_ID                      | "7.9"                                                        |
| cpu                             | Intel(R) Xeon(R) CPU E5-2680 v3 @ 2.50GHz                    |
| cpu_cores                       | 24                                                           |
| cpu_count                       | 24                                                           |
| cpu_threads                     | 24                                                           |
| date                            | 2022-11-20 02:51:24.174569                                   |
| frequency                       | scpufreq(current=2.5206666666666675, min=1200.0, max=3300.0) |
| mem.active                      | 45.2 GiB                                                     |
| mem.available                   | 192.3 GiB                                                    |
| mem.free                        | 190.7 GiB                                                    |
| mem.inactive                    | 2.5 GiB                                                      |
| mem.percent                     | 23.4 %                                                       |
| mem.total                       | 251.1 GiB                                                    |
| mem.used                        | 51.6 GiB                                                     |
| platform.version                | #1 SMP Tue Jul 26 14:15:37 UTC 2022                          |
| python                          | 3.9.8 (main, Feb  8 2022, 08:35:13)                          |
|                                 | [GCC 6.3.0]                                                  |
| python.pip                      | 22.2.2                                                       |
| python.version                  | 3.9.8                                                        |
| sys.platform                    | linux                                                        |
| uname.machine                   | x86_64                                                       |
| uname.node                      | c33                                                          |
| uname.processor                 | x86_64                                                       |
| uname.release                   | 3.10.0-1160.76.1.el7.x86_64                                  |
| uname.system                    | Linux                                                        |
| uname.version                   | #1 SMP Tue Jul 26 14:15:37 UTC 2022                          |
| user                            | haiyang                                                      |
+---------------------------------+--------------------------------------------------------------+

+---------------+----------+--------+--------+---------------------+-------------------------------------------------------------------------------------------------------------------+-------+--------+---------+-------+-------------------------------------+
| Name          | Status   |   Time |    Sum | Start               | tag                                                                                                               | msg   | Node   | User    | OS    | Version                             |
|---------------+----------+--------+--------+---------------------+-------------------------------------------------------------------------------------------------------------------+-------+--------+---------+-------+-------------------------------------|
| mpi-mergesort | ok       | 18.112 | 18.112 | 2022-11-20 02:51:06 | {'user': 'alex', 'node': 'v100', 'debug': False, 'size': 5000000, 'subsort': 'mp', 'sort': 'mpi', 'c': 8, 'p': 2} |       | c33    | haiyang | Linux | #1 SMP Tue Jul 26 14:15:37 UTC 2022 |
| mpi-generate  | ok       |  0.084 |  0.084 | 2022-11-20 02:51:06 | {'user': 'alex', 'node': 'v100', 'debug': False, 'size': 5000000, 'subsort': 'mp', 'sort': 'mpi', 'c': 8, 'p': 2} |       | c33    | haiyang | Linux | #1 SMP Tue Jul 26 14:15:37 UTC 2022 |
+---------------+----------+--------+--------+---------------------+-------------------------------------------------------------------------------------------------------------------+-------+--------+---------+-------+-------------------------------------+
# csv,timer,status,time,sum,start,tag,msg,uname.node,user,uname.system,platform.version
# csv,mpi-mergesort,ok,18.112,18.112,2022-11-20 02:51:06,{'user': 'alex', 'node': 'v100', 'debug': False, 'size': 5000000, 'subsort': 'mp', 'sort': 'mpi', 'c': 8, 'p': 2},None,c33,haiyang,Linux,#1 SMP Tue Jul 26 14:15:37 UTC 2022
# csv,mpi-generate,ok,0.084,0.084,2022-11-20 02:51:06,{'user': 'alex', 'node': 'v100', 'debug': False, 'size': 5000000, 'subsort': 'mp', 'sort': 'mpi', 'c': 8, 'p': 2},None,c33,haiyang,Linux,#1 SMP Tue Jul 26 14:15:37 UTC 2022


+---------------------------------+--------------------------------------------------------------+
| Attribute                       | Value                                                        |
|---------------------------------+--------------------------------------------------------------|
| ANSI_COLOR                      | "0;31"                                                       |
| BUG_REPORT_URL                  | "https://bugzilla.redhat.com/"                               |
| CPE_NAME                        | "cpe:/o:redhat:enterprise_linux:7.9:GA:server"               |
| HOME_URL                        | "https://www.redhat.com/"                                    |
| ID                              | "rhel"                                                       |
| ID_LIKE                         | "fedora"                                                     |
| NAME                            | "Red Hat Enterprise Linux Server"                            |
| PRETTY_NAME                     | "Red Hat Enterprise Linux Server 7.9 (Maipo)"                |
| REDHAT_BUGZILLA_PRODUCT         | "Red Hat Enterprise Linux 7"                                 |
| REDHAT_BUGZILLA_PRODUCT_VERSION | 7.9                                                          |
| REDHAT_SUPPORT_PRODUCT          | "Red Hat Enterprise Linux"                                   |
| REDHAT_SUPPORT_PRODUCT_VERSION  | "7.9"                                                        |
| VARIANT                         | "Server"                                                     |
| VARIANT_ID                      | "server"                                                     |
| VERSION                         | "7.9 (Maipo)"                                                |
| VERSION_ID                      | "7.9"                                                        |
| cpu                             | Intel(R) Xeon(R) CPU E5-2680 v3 @ 2.50GHz                    |
| cpu_cores                       | 24                                                           |
| cpu_count                       | 24                                                           |
| cpu_threads                     | 24                                                           |
| date                            | 2022-11-20 02:51:45.252214                                   |
| frequency                       | scpufreq(current=2.4944166666666665, min=1200.0, max=3300.0) |
| mem.active                      | 45.2 GiB                                                     |
| mem.available                   | 192.3 GiB                                                    |
| mem.free                        | 190.7 GiB                                                    |
| mem.inactive                    | 2.5 GiB                                                      |
| mem.percent                     | 23.4 %                                                       |
| mem.total                       | 251.1 GiB                                                    |
| mem.used                        | 51.6 GiB                                                     |
| platform.version                | #1 SMP Tue Jul 26 14:15:37 UTC 2022                          |
| python                          | 3.9.8 (main, Feb  8 2022, 08:35:13)                          |
|                                 | [GCC 6.3.0]                                                  |
| python.pip                      | 22.2.2                                                       |
| python.version                  | 3.9.8                                                        |
| sys.platform                    | linux                                                        |
| uname.machine                   | x86_64                                                       |
| uname.node                      | c33                                                          |
| uname.processor                 | x86_64                                                       |
| uname.release                   | 3.10.0-1160.76.1.el7.x86_64                                  |
| uname.system                    | Linux                                                        |
| uname.version                   | #1 SMP Tue Jul 26 14:15:37 UTC 2022                          |
| user                            | haiyang                                                      |
+---------------------------------+--------------------------------------------------------------+

+---------------+----------+--------+--------+---------------------+-------------------------------------------------------------------------------------------------------------------+-------+--------+---------+-------+-------------------------------------+
| Name          | Status   |   Time |    Sum | Start               | tag                                                                                                               | msg   | Node   | User    | OS    | Version                             |
|---------------+----------+--------+--------+---------------------+-------------------------------------------------------------------------------------------------------------------+-------+--------+---------+-------+-------------------------------------|
| mpi-mergesort | ok       | 18.357 | 18.357 | 2022-11-20 02:51:26 | {'user': 'alex', 'node': 'v100', 'debug': False, 'size': 5000000, 'subsort': 'mp', 'sort': 'mpi', 'c': 8, 'p': 2} |       | c33    | haiyang | Linux | #1 SMP Tue Jul 26 14:15:37 UTC 2022 |
| mpi-generate  | ok       |  0.084 |  0.084 | 2022-11-20 02:51:26 | {'user': 'alex', 'node': 'v100', 'debug': False, 'size': 5000000, 'subsort': 'mp', 'sort': 'mpi', 'c': 8, 'p': 2} |       | c33    | haiyang | Linux | #1 SMP Tue Jul 26 14:15:37 UTC 2022 |
+---------------+----------+--------+--------+---------------------+-------------------------------------------------------------------------------------------------------------------+-------+--------+---------+-------+-------------------------------------+
# csv,timer,status,time,sum,start,tag,msg,uname.node,user,uname.system,platform.version
# csv,mpi-mergesort,ok,18.357,18.357,2022-11-20 02:51:26,{'user': 'alex', 'node': 'v100', 'debug': False, 'size': 5000000, 'subsort': 'mp', 'sort': 'mpi', 'c': 8, 'p': 2},None,c33,haiyang,Linux,#1 SMP Tue Jul 26 14:15:37 UTC 2022
# csv,mpi-generate,ok,0.084,0.084,2022-11-20 02:51:26,{'user': 'alex', 'node': 'v100', 'debug': False, 'size': 5000000, 'subsort': 'mp', 'sort': 'mpi', 'c': 8, 'p': 2},None,c33,haiyang,Linux,#1 SMP Tue Jul 26 14:15:37 UTC 2022


+---------------------------------+--------------------------------------------------+
| Attribute                       | Value                                            |
|---------------------------------+--------------------------------------------------|
| ANSI_COLOR                      | "0;31"                                           |
| BUG_REPORT_URL                  | "https://bugzilla.redhat.com/"                   |
| CPE_NAME                        | "cpe:/o:redhat:enterprise_linux:7.9:GA:server"   |
| HOME_URL                        | "https://www.redhat.com/"                        |
| ID                              | "rhel"                                           |
| ID_LIKE                         | "fedora"                                         |
| NAME                            | "Red Hat Enterprise Linux Server"                |
| PRETTY_NAME                     | "Red Hat Enterprise Linux Server 7.9 (Maipo)"    |
| REDHAT_BUGZILLA_PRODUCT         | "Red Hat Enterprise Linux 7"                     |
| REDHAT_BUGZILLA_PRODUCT_VERSION | 7.9                                              |
| REDHAT_SUPPORT_PRODUCT          | "Red Hat Enterprise Linux"                       |
| REDHAT_SUPPORT_PRODUCT_VERSION  | "7.9"                                            |
| VARIANT                         | "Server"                                         |
| VARIANT_ID                      | "server"                                         |
| VERSION                         | "7.9 (Maipo)"                                    |
| VERSION_ID                      | "7.9"                                            |
| cpu                             | Intel(R) Xeon(R) CPU E5-2680 v3 @ 2.50GHz        |
| cpu_cores                       | 24                                               |
| cpu_count                       | 24                                               |
| cpu_threads                     | 24                                               |
| date                            | 2022-11-20 02:52:06.168086                       |
| frequency                       | scpufreq(current=2.5295, min=1200.0, max=3300.0) |
| mem.active                      | 45.2 GiB                                         |
| mem.available                   | 192.3 GiB                                        |
| mem.free                        | 190.7 GiB                                        |
| mem.inactive                    | 2.5 GiB                                          |
| mem.percent                     | 23.4 %                                           |
| mem.total                       | 251.1 GiB                                        |
| mem.used                        | 51.6 GiB                                         |
| platform.version                | #1 SMP Tue Jul 26 14:15:37 UTC 2022              |
| python                          | 3.9.8 (main, Feb  8 2022, 08:35:13)              |
|                                 | [GCC 6.3.0]                                      |
| python.pip                      | 22.2.2                                           |
| python.version                  | 3.9.8                                            |
| sys.platform                    | linux                                            |
| uname.machine                   | x86_64                                           |
| uname.node                      | c33                                              |
| uname.processor                 | x86_64                                           |
| uname.release                   | 3.10.0-1160.76.1.el7.x86_64                      |
| uname.system                    | Linux                                            |
| uname.version                   | #1 SMP Tue Jul 26 14:15:37 UTC 2022              |
| user                            | haiyang                                          |
+---------------------------------+--------------------------------------------------+

+---------------+----------+--------+--------+---------------------+-------------------------------------------------------------------------------------------------------------------+-------+--------+---------+-------+-------------------------------------+
| Name          | Status   |   Time |    Sum | Start               | tag                                                                                                               | msg   | Node   | User    | OS    | Version                             |
|---------------+----------+--------+--------+---------------------+-------------------------------------------------------------------------------------------------------------------+-------+--------+---------+-------+-------------------------------------|
| mpi-mergesort | ok       | 18.176 | 18.176 | 2022-11-20 02:51:47 | {'user': 'alex', 'node': 'v100', 'debug': False, 'size': 5000000, 'subsort': 'mp', 'sort': 'mpi', 'c': 8, 'p': 2} |       | c33    | haiyang | Linux | #1 SMP Tue Jul 26 14:15:37 UTC 2022 |
| mpi-generate  | ok       |  0.084 |  0.084 | 2022-11-20 02:51:47 | {'user': 'alex', 'node': 'v100', 'debug': False, 'size': 5000000, 'subsort': 'mp', 'sort': 'mpi', 'c': 8, 'p': 2} |       | c33    | haiyang | Linux | #1 SMP Tue Jul 26 14:15:37 UTC 2022 |
+---------------+----------+--------+--------+---------------------+-------------------------------------------------------------------------------------------------------------------+-------+--------+---------+-------+-------------------------------------+
# csv,timer,status,time,sum,start,tag,msg,uname.node,user,uname.system,platform.version
# csv,mpi-mergesort,ok,18.176,18.176,2022-11-20 02:51:47,{'user': 'alex', 'node': 'v100', 'debug': False, 'size': 5000000, 'subsort': 'mp', 'sort': 'mpi', 'c': 8, 'p': 2},None,c33,haiyang,Linux,#1 SMP Tue Jul 26 14:15:37 UTC 2022
# csv,mpi-generate,ok,0.084,0.084,2022-11-20 02:51:47,{'user': 'alex', 'node': 'v100', 'debug': False, 'size': 5000000, 'subsort': 'mp', 'sort': 'mpi', 'c': 8, 'p': 2},None,c33,haiyang,Linux,#1 SMP Tue Jul 26 14:15:37 UTC 2022


+---------------------------------+--------------------------------------------------------------+
| Attribute                       | Value                                                        |
|---------------------------------+--------------------------------------------------------------|
| ANSI_COLOR                      | "0;31"                                                       |
| BUG_REPORT_URL                  | "https://bugzilla.redhat.com/"                               |
| CPE_NAME                        | "cpe:/o:redhat:enterprise_linux:7.9:GA:server"               |
| HOME_URL                        | "https://www.redhat.com/"                                    |
| ID                              | "rhel"                                                       |
| ID_LIKE                         | "fedora"                                                     |
| NAME                            | "Red Hat Enterprise Linux Server"                            |
| PRETTY_NAME                     | "Red Hat Enterprise Linux Server 7.9 (Maipo)"                |
| REDHAT_BUGZILLA_PRODUCT         | "Red Hat Enterprise Linux 7"                                 |
| REDHAT_BUGZILLA_PRODUCT_VERSION | 7.9                                                          |
| REDHAT_SUPPORT_PRODUCT          | "Red Hat Enterprise Linux"                                   |
| REDHAT_SUPPORT_PRODUCT_VERSION  | "7.9"                                                        |
| VARIANT                         | "Server"                                                     |
| VARIANT_ID                      | "server"                                                     |
| VERSION                         | "7.9 (Maipo)"                                                |
| VERSION_ID                      | "7.9"                                                        |
| cpu                             | Intel(R) Xeon(R) CPU E5-2680 v3 @ 2.50GHz                    |
| cpu_cores                       | 24                                                           |
| cpu_count                       | 24                                                           |
| cpu_threads                     | 24                                                           |
| date                            | 2022-11-20 02:52:26.988216                                   |
| frequency                       | scpufreq(current=2.4866249999999996, min=1200.0, max=3300.0) |
| mem.active                      | 45.2 GiB                                                     |
| mem.available                   | 192.3 GiB                                                    |
| mem.free                        | 190.7 GiB                                                    |
| mem.inactive                    | 2.5 GiB                                                      |
| mem.percent                     | 23.4 %                                                       |
| mem.total                       | 251.1 GiB                                                    |
| mem.used                        | 51.6 GiB                                                     |
| platform.version                | #1 SMP Tue Jul 26 14:15:37 UTC 2022                          |
| python                          | 3.9.8 (main, Feb  8 2022, 08:35:13)                          |
|                                 | [GCC 6.3.0]                                                  |
| python.pip                      | 22.2.2                                                       |
| python.version                  | 3.9.8                                                        |
| sys.platform                    | linux                                                        |
| uname.machine                   | x86_64                                                       |
| uname.node                      | c33                                                          |
| uname.processor                 | x86_64                                                       |
| uname.release                   | 3.10.0-1160.76.1.el7.x86_64                                  |
| uname.system                    | Linux                                                        |
| uname.version                   | #1 SMP Tue Jul 26 14:15:37 UTC 2022                          |
| user                            | haiyang                                                      |
+---------------------------------+--------------------------------------------------------------+

+---------------+----------+--------+--------+---------------------+-------------------------------------------------------------------------------------------------------------------+-------+--------+---------+-------+-------------------------------------+
| Name          | Status   |   Time |    Sum | Start               | tag                                                                                                               | msg   | Node   | User    | OS    | Version                             |
|---------------+----------+--------+--------+---------------------+-------------------------------------------------------------------------------------------------------------------+-------+--------+---------+-------+-------------------------------------|
| mpi-mergesort | ok       | 18.135 | 18.135 | 2022-11-20 02:52:08 | {'user': 'alex', 'node': 'v100', 'debug': False, 'size': 5000000, 'subsort': 'mp', 'sort': 'mpi', 'c': 8, 'p': 2} |       | c33    | haiyang | Linux | #1 SMP Tue Jul 26 14:15:37 UTC 2022 |
| mpi-generate  | ok       |  0.085 |  0.085 | 2022-11-20 02:52:08 | {'user': 'alex', 'node': 'v100', 'debug': False, 'size': 5000000, 'subsort': 'mp', 'sort': 'mpi', 'c': 8, 'p': 2} |       | c33    | haiyang | Linux | #1 SMP Tue Jul 26 14:15:37 UTC 2022 |
+---------------+----------+--------+--------+---------------------+-------------------------------------------------------------------------------------------------------------------+-------+--------+---------+-------+-------------------------------------+
# csv,timer,status,time,sum,start,tag,msg,uname.node,user,uname.system,platform.version
# csv,mpi-mergesort,ok,18.135,18.135,2022-11-20 02:52:08,{'user': 'alex', 'node': 'v100', 'debug': False, 'size': 5000000, 'subsort': 'mp', 'sort': 'mpi', 'c': 8, 'p': 2},None,c33,haiyang,Linux,#1 SMP Tue Jul 26 14:15:37 UTC 2022
# csv,mpi-generate,ok,0.085,0.085,2022-11-20 02:52:08,{'user': 'alex', 'node': 'v100', 'debug': False, 'size': 5000000, 'subsort': 'mp', 'sort': 'mpi', 'c': 8, 'p': 2},None,c33,haiyang,Linux,#1 SMP Tue Jul 26 14:15:37 UTC 2022


+---------------------------------+--------------------------------------------------------------+
| Attribute                       | Value                                                        |
|---------------------------------+--------------------------------------------------------------|
| ANSI_COLOR                      | "0;31"                                                       |
| BUG_REPORT_URL                  | "https://bugzilla.redhat.com/"                               |
| CPE_NAME                        | "cpe:/o:redhat:enterprise_linux:7.9:GA:server"               |
| HOME_URL                        | "https://www.redhat.com/"                                    |
| ID                              | "rhel"                                                       |
| ID_LIKE                         | "fedora"                                                     |
| NAME                            | "Red Hat Enterprise Linux Server"                            |
| PRETTY_NAME                     | "Red Hat Enterprise Linux Server 7.9 (Maipo)"                |
| REDHAT_BUGZILLA_PRODUCT         | "Red Hat Enterprise Linux 7"                                 |
| REDHAT_BUGZILLA_PRODUCT_VERSION | 7.9                                                          |
| REDHAT_SUPPORT_PRODUCT          | "Red Hat Enterprise Linux"                                   |
| REDHAT_SUPPORT_PRODUCT_VERSION  | "7.9"                                                        |
| VARIANT                         | "Server"                                                     |
| VARIANT_ID                      | "server"                                                     |
| VERSION                         | "7.9 (Maipo)"                                                |
| VERSION_ID                      | "7.9"                                                        |
| cpu                             | Intel(R) Xeon(R) CPU E5-2680 v3 @ 2.50GHz                    |
| cpu_cores                       | 24                                                           |
| cpu_count                       | 24                                                           |
| cpu_threads                     | 24                                                           |
| date                            | 2022-11-20 02:52:47.969144                                   |
| frequency                       | scpufreq(current=2.4944583333333328, min=1200.0, max=3300.0) |
| mem.active                      | 45.3 GiB                                                     |
| mem.available                   | 192.2 GiB                                                    |
| mem.free                        | 190.6 GiB                                                    |
| mem.inactive                    | 2.5 GiB                                                      |
| mem.percent                     | 23.5 %                                                       |
| mem.total                       | 251.1 GiB                                                    |
| mem.used                        | 51.7 GiB                                                     |
| platform.version                | #1 SMP Tue Jul 26 14:15:37 UTC 2022                          |
| python                          | 3.9.8 (main, Feb  8 2022, 08:35:13)                          |
|                                 | [GCC 6.3.0]                                                  |
| python.pip                      | 22.2.2                                                       |
| python.version                  | 3.9.8                                                        |
| sys.platform                    | linux                                                        |
| uname.machine                   | x86_64                                                       |
| uname.node                      | c33                                                          |
| uname.processor                 | x86_64                                                       |
| uname.release                   | 3.10.0-1160.76.1.el7.x86_64                                  |
| uname.system                    | Linux                                                        |
| uname.version                   | #1 SMP Tue Jul 26 14:15:37 UTC 2022                          |
| user                            | haiyang                                                      |
+---------------------------------+--------------------------------------------------------------+

+---------------+----------+--------+--------+---------------------+-------------------------------------------------------------------------------------------------------------------+-------+--------+---------+-------+-------------------------------------+
| Name          | Status   |   Time |    Sum | Start               | tag                                                                                                               | msg   | Node   | User    | OS    | Version                             |
|---------------+----------+--------+--------+---------------------+-------------------------------------------------------------------------------------------------------------------+-------+--------+---------+-------+-------------------------------------|
| mpi-mergesort | ok       | 18.306 | 18.306 | 2022-11-20 02:52:29 | {'user': 'alex', 'node': 'v100', 'debug': False, 'size': 5000000, 'subsort': 'mp', 'sort': 'mpi', 'c': 8, 'p': 2} |       | c33    | haiyang | Linux | #1 SMP Tue Jul 26 14:15:37 UTC 2022 |
| mpi-generate  | ok       |  0.085 |  0.085 | 2022-11-20 02:52:29 | {'user': 'alex', 'node': 'v100', 'debug': False, 'size': 5000000, 'subsort': 'mp', 'sort': 'mpi', 'c': 8, 'p': 2} |       | c33    | haiyang | Linux | #1 SMP Tue Jul 26 14:15:37 UTC 2022 |
+---------------+----------+--------+--------+---------------------+-------------------------------------------------------------------------------------------------------------------+-------+--------+---------+-------+-------------------------------------+
# csv,timer,status,time,sum,start,tag,msg,uname.node,user,uname.system,platform.version
# csv,mpi-mergesort,ok,18.306,18.306,2022-11-20 02:52:29,{'user': 'alex', 'node': 'v100', 'debug': False, 'size': 5000000, 'subsort': 'mp', 'sort': 'mpi', 'c': 8, 'p': 2},None,c33,haiyang,Linux,#1 SMP Tue Jul 26 14:15:37 UTC 2022
# csv,mpi-generate,ok,0.085,0.085,2022-11-20 02:52:29,{'user': 'alex', 'node': 'v100', 'debug': False, 'size': 5000000, 'subsort': 'mp', 'sort': 'mpi', 'c': 8, 'p': 2},None,c33,haiyang,Linux,#1 SMP Tue Jul 26 14:15:37 UTC 2022


+---------------------------------+--------------------------------------------------------------+
| Attribute                       | Value                                                        |
|---------------------------------+--------------------------------------------------------------|
| ANSI_COLOR                      | "0;31"                                                       |
| BUG_REPORT_URL                  | "https://bugzilla.redhat.com/"                               |
| CPE_NAME                        | "cpe:/o:redhat:enterprise_linux:7.9:GA:server"               |
| HOME_URL                        | "https://www.redhat.com/"                                    |
| ID                              | "rhel"                                                       |
| ID_LIKE                         | "fedora"                                                     |
| NAME                            | "Red Hat Enterprise Linux Server"                            |
| PRETTY_NAME                     | "Red Hat Enterprise Linux Server 7.9 (Maipo)"                |
| REDHAT_BUGZILLA_PRODUCT         | "Red Hat Enterprise Linux 7"                                 |
| REDHAT_BUGZILLA_PRODUCT_VERSION | 7.9                                                          |
| REDHAT_SUPPORT_PRODUCT          | "Red Hat Enterprise Linux"                                   |
| REDHAT_SUPPORT_PRODUCT_VERSION  | "7.9"                                                        |
| VARIANT                         | "Server"                                                     |
| VARIANT_ID                      | "server"                                                     |
| VERSION                         | "7.9 (Maipo)"                                                |
| VERSION_ID                      | "7.9"                                                        |
| cpu                             | Intel(R) Xeon(R) CPU E5-2680 v3 @ 2.50GHz                    |
| cpu_cores                       | 24                                                           |
| cpu_count                       | 24                                                           |
| cpu_threads                     | 24                                                           |
| date                            | 2022-11-20 02:53:08.658732                                   |
| frequency                       | scpufreq(current=2.5379166666666664, min=1200.0, max=3300.0) |
| mem.active                      | 45.2 GiB                                                     |
| mem.available                   | 192.2 GiB                                                    |
| mem.free                        | 190.7 GiB                                                    |
| mem.inactive                    | 2.5 GiB                                                      |
| mem.percent                     | 23.4 %                                                       |
| mem.total                       | 251.1 GiB                                                    |
| mem.used                        | 51.7 GiB                                                     |
| platform.version                | #1 SMP Tue Jul 26 14:15:37 UTC 2022                          |
| python                          | 3.9.8 (main, Feb  8 2022, 08:35:13)                          |
|                                 | [GCC 6.3.0]                                                  |
| python.pip                      | 22.2.2                                                       |
| python.version                  | 3.9.8                                                        |
| sys.platform                    | linux                                                        |
| uname.machine                   | x86_64                                                       |
| uname.node                      | c33                                                          |
| uname.processor                 | x86_64                                                       |
| uname.release                   | 3.10.0-1160.76.1.el7.x86_64                                  |
| uname.system                    | Linux                                                        |
| uname.version                   | #1 SMP Tue Jul 26 14:15:37 UTC 2022                          |
| user                            | haiyang                                                      |
+---------------------------------+--------------------------------------------------------------+

+---------------+----------+--------+--------+---------------------+-------------------------------------------------------------------------------------------------------------------+-------+--------+---------+-------+-------------------------------------+
| Name          | Status   |   Time |    Sum | Start               | tag                                                                                                               | msg   | Node   | User    | OS    | Version                             |
|---------------+----------+--------+--------+---------------------+-------------------------------------------------------------------------------------------------------------------+-------+--------+---------+-------+-------------------------------------|
| mpi-mergesort | ok       | 17.966 | 17.966 | 2022-11-20 02:52:50 | {'user': 'alex', 'node': 'v100', 'debug': False, 'size': 5000000, 'subsort': 'mp', 'sort': 'mpi', 'c': 8, 'p': 2} |       | c33    | haiyang | Linux | #1 SMP Tue Jul 26 14:15:37 UTC 2022 |
| mpi-generate  | ok       |  0.085 |  0.085 | 2022-11-20 02:52:50 | {'user': 'alex', 'node': 'v100', 'debug': False, 'size': 5000000, 'subsort': 'mp', 'sort': 'mpi', 'c': 8, 'p': 2} |       | c33    | haiyang | Linux | #1 SMP Tue Jul 26 14:15:37 UTC 2022 |
+---------------+----------+--------+--------+---------------------+-------------------------------------------------------------------------------------------------------------------+-------+--------+---------+-------+-------------------------------------+
# csv,timer,status,time,sum,start,tag,msg,uname.node,user,uname.system,platform.version
# csv,mpi-mergesort,ok,17.966,17.966,2022-11-20 02:52:50,{'user': 'alex', 'node': 'v100', 'debug': False, 'size': 5000000, 'subsort': 'mp', 'sort': 'mpi', 'c': 8, 'p': 2},None,c33,haiyang,Linux,#1 SMP Tue Jul 26 14:15:37 UTC 2022
# csv,mpi-generate,ok,0.085,0.085,2022-11-20 02:52:50,{'user': 'alex', 'node': 'v100', 'debug': False, 'size': 5000000, 'subsort': 'mp', 'sort': 'mpi', 'c': 8, 'p': 2},None,c33,haiyang,Linux,#1 SMP Tue Jul 26 14:15:37 UTC 2022


+---------------------------------+--------------------------------------------------------------+
| Attribute                       | Value                                                        |
|---------------------------------+--------------------------------------------------------------|
| ANSI_COLOR                      | "0;31"                                                       |
| BUG_REPORT_URL                  | "https://bugzilla.redhat.com/"                               |
| CPE_NAME                        | "cpe:/o:redhat:enterprise_linux:7.9:GA:server"               |
| HOME_URL                        | "https://www.redhat.com/"                                    |
| ID                              | "rhel"                                                       |
| ID_LIKE                         | "fedora"                                                     |
| NAME                            | "Red Hat Enterprise Linux Server"                            |
| PRETTY_NAME                     | "Red Hat Enterprise Linux Server 7.9 (Maipo)"                |
| REDHAT_BUGZILLA_PRODUCT         | "Red Hat Enterprise Linux 7"                                 |
| REDHAT_BUGZILLA_PRODUCT_VERSION | 7.9                                                          |
| REDHAT_SUPPORT_PRODUCT          | "Red Hat Enterprise Linux"                                   |
| REDHAT_SUPPORT_PRODUCT_VERSION  | "7.9"                                                        |
| VARIANT                         | "Server"                                                     |
| VARIANT_ID                      | "server"                                                     |
| VERSION                         | "7.9 (Maipo)"                                                |
| VERSION_ID                      | "7.9"                                                        |
| cpu                             | Intel(R) Xeon(R) CPU E5-2680 v3 @ 2.50GHz                    |
| cpu_cores                       | 24                                                           |
| cpu_count                       | 24                                                           |
| cpu_threads                     | 24                                                           |
| date                            | 2022-11-20 02:53:29.682846                                   |
| frequency                       | scpufreq(current=2.5266666666666664, min=1200.0, max=3300.0) |
| mem.active                      | 45.3 GiB                                                     |
| mem.available                   | 192.2 GiB                                                    |
| mem.free                        | 190.6 GiB                                                    |
| mem.inactive                    | 2.5 GiB                                                      |
| mem.percent                     | 23.5 %                                                       |
| mem.total                       | 251.1 GiB                                                    |
| mem.used                        | 51.7 GiB                                                     |
| platform.version                | #1 SMP Tue Jul 26 14:15:37 UTC 2022                          |
| python                          | 3.9.8 (main, Feb  8 2022, 08:35:13)                          |
|                                 | [GCC 6.3.0]                                                  |
| python.pip                      | 22.2.2                                                       |
| python.version                  | 3.9.8                                                        |
| sys.platform                    | linux                                                        |
| uname.machine                   | x86_64                                                       |
| uname.node                      | c33                                                          |
| uname.processor                 | x86_64                                                       |
| uname.release                   | 3.10.0-1160.76.1.el7.x86_64                                  |
| uname.system                    | Linux                                                        |
| uname.version                   | #1 SMP Tue Jul 26 14:15:37 UTC 2022                          |
| user                            | haiyang                                                      |
+---------------------------------+--------------------------------------------------------------+

+---------------+----------+--------+--------+---------------------+-------------------------------------------------------------------------------------------------------------------+-------+--------+---------+-------+-------------------------------------+
| Name          | Status   |   Time |    Sum | Start               | tag                                                                                                               | msg   | Node   | User    | OS    | Version                             |
|---------------+----------+--------+--------+---------------------+-------------------------------------------------------------------------------------------------------------------+-------+--------+---------+-------+-------------------------------------|
| mpi-mergesort | ok       | 18.278 | 18.278 | 2022-11-20 02:53:11 | {'user': 'alex', 'node': 'v100', 'debug': False, 'size': 5000000, 'subsort': 'mp', 'sort': 'mpi', 'c': 8, 'p': 2} |       | c33    | haiyang | Linux | #1 SMP Tue Jul 26 14:15:37 UTC 2022 |
| mpi-generate  | ok       |  0.085 |  0.085 | 2022-11-20 02:53:11 | {'user': 'alex', 'node': 'v100', 'debug': False, 'size': 5000000, 'subsort': 'mp', 'sort': 'mpi', 'c': 8, 'p': 2} |       | c33    | haiyang | Linux | #1 SMP Tue Jul 26 14:15:37 UTC 2022 |
+---------------+----------+--------+--------+---------------------+-------------------------------------------------------------------------------------------------------------------+-------+--------+---------+-------+-------------------------------------+
# csv,timer,status,time,sum,start,tag,msg,uname.node,user,uname.system,platform.version
# csv,mpi-mergesort,ok,18.278,18.278,2022-11-20 02:53:11,{'user': 'alex', 'node': 'v100', 'debug': False, 'size': 5000000, 'subsort': 'mp', 'sort': 'mpi', 'c': 8, 'p': 2},None,c33,haiyang,Linux,#1 SMP Tue Jul 26 14:15:37 UTC 2022
# csv,mpi-generate,ok,0.085,0.085,2022-11-20 02:53:11,{'user': 'alex', 'node': 'v100', 'debug': False, 'size': 5000000, 'subsort': 'mp', 'sort': 'mpi', 'c': 8, 'p': 2},None,c33,haiyang,Linux,#1 SMP Tue Jul 26 14:15:37 UTC 2022

