Starting experiment
Processes: 4
Cores:     7
Size:      4000000
Repeat:    10
Debug:     False
Sort:      MPI
Algorithm: mp
Tag:       None
Total:     10
Experiment 9         : size=4000000 processes=4 cores=7 repeat=0 last_time=undefined                     
Experiment 8         : size=4000000 processes=4 cores=7 repeat=1 last_time=undefined                     
Experiment 7         : size=4000000 processes=4 cores=7 repeat=2 last_time=undefined                     
Experiment 6         : size=4000000 processes=4 cores=7 repeat=3 last_time=undefined                     
Experiment 5         : size=4000000 processes=4 cores=7 repeat=4 last_time=undefined                     
Experiment 4         : size=4000000 processes=4 cores=7 repeat=5 last_time=undefined                     
Experiment 3         : size=4000000 processes=4 cores=7 repeat=6 last_time=undefined                     
Experiment 2         : size=4000000 processes=4 cores=7 repeat=7 last_time=undefined                     
Experiment 1         : size=4000000 processes=4 cores=7 repeat=8 last_time=undefined                     
Experiment 0         : size=4000000 processes=4 cores=7 repeat=9 last_time=undefined                     
Server"                            |
| PRETTY_NAME                     | "Red Hat Enterprise Linux Server 7.9 (Maipo)"                |
| REDHAT_BUGZILLA_PRODUCT         | "Red Hat Enterprise Linux 7"                                 |
| REDHAT_BUGZILLA_PRODUCT_VERSION | 7.9                                                          |
| REDHAT_SUPPORT_PRODUCT          | "Red Hat Enterprise Linux"                                   |
| REDHAT_SUPPORT_PRODUCT_VERSION  | "7.9"                                                        |
| VARIANT                         | "Server"                                                     |
| VARIANT_ID                      | "server"                                                     |
| VERSION                         | "7.9 (Maipo)"                                                |
| VERSION_ID                      | "7.9"                                                        |
| cpu                             | Intel(R) Xeon(R) CPU E5-2680 v3 @ 2.50GHz                    |
| cpu_cores                       | 24                                                           |
| cpu_count                       | 24                                                           |
| cpu_threads                     | 24                                                           |
| date                            | 2022-11-19 14:05:33.137697                                   |
| frequency                       | scpufreq(current=1.5317083333333334, min=1200.0, max=3300.0) |
| mem.active                      | 36.7 GiB                                                     |
| mem.available                   | 206.2 GiB                                                    |
| mem.free                        | 199.5 GiB                                                    |
| mem.inactive                    | 7.9 GiB                                                      |
| mem.percent                     | 17.9 %                                                       |
| mem.total                       | 251.1 GiB                                                    |
| mem.used                        | 38.0 GiB                                                     |
| platform.version                | #1 SMP Tue Jul 26 14:15:37 UTC 2022                          |
| python                          | 3.9.8 (main, Feb  8 2022, 08:35:13)                          |
|                                 | [GCC 6.3.0]                                                  |
| python.pip                      | 22.2.2                                                       |
| python.version                  | 3.9.8                                                        |
| sys.platform                    | linux                                                        |
| uname.machine                   | x86_64                                                       |
| uname.node                      | c25                                                          |
| uname.processor                 | x86_64                                                       |
| uname.release                   | 3.10.0-1160.76.1.el7.x86_64                                  |
| uname.system                    | Linux                                                        |
| uname.version                   | #1 SMP Tue Jul 26 14:15:37 UTC 2022                          |
| user                            | haiyang                                                      |
+---------------------------------+--------------------------------------------------------------+

+---------------+----------+--------+-------+---------------------+-------------------------------------------------------------------------------------------------------------------+-------+--------+---------+-------+-------------------------------------+
| Name          | Status   |   Time |   Sum | Start               | tag                                                                                                               | msg   | Node   | User    | OS    | Version                             |
|---------------+----------+--------+-------+---------------------+-------------------------------------------------------------------------------------------------------------------+-------+--------+---------+-------+-------------------------------------|
| mpi-mergesort | ok       |  7.387 | 7.387 | 2022-11-19 14:05:25 | {'user': 'alex', 'node': 'v100', 'debug': False, 'size': 4000000, 'subsort': 'mp', 'sort': 'mpi', 'c': 7, 'p': 4} |       | c25    | haiyang | Linux | #1 SMP Tue Jul 26 14:15:37 UTC 2022 |
| mpi-generate  | ok       |  0.025 | 0.025 | 2022-11-19 14:05:25 | {'user': 'alex', 'node': 'v100', 'debug': False, 'size': 4000000, 'subsort': 'mp', 'sort': 'mpi', 'c': 7, 'p': 4} |       | c25    | haiyang | Linux | #1 SMP Tue Jul 26 14:15:37 UTC 2022 |
+---------------+----------+--------+-------+---------------------+-------------------------------------------------------------------------------------------------------------------+-------+--------+---------+-------+-------------------------------------+
# csv,timer,status,time,sum,start,tag,msg,uname.node,user,uname.system,platform.version
# csv,mpi-mergesort,ok,7.387,7.387,2022-11-19 14:05:25,{'user': 'alex', 'node': 'v100', 'debug': False, 'size': 4000000, 'subsort': 'mp', 'sort': 'mpi', 'c': 7, 'p': 4},None,c25,haiyang,Linux,#1 SMP Tue Jul 26 14:15:37 UTC 2022
# csv,mpi-generate,ok,0.025,0.025,2022-11-19 14:05:25,{'user': 'alex', 'node': 'v100', 'debug': False, 'size': 4000000, 'subsort': 'mp', 'sort': 'mpi', 'c': 7, 'p': 4},None,c25,haiyang,Linux,#1 SMP Tue Jul 26 14:15:37 UTC 2022


+---------------------------------+--------------------------------------------------------------+
| Attribute                       | Value                                                        |
|---------------------------------+--------------------------------------------------------------|
| ANSI_COLOR                      | "0;31"                                                       |
| BUG_REPORT_URL                  | "https://bugzilla.redhat.com/"                               |
| CPE_NAME                        | "cpe:/o:redhat:enterprise_linux:7.9:GA:server"               |
| HOME_URL                        | "https://www.redhat.com/"                                    |
| ID                              | "rhel"                                                       |
| ID_LIKE                         | "fedora"                                                     |
| NAME                            | "Red Hat Enterprise Linux Server"                            |
| PRETTY_NAME                     | "Red Hat Enterprise Linux Server 7.9 (Maipo)"                |
| REDHAT_BUGZILLA_PRODUCT         | "Red Hat Enterprise Linux 7"                                 |
| REDHAT_BUGZILLA_PRODUCT_VERSION | 7.9                                                          |
| REDHAT_SUPPORT_PRODUCT          | "Red Hat Enterprise Linux"                                   |
| REDHAT_SUPPORT_PRODUCT_VERSION  | "7.9"                                                        |
| VARIANT                         | "Server"                                                     |
| VARIANT_ID                      | "server"                                                     |
| VERSION                         | "7.9 (Maipo)"                                                |
| VERSION_ID                      | "7.9"                                                        |
| cpu                             | Intel(R) Xeon(R) CPU E5-2680 v3 @ 2.50GHz                    |
| cpu_cores                       | 24                                                           |
| cpu_count                       | 24                                                           |
| cpu_threads                     | 24                                                           |
| date                            | 2022-11-19 14:05:43.079017                                   |
| frequency                       | scpufreq(current=1.5324583333333337, min=1200.0, max=3300.0) |
| mem.active                      | 36.7 GiB                                                     |
| mem.available                   | 206.2 GiB                                                    |
| mem.free                        | 199.5 GiB                                                    |
| mem.inactive                    | 7.9 GiB                                                      |
| mem.percent                     | 17.9 %                                                       |
| mem.total                       | 251.1 GiB                                                    |
| mem.used                        | 38.0 GiB                                                     |
| platform.version                | #1 SMP Tue Jul 26 14:15:37 UTC 2022                          |
| python                          | 3.9.8 (main, Feb  8 2022, 08:35:13)                          |
|                                 | [GCC 6.3.0]                                                  |
| python.pip                      | 22.2.2                                                       |
| python.version                  | 3.9.8                                                        |
| sys.platform                    | linux                                                        |
| uname.machine                   | x86_64                                                       |
| uname.node                      | c25                                                          |
| uname.processor                 | x86_64                                                       |
| uname.release                   | 3.10.0-1160.76.1.el7.x86_64                                  |
| uname.system                    | Linux                                                        |
| uname.version                   | #1 SMP Tue Jul 26 14:15:37 UTC 2022                          |
| user                            | haiyang                                                      |
+---------------------------------+--------------------------------------------------------------+

+---------------+----------+--------+-------+---------------------+-------------------------------------------------------------------------------------------------------------------+-------+--------+---------+-------+-------------------------------------+
| Name          | Status   |   Time |   Sum | Start               | tag                                                                                                               | msg   | Node   | User    | OS    | Version                             |
|---------------+----------+--------+-------+---------------------+-------------------------------------------------------------------------------------------------------------------+-------+--------+---------+-------+-------------------------------------|
| mpi-mergesort | ok       |  7.541 | 7.541 | 2022-11-19 14:05:35 | {'user': 'alex', 'node': 'v100', 'debug': False, 'size': 4000000, 'subsort': 'mp', 'sort': 'mpi', 'c': 7, 'p': 4} |       | c25    | haiyang | Linux | #1 SMP Tue Jul 26 14:15:37 UTC 2022 |
| mpi-generate  | ok       |  0.024 | 0.024 | 2022-11-19 14:05:35 | {'user': 'alex', 'node': 'v100', 'debug': False, 'size': 4000000, 'subsort': 'mp', 'sort': 'mpi', 'c': 7, 'p': 4} |       | c25    | haiyang | Linux | #1 SMP Tue Jul 26 14:15:37 UTC 2022 |
+---------------+----------+--------+-------+---------------------+-------------------------------------------------------------------------------------------------------------------+-------+--------+---------+-------+-------------------------------------+
# csv,timer,status,time,sum,start,tag,msg,uname.node,user,uname.system,platform.version
# csv,mpi-mergesort,ok,7.541,7.541,2022-11-19 14:05:35,{'user': 'alex', 'node': 'v100', 'debug': False, 'size': 4000000, 'subsort': 'mp', 'sort': 'mpi', 'c': 7, 'p': 4},None,c25,haiyang,Linux,#1 SMP Tue Jul 26 14:15:37 UTC 2022
# csv,mpi-generate,ok,0.024,0.024,2022-11-19 14:05:35,{'user': 'alex', 'node': 'v100', 'debug': False, 'size': 4000000, 'subsort': 'mp', 'sort': 'mpi', 'c': 7, 'p': 4},None,c25,haiyang,Linux,#1 SMP Tue Jul 26 14:15:37 UTC 2022


+---------------------------------+--------------------------------------------------------------+
| Attribute                       | Value                                                        |
|---------------------------------+--------------------------------------------------------------|
| ANSI_COLOR                      | "0;31"                                                       |
| BUG_REPORT_URL                  | "https://bugzilla.redhat.com/"                               |
| CPE_NAME                        | "cpe:/o:redhat:enterprise_linux:7.9:GA:server"               |
| HOME_URL                        | "https://www.redhat.com/"                                    |
| ID                              | "rhel"                                                       |
| ID_LIKE                         | "fedora"                                                     |
| NAME                            | "Red Hat Enterprise Linux Server"                            |
| PRETTY_NAME                     | "Red Hat Enterprise Linux Server 7.9 (Maipo)"                |
| REDHAT_BUGZILLA_PRODUCT         | "Red Hat Enterprise Linux 7"                                 |
| REDHAT_BUGZILLA_PRODUCT_VERSION | 7.9                                                          |
| REDHAT_SUPPORT_PRODUCT          | "Red Hat Enterprise Linux"                                   |
| REDHAT_SUPPORT_PRODUCT_VERSION  | "7.9"                                                        |
| VARIANT                         | "Server"                                                     |
| VARIANT_ID                      | "server"                                                     |
| VERSION                         | "7.9 (Maipo)"                                                |
| VERSION_ID                      | "7.9"                                                        |
| cpu                             | Intel(R) Xeon(R) CPU E5-2680 v3 @ 2.50GHz                    |
| cpu_cores                       | 24                                                           |
| cpu_count                       | 24                                                           |
| cpu_threads                     | 24                                                           |
| date                            | 2022-11-19 14:05:53.273997                                   |
| frequency                       | scpufreq(current=1.6579166666666663, min=1200.0, max=3300.0) |
| mem.active                      | 36.7 GiB                                                     |
| mem.available                   | 206.2 GiB                                                    |
| mem.free                        | 199.5 GiB                                                    |
| mem.inactive                    | 7.9 GiB                                                      |
| mem.percent                     | 17.9 %                                                       |
| mem.total                       | 251.1 GiB                                                    |
| mem.used                        | 38.0 GiB                                                     |
| platform.version                | #1 SMP Tue Jul 26 14:15:37 UTC 2022                          |
| python                          | 3.9.8 (main, Feb  8 2022, 08:35:13)                          |
|                                 | [GCC 6.3.0]                                                  |
| python.pip                      | 22.2.2                                                       |
| python.version                  | 3.9.8                                                        |
| sys.platform                    | linux                                                        |
| uname.machine                   | x86_64                                                       |
| uname.node                      | c25                                                          |
| uname.processor                 | x86_64                                                       |
| uname.release                   | 3.10.0-1160.76.1.el7.x86_64                                  |
| uname.system                    | Linux                                                        |
| uname.version                   | #1 SMP Tue Jul 26 14:15:37 UTC 2022                          |
| user                            | haiyang                                                      |
+---------------------------------+--------------------------------------------------------------+

+---------------+----------+--------+-------+---------------------+-------------------------------------------------------------------------------------------------------------------+-------+--------+---------+-------+-------------------------------------+
| Name          | Status   |   Time |   Sum | Start               | tag                                                                                                               | msg   | Node   | User    | OS    | Version                             |
|---------------+----------+--------+-------+---------------------+-------------------------------------------------------------------------------------------------------------------+-------+--------+---------+-------+-------------------------------------|
| mpi-mergesort | ok       |  7.448 | 7.448 | 2022-11-19 14:05:45 | {'user': 'alex', 'node': 'v100', 'debug': False, 'size': 4000000, 'subsort': 'mp', 'sort': 'mpi', 'c': 7, 'p': 4} |       | c25    | haiyang | Linux | #1 SMP Tue Jul 26 14:15:37 UTC 2022 |
| mpi-generate  | ok       |  0.025 | 0.025 | 2022-11-19 14:05:45 | {'user': 'alex', 'node': 'v100', 'debug': False, 'size': 4000000, 'subsort': 'mp', 'sort': 'mpi', 'c': 7, 'p': 4} |       | c25    | haiyang | Linux | #1 SMP Tue Jul 26 14:15:37 UTC 2022 |
+---------------+----------+--------+-------+---------------------+-------------------------------------------------------------------------------------------------------------------+-------+--------+---------+-------+-------------------------------------+
# csv,timer,status,time,sum,start,tag,msg,uname.node,user,uname.system,platform.version
# csv,mpi-mergesort,ok,7.448,7.448,2022-11-19 14:05:45,{'user': 'alex', 'node': 'v100', 'debug': False, 'size': 4000000, 'subsort': 'mp', 'sort': 'mpi', 'c': 7, 'p': 4},None,c25,haiyang,Linux,#1 SMP Tue Jul 26 14:15:37 UTC 2022
# csv,mpi-generate,ok,0.025,0.025,2022-11-19 14:05:45,{'user': 'alex', 'node': 'v100', 'debug': False, 'size': 4000000, 'subsort': 'mp', 'sort': 'mpi', 'c': 7, 'p': 4},None,c25,haiyang,Linux,#1 SMP Tue Jul 26 14:15:37 UTC 2022


+---------------------------------+--------------------------------------------------+
| Attribute                       | Value                                            |
|---------------------------------+--------------------------------------------------|
| ANSI_COLOR                      | "0;31"                                           |
| BUG_REPORT_URL                  | "https://bugzilla.redhat.com/"                   |
| CPE_NAME                        | "cpe:/o:redhat:enterprise_linux:7.9:GA:server"   |
| HOME_URL                        | "https://www.redhat.com/"                        |
| ID                              | "rhel"                                           |
| ID_LIKE                         | "fedora"                                         |
| NAME                            | "Red Hat Enterprise Linux Server"                |
| PRETTY_NAME                     | "Red Hat Enterprise Linux Server 7.9 (Maipo)"    |
| REDHAT_BUGZILLA_PRODUCT         | "Red Hat Enterprise Linux 7"                     |
| REDHAT_BUGZILLA_PRODUCT_VERSION | 7.9                                              |
| REDHAT_SUPPORT_PRODUCT          | "Red Hat Enterprise Linux"                       |
| REDHAT_SUPPORT_PRODUCT_VERSION  | "7.9"                                            |
| VARIANT                         | "Server"                                         |
| VARIANT_ID                      | "server"                                         |
| VERSION                         | "7.9 (Maipo)"                                    |
| VERSION_ID                      | "7.9"                                            |
| cpu                             | Intel(R) Xeon(R) CPU E5-2680 v3 @ 2.50GHz        |
| cpu_cores                       | 24                                               |
| cpu_count                       | 24                                               |
| cpu_threads                     | 24                                               |
| date                            | 2022-11-19 14:06:03.262936                       |
| frequency                       | scpufreq(current=1.5465, min=1200.0, max=3300.0) |
| mem.active                      | 36.7 GiB                                         |
| mem.available                   | 206.2 GiB                                        |
| mem.free                        | 199.5 GiB                                        |
| mem.inactive                    | 7.9 GiB                                          |
| mem.percent                     | 17.9 %                                           |
| mem.total                       | 251.1 GiB                                        |
| mem.used                        | 38.0 GiB                                         |
| platform.version                | #1 SMP Tue Jul 26 14:15:37 UTC 2022              |
| python                          | 3.9.8 (main, Feb  8 2022, 08:35:13)              |
|                                 | [GCC 6.3.0]                                      |
| python.pip                      | 22.2.2                                           |
| python.version                  | 3.9.8                                            |
| sys.platform                    | linux                                            |
| uname.machine                   | x86_64                                           |
| uname.node                      | c25                                              |
| uname.processor                 | x86_64                                           |
| uname.release                   | 3.10.0-1160.76.1.el7.x86_64                      |
| uname.system                    | Linux                                            |
| uname.version                   | #1 SMP Tue Jul 26 14:15:37 UTC 2022              |
| user                            | haiyang                                          |
+---------------------------------+--------------------------------------------------+

+---------------+----------+--------+-------+---------------------+-------------------------------------------------------------------------------------------------------------------+-------+--------+---------+-------+-------------------------------------+
| Name          | Status   |   Time |   Sum | Start               | tag                                                                                                               | msg   | Node   | User    | OS    | Version                             |
|---------------+----------+--------+-------+---------------------+-------------------------------------------------------------------------------------------------------------------+-------+--------+---------+-------+-------------------------------------|
| mpi-mergesort | ok       |  7.512 | 7.512 | 2022-11-19 14:05:55 | {'user': 'alex', 'node': 'v100', 'debug': False, 'size': 4000000, 'subsort': 'mp', 'sort': 'mpi', 'c': 7, 'p': 4} |       | c25    | haiyang | Linux | #1 SMP Tue Jul 26 14:15:37 UTC 2022 |
| mpi-generate  | ok       |  0.023 | 0.023 | 2022-11-19 14:05:55 | {'user': 'alex', 'node': 'v100', 'debug': False, 'size': 4000000, 'subsort': 'mp', 'sort': 'mpi', 'c': 7, 'p': 4} |       | c25    | haiyang | Linux | #1 SMP Tue Jul 26 14:15:37 UTC 2022 |
+---------------+----------+--------+-------+---------------------+-------------------------------------------------------------------------------------------------------------------+-------+--------+---------+-------+-------------------------------------+
# csv,timer,status,time,sum,start,tag,msg,uname.node,user,uname.system,platform.version
# csv,mpi-mergesort,ok,7.512,7.512,2022-11-19 14:05:55,{'user': 'alex', 'node': 'v100', 'debug': False, 'size': 4000000, 'subsort': 'mp', 'sort': 'mpi', 'c': 7, 'p': 4},None,c25,haiyang,Linux,#1 SMP Tue Jul 26 14:15:37 UTC 2022
# csv,mpi-generate,ok,0.023,0.023,2022-11-19 14:05:55,{'user': 'alex', 'node': 'v100', 'debug': False, 'size': 4000000, 'subsort': 'mp', 'sort': 'mpi', 'c': 7, 'p': 4},None,c25,haiyang,Linux,#1 SMP Tue Jul 26 14:15:37 UTC 2022


+---------------------------------+--------------------------------------------------------------+
| Attribute                       | Value                                                        |
|---------------------------------+--------------------------------------------------------------|
| ANSI_COLOR                      | "0;31"                                                       |
| BUG_REPORT_URL                  | "https://bugzilla.redhat.com/"                               |
| CPE_NAME                        | "cpe:/o:redhat:enterprise_linux:7.9:GA:server"               |
| HOME_URL                        | "https://www.redhat.com/"                                    |
| ID                              | "rhel"                                                       |
| ID_LIKE                         | "fedora"                                                     |
| NAME                            | "Red Hat Enterprise Linux Server"                            |
| PRETTY_NAME                     | "Red Hat Enterprise Linux Server 7.9 (Maipo)"                |
| REDHAT_BUGZILLA_PRODUCT         | "Red Hat Enterprise Linux 7"                                 |
| REDHAT_BUGZILLA_PRODUCT_VERSION | 7.9                                                          |
| REDHAT_SUPPORT_PRODUCT          | "Red Hat Enterprise Linux"                                   |
| REDHAT_SUPPORT_PRODUCT_VERSION  | "7.9"                                                        |
| VARIANT                         | "Server"                                                     |
| VARIANT_ID                      | "server"                                                     |
| VERSION                         | "7.9 (Maipo)"                                                |
| VERSION_ID                      | "7.9"                                                        |
| cpu                             | Intel(R) Xeon(R) CPU E5-2680 v3 @ 2.50GHz                    |
| cpu_cores                       | 24                                                           |
| cpu_count                       | 24                                                           |
| cpu_threads                     | 24                                                           |
| date                            | 2022-11-19 14:06:13.317408                                   |
| frequency                       | scpufreq(current=1.6172083333333334, min=1200.0, max=3300.0) |
| mem.active                      | 36.7 GiB                                                     |
| mem.available                   | 206.2 GiB                                                    |
| mem.free                        | 199.5 GiB                                                    |
| mem.inactive                    | 7.9 GiB                                                      |
| mem.percent                     | 17.9 %                                                       |
| mem.total                       | 251.1 GiB                                                    |
| mem.used                        | 38.0 GiB                                                     |
| platform.version                | #1 SMP Tue Jul 26 14:15:37 UTC 2022                          |
| python                          | 3.9.8 (main, Feb  8 2022, 08:35:13)                          |
|                                 | [GCC 6.3.0]                                                  |
| python.pip                      | 22.2.2                                                       |
| python.version                  | 3.9.8                                                        |
| sys.platform                    | linux                                                        |
| uname.machine                   | x86_64                                                       |
| uname.node                      | c25                                                          |
| uname.processor                 | x86_64                                                       |
| uname.release                   | 3.10.0-1160.76.1.el7.x86_64                                  |
| uname.system                    | Linux                                                        |
| uname.version                   | #1 SMP Tue Jul 26 14:15:37 UTC 2022                          |
| user                            | haiyang                                                      |
+---------------------------------+--------------------------------------------------------------+

+---------------+----------+--------+-------+---------------------+-------------------------------------------------------------------------------------------------------------------+-------+--------+---------+-------+-------------------------------------+
| Name          | Status   |   Time |   Sum | Start               | tag                                                                                                               | msg   | Node   | User    | OS    | Version                             |
|---------------+----------+--------+-------+---------------------+-------------------------------------------------------------------------------------------------------------------+-------+--------+---------+-------+-------------------------------------|
| mpi-mergesort | ok       |  7.584 | 7.584 | 2022-11-19 14:06:05 | {'user': 'alex', 'node': 'v100', 'debug': False, 'size': 4000000, 'subsort': 'mp', 'sort': 'mpi', 'c': 7, 'p': 4} |       | c25    | haiyang | Linux | #1 SMP Tue Jul 26 14:15:37 UTC 2022 |
| mpi-generate  | ok       |  0.024 | 0.024 | 2022-11-19 14:06:05 | {'user': 'alex', 'node': 'v100', 'debug': False, 'size': 4000000, 'subsort': 'mp', 'sort': 'mpi', 'c': 7, 'p': 4} |       | c25    | haiyang | Linux | #1 SMP Tue Jul 26 14:15:37 UTC 2022 |
+---------------+----------+--------+-------+---------------------+-------------------------------------------------------------------------------------------------------------------+-------+--------+---------+-------+-------------------------------------+
# csv,timer,status,time,sum,start,tag,msg,uname.node,user,uname.system,platform.version
# csv,mpi-mergesort,ok,7.584,7.584,2022-11-19 14:06:05,{'user': 'alex', 'node': 'v100', 'debug': False, 'size': 4000000, 'subsort': 'mp', 'sort': 'mpi', 'c': 7, 'p': 4},None,c25,haiyang,Linux,#1 SMP Tue Jul 26 14:15:37 UTC 2022
# csv,mpi-generate,ok,0.024,0.024,2022-11-19 14:06:05,{'user': 'alex', 'node': 'v100', 'debug': False, 'size': 4000000, 'subsort': 'mp', 'sort': 'mpi', 'c': 7, 'p': 4},None,c25,haiyang,Linux,#1 SMP Tue Jul 26 14:15:37 UTC 2022


+---------------------------------+-------------------------------------------------------------+
| Attribute                       | Value                                                       |
|---------------------------------+-------------------------------------------------------------|
| ANSI_COLOR                      | "0;31"                                                      |
| BUG_REPORT_URL                  | "https://bugzilla.redhat.com/"                              |
| CPE_NAME                        | "cpe:/o:redhat:enterprise_linux:7.9:GA:server"              |
| HOME_URL                        | "https://www.redhat.com/"                                   |
| ID                              | "rhel"                                                      |
| ID_LIKE                         | "fedora"                                                    |
| NAME                            | "Red Hat Enterprise Linux Server"                           |
| PRETTY_NAME                     | "Red Hat Enterprise Linux Server 7.9 (Maipo)"               |
| REDHAT_BUGZILLA_PRODUCT         | "Red Hat Enterprise Linux 7"                                |
| REDHAT_BUGZILLA_PRODUCT_VERSION | 7.9                                                         |
| REDHAT_SUPPORT_PRODUCT          | "Red Hat Enterprise Linux"                                  |
| REDHAT_SUPPORT_PRODUCT_VERSION  | "7.9"                                                       |
| VARIANT                         | "Server"                                                    |
| VARIANT_ID                      | "server"                                                    |
| VERSION                         | "7.9 (Maipo)"                                               |
| VERSION_ID                      | "7.9"                                                       |
| cpu                             | Intel(R) Xeon(R) CPU E5-2680 v3 @ 2.50GHz                   |
| cpu_cores                       | 24                                                          |
| cpu_count                       | 24                                                          |
| cpu_threads                     | 24                                                          |
| date                            | 2022-11-19 14:06:23.276225                                  |
| frequency                       | scpufreq(current=1.570291666666667, min=1200.0, max=3300.0) |
| mem.active                      | 36.7 GiB                                                    |
| mem.available                   | 206.2 GiB                                                   |
| mem.free                        | 199.5 GiB                                                   |
| mem.inactive                    | 7.9 GiB                                                     |
| mem.percent                     | 17.9 %                                                      |
| mem.total                       | 251.1 GiB                                                   |
| mem.used                        | 38.0 GiB                                                    |
| platform.version                | #1 SMP Tue Jul 26 14:15:37 UTC 2022                         |
| python                          | 3.9.8 (main, Feb  8 2022, 08:35:13)                         |
|                                 | [GCC 6.3.0]                                                 |
| python.pip                      | 22.2.2                                                      |
| python.version                  | 3.9.8                                                       |
| sys.platform                    | linux                                                       |
| uname.machine                   | x86_64                                                      |
| uname.node                      | c25                                                         |
| uname.processor                 | x86_64                                                      |
| uname.release                   | 3.10.0-1160.76.1.el7.x86_64                                 |
| uname.system                    | Linux                                                       |
| uname.version                   | #1 SMP Tue Jul 26 14:15:37 UTC 2022                         |
| user                            | haiyang                                                     |
+---------------------------------+-------------------------------------------------------------+

+---------------+----------+--------+-------+---------------------+-------------------------------------------------------------------------------------------------------------------+-------+--------+---------+-------+-------------------------------------+
| Name          | Status   |   Time |   Sum | Start               | tag                                                                                                               | msg   | Node   | User    | OS    | Version                             |
|---------------+----------+--------+-------+---------------------+-------------------------------------------------------------------------------------------------------------------+-------+--------+---------+-------+-------------------------------------|
| mpi-mergesort | ok       |  7.531 | 7.531 | 2022-11-19 14:06:15 | {'user': 'alex', 'node': 'v100', 'debug': False, 'size': 4000000, 'subsort': 'mp', 'sort': 'mpi', 'c': 7, 'p': 4} |       | c25    | haiyang | Linux | #1 SMP Tue Jul 26 14:15:37 UTC 2022 |
| mpi-generate  | ok       |  0.024 | 0.024 | 2022-11-19 14:06:15 | {'user': 'alex', 'node': 'v100', 'debug': False, 'size': 4000000, 'subsort': 'mp', 'sort': 'mpi', 'c': 7, 'p': 4} |       | c25    | haiyang | Linux | #1 SMP Tue Jul 26 14:15:37 UTC 2022 |
+---------------+----------+--------+-------+---------------------+-------------------------------------------------------------------------------------------------------------------+-------+--------+---------+-------+-------------------------------------+
# csv,timer,status,time,sum,start,tag,msg,uname.node,user,uname.system,platform.version
# csv,mpi-mergesort,ok,7.531,7.531,2022-11-19 14:06:15,{'user': 'alex', 'node': 'v100', 'debug': False, 'size': 4000000, 'subsort': 'mp', 'sort': 'mpi', 'c': 7, 'p': 4},None,c25,haiyang,Linux,#1 SMP Tue Jul 26 14:15:37 UTC 2022
# csv,mpi-generate,ok,0.024,0.024,2022-11-19 14:06:15,{'user': 'alex', 'node': 'v100', 'debug': False, 'size': 4000000, 'subsort': 'mp', 'sort': 'mpi', 'c': 7, 'p': 4},None,c25,haiyang,Linux,#1 SMP Tue Jul 26 14:15:37 UTC 2022


+---------------------------------+-------------------------------------------------------------+
| Attribute                       | Value                                                       |
|---------------------------------+-------------------------------------------------------------|
| ANSI_COLOR                      | "0;31"                                                      |
| BUG_REPORT_URL                  | "https://bugzilla.redhat.com/"                              |
| CPE_NAME                        | "cpe:/o:redhat:enterprise_linux:7.9:GA:server"              |
| HOME_URL                        | "https://www.redhat.com/"                                   |
| ID                              | "rhel"                                                      |
| ID_LIKE                         | "fedora"                                                    |
| NAME                            | "Red Hat Enterprise Linux Server"                           |
| PRETTY_NAME                     | "Red Hat Enterprise Linux Server 7.9 (Maipo)"               |
| REDHAT_BUGZILLA_PRODUCT         | "Red Hat Enterprise Linux 7"                                |
| REDHAT_BUGZILLA_PRODUCT_VERSION | 7.9                                                         |
| REDHAT_SUPPORT_PRODUCT          | "Red Hat Enterprise Linux"                                  |
| REDHAT_SUPPORT_PRODUCT_VERSION  | "7.9"                                                       |
| VARIANT                         | "Server"                                                    |
| VARIANT_ID                      | "server"                                                    |
| VERSION                         | "7.9 (Maipo)"                                               |
| VERSION_ID                      | "7.9"                                                       |
| cpu                             | Intel(R) Xeon(R) CPU E5-2680 v3 @ 2.50GHz                   |
| cpu_cores                       | 24                                                          |
| cpu_count                       | 24                                                          |
| cpu_threads                     | 24                                                          |
| date                            | 2022-11-19 14:06:33.218601                                  |
| frequency                       | scpufreq(current=1.564541666666667, min=1200.0, max=3300.0) |
| mem.active                      | 37.3 GiB                                                    |
| mem.available                   | 205.6 GiB                                                   |
| mem.free                        | 198.9 GiB                                                   |
| mem.inactive                    | 7.9 GiB                                                     |
| mem.percent                     | 18.1 %                                                      |
| mem.total                       | 251.1 GiB                                                   |
| mem.used                        | 38.6 GiB                                                    |
| platform.version                | #1 SMP Tue Jul 26 14:15:37 UTC 2022                         |
| python                          | 3.9.8 (main, Feb  8 2022, 08:35:13)                         |
|                                 | [GCC 6.3.0]                                                 |
| python.pip                      | 22.2.2                                                      |
| python.version                  | 3.9.8                                                       |
| sys.platform                    | linux                                                       |
| uname.machine                   | x86_64                                                      |
| uname.node                      | c25                                                         |
| uname.processor                 | x86_64                                                      |
| uname.release                   | 3.10.0-1160.76.1.el7.x86_64                                 |
| uname.system                    | Linux                                                       |
| uname.version                   | #1 SMP Tue Jul 26 14:15:37 UTC 2022                         |
| user                            | haiyang                                                     |
+---------------------------------+-------------------------------------------------------------+

+---------------+----------+--------+-------+---------------------+-------------------------------------------------------------------------------------------------------------------+-------+--------+---------+-------+-------------------------------------+
| Name          | Status   |   Time |   Sum | Start               | tag                                                                                                               | msg   | Node   | User    | OS    | Version                             |
|---------------+----------+--------+-------+---------------------+-------------------------------------------------------------------------------------------------------------------+-------+--------+---------+-------+-------------------------------------|
| mpi-mergesort | ok       |  7.506 | 7.506 | 2022-11-19 14:06:25 | {'user': 'alex', 'node': 'v100', 'debug': False, 'size': 4000000, 'subsort': 'mp', 'sort': 'mpi', 'c': 7, 'p': 4} |       | c25    | haiyang | Linux | #1 SMP Tue Jul 26 14:15:37 UTC 2022 |
| mpi-generate  | ok       |  0.024 | 0.024 | 2022-11-19 14:06:25 | {'user': 'alex', 'node': 'v100', 'debug': False, 'size': 4000000, 'subsort': 'mp', 'sort': 'mpi', 'c': 7, 'p': 4} |       | c25    | haiyang | Linux | #1 SMP Tue Jul 26 14:15:37 UTC 2022 |
+---------------+----------+--------+-------+---------------------+-------------------------------------------------------------------------------------------------------------------+-------+--------+---------+-------+-------------------------------------+
# csv,timer,status,time,sum,start,tag,msg,uname.node,user,uname.system,platform.version
# csv,mpi-mergesort,ok,7.506,7.506,2022-11-19 14:06:25,{'user': 'alex', 'node': 'v100', 'debug': False, 'size': 4000000, 'subsort': 'mp', 'sort': 'mpi', 'c': 7, 'p': 4},None,c25,haiyang,Linux,#1 SMP Tue Jul 26 14:15:37 UTC 2022
# csv,mpi-generate,ok,0.024,0.024,2022-11-19 14:06:25,{'user': 'alex', 'node': 'v100', 'debug': False, 'size': 4000000, 'subsort': 'mp', 'sort': 'mpi', 'c': 7, 'p': 4},None,c25,haiyang,Linux,#1 SMP Tue Jul 26 14:15:37 UTC 2022


+---------------------------------+--------------------------------------------------------------+
| Attribute                       | Value                                                        |
|---------------------------------+--------------------------------------------------------------|
| ANSI_COLOR                      | "0;31"                                                       |
| BUG_REPORT_URL                  | "https://bugzilla.redhat.com/"                               |
| CPE_NAME                        | "cpe:/o:redhat:enterprise_linux:7.9:GA:server"               |
| HOME_URL                        | "https://www.redhat.com/"                                    |
| ID                              | "rhel"                                                       |
| ID_LIKE                         | "fedora"                                                     |
| NAME                            | "Red Hat Enterprise Linux Server"                            |
| PRETTY_NAME                     | "Red Hat Enterprise Linux Server 7.9 (Maipo)"                |
| REDHAT_BUGZILLA_PRODUCT         | "Red Hat Enterprise Linux 7"                                 |
| REDHAT_BUGZILLA_PRODUCT_VERSION | 7.9                                                          |
| REDHAT_SUPPORT_PRODUCT          | "Red Hat Enterprise Linux"                                   |
| REDHAT_SUPPORT_PRODUCT_VERSION  | "7.9"                                                        |
| VARIANT                         | "Server"                                                     |
| VARIANT_ID                      | "server"                                                     |
| VERSION                         | "7.9 (Maipo)"                                                |
| VERSION_ID                      | "7.9"                                                        |
| cpu                             | Intel(R) Xeon(R) CPU E5-2680 v3 @ 2.50GHz                    |
| cpu_cores                       | 24                                                           |
| cpu_count                       | 24                                                           |
| cpu_threads                     | 24                                                           |
| date                            | 2022-11-19 14:06:43.223620                                   |
| frequency                       | scpufreq(current=1.5647083333333331, min=1200.0, max=3300.0) |
| mem.active                      | 37.3 GiB                                                     |
| mem.available                   | 205.5 GiB                                                    |
| mem.free                        | 198.9 GiB                                                    |
| mem.inactive                    | 7.9 GiB                                                      |
| mem.percent                     | 18.1 %                                                       |
| mem.total                       | 251.1 GiB                                                    |
| mem.used                        | 38.6 GiB                                                     |
| platform.version                | #1 SMP Tue Jul 26 14:15:37 UTC 2022                          |
| python                          | 3.9.8 (main, Feb  8 2022, 08:35:13)                          |
|                                 | [GCC 6.3.0]                                                  |
| python.pip                      | 22.2.2                                                       |
| python.version                  | 3.9.8                                                        |
| sys.platform                    | linux                                                        |
| uname.machine                   | x86_64                                                       |
| uname.node                      | c25                                                          |
| uname.processor                 | x86_64                                                       |
| uname.release                   | 3.10.0-1160.76.1.el7.x86_64                                  |
| uname.system                    | Linux                                                        |
| uname.version                   | #1 SMP Tue Jul 26 14:15:37 UTC 2022                          |
| user                            | haiyang                                                      |
+---------------------------------+--------------------------------------------------------------+

+---------------+----------+--------+-------+---------------------+-------------------------------------------------------------------------------------------------------------------+-------+--------+---------+-------+-------------------------------------+
| Name          | Status   |   Time |   Sum | Start               | tag                                                                                                               | msg   | Node   | User    | OS    | Version                             |
|---------------+----------+--------+-------+---------------------+-------------------------------------------------------------------------------------------------------------------+-------+--------+---------+-------+-------------------------------------|
| mpi-mergesort | ok       |  7.505 | 7.505 | 2022-11-19 14:06:35 | {'user': 'alex', 'node': 'v100', 'debug': False, 'size': 4000000, 'subsort': 'mp', 'sort': 'mpi', 'c': 7, 'p': 4} |       | c25    | haiyang | Linux | #1 SMP Tue Jul 26 14:15:37 UTC 2022 |
| mpi-generate  | ok       |  0.024 | 0.024 | 2022-11-19 14:06:35 | {'user': 'alex', 'node': 'v100', 'debug': False, 'size': 4000000, 'subsort': 'mp', 'sort': 'mpi', 'c': 7, 'p': 4} |       | c25    | haiyang | Linux | #1 SMP Tue Jul 26 14:15:37 UTC 2022 |
+---------------+----------+--------+-------+---------------------+-------------------------------------------------------------------------------------------------------------------+-------+--------+---------+-------+-------------------------------------+
# csv,timer,status,time,sum,start,tag,msg,uname.node,user,uname.system,platform.version
# csv,mpi-mergesort,ok,7.505,7.505,2022-11-19 14:06:35,{'user': 'alex', 'node': 'v100', 'debug': False, 'size': 4000000, 'subsort': 'mp', 'sort': 'mpi', 'c': 7, 'p': 4},None,c25,haiyang,Linux,#1 SMP Tue Jul 26 14:15:37 UTC 2022
# csv,mpi-generate,ok,0.024,0.024,2022-11-19 14:06:35,{'user': 'alex', 'node': 'v100', 'debug': False, 'size': 4000000, 'subsort': 'mp', 'sort': 'mpi', 'c': 7, 'p': 4},None,c25,haiyang,Linux,#1 SMP Tue Jul 26 14:15:37 UTC 2022


+---------------------------------+--------------------------------------------------------------+
| Attribute                       | Value                                                        |
|---------------------------------+--------------------------------------------------------------|
| ANSI_COLOR                      | "0;31"                                                       |
| BUG_REPORT_URL                  | "https://bugzilla.redhat.com/"                               |
| CPE_NAME                        | "cpe:/o:redhat:enterprise_linux:7.9:GA:server"               |
| HOME_URL                        | "https://www.redhat.com/"                                    |
| ID                              | "rhel"                                                       |
| ID_LIKE                         | "fedora"                                                     |
| NAME                            | "Red Hat Enterprise Linux Server"                            |
| PRETTY_NAME                     | "Red Hat Enterprise Linux Server 7.9 (Maipo)"                |
| REDHAT_BUGZILLA_PRODUCT         | "Red Hat Enterprise Linux 7"                                 |
| REDHAT_BUGZILLA_PRODUCT_VERSION | 7.9                                                          |
| REDHAT_SUPPORT_PRODUCT          | "Red Hat Enterprise Linux"                                   |
| REDHAT_SUPPORT_PRODUCT_VERSION  | "7.9"                                                        |
| VARIANT                         | "Server"                                                     |
| VARIANT_ID                      | "server"                                                     |
| VERSION                         | "7.9 (Maipo)"                                                |
| VERSION_ID                      | "7.9"                                                        |
| cpu                             | Intel(R) Xeon(R) CPU E5-2680 v3 @ 2.50GHz                    |
| cpu_cores                       | 24                                                           |
| cpu_count                       | 24                                                           |
| cpu_threads                     | 24                                                           |
| date                            | 2022-11-19 14:06:53.156813                                   |
| frequency                       | scpufreq(current=1.5489999999999997, min=1200.0, max=3300.0) |
| mem.active                      | 37.3 GiB                                                     |
| mem.available                   | 205.6 GiB                                                    |
| mem.free                        | 198.9 GiB                                                    |
| mem.inactive                    | 7.9 GiB                                                      |
| mem.percent                     | 18.1 %                                                       |
| mem.total                       | 251.1 GiB                                                    |
| mem.used                        | 38.6 GiB                                                     |
| platform.version                | #1 SMP Tue Jul 26 14:15:37 UTC 2022                          |
| python                          | 3.9.8 (main, Feb  8 2022, 08:35:13)                          |
|                                 | [GCC 6.3.0]                                                  |
| python.pip                      | 22.2.2                                                       |
| python.version                  | 3.9.8                                                        |
| sys.platform                    | linux                                                        |
| uname.machine                   | x86_64                                                       |
| uname.node                      | c25                                                          |
| uname.processor                 | x86_64                                                       |
| uname.release                   | 3.10.0-1160.76.1.el7.x86_64                                  |
| uname.system                    | Linux                                                        |
| uname.version                   | #1 SMP Tue Jul 26 14:15:37 UTC 2022                          |
| user                            | haiyang                                                      |
+---------------------------------+--------------------------------------------------------------+

+---------------+----------+--------+-------+---------------------+-------------------------------------------------------------------------------------------------------------------+-------+--------+---------+-------+-------------------------------------+
| Name          | Status   |   Time |   Sum | Start               | tag                                                                                                               | msg   | Node   | User    | OS    | Version                             |
|---------------+----------+--------+-------+---------------------+-------------------------------------------------------------------------------------------------------------------+-------+--------+---------+-------+-------------------------------------|
| mpi-mergesort | ok       |  7.504 | 7.504 | 2022-11-19 14:06:45 | {'user': 'alex', 'node': 'v100', 'debug': False, 'size': 4000000, 'subsort': 'mp', 'sort': 'mpi', 'c': 7, 'p': 4} |       | c25    | haiyang | Linux | #1 SMP Tue Jul 26 14:15:37 UTC 2022 |
| mpi-generate  | ok       |  0.024 | 0.024 | 2022-11-19 14:06:45 | {'user': 'alex', 'node': 'v100', 'debug': False, 'size': 4000000, 'subsort': 'mp', 'sort': 'mpi', 'c': 7, 'p': 4} |       | c25    | haiyang | Linux | #1 SMP Tue Jul 26 14:15:37 UTC 2022 |
+---------------+----------+--------+-------+---------------------+-------------------------------------------------------------------------------------------------------------------+-------+--------+---------+-------+-------------------------------------+
# csv,timer,status,time,sum,start,tag,msg,uname.node,user,uname.system,platform.version
# csv,mpi-mergesort,ok,7.504,7.504,2022-11-19 14:06:45,{'user': 'alex', 'node': 'v100', 'debug': False, 'size': 4000000, 'subsort': 'mp', 'sort': 'mpi', 'c': 7, 'p': 4},None,c25,haiyang,Linux,#1 SMP Tue Jul 26 14:15:37 UTC 2022
# csv,mpi-generate,ok,0.024,0.024,2022-11-19 14:06:45,{'user': 'alex', 'node': 'v100', 'debug': False, 'size': 4000000, 'subsort': 'mp', 'sort': 'mpi', 'c': 7, 'p': 4},None,c25,haiyang,Linux,#1 SMP Tue Jul 26 14:15:37 UTC 2022


+---------------------------------+--------------------------------------------------------------+
| Attribute                       | Value                                                        |
|---------------------------------+--------------------------------------------------------------|
| ANSI_COLOR                      | "0;31"                                                       |
| BUG_REPORT_URL                  | "https://bugzilla.redhat.com/"                               |
| CPE_NAME                        | "cpe:/o:redhat:enterprise_linux:7.9:GA:server"               |
| HOME_URL                        | "https://www.redhat.com/"                                    |
| ID                              | "rhel"                                                       |
| ID_LIKE                         | "fedora"                                                     |
| NAME                            | "Red Hat Enterprise Linux Server"                            |
| PRETTY_NAME                     | "Red Hat Enterprise Linux Server 7.9 (Maipo)"                |
| REDHAT_BUGZILLA_PRODUCT         | "Red Hat Enterprise Linux 7"                                 |
| REDHAT_BUGZILLA_PRODUCT_VERSION | 7.9                                                          |
| REDHAT_SUPPORT_PRODUCT          | "Red Hat Enterprise Linux"                                   |
| REDHAT_SUPPORT_PRODUCT_VERSION  | "7.9"                                                        |
| VARIANT                         | "Server"                                                     |
| VARIANT_ID                      | "server"                                                     |
| VERSION                         | "7.9 (Maipo)"                                                |
| VERSION_ID                      | "7.9"                                                        |
| cpu                             | Intel(R) Xeon(R) CPU E5-2680 v3 @ 2.50GHz                    |
| cpu_cores                       | 24                                                           |
| cpu_count                       | 24                                                           |
| cpu_threads                     | 24                                                           |
| date                            | 2022-11-19 14:07:03.220001                                   |
| frequency                       | scpufreq(current=1.5471666666666668, min=1200.0, max=3300.0) |
| mem.active                      | 37.4 GiB                                                     |
| mem.available                   | 205.5 GiB                                                    |
| mem.free                        | 198.9 GiB                                                    |
| mem.inactive                    | 7.9 GiB                                                      |
| mem.percent                     | 18.1 %                                                       |
| mem.total                       | 251.1 GiB                                                    |
| mem.used                        | 38.6 GiB                                                     |
| platform.version                | #1 SMP Tue Jul 26 14:15:37 UTC 2022                          |
| python                          | 3.9.8 (main, Feb  8 2022, 08:35:13)                          |
|                                 | [GCC 6.3.0]                                                  |
| python.pip                      | 22.2.2                                                       |
| python.version                  | 3.9.8                                                        |
| sys.platform                    | linux                                                        |
| uname.machine                   | x86_64                                                       |
| uname.node                      | c25                                                          |
| uname.processor                 | x86_64                                                       |
| uname.release                   | 3.10.0-1160.76.1.el7.x86_64                                  |
| uname.system                    | Linux                                                        |
| uname.version                   | #1 SMP Tue Jul 26 14:15:37 UTC 2022                          |
| user                            | haiyang                                                      |
+---------------------------------+--------------------------------------------------------------+

+---------------+----------+--------+-------+---------------------+-------------------------------------------------------------------------------------------------------------------+-------+--------+---------+-------+-------------------------------------+
| Name          | Status   |   Time |   Sum | Start               | tag                                                                                                               | msg   | Node   | User    | OS    | Version                             |
|---------------+----------+--------+-------+---------------------+-------------------------------------------------------------------------------------------------------------------+-------+--------+---------+-------+-------------------------------------|
| mpi-mergesort | ok       |  7.493 | 7.493 | 2022-11-19 14:06:55 | {'user': 'alex', 'node': 'v100', 'debug': False, 'size': 4000000, 'subsort': 'mp', 'sort': 'mpi', 'c': 7, 'p': 4} |       | c25    | haiyang | Linux | #1 SMP Tue Jul 26 14:15:37 UTC 2022 |
| mpi-generate  | ok       |  0.024 | 0.024 | 2022-11-19 14:06:55 | {'user': 'alex', 'node': 'v100', 'debug': False, 'size': 4000000, 'subsort': 'mp', 'sort': 'mpi', 'c': 7, 'p': 4} |       | c25    | haiyang | Linux | #1 SMP Tue Jul 26 14:15:37 UTC 2022 |
+---------------+----------+--------+-------+---------------------+-------------------------------------------------------------------------------------------------------------------+-------+--------+---------+-------+-------------------------------------+
# csv,timer,status,time,sum,start,tag,msg,uname.node,user,uname.system,platform.version
# csv,mpi-mergesort,ok,7.493,7.493,2022-11-19 14:06:55,{'user': 'alex', 'node': 'v100', 'debug': False, 'size': 4000000, 'subsort': 'mp', 'sort': 'mpi', 'c': 7, 'p': 4},None,c25,haiyang,Linux,#1 SMP Tue Jul 26 14:15:37 UTC 2022
# csv,mpi-generate,ok,0.024,0.024,2022-11-19 14:06:55,{'user': 'alex', 'node': 'v100', 'debug': False, 'size': 4000000, 'subsort': 'mp', 'sort': 'mpi', 'c': 7, 'p': 4},None,c25,haiyang,Linux,#1 SMP Tue Jul 26 14:15:37 UTC 2022

