Starting experiment
Processes: 2
Cores:     6
Size:      5000
Repeat:    10
Debug:     False
Sort:      MPI
Algorithm: mp
Tag:       None
Total:     10
Experiment 9         : size=5000 processes=2 cores=6 repeat=0 last_time=undefined                     
Experiment 8         : size=5000 processes=2 cores=6 repeat=1 last_time=undefined                     
Experiment 7         : size=5000 processes=2 cores=6 repeat=2 last_time=undefined                     
Experiment 6         : size=5000 processes=2 cores=6 repeat=3 last_time=undefined                     
Experiment 5         : size=5000 processes=2 cores=6 repeat=4 last_time=undefined                     
Experiment 4         : size=5000 processes=2 cores=6 repeat=5 last_time=undefined                     
Experiment 3         : size=5000 processes=2 cores=6 repeat=6 last_time=undefined                     
Experiment 2         : size=5000 processes=2 cores=6 repeat=7 last_time=undefined                     
Experiment 1         : size=5000 processes=2 cores=6 repeat=8 last_time=undefined                     
Experiment 0         : size=5000 processes=2 cores=6 repeat=9 last_time=undefined                     
 "Red Hat Enterprise Linux Server"                            |
| PRETTY_NAME                     | "Red Hat Enterprise Linux Server 7.9 (Maipo)"                |
| REDHAT_BUGZILLA_PRODUCT         | "Red Hat Enterprise Linux 7"                                 |
| REDHAT_BUGZILLA_PRODUCT_VERSION | 7.9                                                          |
| REDHAT_SUPPORT_PRODUCT          | "Red Hat Enterprise Linux"                                   |
| REDHAT_SUPPORT_PRODUCT_VERSION  | "7.9"                                                        |
| VARIANT                         | "Server"                                                     |
| VARIANT_ID                      | "server"                                                     |
| VERSION                         | "7.9 (Maipo)"                                                |
| VERSION_ID                      | "7.9"                                                        |
| cpu                             | Intel(R) Xeon(R) CPU E5-2680 v3 @ 2.50GHz                    |
| cpu_cores                       | 24                                                           |
| cpu_count                       | 24                                                           |
| cpu_threads                     | 24                                                           |
| date                            | 2022-11-20 02:30:05.484653                                   |
| frequency                       | scpufreq(current=2.5198749999999994, min=1200.0, max=3300.0) |
| mem.active                      | 44.6 GiB                                                     |
| mem.available                   | 192.9 GiB                                                    |
| mem.free                        | 191.5 GiB                                                    |
| mem.inactive                    | 2.3 GiB                                                      |
| mem.percent                     | 23.2 %                                                       |
| mem.total                       | 251.1 GiB                                                    |
| mem.used                        | 51.0 GiB                                                     |
| platform.version                | #1 SMP Tue Jul 26 14:15:37 UTC 2022                          |
| python                          | 3.9.8 (main, Feb  8 2022, 08:35:13)                          |
|                                 | [GCC 6.3.0]                                                  |
| python.pip                      | 22.2.2                                                       |
| python.version                  | 3.9.8                                                        |
| sys.platform                    | linux                                                        |
| uname.machine                   | x86_64                                                       |
| uname.node                      | c33                                                          |
| uname.processor                 | x86_64                                                       |
| uname.release                   | 3.10.0-1160.76.1.el7.x86_64                                  |
| uname.system                    | Linux                                                        |
| uname.version                   | #1 SMP Tue Jul 26 14:15:37 UTC 2022                          |
| user                            | haiyang                                                      |
+---------------------------------+--------------------------------------------------------------+

+---------------+----------+--------+-------+---------------------+----------------------------------------------------------------------------------------------------------------+-------+--------+---------+-------+-------------------------------------+
| Name          | Status   |   Time |   Sum | Start               | tag                                                                                                            | msg   | Node   | User    | OS    | Version                             |
|---------------+----------+--------+-------+---------------------+----------------------------------------------------------------------------------------------------------------+-------+--------+---------+-------+-------------------------------------|
| mpi-mergesort | ok       |  0.291 | 0.291 | 2022-11-20 02:30:05 | {'user': 'alex', 'node': 'v100', 'debug': False, 'size': 5000, 'subsort': 'mp', 'sort': 'mpi', 'c': 6, 'p': 2} |       | c33    | haiyang | Linux | #1 SMP Tue Jul 26 14:15:37 UTC 2022 |
| mpi-generate  | ok       |  0     | 0     | 2022-11-20 02:30:05 | {'user': 'alex', 'node': 'v100', 'debug': False, 'size': 5000, 'subsort': 'mp', 'sort': 'mpi', 'c': 6, 'p': 2} |       | c33    | haiyang | Linux | #1 SMP Tue Jul 26 14:15:37 UTC 2022 |
+---------------+----------+--------+-------+---------------------+----------------------------------------------------------------------------------------------------------------+-------+--------+---------+-------+-------------------------------------+
# csv,timer,status,time,sum,start,tag,msg,uname.node,user,uname.system,platform.version
# csv,mpi-mergesort,ok,0.291,0.291,2022-11-20 02:30:05,{'user': 'alex', 'node': 'v100', 'debug': False, 'size': 5000, 'subsort': 'mp', 'sort': 'mpi', 'c': 6, 'p': 2},None,c33,haiyang,Linux,#1 SMP Tue Jul 26 14:15:37 UTC 2022
# csv,mpi-generate,ok,0.0,0.0,2022-11-20 02:30:05,{'user': 'alex', 'node': 'v100', 'debug': False, 'size': 5000, 'subsort': 'mp', 'sort': 'mpi', 'c': 6, 'p': 2},None,c33,haiyang,Linux,#1 SMP Tue Jul 26 14:15:37 UTC 2022


+---------------------------------+----------------------------------------------------+
| Attribute                       | Value                                              |
|---------------------------------+----------------------------------------------------|
| ANSI_COLOR                      | "0;31"                                             |
| BUG_REPORT_URL                  | "https://bugzilla.redhat.com/"                     |
| CPE_NAME                        | "cpe:/o:redhat:enterprise_linux:7.9:GA:server"     |
| HOME_URL                        | "https://www.redhat.com/"                          |
| ID                              | "rhel"                                             |
| ID_LIKE                         | "fedora"                                           |
| NAME                            | "Red Hat Enterprise Linux Server"                  |
| PRETTY_NAME                     | "Red Hat Enterprise Linux Server 7.9 (Maipo)"      |
| REDHAT_BUGZILLA_PRODUCT         | "Red Hat Enterprise Linux 7"                       |
| REDHAT_BUGZILLA_PRODUCT_VERSION | 7.9                                                |
| REDHAT_SUPPORT_PRODUCT          | "Red Hat Enterprise Linux"                         |
| REDHAT_SUPPORT_PRODUCT_VERSION  | "7.9"                                              |
| VARIANT                         | "Server"                                           |
| VARIANT_ID                      | "server"                                           |
| VERSION                         | "7.9 (Maipo)"                                      |
| VERSION_ID                      | "7.9"                                              |
| cpu                             | Intel(R) Xeon(R) CPU E5-2680 v3 @ 2.50GHz          |
| cpu_cores                       | 24                                                 |
| cpu_count                       | 24                                                 |
| cpu_threads                     | 24                                                 |
| date                            | 2022-11-20 02:30:08.419333                         |
| frequency                       | scpufreq(current=2.501875, min=1200.0, max=3300.0) |
| mem.active                      | 44.6 GiB                                           |
| mem.available                   | 192.9 GiB                                          |
| mem.free                        | 191.5 GiB                                          |
| mem.inactive                    | 2.3 GiB                                            |
| mem.percent                     | 23.2 %                                             |
| mem.total                       | 251.1 GiB                                          |
| mem.used                        | 51.0 GiB                                           |
| platform.version                | #1 SMP Tue Jul 26 14:15:37 UTC 2022                |
| python                          | 3.9.8 (main, Feb  8 2022, 08:35:13)                |
|                                 | [GCC 6.3.0]                                        |
| python.pip                      | 22.2.2                                             |
| python.version                  | 3.9.8                                              |
| sys.platform                    | linux                                              |
| uname.machine                   | x86_64                                             |
| uname.node                      | c33                                                |
| uname.processor                 | x86_64                                             |
| uname.release                   | 3.10.0-1160.76.1.el7.x86_64                        |
| uname.system                    | Linux                                              |
| uname.version                   | #1 SMP Tue Jul 26 14:15:37 UTC 2022                |
| user                            | haiyang                                            |
+---------------------------------+----------------------------------------------------+

+---------------+----------+--------+-------+---------------------+----------------------------------------------------------------------------------------------------------------+-------+--------+---------+-------+-------------------------------------+
| Name          | Status   |   Time |   Sum | Start               | tag                                                                                                            | msg   | Node   | User    | OS    | Version                             |
|---------------+----------+--------+-------+---------------------+----------------------------------------------------------------------------------------------------------------+-------+--------+---------+-------+-------------------------------------|
| mpi-mergesort | ok       |  0.297 | 0.297 | 2022-11-20 02:30:08 | {'user': 'alex', 'node': 'v100', 'debug': False, 'size': 5000, 'subsort': 'mp', 'sort': 'mpi', 'c': 6, 'p': 2} |       | c33    | haiyang | Linux | #1 SMP Tue Jul 26 14:15:37 UTC 2022 |
| mpi-generate  | ok       |  0     | 0     | 2022-11-20 02:30:08 | {'user': 'alex', 'node': 'v100', 'debug': False, 'size': 5000, 'subsort': 'mp', 'sort': 'mpi', 'c': 6, 'p': 2} |       | c33    | haiyang | Linux | #1 SMP Tue Jul 26 14:15:37 UTC 2022 |
+---------------+----------+--------+-------+---------------------+----------------------------------------------------------------------------------------------------------------+-------+--------+---------+-------+-------------------------------------+
# csv,timer,status,time,sum,start,tag,msg,uname.node,user,uname.system,platform.version
# csv,mpi-mergesort,ok,0.297,0.297,2022-11-20 02:30:08,{'user': 'alex', 'node': 'v100', 'debug': False, 'size': 5000, 'subsort': 'mp', 'sort': 'mpi', 'c': 6, 'p': 2},None,c33,haiyang,Linux,#1 SMP Tue Jul 26 14:15:37 UTC 2022
# csv,mpi-generate,ok,0.0,0.0,2022-11-20 02:30:08,{'user': 'alex', 'node': 'v100', 'debug': False, 'size': 5000, 'subsort': 'mp', 'sort': 'mpi', 'c': 6, 'p': 2},None,c33,haiyang,Linux,#1 SMP Tue Jul 26 14:15:37 UTC 2022


+---------------------------------+--------------------------------------------------------------+
| Attribute                       | Value                                                        |
|---------------------------------+--------------------------------------------------------------|
| ANSI_COLOR                      | "0;31"                                                       |
| BUG_REPORT_URL                  | "https://bugzilla.redhat.com/"                               |
| CPE_NAME                        | "cpe:/o:redhat:enterprise_linux:7.9:GA:server"               |
| HOME_URL                        | "https://www.redhat.com/"                                    |
| ID                              | "rhel"                                                       |
| ID_LIKE                         | "fedora"                                                     |
| NAME                            | "Red Hat Enterprise Linux Server"                            |
| PRETTY_NAME                     | "Red Hat Enterprise Linux Server 7.9 (Maipo)"                |
| REDHAT_BUGZILLA_PRODUCT         | "Red Hat Enterprise Linux 7"                                 |
| REDHAT_BUGZILLA_PRODUCT_VERSION | 7.9                                                          |
| REDHAT_SUPPORT_PRODUCT          | "Red Hat Enterprise Linux"                                   |
| REDHAT_SUPPORT_PRODUCT_VERSION  | "7.9"                                                        |
| VARIANT                         | "Server"                                                     |
| VARIANT_ID                      | "server"                                                     |
| VERSION                         | "7.9 (Maipo)"                                                |
| VERSION_ID                      | "7.9"                                                        |
| cpu                             | Intel(R) Xeon(R) CPU E5-2680 v3 @ 2.50GHz                    |
| cpu_cores                       | 24                                                           |
| cpu_count                       | 24                                                           |
| cpu_threads                     | 24                                                           |
| date                            | 2022-11-20 02:30:11.316857                                   |
| frequency                       | scpufreq(current=2.4865833333333334, min=1200.0, max=3300.0) |
| mem.active                      | 44.6 GiB                                                     |
| mem.available                   | 192.9 GiB                                                    |
| mem.free                        | 191.5 GiB                                                    |
| mem.inactive                    | 2.3 GiB                                                      |
| mem.percent                     | 23.2 %                                                       |
| mem.total                       | 251.1 GiB                                                    |
| mem.used                        | 51.0 GiB                                                     |
| platform.version                | #1 SMP Tue Jul 26 14:15:37 UTC 2022                          |
| python                          | 3.9.8 (main, Feb  8 2022, 08:35:13)                          |
|                                 | [GCC 6.3.0]                                                  |
| python.pip                      | 22.2.2                                                       |
| python.version                  | 3.9.8                                                        |
| sys.platform                    | linux                                                        |
| uname.machine                   | x86_64                                                       |
| uname.node                      | c33                                                          |
| uname.processor                 | x86_64                                                       |
| uname.release                   | 3.10.0-1160.76.1.el7.x86_64                                  |
| uname.system                    | Linux                                                        |
| uname.version                   | #1 SMP Tue Jul 26 14:15:37 UTC 2022                          |
| user                            | haiyang                                                      |
+---------------------------------+--------------------------------------------------------------+

+---------------+----------+--------+-------+---------------------+----------------------------------------------------------------------------------------------------------------+-------+--------+---------+-------+-------------------------------------+
| Name          | Status   |   Time |   Sum | Start               | tag                                                                                                            | msg   | Node   | User    | OS    | Version                             |
|---------------+----------+--------+-------+---------------------+----------------------------------------------------------------------------------------------------------------+-------+--------+---------+-------+-------------------------------------|
| mpi-mergesort | ok       |  0.258 | 0.258 | 2022-11-20 02:30:11 | {'user': 'alex', 'node': 'v100', 'debug': False, 'size': 5000, 'subsort': 'mp', 'sort': 'mpi', 'c': 6, 'p': 2} |       | c33    | haiyang | Linux | #1 SMP Tue Jul 26 14:15:37 UTC 2022 |
| mpi-generate  | ok       |  0     | 0     | 2022-11-20 02:30:11 | {'user': 'alex', 'node': 'v100', 'debug': False, 'size': 5000, 'subsort': 'mp', 'sort': 'mpi', 'c': 6, 'p': 2} |       | c33    | haiyang | Linux | #1 SMP Tue Jul 26 14:15:37 UTC 2022 |
+---------------+----------+--------+-------+---------------------+----------------------------------------------------------------------------------------------------------------+-------+--------+---------+-------+-------------------------------------+
# csv,timer,status,time,sum,start,tag,msg,uname.node,user,uname.system,platform.version
# csv,mpi-mergesort,ok,0.258,0.258,2022-11-20 02:30:11,{'user': 'alex', 'node': 'v100', 'debug': False, 'size': 5000, 'subsort': 'mp', 'sort': 'mpi', 'c': 6, 'p': 2},None,c33,haiyang,Linux,#1 SMP Tue Jul 26 14:15:37 UTC 2022
# csv,mpi-generate,ok,0.0,0.0,2022-11-20 02:30:11,{'user': 'alex', 'node': 'v100', 'debug': False, 'size': 5000, 'subsort': 'mp', 'sort': 'mpi', 'c': 6, 'p': 2},None,c33,haiyang,Linux,#1 SMP Tue Jul 26 14:15:37 UTC 2022


+---------------------------------+-------------------------------------------------------------+
| Attribute                       | Value                                                       |
|---------------------------------+-------------------------------------------------------------|
| ANSI_COLOR                      | "0;31"                                                      |
| BUG_REPORT_URL                  | "https://bugzilla.redhat.com/"                              |
| CPE_NAME                        | "cpe:/o:redhat:enterprise_linux:7.9:GA:server"              |
| HOME_URL                        | "https://www.redhat.com/"                                   |
| ID                              | "rhel"                                                      |
| ID_LIKE                         | "fedora"                                                    |
| NAME                            | "Red Hat Enterprise Linux Server"                           |
| PRETTY_NAME                     | "Red Hat Enterprise Linux Server 7.9 (Maipo)"               |
| REDHAT_BUGZILLA_PRODUCT         | "Red Hat Enterprise Linux 7"                                |
| REDHAT_BUGZILLA_PRODUCT_VERSION | 7.9                                                         |
| REDHAT_SUPPORT_PRODUCT          | "Red Hat Enterprise Linux"                                  |
| REDHAT_SUPPORT_PRODUCT_VERSION  | "7.9"                                                       |
| VARIANT                         | "Server"                                                    |
| VARIANT_ID                      | "server"                                                    |
| VERSION                         | "7.9 (Maipo)"                                               |
| VERSION_ID                      | "7.9"                                                       |
| cpu                             | Intel(R) Xeon(R) CPU E5-2680 v3 @ 2.50GHz                   |
| cpu_cores                       | 24                                                          |
| cpu_count                       | 24                                                          |
| cpu_threads                     | 24                                                          |
| date                            | 2022-11-20 02:30:14.255859                                  |
| frequency                       | scpufreq(current=2.518833333333333, min=1200.0, max=3300.0) |
| mem.active                      | 44.6 GiB                                                    |
| mem.available                   | 192.9 GiB                                                   |
| mem.free                        | 191.5 GiB                                                   |
| mem.inactive                    | 2.3 GiB                                                     |
| mem.percent                     | 23.2 %                                                      |
| mem.total                       | 251.1 GiB                                                   |
| mem.used                        | 51.0 GiB                                                    |
| platform.version                | #1 SMP Tue Jul 26 14:15:37 UTC 2022                         |
| python                          | 3.9.8 (main, Feb  8 2022, 08:35:13)                         |
|                                 | [GCC 6.3.0]                                                 |
| python.pip                      | 22.2.2                                                      |
| python.version                  | 3.9.8                                                       |
| sys.platform                    | linux                                                       |
| uname.machine                   | x86_64                                                      |
| uname.node                      | c33                                                         |
| uname.processor                 | x86_64                                                      |
| uname.release                   | 3.10.0-1160.76.1.el7.x86_64                                 |
| uname.system                    | Linux                                                       |
| uname.version                   | #1 SMP Tue Jul 26 14:15:37 UTC 2022                         |
| user                            | haiyang                                                     |
+---------------------------------+-------------------------------------------------------------+

+---------------+----------+--------+-------+---------------------+----------------------------------------------------------------------------------------------------------------+-------+--------+---------+-------+-------------------------------------+
| Name          | Status   |   Time |   Sum | Start               | tag                                                                                                            | msg   | Node   | User    | OS    | Version                             |
|---------------+----------+--------+-------+---------------------+----------------------------------------------------------------------------------------------------------------+-------+--------+---------+-------+-------------------------------------|
| mpi-mergesort | ok       |  0.355 | 0.355 | 2022-11-20 02:30:13 | {'user': 'alex', 'node': 'v100', 'debug': False, 'size': 5000, 'subsort': 'mp', 'sort': 'mpi', 'c': 6, 'p': 2} |       | c33    | haiyang | Linux | #1 SMP Tue Jul 26 14:15:37 UTC 2022 |
| mpi-generate  | ok       |  0     | 0     | 2022-11-20 02:30:13 | {'user': 'alex', 'node': 'v100', 'debug': False, 'size': 5000, 'subsort': 'mp', 'sort': 'mpi', 'c': 6, 'p': 2} |       | c33    | haiyang | Linux | #1 SMP Tue Jul 26 14:15:37 UTC 2022 |
+---------------+----------+--------+-------+---------------------+----------------------------------------------------------------------------------------------------------------+-------+--------+---------+-------+-------------------------------------+
# csv,timer,status,time,sum,start,tag,msg,uname.node,user,uname.system,platform.version
# csv,mpi-mergesort,ok,0.355,0.355,2022-11-20 02:30:13,{'user': 'alex', 'node': 'v100', 'debug': False, 'size': 5000, 'subsort': 'mp', 'sort': 'mpi', 'c': 6, 'p': 2},None,c33,haiyang,Linux,#1 SMP Tue Jul 26 14:15:37 UTC 2022
# csv,mpi-generate,ok,0.0,0.0,2022-11-20 02:30:13,{'user': 'alex', 'node': 'v100', 'debug': False, 'size': 5000, 'subsort': 'mp', 'sort': 'mpi', 'c': 6, 'p': 2},None,c33,haiyang,Linux,#1 SMP Tue Jul 26 14:15:37 UTC 2022


+---------------------------------+----------------------------------------------------+
| Attribute                       | Value                                              |
|---------------------------------+----------------------------------------------------|
| ANSI_COLOR                      | "0;31"                                             |
| BUG_REPORT_URL                  | "https://bugzilla.redhat.com/"                     |
| CPE_NAME                        | "cpe:/o:redhat:enterprise_linux:7.9:GA:server"     |
| HOME_URL                        | "https://www.redhat.com/"                          |
| ID                              | "rhel"                                             |
| ID_LIKE                         | "fedora"                                           |
| NAME                            | "Red Hat Enterprise Linux Server"                  |
| PRETTY_NAME                     | "Red Hat Enterprise Linux Server 7.9 (Maipo)"      |
| REDHAT_BUGZILLA_PRODUCT         | "Red Hat Enterprise Linux 7"                       |
| REDHAT_BUGZILLA_PRODUCT_VERSION | 7.9                                                |
| REDHAT_SUPPORT_PRODUCT          | "Red Hat Enterprise Linux"                         |
| REDHAT_SUPPORT_PRODUCT_VERSION  | "7.9"                                              |
| VARIANT                         | "Server"                                           |
| VARIANT_ID                      | "server"                                           |
| VERSION                         | "7.9 (Maipo)"                                      |
| VERSION_ID                      | "7.9"                                              |
| cpu                             | Intel(R) Xeon(R) CPU E5-2680 v3 @ 2.50GHz          |
| cpu_cores                       | 24                                                 |
| cpu_count                       | 24                                                 |
| cpu_threads                     | 24                                                 |
| date                            | 2022-11-20 02:30:17.171118                         |
| frequency                       | scpufreq(current=2.498375, min=1200.0, max=3300.0) |
| mem.active                      | 44.6 GiB                                           |
| mem.available                   | 192.9 GiB                                          |
| mem.free                        | 191.5 GiB                                          |
| mem.inactive                    | 2.3 GiB                                            |
| mem.percent                     | 23.2 %                                             |
| mem.total                       | 251.1 GiB                                          |
| mem.used                        | 51.0 GiB                                           |
| platform.version                | #1 SMP Tue Jul 26 14:15:37 UTC 2022                |
| python                          | 3.9.8 (main, Feb  8 2022, 08:35:13)                |
|                                 | [GCC 6.3.0]                                        |
| python.pip                      | 22.2.2                                             |
| python.version                  | 3.9.8                                              |
| sys.platform                    | linux                                              |
| uname.machine                   | x86_64                                             |
| uname.node                      | c33                                                |
| uname.processor                 | x86_64                                             |
| uname.release                   | 3.10.0-1160.76.1.el7.x86_64                        |
| uname.system                    | Linux                                              |
| uname.version                   | #1 SMP Tue Jul 26 14:15:37 UTC 2022                |
| user                            | haiyang                                            |
+---------------------------------+----------------------------------------------------+

+---------------+----------+--------+-------+---------------------+----------------------------------------------------------------------------------------------------------------+-------+--------+---------+-------+-------------------------------------+
| Name          | Status   |   Time |   Sum | Start               | tag                                                                                                            | msg   | Node   | User    | OS    | Version                             |
|---------------+----------+--------+-------+---------------------+----------------------------------------------------------------------------------------------------------------+-------+--------+---------+-------+-------------------------------------|
| mpi-mergesort | ok       |  0.327 | 0.327 | 2022-11-20 02:30:16 | {'user': 'alex', 'node': 'v100', 'debug': False, 'size': 5000, 'subsort': 'mp', 'sort': 'mpi', 'c': 6, 'p': 2} |       | c33    | haiyang | Linux | #1 SMP Tue Jul 26 14:15:37 UTC 2022 |
| mpi-generate  | ok       |  0     | 0     | 2022-11-20 02:30:16 | {'user': 'alex', 'node': 'v100', 'debug': False, 'size': 5000, 'subsort': 'mp', 'sort': 'mpi', 'c': 6, 'p': 2} |       | c33    | haiyang | Linux | #1 SMP Tue Jul 26 14:15:37 UTC 2022 |
+---------------+----------+--------+-------+---------------------+----------------------------------------------------------------------------------------------------------------+-------+--------+---------+-------+-------------------------------------+
# csv,timer,status,time,sum,start,tag,msg,uname.node,user,uname.system,platform.version
# csv,mpi-mergesort,ok,0.327,0.327,2022-11-20 02:30:16,{'user': 'alex', 'node': 'v100', 'debug': False, 'size': 5000, 'subsort': 'mp', 'sort': 'mpi', 'c': 6, 'p': 2},None,c33,haiyang,Linux,#1 SMP Tue Jul 26 14:15:37 UTC 2022
# csv,mpi-generate,ok,0.0,0.0,2022-11-20 02:30:16,{'user': 'alex', 'node': 'v100', 'debug': False, 'size': 5000, 'subsort': 'mp', 'sort': 'mpi', 'c': 6, 'p': 2},None,c33,haiyang,Linux,#1 SMP Tue Jul 26 14:15:37 UTC 2022


+---------------------------------+--------------------------------------------------------------+
| Attribute                       | Value                                                        |
|---------------------------------+--------------------------------------------------------------|
| ANSI_COLOR                      | "0;31"                                                       |
| BUG_REPORT_URL                  | "https://bugzilla.redhat.com/"                               |
| CPE_NAME                        | "cpe:/o:redhat:enterprise_linux:7.9:GA:server"               |
| HOME_URL                        | "https://www.redhat.com/"                                    |
| ID                              | "rhel"                                                       |
| ID_LIKE                         | "fedora"                                                     |
| NAME                            | "Red Hat Enterprise Linux Server"                            |
| PRETTY_NAME                     | "Red Hat Enterprise Linux Server 7.9 (Maipo)"                |
| REDHAT_BUGZILLA_PRODUCT         | "Red Hat Enterprise Linux 7"                                 |
| REDHAT_BUGZILLA_PRODUCT_VERSION | 7.9                                                          |
| REDHAT_SUPPORT_PRODUCT          | "Red Hat Enterprise Linux"                                   |
| REDHAT_SUPPORT_PRODUCT_VERSION  | "7.9"                                                        |
| VARIANT                         | "Server"                                                     |
| VARIANT_ID                      | "server"                                                     |
| VERSION                         | "7.9 (Maipo)"                                                |
| VERSION_ID                      | "7.9"                                                        |
| cpu                             | Intel(R) Xeon(R) CPU E5-2680 v3 @ 2.50GHz                    |
| cpu_cores                       | 24                                                           |
| cpu_count                       | 24                                                           |
| cpu_threads                     | 24                                                           |
| date                            | 2022-11-20 02:30:20.064007                                   |
| frequency                       | scpufreq(current=2.5300416666666665, min=1200.0, max=3300.0) |
| mem.active                      | 44.6 GiB                                                     |
| mem.available                   | 192.9 GiB                                                    |
| mem.free                        | 191.5 GiB                                                    |
| mem.inactive                    | 2.3 GiB                                                      |
| mem.percent                     | 23.2 %                                                       |
| mem.total                       | 251.1 GiB                                                    |
| mem.used                        | 51.0 GiB                                                     |
| platform.version                | #1 SMP Tue Jul 26 14:15:37 UTC 2022                          |
| python                          | 3.9.8 (main, Feb  8 2022, 08:35:13)                          |
|                                 | [GCC 6.3.0]                                                  |
| python.pip                      | 22.2.2                                                       |
| python.version                  | 3.9.8                                                        |
| sys.platform                    | linux                                                        |
| uname.machine                   | x86_64                                                       |
| uname.node                      | c33                                                          |
| uname.processor                 | x86_64                                                       |
| uname.release                   | 3.10.0-1160.76.1.el7.x86_64                                  |
| uname.system                    | Linux                                                        |
| uname.version                   | #1 SMP Tue Jul 26 14:15:37 UTC 2022                          |
| user                            | haiyang                                                      |
+---------------------------------+--------------------------------------------------------------+

+---------------+----------+--------+-------+---------------------+----------------------------------------------------------------------------------------------------------------+-------+--------+---------+-------+-------------------------------------+
| Name          | Status   |   Time |   Sum | Start               | tag                                                                                                            | msg   | Node   | User    | OS    | Version                             |
|---------------+----------+--------+-------+---------------------+----------------------------------------------------------------------------------------------------------------+-------+--------+---------+-------+-------------------------------------|
| mpi-mergesort | ok       |  0.303 | 0.303 | 2022-11-20 02:30:19 | {'user': 'alex', 'node': 'v100', 'debug': False, 'size': 5000, 'subsort': 'mp', 'sort': 'mpi', 'c': 6, 'p': 2} |       | c33    | haiyang | Linux | #1 SMP Tue Jul 26 14:15:37 UTC 2022 |
| mpi-generate  | ok       |  0     | 0     | 2022-11-20 02:30:19 | {'user': 'alex', 'node': 'v100', 'debug': False, 'size': 5000, 'subsort': 'mp', 'sort': 'mpi', 'c': 6, 'p': 2} |       | c33    | haiyang | Linux | #1 SMP Tue Jul 26 14:15:37 UTC 2022 |
+---------------+----------+--------+-------+---------------------+----------------------------------------------------------------------------------------------------------------+-------+--------+---------+-------+-------------------------------------+
# csv,timer,status,time,sum,start,tag,msg,uname.node,user,uname.system,platform.version
# csv,mpi-mergesort,ok,0.303,0.303,2022-11-20 02:30:19,{'user': 'alex', 'node': 'v100', 'debug': False, 'size': 5000, 'subsort': 'mp', 'sort': 'mpi', 'c': 6, 'p': 2},None,c33,haiyang,Linux,#1 SMP Tue Jul 26 14:15:37 UTC 2022
# csv,mpi-generate,ok,0.0,0.0,2022-11-20 02:30:19,{'user': 'alex', 'node': 'v100', 'debug': False, 'size': 5000, 'subsort': 'mp', 'sort': 'mpi', 'c': 6, 'p': 2},None,c33,haiyang,Linux,#1 SMP Tue Jul 26 14:15:37 UTC 2022


+---------------------------------+--------------------------------------------------------------+
| Attribute                       | Value                                                        |
|---------------------------------+--------------------------------------------------------------|
| ANSI_COLOR                      | "0;31"                                                       |
| BUG_REPORT_URL                  | "https://bugzilla.redhat.com/"                               |
| CPE_NAME                        | "cpe:/o:redhat:enterprise_linux:7.9:GA:server"               |
| HOME_URL                        | "https://www.redhat.com/"                                    |
| ID                              | "rhel"                                                       |
| ID_LIKE                         | "fedora"                                                     |
| NAME                            | "Red Hat Enterprise Linux Server"                            |
| PRETTY_NAME                     | "Red Hat Enterprise Linux Server 7.9 (Maipo)"                |
| REDHAT_BUGZILLA_PRODUCT         | "Red Hat Enterprise Linux 7"                                 |
| REDHAT_BUGZILLA_PRODUCT_VERSION | 7.9                                                          |
| REDHAT_SUPPORT_PRODUCT          | "Red Hat Enterprise Linux"                                   |
| REDHAT_SUPPORT_PRODUCT_VERSION  | "7.9"                                                        |
| VARIANT                         | "Server"                                                     |
| VARIANT_ID                      | "server"                                                     |
| VERSION                         | "7.9 (Maipo)"                                                |
| VERSION_ID                      | "7.9"                                                        |
| cpu                             | Intel(R) Xeon(R) CPU E5-2680 v3 @ 2.50GHz                    |
| cpu_cores                       | 24                                                           |
| cpu_count                       | 24                                                           |
| cpu_threads                     | 24                                                           |
| date                            | 2022-11-20 02:30:22.965339                                   |
| frequency                       | scpufreq(current=2.5930416666666662, min=1200.0, max=3300.0) |
| mem.active                      | 44.6 GiB                                                     |
| mem.available                   | 192.9 GiB                                                    |
| mem.free                        | 191.5 GiB                                                    |
| mem.inactive                    | 2.3 GiB                                                      |
| mem.percent                     | 23.2 %                                                       |
| mem.total                       | 251.1 GiB                                                    |
| mem.used                        | 51.0 GiB                                                     |
| platform.version                | #1 SMP Tue Jul 26 14:15:37 UTC 2022                          |
| python                          | 3.9.8 (main, Feb  8 2022, 08:35:13)                          |
|                                 | [GCC 6.3.0]                                                  |
| python.pip                      | 22.2.2                                                       |
| python.version                  | 3.9.8                                                        |
| sys.platform                    | linux                                                        |
| uname.machine                   | x86_64                                                       |
| uname.node                      | c33                                                          |
| uname.processor                 | x86_64                                                       |
| uname.release                   | 3.10.0-1160.76.1.el7.x86_64                                  |
| uname.system                    | Linux                                                        |
| uname.version                   | #1 SMP Tue Jul 26 14:15:37 UTC 2022                          |
| user                            | haiyang                                                      |
+---------------------------------+--------------------------------------------------------------+

+---------------+----------+--------+-------+---------------------+----------------------------------------------------------------------------------------------------------------+-------+--------+---------+-------+-------------------------------------+
| Name          | Status   |   Time |   Sum | Start               | tag                                                                                                            | msg   | Node   | User    | OS    | Version                             |
|---------------+----------+--------+-------+---------------------+----------------------------------------------------------------------------------------------------------------+-------+--------+---------+-------+-------------------------------------|
| mpi-mergesort | ok       |  0.251 | 0.251 | 2022-11-20 02:30:22 | {'user': 'alex', 'node': 'v100', 'debug': False, 'size': 5000, 'subsort': 'mp', 'sort': 'mpi', 'c': 6, 'p': 2} |       | c33    | haiyang | Linux | #1 SMP Tue Jul 26 14:15:37 UTC 2022 |
| mpi-generate  | ok       |  0     | 0     | 2022-11-20 02:30:22 | {'user': 'alex', 'node': 'v100', 'debug': False, 'size': 5000, 'subsort': 'mp', 'sort': 'mpi', 'c': 6, 'p': 2} |       | c33    | haiyang | Linux | #1 SMP Tue Jul 26 14:15:37 UTC 2022 |
+---------------+----------+--------+-------+---------------------+----------------------------------------------------------------------------------------------------------------+-------+--------+---------+-------+-------------------------------------+
# csv,timer,status,time,sum,start,tag,msg,uname.node,user,uname.system,platform.version
# csv,mpi-mergesort,ok,0.251,0.251,2022-11-20 02:30:22,{'user': 'alex', 'node': 'v100', 'debug': False, 'size': 5000, 'subsort': 'mp', 'sort': 'mpi', 'c': 6, 'p': 2},None,c33,haiyang,Linux,#1 SMP Tue Jul 26 14:15:37 UTC 2022
# csv,mpi-generate,ok,0.0,0.0,2022-11-20 02:30:22,{'user': 'alex', 'node': 'v100', 'debug': False, 'size': 5000, 'subsort': 'mp', 'sort': 'mpi', 'c': 6, 'p': 2},None,c33,haiyang,Linux,#1 SMP Tue Jul 26 14:15:37 UTC 2022


+---------------------------------+-------------------------------------------------------------+
| Attribute                       | Value                                                       |
|---------------------------------+-------------------------------------------------------------|
| ANSI_COLOR                      | "0;31"                                                      |
| BUG_REPORT_URL                  | "https://bugzilla.redhat.com/"                              |
| CPE_NAME                        | "cpe:/o:redhat:enterprise_linux:7.9:GA:server"              |
| HOME_URL                        | "https://www.redhat.com/"                                   |
| ID                              | "rhel"                                                      |
| ID_LIKE                         | "fedora"                                                    |
| NAME                            | "Red Hat Enterprise Linux Server"                           |
| PRETTY_NAME                     | "Red Hat Enterprise Linux Server 7.9 (Maipo)"               |
| REDHAT_BUGZILLA_PRODUCT         | "Red Hat Enterprise Linux 7"                                |
| REDHAT_BUGZILLA_PRODUCT_VERSION | 7.9                                                         |
| REDHAT_SUPPORT_PRODUCT          | "Red Hat Enterprise Linux"                                  |
| REDHAT_SUPPORT_PRODUCT_VERSION  | "7.9"                                                       |
| VARIANT                         | "Server"                                                    |
| VARIANT_ID                      | "server"                                                    |
| VERSION                         | "7.9 (Maipo)"                                               |
| VERSION_ID                      | "7.9"                                                       |
| cpu                             | Intel(R) Xeon(R) CPU E5-2680 v3 @ 2.50GHz                   |
| cpu_cores                       | 24                                                          |
| cpu_count                       | 24                                                          |
| cpu_threads                     | 24                                                          |
| date                            | 2022-11-20 02:30:25.962640                                  |
| frequency                       | scpufreq(current=2.482041666666666, min=1200.0, max=3300.0) |
| mem.active                      | 44.6 GiB                                                    |
| mem.available                   | 192.9 GiB                                                   |
| mem.free                        | 191.5 GiB                                                   |
| mem.inactive                    | 2.3 GiB                                                     |
| mem.percent                     | 23.2 %                                                      |
| mem.total                       | 251.1 GiB                                                   |
| mem.used                        | 51.0 GiB                                                    |
| platform.version                | #1 SMP Tue Jul 26 14:15:37 UTC 2022                         |
| python                          | 3.9.8 (main, Feb  8 2022, 08:35:13)                         |
|                                 | [GCC 6.3.0]                                                 |
| python.pip                      | 22.2.2                                                      |
| python.version                  | 3.9.8                                                       |
| sys.platform                    | linux                                                       |
| uname.machine                   | x86_64                                                      |
| uname.node                      | c33                                                         |
| uname.processor                 | x86_64                                                      |
| uname.release                   | 3.10.0-1160.76.1.el7.x86_64                                 |
| uname.system                    | Linux                                                       |
| uname.version                   | #1 SMP Tue Jul 26 14:15:37 UTC 2022                         |
| user                            | haiyang                                                     |
+---------------------------------+-------------------------------------------------------------+

+---------------+----------+--------+-------+---------------------+----------------------------------------------------------------------------------------------------------------+-------+--------+---------+-------+-------------------------------------+
| Name          | Status   |   Time |   Sum | Start               | tag                                                                                                            | msg   | Node   | User    | OS    | Version                             |
|---------------+----------+--------+-------+---------------------+----------------------------------------------------------------------------------------------------------------+-------+--------+---------+-------+-------------------------------------|
| mpi-mergesort | ok       |  0.357 | 0.357 | 2022-11-20 02:30:25 | {'user': 'alex', 'node': 'v100', 'debug': False, 'size': 5000, 'subsort': 'mp', 'sort': 'mpi', 'c': 6, 'p': 2} |       | c33    | haiyang | Linux | #1 SMP Tue Jul 26 14:15:37 UTC 2022 |
| mpi-generate  | ok       |  0     | 0     | 2022-11-20 02:30:25 | {'user': 'alex', 'node': 'v100', 'debug': False, 'size': 5000, 'subsort': 'mp', 'sort': 'mpi', 'c': 6, 'p': 2} |       | c33    | haiyang | Linux | #1 SMP Tue Jul 26 14:15:37 UTC 2022 |
+---------------+----------+--------+-------+---------------------+----------------------------------------------------------------------------------------------------------------+-------+--------+---------+-------+-------------------------------------+
# csv,timer,status,time,sum,start,tag,msg,uname.node,user,uname.system,platform.version
# csv,mpi-mergesort,ok,0.357,0.357,2022-11-20 02:30:25,{'user': 'alex', 'node': 'v100', 'debug': False, 'size': 5000, 'subsort': 'mp', 'sort': 'mpi', 'c': 6, 'p': 2},None,c33,haiyang,Linux,#1 SMP Tue Jul 26 14:15:37 UTC 2022
# csv,mpi-generate,ok,0.0,0.0,2022-11-20 02:30:25,{'user': 'alex', 'node': 'v100', 'debug': False, 'size': 5000, 'subsort': 'mp', 'sort': 'mpi', 'c': 6, 'p': 2},None,c33,haiyang,Linux,#1 SMP Tue Jul 26 14:15:37 UTC 2022


+---------------------------------+--------------------------------------------------------------+
| Attribute                       | Value                                                        |
|---------------------------------+--------------------------------------------------------------|
| ANSI_COLOR                      | "0;31"                                                       |
| BUG_REPORT_URL                  | "https://bugzilla.redhat.com/"                               |
| CPE_NAME                        | "cpe:/o:redhat:enterprise_linux:7.9:GA:server"               |
| HOME_URL                        | "https://www.redhat.com/"                                    |
| ID                              | "rhel"                                                       |
| ID_LIKE                         | "fedora"                                                     |
| NAME                            | "Red Hat Enterprise Linux Server"                            |
| PRETTY_NAME                     | "Red Hat Enterprise Linux Server 7.9 (Maipo)"                |
| REDHAT_BUGZILLA_PRODUCT         | "Red Hat Enterprise Linux 7"                                 |
| REDHAT_BUGZILLA_PRODUCT_VERSION | 7.9                                                          |
| REDHAT_SUPPORT_PRODUCT          | "Red Hat Enterprise Linux"                                   |
| REDHAT_SUPPORT_PRODUCT_VERSION  | "7.9"                                                        |
| VARIANT                         | "Server"                                                     |
| VARIANT_ID                      | "server"                                                     |
| VERSION                         | "7.9 (Maipo)"                                                |
| VERSION_ID                      | "7.9"                                                        |
| cpu                             | Intel(R) Xeon(R) CPU E5-2680 v3 @ 2.50GHz                    |
| cpu_cores                       | 24                                                           |
| cpu_count                       | 24                                                           |
| cpu_threads                     | 24                                                           |
| date                            | 2022-11-20 02:30:28.849834                                   |
| frequency                       | scpufreq(current=2.5117916666666664, min=1200.0, max=3300.0) |
| mem.active                      | 44.6 GiB                                                     |
| mem.available                   | 192.9 GiB                                                    |
| mem.free                        | 191.5 GiB                                                    |
| mem.inactive                    | 2.3 GiB                                                      |
| mem.percent                     | 23.2 %                                                       |
| mem.total                       | 251.1 GiB                                                    |
| mem.used                        | 51.0 GiB                                                     |
| platform.version                | #1 SMP Tue Jul 26 14:15:37 UTC 2022                          |
| python                          | 3.9.8 (main, Feb  8 2022, 08:35:13)                          |
|                                 | [GCC 6.3.0]                                                  |
| python.pip                      | 22.2.2                                                       |
| python.version                  | 3.9.8                                                        |
| sys.platform                    | linux                                                        |
| uname.machine                   | x86_64                                                       |
| uname.node                      | c33                                                          |
| uname.processor                 | x86_64                                                       |
| uname.release                   | 3.10.0-1160.76.1.el7.x86_64                                  |
| uname.system                    | Linux                                                        |
| uname.version                   | #1 SMP Tue Jul 26 14:15:37 UTC 2022                          |
| user                            | haiyang                                                      |
+---------------------------------+--------------------------------------------------------------+

+---------------+----------+--------+-------+---------------------+----------------------------------------------------------------------------------------------------------------+-------+--------+---------+-------+-------------------------------------+
| Name          | Status   |   Time |   Sum | Start               | tag                                                                                                            | msg   | Node   | User    | OS    | Version                             |
|---------------+----------+--------+-------+---------------------+----------------------------------------------------------------------------------------------------------------+-------+--------+---------+-------+-------------------------------------|
| mpi-mergesort | ok       |  0.318 | 0.318 | 2022-11-20 02:30:28 | {'user': 'alex', 'node': 'v100', 'debug': False, 'size': 5000, 'subsort': 'mp', 'sort': 'mpi', 'c': 6, 'p': 2} |       | c33    | haiyang | Linux | #1 SMP Tue Jul 26 14:15:37 UTC 2022 |
| mpi-generate  | ok       |  0     | 0     | 2022-11-20 02:30:28 | {'user': 'alex', 'node': 'v100', 'debug': False, 'size': 5000, 'subsort': 'mp', 'sort': 'mpi', 'c': 6, 'p': 2} |       | c33    | haiyang | Linux | #1 SMP Tue Jul 26 14:15:37 UTC 2022 |
+---------------+----------+--------+-------+---------------------+----------------------------------------------------------------------------------------------------------------+-------+--------+---------+-------+-------------------------------------+
# csv,timer,status,time,sum,start,tag,msg,uname.node,user,uname.system,platform.version
# csv,mpi-mergesort,ok,0.318,0.318,2022-11-20 02:30:28,{'user': 'alex', 'node': 'v100', 'debug': False, 'size': 5000, 'subsort': 'mp', 'sort': 'mpi', 'c': 6, 'p': 2},None,c33,haiyang,Linux,#1 SMP Tue Jul 26 14:15:37 UTC 2022
# csv,mpi-generate,ok,0.0,0.0,2022-11-20 02:30:28,{'user': 'alex', 'node': 'v100', 'debug': False, 'size': 5000, 'subsort': 'mp', 'sort': 'mpi', 'c': 6, 'p': 2},None,c33,haiyang,Linux,#1 SMP Tue Jul 26 14:15:37 UTC 2022


+---------------------------------+--------------------------------------------------------------+
| Attribute                       | Value                                                        |
|---------------------------------+--------------------------------------------------------------|
| ANSI_COLOR                      | "0;31"                                                       |
| BUG_REPORT_URL                  | "https://bugzilla.redhat.com/"                               |
| CPE_NAME                        | "cpe:/o:redhat:enterprise_linux:7.9:GA:server"               |
| HOME_URL                        | "https://www.redhat.com/"                                    |
| ID                              | "rhel"                                                       |
| ID_LIKE                         | "fedora"                                                     |
| NAME                            | "Red Hat Enterprise Linux Server"                            |
| PRETTY_NAME                     | "Red Hat Enterprise Linux Server 7.9 (Maipo)"                |
| REDHAT_BUGZILLA_PRODUCT         | "Red Hat Enterprise Linux 7"                                 |
| REDHAT_BUGZILLA_PRODUCT_VERSION | 7.9                                                          |
| REDHAT_SUPPORT_PRODUCT          | "Red Hat Enterprise Linux"                                   |
| REDHAT_SUPPORT_PRODUCT_VERSION  | "7.9"                                                        |
| VARIANT                         | "Server"                                                     |
| VARIANT_ID                      | "server"                                                     |
| VERSION                         | "7.9 (Maipo)"                                                |
| VERSION_ID                      | "7.9"                                                        |
| cpu                             | Intel(R) Xeon(R) CPU E5-2680 v3 @ 2.50GHz                    |
| cpu_cores                       | 24                                                           |
| cpu_count                       | 24                                                           |
| cpu_threads                     | 24                                                           |
| date                            | 2022-11-20 02:30:31.786319                                   |
| frequency                       | scpufreq(current=2.5544583333333333, min=1200.0, max=3300.0) |
| mem.active                      | 44.6 GiB                                                     |
| mem.available                   | 192.9 GiB                                                    |
| mem.free                        | 191.5 GiB                                                    |
| mem.inactive                    | 2.3 GiB                                                      |
| mem.percent                     | 23.2 %                                                       |
| mem.total                       | 251.1 GiB                                                    |
| mem.used                        | 51.0 GiB                                                     |
| platform.version                | #1 SMP Tue Jul 26 14:15:37 UTC 2022                          |
| python                          | 3.9.8 (main, Feb  8 2022, 08:35:13)                          |
|                                 | [GCC 6.3.0]                                                  |
| python.pip                      | 22.2.2                                                       |
| python.version                  | 3.9.8                                                        |
| sys.platform                    | linux                                                        |
| uname.machine                   | x86_64                                                       |
| uname.node                      | c33                                                          |
| uname.processor                 | x86_64                                                       |
| uname.release                   | 3.10.0-1160.76.1.el7.x86_64                                  |
| uname.system                    | Linux                                                        |
| uname.version                   | #1 SMP Tue Jul 26 14:15:37 UTC 2022                          |
| user                            | haiyang                                                      |
+---------------------------------+--------------------------------------------------------------+

+---------------+----------+--------+-------+---------------------+----------------------------------------------------------------------------------------------------------------+-------+--------+---------+-------+-------------------------------------+
| Name          | Status   |   Time |   Sum | Start               | tag                                                                                                            | msg   | Node   | User    | OS    | Version                             |
|---------------+----------+--------+-------+---------------------+----------------------------------------------------------------------------------------------------------------+-------+--------+---------+-------+-------------------------------------|
| mpi-mergesort | ok       |  0.337 | 0.337 | 2022-11-20 02:30:31 | {'user': 'alex', 'node': 'v100', 'debug': False, 'size': 5000, 'subsort': 'mp', 'sort': 'mpi', 'c': 6, 'p': 2} |       | c33    | haiyang | Linux | #1 SMP Tue Jul 26 14:15:37 UTC 2022 |
| mpi-generate  | ok       |  0     | 0     | 2022-11-20 02:30:31 | {'user': 'alex', 'node': 'v100', 'debug': False, 'size': 5000, 'subsort': 'mp', 'sort': 'mpi', 'c': 6, 'p': 2} |       | c33    | haiyang | Linux | #1 SMP Tue Jul 26 14:15:37 UTC 2022 |
+---------------+----------+--------+-------+---------------------+----------------------------------------------------------------------------------------------------------------+-------+--------+---------+-------+-------------------------------------+
# csv,timer,status,time,sum,start,tag,msg,uname.node,user,uname.system,platform.version
# csv,mpi-mergesort,ok,0.337,0.337,2022-11-20 02:30:31,{'user': 'alex', 'node': 'v100', 'debug': False, 'size': 5000, 'subsort': 'mp', 'sort': 'mpi', 'c': 6, 'p': 2},None,c33,haiyang,Linux,#1 SMP Tue Jul 26 14:15:37 UTC 2022
# csv,mpi-generate,ok,0.0,0.0,2022-11-20 02:30:31,{'user': 'alex', 'node': 'v100', 'debug': False, 'size': 5000, 'subsort': 'mp', 'sort': 'mpi', 'c': 6, 'p': 2},None,c33,haiyang,Linux,#1 SMP Tue Jul 26 14:15:37 UTC 2022

