Starting experiment
Processes: 2
Cores:     18
Size:      5000
Repeat:    5
Debug:     False
Sort:      MPI
Algorithm: mp
Tag:       None
Total:     5
Experiment 4         : size=5000 processes=2 cores=18 repeat=0 last_time=undefined                     
Experiment 3         : size=5000 processes=2 cores=18 repeat=1 last_time=undefined                     
Experiment 2         : size=5000 processes=2 cores=18 repeat=2 last_time=undefined                     
Experiment 1         : size=5000 processes=2 cores=18 repeat=3 last_time=undefined                     
Experiment 0         : size=5000 processes=2 cores=18 repeat=4 last_time=undefined                     
           | "https://bugzilla.redhat.com/"                              |
| CPE_NAME                        | "cpe:/o:redhat:enterprise_linux:7.9:GA:server"              |
| HOME_URL                        | "https://www.redhat.com/"                                   |
| ID                              | "rhel"                                                      |
| ID_LIKE                         | "fedora"                                                    |
| NAME                            | "Red Hat Enterprise Linux Server"                           |
| PRETTY_NAME                     | "Red Hat Enterprise Linux Server 7.9 (Maipo)"               |
| REDHAT_BUGZILLA_PRODUCT         | "Red Hat Enterprise Linux 7"                                |
| REDHAT_BUGZILLA_PRODUCT_VERSION | 7.9                                                         |
| REDHAT_SUPPORT_PRODUCT          | "Red Hat Enterprise Linux"                                  |
| REDHAT_SUPPORT_PRODUCT_VERSION  | "7.9"                                                       |
| VARIANT                         | "Server"                                                    |
| VARIANT_ID                      | "server"                                                    |
| VERSION                         | "7.9 (Maipo)"                                               |
| VERSION_ID                      | "7.9"                                                       |
| cpu                             | Intel(R) Xeon(R) CPU E5-2680 v3 @ 2.50GHz                   |
| cpu_cores                       | 24                                                          |
| cpu_count                       | 24                                                          |
| cpu_threads                     | 24                                                          |
| date                            | 2022-11-20 04:26:44.121334                                  |
| frequency                       | scpufreq(current=2.515583333333333, min=1200.0, max=3300.0) |
| mem.active                      | 53.2 GiB                                                    |
| mem.available                   | 184.2 GiB                                                   |
| mem.free                        | 123.2 GiB                                                   |
| mem.inactive                    | 55.5 GiB                                                    |
| mem.percent                     | 26.6 %                                                      |
| mem.total                       | 251.1 GiB                                                   |
| mem.used                        | 59.2 GiB                                                    |
| platform.version                | #1 SMP Tue Jul 26 14:15:37 UTC 2022                         |
| python                          | 3.9.8 (main, Feb  8 2022, 08:35:13)                         |
|                                 | [GCC 6.3.0]                                                 |
| python.pip                      | 22.2.2                                                      |
| python.version                  | 3.9.8                                                       |
| sys.platform                    | linux                                                       |
| uname.machine                   | x86_64                                                      |
| uname.node                      | c14                                                         |
| uname.processor                 | x86_64                                                      |
| uname.release                   | 3.10.0-1160.76.1.el7.x86_64                                 |
| uname.system                    | Linux                                                       |
| uname.version                   | #1 SMP Tue Jul 26 14:15:37 UTC 2022                         |
| user                            | haiyang                                                     |
+---------------------------------+-------------------------------------------------------------+

+---------------+----------+--------+-------+---------------------+-----------------------------------------------------------------------------------------------------------------+-------+--------+---------+-------+-------------------------------------+
| Name          | Status   |   Time |   Sum | Start               | tag                                                                                                             | msg   | Node   | User    | OS    | Version                             |
|---------------+----------+--------+-------+---------------------+-----------------------------------------------------------------------------------------------------------------+-------+--------+---------+-------+-------------------------------------|
| mpi-mergesort | ok       |  0.342 | 0.342 | 2022-11-20 04:26:43 | {'user': 'alex', 'node': 'v100', 'debug': False, 'size': 5000, 'subsort': 'mp', 'sort': 'mpi', 'c': 18, 'p': 2} |       | c14    | haiyang | Linux | #1 SMP Tue Jul 26 14:15:37 UTC 2022 |
| mpi-generate  | ok       |  0     | 0     | 2022-11-20 04:26:43 | {'user': 'alex', 'node': 'v100', 'debug': False, 'size': 5000, 'subsort': 'mp', 'sort': 'mpi', 'c': 18, 'p': 2} |       | c14    | haiyang | Linux | #1 SMP Tue Jul 26 14:15:37 UTC 2022 |
+---------------+----------+--------+-------+---------------------+-----------------------------------------------------------------------------------------------------------------+-------+--------+---------+-------+-------------------------------------+
# csv,timer,status,time,sum,start,tag,msg,uname.node,user,uname.system,platform.version
# csv,mpi-mergesort,ok,0.342,0.342,2022-11-20 04:26:43,{'user': 'alex', 'node': 'v100', 'debug': False, 'size': 5000, 'subsort': 'mp', 'sort': 'mpi', 'c': 18, 'p': 2},None,c14,haiyang,Linux,#1 SMP Tue Jul 26 14:15:37 UTC 2022
# csv,mpi-generate,ok,0.0,0.0,2022-11-20 04:26:43,{'user': 'alex', 'node': 'v100', 'debug': False, 'size': 5000, 'subsort': 'mp', 'sort': 'mpi', 'c': 18, 'p': 2},None,c14,haiyang,Linux,#1 SMP Tue Jul 26 14:15:37 UTC 2022


+---------------------------------+--------------------------------------------------------------+
| Attribute                       | Value                                                        |
|---------------------------------+--------------------------------------------------------------|
| ANSI_COLOR                      | "0;31"                                                       |
| BUG_REPORT_URL                  | "https://bugzilla.redhat.com/"                               |
| CPE_NAME                        | "cpe:/o:redhat:enterprise_linux:7.9:GA:server"               |
| HOME_URL                        | "https://www.redhat.com/"                                    |
| ID                              | "rhel"                                                       |
| ID_LIKE                         | "fedora"                                                     |
| NAME                            | "Red Hat Enterprise Linux Server"                            |
| PRETTY_NAME                     | "Red Hat Enterprise Linux Server 7.9 (Maipo)"                |
| REDHAT_BUGZILLA_PRODUCT         | "Red Hat Enterprise Linux 7"                                 |
| REDHAT_BUGZILLA_PRODUCT_VERSION | 7.9                                                          |
| REDHAT_SUPPORT_PRODUCT          | "Red Hat Enterprise Linux"                                   |
| REDHAT_SUPPORT_PRODUCT_VERSION  | "7.9"                                                        |
| VARIANT                         | "Server"                                                     |
| VARIANT_ID                      | "server"                                                     |
| VERSION                         | "7.9 (Maipo)"                                                |
| VERSION_ID                      | "7.9"                                                        |
| cpu                             | Intel(R) Xeon(R) CPU E5-2680 v3 @ 2.50GHz                    |
| cpu_cores                       | 24                                                           |
| cpu_count                       | 24                                                           |
| cpu_threads                     | 24                                                           |
| date                            | 2022-11-20 04:26:47.088458                                   |
| frequency                       | scpufreq(current=2.4780416666666665, min=1200.0, max=3300.0) |
| mem.active                      | 53.2 GiB                                                     |
| mem.available                   | 184.2 GiB                                                    |
| mem.free                        | 123.1 GiB                                                    |
| mem.inactive                    | 55.5 GiB                                                     |
| mem.percent                     | 26.6 %                                                       |
| mem.total                       | 251.1 GiB                                                    |
| mem.used                        | 59.2 GiB                                                     |
| platform.version                | #1 SMP Tue Jul 26 14:15:37 UTC 2022                          |
| python                          | 3.9.8 (main, Feb  8 2022, 08:35:13)                          |
|                                 | [GCC 6.3.0]                                                  |
| python.pip                      | 22.2.2                                                       |
| python.version                  | 3.9.8                                                        |
| sys.platform                    | linux                                                        |
| uname.machine                   | x86_64                                                       |
| uname.node                      | c14                                                          |
| uname.processor                 | x86_64                                                       |
| uname.release                   | 3.10.0-1160.76.1.el7.x86_64                                  |
| uname.system                    | Linux                                                        |
| uname.version                   | #1 SMP Tue Jul 26 14:15:37 UTC 2022                          |
| user                            | haiyang                                                      |
+---------------------------------+--------------------------------------------------------------+

+---------------+----------+--------+-------+---------------------+-----------------------------------------------------------------------------------------------------------------+-------+--------+---------+-------+-------------------------------------+
| Name          | Status   |   Time |   Sum | Start               | tag                                                                                                             | msg   | Node   | User    | OS    | Version                             |
|---------------+----------+--------+-------+---------------------+-----------------------------------------------------------------------------------------------------------------+-------+--------+---------+-------+-------------------------------------|
| mpi-mergesort | ok       |  0.288 | 0.288 | 2022-11-20 04:26:46 | {'user': 'alex', 'node': 'v100', 'debug': False, 'size': 5000, 'subsort': 'mp', 'sort': 'mpi', 'c': 18, 'p': 2} |       | c14    | haiyang | Linux | #1 SMP Tue Jul 26 14:15:37 UTC 2022 |
| mpi-generate  | ok       |  0     | 0     | 2022-11-20 04:26:46 | {'user': 'alex', 'node': 'v100', 'debug': False, 'size': 5000, 'subsort': 'mp', 'sort': 'mpi', 'c': 18, 'p': 2} |       | c14    | haiyang | Linux | #1 SMP Tue Jul 26 14:15:37 UTC 2022 |
+---------------+----------+--------+-------+---------------------+-----------------------------------------------------------------------------------------------------------------+-------+--------+---------+-------+-------------------------------------+
# csv,timer,status,time,sum,start,tag,msg,uname.node,user,uname.system,platform.version
# csv,mpi-mergesort,ok,0.288,0.288,2022-11-20 04:26:46,{'user': 'alex', 'node': 'v100', 'debug': False, 'size': 5000, 'subsort': 'mp', 'sort': 'mpi', 'c': 18, 'p': 2},None,c14,haiyang,Linux,#1 SMP Tue Jul 26 14:15:37 UTC 2022
# csv,mpi-generate,ok,0.0,0.0,2022-11-20 04:26:46,{'user': 'alex', 'node': 'v100', 'debug': False, 'size': 5000, 'subsort': 'mp', 'sort': 'mpi', 'c': 18, 'p': 2},None,c14,haiyang,Linux,#1 SMP Tue Jul 26 14:15:37 UTC 2022


+---------------------------------+--------------------------------------------------------------+
| Attribute                       | Value                                                        |
|---------------------------------+--------------------------------------------------------------|
| ANSI_COLOR                      | "0;31"                                                       |
| BUG_REPORT_URL                  | "https://bugzilla.redhat.com/"                               |
| CPE_NAME                        | "cpe:/o:redhat:enterprise_linux:7.9:GA:server"               |
| HOME_URL                        | "https://www.redhat.com/"                                    |
| ID                              | "rhel"                                                       |
| ID_LIKE                         | "fedora"                                                     |
| NAME                            | "Red Hat Enterprise Linux Server"                            |
| PRETTY_NAME                     | "Red Hat Enterprise Linux Server 7.9 (Maipo)"                |
| REDHAT_BUGZILLA_PRODUCT         | "Red Hat Enterprise Linux 7"                                 |
| REDHAT_BUGZILLA_PRODUCT_VERSION | 7.9                                                          |
| REDHAT_SUPPORT_PRODUCT          | "Red Hat Enterprise Linux"                                   |
| REDHAT_SUPPORT_PRODUCT_VERSION  | "7.9"                                                        |
| VARIANT                         | "Server"                                                     |
| VARIANT_ID                      | "server"                                                     |
| VERSION                         | "7.9 (Maipo)"                                                |
| VERSION_ID                      | "7.9"                                                        |
| cpu                             | Intel(R) Xeon(R) CPU E5-2680 v3 @ 2.50GHz                    |
| cpu_cores                       | 24                                                           |
| cpu_count                       | 24                                                           |
| cpu_threads                     | 24                                                           |
| date                            | 2022-11-20 04:26:50.162601                                   |
| frequency                       | scpufreq(current=2.5028333333333332, min=1200.0, max=3300.0) |
| mem.active                      | 53.3 GiB                                                     |
| mem.available                   | 184.2 GiB                                                    |
| mem.free                        | 123.1 GiB                                                    |
| mem.inactive                    | 55.5 GiB                                                     |
| mem.percent                     | 26.6 %                                                       |
| mem.total                       | 251.1 GiB                                                    |
| mem.used                        | 59.2 GiB                                                     |
| platform.version                | #1 SMP Tue Jul 26 14:15:37 UTC 2022                          |
| python                          | 3.9.8 (main, Feb  8 2022, 08:35:13)                          |
|                                 | [GCC 6.3.0]                                                  |
| python.pip                      | 22.2.2                                                       |
| python.version                  | 3.9.8                                                        |
| sys.platform                    | linux                                                        |
| uname.machine                   | x86_64                                                       |
| uname.node                      | c14                                                          |
| uname.processor                 | x86_64                                                       |
| uname.release                   | 3.10.0-1160.76.1.el7.x86_64                                  |
| uname.system                    | Linux                                                        |
| uname.version                   | #1 SMP Tue Jul 26 14:15:37 UTC 2022                          |
| user                            | haiyang                                                      |
+---------------------------------+--------------------------------------------------------------+

+---------------+----------+--------+-------+---------------------+-----------------------------------------------------------------------------------------------------------------+-------+--------+---------+-------+-------------------------------------+
| Name          | Status   |   Time |   Sum | Start               | tag                                                                                                             | msg   | Node   | User    | OS    | Version                             |
|---------------+----------+--------+-------+---------------------+-----------------------------------------------------------------------------------------------------------------+-------+--------+---------+-------+-------------------------------------|
| mpi-mergesort | ok       |  0.371 | 0.371 | 2022-11-20 04:26:49 | {'user': 'alex', 'node': 'v100', 'debug': False, 'size': 5000, 'subsort': 'mp', 'sort': 'mpi', 'c': 18, 'p': 2} |       | c14    | haiyang | Linux | #1 SMP Tue Jul 26 14:15:37 UTC 2022 |
| mpi-generate  | ok       |  0     | 0     | 2022-11-20 04:26:49 | {'user': 'alex', 'node': 'v100', 'debug': False, 'size': 5000, 'subsort': 'mp', 'sort': 'mpi', 'c': 18, 'p': 2} |       | c14    | haiyang | Linux | #1 SMP Tue Jul 26 14:15:37 UTC 2022 |
+---------------+----------+--------+-------+---------------------+-----------------------------------------------------------------------------------------------------------------+-------+--------+---------+-------+-------------------------------------+
# csv,timer,status,time,sum,start,tag,msg,uname.node,user,uname.system,platform.version
# csv,mpi-mergesort,ok,0.371,0.371,2022-11-20 04:26:49,{'user': 'alex', 'node': 'v100', 'debug': False, 'size': 5000, 'subsort': 'mp', 'sort': 'mpi', 'c': 18, 'p': 2},None,c14,haiyang,Linux,#1 SMP Tue Jul 26 14:15:37 UTC 2022
# csv,mpi-generate,ok,0.0,0.0,2022-11-20 04:26:49,{'user': 'alex', 'node': 'v100', 'debug': False, 'size': 5000, 'subsort': 'mp', 'sort': 'mpi', 'c': 18, 'p': 2},None,c14,haiyang,Linux,#1 SMP Tue Jul 26 14:15:37 UTC 2022


+---------------------------------+---------------------------------------------------+
| Attribute                       | Value                                             |
|---------------------------------+---------------------------------------------------|
| ANSI_COLOR                      | "0;31"                                            |
| BUG_REPORT_URL                  | "https://bugzilla.redhat.com/"                    |
| CPE_NAME                        | "cpe:/o:redhat:enterprise_linux:7.9:GA:server"    |
| HOME_URL                        | "https://www.redhat.com/"                         |
| ID                              | "rhel"                                            |
| ID_LIKE                         | "fedora"                                          |
| NAME                            | "Red Hat Enterprise Linux Server"                 |
| PRETTY_NAME                     | "Red Hat Enterprise Linux Server 7.9 (Maipo)"     |
| REDHAT_BUGZILLA_PRODUCT         | "Red Hat Enterprise Linux 7"                      |
| REDHAT_BUGZILLA_PRODUCT_VERSION | 7.9                                               |
| REDHAT_SUPPORT_PRODUCT          | "Red Hat Enterprise Linux"                        |
| REDHAT_SUPPORT_PRODUCT_VERSION  | "7.9"                                             |
| VARIANT                         | "Server"                                          |
| VARIANT_ID                      | "server"                                          |
| VERSION                         | "7.9 (Maipo)"                                     |
| VERSION_ID                      | "7.9"                                             |
| cpu                             | Intel(R) Xeon(R) CPU E5-2680 v3 @ 2.50GHz         |
| cpu_cores                       | 24                                                |
| cpu_count                       | 24                                                |
| cpu_threads                     | 24                                                |
| date                            | 2022-11-20 04:26:53.203814                        |
| frequency                       | scpufreq(current=2.44525, min=1200.0, max=3300.0) |
| mem.active                      | 53.3 GiB                                          |
| mem.available                   | 184.2 GiB                                         |
| mem.free                        | 123.1 GiB                                         |
| mem.inactive                    | 55.5 GiB                                          |
| mem.percent                     | 26.6 %                                            |
| mem.total                       | 251.1 GiB                                         |
| mem.used                        | 59.2 GiB                                          |
| platform.version                | #1 SMP Tue Jul 26 14:15:37 UTC 2022               |
| python                          | 3.9.8 (main, Feb  8 2022, 08:35:13)               |
|                                 | [GCC 6.3.0]                                       |
| python.pip                      | 22.2.2                                            |
| python.version                  | 3.9.8                                             |
| sys.platform                    | linux                                             |
| uname.machine                   | x86_64                                            |
| uname.node                      | c14                                               |
| uname.processor                 | x86_64                                            |
| uname.release                   | 3.10.0-1160.76.1.el7.x86_64                       |
| uname.system                    | Linux                                             |
| uname.version                   | #1 SMP Tue Jul 26 14:15:37 UTC 2022               |
| user                            | haiyang                                           |
+---------------------------------+---------------------------------------------------+

+---------------+----------+--------+-------+---------------------+-----------------------------------------------------------------------------------------------------------------+-------+--------+---------+-------+-------------------------------------+
| Name          | Status   |   Time |   Sum | Start               | tag                                                                                                             | msg   | Node   | User    | OS    | Version                             |
|---------------+----------+--------+-------+---------------------+-----------------------------------------------------------------------------------------------------------------+-------+--------+---------+-------+-------------------------------------|
| mpi-mergesort | ok       |  0.286 | 0.286 | 2022-11-20 04:26:52 | {'user': 'alex', 'node': 'v100', 'debug': False, 'size': 5000, 'subsort': 'mp', 'sort': 'mpi', 'c': 18, 'p': 2} |       | c14    | haiyang | Linux | #1 SMP Tue Jul 26 14:15:37 UTC 2022 |
| mpi-generate  | ok       |  0     | 0     | 2022-11-20 04:26:52 | {'user': 'alex', 'node': 'v100', 'debug': False, 'size': 5000, 'subsort': 'mp', 'sort': 'mpi', 'c': 18, 'p': 2} |       | c14    | haiyang | Linux | #1 SMP Tue Jul 26 14:15:37 UTC 2022 |
+---------------+----------+--------+-------+---------------------+-----------------------------------------------------------------------------------------------------------------+-------+--------+---------+-------+-------------------------------------+
# csv,timer,status,time,sum,start,tag,msg,uname.node,user,uname.system,platform.version
# csv,mpi-mergesort,ok,0.286,0.286,2022-11-20 04:26:52,{'user': 'alex', 'node': 'v100', 'debug': False, 'size': 5000, 'subsort': 'mp', 'sort': 'mpi', 'c': 18, 'p': 2},None,c14,haiyang,Linux,#1 SMP Tue Jul 26 14:15:37 UTC 2022
# csv,mpi-generate,ok,0.0,0.0,2022-11-20 04:26:52,{'user': 'alex', 'node': 'v100', 'debug': False, 'size': 5000, 'subsort': 'mp', 'sort': 'mpi', 'c': 18, 'p': 2},None,c14,haiyang,Linux,#1 SMP Tue Jul 26 14:15:37 UTC 2022


+---------------------------------+--------------------------------------------------------------+
| Attribute                       | Value                                                        |
|---------------------------------+--------------------------------------------------------------|
| ANSI_COLOR                      | "0;31"                                                       |
| BUG_REPORT_URL                  | "https://bugzilla.redhat.com/"                               |
| CPE_NAME                        | "cpe:/o:redhat:enterprise_linux:7.9:GA:server"               |
| HOME_URL                        | "https://www.redhat.com/"                                    |
| ID                              | "rhel"                                                       |
| ID_LIKE                         | "fedora"                                                     |
| NAME                            | "Red Hat Enterprise Linux Server"                            |
| PRETTY_NAME                     | "Red Hat Enterprise Linux Server 7.9 (Maipo)"                |
| REDHAT_BUGZILLA_PRODUCT         | "Red Hat Enterprise Linux 7"                                 |
| REDHAT_BUGZILLA_PRODUCT_VERSION | 7.9                                                          |
| REDHAT_SUPPORT_PRODUCT          | "Red Hat Enterprise Linux"                                   |
| REDHAT_SUPPORT_PRODUCT_VERSION  | "7.9"                                                        |
| VARIANT                         | "Server"                                                     |
| VARIANT_ID                      | "server"                                                     |
| VERSION                         | "7.9 (Maipo)"                                                |
| VERSION_ID                      | "7.9"                                                        |
| cpu                             | Intel(R) Xeon(R) CPU E5-2680 v3 @ 2.50GHz                    |
| cpu_cores                       | 24                                                           |
| cpu_count                       | 24                                                           |
| cpu_threads                     | 24                                                           |
| date                            | 2022-11-20 04:26:56.261485                                   |
| frequency                       | scpufreq(current=2.4779166666666668, min=1200.0, max=3300.0) |
| mem.active                      | 52.4 GiB                                                     |
| mem.available                   | 185.1 GiB                                                    |
| mem.free                        | 124.0 GiB                                                    |
| mem.inactive                    | 55.5 GiB                                                     |
| mem.percent                     | 26.3 %                                                       |
| mem.total                       | 251.1 GiB                                                    |
| mem.used                        | 58.3 GiB                                                     |
| platform.version                | #1 SMP Tue Jul 26 14:15:37 UTC 2022                          |
| python                          | 3.9.8 (main, Feb  8 2022, 08:35:13)                          |
|                                 | [GCC 6.3.0]                                                  |
| python.pip                      | 22.2.2                                                       |
| python.version                  | 3.9.8                                                        |
| sys.platform                    | linux                                                        |
| uname.machine                   | x86_64                                                       |
| uname.node                      | c14                                                          |
| uname.processor                 | x86_64                                                       |
| uname.release                   | 3.10.0-1160.76.1.el7.x86_64                                  |
| uname.system                    | Linux                                                        |
| uname.version                   | #1 SMP Tue Jul 26 14:15:37 UTC 2022                          |
| user                            | haiyang                                                      |
+---------------------------------+--------------------------------------------------------------+

+---------------+----------+--------+-------+---------------------+-----------------------------------------------------------------------------------------------------------------+-------+--------+---------+-------+-------------------------------------+
| Name          | Status   |   Time |   Sum | Start               | tag                                                                                                             | msg   | Node   | User    | OS    | Version                             |
|---------------+----------+--------+-------+---------------------+-----------------------------------------------------------------------------------------------------------------+-------+--------+---------+-------+-------------------------------------|
| mpi-mergesort | ok       |  0.366 | 0.366 | 2022-11-20 04:26:55 | {'user': 'alex', 'node': 'v100', 'debug': False, 'size': 5000, 'subsort': 'mp', 'sort': 'mpi', 'c': 18, 'p': 2} |       | c14    | haiyang | Linux | #1 SMP Tue Jul 26 14:15:37 UTC 2022 |
| mpi-generate  | ok       |  0     | 0     | 2022-11-20 04:26:55 | {'user': 'alex', 'node': 'v100', 'debug': False, 'size': 5000, 'subsort': 'mp', 'sort': 'mpi', 'c': 18, 'p': 2} |       | c14    | haiyang | Linux | #1 SMP Tue Jul 26 14:15:37 UTC 2022 |
+---------------+----------+--------+-------+---------------------+-----------------------------------------------------------------------------------------------------------------+-------+--------+---------+-------+-------------------------------------+
# csv,timer,status,time,sum,start,tag,msg,uname.node,user,uname.system,platform.version
# csv,mpi-mergesort,ok,0.366,0.366,2022-11-20 04:26:55,{'user': 'alex', 'node': 'v100', 'debug': False, 'size': 5000, 'subsort': 'mp', 'sort': 'mpi', 'c': 18, 'p': 2},None,c14,haiyang,Linux,#1 SMP Tue Jul 26 14:15:37 UTC 2022
# csv,mpi-generate,ok,0.0,0.0,2022-11-20 04:26:55,{'user': 'alex', 'node': 'v100', 'debug': False, 'size': 5000, 'subsort': 'mp', 'sort': 'mpi', 'c': 18, 'p': 2},None,c14,haiyang,Linux,#1 SMP Tue Jul 26 14:15:37 UTC 2022

