Starting experiment
Processes: 4
Cores:     1
Size:      1000000
Repeat:    10
Debug:     False
Sort:      MPI
Algorithm: mp
Tag:       None
Total:     10
Experiment 9         : size=1000000 processes=4 cores=1 repeat=0 last_time=undefined                     
Experiment 8         : size=1000000 processes=4 cores=1 repeat=1 last_time=undefined                     
Experiment 7         : size=1000000 processes=4 cores=1 repeat=2 last_time=undefined                     
Experiment 6         : size=1000000 processes=4 cores=1 repeat=3 last_time=undefined                     
Experiment 5         : size=1000000 processes=4 cores=1 repeat=4 last_time=undefined                     
Experiment 4         : size=1000000 processes=4 cores=1 repeat=5 last_time=undefined                     
Experiment 3         : size=1000000 processes=4 cores=1 repeat=6 last_time=undefined                     
Experiment 2         : size=1000000 processes=4 cores=1 repeat=7 last_time=undefined                     
Experiment 1         : size=1000000 processes=4 cores=1 repeat=8 last_time=undefined                     
Experiment 0         : size=1000000 processes=4 cores=1 repeat=9 last_time=undefined                     
Server"                            |
| PRETTY_NAME                     | "Red Hat Enterprise Linux Server 7.9 (Maipo)"                |
| REDHAT_BUGZILLA_PRODUCT         | "Red Hat Enterprise Linux 7"                                 |
| REDHAT_BUGZILLA_PRODUCT_VERSION | 7.9                                                          |
| REDHAT_SUPPORT_PRODUCT          | "Red Hat Enterprise Linux"                                   |
| REDHAT_SUPPORT_PRODUCT_VERSION  | "7.9"                                                        |
| VARIANT                         | "Server"                                                     |
| VARIANT_ID                      | "server"                                                     |
| VERSION                         | "7.9 (Maipo)"                                                |
| VERSION_ID                      | "7.9"                                                        |
| cpu                             | Intel(R) Xeon(R) CPU E5-2680 v3 @ 2.50GHz                    |
| cpu_cores                       | 24                                                           |
| cpu_count                       | 24                                                           |
| cpu_threads                     | 24                                                           |
| date                            | 2022-11-19 12:20:13.905094                                   |
| frequency                       | scpufreq(current=1.7612916666666667, min=1200.0, max=3300.0) |
| mem.active                      | 66.6 GiB                                                     |
| mem.available                   | 170.2 GiB                                                    |
| mem.free                        | 161.9 GiB                                                    |
| mem.inactive                    | 9.0 GiB                                                      |
| mem.percent                     | 32.2 %                                                       |
| mem.total                       | 251.1 GiB                                                    |
| mem.used                        | 73.9 GiB                                                     |
| platform.version                | #1 SMP Tue Jul 26 14:15:37 UTC 2022                          |
| python                          | 3.9.8 (main, Feb  8 2022, 08:35:13)                          |
|                                 | [GCC 6.3.0]                                                  |
| python.pip                      | 22.2.2                                                       |
| python.version                  | 3.9.8                                                        |
| sys.platform                    | linux                                                        |
| uname.machine                   | x86_64                                                       |
| uname.node                      | c33                                                          |
| uname.processor                 | x86_64                                                       |
| uname.release                   | 3.10.0-1160.76.1.el7.x86_64                                  |
| uname.system                    | Linux                                                        |
| uname.version                   | #1 SMP Tue Jul 26 14:15:37 UTC 2022                          |
| user                            | haiyang                                                      |
+---------------------------------+--------------------------------------------------------------+

+---------------+----------+--------+-------+---------------------+-------------------------------------------------------------------------------------------------------------------+-------+--------+---------+-------+-------------------------------------+
| Name          | Status   |   Time |   Sum | Start               | tag                                                                                                               | msg   | Node   | User    | OS    | Version                             |
|---------------+----------+--------+-------+---------------------+-------------------------------------------------------------------------------------------------------------------+-------+--------+---------+-------+-------------------------------------|
| mpi-mergesort | ok       |  1.911 | 1.911 | 2022-11-19 12:20:11 | {'user': 'alex', 'node': 'v100', 'debug': False, 'size': 1000000, 'subsort': 'mp', 'sort': 'mpi', 'c': 1, 'p': 4} |       | c33    | haiyang | Linux | #1 SMP Tue Jul 26 14:15:37 UTC 2022 |
| mpi-generate  | ok       |  0.009 | 0.009 | 2022-11-19 12:20:11 | {'user': 'alex', 'node': 'v100', 'debug': False, 'size': 1000000, 'subsort': 'mp', 'sort': 'mpi', 'c': 1, 'p': 4} |       | c33    | haiyang | Linux | #1 SMP Tue Jul 26 14:15:37 UTC 2022 |
+---------------+----------+--------+-------+---------------------+-------------------------------------------------------------------------------------------------------------------+-------+--------+---------+-------+-------------------------------------+
# csv,timer,status,time,sum,start,tag,msg,uname.node,user,uname.system,platform.version
# csv,mpi-mergesort,ok,1.911,1.911,2022-11-19 12:20:11,{'user': 'alex', 'node': 'v100', 'debug': False, 'size': 1000000, 'subsort': 'mp', 'sort': 'mpi', 'c': 1, 'p': 4},None,c33,haiyang,Linux,#1 SMP Tue Jul 26 14:15:37 UTC 2022
# csv,mpi-generate,ok,0.009,0.009,2022-11-19 12:20:11,{'user': 'alex', 'node': 'v100', 'debug': False, 'size': 1000000, 'subsort': 'mp', 'sort': 'mpi', 'c': 1, 'p': 4},None,c33,haiyang,Linux,#1 SMP Tue Jul 26 14:15:37 UTC 2022


+---------------------------------+--------------------------------------------------------------+
| Attribute                       | Value                                                        |
|---------------------------------+--------------------------------------------------------------|
| ANSI_COLOR                      | "0;31"                                                       |
| BUG_REPORT_URL                  | "https://bugzilla.redhat.com/"                               |
| CPE_NAME                        | "cpe:/o:redhat:enterprise_linux:7.9:GA:server"               |
| HOME_URL                        | "https://www.redhat.com/"                                    |
| ID                              | "rhel"                                                       |
| ID_LIKE                         | "fedora"                                                     |
| NAME                            | "Red Hat Enterprise Linux Server"                            |
| PRETTY_NAME                     | "Red Hat Enterprise Linux Server 7.9 (Maipo)"                |
| REDHAT_BUGZILLA_PRODUCT         | "Red Hat Enterprise Linux 7"                                 |
| REDHAT_BUGZILLA_PRODUCT_VERSION | 7.9                                                          |
| REDHAT_SUPPORT_PRODUCT          | "Red Hat Enterprise Linux"                                   |
| REDHAT_SUPPORT_PRODUCT_VERSION  | "7.9"                                                        |
| VARIANT                         | "Server"                                                     |
| VARIANT_ID                      | "server"                                                     |
| VERSION                         | "7.9 (Maipo)"                                                |
| VERSION_ID                      | "7.9"                                                        |
| cpu                             | Intel(R) Xeon(R) CPU E5-2680 v3 @ 2.50GHz                    |
| cpu_cores                       | 24                                                           |
| cpu_count                       | 24                                                           |
| cpu_threads                     | 24                                                           |
| date                            | 2022-11-19 12:20:18.412144                                   |
| frequency                       | scpufreq(current=1.7989583333333334, min=1200.0, max=3300.0) |
| mem.active                      | 66.7 GiB                                                     |
| mem.available                   | 170.1 GiB                                                    |
| mem.free                        | 161.7 GiB                                                    |
| mem.inactive                    | 9.1 GiB                                                      |
| mem.percent                     | 32.3 %                                                       |
| mem.total                       | 251.1 GiB                                                    |
| mem.used                        | 74.1 GiB                                                     |
| platform.version                | #1 SMP Tue Jul 26 14:15:37 UTC 2022                          |
| python                          | 3.9.8 (main, Feb  8 2022, 08:35:13)                          |
|                                 | [GCC 6.3.0]                                                  |
| python.pip                      | 22.2.2                                                       |
| python.version                  | 3.9.8                                                        |
| sys.platform                    | linux                                                        |
| uname.machine                   | x86_64                                                       |
| uname.node                      | c33                                                          |
| uname.processor                 | x86_64                                                       |
| uname.release                   | 3.10.0-1160.76.1.el7.x86_64                                  |
| uname.system                    | Linux                                                        |
| uname.version                   | #1 SMP Tue Jul 26 14:15:37 UTC 2022                          |
| user                            | haiyang                                                      |
+---------------------------------+--------------------------------------------------------------+

+---------------+----------+--------+-------+---------------------+-------------------------------------------------------------------------------------------------------------------+-------+--------+---------+-------+-------------------------------------+
| Name          | Status   |   Time |   Sum | Start               | tag                                                                                                               | msg   | Node   | User    | OS    | Version                             |
|---------------+----------+--------+-------+---------------------+-------------------------------------------------------------------------------------------------------------------+-------+--------+---------+-------+-------------------------------------|
| mpi-mergesort | ok       |  1.934 | 1.934 | 2022-11-19 12:20:16 | {'user': 'alex', 'node': 'v100', 'debug': False, 'size': 1000000, 'subsort': 'mp', 'sort': 'mpi', 'c': 1, 'p': 4} |       | c33    | haiyang | Linux | #1 SMP Tue Jul 26 14:15:37 UTC 2022 |
| mpi-generate  | ok       |  0.009 | 0.009 | 2022-11-19 12:20:16 | {'user': 'alex', 'node': 'v100', 'debug': False, 'size': 1000000, 'subsort': 'mp', 'sort': 'mpi', 'c': 1, 'p': 4} |       | c33    | haiyang | Linux | #1 SMP Tue Jul 26 14:15:37 UTC 2022 |
+---------------+----------+--------+-------+---------------------+-------------------------------------------------------------------------------------------------------------------+-------+--------+---------+-------+-------------------------------------+
# csv,timer,status,time,sum,start,tag,msg,uname.node,user,uname.system,platform.version
# csv,mpi-mergesort,ok,1.934,1.934,2022-11-19 12:20:16,{'user': 'alex', 'node': 'v100', 'debug': False, 'size': 1000000, 'subsort': 'mp', 'sort': 'mpi', 'c': 1, 'p': 4},None,c33,haiyang,Linux,#1 SMP Tue Jul 26 14:15:37 UTC 2022
# csv,mpi-generate,ok,0.009,0.009,2022-11-19 12:20:16,{'user': 'alex', 'node': 'v100', 'debug': False, 'size': 1000000, 'subsort': 'mp', 'sort': 'mpi', 'c': 1, 'p': 4},None,c33,haiyang,Linux,#1 SMP Tue Jul 26 14:15:37 UTC 2022


+---------------------------------+--------------------------------------------------------------+
| Attribute                       | Value                                                        |
|---------------------------------+--------------------------------------------------------------|
| ANSI_COLOR                      | "0;31"                                                       |
| BUG_REPORT_URL                  | "https://bugzilla.redhat.com/"                               |
| CPE_NAME                        | "cpe:/o:redhat:enterprise_linux:7.9:GA:server"               |
| HOME_URL                        | "https://www.redhat.com/"                                    |
| ID                              | "rhel"                                                       |
| ID_LIKE                         | "fedora"                                                     |
| NAME                            | "Red Hat Enterprise Linux Server"                            |
| PRETTY_NAME                     | "Red Hat Enterprise Linux Server 7.9 (Maipo)"                |
| REDHAT_BUGZILLA_PRODUCT         | "Red Hat Enterprise Linux 7"                                 |
| REDHAT_BUGZILLA_PRODUCT_VERSION | 7.9                                                          |
| REDHAT_SUPPORT_PRODUCT          | "Red Hat Enterprise Linux"                                   |
| REDHAT_SUPPORT_PRODUCT_VERSION  | "7.9"                                                        |
| VARIANT                         | "Server"                                                     |
| VARIANT_ID                      | "server"                                                     |
| VERSION                         | "7.9 (Maipo)"                                                |
| VERSION_ID                      | "7.9"                                                        |
| cpu                             | Intel(R) Xeon(R) CPU E5-2680 v3 @ 2.50GHz                    |
| cpu_cores                       | 24                                                           |
| cpu_count                       | 24                                                           |
| cpu_threads                     | 24                                                           |
| date                            | 2022-11-19 12:20:23.019020                                   |
| frequency                       | scpufreq(current=1.9098749999999998, min=1200.0, max=3300.0) |
| mem.active                      | 66.7 GiB                                                     |
| mem.available                   | 170.0 GiB                                                    |
| mem.free                        | 161.5 GiB                                                    |
| mem.inactive                    | 9.3 GiB                                                      |
| mem.percent                     | 32.3 %                                                       |
| mem.total                       | 251.1 GiB                                                    |
| mem.used                        | 74.1 GiB                                                     |
| platform.version                | #1 SMP Tue Jul 26 14:15:37 UTC 2022                          |
| python                          | 3.9.8 (main, Feb  8 2022, 08:35:13)                          |
|                                 | [GCC 6.3.0]                                                  |
| python.pip                      | 22.2.2                                                       |
| python.version                  | 3.9.8                                                        |
| sys.platform                    | linux                                                        |
| uname.machine                   | x86_64                                                       |
| uname.node                      | c33                                                          |
| uname.processor                 | x86_64                                                       |
| uname.release                   | 3.10.0-1160.76.1.el7.x86_64                                  |
| uname.system                    | Linux                                                        |
| uname.version                   | #1 SMP Tue Jul 26 14:15:37 UTC 2022                          |
| user                            | haiyang                                                      |
+---------------------------------+--------------------------------------------------------------+

+---------------+----------+--------+-------+---------------------+-------------------------------------------------------------------------------------------------------------------+-------+--------+---------+-------+-------------------------------------+
| Name          | Status   |   Time |   Sum | Start               | tag                                                                                                               | msg   | Node   | User    | OS    | Version                             |
|---------------+----------+--------+-------+---------------------+-------------------------------------------------------------------------------------------------------------------+-------+--------+---------+-------+-------------------------------------|
| mpi-mergesort | ok       |  1.932 | 1.932 | 2022-11-19 12:20:21 | {'user': 'alex', 'node': 'v100', 'debug': False, 'size': 1000000, 'subsort': 'mp', 'sort': 'mpi', 'c': 1, 'p': 4} |       | c33    | haiyang | Linux | #1 SMP Tue Jul 26 14:15:37 UTC 2022 |
| mpi-generate  | ok       |  0.009 | 0.009 | 2022-11-19 12:20:21 | {'user': 'alex', 'node': 'v100', 'debug': False, 'size': 1000000, 'subsort': 'mp', 'sort': 'mpi', 'c': 1, 'p': 4} |       | c33    | haiyang | Linux | #1 SMP Tue Jul 26 14:15:37 UTC 2022 |
+---------------+----------+--------+-------+---------------------+-------------------------------------------------------------------------------------------------------------------+-------+--------+---------+-------+-------------------------------------+
# csv,timer,status,time,sum,start,tag,msg,uname.node,user,uname.system,platform.version
# csv,mpi-mergesort,ok,1.932,1.932,2022-11-19 12:20:21,{'user': 'alex', 'node': 'v100', 'debug': False, 'size': 1000000, 'subsort': 'mp', 'sort': 'mpi', 'c': 1, 'p': 4},None,c33,haiyang,Linux,#1 SMP Tue Jul 26 14:15:37 UTC 2022
# csv,mpi-generate,ok,0.009,0.009,2022-11-19 12:20:21,{'user': 'alex', 'node': 'v100', 'debug': False, 'size': 1000000, 'subsort': 'mp', 'sort': 'mpi', 'c': 1, 'p': 4},None,c33,haiyang,Linux,#1 SMP Tue Jul 26 14:15:37 UTC 2022


+---------------------------------+--------------------------------------------------------------+
| Attribute                       | Value                                                        |
|---------------------------------+--------------------------------------------------------------|
| ANSI_COLOR                      | "0;31"                                                       |
| BUG_REPORT_URL                  | "https://bugzilla.redhat.com/"                               |
| CPE_NAME                        | "cpe:/o:redhat:enterprise_linux:7.9:GA:server"               |
| HOME_URL                        | "https://www.redhat.com/"                                    |
| ID                              | "rhel"                                                       |
| ID_LIKE                         | "fedora"                                                     |
| NAME                            | "Red Hat Enterprise Linux Server"                            |
| PRETTY_NAME                     | "Red Hat Enterprise Linux Server 7.9 (Maipo)"                |
| REDHAT_BUGZILLA_PRODUCT         | "Red Hat Enterprise Linux 7"                                 |
| REDHAT_BUGZILLA_PRODUCT_VERSION | 7.9                                                          |
| REDHAT_SUPPORT_PRODUCT          | "Red Hat Enterprise Linux"                                   |
| REDHAT_SUPPORT_PRODUCT_VERSION  | "7.9"                                                        |
| VARIANT                         | "Server"                                                     |
| VARIANT_ID                      | "server"                                                     |
| VERSION                         | "7.9 (Maipo)"                                                |
| VERSION_ID                      | "7.9"                                                        |
| cpu                             | Intel(R) Xeon(R) CPU E5-2680 v3 @ 2.50GHz                    |
| cpu_cores                       | 24                                                           |
| cpu_count                       | 24                                                           |
| cpu_threads                     | 24                                                           |
| date                            | 2022-11-19 12:20:27.624396                                   |
| frequency                       | scpufreq(current=1.8027499999999999, min=1200.0, max=3300.0) |
| mem.active                      | 66.7 GiB                                                     |
| mem.available                   | 170.0 GiB                                                    |
| mem.free                        | 161.3 GiB                                                    |
| mem.inactive                    | 9.4 GiB                                                      |
| mem.percent                     | 32.3 %                                                       |
| mem.total                       | 251.1 GiB                                                    |
| mem.used                        | 74.1 GiB                                                     |
| platform.version                | #1 SMP Tue Jul 26 14:15:37 UTC 2022                          |
| python                          | 3.9.8 (main, Feb  8 2022, 08:35:13)                          |
|                                 | [GCC 6.3.0]                                                  |
| python.pip                      | 22.2.2                                                       |
| python.version                  | 3.9.8                                                        |
| sys.platform                    | linux                                                        |
| uname.machine                   | x86_64                                                       |
| uname.node                      | c33                                                          |
| uname.processor                 | x86_64                                                       |
| uname.release                   | 3.10.0-1160.76.1.el7.x86_64                                  |
| uname.system                    | Linux                                                        |
| uname.version                   | #1 SMP Tue Jul 26 14:15:37 UTC 2022                          |
| user                            | haiyang                                                      |
+---------------------------------+--------------------------------------------------------------+

+---------------+----------+--------+-------+---------------------+-------------------------------------------------------------------------------------------------------------------+-------+--------+---------+-------+-------------------------------------+
| Name          | Status   |   Time |   Sum | Start               | tag                                                                                                               | msg   | Node   | User    | OS    | Version                             |
|---------------+----------+--------+-------+---------------------+-------------------------------------------------------------------------------------------------------------------+-------+--------+---------+-------+-------------------------------------|
| mpi-mergesort | ok       |  1.932 | 1.932 | 2022-11-19 12:20:25 | {'user': 'alex', 'node': 'v100', 'debug': False, 'size': 1000000, 'subsort': 'mp', 'sort': 'mpi', 'c': 1, 'p': 4} |       | c33    | haiyang | Linux | #1 SMP Tue Jul 26 14:15:37 UTC 2022 |
| mpi-generate  | ok       |  0.009 | 0.009 | 2022-11-19 12:20:25 | {'user': 'alex', 'node': 'v100', 'debug': False, 'size': 1000000, 'subsort': 'mp', 'sort': 'mpi', 'c': 1, 'p': 4} |       | c33    | haiyang | Linux | #1 SMP Tue Jul 26 14:15:37 UTC 2022 |
+---------------+----------+--------+-------+---------------------+-------------------------------------------------------------------------------------------------------------------+-------+--------+---------+-------+-------------------------------------+
# csv,timer,status,time,sum,start,tag,msg,uname.node,user,uname.system,platform.version
# csv,mpi-mergesort,ok,1.932,1.932,2022-11-19 12:20:25,{'user': 'alex', 'node': 'v100', 'debug': False, 'size': 1000000, 'subsort': 'mp', 'sort': 'mpi', 'c': 1, 'p': 4},None,c33,haiyang,Linux,#1 SMP Tue Jul 26 14:15:37 UTC 2022
# csv,mpi-generate,ok,0.009,0.009,2022-11-19 12:20:25,{'user': 'alex', 'node': 'v100', 'debug': False, 'size': 1000000, 'subsort': 'mp', 'sort': 'mpi', 'c': 1, 'p': 4},None,c33,haiyang,Linux,#1 SMP Tue Jul 26 14:15:37 UTC 2022


+---------------------------------+----------------------------------------------------+
| Attribute                       | Value                                              |
|---------------------------------+----------------------------------------------------|
| ANSI_COLOR                      | "0;31"                                             |
| BUG_REPORT_URL                  | "https://bugzilla.redhat.com/"                     |
| CPE_NAME                        | "cpe:/o:redhat:enterprise_linux:7.9:GA:server"     |
| HOME_URL                        | "https://www.redhat.com/"                          |
| ID                              | "rhel"                                             |
| ID_LIKE                         | "fedora"                                           |
| NAME                            | "Red Hat Enterprise Linux Server"                  |
| PRETTY_NAME                     | "Red Hat Enterprise Linux Server 7.9 (Maipo)"      |
| REDHAT_BUGZILLA_PRODUCT         | "Red Hat Enterprise Linux 7"                       |
| REDHAT_BUGZILLA_PRODUCT_VERSION | 7.9                                                |
| REDHAT_SUPPORT_PRODUCT          | "Red Hat Enterprise Linux"                         |
| REDHAT_SUPPORT_PRODUCT_VERSION  | "7.9"                                              |
| VARIANT                         | "Server"                                           |
| VARIANT_ID                      | "server"                                           |
| VERSION                         | "7.9 (Maipo)"                                      |
| VERSION_ID                      | "7.9"                                              |
| cpu                             | Intel(R) Xeon(R) CPU E5-2680 v3 @ 2.50GHz          |
| cpu_cores                       | 24                                                 |
| cpu_count                       | 24                                                 |
| cpu_threads                     | 24                                                 |
| date                            | 2022-11-19 12:20:32.248824                         |
| frequency                       | scpufreq(current=2.005375, min=1200.0, max=3300.0) |
| mem.active                      | 66.7 GiB                                           |
| mem.available                   | 170.0 GiB                                          |
| mem.free                        | 161.1 GiB                                          |
| mem.inactive                    | 9.6 GiB                                            |
| mem.percent                     | 32.3 %                                             |
| mem.total                       | 251.1 GiB                                          |
| mem.used                        | 74.1 GiB                                           |
| platform.version                | #1 SMP Tue Jul 26 14:15:37 UTC 2022                |
| python                          | 3.9.8 (main, Feb  8 2022, 08:35:13)                |
|                                 | [GCC 6.3.0]                                        |
| python.pip                      | 22.2.2                                             |
| python.version                  | 3.9.8                                              |
| sys.platform                    | linux                                              |
| uname.machine                   | x86_64                                             |
| uname.node                      | c33                                                |
| uname.processor                 | x86_64                                             |
| uname.release                   | 3.10.0-1160.76.1.el7.x86_64                        |
| uname.system                    | Linux                                              |
| uname.version                   | #1 SMP Tue Jul 26 14:15:37 UTC 2022                |
| user                            | haiyang                                            |
+---------------------------------+----------------------------------------------------+

+---------------+----------+--------+-------+---------------------+-------------------------------------------------------------------------------------------------------------------+-------+--------+---------+-------+-------------------------------------+
| Name          | Status   |   Time |   Sum | Start               | tag                                                                                                               | msg   | Node   | User    | OS    | Version                             |
|---------------+----------+--------+-------+---------------------+-------------------------------------------------------------------------------------------------------------------+-------+--------+---------+-------+-------------------------------------|
| mpi-mergesort | ok       |  1.939 | 1.939 | 2022-11-19 12:20:30 | {'user': 'alex', 'node': 'v100', 'debug': False, 'size': 1000000, 'subsort': 'mp', 'sort': 'mpi', 'c': 1, 'p': 4} |       | c33    | haiyang | Linux | #1 SMP Tue Jul 26 14:15:37 UTC 2022 |
| mpi-generate  | ok       |  0.009 | 0.009 | 2022-11-19 12:20:30 | {'user': 'alex', 'node': 'v100', 'debug': False, 'size': 1000000, 'subsort': 'mp', 'sort': 'mpi', 'c': 1, 'p': 4} |       | c33    | haiyang | Linux | #1 SMP Tue Jul 26 14:15:37 UTC 2022 |
+---------------+----------+--------+-------+---------------------+-------------------------------------------------------------------------------------------------------------------+-------+--------+---------+-------+-------------------------------------+
# csv,timer,status,time,sum,start,tag,msg,uname.node,user,uname.system,platform.version
# csv,mpi-mergesort,ok,1.939,1.939,2022-11-19 12:20:30,{'user': 'alex', 'node': 'v100', 'debug': False, 'size': 1000000, 'subsort': 'mp', 'sort': 'mpi', 'c': 1, 'p': 4},None,c33,haiyang,Linux,#1 SMP Tue Jul 26 14:15:37 UTC 2022
# csv,mpi-generate,ok,0.009,0.009,2022-11-19 12:20:30,{'user': 'alex', 'node': 'v100', 'debug': False, 'size': 1000000, 'subsort': 'mp', 'sort': 'mpi', 'c': 1, 'p': 4},None,c33,haiyang,Linux,#1 SMP Tue Jul 26 14:15:37 UTC 2022


+---------------------------------+--------------------------------------------------------------+
| Attribute                       | Value                                                        |
|---------------------------------+--------------------------------------------------------------|
| ANSI_COLOR                      | "0;31"                                                       |
| BUG_REPORT_URL                  | "https://bugzilla.redhat.com/"                               |
| CPE_NAME                        | "cpe:/o:redhat:enterprise_linux:7.9:GA:server"               |
| HOME_URL                        | "https://www.redhat.com/"                                    |
| ID                              | "rhel"                                                       |
| ID_LIKE                         | "fedora"                                                     |
| NAME                            | "Red Hat Enterprise Linux Server"                            |
| PRETTY_NAME                     | "Red Hat Enterprise Linux Server 7.9 (Maipo)"                |
| REDHAT_BUGZILLA_PRODUCT         | "Red Hat Enterprise Linux 7"                                 |
| REDHAT_BUGZILLA_PRODUCT_VERSION | 7.9                                                          |
| REDHAT_SUPPORT_PRODUCT          | "Red Hat Enterprise Linux"                                   |
| REDHAT_SUPPORT_PRODUCT_VERSION  | "7.9"                                                        |
| VARIANT                         | "Server"                                                     |
| VARIANT_ID                      | "server"                                                     |
| VERSION                         | "7.9 (Maipo)"                                                |
| VERSION_ID                      | "7.9"                                                        |
| cpu                             | Intel(R) Xeon(R) CPU E5-2680 v3 @ 2.50GHz                    |
| cpu_cores                       | 24                                                           |
| cpu_count                       | 24                                                           |
| cpu_threads                     | 24                                                           |
| date                            | 2022-11-19 12:20:36.892596                                   |
| frequency                       | scpufreq(current=1.9399583333333332, min=1200.0, max=3300.0) |
| mem.active                      | 66.7 GiB                                                     |
| mem.available                   | 170.0 GiB                                                    |
| mem.free                        | 161.0 GiB                                                    |
| mem.inactive                    | 9.8 GiB                                                      |
| mem.percent                     | 32.3 %                                                       |
| mem.total                       | 251.1 GiB                                                    |
| mem.used                        | 74.1 GiB                                                     |
| platform.version                | #1 SMP Tue Jul 26 14:15:37 UTC 2022                          |
| python                          | 3.9.8 (main, Feb  8 2022, 08:35:13)                          |
|                                 | [GCC 6.3.0]                                                  |
| python.pip                      | 22.2.2                                                       |
| python.version                  | 3.9.8                                                        |
| sys.platform                    | linux                                                        |
| uname.machine                   | x86_64                                                       |
| uname.node                      | c33                                                          |
| uname.processor                 | x86_64                                                       |
| uname.release                   | 3.10.0-1160.76.1.el7.x86_64                                  |
| uname.system                    | Linux                                                        |
| uname.version                   | #1 SMP Tue Jul 26 14:15:37 UTC 2022                          |
| user                            | haiyang                                                      |
+---------------------------------+--------------------------------------------------------------+

+---------------+----------+--------+-------+---------------------+-------------------------------------------------------------------------------------------------------------------+-------+--------+---------+-------+-------------------------------------+
| Name          | Status   |   Time |   Sum | Start               | tag                                                                                                               | msg   | Node   | User    | OS    | Version                             |
|---------------+----------+--------+-------+---------------------+-------------------------------------------------------------------------------------------------------------------+-------+--------+---------+-------+-------------------------------------|
| mpi-mergesort | ok       |  1.959 | 1.959 | 2022-11-19 12:20:34 | {'user': 'alex', 'node': 'v100', 'debug': False, 'size': 1000000, 'subsort': 'mp', 'sort': 'mpi', 'c': 1, 'p': 4} |       | c33    | haiyang | Linux | #1 SMP Tue Jul 26 14:15:37 UTC 2022 |
| mpi-generate  | ok       |  0.009 | 0.009 | 2022-11-19 12:20:34 | {'user': 'alex', 'node': 'v100', 'debug': False, 'size': 1000000, 'subsort': 'mp', 'sort': 'mpi', 'c': 1, 'p': 4} |       | c33    | haiyang | Linux | #1 SMP Tue Jul 26 14:15:37 UTC 2022 |
+---------------+----------+--------+-------+---------------------+-------------------------------------------------------------------------------------------------------------------+-------+--------+---------+-------+-------------------------------------+
# csv,timer,status,time,sum,start,tag,msg,uname.node,user,uname.system,platform.version
# csv,mpi-mergesort,ok,1.959,1.959,2022-11-19 12:20:34,{'user': 'alex', 'node': 'v100', 'debug': False, 'size': 1000000, 'subsort': 'mp', 'sort': 'mpi', 'c': 1, 'p': 4},None,c33,haiyang,Linux,#1 SMP Tue Jul 26 14:15:37 UTC 2022
# csv,mpi-generate,ok,0.009,0.009,2022-11-19 12:20:34,{'user': 'alex', 'node': 'v100', 'debug': False, 'size': 1000000, 'subsort': 'mp', 'sort': 'mpi', 'c': 1, 'p': 4},None,c33,haiyang,Linux,#1 SMP Tue Jul 26 14:15:37 UTC 2022


+---------------------------------+--------------------------------------------------------------+
| Attribute                       | Value                                                        |
|---------------------------------+--------------------------------------------------------------|
| ANSI_COLOR                      | "0;31"                                                       |
| BUG_REPORT_URL                  | "https://bugzilla.redhat.com/"                               |
| CPE_NAME                        | "cpe:/o:redhat:enterprise_linux:7.9:GA:server"               |
| HOME_URL                        | "https://www.redhat.com/"                                    |
| ID                              | "rhel"                                                       |
| ID_LIKE                         | "fedora"                                                     |
| NAME                            | "Red Hat Enterprise Linux Server"                            |
| PRETTY_NAME                     | "Red Hat Enterprise Linux Server 7.9 (Maipo)"                |
| REDHAT_BUGZILLA_PRODUCT         | "Red Hat Enterprise Linux 7"                                 |
| REDHAT_BUGZILLA_PRODUCT_VERSION | 7.9                                                          |
| REDHAT_SUPPORT_PRODUCT          | "Red Hat Enterprise Linux"                                   |
| REDHAT_SUPPORT_PRODUCT_VERSION  | "7.9"                                                        |
| VARIANT                         | "Server"                                                     |
| VARIANT_ID                      | "server"                                                     |
| VERSION                         | "7.9 (Maipo)"                                                |
| VERSION_ID                      | "7.9"                                                        |
| cpu                             | Intel(R) Xeon(R) CPU E5-2680 v3 @ 2.50GHz                    |
| cpu_cores                       | 24                                                           |
| cpu_count                       | 24                                                           |
| cpu_threads                     | 24                                                           |
| date                            | 2022-11-19 12:20:41.469535                                   |
| frequency                       | scpufreq(current=1.9276666666666664, min=1200.0, max=3300.0) |
| mem.active                      | 66.7 GiB                                                     |
| mem.available                   | 170.0 GiB                                                    |
| mem.free                        | 160.8 GiB                                                    |
| mem.inactive                    | 9.9 GiB                                                      |
| mem.percent                     | 32.3 %                                                       |
| mem.total                       | 251.1 GiB                                                    |
| mem.used                        | 74.2 GiB                                                     |
| platform.version                | #1 SMP Tue Jul 26 14:15:37 UTC 2022                          |
| python                          | 3.9.8 (main, Feb  8 2022, 08:35:13)                          |
|                                 | [GCC 6.3.0]                                                  |
| python.pip                      | 22.2.2                                                       |
| python.version                  | 3.9.8                                                        |
| sys.platform                    | linux                                                        |
| uname.machine                   | x86_64                                                       |
| uname.node                      | c33                                                          |
| uname.processor                 | x86_64                                                       |
| uname.release                   | 3.10.0-1160.76.1.el7.x86_64                                  |
| uname.system                    | Linux                                                        |
| uname.version                   | #1 SMP Tue Jul 26 14:15:37 UTC 2022                          |
| user                            | haiyang                                                      |
+---------------------------------+--------------------------------------------------------------+

+---------------+----------+--------+-------+---------------------+-------------------------------------------------------------------------------------------------------------------+-------+--------+---------+-------+-------------------------------------+
| Name          | Status   |   Time |   Sum | Start               | tag                                                                                                               | msg   | Node   | User    | OS    | Version                             |
|---------------+----------+--------+-------+---------------------+-------------------------------------------------------------------------------------------------------------------+-------+--------+---------+-------+-------------------------------------|
| mpi-mergesort | ok       |  1.913 | 1.913 | 2022-11-19 12:20:39 | {'user': 'alex', 'node': 'v100', 'debug': False, 'size': 1000000, 'subsort': 'mp', 'sort': 'mpi', 'c': 1, 'p': 4} |       | c33    | haiyang | Linux | #1 SMP Tue Jul 26 14:15:37 UTC 2022 |
| mpi-generate  | ok       |  0.009 | 0.009 | 2022-11-19 12:20:39 | {'user': 'alex', 'node': 'v100', 'debug': False, 'size': 1000000, 'subsort': 'mp', 'sort': 'mpi', 'c': 1, 'p': 4} |       | c33    | haiyang | Linux | #1 SMP Tue Jul 26 14:15:37 UTC 2022 |
+---------------+----------+--------+-------+---------------------+-------------------------------------------------------------------------------------------------------------------+-------+--------+---------+-------+-------------------------------------+
# csv,timer,status,time,sum,start,tag,msg,uname.node,user,uname.system,platform.version
# csv,mpi-mergesort,ok,1.913,1.913,2022-11-19 12:20:39,{'user': 'alex', 'node': 'v100', 'debug': False, 'size': 1000000, 'subsort': 'mp', 'sort': 'mpi', 'c': 1, 'p': 4},None,c33,haiyang,Linux,#1 SMP Tue Jul 26 14:15:37 UTC 2022
# csv,mpi-generate,ok,0.009,0.009,2022-11-19 12:20:39,{'user': 'alex', 'node': 'v100', 'debug': False, 'size': 1000000, 'subsort': 'mp', 'sort': 'mpi', 'c': 1, 'p': 4},None,c33,haiyang,Linux,#1 SMP Tue Jul 26 14:15:37 UTC 2022


+---------------------------------+--------------------------------------------------------------+
| Attribute                       | Value                                                        |
|---------------------------------+--------------------------------------------------------------|
| ANSI_COLOR                      | "0;31"                                                       |
| BUG_REPORT_URL                  | "https://bugzilla.redhat.com/"                               |
| CPE_NAME                        | "cpe:/o:redhat:enterprise_linux:7.9:GA:server"               |
| HOME_URL                        | "https://www.redhat.com/"                                    |
| ID                              | "rhel"                                                       |
| ID_LIKE                         | "fedora"                                                     |
| NAME                            | "Red Hat Enterprise Linux Server"                            |
| PRETTY_NAME                     | "Red Hat Enterprise Linux Server 7.9 (Maipo)"                |
| REDHAT_BUGZILLA_PRODUCT         | "Red Hat Enterprise Linux 7"                                 |
| REDHAT_BUGZILLA_PRODUCT_VERSION | 7.9                                                          |
| REDHAT_SUPPORT_PRODUCT          | "Red Hat Enterprise Linux"                                   |
| REDHAT_SUPPORT_PRODUCT_VERSION  | "7.9"                                                        |
| VARIANT                         | "Server"                                                     |
| VARIANT_ID                      | "server"                                                     |
| VERSION                         | "7.9 (Maipo)"                                                |
| VERSION_ID                      | "7.9"                                                        |
| cpu                             | Intel(R) Xeon(R) CPU E5-2680 v3 @ 2.50GHz                    |
| cpu_cores                       | 24                                                           |
| cpu_count                       | 24                                                           |
| cpu_threads                     | 24                                                           |
| date                            | 2022-11-19 12:20:45.993076                                   |
| frequency                       | scpufreq(current=1.9209583333333333, min=1200.0, max=3300.0) |
| mem.active                      | 66.7 GiB                                                     |
| mem.available                   | 169.9 GiB                                                    |
| mem.free                        | 160.6 GiB                                                    |
| mem.inactive                    | 10.1 GiB                                                     |
| mem.percent                     | 32.3 %                                                       |
| mem.total                       | 251.1 GiB                                                    |
| mem.used                        | 74.2 GiB                                                     |
| platform.version                | #1 SMP Tue Jul 26 14:15:37 UTC 2022                          |
| python                          | 3.9.8 (main, Feb  8 2022, 08:35:13)                          |
|                                 | [GCC 6.3.0]                                                  |
| python.pip                      | 22.2.2                                                       |
| python.version                  | 3.9.8                                                        |
| sys.platform                    | linux                                                        |
| uname.machine                   | x86_64                                                       |
| uname.node                      | c33                                                          |
| uname.processor                 | x86_64                                                       |
| uname.release                   | 3.10.0-1160.76.1.el7.x86_64                                  |
| uname.system                    | Linux                                                        |
| uname.version                   | #1 SMP Tue Jul 26 14:15:37 UTC 2022                          |
| user                            | haiyang                                                      |
+---------------------------------+--------------------------------------------------------------+

+---------------+----------+--------+-------+---------------------+-------------------------------------------------------------------------------------------------------------------+-------+--------+---------+-------+-------------------------------------+
| Name          | Status   |   Time |   Sum | Start               | tag                                                                                                               | msg   | Node   | User    | OS    | Version                             |
|---------------+----------+--------+-------+---------------------+-------------------------------------------------------------------------------------------------------------------+-------+--------+---------+-------+-------------------------------------|
| mpi-mergesort | ok       |  1.965 | 1.965 | 2022-11-19 12:20:44 | {'user': 'alex', 'node': 'v100', 'debug': False, 'size': 1000000, 'subsort': 'mp', 'sort': 'mpi', 'c': 1, 'p': 4} |       | c33    | haiyang | Linux | #1 SMP Tue Jul 26 14:15:37 UTC 2022 |
| mpi-generate  | ok       |  0.009 | 0.009 | 2022-11-19 12:20:44 | {'user': 'alex', 'node': 'v100', 'debug': False, 'size': 1000000, 'subsort': 'mp', 'sort': 'mpi', 'c': 1, 'p': 4} |       | c33    | haiyang | Linux | #1 SMP Tue Jul 26 14:15:37 UTC 2022 |
+---------------+----------+--------+-------+---------------------+-------------------------------------------------------------------------------------------------------------------+-------+--------+---------+-------+-------------------------------------+
# csv,timer,status,time,sum,start,tag,msg,uname.node,user,uname.system,platform.version
# csv,mpi-mergesort,ok,1.965,1.965,2022-11-19 12:20:44,{'user': 'alex', 'node': 'v100', 'debug': False, 'size': 1000000, 'subsort': 'mp', 'sort': 'mpi', 'c': 1, 'p': 4},None,c33,haiyang,Linux,#1 SMP Tue Jul 26 14:15:37 UTC 2022
# csv,mpi-generate,ok,0.009,0.009,2022-11-19 12:20:44,{'user': 'alex', 'node': 'v100', 'debug': False, 'size': 1000000, 'subsort': 'mp', 'sort': 'mpi', 'c': 1, 'p': 4},None,c33,haiyang,Linux,#1 SMP Tue Jul 26 14:15:37 UTC 2022


+---------------------------------+--------------------------------------------------------------+
| Attribute                       | Value                                                        |
|---------------------------------+--------------------------------------------------------------|
| ANSI_COLOR                      | "0;31"                                                       |
| BUG_REPORT_URL                  | "https://bugzilla.redhat.com/"                               |
| CPE_NAME                        | "cpe:/o:redhat:enterprise_linux:7.9:GA:server"               |
| HOME_URL                        | "https://www.redhat.com/"                                    |
| ID                              | "rhel"                                                       |
| ID_LIKE                         | "fedora"                                                     |
| NAME                            | "Red Hat Enterprise Linux Server"                            |
| PRETTY_NAME                     | "Red Hat Enterprise Linux Server 7.9 (Maipo)"                |
| REDHAT_BUGZILLA_PRODUCT         | "Red Hat Enterprise Linux 7"                                 |
| REDHAT_BUGZILLA_PRODUCT_VERSION | 7.9                                                          |
| REDHAT_SUPPORT_PRODUCT          | "Red Hat Enterprise Linux"                                   |
| REDHAT_SUPPORT_PRODUCT_VERSION  | "7.9"                                                        |
| VARIANT                         | "Server"                                                     |
| VARIANT_ID                      | "server"                                                     |
| VERSION                         | "7.9 (Maipo)"                                                |
| VERSION_ID                      | "7.9"                                                        |
| cpu                             | Intel(R) Xeon(R) CPU E5-2680 v3 @ 2.50GHz                    |
| cpu_cores                       | 24                                                           |
| cpu_count                       | 24                                                           |
| cpu_threads                     | 24                                                           |
| date                            | 2022-11-19 12:20:50.602894                                   |
| frequency                       | scpufreq(current=1.9126249999999991, min=1200.0, max=3300.0) |
| mem.active                      | 66.7 GiB                                                     |
| mem.available                   | 169.9 GiB                                                    |
| mem.free                        | 160.4 GiB                                                    |
| mem.inactive                    | 10.2 GiB                                                     |
| mem.percent                     | 32.3 %                                                       |
| mem.total                       | 251.1 GiB                                                    |
| mem.used                        | 74.2 GiB                                                     |
| platform.version                | #1 SMP Tue Jul 26 14:15:37 UTC 2022                          |
| python                          | 3.9.8 (main, Feb  8 2022, 08:35:13)                          |
|                                 | [GCC 6.3.0]                                                  |
| python.pip                      | 22.2.2                                                       |
| python.version                  | 3.9.8                                                        |
| sys.platform                    | linux                                                        |
| uname.machine                   | x86_64                                                       |
| uname.node                      | c33                                                          |
| uname.processor                 | x86_64                                                       |
| uname.release                   | 3.10.0-1160.76.1.el7.x86_64                                  |
| uname.system                    | Linux                                                        |
| uname.version                   | #1 SMP Tue Jul 26 14:15:37 UTC 2022                          |
| user                            | haiyang                                                      |
+---------------------------------+--------------------------------------------------------------+

+---------------+----------+--------+-------+---------------------+-------------------------------------------------------------------------------------------------------------------+-------+--------+---------+-------+-------------------------------------+
| Name          | Status   |   Time |   Sum | Start               | tag                                                                                                               | msg   | Node   | User    | OS    | Version                             |
|---------------+----------+--------+-------+---------------------+-------------------------------------------------------------------------------------------------------------------+-------+--------+---------+-------+-------------------------------------|
| mpi-mergesort | ok       |  1.93  | 1.93  | 2022-11-19 12:20:48 | {'user': 'alex', 'node': 'v100', 'debug': False, 'size': 1000000, 'subsort': 'mp', 'sort': 'mpi', 'c': 1, 'p': 4} |       | c33    | haiyang | Linux | #1 SMP Tue Jul 26 14:15:37 UTC 2022 |
| mpi-generate  | ok       |  0.009 | 0.009 | 2022-11-19 12:20:48 | {'user': 'alex', 'node': 'v100', 'debug': False, 'size': 1000000, 'subsort': 'mp', 'sort': 'mpi', 'c': 1, 'p': 4} |       | c33    | haiyang | Linux | #1 SMP Tue Jul 26 14:15:37 UTC 2022 |
+---------------+----------+--------+-------+---------------------+-------------------------------------------------------------------------------------------------------------------+-------+--------+---------+-------+-------------------------------------+
# csv,timer,status,time,sum,start,tag,msg,uname.node,user,uname.system,platform.version
# csv,mpi-mergesort,ok,1.93,1.93,2022-11-19 12:20:48,{'user': 'alex', 'node': 'v100', 'debug': False, 'size': 1000000, 'subsort': 'mp', 'sort': 'mpi', 'c': 1, 'p': 4},None,c33,haiyang,Linux,#1 SMP Tue Jul 26 14:15:37 UTC 2022
# csv,mpi-generate,ok,0.009,0.009,2022-11-19 12:20:48,{'user': 'alex', 'node': 'v100', 'debug': False, 'size': 1000000, 'subsort': 'mp', 'sort': 'mpi', 'c': 1, 'p': 4},None,c33,haiyang,Linux,#1 SMP Tue Jul 26 14:15:37 UTC 2022


+---------------------------------+--------------------------------------------------------------+
| Attribute                       | Value                                                        |
|---------------------------------+--------------------------------------------------------------|
| ANSI_COLOR                      | "0;31"                                                       |
| BUG_REPORT_URL                  | "https://bugzilla.redhat.com/"                               |
| CPE_NAME                        | "cpe:/o:redhat:enterprise_linux:7.9:GA:server"               |
| HOME_URL                        | "https://www.redhat.com/"                                    |
| ID                              | "rhel"                                                       |
| ID_LIKE                         | "fedora"                                                     |
| NAME                            | "Red Hat Enterprise Linux Server"                            |
| PRETTY_NAME                     | "Red Hat Enterprise Linux Server 7.9 (Maipo)"                |
| REDHAT_BUGZILLA_PRODUCT         | "Red Hat Enterprise Linux 7"                                 |
| REDHAT_BUGZILLA_PRODUCT_VERSION | 7.9                                                          |
| REDHAT_SUPPORT_PRODUCT          | "Red Hat Enterprise Linux"                                   |
| REDHAT_SUPPORT_PRODUCT_VERSION  | "7.9"                                                        |
| VARIANT                         | "Server"                                                     |
| VARIANT_ID                      | "server"                                                     |
| VERSION                         | "7.9 (Maipo)"                                                |
| VERSION_ID                      | "7.9"                                                        |
| cpu                             | Intel(R) Xeon(R) CPU E5-2680 v3 @ 2.50GHz                    |
| cpu_cores                       | 24                                                           |
| cpu_count                       | 24                                                           |
| cpu_threads                     | 24                                                           |
| date                            | 2022-11-19 12:20:55.201148                                   |
| frequency                       | scpufreq(current=1.9013333333333329, min=1200.0, max=3300.0) |
| mem.active                      | 66.8 GiB                                                     |
| mem.available                   | 169.7 GiB                                                    |
| mem.free                        | 160.1 GiB                                                    |
| mem.inactive                    | 10.4 GiB                                                     |
| mem.percent                     | 32.4 %                                                       |
| mem.total                       | 251.1 GiB                                                    |
| mem.used                        | 74.4 GiB                                                     |
| platform.version                | #1 SMP Tue Jul 26 14:15:37 UTC 2022                          |
| python                          | 3.9.8 (main, Feb  8 2022, 08:35:13)                          |
|                                 | [GCC 6.3.0]                                                  |
| python.pip                      | 22.2.2                                                       |
| python.version                  | 3.9.8                                                        |
| sys.platform                    | linux                                                        |
| uname.machine                   | x86_64                                                       |
| uname.node                      | c33                                                          |
| uname.processor                 | x86_64                                                       |
| uname.release                   | 3.10.0-1160.76.1.el7.x86_64                                  |
| uname.system                    | Linux                                                        |
| uname.version                   | #1 SMP Tue Jul 26 14:15:37 UTC 2022                          |
| user                            | haiyang                                                      |
+---------------------------------+--------------------------------------------------------------+

+---------------+----------+--------+-------+---------------------+-------------------------------------------------------------------------------------------------------------------+-------+--------+---------+-------+-------------------------------------+
| Name          | Status   |   Time |   Sum | Start               | tag                                                                                                               | msg   | Node   | User    | OS    | Version                             |
|---------------+----------+--------+-------+---------------------+-------------------------------------------------------------------------------------------------------------------+-------+--------+---------+-------+-------------------------------------|
| mpi-mergesort | ok       |  1.925 | 1.925 | 2022-11-19 12:20:53 | {'user': 'alex', 'node': 'v100', 'debug': False, 'size': 1000000, 'subsort': 'mp', 'sort': 'mpi', 'c': 1, 'p': 4} |       | c33    | haiyang | Linux | #1 SMP Tue Jul 26 14:15:37 UTC 2022 |
| mpi-generate  | ok       |  0.009 | 0.009 | 2022-11-19 12:20:53 | {'user': 'alex', 'node': 'v100', 'debug': False, 'size': 1000000, 'subsort': 'mp', 'sort': 'mpi', 'c': 1, 'p': 4} |       | c33    | haiyang | Linux | #1 SMP Tue Jul 26 14:15:37 UTC 2022 |
+---------------+----------+--------+-------+---------------------+-------------------------------------------------------------------------------------------------------------------+-------+--------+---------+-------+-------------------------------------+
# csv,timer,status,time,sum,start,tag,msg,uname.node,user,uname.system,platform.version
# csv,mpi-mergesort,ok,1.925,1.925,2022-11-19 12:20:53,{'user': 'alex', 'node': 'v100', 'debug': False, 'size': 1000000, 'subsort': 'mp', 'sort': 'mpi', 'c': 1, 'p': 4},None,c33,haiyang,Linux,#1 SMP Tue Jul 26 14:15:37 UTC 2022
# csv,mpi-generate,ok,0.009,0.009,2022-11-19 12:20:53,{'user': 'alex', 'node': 'v100', 'debug': False, 'size': 1000000, 'subsort': 'mp', 'sort': 'mpi', 'c': 1, 'p': 4},None,c33,haiyang,Linux,#1 SMP Tue Jul 26 14:15:37 UTC 2022

