Args.Debug:     False
Starting experiment
Log:       output.log
Processes: 4
Size:      500
Repeat:    10
Clear:     False
Debug:     False
Algorithm: mpi
ID:        0
Tag:       None
Total:     10
Experiment 9         : size=500 processes=4 id=0 repeat=0 last_time=undefined                     
[0m[0m[0m[0mExperiment 8         : size=500 processes=4 id=0 repeat=1 last_time=10.8889                     
[0m[0m[0m[0mExperiment 7         : size=500 processes=4 id=0 repeat=2 last_time=4.9373                     
[0m[0m[0m[0mExperiment 6         : size=500 processes=4 id=0 repeat=3 last_time=5.3249                     
[0m[0m[0m[0mExperiment 5         : size=500 processes=4 id=0 repeat=4 last_time=2.8208                     
[0m[0m[0m[0mExperiment 4         : size=500 processes=4 id=0 repeat=5 last_time=3.0139                     
[0m[0m[0m[0mExperiment 3         : size=500 processes=4 id=0 repeat=6 last_time=2.8275                     
[0m[0m[0m[0mExperiment 2         : size=500 processes=4 id=0 repeat=7 last_time=2.9387                     
[0m[0m[0m[0mExperiment 1         : size=500 processes=4 id=0 repeat=8 last_time=2.8923                     
[0m[0m[0m[0mExperiment 0         : size=500 processes=4 id=0 repeat=9 last_time=2.8491                     
[0m[0m[0m[0m
+---------------------------------+-------------------------------------------------------------+
| Attribute                       | Value                                                       |
|---------------------------------+-------------------------------------------------------------|
| ANSI_COLOR                      | "0;31"                                                      |
| BUG_REPORT_URL                  | "https://bugzilla.redhat.com/"                              |
| CPE_NAME                        | "cpe:/o:redhat:enterprise_linux:7.9:GA:server"              |
| HOME_URL                        | "https://www.redhat.com/"                                   |
| ID                              | "rhel"                                                      |
| ID_LIKE                         | "fedora"                                                    |
| NAME                            | "Red Hat Enterprise Linux Server"                           |
| PRETTY_NAME                     | "Red Hat Enterprise Linux Server 7.9 (Maipo)"               |
| REDHAT_BUGZILLA_PRODUCT         | "Red Hat Enterprise Linux 7"                                |
| REDHAT_BUGZILLA_PRODUCT_VERSION | 7.9                                                         |
| REDHAT_SUPPORT_PRODUCT          | "Red Hat Enterprise Linux"                                  |
| REDHAT_SUPPORT_PRODUCT_VERSION  | "7.9"                                                       |
| VARIANT                         | "Server"                                                    |
| VARIANT_ID                      | "server"                                                    |
| VERSION                         | "7.9 (Maipo)"                                               |
| VERSION_ID                      | "7.9"                                                       |
| cpu                             | Intel(R) Xeon(R) CPU E5-2680 v3 @ 2.50GHz                   |
| cpu_cores                       | 24                                                          |
| cpu_count                       | 24                                                          |
| cpu_threads                     | 24                                                          |
| date                            | 2022-11-04 22:54:47.288678                                  |
| frequency                       | scpufreq(current=2.079708333333333, min=1200.0, max=3300.0) |
| mem.active                      | 20.7 GiB                                                    |
| mem.available                   | 149.0 GiB                                                   |
| mem.free                        | 14.8 GiB                                                    |
| mem.inactive                    | 134.9 GiB                                                   |
| mem.percent                     | 40.7 %                                                      |
| mem.total                       | 251.2 GiB                                                   |
| mem.used                        | 82.9 GiB                                                    |
| platform.version                | #1 SMP Tue Jul 26 14:15:37 UTC 2022                         |
| python                          | 3.9.8 (main, Feb  8 2022, 08:35:13)                         |
|                                 | [GCC 6.3.0]                                                 |
| python.pip                      | 22.2.2                                                      |
| python.version                  | 3.9.8                                                       |
| sys.platform                    | linux                                                       |
| uname.machine                   | x86_64                                                      |
| uname.node                      | h1.carbonate.uits.iu.edu                                    |
| uname.processor                 | x86_64                                                      |
| uname.release                   | 3.10.0-1160.76.1.el7.x86_64                                 |
| uname.system                    | Linux                                                       |
| uname.version                   | #1 SMP Tue Jul 26 14:15:37 UTC 2022                         |
| user                            | haiyang                                                     |
+---------------------------------+-------------------------------------------------------------+

+---------------------------------+----------+--------+--------+---------------------+--------------------------------------------------------------------------------------------------------------+-------+--------------------------+---------+-------+-------------------------------------+
| Name                            | Status   |   Time |    Sum | Start               | tag                                                                                                          | msg   | Node                     | User    | OS    | Version                             |
|---------------------------------+----------+--------+--------+---------------------+--------------------------------------------------------------------------------------------------------------+-------+--------------------------+---------+-------+-------------------------------------|
| mpi-v100-alex-500-4-None-None-0 | ok       | 10.889 | 10.889 | 2022-11-04 22:54:05 | {'p': 4, 'size': 500, 'repeat': 10, 'sort': 'mpi', 'user': 'alex', 'node': 'v100', 't': 'None', 'c': 'None'} |       | h1.carbonate.uits.iu.edu | haiyang | Linux | #1 SMP Tue Jul 26 14:15:37 UTC 2022 |
| mpi-v100-alex-500-4-None-None-1 | ok       |  4.937 |  4.937 | 2022-11-04 22:54:16 | {'p': 4, 'size': 500, 'repeat': 10, 'sort': 'mpi', 'user': 'alex', 'node': 'v100', 't': 'None', 'c': 'None'} |       | h1.carbonate.uits.iu.edu | haiyang | Linux | #1 SMP Tue Jul 26 14:15:37 UTC 2022 |
| mpi-v100-alex-500-4-None-None-2 | ok       |  5.325 |  5.325 | 2022-11-04 22:54:21 | {'p': 4, 'size': 500, 'repeat': 10, 'sort': 'mpi', 'user': 'alex', 'node': 'v100', 't': 'None', 'c': 'None'} |       | h1.carbonate.uits.iu.edu | haiyang | Linux | #1 SMP Tue Jul 26 14:15:37 UTC 2022 |
| mpi-v100-alex-500-4-None-None-3 | ok       |  2.821 |  2.821 | 2022-11-04 22:54:26 | {'p': 4, 'size': 500, 'repeat': 10, 'sort': 'mpi', 'user': 'alex', 'node': 'v100', 't': 'None', 'c': 'None'} |       | h1.carbonate.uits.iu.edu | haiyang | Linux | #1 SMP Tue Jul 26 14:15:37 UTC 2022 |
| mpi-v100-alex-500-4-None-None-4 | ok       |  3.014 |  3.014 | 2022-11-04 22:54:29 | {'p': 4, 'size': 500, 'repeat': 10, 'sort': 'mpi', 'user': 'alex', 'node': 'v100', 't': 'None', 'c': 'None'} |       | h1.carbonate.uits.iu.edu | haiyang | Linux | #1 SMP Tue Jul 26 14:15:37 UTC 2022 |
| mpi-v100-alex-500-4-None-None-5 | ok       |  2.828 |  2.828 | 2022-11-04 22:54:32 | {'p': 4, 'size': 500, 'repeat': 10, 'sort': 'mpi', 'user': 'alex', 'node': 'v100', 't': 'None', 'c': 'None'} |       | h1.carbonate.uits.iu.edu | haiyang | Linux | #1 SMP Tue Jul 26 14:15:37 UTC 2022 |
| mpi-v100-alex-500-4-None-None-6 | ok       |  2.939 |  2.939 | 2022-11-04 22:54:35 | {'p': 4, 'size': 500, 'repeat': 10, 'sort': 'mpi', 'user': 'alex', 'node': 'v100', 't': 'None', 'c': 'None'} |       | h1.carbonate.uits.iu.edu | haiyang | Linux | #1 SMP Tue Jul 26 14:15:37 UTC 2022 |
| mpi-v100-alex-500-4-None-None-7 | ok       |  2.892 |  2.892 | 2022-11-04 22:54:38 | {'p': 4, 'size': 500, 'repeat': 10, 'sort': 'mpi', 'user': 'alex', 'node': 'v100', 't': 'None', 'c': 'None'} |       | h1.carbonate.uits.iu.edu | haiyang | Linux | #1 SMP Tue Jul 26 14:15:37 UTC 2022 |
| mpi-v100-alex-500-4-None-None-8 | ok       |  2.849 |  2.849 | 2022-11-04 22:54:41 | {'p': 4, 'size': 500, 'repeat': 10, 'sort': 'mpi', 'user': 'alex', 'node': 'v100', 't': 'None', 'c': 'None'} |       | h1.carbonate.uits.iu.edu | haiyang | Linux | #1 SMP Tue Jul 26 14:15:37 UTC 2022 |
| mpi-v100-alex-500-4-None-None-9 | ok       |  3.043 |  3.043 | 2022-11-04 22:54:44 | {'p': 4, 'size': 500, 'repeat': 10, 'sort': 'mpi', 'user': 'alex', 'node': 'v100', 't': 'None', 'c': 'None'} |       | h1.carbonate.uits.iu.edu | haiyang | Linux | #1 SMP Tue Jul 26 14:15:37 UTC 2022 |
+---------------------------------+----------+--------+--------+---------------------+--------------------------------------------------------------------------------------------------------------+-------+--------------------------+---------+-------+-------------------------------------+
# csv,timer,status,time,sum,start,tag,msg,uname.node,user,uname.system,platform.version
# csv,mpi-v100-alex-500-4-None-None-0,ok,10.889,10.889,2022-11-04 22:54:05,{'p': 4, 'size': 500, 'repeat': 10, 'sort': 'mpi', 'user': 'alex', 'node': 'v100', 't': 'None', 'c': 'None'},None,h1.carbonate.uits.iu.edu,haiyang,Linux,#1 SMP Tue Jul 26 14:15:37 UTC 2022
# csv,mpi-v100-alex-500-4-None-None-1,ok,4.937,4.937,2022-11-04 22:54:16,{'p': 4, 'size': 500, 'repeat': 10, 'sort': 'mpi', 'user': 'alex', 'node': 'v100', 't': 'None', 'c': 'None'},None,h1.carbonate.uits.iu.edu,haiyang,Linux,#1 SMP Tue Jul 26 14:15:37 UTC 2022
# csv,mpi-v100-alex-500-4-None-None-2,ok,5.325,5.325,2022-11-04 22:54:21,{'p': 4, 'size': 500, 'repeat': 10, 'sort': 'mpi', 'user': 'alex', 'node': 'v100', 't': 'None', 'c': 'None'},None,h1.carbonate.uits.iu.edu,haiyang,Linux,#1 SMP Tue Jul 26 14:15:37 UTC 2022
# csv,mpi-v100-alex-500-4-None-None-3,ok,2.821,2.821,2022-11-04 22:54:26,{'p': 4, 'size': 500, 'repeat': 10, 'sort': 'mpi', 'user': 'alex', 'node': 'v100', 't': 'None', 'c': 'None'},None,h1.carbonate.uits.iu.edu,haiyang,Linux,#1 SMP Tue Jul 26 14:15:37 UTC 2022
# csv,mpi-v100-alex-500-4-None-None-4,ok,3.014,3.014,2022-11-04 22:54:29,{'p': 4, 'size': 500, 'repeat': 10, 'sort': 'mpi', 'user': 'alex', 'node': 'v100', 't': 'None', 'c': 'None'},None,h1.carbonate.uits.iu.edu,haiyang,Linux,#1 SMP Tue Jul 26 14:15:37 UTC 2022
# csv,mpi-v100-alex-500-4-None-None-5,ok,2.828,2.828,2022-11-04 22:54:32,{'p': 4, 'size': 500, 'repeat': 10, 'sort': 'mpi', 'user': 'alex', 'node': 'v100', 't': 'None', 'c': 'None'},None,h1.carbonate.uits.iu.edu,haiyang,Linux,#1 SMP Tue Jul 26 14:15:37 UTC 2022
# csv,mpi-v100-alex-500-4-None-None-6,ok,2.939,2.939,2022-11-04 22:54:35,{'p': 4, 'size': 500, 'repeat': 10, 'sort': 'mpi', 'user': 'alex', 'node': 'v100', 't': 'None', 'c': 'None'},None,h1.carbonate.uits.iu.edu,haiyang,Linux,#1 SMP Tue Jul 26 14:15:37 UTC 2022
# csv,mpi-v100-alex-500-4-None-None-7,ok,2.892,2.892,2022-11-04 22:54:38,{'p': 4, 'size': 500, 'repeat': 10, 'sort': 'mpi', 'user': 'alex', 'node': 'v100', 't': 'None', 'c': 'None'},None,h1.carbonate.uits.iu.edu,haiyang,Linux,#1 SMP Tue Jul 26 14:15:37 UTC 2022
# csv,mpi-v100-alex-500-4-None-None-8,ok,2.849,2.849,2022-11-04 22:54:41,{'p': 4, 'size': 500, 'repeat': 10, 'sort': 'mpi', 'user': 'alex', 'node': 'v100', 't': 'None', 'c': 'None'},None,h1.carbonate.uits.iu.edu,haiyang,Linux,#1 SMP Tue Jul 26 14:15:37 UTC 2022
# csv,mpi-v100-alex-500-4-None-None-9,ok,3.043,3.043,2022-11-04 22:54:44,{'p': 4, 'size': 500, 'repeat': 10, 'sort': 'mpi', 'user': 'alex', 'node': 'v100', 't': 'None', 'c': 'None'},None,h1.carbonate.uits.iu.edu,haiyang,Linux,#1 SMP Tue Jul 26 14:15:37 UTC 2022

