Starting experiment
Processes: 2
Cores:     8
Size:      1000000
Repeat:    10
Debug:     False
Sort:      MPI
Algorithm: mp
Tag:       None
Total:     10
Experiment 9         : size=1000000 processes=2 cores=8 repeat=0 last_time=undefined                     
Experiment 8         : size=1000000 processes=2 cores=8 repeat=1 last_time=undefined                     
Experiment 7         : size=1000000 processes=2 cores=8 repeat=2 last_time=undefined                     
Experiment 6         : size=1000000 processes=2 cores=8 repeat=3 last_time=undefined                     
Experiment 5         : size=1000000 processes=2 cores=8 repeat=4 last_time=undefined                     
Experiment 4         : size=1000000 processes=2 cores=8 repeat=5 last_time=undefined                     
Experiment 3         : size=1000000 processes=2 cores=8 repeat=6 last_time=undefined                     
Experiment 2         : size=1000000 processes=2 cores=8 repeat=7 last_time=undefined                     
Experiment 1         : size=1000000 processes=2 cores=8 repeat=8 last_time=undefined                     
Experiment 0         : size=1000000 processes=2 cores=8 repeat=9 last_time=undefined                     
Server"                            |
| PRETTY_NAME                     | "Red Hat Enterprise Linux Server 7.9 (Maipo)"                |
| REDHAT_BUGZILLA_PRODUCT         | "Red Hat Enterprise Linux 7"                                 |
| REDHAT_BUGZILLA_PRODUCT_VERSION | 7.9                                                          |
| REDHAT_SUPPORT_PRODUCT          | "Red Hat Enterprise Linux"                                   |
| REDHAT_SUPPORT_PRODUCT_VERSION  | "7.9"                                                        |
| VARIANT                         | "Server"                                                     |
| VARIANT_ID                      | "server"                                                     |
| VERSION                         | "7.9 (Maipo)"                                                |
| VERSION_ID                      | "7.9"                                                        |
| cpu                             | Intel(R) Xeon(R) CPU E5-2680 v3 @ 2.50GHz                    |
| cpu_cores                       | 24                                                           |
| cpu_count                       | 24                                                           |
| cpu_threads                     | 24                                                           |
| date                            | 2022-11-20 02:48:58.913500                                   |
| frequency                       | scpufreq(current=2.5059166666666663, min=1200.0, max=3300.0) |
| mem.active                      | 44.9 GiB                                                     |
| mem.available                   | 192.5 GiB                                                    |
| mem.free                        | 190.9 GiB                                                    |
| mem.inactive                    | 2.5 GiB                                                      |
| mem.percent                     | 23.3 %                                                       |
| mem.total                       | 251.1 GiB                                                    |
| mem.used                        | 51.4 GiB                                                     |
| platform.version                | #1 SMP Tue Jul 26 14:15:37 UTC 2022                          |
| python                          | 3.9.8 (main, Feb  8 2022, 08:35:13)                          |
|                                 | [GCC 6.3.0]                                                  |
| python.pip                      | 22.2.2                                                       |
| python.version                  | 3.9.8                                                        |
| sys.platform                    | linux                                                        |
| uname.machine                   | x86_64                                                       |
| uname.node                      | c33                                                          |
| uname.processor                 | x86_64                                                       |
| uname.release                   | 3.10.0-1160.76.1.el7.x86_64                                  |
| uname.system                    | Linux                                                        |
| uname.version                   | #1 SMP Tue Jul 26 14:15:37 UTC 2022                          |
| user                            | haiyang                                                      |
+---------------------------------+--------------------------------------------------------------+

+---------------+----------+--------+-------+---------------------+-------------------------------------------------------------------------------------------------------------------+-------+--------+---------+-------+-------------------------------------+
| Name          | Status   |   Time |   Sum | Start               | tag                                                                                                               | msg   | Node   | User    | OS    | Version                             |
|---------------+----------+--------+-------+---------------------+-------------------------------------------------------------------------------------------------------------------+-------+--------+---------+-------+-------------------------------------|
| mpi-mergesort | ok       |  3.775 | 3.775 | 2022-11-20 02:48:55 | {'user': 'alex', 'node': 'v100', 'debug': False, 'size': 1000000, 'subsort': 'mp', 'sort': 'mpi', 'c': 8, 'p': 2} |       | c33    | haiyang | Linux | #1 SMP Tue Jul 26 14:15:37 UTC 2022 |
| mpi-generate  | ok       |  0.007 | 0.007 | 2022-11-20 02:48:55 | {'user': 'alex', 'node': 'v100', 'debug': False, 'size': 1000000, 'subsort': 'mp', 'sort': 'mpi', 'c': 8, 'p': 2} |       | c33    | haiyang | Linux | #1 SMP Tue Jul 26 14:15:37 UTC 2022 |
+---------------+----------+--------+-------+---------------------+-------------------------------------------------------------------------------------------------------------------+-------+--------+---------+-------+-------------------------------------+
# csv,timer,status,time,sum,start,tag,msg,uname.node,user,uname.system,platform.version
# csv,mpi-mergesort,ok,3.775,3.775,2022-11-20 02:48:55,{'user': 'alex', 'node': 'v100', 'debug': False, 'size': 1000000, 'subsort': 'mp', 'sort': 'mpi', 'c': 8, 'p': 2},None,c33,haiyang,Linux,#1 SMP Tue Jul 26 14:15:37 UTC 2022
# csv,mpi-generate,ok,0.007,0.007,2022-11-20 02:48:55,{'user': 'alex', 'node': 'v100', 'debug': False, 'size': 1000000, 'subsort': 'mp', 'sort': 'mpi', 'c': 8, 'p': 2},None,c33,haiyang,Linux,#1 SMP Tue Jul 26 14:15:37 UTC 2022


+---------------------------------+--------------------------------------------------------------+
| Attribute                       | Value                                                        |
|---------------------------------+--------------------------------------------------------------|
| ANSI_COLOR                      | "0;31"                                                       |
| BUG_REPORT_URL                  | "https://bugzilla.redhat.com/"                               |
| CPE_NAME                        | "cpe:/o:redhat:enterprise_linux:7.9:GA:server"               |
| HOME_URL                        | "https://www.redhat.com/"                                    |
| ID                              | "rhel"                                                       |
| ID_LIKE                         | "fedora"                                                     |
| NAME                            | "Red Hat Enterprise Linux Server"                            |
| PRETTY_NAME                     | "Red Hat Enterprise Linux Server 7.9 (Maipo)"                |
| REDHAT_BUGZILLA_PRODUCT         | "Red Hat Enterprise Linux 7"                                 |
| REDHAT_BUGZILLA_PRODUCT_VERSION | 7.9                                                          |
| REDHAT_SUPPORT_PRODUCT          | "Red Hat Enterprise Linux"                                   |
| REDHAT_SUPPORT_PRODUCT_VERSION  | "7.9"                                                        |
| VARIANT                         | "Server"                                                     |
| VARIANT_ID                      | "server"                                                     |
| VERSION                         | "7.9 (Maipo)"                                                |
| VERSION_ID                      | "7.9"                                                        |
| cpu                             | Intel(R) Xeon(R) CPU E5-2680 v3 @ 2.50GHz                    |
| cpu_cores                       | 24                                                           |
| cpu_count                       | 24                                                           |
| cpu_threads                     | 24                                                           |
| date                            | 2022-11-20 02:49:05.267331                                   |
| frequency                       | scpufreq(current=2.5282916666666666, min=1200.0, max=3300.0) |
| mem.active                      | 44.9 GiB                                                     |
| mem.available                   | 192.5 GiB                                                    |
| mem.free                        | 191.0 GiB                                                    |
| mem.inactive                    | 2.5 GiB                                                      |
| mem.percent                     | 23.3 %                                                       |
| mem.total                       | 251.1 GiB                                                    |
| mem.used                        | 51.4 GiB                                                     |
| platform.version                | #1 SMP Tue Jul 26 14:15:37 UTC 2022                          |
| python                          | 3.9.8 (main, Feb  8 2022, 08:35:13)                          |
|                                 | [GCC 6.3.0]                                                  |
| python.pip                      | 22.2.2                                                       |
| python.version                  | 3.9.8                                                        |
| sys.platform                    | linux                                                        |
| uname.machine                   | x86_64                                                       |
| uname.node                      | c33                                                          |
| uname.processor                 | x86_64                                                       |
| uname.release                   | 3.10.0-1160.76.1.el7.x86_64                                  |
| uname.system                    | Linux                                                        |
| uname.version                   | #1 SMP Tue Jul 26 14:15:37 UTC 2022                          |
| user                            | haiyang                                                      |
+---------------------------------+--------------------------------------------------------------+

+---------------+----------+--------+-------+---------------------+-------------------------------------------------------------------------------------------------------------------+-------+--------+---------+-------+-------------------------------------+
| Name          | Status   |   Time |   Sum | Start               | tag                                                                                                               | msg   | Node   | User    | OS    | Version                             |
|---------------+----------+--------+-------+---------------------+-------------------------------------------------------------------------------------------------------------------+-------+--------+---------+-------+-------------------------------------|
| mpi-mergesort | ok       |  3.733 | 3.733 | 2022-11-20 02:49:01 | {'user': 'alex', 'node': 'v100', 'debug': False, 'size': 1000000, 'subsort': 'mp', 'sort': 'mpi', 'c': 8, 'p': 2} |       | c33    | haiyang | Linux | #1 SMP Tue Jul 26 14:15:37 UTC 2022 |
| mpi-generate  | ok       |  0.007 | 0.007 | 2022-11-20 02:49:01 | {'user': 'alex', 'node': 'v100', 'debug': False, 'size': 1000000, 'subsort': 'mp', 'sort': 'mpi', 'c': 8, 'p': 2} |       | c33    | haiyang | Linux | #1 SMP Tue Jul 26 14:15:37 UTC 2022 |
+---------------+----------+--------+-------+---------------------+-------------------------------------------------------------------------------------------------------------------+-------+--------+---------+-------+-------------------------------------+
# csv,timer,status,time,sum,start,tag,msg,uname.node,user,uname.system,platform.version
# csv,mpi-mergesort,ok,3.733,3.733,2022-11-20 02:49:01,{'user': 'alex', 'node': 'v100', 'debug': False, 'size': 1000000, 'subsort': 'mp', 'sort': 'mpi', 'c': 8, 'p': 2},None,c33,haiyang,Linux,#1 SMP Tue Jul 26 14:15:37 UTC 2022
# csv,mpi-generate,ok,0.007,0.007,2022-11-20 02:49:01,{'user': 'alex', 'node': 'v100', 'debug': False, 'size': 1000000, 'subsort': 'mp', 'sort': 'mpi', 'c': 8, 'p': 2},None,c33,haiyang,Linux,#1 SMP Tue Jul 26 14:15:37 UTC 2022


+---------------------------------+-------------------------------------------------------------+
| Attribute                       | Value                                                       |
|---------------------------------+-------------------------------------------------------------|
| ANSI_COLOR                      | "0;31"                                                      |
| BUG_REPORT_URL                  | "https://bugzilla.redhat.com/"                              |
| CPE_NAME                        | "cpe:/o:redhat:enterprise_linux:7.9:GA:server"              |
| HOME_URL                        | "https://www.redhat.com/"                                   |
| ID                              | "rhel"                                                      |
| ID_LIKE                         | "fedora"                                                    |
| NAME                            | "Red Hat Enterprise Linux Server"                           |
| PRETTY_NAME                     | "Red Hat Enterprise Linux Server 7.9 (Maipo)"               |
| REDHAT_BUGZILLA_PRODUCT         | "Red Hat Enterprise Linux 7"                                |
| REDHAT_BUGZILLA_PRODUCT_VERSION | 7.9                                                         |
| REDHAT_SUPPORT_PRODUCT          | "Red Hat Enterprise Linux"                                  |
| REDHAT_SUPPORT_PRODUCT_VERSION  | "7.9"                                                       |
| VARIANT                         | "Server"                                                    |
| VARIANT_ID                      | "server"                                                    |
| VERSION                         | "7.9 (Maipo)"                                               |
| VERSION_ID                      | "7.9"                                                       |
| cpu                             | Intel(R) Xeon(R) CPU E5-2680 v3 @ 2.50GHz                   |
| cpu_cores                       | 24                                                          |
| cpu_count                       | 24                                                          |
| cpu_threads                     | 24                                                          |
| date                            | 2022-11-20 02:49:11.590756                                  |
| frequency                       | scpufreq(current=2.486291666666666, min=1200.0, max=3300.0) |
| mem.active                      | 44.9 GiB                                                    |
| mem.available                   | 192.5 GiB                                                   |
| mem.free                        | 191.0 GiB                                                   |
| mem.inactive                    | 2.5 GiB                                                     |
| mem.percent                     | 23.3 %                                                      |
| mem.total                       | 251.1 GiB                                                   |
| mem.used                        | 51.4 GiB                                                    |
| platform.version                | #1 SMP Tue Jul 26 14:15:37 UTC 2022                         |
| python                          | 3.9.8 (main, Feb  8 2022, 08:35:13)                         |
|                                 | [GCC 6.3.0]                                                 |
| python.pip                      | 22.2.2                                                      |
| python.version                  | 3.9.8                                                       |
| sys.platform                    | linux                                                       |
| uname.machine                   | x86_64                                                      |
| uname.node                      | c33                                                         |
| uname.processor                 | x86_64                                                      |
| uname.release                   | 3.10.0-1160.76.1.el7.x86_64                                 |
| uname.system                    | Linux                                                       |
| uname.version                   | #1 SMP Tue Jul 26 14:15:37 UTC 2022                         |
| user                            | haiyang                                                     |
+---------------------------------+-------------------------------------------------------------+

+---------------+----------+--------+-------+---------------------+-------------------------------------------------------------------------------------------------------------------+-------+--------+---------+-------+-------------------------------------+
| Name          | Status   |   Time |   Sum | Start               | tag                                                                                                               | msg   | Node   | User    | OS    | Version                             |
|---------------+----------+--------+-------+---------------------+-------------------------------------------------------------------------------------------------------------------+-------+--------+---------+-------+-------------------------------------|
| mpi-mergesort | ok       |  3.644 | 3.644 | 2022-11-20 02:49:07 | {'user': 'alex', 'node': 'v100', 'debug': False, 'size': 1000000, 'subsort': 'mp', 'sort': 'mpi', 'c': 8, 'p': 2} |       | c33    | haiyang | Linux | #1 SMP Tue Jul 26 14:15:37 UTC 2022 |
| mpi-generate  | ok       |  0.007 | 0.007 | 2022-11-20 02:49:07 | {'user': 'alex', 'node': 'v100', 'debug': False, 'size': 1000000, 'subsort': 'mp', 'sort': 'mpi', 'c': 8, 'p': 2} |       | c33    | haiyang | Linux | #1 SMP Tue Jul 26 14:15:37 UTC 2022 |
+---------------+----------+--------+-------+---------------------+-------------------------------------------------------------------------------------------------------------------+-------+--------+---------+-------+-------------------------------------+
# csv,timer,status,time,sum,start,tag,msg,uname.node,user,uname.system,platform.version
# csv,mpi-mergesort,ok,3.644,3.644,2022-11-20 02:49:07,{'user': 'alex', 'node': 'v100', 'debug': False, 'size': 1000000, 'subsort': 'mp', 'sort': 'mpi', 'c': 8, 'p': 2},None,c33,haiyang,Linux,#1 SMP Tue Jul 26 14:15:37 UTC 2022
# csv,mpi-generate,ok,0.007,0.007,2022-11-20 02:49:07,{'user': 'alex', 'node': 'v100', 'debug': False, 'size': 1000000, 'subsort': 'mp', 'sort': 'mpi', 'c': 8, 'p': 2},None,c33,haiyang,Linux,#1 SMP Tue Jul 26 14:15:37 UTC 2022


+---------------------------------+--------------------------------------------------------------+
| Attribute                       | Value                                                        |
|---------------------------------+--------------------------------------------------------------|
| ANSI_COLOR                      | "0;31"                                                       |
| BUG_REPORT_URL                  | "https://bugzilla.redhat.com/"                               |
| CPE_NAME                        | "cpe:/o:redhat:enterprise_linux:7.9:GA:server"               |
| HOME_URL                        | "https://www.redhat.com/"                                    |
| ID                              | "rhel"                                                       |
| ID_LIKE                         | "fedora"                                                     |
| NAME                            | "Red Hat Enterprise Linux Server"                            |
| PRETTY_NAME                     | "Red Hat Enterprise Linux Server 7.9 (Maipo)"                |
| REDHAT_BUGZILLA_PRODUCT         | "Red Hat Enterprise Linux 7"                                 |
| REDHAT_BUGZILLA_PRODUCT_VERSION | 7.9                                                          |
| REDHAT_SUPPORT_PRODUCT          | "Red Hat Enterprise Linux"                                   |
| REDHAT_SUPPORT_PRODUCT_VERSION  | "7.9"                                                        |
| VARIANT                         | "Server"                                                     |
| VARIANT_ID                      | "server"                                                     |
| VERSION                         | "7.9 (Maipo)"                                                |
| VERSION_ID                      | "7.9"                                                        |
| cpu                             | Intel(R) Xeon(R) CPU E5-2680 v3 @ 2.50GHz                    |
| cpu_cores                       | 24                                                           |
| cpu_count                       | 24                                                           |
| cpu_threads                     | 24                                                           |
| date                            | 2022-11-20 02:49:17.909557                                   |
| frequency                       | scpufreq(current=2.4997499999999993, min=1200.0, max=3300.0) |
| mem.active                      | 44.9 GiB                                                     |
| mem.available                   | 192.5 GiB                                                    |
| mem.free                        | 190.9 GiB                                                    |
| mem.inactive                    | 2.5 GiB                                                      |
| mem.percent                     | 23.3 %                                                       |
| mem.total                       | 251.1 GiB                                                    |
| mem.used                        | 51.4 GiB                                                     |
| platform.version                | #1 SMP Tue Jul 26 14:15:37 UTC 2022                          |
| python                          | 3.9.8 (main, Feb  8 2022, 08:35:13)                          |
|                                 | [GCC 6.3.0]                                                  |
| python.pip                      | 22.2.2                                                       |
| python.version                  | 3.9.8                                                        |
| sys.platform                    | linux                                                        |
| uname.machine                   | x86_64                                                       |
| uname.node                      | c33                                                          |
| uname.processor                 | x86_64                                                       |
| uname.release                   | 3.10.0-1160.76.1.el7.x86_64                                  |
| uname.system                    | Linux                                                        |
| uname.version                   | #1 SMP Tue Jul 26 14:15:37 UTC 2022                          |
| user                            | haiyang                                                      |
+---------------------------------+--------------------------------------------------------------+

+---------------+----------+--------+-------+---------------------+-------------------------------------------------------------------------------------------------------------------+-------+--------+---------+-------+-------------------------------------+
| Name          | Status   |   Time |   Sum | Start               | tag                                                                                                               | msg   | Node   | User    | OS    | Version                             |
|---------------+----------+--------+-------+---------------------+-------------------------------------------------------------------------------------------------------------------+-------+--------+---------+-------+-------------------------------------|
| mpi-mergesort | ok       |  3.734 | 3.734 | 2022-11-20 02:49:14 | {'user': 'alex', 'node': 'v100', 'debug': False, 'size': 1000000, 'subsort': 'mp', 'sort': 'mpi', 'c': 8, 'p': 2} |       | c33    | haiyang | Linux | #1 SMP Tue Jul 26 14:15:37 UTC 2022 |
| mpi-generate  | ok       |  0.007 | 0.007 | 2022-11-20 02:49:14 | {'user': 'alex', 'node': 'v100', 'debug': False, 'size': 1000000, 'subsort': 'mp', 'sort': 'mpi', 'c': 8, 'p': 2} |       | c33    | haiyang | Linux | #1 SMP Tue Jul 26 14:15:37 UTC 2022 |
+---------------+----------+--------+-------+---------------------+-------------------------------------------------------------------------------------------------------------------+-------+--------+---------+-------+-------------------------------------+
# csv,timer,status,time,sum,start,tag,msg,uname.node,user,uname.system,platform.version
# csv,mpi-mergesort,ok,3.734,3.734,2022-11-20 02:49:14,{'user': 'alex', 'node': 'v100', 'debug': False, 'size': 1000000, 'subsort': 'mp', 'sort': 'mpi', 'c': 8, 'p': 2},None,c33,haiyang,Linux,#1 SMP Tue Jul 26 14:15:37 UTC 2022
# csv,mpi-generate,ok,0.007,0.007,2022-11-20 02:49:14,{'user': 'alex', 'node': 'v100', 'debug': False, 'size': 1000000, 'subsort': 'mp', 'sort': 'mpi', 'c': 8, 'p': 2},None,c33,haiyang,Linux,#1 SMP Tue Jul 26 14:15:37 UTC 2022


+---------------------------------+----------------------------------------------------+
| Attribute                       | Value                                              |
|---------------------------------+----------------------------------------------------|
| ANSI_COLOR                      | "0;31"                                             |
| BUG_REPORT_URL                  | "https://bugzilla.redhat.com/"                     |
| CPE_NAME                        | "cpe:/o:redhat:enterprise_linux:7.9:GA:server"     |
| HOME_URL                        | "https://www.redhat.com/"                          |
| ID                              | "rhel"                                             |
| ID_LIKE                         | "fedora"                                           |
| NAME                            | "Red Hat Enterprise Linux Server"                  |
| PRETTY_NAME                     | "Red Hat Enterprise Linux Server 7.9 (Maipo)"      |
| REDHAT_BUGZILLA_PRODUCT         | "Red Hat Enterprise Linux 7"                       |
| REDHAT_BUGZILLA_PRODUCT_VERSION | 7.9                                                |
| REDHAT_SUPPORT_PRODUCT          | "Red Hat Enterprise Linux"                         |
| REDHAT_SUPPORT_PRODUCT_VERSION  | "7.9"                                              |
| VARIANT                         | "Server"                                           |
| VARIANT_ID                      | "server"                                           |
| VERSION                         | "7.9 (Maipo)"                                      |
| VERSION_ID                      | "7.9"                                              |
| cpu                             | Intel(R) Xeon(R) CPU E5-2680 v3 @ 2.50GHz          |
| cpu_cores                       | 24                                                 |
| cpu_count                       | 24                                                 |
| cpu_threads                     | 24                                                 |
| date                            | 2022-11-20 02:49:24.206618                         |
| frequency                       | scpufreq(current=2.532625, min=1200.0, max=3300.0) |
| mem.active                      | 44.9 GiB                                           |
| mem.available                   | 192.5 GiB                                          |
| mem.free                        | 191.0 GiB                                          |
| mem.inactive                    | 2.5 GiB                                            |
| mem.percent                     | 23.3 %                                             |
| mem.total                       | 251.1 GiB                                          |
| mem.used                        | 51.4 GiB                                           |
| platform.version                | #1 SMP Tue Jul 26 14:15:37 UTC 2022                |
| python                          | 3.9.8 (main, Feb  8 2022, 08:35:13)                |
|                                 | [GCC 6.3.0]                                        |
| python.pip                      | 22.2.2                                             |
| python.version                  | 3.9.8                                              |
| sys.platform                    | linux                                              |
| uname.machine                   | x86_64                                             |
| uname.node                      | c33                                                |
| uname.processor                 | x86_64                                             |
| uname.release                   | 3.10.0-1160.76.1.el7.x86_64                        |
| uname.system                    | Linux                                              |
| uname.version                   | #1 SMP Tue Jul 26 14:15:37 UTC 2022                |
| user                            | haiyang                                            |
+---------------------------------+----------------------------------------------------+

+---------------+----------+--------+-------+---------------------+-------------------------------------------------------------------------------------------------------------------+-------+--------+---------+-------+-------------------------------------+
| Name          | Status   |   Time |   Sum | Start               | tag                                                                                                               | msg   | Node   | User    | OS    | Version                             |
|---------------+----------+--------+-------+---------------------+-------------------------------------------------------------------------------------------------------------------+-------+--------+---------+-------+-------------------------------------|
| mpi-mergesort | ok       |  3.704 | 3.704 | 2022-11-20 02:49:20 | {'user': 'alex', 'node': 'v100', 'debug': False, 'size': 1000000, 'subsort': 'mp', 'sort': 'mpi', 'c': 8, 'p': 2} |       | c33    | haiyang | Linux | #1 SMP Tue Jul 26 14:15:37 UTC 2022 |
| mpi-generate  | ok       |  0.007 | 0.007 | 2022-11-20 02:49:20 | {'user': 'alex', 'node': 'v100', 'debug': False, 'size': 1000000, 'subsort': 'mp', 'sort': 'mpi', 'c': 8, 'p': 2} |       | c33    | haiyang | Linux | #1 SMP Tue Jul 26 14:15:37 UTC 2022 |
+---------------+----------+--------+-------+---------------------+-------------------------------------------------------------------------------------------------------------------+-------+--------+---------+-------+-------------------------------------+
# csv,timer,status,time,sum,start,tag,msg,uname.node,user,uname.system,platform.version
# csv,mpi-mergesort,ok,3.704,3.704,2022-11-20 02:49:20,{'user': 'alex', 'node': 'v100', 'debug': False, 'size': 1000000, 'subsort': 'mp', 'sort': 'mpi', 'c': 8, 'p': 2},None,c33,haiyang,Linux,#1 SMP Tue Jul 26 14:15:37 UTC 2022
# csv,mpi-generate,ok,0.007,0.007,2022-11-20 02:49:20,{'user': 'alex', 'node': 'v100', 'debug': False, 'size': 1000000, 'subsort': 'mp', 'sort': 'mpi', 'c': 8, 'p': 2},None,c33,haiyang,Linux,#1 SMP Tue Jul 26 14:15:37 UTC 2022


+---------------------------------+--------------------------------------------------------------+
| Attribute                       | Value                                                        |
|---------------------------------+--------------------------------------------------------------|
| ANSI_COLOR                      | "0;31"                                                       |
| BUG_REPORT_URL                  | "https://bugzilla.redhat.com/"                               |
| CPE_NAME                        | "cpe:/o:redhat:enterprise_linux:7.9:GA:server"               |
| HOME_URL                        | "https://www.redhat.com/"                                    |
| ID                              | "rhel"                                                       |
| ID_LIKE                         | "fedora"                                                     |
| NAME                            | "Red Hat Enterprise Linux Server"                            |
| PRETTY_NAME                     | "Red Hat Enterprise Linux Server 7.9 (Maipo)"                |
| REDHAT_BUGZILLA_PRODUCT         | "Red Hat Enterprise Linux 7"                                 |
| REDHAT_BUGZILLA_PRODUCT_VERSION | 7.9                                                          |
| REDHAT_SUPPORT_PRODUCT          | "Red Hat Enterprise Linux"                                   |
| REDHAT_SUPPORT_PRODUCT_VERSION  | "7.9"                                                        |
| VARIANT                         | "Server"                                                     |
| VARIANT_ID                      | "server"                                                     |
| VERSION                         | "7.9 (Maipo)"                                                |
| VERSION_ID                      | "7.9"                                                        |
| cpu                             | Intel(R) Xeon(R) CPU E5-2680 v3 @ 2.50GHz                    |
| cpu_cores                       | 24                                                           |
| cpu_count                       | 24                                                           |
| cpu_threads                     | 24                                                           |
| date                            | 2022-11-20 02:49:30.536735                                   |
| frequency                       | scpufreq(current=2.4821249999999995, min=1200.0, max=3300.0) |
| mem.active                      | 44.9 GiB                                                     |
| mem.available                   | 192.5 GiB                                                    |
| mem.free                        | 190.9 GiB                                                    |
| mem.inactive                    | 2.5 GiB                                                      |
| mem.percent                     | 23.3 %                                                       |
| mem.total                       | 251.1 GiB                                                    |
| mem.used                        | 51.4 GiB                                                     |
| platform.version                | #1 SMP Tue Jul 26 14:15:37 UTC 2022                          |
| python                          | 3.9.8 (main, Feb  8 2022, 08:35:13)                          |
|                                 | [GCC 6.3.0]                                                  |
| python.pip                      | 22.2.2                                                       |
| python.version                  | 3.9.8                                                        |
| sys.platform                    | linux                                                        |
| uname.machine                   | x86_64                                                       |
| uname.node                      | c33                                                          |
| uname.processor                 | x86_64                                                       |
| uname.release                   | 3.10.0-1160.76.1.el7.x86_64                                  |
| uname.system                    | Linux                                                        |
| uname.version                   | #1 SMP Tue Jul 26 14:15:37 UTC 2022                          |
| user                            | haiyang                                                      |
+---------------------------------+--------------------------------------------------------------+

+---------------+----------+--------+-------+---------------------+-------------------------------------------------------------------------------------------------------------------+-------+--------+---------+-------+-------------------------------------+
| Name          | Status   |   Time |   Sum | Start               | tag                                                                                                               | msg   | Node   | User    | OS    | Version                             |
|---------------+----------+--------+-------+---------------------+-------------------------------------------------------------------------------------------------------------------+-------+--------+---------+-------+-------------------------------------|
| mpi-mergesort | ok       |  3.685 | 3.685 | 2022-11-20 02:49:26 | {'user': 'alex', 'node': 'v100', 'debug': False, 'size': 1000000, 'subsort': 'mp', 'sort': 'mpi', 'c': 8, 'p': 2} |       | c33    | haiyang | Linux | #1 SMP Tue Jul 26 14:15:37 UTC 2022 |
| mpi-generate  | ok       |  0.007 | 0.007 | 2022-11-20 02:49:26 | {'user': 'alex', 'node': 'v100', 'debug': False, 'size': 1000000, 'subsort': 'mp', 'sort': 'mpi', 'c': 8, 'p': 2} |       | c33    | haiyang | Linux | #1 SMP Tue Jul 26 14:15:37 UTC 2022 |
+---------------+----------+--------+-------+---------------------+-------------------------------------------------------------------------------------------------------------------+-------+--------+---------+-------+-------------------------------------+
# csv,timer,status,time,sum,start,tag,msg,uname.node,user,uname.system,platform.version
# csv,mpi-mergesort,ok,3.685,3.685,2022-11-20 02:49:26,{'user': 'alex', 'node': 'v100', 'debug': False, 'size': 1000000, 'subsort': 'mp', 'sort': 'mpi', 'c': 8, 'p': 2},None,c33,haiyang,Linux,#1 SMP Tue Jul 26 14:15:37 UTC 2022
# csv,mpi-generate,ok,0.007,0.007,2022-11-20 02:49:26,{'user': 'alex', 'node': 'v100', 'debug': False, 'size': 1000000, 'subsort': 'mp', 'sort': 'mpi', 'c': 8, 'p': 2},None,c33,haiyang,Linux,#1 SMP Tue Jul 26 14:15:37 UTC 2022


+---------------------------------+-------------------------------------------------------------+
| Attribute                       | Value                                                       |
|---------------------------------+-------------------------------------------------------------|
| ANSI_COLOR                      | "0;31"                                                      |
| BUG_REPORT_URL                  | "https://bugzilla.redhat.com/"                              |
| CPE_NAME                        | "cpe:/o:redhat:enterprise_linux:7.9:GA:server"              |
| HOME_URL                        | "https://www.redhat.com/"                                   |
| ID                              | "rhel"                                                      |
| ID_LIKE                         | "fedora"                                                    |
| NAME                            | "Red Hat Enterprise Linux Server"                           |
| PRETTY_NAME                     | "Red Hat Enterprise Linux Server 7.9 (Maipo)"               |
| REDHAT_BUGZILLA_PRODUCT         | "Red Hat Enterprise Linux 7"                                |
| REDHAT_BUGZILLA_PRODUCT_VERSION | 7.9                                                         |
| REDHAT_SUPPORT_PRODUCT          | "Red Hat Enterprise Linux"                                  |
| REDHAT_SUPPORT_PRODUCT_VERSION  | "7.9"                                                       |
| VARIANT                         | "Server"                                                    |
| VARIANT_ID                      | "server"                                                    |
| VERSION                         | "7.9 (Maipo)"                                               |
| VERSION_ID                      | "7.9"                                                       |
| cpu                             | Intel(R) Xeon(R) CPU E5-2680 v3 @ 2.50GHz                   |
| cpu_cores                       | 24                                                          |
| cpu_count                       | 24                                                          |
| cpu_threads                     | 24                                                          |
| date                            | 2022-11-20 02:49:36.913372                                  |
| frequency                       | scpufreq(current=2.494333333333333, min=1200.0, max=3300.0) |
| mem.active                      | 44.9 GiB                                                    |
| mem.available                   | 192.5 GiB                                                   |
| mem.free                        | 191.0 GiB                                                   |
| mem.inactive                    | 2.5 GiB                                                     |
| mem.percent                     | 23.3 %                                                      |
| mem.total                       | 251.1 GiB                                                   |
| mem.used                        | 51.4 GiB                                                    |
| platform.version                | #1 SMP Tue Jul 26 14:15:37 UTC 2022                         |
| python                          | 3.9.8 (main, Feb  8 2022, 08:35:13)                         |
|                                 | [GCC 6.3.0]                                                 |
| python.pip                      | 22.2.2                                                      |
| python.version                  | 3.9.8                                                       |
| sys.platform                    | linux                                                       |
| uname.machine                   | x86_64                                                      |
| uname.node                      | c33                                                         |
| uname.processor                 | x86_64                                                      |
| uname.release                   | 3.10.0-1160.76.1.el7.x86_64                                 |
| uname.system                    | Linux                                                       |
| uname.version                   | #1 SMP Tue Jul 26 14:15:37 UTC 2022                         |
| user                            | haiyang                                                     |
+---------------------------------+-------------------------------------------------------------+

+---------------+----------+--------+-------+---------------------+-------------------------------------------------------------------------------------------------------------------+-------+--------+---------+-------+-------------------------------------+
| Name          | Status   |   Time |   Sum | Start               | tag                                                                                                               | msg   | Node   | User    | OS    | Version                             |
|---------------+----------+--------+-------+---------------------+-------------------------------------------------------------------------------------------------------------------+-------+--------+---------+-------+-------------------------------------|
| mpi-mergesort | ok       |  3.745 | 3.745 | 2022-11-20 02:49:33 | {'user': 'alex', 'node': 'v100', 'debug': False, 'size': 1000000, 'subsort': 'mp', 'sort': 'mpi', 'c': 8, 'p': 2} |       | c33    | haiyang | Linux | #1 SMP Tue Jul 26 14:15:37 UTC 2022 |
| mpi-generate  | ok       |  0.007 | 0.007 | 2022-11-20 02:49:33 | {'user': 'alex', 'node': 'v100', 'debug': False, 'size': 1000000, 'subsort': 'mp', 'sort': 'mpi', 'c': 8, 'p': 2} |       | c33    | haiyang | Linux | #1 SMP Tue Jul 26 14:15:37 UTC 2022 |
+---------------+----------+--------+-------+---------------------+-------------------------------------------------------------------------------------------------------------------+-------+--------+---------+-------+-------------------------------------+
# csv,timer,status,time,sum,start,tag,msg,uname.node,user,uname.system,platform.version
# csv,mpi-mergesort,ok,3.745,3.745,2022-11-20 02:49:33,{'user': 'alex', 'node': 'v100', 'debug': False, 'size': 1000000, 'subsort': 'mp', 'sort': 'mpi', 'c': 8, 'p': 2},None,c33,haiyang,Linux,#1 SMP Tue Jul 26 14:15:37 UTC 2022
# csv,mpi-generate,ok,0.007,0.007,2022-11-20 02:49:33,{'user': 'alex', 'node': 'v100', 'debug': False, 'size': 1000000, 'subsort': 'mp', 'sort': 'mpi', 'c': 8, 'p': 2},None,c33,haiyang,Linux,#1 SMP Tue Jul 26 14:15:37 UTC 2022


+---------------------------------+----------------------------------------------------+
| Attribute                       | Value                                              |
|---------------------------------+----------------------------------------------------|
| ANSI_COLOR                      | "0;31"                                             |
| BUG_REPORT_URL                  | "https://bugzilla.redhat.com/"                     |
| CPE_NAME                        | "cpe:/o:redhat:enterprise_linux:7.9:GA:server"     |
| HOME_URL                        | "https://www.redhat.com/"                          |
| ID                              | "rhel"                                             |
| ID_LIKE                         | "fedora"                                           |
| NAME                            | "Red Hat Enterprise Linux Server"                  |
| PRETTY_NAME                     | "Red Hat Enterprise Linux Server 7.9 (Maipo)"      |
| REDHAT_BUGZILLA_PRODUCT         | "Red Hat Enterprise Linux 7"                       |
| REDHAT_BUGZILLA_PRODUCT_VERSION | 7.9                                                |
| REDHAT_SUPPORT_PRODUCT          | "Red Hat Enterprise Linux"                         |
| REDHAT_SUPPORT_PRODUCT_VERSION  | "7.9"                                              |
| VARIANT                         | "Server"                                           |
| VARIANT_ID                      | "server"                                           |
| VERSION                         | "7.9 (Maipo)"                                      |
| VERSION_ID                      | "7.9"                                              |
| cpu                             | Intel(R) Xeon(R) CPU E5-2680 v3 @ 2.50GHz          |
| cpu_cores                       | 24                                                 |
| cpu_count                       | 24                                                 |
| cpu_threads                     | 24                                                 |
| date                            | 2022-11-20 02:49:43.308802                         |
| frequency                       | scpufreq(current=2.543875, min=1200.0, max=3300.0) |
| mem.active                      | 44.9 GiB                                           |
| mem.available                   | 192.5 GiB                                          |
| mem.free                        | 190.9 GiB                                          |
| mem.inactive                    | 2.5 GiB                                            |
| mem.percent                     | 23.3 %                                             |
| mem.total                       | 251.1 GiB                                          |
| mem.used                        | 51.4 GiB                                           |
| platform.version                | #1 SMP Tue Jul 26 14:15:37 UTC 2022                |
| python                          | 3.9.8 (main, Feb  8 2022, 08:35:13)                |
|                                 | [GCC 6.3.0]                                        |
| python.pip                      | 22.2.2                                             |
| python.version                  | 3.9.8                                              |
| sys.platform                    | linux                                              |
| uname.machine                   | x86_64                                             |
| uname.node                      | c33                                                |
| uname.processor                 | x86_64                                             |
| uname.release                   | 3.10.0-1160.76.1.el7.x86_64                        |
| uname.system                    | Linux                                              |
| uname.version                   | #1 SMP Tue Jul 26 14:15:37 UTC 2022                |
| user                            | haiyang                                            |
+---------------------------------+----------------------------------------------------+

+---------------+----------+--------+-------+---------------------+-------------------------------------------------------------------------------------------------------------------+-------+--------+---------+-------+-------------------------------------+
| Name          | Status   |   Time |   Sum | Start               | tag                                                                                                               | msg   | Node   | User    | OS    | Version                             |
|---------------+----------+--------+-------+---------------------+-------------------------------------------------------------------------------------------------------------------+-------+--------+---------+-------+-------------------------------------|
| mpi-mergesort | ok       |  3.753 | 3.753 | 2022-11-20 02:49:39 | {'user': 'alex', 'node': 'v100', 'debug': False, 'size': 1000000, 'subsort': 'mp', 'sort': 'mpi', 'c': 8, 'p': 2} |       | c33    | haiyang | Linux | #1 SMP Tue Jul 26 14:15:37 UTC 2022 |
| mpi-generate  | ok       |  0.007 | 0.007 | 2022-11-20 02:49:39 | {'user': 'alex', 'node': 'v100', 'debug': False, 'size': 1000000, 'subsort': 'mp', 'sort': 'mpi', 'c': 8, 'p': 2} |       | c33    | haiyang | Linux | #1 SMP Tue Jul 26 14:15:37 UTC 2022 |
+---------------+----------+--------+-------+---------------------+-------------------------------------------------------------------------------------------------------------------+-------+--------+---------+-------+-------------------------------------+
# csv,timer,status,time,sum,start,tag,msg,uname.node,user,uname.system,platform.version
# csv,mpi-mergesort,ok,3.753,3.753,2022-11-20 02:49:39,{'user': 'alex', 'node': 'v100', 'debug': False, 'size': 1000000, 'subsort': 'mp', 'sort': 'mpi', 'c': 8, 'p': 2},None,c33,haiyang,Linux,#1 SMP Tue Jul 26 14:15:37 UTC 2022
# csv,mpi-generate,ok,0.007,0.007,2022-11-20 02:49:39,{'user': 'alex', 'node': 'v100', 'debug': False, 'size': 1000000, 'subsort': 'mp', 'sort': 'mpi', 'c': 8, 'p': 2},None,c33,haiyang,Linux,#1 SMP Tue Jul 26 14:15:37 UTC 2022


+---------------------------------+--------------------------------------------------------------+
| Attribute                       | Value                                                        |
|---------------------------------+--------------------------------------------------------------|
| ANSI_COLOR                      | "0;31"                                                       |
| BUG_REPORT_URL                  | "https://bugzilla.redhat.com/"                               |
| CPE_NAME                        | "cpe:/o:redhat:enterprise_linux:7.9:GA:server"               |
| HOME_URL                        | "https://www.redhat.com/"                                    |
| ID                              | "rhel"                                                       |
| ID_LIKE                         | "fedora"                                                     |
| NAME                            | "Red Hat Enterprise Linux Server"                            |
| PRETTY_NAME                     | "Red Hat Enterprise Linux Server 7.9 (Maipo)"                |
| REDHAT_BUGZILLA_PRODUCT         | "Red Hat Enterprise Linux 7"                                 |
| REDHAT_BUGZILLA_PRODUCT_VERSION | 7.9                                                          |
| REDHAT_SUPPORT_PRODUCT          | "Red Hat Enterprise Linux"                                   |
| REDHAT_SUPPORT_PRODUCT_VERSION  | "7.9"                                                        |
| VARIANT                         | "Server"                                                     |
| VARIANT_ID                      | "server"                                                     |
| VERSION                         | "7.9 (Maipo)"                                                |
| VERSION_ID                      | "7.9"                                                        |
| cpu                             | Intel(R) Xeon(R) CPU E5-2680 v3 @ 2.50GHz                    |
| cpu_cores                       | 24                                                           |
| cpu_count                       | 24                                                           |
| cpu_threads                     | 24                                                           |
| date                            | 2022-11-20 02:49:49.633868                                   |
| frequency                       | scpufreq(current=2.5390416666666664, min=1200.0, max=3300.0) |
| mem.active                      | 44.9 GiB                                                     |
| mem.available                   | 192.5 GiB                                                    |
| mem.free                        | 191.0 GiB                                                    |
| mem.inactive                    | 2.5 GiB                                                      |
| mem.percent                     | 23.3 %                                                       |
| mem.total                       | 251.1 GiB                                                    |
| mem.used                        | 51.4 GiB                                                     |
| platform.version                | #1 SMP Tue Jul 26 14:15:37 UTC 2022                          |
| python                          | 3.9.8 (main, Feb  8 2022, 08:35:13)                          |
|                                 | [GCC 6.3.0]                                                  |
| python.pip                      | 22.2.2                                                       |
| python.version                  | 3.9.8                                                        |
| sys.platform                    | linux                                                        |
| uname.machine                   | x86_64                                                       |
| uname.node                      | c33                                                          |
| uname.processor                 | x86_64                                                       |
| uname.release                   | 3.10.0-1160.76.1.el7.x86_64                                  |
| uname.system                    | Linux                                                        |
| uname.version                   | #1 SMP Tue Jul 26 14:15:37 UTC 2022                          |
| user                            | haiyang                                                      |
+---------------------------------+--------------------------------------------------------------+

+---------------+----------+--------+-------+---------------------+-------------------------------------------------------------------------------------------------------------------+-------+--------+---------+-------+-------------------------------------+
| Name          | Status   |   Time |   Sum | Start               | tag                                                                                                               | msg   | Node   | User    | OS    | Version                             |
|---------------+----------+--------+-------+---------------------+-------------------------------------------------------------------------------------------------------------------+-------+--------+---------+-------+-------------------------------------|
| mpi-mergesort | ok       |  3.693 | 3.693 | 2022-11-20 02:49:45 | {'user': 'alex', 'node': 'v100', 'debug': False, 'size': 1000000, 'subsort': 'mp', 'sort': 'mpi', 'c': 8, 'p': 2} |       | c33    | haiyang | Linux | #1 SMP Tue Jul 26 14:15:37 UTC 2022 |
| mpi-generate  | ok       |  0.007 | 0.007 | 2022-11-20 02:49:45 | {'user': 'alex', 'node': 'v100', 'debug': False, 'size': 1000000, 'subsort': 'mp', 'sort': 'mpi', 'c': 8, 'p': 2} |       | c33    | haiyang | Linux | #1 SMP Tue Jul 26 14:15:37 UTC 2022 |
+---------------+----------+--------+-------+---------------------+-------------------------------------------------------------------------------------------------------------------+-------+--------+---------+-------+-------------------------------------+
# csv,timer,status,time,sum,start,tag,msg,uname.node,user,uname.system,platform.version
# csv,mpi-mergesort,ok,3.693,3.693,2022-11-20 02:49:45,{'user': 'alex', 'node': 'v100', 'debug': False, 'size': 1000000, 'subsort': 'mp', 'sort': 'mpi', 'c': 8, 'p': 2},None,c33,haiyang,Linux,#1 SMP Tue Jul 26 14:15:37 UTC 2022
# csv,mpi-generate,ok,0.007,0.007,2022-11-20 02:49:45,{'user': 'alex', 'node': 'v100', 'debug': False, 'size': 1000000, 'subsort': 'mp', 'sort': 'mpi', 'c': 8, 'p': 2},None,c33,haiyang,Linux,#1 SMP Tue Jul 26 14:15:37 UTC 2022


+---------------------------------+----------------------------------------------------+
| Attribute                       | Value                                              |
|---------------------------------+----------------------------------------------------|
| ANSI_COLOR                      | "0;31"                                             |
| BUG_REPORT_URL                  | "https://bugzilla.redhat.com/"                     |
| CPE_NAME                        | "cpe:/o:redhat:enterprise_linux:7.9:GA:server"     |
| HOME_URL                        | "https://www.redhat.com/"                          |
| ID                              | "rhel"                                             |
| ID_LIKE                         | "fedora"                                           |
| NAME                            | "Red Hat Enterprise Linux Server"                  |
| PRETTY_NAME                     | "Red Hat Enterprise Linux Server 7.9 (Maipo)"      |
| REDHAT_BUGZILLA_PRODUCT         | "Red Hat Enterprise Linux 7"                       |
| REDHAT_BUGZILLA_PRODUCT_VERSION | 7.9                                                |
| REDHAT_SUPPORT_PRODUCT          | "Red Hat Enterprise Linux"                         |
| REDHAT_SUPPORT_PRODUCT_VERSION  | "7.9"                                              |
| VARIANT                         | "Server"                                           |
| VARIANT_ID                      | "server"                                           |
| VERSION                         | "7.9 (Maipo)"                                      |
| VERSION_ID                      | "7.9"                                              |
| cpu                             | Intel(R) Xeon(R) CPU E5-2680 v3 @ 2.50GHz          |
| cpu_cores                       | 24                                                 |
| cpu_count                       | 24                                                 |
| cpu_threads                     | 24                                                 |
| date                            | 2022-11-20 02:49:55.946274                         |
| frequency                       | scpufreq(current=2.539875, min=1200.0, max=3300.0) |
| mem.active                      | 44.9 GiB                                           |
| mem.available                   | 192.5 GiB                                          |
| mem.free                        | 190.9 GiB                                          |
| mem.inactive                    | 2.5 GiB                                            |
| mem.percent                     | 23.3 %                                             |
| mem.total                       | 251.1 GiB                                          |
| mem.used                        | 51.4 GiB                                           |
| platform.version                | #1 SMP Tue Jul 26 14:15:37 UTC 2022                |
| python                          | 3.9.8 (main, Feb  8 2022, 08:35:13)                |
|                                 | [GCC 6.3.0]                                        |
| python.pip                      | 22.2.2                                             |
| python.version                  | 3.9.8                                              |
| sys.platform                    | linux                                              |
| uname.machine                   | x86_64                                             |
| uname.node                      | c33                                                |
| uname.processor                 | x86_64                                             |
| uname.release                   | 3.10.0-1160.76.1.el7.x86_64                        |
| uname.system                    | Linux                                              |
| uname.version                   | #1 SMP Tue Jul 26 14:15:37 UTC 2022                |
| user                            | haiyang                                            |
+---------------------------------+----------------------------------------------------+

+---------------+----------+--------+-------+---------------------+-------------------------------------------------------------------------------------------------------------------+-------+--------+---------+-------+-------------------------------------+
| Name          | Status   |   Time |   Sum | Start               | tag                                                                                                               | msg   | Node   | User    | OS    | Version                             |
|---------------+----------+--------+-------+---------------------+-------------------------------------------------------------------------------------------------------------------+-------+--------+---------+-------+-------------------------------------|
| mpi-mergesort | ok       |  3.707 | 3.707 | 2022-11-20 02:49:52 | {'user': 'alex', 'node': 'v100', 'debug': False, 'size': 1000000, 'subsort': 'mp', 'sort': 'mpi', 'c': 8, 'p': 2} |       | c33    | haiyang | Linux | #1 SMP Tue Jul 26 14:15:37 UTC 2022 |
| mpi-generate  | ok       |  0.007 | 0.007 | 2022-11-20 02:49:52 | {'user': 'alex', 'node': 'v100', 'debug': False, 'size': 1000000, 'subsort': 'mp', 'sort': 'mpi', 'c': 8, 'p': 2} |       | c33    | haiyang | Linux | #1 SMP Tue Jul 26 14:15:37 UTC 2022 |
+---------------+----------+--------+-------+---------------------+-------------------------------------------------------------------------------------------------------------------+-------+--------+---------+-------+-------------------------------------+
# csv,timer,status,time,sum,start,tag,msg,uname.node,user,uname.system,platform.version
# csv,mpi-mergesort,ok,3.707,3.707,2022-11-20 02:49:52,{'user': 'alex', 'node': 'v100', 'debug': False, 'size': 1000000, 'subsort': 'mp', 'sort': 'mpi', 'c': 8, 'p': 2},None,c33,haiyang,Linux,#1 SMP Tue Jul 26 14:15:37 UTC 2022
# csv,mpi-generate,ok,0.007,0.007,2022-11-20 02:49:52,{'user': 'alex', 'node': 'v100', 'debug': False, 'size': 1000000, 'subsort': 'mp', 'sort': 'mpi', 'c': 8, 'p': 2},None,c33,haiyang,Linux,#1 SMP Tue Jul 26 14:15:37 UTC 2022

