SORT: mp
<function multiprocessing_mergesort at 0x2b11eb917af0>
Starting experiment
Log:       output.log
Processes: 8
Size:      100
Repeat:    10
Clear:     False
Debug:     True
Algorithm: mp
ID:        0
Tag:       None
Total:     10
Experiment 9         : size=100 processes=8 id=0 repeat=0 last_time=undefined                     
[38, 34, 40, 61, 54, 0, 66, 96, 13, 24, 6, 98, 72, 19, 38, 97, 40, 75, 86, 13, 61, 53, 61, 37, 42, 5, 31, 100, 13, 18, 91, 100, 56, 92, 72, 82, 25, 42, 17, 35, 69, 14, 1, 17, 2, 17, 8, 56, 52, 36, 39, 100, 51, 33, 24, 99, 74, 87, 5, 94, 2, 44, 70, 55, 47, 96, 48, 15, 45, 39, 80, 50, 81, 83, 0, 28, 65, 98, 68, 94, 88, 56, 11, 84, 12, 71, 84, 27, 48, 67, 47, 64, 47, 54, 1, 91, 62, 14, 48, 30]
[0, 0, 1, 1, 2, 2, 5, 5, 6, 8, 11, 12, 13, 13, 13, 14, 14, 15, 17, 17, 17, 18, 19, 24, 24, 25, 27, 28, 30, 31, 33, 34, 35, 36, 37, 38, 38, 39, 39, 40, 40, 42, 42, 44, 45, 47, 47, 47, 48, 48, 48, 50, 51, 52, 53, 54, 54, 55, 56, 56, 56, 61, 61, 61, 62, 64, 65, 66, 67, 68, 69, 70, 71, 72, 72, 74, 75, 80, 81, 82, 83, 84, 84, 86, 87, 88, 91, 91, 92, 94, 94, 96, 96, 97, 98, 98, 99, 100, 100, 100]
Experiment 8         : size=100 processes=8 id=0 repeat=1 last_time=0.0539                     
[32, 95, 84, 89, 26, 75, 12, 79, 44, 91, 47, 60, 57, 86, 37, 68, 100, 76, 39, 79, 60, 43, 77, 63, 87, 84, 10, 71, 13, 46, 62, 81, 97, 93, 12, 10, 69, 61, 72, 80, 95, 7, 3, 67, 45, 33, 48, 16, 19, 89, 45, 22, 18, 5, 91, 45, 53, 19, 1, 5, 1, 100, 4, 88, 62, 93, 49, 32, 89, 31, 14, 39, 14, 31, 89, 27, 66, 78, 82, 85, 49, 37, 90, 35, 35, 13, 24, 19, 42, 97, 93, 64, 10, 66, 16, 44, 13, 45, 82, 78]
[1, 1, 3, 4, 5, 5, 7, 10, 10, 10, 12, 12, 13, 13, 13, 14, 14, 16, 16, 18, 19, 19, 19, 22, 24, 26, 27, 31, 31, 32, 32, 33, 35, 35, 37, 37, 39, 39, 42, 43, 44, 44, 45, 45, 45, 45, 46, 47, 48, 49, 49, 53, 57, 60, 60, 61, 62, 62, 63, 64, 66, 66, 67, 68, 69, 71, 72, 75, 76, 77, 78, 78, 79, 79, 80, 81, 82, 82, 84, 84, 85, 86, 87, 88, 89, 89, 89, 89, 90, 91, 91, 93, 93, 93, 95, 95, 97, 97, 100, 100]
Experiment 7         : size=100 processes=8 id=0 repeat=2 last_time=0.0425                     
[97, 68, 97, 39, 45, 86, 10, 6, 86, 100, 0, 48, 33, 42, 89, 64, 66, 2, 94, 89, 97, 40, 25, 76, 7, 49, 71, 32, 39, 0, 8, 72, 67, 83, 21, 83, 20, 74, 17, 89, 40, 91, 4, 20, 26, 32, 16, 7, 42, 5, 69, 73, 37, 26, 94, 13, 18, 9, 46, 60, 48, 54, 69, 54, 99, 33, 70, 0, 10, 65, 56, 98, 61, 36, 97, 60, 38, 42, 80, 24, 70, 3, 39, 40, 75, 59, 80, 14, 93, 90, 42, 76, 70, 6, 37, 10, 13, 65, 94, 50]
[0, 0, 0, 2, 3, 4, 5, 6, 6, 7, 7, 8, 9, 10, 10, 10, 13, 13, 14, 16, 17, 18, 20, 20, 21, 24, 25, 26, 26, 32, 32, 33, 33, 36, 37, 37, 38, 39, 39, 39, 40, 40, 40, 42, 42, 42, 42, 45, 46, 48, 48, 49, 50, 54, 54, 56, 59, 60, 60, 61, 64, 65, 65, 66, 67, 68, 69, 69, 70, 70, 70, 71, 72, 73, 74, 75, 76, 76, 80, 80, 83, 83, 86, 86, 89, 89, 89, 90, 91, 93, 94, 94, 94, 97, 97, 97, 97, 98, 99, 100]
Experiment 6         : size=100 processes=8 id=0 repeat=3 last_time=0.0431                     
[88, 27, 30, 54, 52, 14, 59, 74, 36, 29, 22, 58, 46, 99, 10, 17, 89, 60, 72, 75, 28, 78, 0, 28, 21, 34, 76, 40, 73, 20, 6, 87, 71, 16, 82, 3, 27, 58, 44, 79, 22, 0, 35, 73, 23, 79, 92, 0, 14, 47, 74, 61, 28, 44, 10, 9, 73, 19, 20, 69, 39, 58, 78, 11, 20, 74, 70, 9, 45, 91, 54, 98, 84, 73, 47, 81, 60, 9, 9, 29, 79, 44, 25, 33, 86, 5, 51, 97, 92, 28, 1, 53, 21, 72, 20, 78, 17, 12, 91, 11]
[0, 0, 0, 1, 3, 5, 6, 9, 9, 9, 9, 10, 10, 11, 11, 12, 14, 14, 16, 17, 17, 19, 20, 20, 20, 20, 21, 21, 22, 22, 23, 25, 27, 27, 28, 28, 28, 28, 29, 29, 30, 33, 34, 35, 36, 39, 40, 44, 44, 44, 45, 46, 47, 47, 51, 52, 53, 54, 54, 58, 58, 58, 59, 60, 60, 61, 69, 70, 71, 72, 72, 73, 73, 73, 73, 74, 74, 74, 75, 76, 78, 78, 78, 79, 79, 79, 81, 82, 84, 86, 87, 88, 89, 91, 91, 92, 92, 97, 98, 99]
Experiment 5         : size=100 processes=8 id=0 repeat=4 last_time=0.044                     
[31, 65, 2, 5, 27, 61, 57, 87, 58, 55, 21, 67, 67, 15, 37, 94, 69, 48, 71, 21, 17, 86, 26, 90, 23, 84, 39, 47, 83, 28, 63, 13, 56, 72, 8, 86, 7, 96, 35, 8, 69, 24, 65, 9, 49, 45, 51, 35, 34, 52, 65, 64, 90, 57, 38, 67, 22, 50, 71, 71, 1, 74, 37, 52, 92, 41, 49, 4, 6, 38, 20, 95, 39, 60, 69, 47, 69, 99, 49, 64, 70, 89, 38, 53, 64, 60, 74, 14, 62, 95, 16, 97, 19, 97, 41, 26, 27, 1, 44, 92]
[1, 1, 2, 4, 5, 6, 7, 8, 8, 9, 13, 14, 15, 16, 17, 19, 20, 21, 21, 22, 23, 24, 26, 26, 27, 27, 28, 31, 34, 35, 35, 37, 37, 38, 38, 38, 39, 39, 41, 41, 44, 45, 47, 47, 48, 49, 49, 49, 50, 51, 52, 52, 53, 55, 56, 57, 57, 58, 60, 60, 61, 62, 63, 64, 64, 64, 65, 65, 65, 67, 67, 67, 69, 69, 69, 69, 70, 71, 71, 71, 72, 74, 74, 83, 84, 86, 86, 87, 89, 90, 90, 92, 92, 94, 95, 95, 96, 97, 97, 99]
Experiment 4         : size=100 processes=8 id=0 repeat=5 last_time=0.0424                     
[10, 75, 37, 85, 34, 83, 0, 99, 1, 87, 0, 35, 33, 31, 62, 23, 22, 89, 65, 27, 53, 48, 45, 42, 57, 83, 99, 10, 92, 83, 60, 10, 6, 56, 15, 67, 39, 22, 34, 16, 12, 28, 43, 73, 19, 16, 65, 16, 55, 74, 57, 49, 1, 85, 45, 23, 60, 57, 20, 83, 68, 30, 14, 0, 59, 31, 39, 34, 60, 94, 88, 8, 10, 11, 60, 5, 32, 44, 60, 42, 56, 14, 71, 7, 47, 75, 35, 62, 14, 54, 81, 6, 32, 87, 34, 75, 90, 70, 4, 56]
[0, 0, 0, 1, 1, 4, 5, 6, 6, 7, 8, 10, 10, 10, 10, 11, 12, 14, 14, 14, 15, 16, 16, 16, 19, 20, 22, 22, 23, 23, 27, 28, 30, 31, 31, 32, 32, 33, 34, 34, 34, 34, 35, 35, 37, 39, 39, 42, 42, 43, 44, 45, 45, 47, 48, 49, 53, 54, 55, 56, 56, 56, 57, 57, 57, 59, 60, 60, 60, 60, 60, 62, 62, 65, 65, 67, 68, 70, 71, 73, 74, 75, 75, 75, 81, 83, 83, 83, 83, 85, 85, 87, 87, 88, 89, 90, 92, 94, 99, 99]
Experiment 3         : size=100 processes=8 id=0 repeat=6 last_time=0.0443                     
[53, 71, 72, 32, 60, 48, 9, 62, 40, 67, 92, 10, 1, 84, 43, 38, 26, 10, 36, 52, 80, 82, 74, 75, 80, 94, 54, 26, 98, 35, 88, 99, 30, 5, 64, 84, 76, 39, 64, 45, 32, 14, 24, 33, 59, 87, 26, 88, 80, 8, 6, 15, 75, 1, 12, 95, 37, 15, 32, 83, 82, 69, 69, 23, 36, 96, 15, 23, 67, 45, 44, 26, 11, 26, 95, 95, 54, 19, 87, 59, 25, 65, 49, 12, 39, 6, 77, 88, 90, 97, 92, 17, 96, 93, 9, 80, 29, 25, 76, 10]
[1, 1, 5, 6, 6, 8, 9, 9, 10, 10, 10, 11, 12, 12, 14, 15, 15, 15, 17, 19, 23, 23, 24, 25, 25, 26, 26, 26, 26, 26, 29, 30, 32, 32, 32, 33, 35, 36, 36, 37, 38, 39, 39, 40, 43, 44, 45, 45, 48, 49, 52, 53, 54, 54, 59, 59, 60, 62, 64, 64, 65, 67, 67, 69, 69, 71, 72, 74, 75, 75, 76, 76, 77, 80, 80, 80, 80, 82, 82, 83, 84, 84, 87, 87, 88, 88, 88, 90, 92, 92, 93, 94, 95, 95, 95, 96, 96, 97, 98, 99]
Experiment 2         : size=100 processes=8 id=0 repeat=7 last_time=0.043                     
[86, 13, 90, 75, 68, 23, 10, 19, 6, 58, 68, 2, 65, 69, 20, 77, 26, 98, 27, 70, 14, 9, 56, 18, 61, 28, 12, 60, 17, 56, 91, 58, 98, 27, 8, 1, 58, 39, 30, 92, 28, 58, 1, 40, 39, 18, 52, 91, 32, 12, 67, 17, 98, 45, 7, 41, 25, 93, 39, 85, 66, 83, 1, 95, 64, 46, 90, 86, 53, 100, 45, 7, 89, 73, 56, 14, 72, 63, 4, 22, 61, 89, 16, 21, 67, 32, 10, 97, 15, 5, 71, 94, 23, 3, 59, 79, 17, 2, 84, 32]
[1, 1, 1, 2, 2, 3, 4, 5, 6, 7, 7, 8, 9, 10, 10, 12, 12, 13, 14, 14, 15, 16, 17, 17, 17, 18, 18, 19, 20, 21, 22, 23, 23, 25, 26, 27, 27, 28, 28, 30, 32, 32, 32, 39, 39, 39, 40, 41, 45, 45, 46, 52, 53, 56, 56, 56, 58, 58, 58, 58, 59, 60, 61, 61, 63, 64, 65, 66, 67, 67, 68, 68, 69, 70, 71, 72, 73, 75, 77, 79, 83, 84, 85, 86, 86, 89, 89, 90, 90, 91, 91, 92, 93, 94, 95, 97, 98, 98, 98, 100]
Experiment 1         : size=100 processes=8 id=0 repeat=8 last_time=0.0423                     
[23, 99, 7, 30, 85, 92, 34, 27, 93, 89, 88, 3, 9, 54, 72, 11, 76, 99, 65, 93, 46, 48, 4, 44, 53, 64, 21, 32, 59, 12, 27, 50, 9, 26, 69, 29, 92, 14, 85, 39, 14, 38, 76, 16, 45, 100, 67, 82, 6, 12, 4, 70, 61, 67, 64, 69, 36, 26, 22, 99, 27, 72, 66, 93, 48, 16, 4, 21, 65, 72, 12, 66, 62, 25, 8, 6, 4, 47, 70, 89, 32, 25, 89, 88, 66, 5, 77, 89, 70, 73, 5, 20, 93, 62, 4, 27, 36, 32, 16, 59]
[3, 4, 4, 4, 4, 4, 5, 5, 6, 6, 7, 8, 9, 9, 11, 12, 12, 12, 14, 14, 16, 16, 16, 20, 21, 21, 22, 23, 25, 25, 26, 26, 27, 27, 27, 27, 29, 30, 32, 32, 32, 34, 36, 36, 38, 39, 44, 45, 46, 47, 48, 48, 50, 53, 54, 59, 59, 61, 62, 62, 64, 64, 65, 65, 66, 66, 66, 67, 67, 69, 69, 70, 70, 70, 72, 72, 72, 73, 76, 76, 77, 82, 85, 85, 88, 88, 89, 89, 89, 89, 92, 92, 93, 93, 93, 93, 99, 99, 99, 100]
Experiment 0         : size=100 processes=8 id=0 repeat=9 last_time=0.0444                     
[40, 79, 40, 32, 83, 34, 90, 2, 49, 23, 19, 64, 92, 14, 21, 96, 13, 33, 88, 65, 82, 65, 19, 53, 36, 69, 19, 32, 20, 90, 48, 62, 75, 7, 14, 41, 57, 38, 1, 15, 69, 36, 86, 0, 47, 51, 32, 0, 56, 97, 100, 65, 83, 81, 90, 13, 34, 45, 91, 68, 86, 24, 71, 6, 2, 71, 30, 86, 86, 53, 36, 85, 78, 83, 61, 54, 26, 43, 60, 43, 85, 6, 85, 92, 69, 55, 80, 88, 45, 20, 46, 55, 19, 16, 80, 26, 71, 96, 80, 2]
[0, 0, 1, 2, 2, 2, 6, 6, 7, 13, 13, 14, 14, 15, 16, 19, 19, 19, 19, 20, 20, 21, 23, 24, 26, 26, 30, 32, 32, 32, 33, 34, 34, 36, 36, 36, 38, 40, 40, 41, 43, 43, 45, 45, 46, 47, 48, 49, 51, 53, 53, 54, 55, 55, 56, 57, 60, 61, 62, 64, 65, 65, 65, 68, 69, 69, 69, 71, 71, 71, 75, 78, 79, 80, 80, 80, 81, 82, 83, 83, 83, 85, 85, 85, 86, 86, 86, 86, 88, 88, 90, 90, 90, 91, 92, 92, 96, 96, 97, 100]

+---------------------------------+--------------------------------------------------------------+
| Attribute                       | Value                                                        |
|---------------------------------+--------------------------------------------------------------|
| ANSI_COLOR                      | "0;31"                                                       |
| BUG_REPORT_URL                  | "https://bugzilla.redhat.com/"                               |
| CPE_NAME                        | "cpe:/o:redhat:enterprise_linux:7.9:GA:server"               |
| HOME_URL                        | "https://www.redhat.com/"                                    |
| ID                              | "rhel"                                                       |
| ID_LIKE                         | "fedora"                                                     |
| NAME                            | "Red Hat Enterprise Linux Server"                            |
| PRETTY_NAME                     | "Red Hat Enterprise Linux Server 7.9 (Maipo)"                |
| REDHAT_BUGZILLA_PRODUCT         | "Red Hat Enterprise Linux 7"                                 |
| REDHAT_BUGZILLA_PRODUCT_VERSION | 7.9                                                          |
| REDHAT_SUPPORT_PRODUCT          | "Red Hat Enterprise Linux"                                   |
| REDHAT_SUPPORT_PRODUCT_VERSION  | "7.9"                                                        |
| VARIANT                         | "Server"                                                     |
| VARIANT_ID                      | "server"                                                     |
| VERSION                         | "7.9 (Maipo)"                                                |
| VERSION_ID                      | "7.9"                                                        |
| cpu                             | Intel(R) Xeon(R) CPU E5-2680 v3 @ 2.50GHz                    |
| cpu_cores                       | 24                                                           |
| cpu_count                       | 24                                                           |
| cpu_threads                     | 24                                                           |
| date                            | 2022-10-30 15:05:39.874658                                   |
| frequency                       | scpufreq(current=1.2953750000000002, min=1200.0, max=3300.0) |
| mem.active                      | 17.0 GiB                                                     |
| mem.available                   | 176.1 GiB                                                    |
| mem.free                        | 171.6 GiB                                                    |
| mem.inactive                    | 7.1 GiB                                                      |
| mem.percent                     | 29.9 %                                                       |
| mem.total                       | 251.2 GiB                                                    |
| mem.used                        | 56.6 GiB                                                     |
| platform.version                | #1 SMP Tue Jul 26 14:15:37 UTC 2022                          |
| python                          | 3.9.8 (main, Feb  8 2022, 08:35:13)                          |
|                                 | [GCC 6.3.0]                                                  |
| python.pip                      | 22.2.2                                                       |
| python.version                  | 3.9.8                                                        |
| sys.platform                    | linux                                                        |
| uname.machine                   | x86_64                                                       |
| uname.node                      | h1.carbonate.uits.iu.edu                                     |
| uname.processor                 | x86_64                                                       |
| uname.release                   | 3.10.0-1160.76.1.el7.x86_64                                  |
| uname.system                    | Linux                                                        |
| uname.version                   | #1 SMP Tue Jul 26 14:15:37 UTC 2022                          |
| user                            | haiyang                                                      |
+---------------------------------+--------------------------------------------------------------+

+--------------------------------+----------+--------+-------+---------------------+-------------------------------------------------------------------------------------------------------------+-------+--------------------------+---------+-------+-------------------------------------+
| Name                           | Status   |   Time |   Sum | Start               | tag                                                                                                         | msg   | Node                     | User    | OS    | Version                             |
|--------------------------------+----------+--------+-------+---------------------+-------------------------------------------------------------------------------------------------------------+-------+--------------------------+---------+-------+-------------------------------------|
| mp-v100-alex-100-8-None-None-0 | ok       |  0.054 | 0.054 | 2022-10-30 15:05:39 | {'p': 8, 'size': 100, 'repeat': 10, 'sort': 'mp', 'user': 'alex', 'node': 'v100', 't': 'None', 'c': 'None'} |       | h1.carbonate.uits.iu.edu | haiyang | Linux | #1 SMP Tue Jul 26 14:15:37 UTC 2022 |
| mp-v100-alex-100-8-None-None-1 | ok       |  0.042 | 0.042 | 2022-10-30 15:05:39 | {'p': 8, 'size': 100, 'repeat': 10, 'sort': 'mp', 'user': 'alex', 'node': 'v100', 't': 'None', 'c': 'None'} |       | h1.carbonate.uits.iu.edu | haiyang | Linux | #1 SMP Tue Jul 26 14:15:37 UTC 2022 |
| mp-v100-alex-100-8-None-None-2 | ok       |  0.043 | 0.043 | 2022-10-30 15:05:39 | {'p': 8, 'size': 100, 'repeat': 10, 'sort': 'mp', 'user': 'alex', 'node': 'v100', 't': 'None', 'c': 'None'} |       | h1.carbonate.uits.iu.edu | haiyang | Linux | #1 SMP Tue Jul 26 14:15:37 UTC 2022 |
| mp-v100-alex-100-8-None-None-3 | ok       |  0.044 | 0.044 | 2022-10-30 15:05:39 | {'p': 8, 'size': 100, 'repeat': 10, 'sort': 'mp', 'user': 'alex', 'node': 'v100', 't': 'None', 'c': 'None'} |       | h1.carbonate.uits.iu.edu | haiyang | Linux | #1 SMP Tue Jul 26 14:15:37 UTC 2022 |
| mp-v100-alex-100-8-None-None-4 | ok       |  0.042 | 0.042 | 2022-10-30 15:05:39 | {'p': 8, 'size': 100, 'repeat': 10, 'sort': 'mp', 'user': 'alex', 'node': 'v100', 't': 'None', 'c': 'None'} |       | h1.carbonate.uits.iu.edu | haiyang | Linux | #1 SMP Tue Jul 26 14:15:37 UTC 2022 |
| mp-v100-alex-100-8-None-None-5 | ok       |  0.044 | 0.044 | 2022-10-30 15:05:39 | {'p': 8, 'size': 100, 'repeat': 10, 'sort': 'mp', 'user': 'alex', 'node': 'v100', 't': 'None', 'c': 'None'} |       | h1.carbonate.uits.iu.edu | haiyang | Linux | #1 SMP Tue Jul 26 14:15:37 UTC 2022 |
| mp-v100-alex-100-8-None-None-6 | ok       |  0.043 | 0.043 | 2022-10-30 15:05:39 | {'p': 8, 'size': 100, 'repeat': 10, 'sort': 'mp', 'user': 'alex', 'node': 'v100', 't': 'None', 'c': 'None'} |       | h1.carbonate.uits.iu.edu | haiyang | Linux | #1 SMP Tue Jul 26 14:15:37 UTC 2022 |
| mp-v100-alex-100-8-None-None-7 | ok       |  0.042 | 0.042 | 2022-10-30 15:05:39 | {'p': 8, 'size': 100, 'repeat': 10, 'sort': 'mp', 'user': 'alex', 'node': 'v100', 't': 'None', 'c': 'None'} |       | h1.carbonate.uits.iu.edu | haiyang | Linux | #1 SMP Tue Jul 26 14:15:37 UTC 2022 |
| mp-v100-alex-100-8-None-None-8 | ok       |  0.044 | 0.044 | 2022-10-30 15:05:39 | {'p': 8, 'size': 100, 'repeat': 10, 'sort': 'mp', 'user': 'alex', 'node': 'v100', 't': 'None', 'c': 'None'} |       | h1.carbonate.uits.iu.edu | haiyang | Linux | #1 SMP Tue Jul 26 14:15:37 UTC 2022 |
| mp-v100-alex-100-8-None-None-9 | ok       |  0.043 | 0.043 | 2022-10-30 15:05:39 | {'p': 8, 'size': 100, 'repeat': 10, 'sort': 'mp', 'user': 'alex', 'node': 'v100', 't': 'None', 'c': 'None'} |       | h1.carbonate.uits.iu.edu | haiyang | Linux | #1 SMP Tue Jul 26 14:15:37 UTC 2022 |
+--------------------------------+----------+--------+-------+---------------------+-------------------------------------------------------------------------------------------------------------+-------+--------------------------+---------+-------+-------------------------------------+
# csv,timer,status,time,sum,start,tag,msg,uname.node,user,uname.system,platform.version
# csv,mp-v100-alex-100-8-None-None-0,ok,0.054,0.054,2022-10-30 15:05:39,{'p': 8, 'size': 100, 'repeat': 10, 'sort': 'mp', 'user': 'alex', 'node': 'v100', 't': 'None', 'c': 'None'},None,h1.carbonate.uits.iu.edu,haiyang,Linux,#1 SMP Tue Jul 26 14:15:37 UTC 2022
# csv,mp-v100-alex-100-8-None-None-1,ok,0.042,0.042,2022-10-30 15:05:39,{'p': 8, 'size': 100, 'repeat': 10, 'sort': 'mp', 'user': 'alex', 'node': 'v100', 't': 'None', 'c': 'None'},None,h1.carbonate.uits.iu.edu,haiyang,Linux,#1 SMP Tue Jul 26 14:15:37 UTC 2022
# csv,mp-v100-alex-100-8-None-None-2,ok,0.043,0.043,2022-10-30 15:05:39,{'p': 8, 'size': 100, 'repeat': 10, 'sort': 'mp', 'user': 'alex', 'node': 'v100', 't': 'None', 'c': 'None'},None,h1.carbonate.uits.iu.edu,haiyang,Linux,#1 SMP Tue Jul 26 14:15:37 UTC 2022
# csv,mp-v100-alex-100-8-None-None-3,ok,0.044,0.044,2022-10-30 15:05:39,{'p': 8, 'size': 100, 'repeat': 10, 'sort': 'mp', 'user': 'alex', 'node': 'v100', 't': 'None', 'c': 'None'},None,h1.carbonate.uits.iu.edu,haiyang,Linux,#1 SMP Tue Jul 26 14:15:37 UTC 2022
# csv,mp-v100-alex-100-8-None-None-4,ok,0.042,0.042,2022-10-30 15:05:39,{'p': 8, 'size': 100, 'repeat': 10, 'sort': 'mp', 'user': 'alex', 'node': 'v100', 't': 'None', 'c': 'None'},None,h1.carbonate.uits.iu.edu,haiyang,Linux,#1 SMP Tue Jul 26 14:15:37 UTC 2022
# csv,mp-v100-alex-100-8-None-None-5,ok,0.044,0.044,2022-10-30 15:05:39,{'p': 8, 'size': 100, 'repeat': 10, 'sort': 'mp', 'user': 'alex', 'node': 'v100', 't': 'None', 'c': 'None'},None,h1.carbonate.uits.iu.edu,haiyang,Linux,#1 SMP Tue Jul 26 14:15:37 UTC 2022
# csv,mp-v100-alex-100-8-None-None-6,ok,0.043,0.043,2022-10-30 15:05:39,{'p': 8, 'size': 100, 'repeat': 10, 'sort': 'mp', 'user': 'alex', 'node': 'v100', 't': 'None', 'c': 'None'},None,h1.carbonate.uits.iu.edu,haiyang,Linux,#1 SMP Tue Jul 26 14:15:37 UTC 2022
# csv,mp-v100-alex-100-8-None-None-7,ok,0.042,0.042,2022-10-30 15:05:39,{'p': 8, 'size': 100, 'repeat': 10, 'sort': 'mp', 'user': 'alex', 'node': 'v100', 't': 'None', 'c': 'None'},None,h1.carbonate.uits.iu.edu,haiyang,Linux,#1 SMP Tue Jul 26 14:15:37 UTC 2022
# csv,mp-v100-alex-100-8-None-None-8,ok,0.044,0.044,2022-10-30 15:05:39,{'p': 8, 'size': 100, 'repeat': 10, 'sort': 'mp', 'user': 'alex', 'node': 'v100', 't': 'None', 'c': 'None'},None,h1.carbonate.uits.iu.edu,haiyang,Linux,#1 SMP Tue Jul 26 14:15:37 UTC 2022
# csv,mp-v100-alex-100-8-None-None-9,ok,0.043,0.043,2022-10-30 15:05:39,{'p': 8, 'size': 100, 'repeat': 10, 'sort': 'mp', 'user': 'alex', 'node': 'v100', 't': 'None', 'c': 'None'},None,h1.carbonate.uits.iu.edu,haiyang,Linux,#1 SMP Tue Jul 26 14:15:37 UTC 2022

