SORT: mp
<function multiprocessing_mergesort at 0x2b8022eabb80>
Starting experiment
Log:       output.log
Processes: 9
Size:      4000000
Repeat:    10
Clear:     False
Debug:     True
Algorithm: mp
ID:        0
Tag:       None
Total:     10
Experiment 9         : size=4000000 processes=9 id=0 repeat=0 last_time=undefined                     
Experiment 8         : size=4000000 processes=9 id=0 repeat=1 last_time=10.3842                     
Experiment 7         : size=4000000 processes=9 id=0 repeat=2 last_time=10.491                     
Experiment 6         : size=4000000 processes=9 id=0 repeat=3 last_time=10.2704                     
Experiment 5         : size=4000000 processes=9 id=0 repeat=4 last_time=9.9308                     
Experiment 4         : size=4000000 processes=9 id=0 repeat=5 last_time=9.9443                     
Experiment 3         : size=4000000 processes=9 id=0 repeat=6 last_time=10.2372                     
Experiment 2         : size=4000000 processes=9 id=0 repeat=7 last_time=10.4066                     
Experiment 1         : size=4000000 processes=9 id=0 repeat=8 last_time=10.4124                     
Experiment 0         : size=4000000 processes=9 id=0 repeat=9 last_time=10.4914                     

+---------------------------------+--------------------------------------------------------------+
| Attribute                       | Value                                                        |
|---------------------------------+--------------------------------------------------------------|
| ANSI_COLOR                      | "0;31"                                                       |
| BUG_REPORT_URL                  | "https://bugzilla.redhat.com/"                               |
| CPE_NAME                        | "cpe:/o:redhat:enterprise_linux:7.9:GA:server"               |
| HOME_URL                        | "https://www.redhat.com/"                                    |
| ID                              | "rhel"                                                       |
| ID_LIKE                         | "fedora"                                                     |
| NAME                            | "Red Hat Enterprise Linux Server"                            |
| PRETTY_NAME                     | "Red Hat Enterprise Linux Server 7.9 (Maipo)"                |
| REDHAT_BUGZILLA_PRODUCT         | "Red Hat Enterprise Linux 7"                                 |
| REDHAT_BUGZILLA_PRODUCT_VERSION | 7.9                                                          |
| REDHAT_SUPPORT_PRODUCT          | "Red Hat Enterprise Linux"                                   |
| REDHAT_SUPPORT_PRODUCT_VERSION  | "7.9"                                                        |
| VARIANT                         | "Server"                                                     |
| VARIANT_ID                      | "server"                                                     |
| VERSION                         | "7.9 (Maipo)"                                                |
| VERSION_ID                      | "7.9"                                                        |
| cpu                             | Intel(R) Xeon(R) CPU E5-2680 v3 @ 2.50GHz                    |
| cpu_cores                       | 24                                                           |
| cpu_count                       | 24                                                           |
| cpu_threads                     | 24                                                           |
| date                            | 2022-11-05 04:33:46.984745                                   |
| frequency                       | scpufreq(current=1.4133333333333333, min=1200.0, max=3300.0) |
| mem.active                      | 31.4 GiB                                                     |
| mem.available                   | 139.4 GiB                                                    |
| mem.free                        | 39.8 GiB                                                     |
| mem.inactive                    | 115.4 GiB                                                    |
| mem.percent                     | 44.6 %                                                       |
| mem.total                       | 251.5 GiB                                                    |
| mem.used                        | 70.1 GiB                                                     |
| platform.version                | #1 SMP Tue Jul 26 14:15:37 UTC 2022                          |
| python                          | 3.9.8 (main, Feb  8 2022, 08:35:13)                          |
|                                 | [GCC 6.3.0]                                                  |
| python.pip                      | 22.2.2                                                       |
| python.version                  | 3.9.8                                                        |
| sys.platform                    | linux                                                        |
| uname.machine                   | x86_64                                                       |
| uname.node                      | h2.carbonate.uits.iu.edu                                     |
| uname.processor                 | x86_64                                                       |
| uname.release                   | 3.10.0-1160.76.1.el7.x86_64                                  |
| uname.system                    | Linux                                                        |
| uname.version                   | #1 SMP Tue Jul 26 14:15:37 UTC 2022                          |
| user                            | haiyang                                                      |
+---------------------------------+--------------------------------------------------------------+

+------------------------------------+----------+--------+--------+---------------------+-----------------------------------------------------------------------------------------------------------------+-------+--------------------------+---------+-------+-------------------------------------+
| Name                               | Status   |   Time |    Sum | Start               | tag                                                                                                             | msg   | Node                     | User    | OS    | Version                             |
|------------------------------------+----------+--------+--------+---------------------+-----------------------------------------------------------------------------------------------------------------+-------+--------------------------+---------+-------+-------------------------------------|
| mp-v100-alex-4000000-9-None-None-0 | ok       | 10.384 | 10.384 | 2022-11-05 04:31:27 | {'p': 9, 'size': 4000000, 'repeat': 10, 'sort': 'mp', 'user': 'alex', 'node': 'v100', 't': 'None', 'c': 'None'} |       | h2.carbonate.uits.iu.edu | haiyang | Linux | #1 SMP Tue Jul 26 14:15:37 UTC 2022 |
| mp-v100-alex-4000000-9-None-None-1 | ok       | 10.491 | 10.491 | 2022-11-05 04:31:41 | {'p': 9, 'size': 4000000, 'repeat': 10, 'sort': 'mp', 'user': 'alex', 'node': 'v100', 't': 'None', 'c': 'None'} |       | h2.carbonate.uits.iu.edu | haiyang | Linux | #1 SMP Tue Jul 26 14:15:37 UTC 2022 |
| mp-v100-alex-4000000-9-None-None-2 | ok       | 10.27  | 10.27  | 2022-11-05 04:31:56 | {'p': 9, 'size': 4000000, 'repeat': 10, 'sort': 'mp', 'user': 'alex', 'node': 'v100', 't': 'None', 'c': 'None'} |       | h2.carbonate.uits.iu.edu | haiyang | Linux | #1 SMP Tue Jul 26 14:15:37 UTC 2022 |
| mp-v100-alex-4000000-9-None-None-3 | ok       |  9.931 |  9.931 | 2022-11-05 04:32:10 | {'p': 9, 'size': 4000000, 'repeat': 10, 'sort': 'mp', 'user': 'alex', 'node': 'v100', 't': 'None', 'c': 'None'} |       | h2.carbonate.uits.iu.edu | haiyang | Linux | #1 SMP Tue Jul 26 14:15:37 UTC 2022 |
| mp-v100-alex-4000000-9-None-None-4 | ok       |  9.944 |  9.944 | 2022-11-05 04:32:24 | {'p': 9, 'size': 4000000, 'repeat': 10, 'sort': 'mp', 'user': 'alex', 'node': 'v100', 't': 'None', 'c': 'None'} |       | h2.carbonate.uits.iu.edu | haiyang | Linux | #1 SMP Tue Jul 26 14:15:37 UTC 2022 |
| mp-v100-alex-4000000-9-None-None-5 | ok       | 10.237 | 10.237 | 2022-11-05 04:32:38 | {'p': 9, 'size': 4000000, 'repeat': 10, 'sort': 'mp', 'user': 'alex', 'node': 'v100', 't': 'None', 'c': 'None'} |       | h2.carbonate.uits.iu.edu | haiyang | Linux | #1 SMP Tue Jul 26 14:15:37 UTC 2022 |
| mp-v100-alex-4000000-9-None-None-6 | ok       | 10.407 | 10.407 | 2022-11-05 04:32:52 | {'p': 9, 'size': 4000000, 'repeat': 10, 'sort': 'mp', 'user': 'alex', 'node': 'v100', 't': 'None', 'c': 'None'} |       | h2.carbonate.uits.iu.edu | haiyang | Linux | #1 SMP Tue Jul 26 14:15:37 UTC 2022 |
| mp-v100-alex-4000000-9-None-None-7 | ok       | 10.412 | 10.412 | 2022-11-05 04:33:07 | {'p': 9, 'size': 4000000, 'repeat': 10, 'sort': 'mp', 'user': 'alex', 'node': 'v100', 't': 'None', 'c': 'None'} |       | h2.carbonate.uits.iu.edu | haiyang | Linux | #1 SMP Tue Jul 26 14:15:37 UTC 2022 |
| mp-v100-alex-4000000-9-None-None-8 | ok       | 10.491 | 10.491 | 2022-11-05 04:33:21 | {'p': 9, 'size': 4000000, 'repeat': 10, 'sort': 'mp', 'user': 'alex', 'node': 'v100', 't': 'None', 'c': 'None'} |       | h2.carbonate.uits.iu.edu | haiyang | Linux | #1 SMP Tue Jul 26 14:15:37 UTC 2022 |
| mp-v100-alex-4000000-9-None-None-9 | ok       | 10.573 | 10.573 | 2022-11-05 04:33:36 | {'p': 9, 'size': 4000000, 'repeat': 10, 'sort': 'mp', 'user': 'alex', 'node': 'v100', 't': 'None', 'c': 'None'} |       | h2.carbonate.uits.iu.edu | haiyang | Linux | #1 SMP Tue Jul 26 14:15:37 UTC 2022 |
+------------------------------------+----------+--------+--------+---------------------+-----------------------------------------------------------------------------------------------------------------+-------+--------------------------+---------+-------+-------------------------------------+
# csv,timer,status,time,sum,start,tag,msg,uname.node,user,uname.system,platform.version
# csv,mp-v100-alex-4000000-9-None-None-0,ok,10.384,10.384,2022-11-05 04:31:27,{'p': 9, 'size': 4000000, 'repeat': 10, 'sort': 'mp', 'user': 'alex', 'node': 'v100', 't': 'None', 'c': 'None'},None,h2.carbonate.uits.iu.edu,haiyang,Linux,#1 SMP Tue Jul 26 14:15:37 UTC 2022
# csv,mp-v100-alex-4000000-9-None-None-1,ok,10.491,10.491,2022-11-05 04:31:41,{'p': 9, 'size': 4000000, 'repeat': 10, 'sort': 'mp', 'user': 'alex', 'node': 'v100', 't': 'None', 'c': 'None'},None,h2.carbonate.uits.iu.edu,haiyang,Linux,#1 SMP Tue Jul 26 14:15:37 UTC 2022
# csv,mp-v100-alex-4000000-9-None-None-2,ok,10.27,10.27,2022-11-05 04:31:56,{'p': 9, 'size': 4000000, 'repeat': 10, 'sort': 'mp', 'user': 'alex', 'node': 'v100', 't': 'None', 'c': 'None'},None,h2.carbonate.uits.iu.edu,haiyang,Linux,#1 SMP Tue Jul 26 14:15:37 UTC 2022
# csv,mp-v100-alex-4000000-9-None-None-3,ok,9.931,9.931,2022-11-05 04:32:10,{'p': 9, 'size': 4000000, 'repeat': 10, 'sort': 'mp', 'user': 'alex', 'node': 'v100', 't': 'None', 'c': 'None'},None,h2.carbonate.uits.iu.edu,haiyang,Linux,#1 SMP Tue Jul 26 14:15:37 UTC 2022
# csv,mp-v100-alex-4000000-9-None-None-4,ok,9.944,9.944,2022-11-05 04:32:24,{'p': 9, 'size': 4000000, 'repeat': 10, 'sort': 'mp', 'user': 'alex', 'node': 'v100', 't': 'None', 'c': 'None'},None,h2.carbonate.uits.iu.edu,haiyang,Linux,#1 SMP Tue Jul 26 14:15:37 UTC 2022
# csv,mp-v100-alex-4000000-9-None-None-5,ok,10.237,10.237,2022-11-05 04:32:38,{'p': 9, 'size': 4000000, 'repeat': 10, 'sort': 'mp', 'user': 'alex', 'node': 'v100', 't': 'None', 'c': 'None'},None,h2.carbonate.uits.iu.edu,haiyang,Linux,#1 SMP Tue Jul 26 14:15:37 UTC 2022
# csv,mp-v100-alex-4000000-9-None-None-6,ok,10.407,10.407,2022-11-05 04:32:52,{'p': 9, 'size': 4000000, 'repeat': 10, 'sort': 'mp', 'user': 'alex', 'node': 'v100', 't': 'None', 'c': 'None'},None,h2.carbonate.uits.iu.edu,haiyang,Linux,#1 SMP Tue Jul 26 14:15:37 UTC 2022
# csv,mp-v100-alex-4000000-9-None-None-7,ok,10.412,10.412,2022-11-05 04:33:07,{'p': 9, 'size': 4000000, 'repeat': 10, 'sort': 'mp', 'user': 'alex', 'node': 'v100', 't': 'None', 'c': 'None'},None,h2.carbonate.uits.iu.edu,haiyang,Linux,#1 SMP Tue Jul 26 14:15:37 UTC 2022
# csv,mp-v100-alex-4000000-9-None-None-8,ok,10.491,10.491,2022-11-05 04:33:21,{'p': 9, 'size': 4000000, 'repeat': 10, 'sort': 'mp', 'user': 'alex', 'node': 'v100', 't': 'None', 'c': 'None'},None,h2.carbonate.uits.iu.edu,haiyang,Linux,#1 SMP Tue Jul 26 14:15:37 UTC 2022
# csv,mp-v100-alex-4000000-9-None-None-9,ok,10.573,10.573,2022-11-05 04:33:36,{'p': 9, 'size': 4000000, 'repeat': 10, 'sort': 'mp', 'user': 'alex', 'node': 'v100', 't': 'None', 'c': 'None'},None,h2.carbonate.uits.iu.edu,haiyang,Linux,#1 SMP Tue Jul 26 14:15:37 UTC 2022

