SORT: mp
<function multiprocessing_mergesort at 0x2b876bbdeb80>
Starting experiment
Log:       output.log
Processes: 8
Size:      6000000
Repeat:    10
Clear:     False
Debug:     True
Algorithm: mp
ID:        0
Tag:       None
Total:     10
Experiment 9         : size=6000000 processes=8 id=0 repeat=0 last_time=undefined                     
Experiment 8         : size=6000000 processes=8 id=0 repeat=1 last_time=13.6903                     
Experiment 7         : size=6000000 processes=8 id=0 repeat=2 last_time=13.2243                     
Experiment 6         : size=6000000 processes=8 id=0 repeat=3 last_time=13.3816                     
Experiment 5         : size=6000000 processes=8 id=0 repeat=4 last_time=13.4102                     
Experiment 4         : size=6000000 processes=8 id=0 repeat=5 last_time=13.2041                     
Experiment 3         : size=6000000 processes=8 id=0 repeat=6 last_time=13.3527                     
Experiment 2         : size=6000000 processes=8 id=0 repeat=7 last_time=13.3108                     
Experiment 1         : size=6000000 processes=8 id=0 repeat=8 last_time=13.6946                     
Experiment 0         : size=6000000 processes=8 id=0 repeat=9 last_time=13.1161                     

+---------------------------------+--------------------------------------------------------------+
| Attribute                       | Value                                                        |
|---------------------------------+--------------------------------------------------------------|
| ANSI_COLOR                      | "0;31"                                                       |
| BUG_REPORT_URL                  | "https://bugzilla.redhat.com/"                               |
| CPE_NAME                        | "cpe:/o:redhat:enterprise_linux:7.9:GA:server"               |
| HOME_URL                        | "https://www.redhat.com/"                                    |
| ID                              | "rhel"                                                       |
| ID_LIKE                         | "fedora"                                                     |
| NAME                            | "Red Hat Enterprise Linux Server"                            |
| PRETTY_NAME                     | "Red Hat Enterprise Linux Server 7.9 (Maipo)"                |
| REDHAT_BUGZILLA_PRODUCT         | "Red Hat Enterprise Linux 7"                                 |
| REDHAT_BUGZILLA_PRODUCT_VERSION | 7.9                                                          |
| REDHAT_SUPPORT_PRODUCT          | "Red Hat Enterprise Linux"                                   |
| REDHAT_SUPPORT_PRODUCT_VERSION  | "7.9"                                                        |
| VARIANT                         | "Server"                                                     |
| VARIANT_ID                      | "server"                                                     |
| VERSION                         | "7.9 (Maipo)"                                                |
| VERSION_ID                      | "7.9"                                                        |
| cpu                             | Intel(R) Xeon(R) CPU E5-2680 v3 @ 2.50GHz                    |
| cpu_cores                       | 24                                                           |
| cpu_count                       | 24                                                           |
| cpu_threads                     | 24                                                           |
| date                            | 2022-11-05 04:25:39.893432                                   |
| frequency                       | scpufreq(current=1.3251666666666666, min=1200.0, max=3300.0) |
| mem.active                      | 31.5 GiB                                                     |
| mem.available                   | 139.0 GiB                                                    |
| mem.free                        | 36.2 GiB                                                     |
| mem.inactive                    | 118.5 GiB                                                    |
| mem.percent                     | 44.8 %                                                       |
| mem.total                       | 251.5 GiB                                                    |
| mem.used                        | 70.5 GiB                                                     |
| platform.version                | #1 SMP Tue Jul 26 14:15:37 UTC 2022                          |
| python                          | 3.9.8 (main, Feb  8 2022, 08:35:13)                          |
|                                 | [GCC 6.3.0]                                                  |
| python.pip                      | 22.2.2                                                       |
| python.version                  | 3.9.8                                                        |
| sys.platform                    | linux                                                        |
| uname.machine                   | x86_64                                                       |
| uname.node                      | h2.carbonate.uits.iu.edu                                     |
| uname.processor                 | x86_64                                                       |
| uname.release                   | 3.10.0-1160.76.1.el7.x86_64                                  |
| uname.system                    | Linux                                                        |
| uname.version                   | #1 SMP Tue Jul 26 14:15:37 UTC 2022                          |
| user                            | haiyang                                                      |
+---------------------------------+--------------------------------------------------------------+

+------------------------------------+----------+--------+--------+---------------------+-----------------------------------------------------------------------------------------------------------------+-------+--------------------------+---------+-------+-------------------------------------+
| Name                               | Status   |   Time |    Sum | Start               | tag                                                                                                             | msg   | Node                     | User    | OS    | Version                             |
|------------------------------------+----------+--------+--------+---------------------+-----------------------------------------------------------------------------------------------------------------+-------+--------------------------+---------+-------+-------------------------------------|
| mp-v100-alex-6000000-8-None-None-0 | ok       | 13.69  | 13.69  | 2022-11-05 04:22:28 | {'p': 8, 'size': 6000000, 'repeat': 10, 'sort': 'mp', 'user': 'alex', 'node': 'v100', 't': 'None', 'c': 'None'} |       | h2.carbonate.uits.iu.edu | haiyang | Linux | #1 SMP Tue Jul 26 14:15:37 UTC 2022 |
| mp-v100-alex-6000000-8-None-None-1 | ok       | 13.224 | 13.224 | 2022-11-05 04:22:48 | {'p': 8, 'size': 6000000, 'repeat': 10, 'sort': 'mp', 'user': 'alex', 'node': 'v100', 't': 'None', 'c': 'None'} |       | h2.carbonate.uits.iu.edu | haiyang | Linux | #1 SMP Tue Jul 26 14:15:37 UTC 2022 |
| mp-v100-alex-6000000-8-None-None-2 | ok       | 13.382 | 13.382 | 2022-11-05 04:23:08 | {'p': 8, 'size': 6000000, 'repeat': 10, 'sort': 'mp', 'user': 'alex', 'node': 'v100', 't': 'None', 'c': 'None'} |       | h2.carbonate.uits.iu.edu | haiyang | Linux | #1 SMP Tue Jul 26 14:15:37 UTC 2022 |
| mp-v100-alex-6000000-8-None-None-3 | ok       | 13.41  | 13.41  | 2022-11-05 04:23:28 | {'p': 8, 'size': 6000000, 'repeat': 10, 'sort': 'mp', 'user': 'alex', 'node': 'v100', 't': 'None', 'c': 'None'} |       | h2.carbonate.uits.iu.edu | haiyang | Linux | #1 SMP Tue Jul 26 14:15:37 UTC 2022 |
| mp-v100-alex-6000000-8-None-None-4 | ok       | 13.204 | 13.204 | 2022-11-05 04:23:48 | {'p': 8, 'size': 6000000, 'repeat': 10, 'sort': 'mp', 'user': 'alex', 'node': 'v100', 't': 'None', 'c': 'None'} |       | h2.carbonate.uits.iu.edu | haiyang | Linux | #1 SMP Tue Jul 26 14:15:37 UTC 2022 |
| mp-v100-alex-6000000-8-None-None-5 | ok       | 13.353 | 13.353 | 2022-11-05 04:24:07 | {'p': 8, 'size': 6000000, 'repeat': 10, 'sort': 'mp', 'user': 'alex', 'node': 'v100', 't': 'None', 'c': 'None'} |       | h2.carbonate.uits.iu.edu | haiyang | Linux | #1 SMP Tue Jul 26 14:15:37 UTC 2022 |
| mp-v100-alex-6000000-8-None-None-6 | ok       | 13.311 | 13.311 | 2022-11-05 04:24:27 | {'p': 8, 'size': 6000000, 'repeat': 10, 'sort': 'mp', 'user': 'alex', 'node': 'v100', 't': 'None', 'c': 'None'} |       | h2.carbonate.uits.iu.edu | haiyang | Linux | #1 SMP Tue Jul 26 14:15:37 UTC 2022 |
| mp-v100-alex-6000000-8-None-None-7 | ok       | 13.695 | 13.695 | 2022-11-05 04:24:47 | {'p': 8, 'size': 6000000, 'repeat': 10, 'sort': 'mp', 'user': 'alex', 'node': 'v100', 't': 'None', 'c': 'None'} |       | h2.carbonate.uits.iu.edu | haiyang | Linux | #1 SMP Tue Jul 26 14:15:37 UTC 2022 |
| mp-v100-alex-6000000-8-None-None-8 | ok       | 13.116 | 13.116 | 2022-11-05 04:25:07 | {'p': 8, 'size': 6000000, 'repeat': 10, 'sort': 'mp', 'user': 'alex', 'node': 'v100', 't': 'None', 'c': 'None'} |       | h2.carbonate.uits.iu.edu | haiyang | Linux | #1 SMP Tue Jul 26 14:15:37 UTC 2022 |
| mp-v100-alex-6000000-8-None-None-9 | ok       | 13.264 | 13.264 | 2022-11-05 04:25:26 | {'p': 8, 'size': 6000000, 'repeat': 10, 'sort': 'mp', 'user': 'alex', 'node': 'v100', 't': 'None', 'c': 'None'} |       | h2.carbonate.uits.iu.edu | haiyang | Linux | #1 SMP Tue Jul 26 14:15:37 UTC 2022 |
+------------------------------------+----------+--------+--------+---------------------+-----------------------------------------------------------------------------------------------------------------+-------+--------------------------+---------+-------+-------------------------------------+
# csv,timer,status,time,sum,start,tag,msg,uname.node,user,uname.system,platform.version
# csv,mp-v100-alex-6000000-8-None-None-0,ok,13.69,13.69,2022-11-05 04:22:28,{'p': 8, 'size': 6000000, 'repeat': 10, 'sort': 'mp', 'user': 'alex', 'node': 'v100', 't': 'None', 'c': 'None'},None,h2.carbonate.uits.iu.edu,haiyang,Linux,#1 SMP Tue Jul 26 14:15:37 UTC 2022
# csv,mp-v100-alex-6000000-8-None-None-1,ok,13.224,13.224,2022-11-05 04:22:48,{'p': 8, 'size': 6000000, 'repeat': 10, 'sort': 'mp', 'user': 'alex', 'node': 'v100', 't': 'None', 'c': 'None'},None,h2.carbonate.uits.iu.edu,haiyang,Linux,#1 SMP Tue Jul 26 14:15:37 UTC 2022
# csv,mp-v100-alex-6000000-8-None-None-2,ok,13.382,13.382,2022-11-05 04:23:08,{'p': 8, 'size': 6000000, 'repeat': 10, 'sort': 'mp', 'user': 'alex', 'node': 'v100', 't': 'None', 'c': 'None'},None,h2.carbonate.uits.iu.edu,haiyang,Linux,#1 SMP Tue Jul 26 14:15:37 UTC 2022
# csv,mp-v100-alex-6000000-8-None-None-3,ok,13.41,13.41,2022-11-05 04:23:28,{'p': 8, 'size': 6000000, 'repeat': 10, 'sort': 'mp', 'user': 'alex', 'node': 'v100', 't': 'None', 'c': 'None'},None,h2.carbonate.uits.iu.edu,haiyang,Linux,#1 SMP Tue Jul 26 14:15:37 UTC 2022
# csv,mp-v100-alex-6000000-8-None-None-4,ok,13.204,13.204,2022-11-05 04:23:48,{'p': 8, 'size': 6000000, 'repeat': 10, 'sort': 'mp', 'user': 'alex', 'node': 'v100', 't': 'None', 'c': 'None'},None,h2.carbonate.uits.iu.edu,haiyang,Linux,#1 SMP Tue Jul 26 14:15:37 UTC 2022
# csv,mp-v100-alex-6000000-8-None-None-5,ok,13.353,13.353,2022-11-05 04:24:07,{'p': 8, 'size': 6000000, 'repeat': 10, 'sort': 'mp', 'user': 'alex', 'node': 'v100', 't': 'None', 'c': 'None'},None,h2.carbonate.uits.iu.edu,haiyang,Linux,#1 SMP Tue Jul 26 14:15:37 UTC 2022
# csv,mp-v100-alex-6000000-8-None-None-6,ok,13.311,13.311,2022-11-05 04:24:27,{'p': 8, 'size': 6000000, 'repeat': 10, 'sort': 'mp', 'user': 'alex', 'node': 'v100', 't': 'None', 'c': 'None'},None,h2.carbonate.uits.iu.edu,haiyang,Linux,#1 SMP Tue Jul 26 14:15:37 UTC 2022
# csv,mp-v100-alex-6000000-8-None-None-7,ok,13.695,13.695,2022-11-05 04:24:47,{'p': 8, 'size': 6000000, 'repeat': 10, 'sort': 'mp', 'user': 'alex', 'node': 'v100', 't': 'None', 'c': 'None'},None,h2.carbonate.uits.iu.edu,haiyang,Linux,#1 SMP Tue Jul 26 14:15:37 UTC 2022
# csv,mp-v100-alex-6000000-8-None-None-8,ok,13.116,13.116,2022-11-05 04:25:07,{'p': 8, 'size': 6000000, 'repeat': 10, 'sort': 'mp', 'user': 'alex', 'node': 'v100', 't': 'None', 'c': 'None'},None,h2.carbonate.uits.iu.edu,haiyang,Linux,#1 SMP Tue Jul 26 14:15:37 UTC 2022
# csv,mp-v100-alex-6000000-8-None-None-9,ok,13.264,13.264,2022-11-05 04:25:26,{'p': 8, 'size': 6000000, 'repeat': 10, 'sort': 'mp', 'user': 'alex', 'node': 'v100', 't': 'None', 'c': 'None'},None,h2.carbonate.uits.iu.edu,haiyang,Linux,#1 SMP Tue Jul 26 14:15:37 UTC 2022

