SORT: mp
<function multiprocessing_mergesort at 0x2b1eb40aeaf0>
Starting experiment
Log:       output.log
Processes: 4
Size:      50
Repeat:    10
Clear:     False
Debug:     True
Algorithm: mp
ID:        0
Tag:       None
Total:     10
Experiment 9         : size=50 processes=4 id=0 repeat=0 last_time=undefined                     
[11, 14, 46, 19, 40, 46, 36, 33, 18, 26, 21, 33, 19, 31, 22, 9, 39, 2, 19, 9, 35, 10, 22, 14, 22, 10, 32, 13, 49, 4, 34, 49, 19, 8, 36, 42, 21, 33, 28, 0, 19, 24, 46, 22, 44, 14, 14, 25, 3, 40]
[0, 2, 3, 4, 8, 9, 9, 10, 10, 11, 13, 14, 14, 14, 14, 18, 19, 19, 19, 19, 19, 21, 21, 22, 22, 22, 22, 24, 25, 26, 28, 31, 32, 33, 33, 33, 34, 35, 36, 36, 39, 40, 40, 42, 44, 46, 46, 46, 49, 49]
Experiment 8         : size=50 processes=4 id=0 repeat=1 last_time=0.0268                     
[25, 12, 31, 14, 14, 40, 24, 37, 25, 4, 23, 21, 8, 33, 50, 17, 25, 12, 0, 0, 39, 25, 30, 13, 30, 30, 15, 23, 47, 17, 32, 49, 20, 15, 17, 24, 40, 42, 5, 35, 29, 10, 10, 41, 6, 16, 44, 45, 49, 45]
[0, 0, 4, 5, 6, 8, 10, 10, 12, 12, 13, 14, 14, 15, 15, 16, 17, 17, 17, 20, 21, 23, 23, 24, 24, 25, 25, 25, 25, 29, 30, 30, 30, 31, 32, 33, 35, 37, 39, 40, 40, 41, 42, 44, 45, 45, 47, 49, 49, 50]
Experiment 7         : size=50 processes=4 id=0 repeat=2 last_time=0.0264                     
[35, 47, 21, 19, 39, 9, 6, 31, 47, 4, 41, 24, 1, 14, 45, 41, 19, 16, 38, 27, 41, 16, 12, 21, 22, 2, 30, 30, 13, 3, 18, 30, 47, 43, 49, 2, 18, 5, 13, 12, 3, 43, 15, 17, 36, 39, 34, 34, 34, 7]
[1, 2, 2, 3, 3, 4, 5, 6, 7, 9, 12, 12, 13, 13, 14, 15, 16, 16, 17, 18, 18, 19, 19, 21, 21, 22, 24, 27, 30, 30, 30, 31, 34, 34, 34, 35, 36, 38, 39, 39, 41, 41, 41, 43, 43, 45, 47, 47, 47, 49]
Experiment 6         : size=50 processes=4 id=0 repeat=3 last_time=0.0253                     
[12, 43, 37, 4, 12, 4, 47, 9, 31, 7, 27, 5, 30, 44, 29, 16, 11, 31, 19, 17, 0, 32, 42, 24, 19, 11, 49, 21, 35, 5, 22, 26, 47, 29, 5, 48, 50, 27, 10, 16, 6, 33, 11, 1, 38, 47, 27, 29, 40, 22]
[0, 1, 4, 4, 5, 5, 5, 6, 7, 9, 10, 11, 11, 11, 12, 12, 16, 16, 17, 19, 19, 21, 22, 22, 24, 26, 27, 27, 27, 29, 29, 29, 30, 31, 31, 32, 33, 35, 37, 38, 40, 42, 43, 44, 47, 47, 47, 48, 49, 50]
Experiment 5         : size=50 processes=4 id=0 repeat=4 last_time=0.0247                     
[43, 3, 46, 32, 21, 33, 37, 17, 12, 33, 37, 25, 38, 2, 12, 5, 2, 39, 43, 11, 7, 37, 42, 13, 46, 35, 37, 48, 16, 35, 9, 4, 41, 0, 22, 5, 12, 29, 22, 26, 49, 23, 30, 13, 39, 25, 19, 50, 44, 21]
[0, 2, 2, 3, 4, 5, 5, 7, 9, 11, 12, 12, 12, 13, 13, 16, 17, 19, 21, 21, 22, 22, 23, 25, 25, 26, 29, 30, 32, 33, 33, 35, 35, 37, 37, 37, 37, 38, 39, 39, 41, 42, 43, 43, 44, 46, 46, 48, 49, 50]
Experiment 4         : size=50 processes=4 id=0 repeat=5 last_time=0.0261                     
[11, 36, 36, 14, 17, 47, 1, 7, 23, 32, 44, 48, 3, 4, 11, 47, 19, 47, 7, 1, 30, 12, 2, 23, 9, 50, 37, 35, 7, 47, 2, 41, 35, 15, 27, 46, 43, 22, 48, 2, 2, 49, 21, 16, 32, 29, 0, 9, 9, 45]
[0, 1, 1, 2, 2, 2, 2, 3, 4, 7, 7, 7, 9, 9, 9, 11, 11, 12, 14, 15, 16, 17, 19, 21, 22, 23, 23, 27, 29, 30, 32, 32, 35, 35, 36, 36, 37, 41, 43, 44, 45, 46, 47, 47, 47, 47, 48, 48, 49, 50]
Experiment 3         : size=50 processes=4 id=0 repeat=6 last_time=0.0237                     
[22, 42, 25, 18, 40, 4, 20, 28, 19, 43, 37, 4, 35, 12, 30, 7, 46, 1, 4, 34, 25, 33, 30, 4, 2, 37, 22, 39, 4, 17, 33, 30, 50, 0, 36, 22, 25, 13, 44, 21, 18, 39, 39, 25, 28, 15, 42, 41, 14, 46]
[0, 1, 2, 4, 4, 4, 4, 4, 7, 12, 13, 14, 15, 17, 18, 18, 19, 20, 21, 22, 22, 22, 25, 25, 25, 25, 28, 28, 30, 30, 30, 33, 33, 34, 35, 36, 37, 37, 39, 39, 39, 40, 41, 42, 42, 43, 44, 46, 46, 50]
Experiment 2         : size=50 processes=4 id=0 repeat=7 last_time=0.0272                     
[39, 1, 49, 35, 5, 15, 14, 14, 18, 8, 2, 42, 12, 43, 25, 5, 35, 15, 45, 1, 3, 23, 39, 38, 43, 27, 18, 18, 43, 45, 39, 31, 13, 0, 28, 41, 22, 32, 49, 5, 4, 40, 21, 45, 28, 17, 30, 34, 3, 45]
[0, 1, 1, 2, 3, 3, 4, 5, 5, 5, 8, 12, 13, 14, 14, 15, 15, 17, 18, 18, 18, 21, 22, 23, 25, 27, 28, 28, 30, 31, 32, 34, 35, 35, 38, 39, 39, 39, 40, 41, 42, 43, 43, 43, 45, 45, 45, 45, 49, 49]
Experiment 1         : size=50 processes=4 id=0 repeat=8 last_time=0.0261                     
[24, 1, 23, 43, 31, 10, 19, 50, 41, 14, 8, 20, 15, 34, 26, 46, 35, 21, 29, 8, 39, 0, 31, 34, 32, 12, 19, 19, 14, 25, 2, 28, 7, 29, 29, 22, 21, 6, 17, 36, 27, 49, 3, 32, 20, 33, 36, 2, 36, 5]
[0, 1, 2, 2, 3, 5, 6, 7, 8, 8, 10, 12, 14, 14, 15, 17, 19, 19, 19, 20, 20, 21, 21, 22, 23, 24, 25, 26, 27, 28, 29, 29, 29, 31, 31, 32, 32, 33, 34, 34, 35, 36, 36, 36, 39, 41, 43, 46, 49, 50]
Experiment 0         : size=50 processes=4 id=0 repeat=9 last_time=0.0303                     
[11, 38, 0, 9, 28, 34, 3, 49, 7, 43, 19, 36, 9, 44, 19, 47, 43, 37, 27, 0, 3, 4, 43, 5, 45, 31, 6, 36, 4, 37, 46, 15, 36, 41, 5, 44, 28, 49, 43, 48, 22, 38, 19, 32, 38, 41, 40, 1, 30, 6]
[0, 0, 1, 3, 3, 4, 4, 5, 5, 6, 6, 7, 9, 9, 11, 15, 19, 19, 19, 22, 27, 28, 28, 30, 31, 32, 34, 36, 36, 36, 37, 37, 38, 38, 38, 40, 41, 41, 43, 43, 43, 43, 44, 44, 45, 46, 47, 48, 49, 49]

+---------------------------------+-------------------------------------------------------------+
| Attribute                       | Value                                                       |
|---------------------------------+-------------------------------------------------------------|
| ANSI_COLOR                      | "0;31"                                                      |
| BUG_REPORT_URL                  | "https://bugzilla.redhat.com/"                              |
| CPE_NAME                        | "cpe:/o:redhat:enterprise_linux:7.9:GA:server"              |
| HOME_URL                        | "https://www.redhat.com/"                                   |
| ID                              | "rhel"                                                      |
| ID_LIKE                         | "fedora"                                                    |
| NAME                            | "Red Hat Enterprise Linux Server"                           |
| PRETTY_NAME                     | "Red Hat Enterprise Linux Server 7.9 (Maipo)"               |
| REDHAT_BUGZILLA_PRODUCT         | "Red Hat Enterprise Linux 7"                                |
| REDHAT_BUGZILLA_PRODUCT_VERSION | 7.9                                                         |
| REDHAT_SUPPORT_PRODUCT          | "Red Hat Enterprise Linux"                                  |
| REDHAT_SUPPORT_PRODUCT_VERSION  | "7.9"                                                       |
| VARIANT                         | "Server"                                                    |
| VARIANT_ID                      | "server"                                                    |
| VERSION                         | "7.9 (Maipo)"                                               |
| VERSION_ID                      | "7.9"                                                       |
| cpu                             | Intel(R) Xeon(R) CPU E5-2680 v3 @ 2.50GHz                   |
| cpu_cores                       | 24                                                          |
| cpu_count                       | 24                                                          |
| cpu_threads                     | 24                                                          |
| date                            | 2022-10-30 15:05:01.249266                                  |
| frequency                       | scpufreq(current=1.408083333333333, min=1200.0, max=3300.0) |
| mem.active                      | 17.1 GiB                                                    |
| mem.available                   | 176.1 GiB                                                   |
| mem.free                        | 171.6 GiB                                                   |
| mem.inactive                    | 7.1 GiB                                                     |
| mem.percent                     | 29.9 %                                                      |
| mem.total                       | 251.2 GiB                                                   |
| mem.used                        | 56.6 GiB                                                    |
| platform.version                | #1 SMP Tue Jul 26 14:15:37 UTC 2022                         |
| python                          | 3.9.8 (main, Feb  8 2022, 08:35:13)                         |
|                                 | [GCC 6.3.0]                                                 |
| python.pip                      | 22.2.2                                                      |
| python.version                  | 3.9.8                                                       |
| sys.platform                    | linux                                                       |
| uname.machine                   | x86_64                                                      |
| uname.node                      | h1.carbonate.uits.iu.edu                                    |
| uname.processor                 | x86_64                                                      |
| uname.release                   | 3.10.0-1160.76.1.el7.x86_64                                 |
| uname.system                    | Linux                                                       |
| uname.version                   | #1 SMP Tue Jul 26 14:15:37 UTC 2022                         |
| user                            | haiyang                                                     |
+---------------------------------+-------------------------------------------------------------+

+-------------------------------+----------+--------+-------+---------------------+------------------------------------------------------------------------------------------------------------+-------+--------------------------+---------+-------+-------------------------------------+
| Name                          | Status   |   Time |   Sum | Start               | tag                                                                                                        | msg   | Node                     | User    | OS    | Version                             |
|-------------------------------+----------+--------+-------+---------------------+------------------------------------------------------------------------------------------------------------+-------+--------------------------+---------+-------+-------------------------------------|
| mp-v100-alex-50-4-None-None-0 | ok       |  0.027 | 0.027 | 2022-10-30 15:05:00 | {'p': 4, 'size': 50, 'repeat': 10, 'sort': 'mp', 'user': 'alex', 'node': 'v100', 't': 'None', 'c': 'None'} |       | h1.carbonate.uits.iu.edu | haiyang | Linux | #1 SMP Tue Jul 26 14:15:37 UTC 2022 |
| mp-v100-alex-50-4-None-None-1 | ok       |  0.026 | 0.026 | 2022-10-30 15:05:00 | {'p': 4, 'size': 50, 'repeat': 10, 'sort': 'mp', 'user': 'alex', 'node': 'v100', 't': 'None', 'c': 'None'} |       | h1.carbonate.uits.iu.edu | haiyang | Linux | #1 SMP Tue Jul 26 14:15:37 UTC 2022 |
| mp-v100-alex-50-4-None-None-2 | ok       |  0.025 | 0.025 | 2022-10-30 15:05:01 | {'p': 4, 'size': 50, 'repeat': 10, 'sort': 'mp', 'user': 'alex', 'node': 'v100', 't': 'None', 'c': 'None'} |       | h1.carbonate.uits.iu.edu | haiyang | Linux | #1 SMP Tue Jul 26 14:15:37 UTC 2022 |
| mp-v100-alex-50-4-None-None-3 | ok       |  0.025 | 0.025 | 2022-10-30 15:05:01 | {'p': 4, 'size': 50, 'repeat': 10, 'sort': 'mp', 'user': 'alex', 'node': 'v100', 't': 'None', 'c': 'None'} |       | h1.carbonate.uits.iu.edu | haiyang | Linux | #1 SMP Tue Jul 26 14:15:37 UTC 2022 |
| mp-v100-alex-50-4-None-None-4 | ok       |  0.026 | 0.026 | 2022-10-30 15:05:01 | {'p': 4, 'size': 50, 'repeat': 10, 'sort': 'mp', 'user': 'alex', 'node': 'v100', 't': 'None', 'c': 'None'} |       | h1.carbonate.uits.iu.edu | haiyang | Linux | #1 SMP Tue Jul 26 14:15:37 UTC 2022 |
| mp-v100-alex-50-4-None-None-5 | ok       |  0.024 | 0.024 | 2022-10-30 15:05:01 | {'p': 4, 'size': 50, 'repeat': 10, 'sort': 'mp', 'user': 'alex', 'node': 'v100', 't': 'None', 'c': 'None'} |       | h1.carbonate.uits.iu.edu | haiyang | Linux | #1 SMP Tue Jul 26 14:15:37 UTC 2022 |
| mp-v100-alex-50-4-None-None-6 | ok       |  0.027 | 0.027 | 2022-10-30 15:05:01 | {'p': 4, 'size': 50, 'repeat': 10, 'sort': 'mp', 'user': 'alex', 'node': 'v100', 't': 'None', 'c': 'None'} |       | h1.carbonate.uits.iu.edu | haiyang | Linux | #1 SMP Tue Jul 26 14:15:37 UTC 2022 |
| mp-v100-alex-50-4-None-None-7 | ok       |  0.026 | 0.026 | 2022-10-30 15:05:01 | {'p': 4, 'size': 50, 'repeat': 10, 'sort': 'mp', 'user': 'alex', 'node': 'v100', 't': 'None', 'c': 'None'} |       | h1.carbonate.uits.iu.edu | haiyang | Linux | #1 SMP Tue Jul 26 14:15:37 UTC 2022 |
| mp-v100-alex-50-4-None-None-8 | ok       |  0.03  | 0.03  | 2022-10-30 15:05:01 | {'p': 4, 'size': 50, 'repeat': 10, 'sort': 'mp', 'user': 'alex', 'node': 'v100', 't': 'None', 'c': 'None'} |       | h1.carbonate.uits.iu.edu | haiyang | Linux | #1 SMP Tue Jul 26 14:15:37 UTC 2022 |
| mp-v100-alex-50-4-None-None-9 | ok       |  0.032 | 0.032 | 2022-10-30 15:05:01 | {'p': 4, 'size': 50, 'repeat': 10, 'sort': 'mp', 'user': 'alex', 'node': 'v100', 't': 'None', 'c': 'None'} |       | h1.carbonate.uits.iu.edu | haiyang | Linux | #1 SMP Tue Jul 26 14:15:37 UTC 2022 |
+-------------------------------+----------+--------+-------+---------------------+------------------------------------------------------------------------------------------------------------+-------+--------------------------+---------+-------+-------------------------------------+
# csv,timer,status,time,sum,start,tag,msg,uname.node,user,uname.system,platform.version
# csv,mp-v100-alex-50-4-None-None-0,ok,0.027,0.027,2022-10-30 15:05:00,{'p': 4, 'size': 50, 'repeat': 10, 'sort': 'mp', 'user': 'alex', 'node': 'v100', 't': 'None', 'c': 'None'},None,h1.carbonate.uits.iu.edu,haiyang,Linux,#1 SMP Tue Jul 26 14:15:37 UTC 2022
# csv,mp-v100-alex-50-4-None-None-1,ok,0.026,0.026,2022-10-30 15:05:00,{'p': 4, 'size': 50, 'repeat': 10, 'sort': 'mp', 'user': 'alex', 'node': 'v100', 't': 'None', 'c': 'None'},None,h1.carbonate.uits.iu.edu,haiyang,Linux,#1 SMP Tue Jul 26 14:15:37 UTC 2022
# csv,mp-v100-alex-50-4-None-None-2,ok,0.025,0.025,2022-10-30 15:05:01,{'p': 4, 'size': 50, 'repeat': 10, 'sort': 'mp', 'user': 'alex', 'node': 'v100', 't': 'None', 'c': 'None'},None,h1.carbonate.uits.iu.edu,haiyang,Linux,#1 SMP Tue Jul 26 14:15:37 UTC 2022
# csv,mp-v100-alex-50-4-None-None-3,ok,0.025,0.025,2022-10-30 15:05:01,{'p': 4, 'size': 50, 'repeat': 10, 'sort': 'mp', 'user': 'alex', 'node': 'v100', 't': 'None', 'c': 'None'},None,h1.carbonate.uits.iu.edu,haiyang,Linux,#1 SMP Tue Jul 26 14:15:37 UTC 2022
# csv,mp-v100-alex-50-4-None-None-4,ok,0.026,0.026,2022-10-30 15:05:01,{'p': 4, 'size': 50, 'repeat': 10, 'sort': 'mp', 'user': 'alex', 'node': 'v100', 't': 'None', 'c': 'None'},None,h1.carbonate.uits.iu.edu,haiyang,Linux,#1 SMP Tue Jul 26 14:15:37 UTC 2022
# csv,mp-v100-alex-50-4-None-None-5,ok,0.024,0.024,2022-10-30 15:05:01,{'p': 4, 'size': 50, 'repeat': 10, 'sort': 'mp', 'user': 'alex', 'node': 'v100', 't': 'None', 'c': 'None'},None,h1.carbonate.uits.iu.edu,haiyang,Linux,#1 SMP Tue Jul 26 14:15:37 UTC 2022
# csv,mp-v100-alex-50-4-None-None-6,ok,0.027,0.027,2022-10-30 15:05:01,{'p': 4, 'size': 50, 'repeat': 10, 'sort': 'mp', 'user': 'alex', 'node': 'v100', 't': 'None', 'c': 'None'},None,h1.carbonate.uits.iu.edu,haiyang,Linux,#1 SMP Tue Jul 26 14:15:37 UTC 2022
# csv,mp-v100-alex-50-4-None-None-7,ok,0.026,0.026,2022-10-30 15:05:01,{'p': 4, 'size': 50, 'repeat': 10, 'sort': 'mp', 'user': 'alex', 'node': 'v100', 't': 'None', 'c': 'None'},None,h1.carbonate.uits.iu.edu,haiyang,Linux,#1 SMP Tue Jul 26 14:15:37 UTC 2022
# csv,mp-v100-alex-50-4-None-None-8,ok,0.03,0.03,2022-10-30 15:05:01,{'p': 4, 'size': 50, 'repeat': 10, 'sort': 'mp', 'user': 'alex', 'node': 'v100', 't': 'None', 'c': 'None'},None,h1.carbonate.uits.iu.edu,haiyang,Linux,#1 SMP Tue Jul 26 14:15:37 UTC 2022
# csv,mp-v100-alex-50-4-None-None-9,ok,0.032,0.032,2022-10-30 15:05:01,{'p': 4, 'size': 50, 'repeat': 10, 'sort': 'mp', 'user': 'alex', 'node': 'v100', 't': 'None', 'c': 'None'},None,h1.carbonate.uits.iu.edu,haiyang,Linux,#1 SMP Tue Jul 26 14:15:37 UTC 2022

