SORT: mp
<function multiprocessing_mergesort at 0x2b685ab03af0>
Starting experiment
Log:       output.log
Processes: 7
Size:      100
Repeat:    10
Clear:     False
Debug:     True
Algorithm: mp
ID:        0
Tag:       None
Total:     10
Experiment 9         : size=100 processes=7 id=0 repeat=0 last_time=undefined                     
[22, 50, 87, 59, 70, 7, 88, 85, 81, 8, 52, 6, 77, 99, 93, 53, 100, 13, 68, 77, 17, 80, 84, 43, 44, 18, 100, 33, 44, 36, 54, 75, 1, 96, 57, 59, 32, 66, 6, 16, 28, 5, 42, 97, 60, 10, 31, 41, 72, 78, 19, 60, 3, 92, 87, 4, 40, 60, 5, 87, 54, 24, 77, 76, 15, 28, 43, 6, 68, 9, 85, 85, 78, 70, 9, 51, 61, 82, 19, 18, 0, 92, 41, 22, 53, 2, 30, 7, 85, 44, 89, 68, 55, 0, 100, 68, 92, 11, 34, 17]
[0, 0, 1, 2, 3, 4, 5, 5, 6, 6, 6, 7, 7, 8, 9, 9, 10, 11, 13, 15, 16, 17, 17, 18, 18, 19, 19, 22, 22, 24, 28, 28, 30, 31, 32, 33, 34, 36, 40, 41, 41, 42, 43, 43, 44, 44, 44, 50, 51, 52, 53, 53, 54, 54, 55, 57, 59, 59, 60, 60, 60, 61, 66, 68, 68, 68, 68, 70, 70, 72, 75, 76, 77, 77, 77, 78, 78, 80, 81, 82, 84, 85, 85, 85, 85, 87, 87, 87, 88, 89, 92, 92, 92, 93, 96, 97, 99, 100, 100, 100]
Experiment 8         : size=100 processes=7 id=0 repeat=1 last_time=0.0551                     
[38, 43, 20, 89, 51, 21, 28, 35, 17, 10, 30, 21, 81, 1, 81, 36, 73, 89, 75, 22, 97, 98, 57, 43, 18, 65, 53, 65, 65, 65, 95, 20, 24, 57, 26, 40, 82, 24, 36, 12, 44, 28, 92, 18, 66, 16, 10, 56, 81, 93, 0, 17, 77, 47, 17, 72, 67, 49, 66, 56, 17, 65, 77, 48, 48, 8, 39, 55, 15, 51, 0, 23, 93, 70, 17, 72, 85, 80, 50, 91, 56, 27, 57, 34, 88, 31, 16, 90, 7, 89, 95, 14, 22, 53, 10, 39, 96, 93, 92, 6]
[0, 0, 1, 6, 7, 8, 10, 10, 10, 12, 14, 15, 16, 16, 17, 17, 17, 17, 17, 18, 18, 20, 20, 21, 21, 22, 22, 23, 24, 24, 26, 27, 28, 28, 30, 31, 34, 35, 36, 36, 38, 39, 39, 40, 43, 43, 44, 47, 48, 48, 49, 50, 51, 51, 53, 53, 55, 56, 56, 56, 57, 57, 57, 65, 65, 65, 65, 65, 66, 66, 67, 70, 72, 72, 73, 75, 77, 77, 80, 81, 81, 81, 82, 85, 88, 89, 89, 89, 90, 91, 92, 92, 93, 93, 93, 95, 95, 96, 97, 98]
Experiment 7         : size=100 processes=7 id=0 repeat=2 last_time=0.0402                     
[14, 19, 24, 53, 53, 59, 27, 71, 82, 65, 89, 96, 70, 6, 80, 71, 28, 46, 32, 83, 15, 74, 33, 56, 35, 52, 69, 20, 47, 53, 71, 35, 54, 27, 14, 67, 81, 88, 20, 55, 48, 56, 65, 69, 56, 28, 91, 80, 98, 1, 52, 73, 16, 64, 88, 52, 57, 84, 46, 30, 45, 16, 54, 16, 75, 81, 34, 35, 22, 19, 62, 13, 10, 86, 89, 58, 77, 29, 43, 75, 51, 70, 29, 32, 68, 44, 73, 68, 98, 30, 39, 73, 23, 13, 16, 91, 61, 41, 22, 82]
[1, 6, 10, 13, 13, 14, 14, 15, 16, 16, 16, 16, 19, 19, 20, 20, 22, 22, 23, 24, 27, 27, 28, 28, 29, 29, 30, 30, 32, 32, 33, 34, 35, 35, 35, 39, 41, 43, 44, 45, 46, 46, 47, 48, 51, 52, 52, 52, 53, 53, 53, 54, 54, 55, 56, 56, 56, 57, 58, 59, 61, 62, 64, 65, 65, 67, 68, 68, 69, 69, 70, 70, 71, 71, 71, 73, 73, 73, 74, 75, 75, 77, 80, 80, 81, 81, 82, 82, 83, 84, 86, 88, 88, 89, 89, 91, 91, 96, 98, 98]
Experiment 6         : size=100 processes=7 id=0 repeat=3 last_time=0.039                     
[89, 83, 58, 34, 79, 87, 60, 50, 15, 84, 14, 90, 11, 19, 30, 33, 60, 10, 68, 8, 20, 83, 31, 92, 68, 6, 94, 65, 97, 82, 2, 27, 15, 33, 26, 58, 13, 29, 41, 53, 55, 72, 14, 53, 92, 32, 67, 96, 72, 10, 67, 73, 20, 85, 15, 25, 19, 23, 39, 18, 75, 91, 89, 98, 59, 6, 46, 22, 9, 58, 53, 52, 9, 45, 30, 78, 58, 21, 12, 16, 60, 89, 84, 81, 43, 7, 53, 85, 42, 5, 35, 58, 48, 35, 80, 60, 40, 1, 80, 98]
[1, 2, 5, 6, 6, 7, 8, 9, 9, 10, 10, 11, 12, 13, 14, 14, 15, 15, 15, 16, 18, 19, 19, 20, 20, 21, 22, 23, 25, 26, 27, 29, 30, 30, 31, 32, 33, 33, 34, 35, 35, 39, 40, 41, 42, 43, 45, 46, 48, 50, 52, 53, 53, 53, 53, 55, 58, 58, 58, 58, 58, 59, 60, 60, 60, 60, 65, 67, 67, 68, 68, 72, 72, 73, 75, 78, 79, 80, 80, 81, 82, 83, 83, 84, 84, 85, 85, 87, 89, 89, 89, 90, 91, 92, 92, 94, 96, 97, 98, 98]
Experiment 5         : size=100 processes=7 id=0 repeat=4 last_time=0.0403                     
[12, 32, 10, 43, 33, 4, 100, 41, 38, 43, 11, 68, 94, 41, 30, 2, 55, 85, 50, 85, 28, 19, 18, 32, 17, 24, 64, 23, 13, 48, 87, 36, 27, 71, 99, 19, 95, 92, 96, 2, 26, 36, 17, 79, 89, 76, 97, 5, 33, 12, 91, 12, 39, 12, 13, 46, 73, 15, 96, 43, 10, 24, 35, 27, 33, 20, 12, 16, 55, 37, 28, 79, 3, 4, 66, 38, 89, 45, 56, 83, 20, 21, 21, 83, 12, 46, 55, 0, 86, 57, 6, 93, 69, 62, 73, 7, 99, 8, 73, 5]
[0, 2, 2, 3, 4, 4, 5, 5, 6, 7, 8, 10, 10, 11, 12, 12, 12, 12, 12, 12, 13, 13, 15, 16, 17, 17, 18, 19, 19, 20, 20, 21, 21, 23, 24, 24, 26, 27, 27, 28, 28, 30, 32, 32, 33, 33, 33, 35, 36, 36, 37, 38, 38, 39, 41, 41, 43, 43, 43, 45, 46, 46, 48, 50, 55, 55, 55, 56, 57, 62, 64, 66, 68, 69, 71, 73, 73, 73, 76, 79, 79, 83, 83, 85, 85, 86, 87, 89, 89, 91, 92, 93, 94, 95, 96, 96, 97, 99, 99, 100]
Experiment 4         : size=100 processes=7 id=0 repeat=5 last_time=0.0391                     
[81, 37, 89, 81, 76, 48, 81, 8, 1, 52, 48, 98, 37, 54, 53, 8, 18, 83, 53, 71, 96, 79, 94, 58, 11, 86, 94, 80, 81, 30, 100, 48, 53, 48, 12, 76, 69, 28, 81, 54, 15, 92, 87, 46, 73, 69, 79, 34, 80, 19, 40, 61, 98, 6, 54, 58, 45, 2, 100, 76, 80, 4, 53, 35, 74, 48, 90, 91, 99, 50, 54, 60, 80, 88, 63, 23, 93, 75, 4, 86, 96, 80, 52, 84, 100, 14, 96, 66, 37, 30, 12, 2, 78, 55, 92, 98, 41, 46, 68, 56]
[1, 2, 2, 4, 4, 6, 8, 8, 11, 12, 12, 14, 15, 18, 19, 23, 28, 30, 30, 34, 35, 37, 37, 37, 40, 41, 45, 46, 46, 48, 48, 48, 48, 48, 50, 52, 52, 53, 53, 53, 53, 54, 54, 54, 54, 55, 56, 58, 58, 60, 61, 63, 66, 68, 69, 69, 71, 73, 74, 75, 76, 76, 76, 78, 79, 79, 80, 80, 80, 80, 80, 81, 81, 81, 81, 81, 83, 84, 86, 86, 87, 88, 89, 90, 91, 92, 92, 93, 94, 94, 96, 96, 96, 98, 98, 98, 99, 100, 100, 100]
Experiment 3         : size=100 processes=7 id=0 repeat=6 last_time=0.0404                     
[68, 100, 64, 31, 89, 20, 97, 23, 7, 45, 18, 57, 42, 28, 16, 18, 83, 87, 55, 17, 10, 96, 33, 80, 64, 85, 54, 11, 79, 23, 74, 10, 93, 58, 8, 91, 95, 20, 86, 69, 51, 11, 88, 52, 95, 93, 99, 91, 25, 92, 64, 94, 47, 45, 11, 33, 33, 16, 26, 28, 7, 10, 24, 48, 30, 85, 4, 44, 24, 0, 76, 11, 76, 49, 68, 61, 56, 33, 65, 53, 56, 35, 56, 32, 79, 40, 9, 41, 62, 44, 28, 83, 45, 83, 83, 42, 83, 34, 28, 7]
[0, 4, 7, 7, 7, 8, 9, 10, 10, 10, 11, 11, 11, 11, 16, 16, 17, 18, 18, 20, 20, 23, 23, 24, 24, 25, 26, 28, 28, 28, 28, 30, 31, 32, 33, 33, 33, 33, 34, 35, 40, 41, 42, 42, 44, 44, 45, 45, 45, 47, 48, 49, 51, 52, 53, 54, 55, 56, 56, 56, 57, 58, 61, 62, 64, 64, 64, 65, 68, 68, 69, 74, 76, 76, 79, 79, 80, 83, 83, 83, 83, 83, 85, 85, 86, 87, 88, 89, 91, 91, 92, 93, 93, 94, 95, 95, 96, 97, 99, 100]
Experiment 2         : size=100 processes=7 id=0 repeat=7 last_time=0.0394                     
[99, 14, 77, 97, 41, 59, 82, 14, 44, 50, 69, 20, 47, 85, 67, 54, 71, 42, 13, 62, 88, 92, 80, 76, 0, 75, 82, 78, 42, 22, 85, 20, 35, 17, 66, 50, 93, 9, 23, 85, 86, 83, 54, 34, 62, 24, 71, 84, 43, 85, 6, 88, 90, 20, 40, 58, 92, 50, 11, 56, 64, 18, 32, 8, 16, 11, 2, 13, 20, 90, 28, 3, 17, 3, 31, 89, 86, 95, 2, 45, 26, 55, 14, 84, 11, 36, 58, 72, 15, 35, 28, 37, 26, 73, 64, 45, 16, 46, 76, 29]
[0, 2, 2, 3, 3, 6, 8, 9, 11, 11, 11, 13, 13, 14, 14, 14, 15, 16, 16, 17, 17, 18, 20, 20, 20, 20, 22, 23, 24, 26, 26, 28, 28, 29, 31, 32, 34, 35, 35, 36, 37, 40, 41, 42, 42, 43, 44, 45, 45, 46, 47, 50, 50, 50, 54, 54, 55, 56, 58, 58, 59, 62, 62, 64, 64, 66, 67, 69, 71, 71, 72, 73, 75, 76, 76, 77, 78, 80, 82, 82, 83, 84, 84, 85, 85, 85, 85, 86, 86, 88, 88, 89, 90, 90, 92, 92, 93, 95, 97, 99]
Experiment 1         : size=100 processes=7 id=0 repeat=8 last_time=0.0397                     
[81, 10, 53, 14, 21, 30, 7, 92, 50, 85, 10, 27, 21, 68, 23, 41, 56, 92, 37, 66, 86, 56, 97, 37, 62, 65, 98, 3, 55, 8, 99, 4, 94, 17, 14, 80, 62, 32, 65, 61, 79, 56, 72, 60, 95, 94, 52, 20, 13, 74, 35, 25, 85, 36, 3, 45, 51, 15, 45, 9, 31, 39, 37, 77, 19, 20, 85, 6, 69, 87, 45, 17, 76, 12, 27, 55, 64, 30, 47, 39, 1, 49, 66, 55, 98, 77, 82, 95, 80, 12, 89, 87, 85, 42, 74, 27, 51, 0, 100, 75]
[0, 1, 3, 3, 4, 6, 7, 8, 9, 10, 10, 12, 12, 13, 14, 14, 15, 17, 17, 19, 20, 20, 21, 21, 23, 25, 27, 27, 27, 30, 30, 31, 32, 35, 36, 37, 37, 37, 39, 39, 41, 42, 45, 45, 45, 47, 49, 50, 51, 51, 52, 53, 55, 55, 55, 56, 56, 56, 60, 61, 62, 62, 64, 65, 65, 66, 66, 68, 69, 72, 74, 74, 75, 76, 77, 77, 79, 80, 80, 81, 82, 85, 85, 85, 85, 86, 87, 87, 89, 92, 92, 94, 94, 95, 95, 97, 98, 98, 99, 100]
Experiment 0         : size=100 processes=7 id=0 repeat=9 last_time=0.0394                     
[65, 87, 91, 44, 47, 93, 83, 41, 73, 38, 80, 0, 16, 100, 12, 74, 2, 4, 36, 30, 10, 68, 72, 53, 61, 24, 97, 35, 2, 99, 91, 31, 25, 55, 73, 38, 18, 84, 57, 94, 71, 0, 9, 47, 80, 82, 14, 66, 90, 34, 89, 95, 59, 30, 64, 3, 95, 80, 18, 51, 30, 75, 24, 24, 31, 7, 36, 38, 58, 91, 59, 21, 65, 86, 6, 6, 20, 42, 95, 63, 98, 82, 95, 30, 51, 79, 8, 58, 9, 76, 68, 43, 76, 76, 12, 47, 56, 78, 33, 48]
[0, 0, 2, 2, 3, 4, 6, 6, 7, 8, 9, 9, 10, 12, 12, 14, 16, 18, 18, 20, 21, 24, 24, 24, 25, 30, 30, 30, 30, 31, 31, 33, 34, 35, 36, 36, 38, 38, 38, 41, 42, 43, 44, 47, 47, 47, 48, 51, 51, 53, 55, 56, 57, 58, 58, 59, 59, 61, 63, 64, 65, 65, 66, 68, 68, 71, 72, 73, 73, 74, 75, 76, 76, 76, 78, 79, 80, 80, 80, 82, 82, 83, 84, 86, 87, 89, 90, 91, 91, 91, 93, 94, 95, 95, 95, 95, 97, 98, 99, 100]

+---------------------------------+--------------------------------------------------------------+
| Attribute                       | Value                                                        |
|---------------------------------+--------------------------------------------------------------|
| ANSI_COLOR                      | "0;31"                                                       |
| BUG_REPORT_URL                  | "https://bugzilla.redhat.com/"                               |
| CPE_NAME                        | "cpe:/o:redhat:enterprise_linux:7.9:GA:server"               |
| HOME_URL                        | "https://www.redhat.com/"                                    |
| ID                              | "rhel"                                                       |
| ID_LIKE                         | "fedora"                                                     |
| NAME                            | "Red Hat Enterprise Linux Server"                            |
| PRETTY_NAME                     | "Red Hat Enterprise Linux Server 7.9 (Maipo)"                |
| REDHAT_BUGZILLA_PRODUCT         | "Red Hat Enterprise Linux 7"                                 |
| REDHAT_BUGZILLA_PRODUCT_VERSION | 7.9                                                          |
| REDHAT_SUPPORT_PRODUCT          | "Red Hat Enterprise Linux"                                   |
| REDHAT_SUPPORT_PRODUCT_VERSION  | "7.9"                                                        |
| VARIANT                         | "Server"                                                     |
| VARIANT_ID                      | "server"                                                     |
| VERSION                         | "7.9 (Maipo)"                                                |
| VERSION_ID                      | "7.9"                                                        |
| cpu                             | Intel(R) Xeon(R) CPU E5-2680 v3 @ 2.50GHz                    |
| cpu_cores                       | 24                                                           |
| cpu_count                       | 24                                                           |
| cpu_threads                     | 24                                                           |
| date                            | 2022-10-30 15:05:31.088703                                   |
| frequency                       | scpufreq(current=1.2802083333333336, min=1200.0, max=3300.0) |
| mem.active                      | 17.0 GiB                                                     |
| mem.available                   | 176.1 GiB                                                    |
| mem.free                        | 171.6 GiB                                                    |
| mem.inactive                    | 7.1 GiB                                                      |
| mem.percent                     | 29.9 %                                                       |
| mem.total                       | 251.2 GiB                                                    |
| mem.used                        | 56.6 GiB                                                     |
| platform.version                | #1 SMP Tue Jul 26 14:15:37 UTC 2022                          |
| python                          | 3.9.8 (main, Feb  8 2022, 08:35:13)                          |
|                                 | [GCC 6.3.0]                                                  |
| python.pip                      | 22.2.2                                                       |
| python.version                  | 3.9.8                                                        |
| sys.platform                    | linux                                                        |
| uname.machine                   | x86_64                                                       |
| uname.node                      | h1.carbonate.uits.iu.edu                                     |
| uname.processor                 | x86_64                                                       |
| uname.release                   | 3.10.0-1160.76.1.el7.x86_64                                  |
| uname.system                    | Linux                                                        |
| uname.version                   | #1 SMP Tue Jul 26 14:15:37 UTC 2022                          |
| user                            | haiyang                                                      |
+---------------------------------+--------------------------------------------------------------+

+--------------------------------+----------+--------+-------+---------------------+-------------------------------------------------------------------------------------------------------------+-------+--------------------------+---------+-------+-------------------------------------+
| Name                           | Status   |   Time |   Sum | Start               | tag                                                                                                         | msg   | Node                     | User    | OS    | Version                             |
|--------------------------------+----------+--------+-------+---------------------+-------------------------------------------------------------------------------------------------------------+-------+--------------------------+---------+-------+-------------------------------------|
| mp-v100-alex-100-7-None-None-0 | ok       |  0.055 | 0.055 | 2022-10-30 15:05:30 | {'p': 7, 'size': 100, 'repeat': 10, 'sort': 'mp', 'user': 'alex', 'node': 'v100', 't': 'None', 'c': 'None'} |       | h1.carbonate.uits.iu.edu | haiyang | Linux | #1 SMP Tue Jul 26 14:15:37 UTC 2022 |
| mp-v100-alex-100-7-None-None-1 | ok       |  0.04  | 0.04  | 2022-10-30 15:05:30 | {'p': 7, 'size': 100, 'repeat': 10, 'sort': 'mp', 'user': 'alex', 'node': 'v100', 't': 'None', 'c': 'None'} |       | h1.carbonate.uits.iu.edu | haiyang | Linux | #1 SMP Tue Jul 26 14:15:37 UTC 2022 |
| mp-v100-alex-100-7-None-None-2 | ok       |  0.039 | 0.039 | 2022-10-30 15:05:30 | {'p': 7, 'size': 100, 'repeat': 10, 'sort': 'mp', 'user': 'alex', 'node': 'v100', 't': 'None', 'c': 'None'} |       | h1.carbonate.uits.iu.edu | haiyang | Linux | #1 SMP Tue Jul 26 14:15:37 UTC 2022 |
| mp-v100-alex-100-7-None-None-3 | ok       |  0.04  | 0.04  | 2022-10-30 15:05:30 | {'p': 7, 'size': 100, 'repeat': 10, 'sort': 'mp', 'user': 'alex', 'node': 'v100', 't': 'None', 'c': 'None'} |       | h1.carbonate.uits.iu.edu | haiyang | Linux | #1 SMP Tue Jul 26 14:15:37 UTC 2022 |
| mp-v100-alex-100-7-None-None-4 | ok       |  0.039 | 0.039 | 2022-10-30 15:05:30 | {'p': 7, 'size': 100, 'repeat': 10, 'sort': 'mp', 'user': 'alex', 'node': 'v100', 't': 'None', 'c': 'None'} |       | h1.carbonate.uits.iu.edu | haiyang | Linux | #1 SMP Tue Jul 26 14:15:37 UTC 2022 |
| mp-v100-alex-100-7-None-None-5 | ok       |  0.04  | 0.04  | 2022-10-30 15:05:30 | {'p': 7, 'size': 100, 'repeat': 10, 'sort': 'mp', 'user': 'alex', 'node': 'v100', 't': 'None', 'c': 'None'} |       | h1.carbonate.uits.iu.edu | haiyang | Linux | #1 SMP Tue Jul 26 14:15:37 UTC 2022 |
| mp-v100-alex-100-7-None-None-6 | ok       |  0.039 | 0.039 | 2022-10-30 15:05:30 | {'p': 7, 'size': 100, 'repeat': 10, 'sort': 'mp', 'user': 'alex', 'node': 'v100', 't': 'None', 'c': 'None'} |       | h1.carbonate.uits.iu.edu | haiyang | Linux | #1 SMP Tue Jul 26 14:15:37 UTC 2022 |
| mp-v100-alex-100-7-None-None-7 | ok       |  0.04  | 0.04  | 2022-10-30 15:05:30 | {'p': 7, 'size': 100, 'repeat': 10, 'sort': 'mp', 'user': 'alex', 'node': 'v100', 't': 'None', 'c': 'None'} |       | h1.carbonate.uits.iu.edu | haiyang | Linux | #1 SMP Tue Jul 26 14:15:37 UTC 2022 |
| mp-v100-alex-100-7-None-None-8 | ok       |  0.039 | 0.039 | 2022-10-30 15:05:30 | {'p': 7, 'size': 100, 'repeat': 10, 'sort': 'mp', 'user': 'alex', 'node': 'v100', 't': 'None', 'c': 'None'} |       | h1.carbonate.uits.iu.edu | haiyang | Linux | #1 SMP Tue Jul 26 14:15:37 UTC 2022 |
| mp-v100-alex-100-7-None-None-9 | ok       |  0.04  | 0.04  | 2022-10-30 15:05:31 | {'p': 7, 'size': 100, 'repeat': 10, 'sort': 'mp', 'user': 'alex', 'node': 'v100', 't': 'None', 'c': 'None'} |       | h1.carbonate.uits.iu.edu | haiyang | Linux | #1 SMP Tue Jul 26 14:15:37 UTC 2022 |
+--------------------------------+----------+--------+-------+---------------------+-------------------------------------------------------------------------------------------------------------+-------+--------------------------+---------+-------+-------------------------------------+
# csv,timer,status,time,sum,start,tag,msg,uname.node,user,uname.system,platform.version
# csv,mp-v100-alex-100-7-None-None-0,ok,0.055,0.055,2022-10-30 15:05:30,{'p': 7, 'size': 100, 'repeat': 10, 'sort': 'mp', 'user': 'alex', 'node': 'v100', 't': 'None', 'c': 'None'},None,h1.carbonate.uits.iu.edu,haiyang,Linux,#1 SMP Tue Jul 26 14:15:37 UTC 2022
# csv,mp-v100-alex-100-7-None-None-1,ok,0.04,0.04,2022-10-30 15:05:30,{'p': 7, 'size': 100, 'repeat': 10, 'sort': 'mp', 'user': 'alex', 'node': 'v100', 't': 'None', 'c': 'None'},None,h1.carbonate.uits.iu.edu,haiyang,Linux,#1 SMP Tue Jul 26 14:15:37 UTC 2022
# csv,mp-v100-alex-100-7-None-None-2,ok,0.039,0.039,2022-10-30 15:05:30,{'p': 7, 'size': 100, 'repeat': 10, 'sort': 'mp', 'user': 'alex', 'node': 'v100', 't': 'None', 'c': 'None'},None,h1.carbonate.uits.iu.edu,haiyang,Linux,#1 SMP Tue Jul 26 14:15:37 UTC 2022
# csv,mp-v100-alex-100-7-None-None-3,ok,0.04,0.04,2022-10-30 15:05:30,{'p': 7, 'size': 100, 'repeat': 10, 'sort': 'mp', 'user': 'alex', 'node': 'v100', 't': 'None', 'c': 'None'},None,h1.carbonate.uits.iu.edu,haiyang,Linux,#1 SMP Tue Jul 26 14:15:37 UTC 2022
# csv,mp-v100-alex-100-7-None-None-4,ok,0.039,0.039,2022-10-30 15:05:30,{'p': 7, 'size': 100, 'repeat': 10, 'sort': 'mp', 'user': 'alex', 'node': 'v100', 't': 'None', 'c': 'None'},None,h1.carbonate.uits.iu.edu,haiyang,Linux,#1 SMP Tue Jul 26 14:15:37 UTC 2022
# csv,mp-v100-alex-100-7-None-None-5,ok,0.04,0.04,2022-10-30 15:05:30,{'p': 7, 'size': 100, 'repeat': 10, 'sort': 'mp', 'user': 'alex', 'node': 'v100', 't': 'None', 'c': 'None'},None,h1.carbonate.uits.iu.edu,haiyang,Linux,#1 SMP Tue Jul 26 14:15:37 UTC 2022
# csv,mp-v100-alex-100-7-None-None-6,ok,0.039,0.039,2022-10-30 15:05:30,{'p': 7, 'size': 100, 'repeat': 10, 'sort': 'mp', 'user': 'alex', 'node': 'v100', 't': 'None', 'c': 'None'},None,h1.carbonate.uits.iu.edu,haiyang,Linux,#1 SMP Tue Jul 26 14:15:37 UTC 2022
# csv,mp-v100-alex-100-7-None-None-7,ok,0.04,0.04,2022-10-30 15:05:30,{'p': 7, 'size': 100, 'repeat': 10, 'sort': 'mp', 'user': 'alex', 'node': 'v100', 't': 'None', 'c': 'None'},None,h1.carbonate.uits.iu.edu,haiyang,Linux,#1 SMP Tue Jul 26 14:15:37 UTC 2022
# csv,mp-v100-alex-100-7-None-None-8,ok,0.039,0.039,2022-10-30 15:05:30,{'p': 7, 'size': 100, 'repeat': 10, 'sort': 'mp', 'user': 'alex', 'node': 'v100', 't': 'None', 'c': 'None'},None,h1.carbonate.uits.iu.edu,haiyang,Linux,#1 SMP Tue Jul 26 14:15:37 UTC 2022
# csv,mp-v100-alex-100-7-None-None-9,ok,0.04,0.04,2022-10-30 15:05:31,{'p': 7, 'size': 100, 'repeat': 10, 'sort': 'mp', 'user': 'alex', 'node': 'v100', 't': 'None', 'c': 'None'},None,h1.carbonate.uits.iu.edu,haiyang,Linux,#1 SMP Tue Jul 26 14:15:37 UTC 2022

