Starting experiment
Processes: 8
Cores:     6
Size:      10000
Repeat:    10
Debug:     False
Sort:      MPI
Algorithm: mp
Tag:       None
Total:     10
Experiment 9         : size=10000 processes=8 cores=6 repeat=0 last_time=undefined                     
Experiment 8         : size=10000 processes=8 cores=6 repeat=1 last_time=undefined                     
Experiment 7         : size=10000 processes=8 cores=6 repeat=2 last_time=undefined                     
Experiment 6         : size=10000 processes=8 cores=6 repeat=3 last_time=undefined                     
Experiment 5         : size=10000 processes=8 cores=6 repeat=4 last_time=undefined                     
Experiment 4         : size=10000 processes=8 cores=6 repeat=5 last_time=undefined                     
Experiment 3         : size=10000 processes=8 cores=6 repeat=6 last_time=undefined                     
Experiment 2         : size=10000 processes=8 cores=6 repeat=7 last_time=undefined                     
Experiment 1         : size=10000 processes=8 cores=6 repeat=8 last_time=undefined                     
Experiment 0         : size=10000 processes=8 cores=6 repeat=9 last_time=undefined                     
 Enterprise Linux Server"                            |
| PRETTY_NAME                     | "Red Hat Enterprise Linux Server 7.9 (Maipo)"                |
| REDHAT_BUGZILLA_PRODUCT         | "Red Hat Enterprise Linux 7"                                 |
| REDHAT_BUGZILLA_PRODUCT_VERSION | 7.9                                                          |
| REDHAT_SUPPORT_PRODUCT          | "Red Hat Enterprise Linux"                                   |
| REDHAT_SUPPORT_PRODUCT_VERSION  | "7.9"                                                        |
| VARIANT                         | "Server"                                                     |
| VARIANT_ID                      | "server"                                                     |
| VERSION                         | "7.9 (Maipo)"                                                |
| VERSION_ID                      | "7.9"                                                        |
| cpu                             | Intel(R) Xeon(R) CPU E5-2680 v3 @ 2.50GHz                    |
| cpu_cores                       | 24                                                           |
| cpu_count                       | 24                                                           |
| cpu_threads                     | 24                                                           |
| date                            | 2022-11-19 23:34:41.901751                                   |
| frequency                       | scpufreq(current=1.5375833333333333, min=1200.0, max=3300.0) |
| mem.active                      | 17.3 GiB                                                     |
| mem.available                   | 222.8 GiB                                                    |
| mem.free                        | 211.0 GiB                                                    |
| mem.inactive                    | 10.7 GiB                                                     |
| mem.percent                     | 11.3 %                                                       |
| mem.total                       | 251.1 GiB                                                    |
| mem.used                        | 20.6 GiB                                                     |
| platform.version                | #1 SMP Tue Jul 26 14:15:37 UTC 2022                          |
| python                          | 3.9.8 (main, Feb  8 2022, 08:35:13)                          |
|                                 | [GCC 6.3.0]                                                  |
| python.pip                      | 22.2.2                                                       |
| python.version                  | 3.9.8                                                        |
| sys.platform                    | linux                                                        |
| uname.machine                   | x86_64                                                       |
| uname.node                      | c8                                                           |
| uname.processor                 | x86_64                                                       |
| uname.release                   | 3.10.0-1160.76.1.el7.x86_64                                  |
| uname.system                    | Linux                                                        |
| uname.version                   | #1 SMP Tue Jul 26 14:15:37 UTC 2022                          |
| user                            | haiyang                                                      |
+---------------------------------+--------------------------------------------------------------+

+---------------+----------+--------+-------+---------------------+-----------------------------------------------------------------------------------------------------------------+-------+--------+---------+-------+-------------------------------------+
| Name          | Status   |   Time |   Sum | Start               | tag                                                                                                             | msg   | Node   | User    | OS    | Version                             |
|---------------+----------+--------+-------+---------------------+-----------------------------------------------------------------------------------------------------------------+-------+--------+---------+-------+-------------------------------------|
| mpi-mergesort | ok       |  0.579 | 0.579 | 2022-11-19 23:34:41 | {'user': 'alex', 'node': 'v100', 'debug': False, 'size': 10000, 'subsort': 'mp', 'sort': 'mpi', 'c': 6, 'p': 8} |       | c8     | haiyang | Linux | #1 SMP Tue Jul 26 14:15:37 UTC 2022 |
| mpi-generate  | ok       |  0     | 0     | 2022-11-19 23:34:41 | {'user': 'alex', 'node': 'v100', 'debug': False, 'size': 10000, 'subsort': 'mp', 'sort': 'mpi', 'c': 6, 'p': 8} |       | c8     | haiyang | Linux | #1 SMP Tue Jul 26 14:15:37 UTC 2022 |
+---------------+----------+--------+-------+---------------------+-----------------------------------------------------------------------------------------------------------------+-------+--------+---------+-------+-------------------------------------+
# csv,timer,status,time,sum,start,tag,msg,uname.node,user,uname.system,platform.version
# csv,mpi-mergesort,ok,0.579,0.579,2022-11-19 23:34:41,{'user': 'alex', 'node': 'v100', 'debug': False, 'size': 10000, 'subsort': 'mp', 'sort': 'mpi', 'c': 6, 'p': 8},None,c8,haiyang,Linux,#1 SMP Tue Jul 26 14:15:37 UTC 2022
# csv,mpi-generate,ok,0.0,0.0,2022-11-19 23:34:41,{'user': 'alex', 'node': 'v100', 'debug': False, 'size': 10000, 'subsort': 'mp', 'sort': 'mpi', 'c': 6, 'p': 8},None,c8,haiyang,Linux,#1 SMP Tue Jul 26 14:15:37 UTC 2022


+---------------------------------+--------------------------------------------------------------+
| Attribute                       | Value                                                        |
|---------------------------------+--------------------------------------------------------------|
| ANSI_COLOR                      | "0;31"                                                       |
| BUG_REPORT_URL                  | "https://bugzilla.redhat.com/"                               |
| CPE_NAME                        | "cpe:/o:redhat:enterprise_linux:7.9:GA:server"               |
| HOME_URL                        | "https://www.redhat.com/"                                    |
| ID                              | "rhel"                                                       |
| ID_LIKE                         | "fedora"                                                     |
| NAME                            | "Red Hat Enterprise Linux Server"                            |
| PRETTY_NAME                     | "Red Hat Enterprise Linux Server 7.9 (Maipo)"                |
| REDHAT_BUGZILLA_PRODUCT         | "Red Hat Enterprise Linux 7"                                 |
| REDHAT_BUGZILLA_PRODUCT_VERSION | 7.9                                                          |
| REDHAT_SUPPORT_PRODUCT          | "Red Hat Enterprise Linux"                                   |
| REDHAT_SUPPORT_PRODUCT_VERSION  | "7.9"                                                        |
| VARIANT                         | "Server"                                                     |
| VARIANT_ID                      | "server"                                                     |
| VERSION                         | "7.9 (Maipo)"                                                |
| VERSION_ID                      | "7.9"                                                        |
| cpu                             | Intel(R) Xeon(R) CPU E5-2680 v3 @ 2.50GHz                    |
| cpu_cores                       | 24                                                           |
| cpu_count                       | 24                                                           |
| cpu_threads                     | 24                                                           |
| date                            | 2022-11-19 23:34:46.032456                                   |
| frequency                       | scpufreq(current=1.5115833333333335, min=1200.0, max=3300.0) |
| mem.active                      | 17.3 GiB                                                     |
| mem.available                   | 222.7 GiB                                                    |
| mem.free                        | 211.0 GiB                                                    |
| mem.inactive                    | 10.7 GiB                                                     |
| mem.percent                     | 11.3 %                                                       |
| mem.total                       | 251.1 GiB                                                    |
| mem.used                        | 20.7 GiB                                                     |
| platform.version                | #1 SMP Tue Jul 26 14:15:37 UTC 2022                          |
| python                          | 3.9.8 (main, Feb  8 2022, 08:35:13)                          |
|                                 | [GCC 6.3.0]                                                  |
| python.pip                      | 22.2.2                                                       |
| python.version                  | 3.9.8                                                        |
| sys.platform                    | linux                                                        |
| uname.machine                   | x86_64                                                       |
| uname.node                      | c8                                                           |
| uname.processor                 | x86_64                                                       |
| uname.release                   | 3.10.0-1160.76.1.el7.x86_64                                  |
| uname.system                    | Linux                                                        |
| uname.version                   | #1 SMP Tue Jul 26 14:15:37 UTC 2022                          |
| user                            | haiyang                                                      |
+---------------------------------+--------------------------------------------------------------+

+---------------+----------+--------+-------+---------------------+-----------------------------------------------------------------------------------------------------------------+-------+--------+---------+-------+-------------------------------------+
| Name          | Status   |   Time |   Sum | Start               | tag                                                                                                             | msg   | Node   | User    | OS    | Version                             |
|---------------+----------+--------+-------+---------------------+-----------------------------------------------------------------------------------------------------------------+-------+--------+---------+-------+-------------------------------------|
| mpi-mergesort | ok       |  1.136 | 1.136 | 2022-11-19 23:34:44 | {'user': 'alex', 'node': 'v100', 'debug': False, 'size': 10000, 'subsort': 'mp', 'sort': 'mpi', 'c': 6, 'p': 8} |       | c8     | haiyang | Linux | #1 SMP Tue Jul 26 14:15:37 UTC 2022 |
| mpi-generate  | ok       |  0     | 0     | 2022-11-19 23:34:44 | {'user': 'alex', 'node': 'v100', 'debug': False, 'size': 10000, 'subsort': 'mp', 'sort': 'mpi', 'c': 6, 'p': 8} |       | c8     | haiyang | Linux | #1 SMP Tue Jul 26 14:15:37 UTC 2022 |
+---------------+----------+--------+-------+---------------------+-----------------------------------------------------------------------------------------------------------------+-------+--------+---------+-------+-------------------------------------+
# csv,timer,status,time,sum,start,tag,msg,uname.node,user,uname.system,platform.version
# csv,mpi-mergesort,ok,1.136,1.136,2022-11-19 23:34:44,{'user': 'alex', 'node': 'v100', 'debug': False, 'size': 10000, 'subsort': 'mp', 'sort': 'mpi', 'c': 6, 'p': 8},None,c8,haiyang,Linux,#1 SMP Tue Jul 26 14:15:37 UTC 2022
# csv,mpi-generate,ok,0.0,0.0,2022-11-19 23:34:44,{'user': 'alex', 'node': 'v100', 'debug': False, 'size': 10000, 'subsort': 'mp', 'sort': 'mpi', 'c': 6, 'p': 8},None,c8,haiyang,Linux,#1 SMP Tue Jul 26 14:15:37 UTC 2022


+---------------------------------+-------------------------------------------------------------+
| Attribute                       | Value                                                       |
|---------------------------------+-------------------------------------------------------------|
| ANSI_COLOR                      | "0;31"                                                      |
| BUG_REPORT_URL                  | "https://bugzilla.redhat.com/"                              |
| CPE_NAME                        | "cpe:/o:redhat:enterprise_linux:7.9:GA:server"              |
| HOME_URL                        | "https://www.redhat.com/"                                   |
| ID                              | "rhel"                                                      |
| ID_LIKE                         | "fedora"                                                    |
| NAME                            | "Red Hat Enterprise Linux Server"                           |
| PRETTY_NAME                     | "Red Hat Enterprise Linux Server 7.9 (Maipo)"               |
| REDHAT_BUGZILLA_PRODUCT         | "Red Hat Enterprise Linux 7"                                |
| REDHAT_BUGZILLA_PRODUCT_VERSION | 7.9                                                         |
| REDHAT_SUPPORT_PRODUCT          | "Red Hat Enterprise Linux"                                  |
| REDHAT_SUPPORT_PRODUCT_VERSION  | "7.9"                                                       |
| VARIANT                         | "Server"                                                    |
| VARIANT_ID                      | "server"                                                    |
| VERSION                         | "7.9 (Maipo)"                                               |
| VERSION_ID                      | "7.9"                                                       |
| cpu                             | Intel(R) Xeon(R) CPU E5-2680 v3 @ 2.50GHz                   |
| cpu_cores                       | 24                                                          |
| cpu_count                       | 24                                                          |
| cpu_threads                     | 24                                                          |
| date                            | 2022-11-19 23:34:49.597581                                  |
| frequency                       | scpufreq(current=1.503666666666667, min=1200.0, max=3300.0) |
| mem.active                      | 17.3 GiB                                                    |
| mem.available                   | 222.7 GiB                                                   |
| mem.free                        | 211.0 GiB                                                   |
| mem.inactive                    | 10.7 GiB                                                    |
| mem.percent                     | 11.3 %                                                      |
| mem.total                       | 251.1 GiB                                                   |
| mem.used                        | 20.6 GiB                                                    |
| platform.version                | #1 SMP Tue Jul 26 14:15:37 UTC 2022                         |
| python                          | 3.9.8 (main, Feb  8 2022, 08:35:13)                         |
|                                 | [GCC 6.3.0]                                                 |
| python.pip                      | 22.2.2                                                      |
| python.version                  | 3.9.8                                                       |
| sys.platform                    | linux                                                       |
| uname.machine                   | x86_64                                                      |
| uname.node                      | c8                                                          |
| uname.processor                 | x86_64                                                      |
| uname.release                   | 3.10.0-1160.76.1.el7.x86_64                                 |
| uname.system                    | Linux                                                       |
| uname.version                   | #1 SMP Tue Jul 26 14:15:37 UTC 2022                         |
| user                            | haiyang                                                     |
+---------------------------------+-------------------------------------------------------------+

+---------------+----------+--------+-------+---------------------+-----------------------------------------------------------------------------------------------------------------+-------+--------+---------+-------+-------------------------------------+
| Name          | Status   |   Time |   Sum | Start               | tag                                                                                                             | msg   | Node   | User    | OS    | Version                             |
|---------------+----------+--------+-------+---------------------+-----------------------------------------------------------------------------------------------------------------+-------+--------+---------+-------+-------------------------------------|
| mpi-mergesort | ok       |   0.63 |  0.63 | 2022-11-19 23:34:48 | {'user': 'alex', 'node': 'v100', 'debug': False, 'size': 10000, 'subsort': 'mp', 'sort': 'mpi', 'c': 6, 'p': 8} |       | c8     | haiyang | Linux | #1 SMP Tue Jul 26 14:15:37 UTC 2022 |
| mpi-generate  | ok       |   0    |  0    | 2022-11-19 23:34:48 | {'user': 'alex', 'node': 'v100', 'debug': False, 'size': 10000, 'subsort': 'mp', 'sort': 'mpi', 'c': 6, 'p': 8} |       | c8     | haiyang | Linux | #1 SMP Tue Jul 26 14:15:37 UTC 2022 |
+---------------+----------+--------+-------+---------------------+-----------------------------------------------------------------------------------------------------------------+-------+--------+---------+-------+-------------------------------------+
# csv,timer,status,time,sum,start,tag,msg,uname.node,user,uname.system,platform.version
# csv,mpi-mergesort,ok,0.63,0.63,2022-11-19 23:34:48,{'user': 'alex', 'node': 'v100', 'debug': False, 'size': 10000, 'subsort': 'mp', 'sort': 'mpi', 'c': 6, 'p': 8},None,c8,haiyang,Linux,#1 SMP Tue Jul 26 14:15:37 UTC 2022
# csv,mpi-generate,ok,0.0,0.0,2022-11-19 23:34:48,{'user': 'alex', 'node': 'v100', 'debug': False, 'size': 10000, 'subsort': 'mp', 'sort': 'mpi', 'c': 6, 'p': 8},None,c8,haiyang,Linux,#1 SMP Tue Jul 26 14:15:37 UTC 2022


+---------------------------------+--------------------------------------------------------------+
| Attribute                       | Value                                                        |
|---------------------------------+--------------------------------------------------------------|
| ANSI_COLOR                      | "0;31"                                                       |
| BUG_REPORT_URL                  | "https://bugzilla.redhat.com/"                               |
| CPE_NAME                        | "cpe:/o:redhat:enterprise_linux:7.9:GA:server"               |
| HOME_URL                        | "https://www.redhat.com/"                                    |
| ID                              | "rhel"                                                       |
| ID_LIKE                         | "fedora"                                                     |
| NAME                            | "Red Hat Enterprise Linux Server"                            |
| PRETTY_NAME                     | "Red Hat Enterprise Linux Server 7.9 (Maipo)"                |
| REDHAT_BUGZILLA_PRODUCT         | "Red Hat Enterprise Linux 7"                                 |
| REDHAT_BUGZILLA_PRODUCT_VERSION | 7.9                                                          |
| REDHAT_SUPPORT_PRODUCT          | "Red Hat Enterprise Linux"                                   |
| REDHAT_SUPPORT_PRODUCT_VERSION  | "7.9"                                                        |
| VARIANT                         | "Server"                                                     |
| VARIANT_ID                      | "server"                                                     |
| VERSION                         | "7.9 (Maipo)"                                                |
| VERSION_ID                      | "7.9"                                                        |
| cpu                             | Intel(R) Xeon(R) CPU E5-2680 v3 @ 2.50GHz                    |
| cpu_cores                       | 24                                                           |
| cpu_count                       | 24                                                           |
| cpu_threads                     | 24                                                           |
| date                            | 2022-11-19 23:34:52.638519                                   |
| frequency                       | scpufreq(current=1.5150416666666668, min=1200.0, max=3300.0) |
| mem.active                      | 17.3 GiB                                                     |
| mem.available                   | 222.7 GiB                                                    |
| mem.free                        | 211.0 GiB                                                    |
| mem.inactive                    | 10.7 GiB                                                     |
| mem.percent                     | 11.3 %                                                       |
| mem.total                       | 251.1 GiB                                                    |
| mem.used                        | 20.6 GiB                                                     |
| platform.version                | #1 SMP Tue Jul 26 14:15:37 UTC 2022                          |
| python                          | 3.9.8 (main, Feb  8 2022, 08:35:13)                          |
|                                 | [GCC 6.3.0]                                                  |
| python.pip                      | 22.2.2                                                       |
| python.version                  | 3.9.8                                                        |
| sys.platform                    | linux                                                        |
| uname.machine                   | x86_64                                                       |
| uname.node                      | c8                                                           |
| uname.processor                 | x86_64                                                       |
| uname.release                   | 3.10.0-1160.76.1.el7.x86_64                                  |
| uname.system                    | Linux                                                        |
| uname.version                   | #1 SMP Tue Jul 26 14:15:37 UTC 2022                          |
| user                            | haiyang                                                      |
+---------------------------------+--------------------------------------------------------------+

+---------------+----------+--------+-------+---------------------+-----------------------------------------------------------------------------------------------------------------+-------+--------+---------+-------+-------------------------------------+
| Name          | Status   |   Time |   Sum | Start               | tag                                                                                                             | msg   | Node   | User    | OS    | Version                             |
|---------------+----------+--------+-------+---------------------+-----------------------------------------------------------------------------------------------------------------+-------+--------+---------+-------+-------------------------------------|
| mpi-mergesort | ok       |  0.335 | 0.335 | 2022-11-19 23:34:52 | {'user': 'alex', 'node': 'v100', 'debug': False, 'size': 10000, 'subsort': 'mp', 'sort': 'mpi', 'c': 6, 'p': 8} |       | c8     | haiyang | Linux | #1 SMP Tue Jul 26 14:15:37 UTC 2022 |
| mpi-generate  | ok       |  0     | 0     | 2022-11-19 23:34:52 | {'user': 'alex', 'node': 'v100', 'debug': False, 'size': 10000, 'subsort': 'mp', 'sort': 'mpi', 'c': 6, 'p': 8} |       | c8     | haiyang | Linux | #1 SMP Tue Jul 26 14:15:37 UTC 2022 |
+---------------+----------+--------+-------+---------------------+-----------------------------------------------------------------------------------------------------------------+-------+--------+---------+-------+-------------------------------------+
# csv,timer,status,time,sum,start,tag,msg,uname.node,user,uname.system,platform.version
# csv,mpi-mergesort,ok,0.335,0.335,2022-11-19 23:34:52,{'user': 'alex', 'node': 'v100', 'debug': False, 'size': 10000, 'subsort': 'mp', 'sort': 'mpi', 'c': 6, 'p': 8},None,c8,haiyang,Linux,#1 SMP Tue Jul 26 14:15:37 UTC 2022
# csv,mpi-generate,ok,0.0,0.0,2022-11-19 23:34:52,{'user': 'alex', 'node': 'v100', 'debug': False, 'size': 10000, 'subsort': 'mp', 'sort': 'mpi', 'c': 6, 'p': 8},None,c8,haiyang,Linux,#1 SMP Tue Jul 26 14:15:37 UTC 2022


+---------------------------------+--------------------------------------------------------------+
| Attribute                       | Value                                                        |
|---------------------------------+--------------------------------------------------------------|
| ANSI_COLOR                      | "0;31"                                                       |
| BUG_REPORT_URL                  | "https://bugzilla.redhat.com/"                               |
| CPE_NAME                        | "cpe:/o:redhat:enterprise_linux:7.9:GA:server"               |
| HOME_URL                        | "https://www.redhat.com/"                                    |
| ID                              | "rhel"                                                       |
| ID_LIKE                         | "fedora"                                                     |
| NAME                            | "Red Hat Enterprise Linux Server"                            |
| PRETTY_NAME                     | "Red Hat Enterprise Linux Server 7.9 (Maipo)"                |
| REDHAT_BUGZILLA_PRODUCT         | "Red Hat Enterprise Linux 7"                                 |
| REDHAT_BUGZILLA_PRODUCT_VERSION | 7.9                                                          |
| REDHAT_SUPPORT_PRODUCT          | "Red Hat Enterprise Linux"                                   |
| REDHAT_SUPPORT_PRODUCT_VERSION  | "7.9"                                                        |
| VARIANT                         | "Server"                                                     |
| VARIANT_ID                      | "server"                                                     |
| VERSION                         | "7.9 (Maipo)"                                                |
| VERSION_ID                      | "7.9"                                                        |
| cpu                             | Intel(R) Xeon(R) CPU E5-2680 v3 @ 2.50GHz                    |
| cpu_cores                       | 24                                                           |
| cpu_count                       | 24                                                           |
| cpu_threads                     | 24                                                           |
| date                            | 2022-11-19 23:34:55.853966                                   |
| frequency                       | scpufreq(current=1.5155000000000003, min=1200.0, max=3300.0) |
| mem.active                      | 17.3 GiB                                                     |
| mem.available                   | 222.7 GiB                                                    |
| mem.free                        | 211.0 GiB                                                    |
| mem.inactive                    | 10.7 GiB                                                     |
| mem.percent                     | 11.3 %                                                       |
| mem.total                       | 251.1 GiB                                                    |
| mem.used                        | 20.7 GiB                                                     |
| platform.version                | #1 SMP Tue Jul 26 14:15:37 UTC 2022                          |
| python                          | 3.9.8 (main, Feb  8 2022, 08:35:13)                          |
|                                 | [GCC 6.3.0]                                                  |
| python.pip                      | 22.2.2                                                       |
| python.version                  | 3.9.8                                                        |
| sys.platform                    | linux                                                        |
| uname.machine                   | x86_64                                                       |
| uname.node                      | c8                                                           |
| uname.processor                 | x86_64                                                       |
| uname.release                   | 3.10.0-1160.76.1.el7.x86_64                                  |
| uname.system                    | Linux                                                        |
| uname.version                   | #1 SMP Tue Jul 26 14:15:37 UTC 2022                          |
| user                            | haiyang                                                      |
+---------------------------------+--------------------------------------------------------------+

+---------------+----------+--------+-------+---------------------+-----------------------------------------------------------------------------------------------------------------+-------+--------+---------+-------+-------------------------------------+
| Name          | Status   |   Time |   Sum | Start               | tag                                                                                                             | msg   | Node   | User    | OS    | Version                             |
|---------------+----------+--------+-------+---------------------+-----------------------------------------------------------------------------------------------------------------+-------+--------+---------+-------+-------------------------------------|
| mpi-mergesort | ok       |  0.472 | 0.472 | 2022-11-19 23:34:55 | {'user': 'alex', 'node': 'v100', 'debug': False, 'size': 10000, 'subsort': 'mp', 'sort': 'mpi', 'c': 6, 'p': 8} |       | c8     | haiyang | Linux | #1 SMP Tue Jul 26 14:15:37 UTC 2022 |
| mpi-generate  | ok       |  0     | 0     | 2022-11-19 23:34:55 | {'user': 'alex', 'node': 'v100', 'debug': False, 'size': 10000, 'subsort': 'mp', 'sort': 'mpi', 'c': 6, 'p': 8} |       | c8     | haiyang | Linux | #1 SMP Tue Jul 26 14:15:37 UTC 2022 |
+---------------+----------+--------+-------+---------------------+-----------------------------------------------------------------------------------------------------------------+-------+--------+---------+-------+-------------------------------------+
# csv,timer,status,time,sum,start,tag,msg,uname.node,user,uname.system,platform.version
# csv,mpi-mergesort,ok,0.472,0.472,2022-11-19 23:34:55,{'user': 'alex', 'node': 'v100', 'debug': False, 'size': 10000, 'subsort': 'mp', 'sort': 'mpi', 'c': 6, 'p': 8},None,c8,haiyang,Linux,#1 SMP Tue Jul 26 14:15:37 UTC 2022
# csv,mpi-generate,ok,0.0,0.0,2022-11-19 23:34:55,{'user': 'alex', 'node': 'v100', 'debug': False, 'size': 10000, 'subsort': 'mp', 'sort': 'mpi', 'c': 6, 'p': 8},None,c8,haiyang,Linux,#1 SMP Tue Jul 26 14:15:37 UTC 2022


+---------------------------------+--------------------------------------------------------------+
| Attribute                       | Value                                                        |
|---------------------------------+--------------------------------------------------------------|
| ANSI_COLOR                      | "0;31"                                                       |
| BUG_REPORT_URL                  | "https://bugzilla.redhat.com/"                               |
| CPE_NAME                        | "cpe:/o:redhat:enterprise_linux:7.9:GA:server"               |
| HOME_URL                        | "https://www.redhat.com/"                                    |
| ID                              | "rhel"                                                       |
| ID_LIKE                         | "fedora"                                                     |
| NAME                            | "Red Hat Enterprise Linux Server"                            |
| PRETTY_NAME                     | "Red Hat Enterprise Linux Server 7.9 (Maipo)"                |
| REDHAT_BUGZILLA_PRODUCT         | "Red Hat Enterprise Linux 7"                                 |
| REDHAT_BUGZILLA_PRODUCT_VERSION | 7.9                                                          |
| REDHAT_SUPPORT_PRODUCT          | "Red Hat Enterprise Linux"                                   |
| REDHAT_SUPPORT_PRODUCT_VERSION  | "7.9"                                                        |
| VARIANT                         | "Server"                                                     |
| VARIANT_ID                      | "server"                                                     |
| VERSION                         | "7.9 (Maipo)"                                                |
| VERSION_ID                      | "7.9"                                                        |
| cpu                             | Intel(R) Xeon(R) CPU E5-2680 v3 @ 2.50GHz                    |
| cpu_cores                       | 24                                                           |
| cpu_count                       | 24                                                           |
| cpu_threads                     | 24                                                           |
| date                            | 2022-11-19 23:34:59.083255                                   |
| frequency                       | scpufreq(current=1.5215833333333337, min=1200.0, max=3300.0) |
| mem.active                      | 17.3 GiB                                                     |
| mem.available                   | 222.7 GiB                                                    |
| mem.free                        | 211.0 GiB                                                    |
| mem.inactive                    | 10.7 GiB                                                     |
| mem.percent                     | 11.3 %                                                       |
| mem.total                       | 251.1 GiB                                                    |
| mem.used                        | 20.6 GiB                                                     |
| platform.version                | #1 SMP Tue Jul 26 14:15:37 UTC 2022                          |
| python                          | 3.9.8 (main, Feb  8 2022, 08:35:13)                          |
|                                 | [GCC 6.3.0]                                                  |
| python.pip                      | 22.2.2                                                       |
| python.version                  | 3.9.8                                                        |
| sys.platform                    | linux                                                        |
| uname.machine                   | x86_64                                                       |
| uname.node                      | c8                                                           |
| uname.processor                 | x86_64                                                       |
| uname.release                   | 3.10.0-1160.76.1.el7.x86_64                                  |
| uname.system                    | Linux                                                        |
| uname.version                   | #1 SMP Tue Jul 26 14:15:37 UTC 2022                          |
| user                            | haiyang                                                      |
+---------------------------------+--------------------------------------------------------------+

+---------------+----------+--------+-------+---------------------+-----------------------------------------------------------------------------------------------------------------+-------+--------+---------+-------+-------------------------------------+
| Name          | Status   |   Time |   Sum | Start               | tag                                                                                                             | msg   | Node   | User    | OS    | Version                             |
|---------------+----------+--------+-------+---------------------+-----------------------------------------------------------------------------------------------------------------+-------+--------+---------+-------+-------------------------------------|
| mpi-mergesort | ok       |  0.421 | 0.421 | 2022-11-19 23:34:58 | {'user': 'alex', 'node': 'v100', 'debug': False, 'size': 10000, 'subsort': 'mp', 'sort': 'mpi', 'c': 6, 'p': 8} |       | c8     | haiyang | Linux | #1 SMP Tue Jul 26 14:15:37 UTC 2022 |
| mpi-generate  | ok       |  0     | 0     | 2022-11-19 23:34:58 | {'user': 'alex', 'node': 'v100', 'debug': False, 'size': 10000, 'subsort': 'mp', 'sort': 'mpi', 'c': 6, 'p': 8} |       | c8     | haiyang | Linux | #1 SMP Tue Jul 26 14:15:37 UTC 2022 |
+---------------+----------+--------+-------+---------------------+-----------------------------------------------------------------------------------------------------------------+-------+--------+---------+-------+-------------------------------------+
# csv,timer,status,time,sum,start,tag,msg,uname.node,user,uname.system,platform.version
# csv,mpi-mergesort,ok,0.421,0.421,2022-11-19 23:34:58,{'user': 'alex', 'node': 'v100', 'debug': False, 'size': 10000, 'subsort': 'mp', 'sort': 'mpi', 'c': 6, 'p': 8},None,c8,haiyang,Linux,#1 SMP Tue Jul 26 14:15:37 UTC 2022
# csv,mpi-generate,ok,0.0,0.0,2022-11-19 23:34:58,{'user': 'alex', 'node': 'v100', 'debug': False, 'size': 10000, 'subsort': 'mp', 'sort': 'mpi', 'c': 6, 'p': 8},None,c8,haiyang,Linux,#1 SMP Tue Jul 26 14:15:37 UTC 2022


+---------------------------------+-------------------------------------------------------------+
| Attribute                       | Value                                                       |
|---------------------------------+-------------------------------------------------------------|
| ANSI_COLOR                      | "0;31"                                                      |
| BUG_REPORT_URL                  | "https://bugzilla.redhat.com/"                              |
| CPE_NAME                        | "cpe:/o:redhat:enterprise_linux:7.9:GA:server"              |
| HOME_URL                        | "https://www.redhat.com/"                                   |
| ID                              | "rhel"                                                      |
| ID_LIKE                         | "fedora"                                                    |
| NAME                            | "Red Hat Enterprise Linux Server"                           |
| PRETTY_NAME                     | "Red Hat Enterprise Linux Server 7.9 (Maipo)"               |
| REDHAT_BUGZILLA_PRODUCT         | "Red Hat Enterprise Linux 7"                                |
| REDHAT_BUGZILLA_PRODUCT_VERSION | 7.9                                                         |
| REDHAT_SUPPORT_PRODUCT          | "Red Hat Enterprise Linux"                                  |
| REDHAT_SUPPORT_PRODUCT_VERSION  | "7.9"                                                       |
| VARIANT                         | "Server"                                                    |
| VARIANT_ID                      | "server"                                                    |
| VERSION                         | "7.9 (Maipo)"                                               |
| VERSION_ID                      | "7.9"                                                       |
| cpu                             | Intel(R) Xeon(R) CPU E5-2680 v3 @ 2.50GHz                   |
| cpu_cores                       | 24                                                          |
| cpu_count                       | 24                                                          |
| cpu_threads                     | 24                                                          |
| date                            | 2022-11-19 23:35:02.353797                                  |
| frequency                       | scpufreq(current=1.534083333333334, min=1200.0, max=3300.0) |
| mem.active                      | 17.3 GiB                                                    |
| mem.available                   | 222.8 GiB                                                   |
| mem.free                        | 211.0 GiB                                                   |
| mem.inactive                    | 10.7 GiB                                                    |
| mem.percent                     | 11.3 %                                                      |
| mem.total                       | 251.1 GiB                                                   |
| mem.used                        | 20.6 GiB                                                    |
| platform.version                | #1 SMP Tue Jul 26 14:15:37 UTC 2022                         |
| python                          | 3.9.8 (main, Feb  8 2022, 08:35:13)                         |
|                                 | [GCC 6.3.0]                                                 |
| python.pip                      | 22.2.2                                                      |
| python.version                  | 3.9.8                                                       |
| sys.platform                    | linux                                                       |
| uname.machine                   | x86_64                                                      |
| uname.node                      | c8                                                          |
| uname.processor                 | x86_64                                                      |
| uname.release                   | 3.10.0-1160.76.1.el7.x86_64                                 |
| uname.system                    | Linux                                                       |
| uname.version                   | #1 SMP Tue Jul 26 14:15:37 UTC 2022                         |
| user                            | haiyang                                                     |
+---------------------------------+-------------------------------------------------------------+

+---------------+----------+--------+-------+---------------------+-----------------------------------------------------------------------------------------------------------------+-------+--------+---------+-------+-------------------------------------+
| Name          | Status   |   Time |   Sum | Start               | tag                                                                                                             | msg   | Node   | User    | OS    | Version                             |
|---------------+----------+--------+-------+---------------------+-----------------------------------------------------------------------------------------------------------------+-------+--------+---------+-------+-------------------------------------|
| mpi-mergesort | ok       |  0.544 | 0.544 | 2022-11-19 23:35:01 | {'user': 'alex', 'node': 'v100', 'debug': False, 'size': 10000, 'subsort': 'mp', 'sort': 'mpi', 'c': 6, 'p': 8} |       | c8     | haiyang | Linux | #1 SMP Tue Jul 26 14:15:37 UTC 2022 |
| mpi-generate  | ok       |  0     | 0     | 2022-11-19 23:35:01 | {'user': 'alex', 'node': 'v100', 'debug': False, 'size': 10000, 'subsort': 'mp', 'sort': 'mpi', 'c': 6, 'p': 8} |       | c8     | haiyang | Linux | #1 SMP Tue Jul 26 14:15:37 UTC 2022 |
+---------------+----------+--------+-------+---------------------+-----------------------------------------------------------------------------------------------------------------+-------+--------+---------+-------+-------------------------------------+
# csv,timer,status,time,sum,start,tag,msg,uname.node,user,uname.system,platform.version
# csv,mpi-mergesort,ok,0.544,0.544,2022-11-19 23:35:01,{'user': 'alex', 'node': 'v100', 'debug': False, 'size': 10000, 'subsort': 'mp', 'sort': 'mpi', 'c': 6, 'p': 8},None,c8,haiyang,Linux,#1 SMP Tue Jul 26 14:15:37 UTC 2022
# csv,mpi-generate,ok,0.0,0.0,2022-11-19 23:35:01,{'user': 'alex', 'node': 'v100', 'debug': False, 'size': 10000, 'subsort': 'mp', 'sort': 'mpi', 'c': 6, 'p': 8},None,c8,haiyang,Linux,#1 SMP Tue Jul 26 14:15:37 UTC 2022


+---------------------------------+--------------------------------------------------------------+
| Attribute                       | Value                                                        |
|---------------------------------+--------------------------------------------------------------|
| ANSI_COLOR                      | "0;31"                                                       |
| BUG_REPORT_URL                  | "https://bugzilla.redhat.com/"                               |
| CPE_NAME                        | "cpe:/o:redhat:enterprise_linux:7.9:GA:server"               |
| HOME_URL                        | "https://www.redhat.com/"                                    |
| ID                              | "rhel"                                                       |
| ID_LIKE                         | "fedora"                                                     |
| NAME                            | "Red Hat Enterprise Linux Server"                            |
| PRETTY_NAME                     | "Red Hat Enterprise Linux Server 7.9 (Maipo)"                |
| REDHAT_BUGZILLA_PRODUCT         | "Red Hat Enterprise Linux 7"                                 |
| REDHAT_BUGZILLA_PRODUCT_VERSION | 7.9                                                          |
| REDHAT_SUPPORT_PRODUCT          | "Red Hat Enterprise Linux"                                   |
| REDHAT_SUPPORT_PRODUCT_VERSION  | "7.9"                                                        |
| VARIANT                         | "Server"                                                     |
| VARIANT_ID                      | "server"                                                     |
| VERSION                         | "7.9 (Maipo)"                                                |
| VERSION_ID                      | "7.9"                                                        |
| cpu                             | Intel(R) Xeon(R) CPU E5-2680 v3 @ 2.50GHz                    |
| cpu_cores                       | 24                                                           |
| cpu_count                       | 24                                                           |
| cpu_threads                     | 24                                                           |
| date                            | 2022-11-19 23:35:05.481816                                   |
| frequency                       | scpufreq(current=1.5442083333333334, min=1200.0, max=3300.0) |
| mem.active                      | 17.3 GiB                                                     |
| mem.available                   | 222.7 GiB                                                    |
| mem.free                        | 211.0 GiB                                                    |
| mem.inactive                    | 10.7 GiB                                                     |
| mem.percent                     | 11.3 %                                                       |
| mem.total                       | 251.1 GiB                                                    |
| mem.used                        | 20.6 GiB                                                     |
| platform.version                | #1 SMP Tue Jul 26 14:15:37 UTC 2022                          |
| python                          | 3.9.8 (main, Feb  8 2022, 08:35:13)                          |
|                                 | [GCC 6.3.0]                                                  |
| python.pip                      | 22.2.2                                                       |
| python.version                  | 3.9.8                                                        |
| sys.platform                    | linux                                                        |
| uname.machine                   | x86_64                                                       |
| uname.node                      | c8                                                           |
| uname.processor                 | x86_64                                                       |
| uname.release                   | 3.10.0-1160.76.1.el7.x86_64                                  |
| uname.system                    | Linux                                                        |
| uname.version                   | #1 SMP Tue Jul 26 14:15:37 UTC 2022                          |
| user                            | haiyang                                                      |
+---------------------------------+--------------------------------------------------------------+

+---------------+----------+--------+-------+---------------------+-----------------------------------------------------------------------------------------------------------------+-------+--------+---------+-------+-------------------------------------+
| Name          | Status   |   Time |   Sum | Start               | tag                                                                                                             | msg   | Node   | User    | OS    | Version                             |
|---------------+----------+--------+-------+---------------------+-----------------------------------------------------------------------------------------------------------------+-------+--------+---------+-------+-------------------------------------|
| mpi-mergesort | ok       |  0.337 | 0.337 | 2022-11-19 23:35:05 | {'user': 'alex', 'node': 'v100', 'debug': False, 'size': 10000, 'subsort': 'mp', 'sort': 'mpi', 'c': 6, 'p': 8} |       | c8     | haiyang | Linux | #1 SMP Tue Jul 26 14:15:37 UTC 2022 |
| mpi-generate  | ok       |  0     | 0     | 2022-11-19 23:35:05 | {'user': 'alex', 'node': 'v100', 'debug': False, 'size': 10000, 'subsort': 'mp', 'sort': 'mpi', 'c': 6, 'p': 8} |       | c8     | haiyang | Linux | #1 SMP Tue Jul 26 14:15:37 UTC 2022 |
+---------------+----------+--------+-------+---------------------+-----------------------------------------------------------------------------------------------------------------+-------+--------+---------+-------+-------------------------------------+
# csv,timer,status,time,sum,start,tag,msg,uname.node,user,uname.system,platform.version
# csv,mpi-mergesort,ok,0.337,0.337,2022-11-19 23:35:05,{'user': 'alex', 'node': 'v100', 'debug': False, 'size': 10000, 'subsort': 'mp', 'sort': 'mpi', 'c': 6, 'p': 8},None,c8,haiyang,Linux,#1 SMP Tue Jul 26 14:15:37 UTC 2022
# csv,mpi-generate,ok,0.0,0.0,2022-11-19 23:35:05,{'user': 'alex', 'node': 'v100', 'debug': False, 'size': 10000, 'subsort': 'mp', 'sort': 'mpi', 'c': 6, 'p': 8},None,c8,haiyang,Linux,#1 SMP Tue Jul 26 14:15:37 UTC 2022


+---------------------------------+-------------------------------------------------------------+
| Attribute                       | Value                                                       |
|---------------------------------+-------------------------------------------------------------|
| ANSI_COLOR                      | "0;31"                                                      |
| BUG_REPORT_URL                  | "https://bugzilla.redhat.com/"                              |
| CPE_NAME                        | "cpe:/o:redhat:enterprise_linux:7.9:GA:server"              |
| HOME_URL                        | "https://www.redhat.com/"                                   |
| ID                              | "rhel"                                                      |
| ID_LIKE                         | "fedora"                                                    |
| NAME                            | "Red Hat Enterprise Linux Server"                           |
| PRETTY_NAME                     | "Red Hat Enterprise Linux Server 7.9 (Maipo)"               |
| REDHAT_BUGZILLA_PRODUCT         | "Red Hat Enterprise Linux 7"                                |
| REDHAT_BUGZILLA_PRODUCT_VERSION | 7.9                                                         |
| REDHAT_SUPPORT_PRODUCT          | "Red Hat Enterprise Linux"                                  |
| REDHAT_SUPPORT_PRODUCT_VERSION  | "7.9"                                                       |
| VARIANT                         | "Server"                                                    |
| VARIANT_ID                      | "server"                                                    |
| VERSION                         | "7.9 (Maipo)"                                               |
| VERSION_ID                      | "7.9"                                                       |
| cpu                             | Intel(R) Xeon(R) CPU E5-2680 v3 @ 2.50GHz                   |
| cpu_cores                       | 24                                                          |
| cpu_count                       | 24                                                          |
| cpu_threads                     | 24                                                          |
| date                            | 2022-11-19 23:35:08.764622                                  |
| frequency                       | scpufreq(current=1.504416666666667, min=1200.0, max=3300.0) |
| mem.active                      | 17.3 GiB                                                    |
| mem.available                   | 222.7 GiB                                                   |
| mem.free                        | 211.0 GiB                                                   |
| mem.inactive                    | 10.7 GiB                                                    |
| mem.percent                     | 11.3 %                                                      |
| mem.total                       | 251.1 GiB                                                   |
| mem.used                        | 20.6 GiB                                                    |
| platform.version                | #1 SMP Tue Jul 26 14:15:37 UTC 2022                         |
| python                          | 3.9.8 (main, Feb  8 2022, 08:35:13)                         |
|                                 | [GCC 6.3.0]                                                 |
| python.pip                      | 22.2.2                                                      |
| python.version                  | 3.9.8                                                       |
| sys.platform                    | linux                                                       |
| uname.machine                   | x86_64                                                      |
| uname.node                      | c8                                                          |
| uname.processor                 | x86_64                                                      |
| uname.release                   | 3.10.0-1160.76.1.el7.x86_64                                 |
| uname.system                    | Linux                                                       |
| uname.version                   | #1 SMP Tue Jul 26 14:15:37 UTC 2022                         |
| user                            | haiyang                                                     |
+---------------------------------+-------------------------------------------------------------+

+---------------+----------+--------+-------+---------------------+-----------------------------------------------------------------------------------------------------------------+-------+--------+---------+-------+-------------------------------------+
| Name          | Status   |   Time |   Sum | Start               | tag                                                                                                             | msg   | Node   | User    | OS    | Version                             |
|---------------+----------+--------+-------+---------------------+-----------------------------------------------------------------------------------------------------------------+-------+--------+---------+-------+-------------------------------------|
| mpi-mergesort | ok       |  0.569 | 0.569 | 2022-11-19 23:35:08 | {'user': 'alex', 'node': 'v100', 'debug': False, 'size': 10000, 'subsort': 'mp', 'sort': 'mpi', 'c': 6, 'p': 8} |       | c8     | haiyang | Linux | #1 SMP Tue Jul 26 14:15:37 UTC 2022 |
| mpi-generate  | ok       |  0     | 0     | 2022-11-19 23:35:08 | {'user': 'alex', 'node': 'v100', 'debug': False, 'size': 10000, 'subsort': 'mp', 'sort': 'mpi', 'c': 6, 'p': 8} |       | c8     | haiyang | Linux | #1 SMP Tue Jul 26 14:15:37 UTC 2022 |
+---------------+----------+--------+-------+---------------------+-----------------------------------------------------------------------------------------------------------------+-------+--------+---------+-------+-------------------------------------+
# csv,timer,status,time,sum,start,tag,msg,uname.node,user,uname.system,platform.version
# csv,mpi-mergesort,ok,0.569,0.569,2022-11-19 23:35:08,{'user': 'alex', 'node': 'v100', 'debug': False, 'size': 10000, 'subsort': 'mp', 'sort': 'mpi', 'c': 6, 'p': 8},None,c8,haiyang,Linux,#1 SMP Tue Jul 26 14:15:37 UTC 2022
# csv,mpi-generate,ok,0.0,0.0,2022-11-19 23:35:08,{'user': 'alex', 'node': 'v100', 'debug': False, 'size': 10000, 'subsort': 'mp', 'sort': 'mpi', 'c': 6, 'p': 8},None,c8,haiyang,Linux,#1 SMP Tue Jul 26 14:15:37 UTC 2022


+---------------------------------+--------------------------------------------------------------+
| Attribute                       | Value                                                        |
|---------------------------------+--------------------------------------------------------------|
| ANSI_COLOR                      | "0;31"                                                       |
| BUG_REPORT_URL                  | "https://bugzilla.redhat.com/"                               |
| CPE_NAME                        | "cpe:/o:redhat:enterprise_linux:7.9:GA:server"               |
| HOME_URL                        | "https://www.redhat.com/"                                    |
| ID                              | "rhel"                                                       |
| ID_LIKE                         | "fedora"                                                     |
| NAME                            | "Red Hat Enterprise Linux Server"                            |
| PRETTY_NAME                     | "Red Hat Enterprise Linux Server 7.9 (Maipo)"                |
| REDHAT_BUGZILLA_PRODUCT         | "Red Hat Enterprise Linux 7"                                 |
| REDHAT_BUGZILLA_PRODUCT_VERSION | 7.9                                                          |
| REDHAT_SUPPORT_PRODUCT          | "Red Hat Enterprise Linux"                                   |
| REDHAT_SUPPORT_PRODUCT_VERSION  | "7.9"                                                        |
| VARIANT                         | "Server"                                                     |
| VARIANT_ID                      | "server"                                                     |
| VERSION                         | "7.9 (Maipo)"                                                |
| VERSION_ID                      | "7.9"                                                        |
| cpu                             | Intel(R) Xeon(R) CPU E5-2680 v3 @ 2.50GHz                    |
| cpu_cores                       | 24                                                           |
| cpu_count                       | 24                                                           |
| cpu_threads                     | 24                                                           |
| date                            | 2022-11-19 23:35:12.556557                                   |
| frequency                       | scpufreq(current=1.5376666666666665, min=1200.0, max=3300.0) |
| mem.active                      | 17.3 GiB                                                     |
| mem.available                   | 222.7 GiB                                                    |
| mem.free                        | 211.0 GiB                                                    |
| mem.inactive                    | 10.7 GiB                                                     |
| mem.percent                     | 11.3 %                                                       |
| mem.total                       | 251.1 GiB                                                    |
| mem.used                        | 20.7 GiB                                                     |
| platform.version                | #1 SMP Tue Jul 26 14:15:37 UTC 2022                          |
| python                          | 3.9.8 (main, Feb  8 2022, 08:35:13)                          |
|                                 | [GCC 6.3.0]                                                  |
| python.pip                      | 22.2.2                                                       |
| python.version                  | 3.9.8                                                        |
| sys.platform                    | linux                                                        |
| uname.machine                   | x86_64                                                       |
| uname.node                      | c8                                                           |
| uname.processor                 | x86_64                                                       |
| uname.release                   | 3.10.0-1160.76.1.el7.x86_64                                  |
| uname.system                    | Linux                                                        |
| uname.version                   | #1 SMP Tue Jul 26 14:15:37 UTC 2022                          |
| user                            | haiyang                                                      |
+---------------------------------+--------------------------------------------------------------+

+---------------+----------+--------+-------+---------------------+-----------------------------------------------------------------------------------------------------------------+-------+--------+---------+-------+-------------------------------------+
| Name          | Status   |   Time |   Sum | Start               | tag                                                                                                             | msg   | Node   | User    | OS    | Version                             |
|---------------+----------+--------+-------+---------------------+-----------------------------------------------------------------------------------------------------------------+-------+--------+---------+-------+-------------------------------------|
| mpi-mergesort | ok       |  0.335 | 0.335 | 2022-11-19 23:35:12 | {'user': 'alex', 'node': 'v100', 'debug': False, 'size': 10000, 'subsort': 'mp', 'sort': 'mpi', 'c': 6, 'p': 8} |       | c8     | haiyang | Linux | #1 SMP Tue Jul 26 14:15:37 UTC 2022 |
| mpi-generate  | ok       |  0     | 0     | 2022-11-19 23:35:12 | {'user': 'alex', 'node': 'v100', 'debug': False, 'size': 10000, 'subsort': 'mp', 'sort': 'mpi', 'c': 6, 'p': 8} |       | c8     | haiyang | Linux | #1 SMP Tue Jul 26 14:15:37 UTC 2022 |
+---------------+----------+--------+-------+---------------------+-----------------------------------------------------------------------------------------------------------------+-------+--------+---------+-------+-------------------------------------+
# csv,timer,status,time,sum,start,tag,msg,uname.node,user,uname.system,platform.version
# csv,mpi-mergesort,ok,0.335,0.335,2022-11-19 23:35:12,{'user': 'alex', 'node': 'v100', 'debug': False, 'size': 10000, 'subsort': 'mp', 'sort': 'mpi', 'c': 6, 'p': 8},None,c8,haiyang,Linux,#1 SMP Tue Jul 26 14:15:37 UTC 2022
# csv,mpi-generate,ok,0.0,0.0,2022-11-19 23:35:12,{'user': 'alex', 'node': 'v100', 'debug': False, 'size': 10000, 'subsort': 'mp', 'sort': 'mpi', 'c': 6, 'p': 8},None,c8,haiyang,Linux,#1 SMP Tue Jul 26 14:15:37 UTC 2022

