Starting experiment
Processes: 4
Cores:     2
Size:      10000
Repeat:    10
Debug:     False
Sort:      MPI
Algorithm: mp
Tag:       None
Total:     10
Experiment 9         : size=10000 processes=4 cores=2 repeat=0 last_time=undefined                     
Experiment 8         : size=10000 processes=4 cores=2 repeat=1 last_time=undefined                     
Experiment 7         : size=10000 processes=4 cores=2 repeat=2 last_time=undefined                     
Experiment 6         : size=10000 processes=4 cores=2 repeat=3 last_time=undefined                     
Experiment 5         : size=10000 processes=4 cores=2 repeat=4 last_time=undefined                     
Experiment 4         : size=10000 processes=4 cores=2 repeat=5 last_time=undefined                     
Experiment 3         : size=10000 processes=4 cores=2 repeat=6 last_time=undefined                     
Experiment 2         : size=10000 processes=4 cores=2 repeat=7 last_time=undefined                     
Experiment 1         : size=10000 processes=4 cores=2 repeat=8 last_time=undefined                     
Experiment 0         : size=10000 processes=4 cores=2 repeat=9 last_time=undefined                     
 Enterprise Linux Server"                            |
| PRETTY_NAME                     | "Red Hat Enterprise Linux Server 7.9 (Maipo)"                |
| REDHAT_BUGZILLA_PRODUCT         | "Red Hat Enterprise Linux 7"                                 |
| REDHAT_BUGZILLA_PRODUCT_VERSION | 7.9                                                          |
| REDHAT_SUPPORT_PRODUCT          | "Red Hat Enterprise Linux"                                   |
| REDHAT_SUPPORT_PRODUCT_VERSION  | "7.9"                                                        |
| VARIANT                         | "Server"                                                     |
| VARIANT_ID                      | "server"                                                     |
| VERSION                         | "7.9 (Maipo)"                                                |
| VERSION_ID                      | "7.9"                                                        |
| cpu                             | Intel(R) Xeon(R) CPU E5-2680 v3 @ 2.50GHz                    |
| cpu_cores                       | 24                                                           |
| cpu_count                       | 24                                                           |
| cpu_threads                     | 24                                                           |
| date                            | 2022-11-19 12:33:28.696641                                   |
| frequency                       | scpufreq(current=1.9207499999999997, min=1200.0, max=3300.0) |
| mem.active                      | 73.4 GiB                                                     |
| mem.available                   | 159.8 GiB                                                    |
| mem.free                        | 124.8 GiB                                                    |
| mem.inactive                    | 35.8 GiB                                                     |
| mem.percent                     | 36.3 %                                                       |
| mem.total                       | 251.1 GiB                                                    |
| mem.used                        | 84.3 GiB                                                     |
| platform.version                | #1 SMP Tue Jul 26 14:15:37 UTC 2022                          |
| python                          | 3.9.8 (main, Feb  8 2022, 08:35:13)                          |
|                                 | [GCC 6.3.0]                                                  |
| python.pip                      | 22.2.2                                                       |
| python.version                  | 3.9.8                                                        |
| sys.platform                    | linux                                                        |
| uname.machine                   | x86_64                                                       |
| uname.node                      | c33                                                          |
| uname.processor                 | x86_64                                                       |
| uname.release                   | 3.10.0-1160.76.1.el7.x86_64                                  |
| uname.system                    | Linux                                                        |
| uname.version                   | #1 SMP Tue Jul 26 14:15:37 UTC 2022                          |
| user                            | haiyang                                                      |
+---------------------------------+--------------------------------------------------------------+

+---------------+----------+--------+-------+---------------------+-----------------------------------------------------------------------------------------------------------------+-------+--------+---------+-------+-------------------------------------+
| Name          | Status   |   Time |   Sum | Start               | tag                                                                                                             | msg   | Node   | User    | OS    | Version                             |
|---------------+----------+--------+-------+---------------------+-----------------------------------------------------------------------------------------------------------------+-------+--------+---------+-------+-------------------------------------|
| mpi-mergesort | ok       |  0.129 | 0.129 | 2022-11-19 12:33:28 | {'user': 'alex', 'node': 'v100', 'debug': False, 'size': 10000, 'subsort': 'mp', 'sort': 'mpi', 'c': 2, 'p': 4} |       | c33    | haiyang | Linux | #1 SMP Tue Jul 26 14:15:37 UTC 2022 |
| mpi-generate  | ok       |  0     | 0     | 2022-11-19 12:33:28 | {'user': 'alex', 'node': 'v100', 'debug': False, 'size': 10000, 'subsort': 'mp', 'sort': 'mpi', 'c': 2, 'p': 4} |       | c33    | haiyang | Linux | #1 SMP Tue Jul 26 14:15:37 UTC 2022 |
+---------------+----------+--------+-------+---------------------+-----------------------------------------------------------------------------------------------------------------+-------+--------+---------+-------+-------------------------------------+
# csv,timer,status,time,sum,start,tag,msg,uname.node,user,uname.system,platform.version
# csv,mpi-mergesort,ok,0.129,0.129,2022-11-19 12:33:28,{'user': 'alex', 'node': 'v100', 'debug': False, 'size': 10000, 'subsort': 'mp', 'sort': 'mpi', 'c': 2, 'p': 4},None,c33,haiyang,Linux,#1 SMP Tue Jul 26 14:15:37 UTC 2022
# csv,mpi-generate,ok,0.0,0.0,2022-11-19 12:33:28,{'user': 'alex', 'node': 'v100', 'debug': False, 'size': 10000, 'subsort': 'mp', 'sort': 'mpi', 'c': 2, 'p': 4},None,c33,haiyang,Linux,#1 SMP Tue Jul 26 14:15:37 UTC 2022


+---------------------------------+--------------------------------------------------------------+
| Attribute                       | Value                                                        |
|---------------------------------+--------------------------------------------------------------|
| ANSI_COLOR                      | "0;31"                                                       |
| BUG_REPORT_URL                  | "https://bugzilla.redhat.com/"                               |
| CPE_NAME                        | "cpe:/o:redhat:enterprise_linux:7.9:GA:server"               |
| HOME_URL                        | "https://www.redhat.com/"                                    |
| ID                              | "rhel"                                                       |
| ID_LIKE                         | "fedora"                                                     |
| NAME                            | "Red Hat Enterprise Linux Server"                            |
| PRETTY_NAME                     | "Red Hat Enterprise Linux Server 7.9 (Maipo)"                |
| REDHAT_BUGZILLA_PRODUCT         | "Red Hat Enterprise Linux 7"                                 |
| REDHAT_BUGZILLA_PRODUCT_VERSION | 7.9                                                          |
| REDHAT_SUPPORT_PRODUCT          | "Red Hat Enterprise Linux"                                   |
| REDHAT_SUPPORT_PRODUCT_VERSION  | "7.9"                                                        |
| VARIANT                         | "Server"                                                     |
| VARIANT_ID                      | "server"                                                     |
| VERSION                         | "7.9 (Maipo)"                                                |
| VERSION_ID                      | "7.9"                                                        |
| cpu                             | Intel(R) Xeon(R) CPU E5-2680 v3 @ 2.50GHz                    |
| cpu_cores                       | 24                                                           |
| cpu_count                       | 24                                                           |
| cpu_threads                     | 24                                                           |
| date                            | 2022-11-19 12:33:31.503398                                   |
| frequency                       | scpufreq(current=1.9200000000000002, min=1200.0, max=3300.0) |
| mem.active                      | 73.2 GiB                                                     |
| mem.available                   | 160.1 GiB                                                    |
| mem.free                        | 125.0 GiB                                                    |
| mem.inactive                    | 35.9 GiB                                                     |
| mem.percent                     | 36.2 %                                                       |
| mem.total                       | 251.1 GiB                                                    |
| mem.used                        | 84.0 GiB                                                     |
| platform.version                | #1 SMP Tue Jul 26 14:15:37 UTC 2022                          |
| python                          | 3.9.8 (main, Feb  8 2022, 08:35:13)                          |
|                                 | [GCC 6.3.0]                                                  |
| python.pip                      | 22.2.2                                                       |
| python.version                  | 3.9.8                                                        |
| sys.platform                    | linux                                                        |
| uname.machine                   | x86_64                                                       |
| uname.node                      | c33                                                          |
| uname.processor                 | x86_64                                                       |
| uname.release                   | 3.10.0-1160.76.1.el7.x86_64                                  |
| uname.system                    | Linux                                                        |
| uname.version                   | #1 SMP Tue Jul 26 14:15:37 UTC 2022                          |
| user                            | haiyang                                                      |
+---------------------------------+--------------------------------------------------------------+

+---------------+----------+--------+-------+---------------------+-----------------------------------------------------------------------------------------------------------------+-------+--------+---------+-------+-------------------------------------+
| Name          | Status   |   Time |   Sum | Start               | tag                                                                                                             | msg   | Node   | User    | OS    | Version                             |
|---------------+----------+--------+-------+---------------------+-----------------------------------------------------------------------------------------------------------------+-------+--------+---------+-------+-------------------------------------|
| mpi-mergesort | ok       |  0.077 | 0.077 | 2022-11-19 12:33:31 | {'user': 'alex', 'node': 'v100', 'debug': False, 'size': 10000, 'subsort': 'mp', 'sort': 'mpi', 'c': 2, 'p': 4} |       | c33    | haiyang | Linux | #1 SMP Tue Jul 26 14:15:37 UTC 2022 |
| mpi-generate  | ok       |  0     | 0     | 2022-11-19 12:33:31 | {'user': 'alex', 'node': 'v100', 'debug': False, 'size': 10000, 'subsort': 'mp', 'sort': 'mpi', 'c': 2, 'p': 4} |       | c33    | haiyang | Linux | #1 SMP Tue Jul 26 14:15:37 UTC 2022 |
+---------------+----------+--------+-------+---------------------+-----------------------------------------------------------------------------------------------------------------+-------+--------+---------+-------+-------------------------------------+
# csv,timer,status,time,sum,start,tag,msg,uname.node,user,uname.system,platform.version
# csv,mpi-mergesort,ok,0.077,0.077,2022-11-19 12:33:31,{'user': 'alex', 'node': 'v100', 'debug': False, 'size': 10000, 'subsort': 'mp', 'sort': 'mpi', 'c': 2, 'p': 4},None,c33,haiyang,Linux,#1 SMP Tue Jul 26 14:15:37 UTC 2022
# csv,mpi-generate,ok,0.0,0.0,2022-11-19 12:33:31,{'user': 'alex', 'node': 'v100', 'debug': False, 'size': 10000, 'subsort': 'mp', 'sort': 'mpi', 'c': 2, 'p': 4},None,c33,haiyang,Linux,#1 SMP Tue Jul 26 14:15:37 UTC 2022


+---------------------------------+--------------------------------------------------------------+
| Attribute                       | Value                                                        |
|---------------------------------+--------------------------------------------------------------|
| ANSI_COLOR                      | "0;31"                                                       |
| BUG_REPORT_URL                  | "https://bugzilla.redhat.com/"                               |
| CPE_NAME                        | "cpe:/o:redhat:enterprise_linux:7.9:GA:server"               |
| HOME_URL                        | "https://www.redhat.com/"                                    |
| ID                              | "rhel"                                                       |
| ID_LIKE                         | "fedora"                                                     |
| NAME                            | "Red Hat Enterprise Linux Server"                            |
| PRETTY_NAME                     | "Red Hat Enterprise Linux Server 7.9 (Maipo)"                |
| REDHAT_BUGZILLA_PRODUCT         | "Red Hat Enterprise Linux 7"                                 |
| REDHAT_BUGZILLA_PRODUCT_VERSION | 7.9                                                          |
| REDHAT_SUPPORT_PRODUCT          | "Red Hat Enterprise Linux"                                   |
| REDHAT_SUPPORT_PRODUCT_VERSION  | "7.9"                                                        |
| VARIANT                         | "Server"                                                     |
| VARIANT_ID                      | "server"                                                     |
| VERSION                         | "7.9 (Maipo)"                                                |
| VERSION_ID                      | "7.9"                                                        |
| cpu                             | Intel(R) Xeon(R) CPU E5-2680 v3 @ 2.50GHz                    |
| cpu_cores                       | 24                                                           |
| cpu_count                       | 24                                                           |
| cpu_threads                     | 24                                                           |
| date                            | 2022-11-19 12:33:34.282012                                   |
| frequency                       | scpufreq(current=1.9329166666666666, min=1200.0, max=3300.0) |
| mem.active                      | 73.2 GiB                                                     |
| mem.available                   | 160.1 GiB                                                    |
| mem.free                        | 124.8 GiB                                                    |
| mem.inactive                    | 36.0 GiB                                                     |
| mem.percent                     | 36.2 %                                                       |
| mem.total                       | 251.1 GiB                                                    |
| mem.used                        | 84.0 GiB                                                     |
| platform.version                | #1 SMP Tue Jul 26 14:15:37 UTC 2022                          |
| python                          | 3.9.8 (main, Feb  8 2022, 08:35:13)                          |
|                                 | [GCC 6.3.0]                                                  |
| python.pip                      | 22.2.2                                                       |
| python.version                  | 3.9.8                                                        |
| sys.platform                    | linux                                                        |
| uname.machine                   | x86_64                                                       |
| uname.node                      | c33                                                          |
| uname.processor                 | x86_64                                                       |
| uname.release                   | 3.10.0-1160.76.1.el7.x86_64                                  |
| uname.system                    | Linux                                                        |
| uname.version                   | #1 SMP Tue Jul 26 14:15:37 UTC 2022                          |
| user                            | haiyang                                                      |
+---------------------------------+--------------------------------------------------------------+

+---------------+----------+--------+-------+---------------------+-----------------------------------------------------------------------------------------------------------------+-------+--------+---------+-------+-------------------------------------+
| Name          | Status   |   Time |   Sum | Start               | tag                                                                                                             | msg   | Node   | User    | OS    | Version                             |
|---------------+----------+--------+-------+---------------------+-----------------------------------------------------------------------------------------------------------------+-------+--------+---------+-------+-------------------------------------|
| mpi-mergesort | ok       |  0.071 | 0.071 | 2022-11-19 12:33:34 | {'user': 'alex', 'node': 'v100', 'debug': False, 'size': 10000, 'subsort': 'mp', 'sort': 'mpi', 'c': 2, 'p': 4} |       | c33    | haiyang | Linux | #1 SMP Tue Jul 26 14:15:37 UTC 2022 |
| mpi-generate  | ok       |  0     | 0     | 2022-11-19 12:33:34 | {'user': 'alex', 'node': 'v100', 'debug': False, 'size': 10000, 'subsort': 'mp', 'sort': 'mpi', 'c': 2, 'p': 4} |       | c33    | haiyang | Linux | #1 SMP Tue Jul 26 14:15:37 UTC 2022 |
+---------------+----------+--------+-------+---------------------+-----------------------------------------------------------------------------------------------------------------+-------+--------+---------+-------+-------------------------------------+
# csv,timer,status,time,sum,start,tag,msg,uname.node,user,uname.system,platform.version
# csv,mpi-mergesort,ok,0.071,0.071,2022-11-19 12:33:34,{'user': 'alex', 'node': 'v100', 'debug': False, 'size': 10000, 'subsort': 'mp', 'sort': 'mpi', 'c': 2, 'p': 4},None,c33,haiyang,Linux,#1 SMP Tue Jul 26 14:15:37 UTC 2022
# csv,mpi-generate,ok,0.0,0.0,2022-11-19 12:33:34,{'user': 'alex', 'node': 'v100', 'debug': False, 'size': 10000, 'subsort': 'mp', 'sort': 'mpi', 'c': 2, 'p': 4},None,c33,haiyang,Linux,#1 SMP Tue Jul 26 14:15:37 UTC 2022


+---------------------------------+----------------------------------------------------+
| Attribute                       | Value                                              |
|---------------------------------+----------------------------------------------------|
| ANSI_COLOR                      | "0;31"                                             |
| BUG_REPORT_URL                  | "https://bugzilla.redhat.com/"                     |
| CPE_NAME                        | "cpe:/o:redhat:enterprise_linux:7.9:GA:server"     |
| HOME_URL                        | "https://www.redhat.com/"                          |
| ID                              | "rhel"                                             |
| ID_LIKE                         | "fedora"                                           |
| NAME                            | "Red Hat Enterprise Linux Server"                  |
| PRETTY_NAME                     | "Red Hat Enterprise Linux Server 7.9 (Maipo)"      |
| REDHAT_BUGZILLA_PRODUCT         | "Red Hat Enterprise Linux 7"                       |
| REDHAT_BUGZILLA_PRODUCT_VERSION | 7.9                                                |
| REDHAT_SUPPORT_PRODUCT          | "Red Hat Enterprise Linux"                         |
| REDHAT_SUPPORT_PRODUCT_VERSION  | "7.9"                                              |
| VARIANT                         | "Server"                                           |
| VARIANT_ID                      | "server"                                           |
| VERSION                         | "7.9 (Maipo)"                                      |
| VERSION_ID                      | "7.9"                                              |
| cpu                             | Intel(R) Xeon(R) CPU E5-2680 v3 @ 2.50GHz          |
| cpu_cores                       | 24                                                 |
| cpu_count                       | 24                                                 |
| cpu_threads                     | 24                                                 |
| date                            | 2022-11-19 12:33:37.056485                         |
| frequency                       | scpufreq(current=1.940625, min=1200.0, max=3300.0) |
| mem.active                      | 73.2 GiB                                           |
| mem.available                   | 160.1 GiB                                          |
| mem.free                        | 124.7 GiB                                          |
| mem.inactive                    | 36.1 GiB                                           |
| mem.percent                     | 36.2 %                                             |
| mem.total                       | 251.1 GiB                                          |
| mem.used                        | 84.0 GiB                                           |
| platform.version                | #1 SMP Tue Jul 26 14:15:37 UTC 2022                |
| python                          | 3.9.8 (main, Feb  8 2022, 08:35:13)                |
|                                 | [GCC 6.3.0]                                        |
| python.pip                      | 22.2.2                                             |
| python.version                  | 3.9.8                                              |
| sys.platform                    | linux                                              |
| uname.machine                   | x86_64                                             |
| uname.node                      | c33                                                |
| uname.processor                 | x86_64                                             |
| uname.release                   | 3.10.0-1160.76.1.el7.x86_64                        |
| uname.system                    | Linux                                              |
| uname.version                   | #1 SMP Tue Jul 26 14:15:37 UTC 2022                |
| user                            | haiyang                                            |
+---------------------------------+----------------------------------------------------+

+---------------+----------+--------+-------+---------------------+-----------------------------------------------------------------------------------------------------------------+-------+--------+---------+-------+-------------------------------------+
| Name          | Status   |   Time |   Sum | Start               | tag                                                                                                             | msg   | Node   | User    | OS    | Version                             |
|---------------+----------+--------+-------+---------------------+-----------------------------------------------------------------------------------------------------------------+-------+--------+---------+-------+-------------------------------------|
| mpi-mergesort | ok       |  0.084 | 0.084 | 2022-11-19 12:33:36 | {'user': 'alex', 'node': 'v100', 'debug': False, 'size': 10000, 'subsort': 'mp', 'sort': 'mpi', 'c': 2, 'p': 4} |       | c33    | haiyang | Linux | #1 SMP Tue Jul 26 14:15:37 UTC 2022 |
| mpi-generate  | ok       |  0     | 0     | 2022-11-19 12:33:36 | {'user': 'alex', 'node': 'v100', 'debug': False, 'size': 10000, 'subsort': 'mp', 'sort': 'mpi', 'c': 2, 'p': 4} |       | c33    | haiyang | Linux | #1 SMP Tue Jul 26 14:15:37 UTC 2022 |
+---------------+----------+--------+-------+---------------------+-----------------------------------------------------------------------------------------------------------------+-------+--------+---------+-------+-------------------------------------+
# csv,timer,status,time,sum,start,tag,msg,uname.node,user,uname.system,platform.version
# csv,mpi-mergesort,ok,0.084,0.084,2022-11-19 12:33:36,{'user': 'alex', 'node': 'v100', 'debug': False, 'size': 10000, 'subsort': 'mp', 'sort': 'mpi', 'c': 2, 'p': 4},None,c33,haiyang,Linux,#1 SMP Tue Jul 26 14:15:37 UTC 2022
# csv,mpi-generate,ok,0.0,0.0,2022-11-19 12:33:36,{'user': 'alex', 'node': 'v100', 'debug': False, 'size': 10000, 'subsort': 'mp', 'sort': 'mpi', 'c': 2, 'p': 4},None,c33,haiyang,Linux,#1 SMP Tue Jul 26 14:15:37 UTC 2022


+---------------------------------+-------------------------------------------------+
| Attribute                       | Value                                           |
|---------------------------------+-------------------------------------------------|
| ANSI_COLOR                      | "0;31"                                          |
| BUG_REPORT_URL                  | "https://bugzilla.redhat.com/"                  |
| CPE_NAME                        | "cpe:/o:redhat:enterprise_linux:7.9:GA:server"  |
| HOME_URL                        | "https://www.redhat.com/"                       |
| ID                              | "rhel"                                          |
| ID_LIKE                         | "fedora"                                        |
| NAME                            | "Red Hat Enterprise Linux Server"               |
| PRETTY_NAME                     | "Red Hat Enterprise Linux Server 7.9 (Maipo)"   |
| REDHAT_BUGZILLA_PRODUCT         | "Red Hat Enterprise Linux 7"                    |
| REDHAT_BUGZILLA_PRODUCT_VERSION | 7.9                                             |
| REDHAT_SUPPORT_PRODUCT          | "Red Hat Enterprise Linux"                      |
| REDHAT_SUPPORT_PRODUCT_VERSION  | "7.9"                                           |
| VARIANT                         | "Server"                                        |
| VARIANT_ID                      | "server"                                        |
| VERSION                         | "7.9 (Maipo)"                                   |
| VERSION_ID                      | "7.9"                                           |
| cpu                             | Intel(R) Xeon(R) CPU E5-2680 v3 @ 2.50GHz       |
| cpu_cores                       | 24                                              |
| cpu_count                       | 24                                              |
| cpu_threads                     | 24                                              |
| date                            | 2022-11-19 12:33:39.884418                      |
| frequency                       | scpufreq(current=1.795, min=1200.0, max=3300.0) |
| mem.active                      | 73.0 GiB                                        |
| mem.available                   | 160.2 GiB                                       |
| mem.free                        | 124.8 GiB                                       |
| mem.inactive                    | 36.3 GiB                                        |
| mem.percent                     | 36.2 %                                          |
| mem.total                       | 251.1 GiB                                       |
| mem.used                        | 83.9 GiB                                        |
| platform.version                | #1 SMP Tue Jul 26 14:15:37 UTC 2022             |
| python                          | 3.9.8 (main, Feb  8 2022, 08:35:13)             |
|                                 | [GCC 6.3.0]                                     |
| python.pip                      | 22.2.2                                          |
| python.version                  | 3.9.8                                           |
| sys.platform                    | linux                                           |
| uname.machine                   | x86_64                                          |
| uname.node                      | c33                                             |
| uname.processor                 | x86_64                                          |
| uname.release                   | 3.10.0-1160.76.1.el7.x86_64                     |
| uname.system                    | Linux                                           |
| uname.version                   | #1 SMP Tue Jul 26 14:15:37 UTC 2022             |
| user                            | haiyang                                         |
+---------------------------------+-------------------------------------------------+

+---------------+----------+--------+-------+---------------------+-----------------------------------------------------------------------------------------------------------------+-------+--------+---------+-------+-------------------------------------+
| Name          | Status   |   Time |   Sum | Start               | tag                                                                                                             | msg   | Node   | User    | OS    | Version                             |
|---------------+----------+--------+-------+---------------------+-----------------------------------------------------------------------------------------------------------------+-------+--------+---------+-------+-------------------------------------|
| mpi-mergesort | ok       |  0.082 | 0.082 | 2022-11-19 12:33:39 | {'user': 'alex', 'node': 'v100', 'debug': False, 'size': 10000, 'subsort': 'mp', 'sort': 'mpi', 'c': 2, 'p': 4} |       | c33    | haiyang | Linux | #1 SMP Tue Jul 26 14:15:37 UTC 2022 |
| mpi-generate  | ok       |  0     | 0     | 2022-11-19 12:33:39 | {'user': 'alex', 'node': 'v100', 'debug': False, 'size': 10000, 'subsort': 'mp', 'sort': 'mpi', 'c': 2, 'p': 4} |       | c33    | haiyang | Linux | #1 SMP Tue Jul 26 14:15:37 UTC 2022 |
+---------------+----------+--------+-------+---------------------+-----------------------------------------------------------------------------------------------------------------+-------+--------+---------+-------+-------------------------------------+
# csv,timer,status,time,sum,start,tag,msg,uname.node,user,uname.system,platform.version
# csv,mpi-mergesort,ok,0.082,0.082,2022-11-19 12:33:39,{'user': 'alex', 'node': 'v100', 'debug': False, 'size': 10000, 'subsort': 'mp', 'sort': 'mpi', 'c': 2, 'p': 4},None,c33,haiyang,Linux,#1 SMP Tue Jul 26 14:15:37 UTC 2022
# csv,mpi-generate,ok,0.0,0.0,2022-11-19 12:33:39,{'user': 'alex', 'node': 'v100', 'debug': False, 'size': 10000, 'subsort': 'mp', 'sort': 'mpi', 'c': 2, 'p': 4},None,c33,haiyang,Linux,#1 SMP Tue Jul 26 14:15:37 UTC 2022


+---------------------------------+--------------------------------------------------------------+
| Attribute                       | Value                                                        |
|---------------------------------+--------------------------------------------------------------|
| ANSI_COLOR                      | "0;31"                                                       |
| BUG_REPORT_URL                  | "https://bugzilla.redhat.com/"                               |
| CPE_NAME                        | "cpe:/o:redhat:enterprise_linux:7.9:GA:server"               |
| HOME_URL                        | "https://www.redhat.com/"                                    |
| ID                              | "rhel"                                                       |
| ID_LIKE                         | "fedora"                                                     |
| NAME                            | "Red Hat Enterprise Linux Server"                            |
| PRETTY_NAME                     | "Red Hat Enterprise Linux Server 7.9 (Maipo)"                |
| REDHAT_BUGZILLA_PRODUCT         | "Red Hat Enterprise Linux 7"                                 |
| REDHAT_BUGZILLA_PRODUCT_VERSION | 7.9                                                          |
| REDHAT_SUPPORT_PRODUCT          | "Red Hat Enterprise Linux"                                   |
| REDHAT_SUPPORT_PRODUCT_VERSION  | "7.9"                                                        |
| VARIANT                         | "Server"                                                     |
| VARIANT_ID                      | "server"                                                     |
| VERSION                         | "7.9 (Maipo)"                                                |
| VERSION_ID                      | "7.9"                                                        |
| cpu                             | Intel(R) Xeon(R) CPU E5-2680 v3 @ 2.50GHz                    |
| cpu_cores                       | 24                                                           |
| cpu_count                       | 24                                                           |
| cpu_threads                     | 24                                                           |
| date                            | 2022-11-19 12:33:42.692474                                   |
| frequency                       | scpufreq(current=1.9742916666666661, min=1200.0, max=3300.0) |
| mem.active                      | 73.2 GiB                                                     |
| mem.available                   | 160.0 GiB                                                    |
| mem.free                        | 124.5 GiB                                                    |
| mem.inactive                    | 36.3 GiB                                                     |
| mem.percent                     | 36.3 %                                                       |
| mem.total                       | 251.1 GiB                                                    |
| mem.used                        | 84.1 GiB                                                     |
| platform.version                | #1 SMP Tue Jul 26 14:15:37 UTC 2022                          |
| python                          | 3.9.8 (main, Feb  8 2022, 08:35:13)                          |
|                                 | [GCC 6.3.0]                                                  |
| python.pip                      | 22.2.2                                                       |
| python.version                  | 3.9.8                                                        |
| sys.platform                    | linux                                                        |
| uname.machine                   | x86_64                                                       |
| uname.node                      | c33                                                          |
| uname.processor                 | x86_64                                                       |
| uname.release                   | 3.10.0-1160.76.1.el7.x86_64                                  |
| uname.system                    | Linux                                                        |
| uname.version                   | #1 SMP Tue Jul 26 14:15:37 UTC 2022                          |
| user                            | haiyang                                                      |
+---------------------------------+--------------------------------------------------------------+

+---------------+----------+--------+-------+---------------------+-----------------------------------------------------------------------------------------------------------------+-------+--------+---------+-------+-------------------------------------+
| Name          | Status   |   Time |   Sum | Start               | tag                                                                                                             | msg   | Node   | User    | OS    | Version                             |
|---------------+----------+--------+-------+---------------------+-----------------------------------------------------------------------------------------------------------------+-------+--------+---------+-------+-------------------------------------|
| mpi-mergesort | ok       |  0.072 | 0.072 | 2022-11-19 12:33:42 | {'user': 'alex', 'node': 'v100', 'debug': False, 'size': 10000, 'subsort': 'mp', 'sort': 'mpi', 'c': 2, 'p': 4} |       | c33    | haiyang | Linux | #1 SMP Tue Jul 26 14:15:37 UTC 2022 |
| mpi-generate  | ok       |  0     | 0     | 2022-11-19 12:33:42 | {'user': 'alex', 'node': 'v100', 'debug': False, 'size': 10000, 'subsort': 'mp', 'sort': 'mpi', 'c': 2, 'p': 4} |       | c33    | haiyang | Linux | #1 SMP Tue Jul 26 14:15:37 UTC 2022 |
+---------------+----------+--------+-------+---------------------+-----------------------------------------------------------------------------------------------------------------+-------+--------+---------+-------+-------------------------------------+
# csv,timer,status,time,sum,start,tag,msg,uname.node,user,uname.system,platform.version
# csv,mpi-mergesort,ok,0.072,0.072,2022-11-19 12:33:42,{'user': 'alex', 'node': 'v100', 'debug': False, 'size': 10000, 'subsort': 'mp', 'sort': 'mpi', 'c': 2, 'p': 4},None,c33,haiyang,Linux,#1 SMP Tue Jul 26 14:15:37 UTC 2022
# csv,mpi-generate,ok,0.0,0.0,2022-11-19 12:33:42,{'user': 'alex', 'node': 'v100', 'debug': False, 'size': 10000, 'subsort': 'mp', 'sort': 'mpi', 'c': 2, 'p': 4},None,c33,haiyang,Linux,#1 SMP Tue Jul 26 14:15:37 UTC 2022


+---------------------------------+---------------------------------------------------+
| Attribute                       | Value                                             |
|---------------------------------+---------------------------------------------------|
| ANSI_COLOR                      | "0;31"                                            |
| BUG_REPORT_URL                  | "https://bugzilla.redhat.com/"                    |
| CPE_NAME                        | "cpe:/o:redhat:enterprise_linux:7.9:GA:server"    |
| HOME_URL                        | "https://www.redhat.com/"                         |
| ID                              | "rhel"                                            |
| ID_LIKE                         | "fedora"                                          |
| NAME                            | "Red Hat Enterprise Linux Server"                 |
| PRETTY_NAME                     | "Red Hat Enterprise Linux Server 7.9 (Maipo)"     |
| REDHAT_BUGZILLA_PRODUCT         | "Red Hat Enterprise Linux 7"                      |
| REDHAT_BUGZILLA_PRODUCT_VERSION | 7.9                                               |
| REDHAT_SUPPORT_PRODUCT          | "Red Hat Enterprise Linux"                        |
| REDHAT_SUPPORT_PRODUCT_VERSION  | "7.9"                                             |
| VARIANT                         | "Server"                                          |
| VARIANT_ID                      | "server"                                          |
| VERSION                         | "7.9 (Maipo)"                                     |
| VERSION_ID                      | "7.9"                                             |
| cpu                             | Intel(R) Xeon(R) CPU E5-2680 v3 @ 2.50GHz         |
| cpu_cores                       | 24                                                |
| cpu_count                       | 24                                                |
| cpu_threads                     | 24                                                |
| date                            | 2022-11-19 12:33:45.828804                        |
| frequency                       | scpufreq(current=1.75425, min=1200.0, max=3300.0) |
| mem.active                      | 73.2 GiB                                          |
| mem.available                   | 160.1 GiB                                         |
| mem.free                        | 124.4 GiB                                         |
| mem.inactive                    | 36.4 GiB                                          |
| mem.percent                     | 36.2 %                                            |
| mem.total                       | 251.1 GiB                                         |
| mem.used                        | 84.0 GiB                                          |
| platform.version                | #1 SMP Tue Jul 26 14:15:37 UTC 2022               |
| python                          | 3.9.8 (main, Feb  8 2022, 08:35:13)               |
|                                 | [GCC 6.3.0]                                       |
| python.pip                      | 22.2.2                                            |
| python.version                  | 3.9.8                                             |
| sys.platform                    | linux                                             |
| uname.machine                   | x86_64                                            |
| uname.node                      | c33                                               |
| uname.processor                 | x86_64                                            |
| uname.release                   | 3.10.0-1160.76.1.el7.x86_64                       |
| uname.system                    | Linux                                             |
| uname.version                   | #1 SMP Tue Jul 26 14:15:37 UTC 2022               |
| user                            | haiyang                                           |
+---------------------------------+---------------------------------------------------+

+---------------+----------+--------+-------+---------------------+-----------------------------------------------------------------------------------------------------------------+-------+--------+---------+-------+-------------------------------------+
| Name          | Status   |   Time |   Sum | Start               | tag                                                                                                             | msg   | Node   | User    | OS    | Version                             |
|---------------+----------+--------+-------+---------------------+-----------------------------------------------------------------------------------------------------------------+-------+--------+---------+-------+-------------------------------------|
| mpi-mergesort | ok       |  0.313 | 0.313 | 2022-11-19 12:33:45 | {'user': 'alex', 'node': 'v100', 'debug': False, 'size': 10000, 'subsort': 'mp', 'sort': 'mpi', 'c': 2, 'p': 4} |       | c33    | haiyang | Linux | #1 SMP Tue Jul 26 14:15:37 UTC 2022 |
| mpi-generate  | ok       |  0     | 0     | 2022-11-19 12:33:45 | {'user': 'alex', 'node': 'v100', 'debug': False, 'size': 10000, 'subsort': 'mp', 'sort': 'mpi', 'c': 2, 'p': 4} |       | c33    | haiyang | Linux | #1 SMP Tue Jul 26 14:15:37 UTC 2022 |
+---------------+----------+--------+-------+---------------------+-----------------------------------------------------------------------------------------------------------------+-------+--------+---------+-------+-------------------------------------+
# csv,timer,status,time,sum,start,tag,msg,uname.node,user,uname.system,platform.version
# csv,mpi-mergesort,ok,0.313,0.313,2022-11-19 12:33:45,{'user': 'alex', 'node': 'v100', 'debug': False, 'size': 10000, 'subsort': 'mp', 'sort': 'mpi', 'c': 2, 'p': 4},None,c33,haiyang,Linux,#1 SMP Tue Jul 26 14:15:37 UTC 2022
# csv,mpi-generate,ok,0.0,0.0,2022-11-19 12:33:45,{'user': 'alex', 'node': 'v100', 'debug': False, 'size': 10000, 'subsort': 'mp', 'sort': 'mpi', 'c': 2, 'p': 4},None,c33,haiyang,Linux,#1 SMP Tue Jul 26 14:15:37 UTC 2022


+---------------------------------+--------------------------------------------------------------+
| Attribute                       | Value                                                        |
|---------------------------------+--------------------------------------------------------------|
| ANSI_COLOR                      | "0;31"                                                       |
| BUG_REPORT_URL                  | "https://bugzilla.redhat.com/"                               |
| CPE_NAME                        | "cpe:/o:redhat:enterprise_linux:7.9:GA:server"               |
| HOME_URL                        | "https://www.redhat.com/"                                    |
| ID                              | "rhel"                                                       |
| ID_LIKE                         | "fedora"                                                     |
| NAME                            | "Red Hat Enterprise Linux Server"                            |
| PRETTY_NAME                     | "Red Hat Enterprise Linux Server 7.9 (Maipo)"                |
| REDHAT_BUGZILLA_PRODUCT         | "Red Hat Enterprise Linux 7"                                 |
| REDHAT_BUGZILLA_PRODUCT_VERSION | 7.9                                                          |
| REDHAT_SUPPORT_PRODUCT          | "Red Hat Enterprise Linux"                                   |
| REDHAT_SUPPORT_PRODUCT_VERSION  | "7.9"                                                        |
| VARIANT                         | "Server"                                                     |
| VARIANT_ID                      | "server"                                                     |
| VERSION                         | "7.9 (Maipo)"                                                |
| VERSION_ID                      | "7.9"                                                        |
| cpu                             | Intel(R) Xeon(R) CPU E5-2680 v3 @ 2.50GHz                    |
| cpu_cores                       | 24                                                           |
| cpu_count                       | 24                                                           |
| cpu_threads                     | 24                                                           |
| date                            | 2022-11-19 12:33:48.580477                                   |
| frequency                       | scpufreq(current=1.8534999999999995, min=1200.0, max=3300.0) |
| mem.active                      | 73.0 GiB                                                     |
| mem.available                   | 160.1 GiB                                                    |
| mem.free                        | 124.4 GiB                                                    |
| mem.inactive                    | 36.6 GiB                                                     |
| mem.percent                     | 36.2 %                                                       |
| mem.total                       | 251.1 GiB                                                    |
| mem.used                        | 84.0 GiB                                                     |
| platform.version                | #1 SMP Tue Jul 26 14:15:37 UTC 2022                          |
| python                          | 3.9.8 (main, Feb  8 2022, 08:35:13)                          |
|                                 | [GCC 6.3.0]                                                  |
| python.pip                      | 22.2.2                                                       |
| python.version                  | 3.9.8                                                        |
| sys.platform                    | linux                                                        |
| uname.machine                   | x86_64                                                       |
| uname.node                      | c33                                                          |
| uname.processor                 | x86_64                                                       |
| uname.release                   | 3.10.0-1160.76.1.el7.x86_64                                  |
| uname.system                    | Linux                                                        |
| uname.version                   | #1 SMP Tue Jul 26 14:15:37 UTC 2022                          |
| user                            | haiyang                                                      |
+---------------------------------+--------------------------------------------------------------+

+---------------+----------+--------+-------+---------------------+-----------------------------------------------------------------------------------------------------------------+-------+--------+---------+-------+-------------------------------------+
| Name          | Status   |   Time |   Sum | Start               | tag                                                                                                             | msg   | Node   | User    | OS    | Version                             |
|---------------+----------+--------+-------+---------------------+-----------------------------------------------------------------------------------------------------------------+-------+--------+---------+-------+-------------------------------------|
| mpi-mergesort | ok       |   0.08 |  0.08 | 2022-11-19 12:33:48 | {'user': 'alex', 'node': 'v100', 'debug': False, 'size': 10000, 'subsort': 'mp', 'sort': 'mpi', 'c': 2, 'p': 4} |       | c33    | haiyang | Linux | #1 SMP Tue Jul 26 14:15:37 UTC 2022 |
| mpi-generate  | ok       |   0    |  0    | 2022-11-19 12:33:48 | {'user': 'alex', 'node': 'v100', 'debug': False, 'size': 10000, 'subsort': 'mp', 'sort': 'mpi', 'c': 2, 'p': 4} |       | c33    | haiyang | Linux | #1 SMP Tue Jul 26 14:15:37 UTC 2022 |
+---------------+----------+--------+-------+---------------------+-----------------------------------------------------------------------------------------------------------------+-------+--------+---------+-------+-------------------------------------+
# csv,timer,status,time,sum,start,tag,msg,uname.node,user,uname.system,platform.version
# csv,mpi-mergesort,ok,0.08,0.08,2022-11-19 12:33:48,{'user': 'alex', 'node': 'v100', 'debug': False, 'size': 10000, 'subsort': 'mp', 'sort': 'mpi', 'c': 2, 'p': 4},None,c33,haiyang,Linux,#1 SMP Tue Jul 26 14:15:37 UTC 2022
# csv,mpi-generate,ok,0.0,0.0,2022-11-19 12:33:48,{'user': 'alex', 'node': 'v100', 'debug': False, 'size': 10000, 'subsort': 'mp', 'sort': 'mpi', 'c': 2, 'p': 4},None,c33,haiyang,Linux,#1 SMP Tue Jul 26 14:15:37 UTC 2022


+---------------------------------+----------------------------------------------------+
| Attribute                       | Value                                              |
|---------------------------------+----------------------------------------------------|
| ANSI_COLOR                      | "0;31"                                             |
| BUG_REPORT_URL                  | "https://bugzilla.redhat.com/"                     |
| CPE_NAME                        | "cpe:/o:redhat:enterprise_linux:7.9:GA:server"     |
| HOME_URL                        | "https://www.redhat.com/"                          |
| ID                              | "rhel"                                             |
| ID_LIKE                         | "fedora"                                           |
| NAME                            | "Red Hat Enterprise Linux Server"                  |
| PRETTY_NAME                     | "Red Hat Enterprise Linux Server 7.9 (Maipo)"      |
| REDHAT_BUGZILLA_PRODUCT         | "Red Hat Enterprise Linux 7"                       |
| REDHAT_BUGZILLA_PRODUCT_VERSION | 7.9                                                |
| REDHAT_SUPPORT_PRODUCT          | "Red Hat Enterprise Linux"                         |
| REDHAT_SUPPORT_PRODUCT_VERSION  | "7.9"                                              |
| VARIANT                         | "Server"                                           |
| VARIANT_ID                      | "server"                                           |
| VERSION                         | "7.9 (Maipo)"                                      |
| VERSION_ID                      | "7.9"                                              |
| cpu                             | Intel(R) Xeon(R) CPU E5-2680 v3 @ 2.50GHz          |
| cpu_cores                       | 24                                                 |
| cpu_count                       | 24                                                 |
| cpu_threads                     | 24                                                 |
| date                            | 2022-11-19 12:33:51.399755                         |
| frequency                       | scpufreq(current=1.874125, min=1200.0, max=3300.0) |
| mem.active                      | 73.3 GiB                                           |
| mem.available                   | 159.9 GiB                                          |
| mem.free                        | 124.1 GiB                                          |
| mem.inactive                    | 36.6 GiB                                           |
| mem.percent                     | 36.3 %                                             |
| mem.total                       | 251.1 GiB                                          |
| mem.used                        | 84.2 GiB                                           |
| platform.version                | #1 SMP Tue Jul 26 14:15:37 UTC 2022                |
| python                          | 3.9.8 (main, Feb  8 2022, 08:35:13)                |
|                                 | [GCC 6.3.0]                                        |
| python.pip                      | 22.2.2                                             |
| python.version                  | 3.9.8                                              |
| sys.platform                    | linux                                              |
| uname.machine                   | x86_64                                             |
| uname.node                      | c33                                                |
| uname.processor                 | x86_64                                             |
| uname.release                   | 3.10.0-1160.76.1.el7.x86_64                        |
| uname.system                    | Linux                                              |
| uname.version                   | #1 SMP Tue Jul 26 14:15:37 UTC 2022                |
| user                            | haiyang                                            |
+---------------------------------+----------------------------------------------------+

+---------------+----------+--------+-------+---------------------+-----------------------------------------------------------------------------------------------------------------+-------+--------+---------+-------+-------------------------------------+
| Name          | Status   |   Time |   Sum | Start               | tag                                                                                                             | msg   | Node   | User    | OS    | Version                             |
|---------------+----------+--------+-------+---------------------+-----------------------------------------------------------------------------------------------------------------+-------+--------+---------+-------+-------------------------------------|
| mpi-mergesort | ok       |  0.083 | 0.083 | 2022-11-19 12:33:51 | {'user': 'alex', 'node': 'v100', 'debug': False, 'size': 10000, 'subsort': 'mp', 'sort': 'mpi', 'c': 2, 'p': 4} |       | c33    | haiyang | Linux | #1 SMP Tue Jul 26 14:15:37 UTC 2022 |
| mpi-generate  | ok       |  0     | 0     | 2022-11-19 12:33:51 | {'user': 'alex', 'node': 'v100', 'debug': False, 'size': 10000, 'subsort': 'mp', 'sort': 'mpi', 'c': 2, 'p': 4} |       | c33    | haiyang | Linux | #1 SMP Tue Jul 26 14:15:37 UTC 2022 |
+---------------+----------+--------+-------+---------------------+-----------------------------------------------------------------------------------------------------------------+-------+--------+---------+-------+-------------------------------------+
# csv,timer,status,time,sum,start,tag,msg,uname.node,user,uname.system,platform.version
# csv,mpi-mergesort,ok,0.083,0.083,2022-11-19 12:33:51,{'user': 'alex', 'node': 'v100', 'debug': False, 'size': 10000, 'subsort': 'mp', 'sort': 'mpi', 'c': 2, 'p': 4},None,c33,haiyang,Linux,#1 SMP Tue Jul 26 14:15:37 UTC 2022
# csv,mpi-generate,ok,0.0,0.0,2022-11-19 12:33:51,{'user': 'alex', 'node': 'v100', 'debug': False, 'size': 10000, 'subsort': 'mp', 'sort': 'mpi', 'c': 2, 'p': 4},None,c33,haiyang,Linux,#1 SMP Tue Jul 26 14:15:37 UTC 2022


+---------------------------------+--------------------------------------------------------------+
| Attribute                       | Value                                                        |
|---------------------------------+--------------------------------------------------------------|
| ANSI_COLOR                      | "0;31"                                                       |
| BUG_REPORT_URL                  | "https://bugzilla.redhat.com/"                               |
| CPE_NAME                        | "cpe:/o:redhat:enterprise_linux:7.9:GA:server"               |
| HOME_URL                        | "https://www.redhat.com/"                                    |
| ID                              | "rhel"                                                       |
| ID_LIKE                         | "fedora"                                                     |
| NAME                            | "Red Hat Enterprise Linux Server"                            |
| PRETTY_NAME                     | "Red Hat Enterprise Linux Server 7.9 (Maipo)"                |
| REDHAT_BUGZILLA_PRODUCT         | "Red Hat Enterprise Linux 7"                                 |
| REDHAT_BUGZILLA_PRODUCT_VERSION | 7.9                                                          |
| REDHAT_SUPPORT_PRODUCT          | "Red Hat Enterprise Linux"                                   |
| REDHAT_SUPPORT_PRODUCT_VERSION  | "7.9"                                                        |
| VARIANT                         | "Server"                                                     |
| VARIANT_ID                      | "server"                                                     |
| VERSION                         | "7.9 (Maipo)"                                                |
| VERSION_ID                      | "7.9"                                                        |
| cpu                             | Intel(R) Xeon(R) CPU E5-2680 v3 @ 2.50GHz                    |
| cpu_cores                       | 24                                                           |
| cpu_count                       | 24                                                           |
| cpu_threads                     | 24                                                           |
| date                            | 2022-11-19 12:33:54.158441                                   |
| frequency                       | scpufreq(current=1.8129583333333337, min=1200.0, max=3300.0) |
| mem.active                      | 73.0 GiB                                                     |
| mem.available                   | 160.1 GiB                                                    |
| mem.free                        | 124.1 GiB                                                    |
| mem.inactive                    | 36.8 GiB                                                     |
| mem.percent                     | 36.2 %                                                       |
| mem.total                       | 251.1 GiB                                                    |
| mem.used                        | 84.0 GiB                                                     |
| platform.version                | #1 SMP Tue Jul 26 14:15:37 UTC 2022                          |
| python                          | 3.9.8 (main, Feb  8 2022, 08:35:13)                          |
|                                 | [GCC 6.3.0]                                                  |
| python.pip                      | 22.2.2                                                       |
| python.version                  | 3.9.8                                                        |
| sys.platform                    | linux                                                        |
| uname.machine                   | x86_64                                                       |
| uname.node                      | c33                                                          |
| uname.processor                 | x86_64                                                       |
| uname.release                   | 3.10.0-1160.76.1.el7.x86_64                                  |
| uname.system                    | Linux                                                        |
| uname.version                   | #1 SMP Tue Jul 26 14:15:37 UTC 2022                          |
| user                            | haiyang                                                      |
+---------------------------------+--------------------------------------------------------------+

+---------------+----------+--------+-------+---------------------+-----------------------------------------------------------------------------------------------------------------+-------+--------+---------+-------+-------------------------------------+
| Name          | Status   |   Time |   Sum | Start               | tag                                                                                                             | msg   | Node   | User    | OS    | Version                             |
|---------------+----------+--------+-------+---------------------+-----------------------------------------------------------------------------------------------------------------+-------+--------+---------+-------+-------------------------------------|
| mpi-mergesort | ok       |  0.071 | 0.071 | 2022-11-19 12:33:54 | {'user': 'alex', 'node': 'v100', 'debug': False, 'size': 10000, 'subsort': 'mp', 'sort': 'mpi', 'c': 2, 'p': 4} |       | c33    | haiyang | Linux | #1 SMP Tue Jul 26 14:15:37 UTC 2022 |
| mpi-generate  | ok       |  0     | 0     | 2022-11-19 12:33:54 | {'user': 'alex', 'node': 'v100', 'debug': False, 'size': 10000, 'subsort': 'mp', 'sort': 'mpi', 'c': 2, 'p': 4} |       | c33    | haiyang | Linux | #1 SMP Tue Jul 26 14:15:37 UTC 2022 |
+---------------+----------+--------+-------+---------------------+-----------------------------------------------------------------------------------------------------------------+-------+--------+---------+-------+-------------------------------------+
# csv,timer,status,time,sum,start,tag,msg,uname.node,user,uname.system,platform.version
# csv,mpi-mergesort,ok,0.071,0.071,2022-11-19 12:33:54,{'user': 'alex', 'node': 'v100', 'debug': False, 'size': 10000, 'subsort': 'mp', 'sort': 'mpi', 'c': 2, 'p': 4},None,c33,haiyang,Linux,#1 SMP Tue Jul 26 14:15:37 UTC 2022
# csv,mpi-generate,ok,0.0,0.0,2022-11-19 12:33:54,{'user': 'alex', 'node': 'v100', 'debug': False, 'size': 10000, 'subsort': 'mp', 'sort': 'mpi', 'c': 2, 'p': 4},None,c33,haiyang,Linux,#1 SMP Tue Jul 26 14:15:37 UTC 2022

