Starting experiment
Processes: 4
Cores:     2
Size:      50000
Repeat:    10
Debug:     False
Sort:      MPI
Algorithm: mp
Tag:       None
Total:     10
Experiment 9         : size=50000 processes=4 cores=2 repeat=0 last_time=undefined                     
Experiment 8         : size=50000 processes=4 cores=2 repeat=1 last_time=undefined                     
Experiment 7         : size=50000 processes=4 cores=2 repeat=2 last_time=undefined                     
Experiment 6         : size=50000 processes=4 cores=2 repeat=3 last_time=undefined                     
Experiment 5         : size=50000 processes=4 cores=2 repeat=4 last_time=undefined                     
Experiment 4         : size=50000 processes=4 cores=2 repeat=5 last_time=undefined                     
Experiment 3         : size=50000 processes=4 cores=2 repeat=6 last_time=undefined                     
Experiment 2         : size=50000 processes=4 cores=2 repeat=7 last_time=undefined                     
Experiment 1         : size=50000 processes=4 cores=2 repeat=8 last_time=undefined                     
Experiment 0         : size=50000 processes=4 cores=2 repeat=9 last_time=undefined                     
 Enterprise Linux Server"                            |
| PRETTY_NAME                     | "Red Hat Enterprise Linux Server 7.9 (Maipo)"                |
| REDHAT_BUGZILLA_PRODUCT         | "Red Hat Enterprise Linux 7"                                 |
| REDHAT_BUGZILLA_PRODUCT_VERSION | 7.9                                                          |
| REDHAT_SUPPORT_PRODUCT          | "Red Hat Enterprise Linux"                                   |
| REDHAT_SUPPORT_PRODUCT_VERSION  | "7.9"                                                        |
| VARIANT                         | "Server"                                                     |
| VARIANT_ID                      | "server"                                                     |
| VERSION                         | "7.9 (Maipo)"                                                |
| VERSION_ID                      | "7.9"                                                        |
| cpu                             | Intel(R) Xeon(R) CPU E5-2680 v3 @ 2.50GHz                    |
| cpu_cores                       | 24                                                           |
| cpu_count                       | 24                                                           |
| cpu_threads                     | 24                                                           |
| date                            | 2022-11-19 12:34:01.006319                                   |
| frequency                       | scpufreq(current=1.7916249999999998, min=1200.0, max=3300.0) |
| mem.active                      | 73.1 GiB                                                     |
| mem.available                   | 160.0 GiB                                                    |
| mem.free                        | 123.8 GiB                                                    |
| mem.inactive                    | 37.0 GiB                                                     |
| mem.percent                     | 36.3 %                                                       |
| mem.total                       | 251.1 GiB                                                    |
| mem.used                        | 84.1 GiB                                                     |
| platform.version                | #1 SMP Tue Jul 26 14:15:37 UTC 2022                          |
| python                          | 3.9.8 (main, Feb  8 2022, 08:35:13)                          |
|                                 | [GCC 6.3.0]                                                  |
| python.pip                      | 22.2.2                                                       |
| python.version                  | 3.9.8                                                        |
| sys.platform                    | linux                                                        |
| uname.machine                   | x86_64                                                       |
| uname.node                      | c33                                                          |
| uname.processor                 | x86_64                                                       |
| uname.release                   | 3.10.0-1160.76.1.el7.x86_64                                  |
| uname.system                    | Linux                                                        |
| uname.version                   | #1 SMP Tue Jul 26 14:15:37 UTC 2022                          |
| user                            | haiyang                                                      |
+---------------------------------+--------------------------------------------------------------+

+---------------+----------+--------+-------+---------------------+-----------------------------------------------------------------------------------------------------------------+-------+--------+---------+-------+-------------------------------------+
| Name          | Status   |   Time |   Sum | Start               | tag                                                                                                             | msg   | Node   | User    | OS    | Version                             |
|---------------+----------+--------+-------+---------------------+-----------------------------------------------------------------------------------------------------------------+-------+--------+---------+-------+-------------------------------------|
| mpi-mergesort | ok       |  0.173 | 0.173 | 2022-11-19 12:34:00 | {'user': 'alex', 'node': 'v100', 'debug': False, 'size': 50000, 'subsort': 'mp', 'sort': 'mpi', 'c': 2, 'p': 4} |       | c33    | haiyang | Linux | #1 SMP Tue Jul 26 14:15:37 UTC 2022 |
| mpi-generate  | ok       |  0.001 | 0.001 | 2022-11-19 12:34:00 | {'user': 'alex', 'node': 'v100', 'debug': False, 'size': 50000, 'subsort': 'mp', 'sort': 'mpi', 'c': 2, 'p': 4} |       | c33    | haiyang | Linux | #1 SMP Tue Jul 26 14:15:37 UTC 2022 |
+---------------+----------+--------+-------+---------------------+-----------------------------------------------------------------------------------------------------------------+-------+--------+---------+-------+-------------------------------------+
# csv,timer,status,time,sum,start,tag,msg,uname.node,user,uname.system,platform.version
# csv,mpi-mergesort,ok,0.173,0.173,2022-11-19 12:34:00,{'user': 'alex', 'node': 'v100', 'debug': False, 'size': 50000, 'subsort': 'mp', 'sort': 'mpi', 'c': 2, 'p': 4},None,c33,haiyang,Linux,#1 SMP Tue Jul 26 14:15:37 UTC 2022
# csv,mpi-generate,ok,0.001,0.001,2022-11-19 12:34:00,{'user': 'alex', 'node': 'v100', 'debug': False, 'size': 50000, 'subsort': 'mp', 'sort': 'mpi', 'c': 2, 'p': 4},None,c33,haiyang,Linux,#1 SMP Tue Jul 26 14:15:37 UTC 2022


+---------------------------------+--------------------------------------------------------------+
| Attribute                       | Value                                                        |
|---------------------------------+--------------------------------------------------------------|
| ANSI_COLOR                      | "0;31"                                                       |
| BUG_REPORT_URL                  | "https://bugzilla.redhat.com/"                               |
| CPE_NAME                        | "cpe:/o:redhat:enterprise_linux:7.9:GA:server"               |
| HOME_URL                        | "https://www.redhat.com/"                                    |
| ID                              | "rhel"                                                       |
| ID_LIKE                         | "fedora"                                                     |
| NAME                            | "Red Hat Enterprise Linux Server"                            |
| PRETTY_NAME                     | "Red Hat Enterprise Linux Server 7.9 (Maipo)"                |
| REDHAT_BUGZILLA_PRODUCT         | "Red Hat Enterprise Linux 7"                                 |
| REDHAT_BUGZILLA_PRODUCT_VERSION | 7.9                                                          |
| REDHAT_SUPPORT_PRODUCT          | "Red Hat Enterprise Linux"                                   |
| REDHAT_SUPPORT_PRODUCT_VERSION  | "7.9"                                                        |
| VARIANT                         | "Server"                                                     |
| VARIANT_ID                      | "server"                                                     |
| VERSION                         | "7.9 (Maipo)"                                                |
| VERSION_ID                      | "7.9"                                                        |
| cpu                             | Intel(R) Xeon(R) CPU E5-2680 v3 @ 2.50GHz                    |
| cpu_cores                       | 24                                                           |
| cpu_count                       | 24                                                           |
| cpu_threads                     | 24                                                           |
| date                            | 2022-11-19 12:34:03.927013                                   |
| frequency                       | scpufreq(current=1.7781249999999993, min=1200.0, max=3300.0) |
| mem.active                      | 73.3 GiB                                                     |
| mem.available                   | 159.8 GiB                                                    |
| mem.free                        | 123.5 GiB                                                    |
| mem.inactive                    | 37.0 GiB                                                     |
| mem.percent                     | 36.3 %                                                       |
| mem.total                       | 251.1 GiB                                                    |
| mem.used                        | 84.3 GiB                                                     |
| platform.version                | #1 SMP Tue Jul 26 14:15:37 UTC 2022                          |
| python                          | 3.9.8 (main, Feb  8 2022, 08:35:13)                          |
|                                 | [GCC 6.3.0]                                                  |
| python.pip                      | 22.2.2                                                       |
| python.version                  | 3.9.8                                                        |
| sys.platform                    | linux                                                        |
| uname.machine                   | x86_64                                                       |
| uname.node                      | c33                                                          |
| uname.processor                 | x86_64                                                       |
| uname.release                   | 3.10.0-1160.76.1.el7.x86_64                                  |
| uname.system                    | Linux                                                        |
| uname.version                   | #1 SMP Tue Jul 26 14:15:37 UTC 2022                          |
| user                            | haiyang                                                      |
+---------------------------------+--------------------------------------------------------------+

+---------------+----------+--------+-------+---------------------+-----------------------------------------------------------------------------------------------------------------+-------+--------+---------+-------+-------------------------------------+
| Name          | Status   |   Time |   Sum | Start               | tag                                                                                                             | msg   | Node   | User    | OS    | Version                             |
|---------------+----------+--------+-------+---------------------+-----------------------------------------------------------------------------------------------------------------+-------+--------+---------+-------+-------------------------------------|
| mpi-mergesort | ok       |  0.141 | 0.141 | 2022-11-19 12:34:03 | {'user': 'alex', 'node': 'v100', 'debug': False, 'size': 50000, 'subsort': 'mp', 'sort': 'mpi', 'c': 2, 'p': 4} |       | c33    | haiyang | Linux | #1 SMP Tue Jul 26 14:15:37 UTC 2022 |
| mpi-generate  | ok       |  0.001 | 0.001 | 2022-11-19 12:34:03 | {'user': 'alex', 'node': 'v100', 'debug': False, 'size': 50000, 'subsort': 'mp', 'sort': 'mpi', 'c': 2, 'p': 4} |       | c33    | haiyang | Linux | #1 SMP Tue Jul 26 14:15:37 UTC 2022 |
+---------------+----------+--------+-------+---------------------+-----------------------------------------------------------------------------------------------------------------+-------+--------+---------+-------+-------------------------------------+
# csv,timer,status,time,sum,start,tag,msg,uname.node,user,uname.system,platform.version
# csv,mpi-mergesort,ok,0.141,0.141,2022-11-19 12:34:03,{'user': 'alex', 'node': 'v100', 'debug': False, 'size': 50000, 'subsort': 'mp', 'sort': 'mpi', 'c': 2, 'p': 4},None,c33,haiyang,Linux,#1 SMP Tue Jul 26 14:15:37 UTC 2022
# csv,mpi-generate,ok,0.001,0.001,2022-11-19 12:34:03,{'user': 'alex', 'node': 'v100', 'debug': False, 'size': 50000, 'subsort': 'mp', 'sort': 'mpi', 'c': 2, 'p': 4},None,c33,haiyang,Linux,#1 SMP Tue Jul 26 14:15:37 UTC 2022


+---------------------------------+--------------------------------------------------------------+
| Attribute                       | Value                                                        |
|---------------------------------+--------------------------------------------------------------|
| ANSI_COLOR                      | "0;31"                                                       |
| BUG_REPORT_URL                  | "https://bugzilla.redhat.com/"                               |
| CPE_NAME                        | "cpe:/o:redhat:enterprise_linux:7.9:GA:server"               |
| HOME_URL                        | "https://www.redhat.com/"                                    |
| ID                              | "rhel"                                                       |
| ID_LIKE                         | "fedora"                                                     |
| NAME                            | "Red Hat Enterprise Linux Server"                            |
| PRETTY_NAME                     | "Red Hat Enterprise Linux Server 7.9 (Maipo)"                |
| REDHAT_BUGZILLA_PRODUCT         | "Red Hat Enterprise Linux 7"                                 |
| REDHAT_BUGZILLA_PRODUCT_VERSION | 7.9                                                          |
| REDHAT_SUPPORT_PRODUCT          | "Red Hat Enterprise Linux"                                   |
| REDHAT_SUPPORT_PRODUCT_VERSION  | "7.9"                                                        |
| VARIANT                         | "Server"                                                     |
| VARIANT_ID                      | "server"                                                     |
| VERSION                         | "7.9 (Maipo)"                                                |
| VERSION_ID                      | "7.9"                                                        |
| cpu                             | Intel(R) Xeon(R) CPU E5-2680 v3 @ 2.50GHz                    |
| cpu_cores                       | 24                                                           |
| cpu_count                       | 24                                                           |
| cpu_threads                     | 24                                                           |
| date                            | 2022-11-19 12:34:06.828968                                   |
| frequency                       | scpufreq(current=1.7955416666666661, min=1200.0, max=3300.0) |
| mem.active                      | 73.3 GiB                                                     |
| mem.available                   | 159.8 GiB                                                    |
| mem.free                        | 123.4 GiB                                                    |
| mem.inactive                    | 37.1 GiB                                                     |
| mem.percent                     | 36.4 %                                                       |
| mem.total                       | 251.1 GiB                                                    |
| mem.used                        | 84.3 GiB                                                     |
| platform.version                | #1 SMP Tue Jul 26 14:15:37 UTC 2022                          |
| python                          | 3.9.8 (main, Feb  8 2022, 08:35:13)                          |
|                                 | [GCC 6.3.0]                                                  |
| python.pip                      | 22.2.2                                                       |
| python.version                  | 3.9.8                                                        |
| sys.platform                    | linux                                                        |
| uname.machine                   | x86_64                                                       |
| uname.node                      | c33                                                          |
| uname.processor                 | x86_64                                                       |
| uname.release                   | 3.10.0-1160.76.1.el7.x86_64                                  |
| uname.system                    | Linux                                                        |
| uname.version                   | #1 SMP Tue Jul 26 14:15:37 UTC 2022                          |
| user                            | haiyang                                                      |
+---------------------------------+--------------------------------------------------------------+

+---------------+----------+--------+-------+---------------------+-----------------------------------------------------------------------------------------------------------------+-------+--------+---------+-------+-------------------------------------+
| Name          | Status   |   Time |   Sum | Start               | tag                                                                                                             | msg   | Node   | User    | OS    | Version                             |
|---------------+----------+--------+-------+---------------------+-----------------------------------------------------------------------------------------------------------------+-------+--------+---------+-------+-------------------------------------|
| mpi-mergesort | ok       |  0.175 | 0.175 | 2022-11-19 12:34:06 | {'user': 'alex', 'node': 'v100', 'debug': False, 'size': 50000, 'subsort': 'mp', 'sort': 'mpi', 'c': 2, 'p': 4} |       | c33    | haiyang | Linux | #1 SMP Tue Jul 26 14:15:37 UTC 2022 |
| mpi-generate  | ok       |  0.001 | 0.001 | 2022-11-19 12:34:06 | {'user': 'alex', 'node': 'v100', 'debug': False, 'size': 50000, 'subsort': 'mp', 'sort': 'mpi', 'c': 2, 'p': 4} |       | c33    | haiyang | Linux | #1 SMP Tue Jul 26 14:15:37 UTC 2022 |
+---------------+----------+--------+-------+---------------------+-----------------------------------------------------------------------------------------------------------------+-------+--------+---------+-------+-------------------------------------+
# csv,timer,status,time,sum,start,tag,msg,uname.node,user,uname.system,platform.version
# csv,mpi-mergesort,ok,0.175,0.175,2022-11-19 12:34:06,{'user': 'alex', 'node': 'v100', 'debug': False, 'size': 50000, 'subsort': 'mp', 'sort': 'mpi', 'c': 2, 'p': 4},None,c33,haiyang,Linux,#1 SMP Tue Jul 26 14:15:37 UTC 2022
# csv,mpi-generate,ok,0.001,0.001,2022-11-19 12:34:06,{'user': 'alex', 'node': 'v100', 'debug': False, 'size': 50000, 'subsort': 'mp', 'sort': 'mpi', 'c': 2, 'p': 4},None,c33,haiyang,Linux,#1 SMP Tue Jul 26 14:15:37 UTC 2022


+---------------------------------+--------------------------------------------------------------+
| Attribute                       | Value                                                        |
|---------------------------------+--------------------------------------------------------------|
| ANSI_COLOR                      | "0;31"                                                       |
| BUG_REPORT_URL                  | "https://bugzilla.redhat.com/"                               |
| CPE_NAME                        | "cpe:/o:redhat:enterprise_linux:7.9:GA:server"               |
| HOME_URL                        | "https://www.redhat.com/"                                    |
| ID                              | "rhel"                                                       |
| ID_LIKE                         | "fedora"                                                     |
| NAME                            | "Red Hat Enterprise Linux Server"                            |
| PRETTY_NAME                     | "Red Hat Enterprise Linux Server 7.9 (Maipo)"                |
| REDHAT_BUGZILLA_PRODUCT         | "Red Hat Enterprise Linux 7"                                 |
| REDHAT_BUGZILLA_PRODUCT_VERSION | 7.9                                                          |
| REDHAT_SUPPORT_PRODUCT          | "Red Hat Enterprise Linux"                                   |
| REDHAT_SUPPORT_PRODUCT_VERSION  | "7.9"                                                        |
| VARIANT                         | "Server"                                                     |
| VARIANT_ID                      | "server"                                                     |
| VERSION                         | "7.9 (Maipo)"                                                |
| VERSION_ID                      | "7.9"                                                        |
| cpu                             | Intel(R) Xeon(R) CPU E5-2680 v3 @ 2.50GHz                    |
| cpu_cores                       | 24                                                           |
| cpu_count                       | 24                                                           |
| cpu_threads                     | 24                                                           |
| date                            | 2022-11-19 12:34:09.728677                                   |
| frequency                       | scpufreq(current=1.7767083333333338, min=1200.0, max=3300.0) |
| mem.active                      | 73.0 GiB                                                     |
| mem.available                   | 160.0 GiB                                                    |
| mem.free                        | 123.6 GiB                                                    |
| mem.inactive                    | 37.3 GiB                                                     |
| mem.percent                     | 36.3 %                                                       |
| mem.total                       | 251.1 GiB                                                    |
| mem.used                        | 84.1 GiB                                                     |
| platform.version                | #1 SMP Tue Jul 26 14:15:37 UTC 2022                          |
| python                          | 3.9.8 (main, Feb  8 2022, 08:35:13)                          |
|                                 | [GCC 6.3.0]                                                  |
| python.pip                      | 22.2.2                                                       |
| python.version                  | 3.9.8                                                        |
| sys.platform                    | linux                                                        |
| uname.machine                   | x86_64                                                       |
| uname.node                      | c33                                                          |
| uname.processor                 | x86_64                                                       |
| uname.release                   | 3.10.0-1160.76.1.el7.x86_64                                  |
| uname.system                    | Linux                                                        |
| uname.version                   | #1 SMP Tue Jul 26 14:15:37 UTC 2022                          |
| user                            | haiyang                                                      |
+---------------------------------+--------------------------------------------------------------+

+---------------+----------+--------+-------+---------------------+-----------------------------------------------------------------------------------------------------------------+-------+--------+---------+-------+-------------------------------------+
| Name          | Status   |   Time |   Sum | Start               | tag                                                                                                             | msg   | Node   | User    | OS    | Version                             |
|---------------+----------+--------+-------+---------------------+-----------------------------------------------------------------------------------------------------------------+-------+--------+---------+-------+-------------------------------------|
| mpi-mergesort | ok       |  0.131 | 0.131 | 2022-11-19 12:34:09 | {'user': 'alex', 'node': 'v100', 'debug': False, 'size': 50000, 'subsort': 'mp', 'sort': 'mpi', 'c': 2, 'p': 4} |       | c33    | haiyang | Linux | #1 SMP Tue Jul 26 14:15:37 UTC 2022 |
| mpi-generate  | ok       |  0.001 | 0.001 | 2022-11-19 12:34:09 | {'user': 'alex', 'node': 'v100', 'debug': False, 'size': 50000, 'subsort': 'mp', 'sort': 'mpi', 'c': 2, 'p': 4} |       | c33    | haiyang | Linux | #1 SMP Tue Jul 26 14:15:37 UTC 2022 |
+---------------+----------+--------+-------+---------------------+-----------------------------------------------------------------------------------------------------------------+-------+--------+---------+-------+-------------------------------------+
# csv,timer,status,time,sum,start,tag,msg,uname.node,user,uname.system,platform.version
# csv,mpi-mergesort,ok,0.131,0.131,2022-11-19 12:34:09,{'user': 'alex', 'node': 'v100', 'debug': False, 'size': 50000, 'subsort': 'mp', 'sort': 'mpi', 'c': 2, 'p': 4},None,c33,haiyang,Linux,#1 SMP Tue Jul 26 14:15:37 UTC 2022
# csv,mpi-generate,ok,0.001,0.001,2022-11-19 12:34:09,{'user': 'alex', 'node': 'v100', 'debug': False, 'size': 50000, 'subsort': 'mp', 'sort': 'mpi', 'c': 2, 'p': 4},None,c33,haiyang,Linux,#1 SMP Tue Jul 26 14:15:37 UTC 2022


+---------------------------------+-------------------------------------------------------------+
| Attribute                       | Value                                                       |
|---------------------------------+-------------------------------------------------------------|
| ANSI_COLOR                      | "0;31"                                                      |
| BUG_REPORT_URL                  | "https://bugzilla.redhat.com/"                              |
| CPE_NAME                        | "cpe:/o:redhat:enterprise_linux:7.9:GA:server"              |
| HOME_URL                        | "https://www.redhat.com/"                                   |
| ID                              | "rhel"                                                      |
| ID_LIKE                         | "fedora"                                                    |
| NAME                            | "Red Hat Enterprise Linux Server"                           |
| PRETTY_NAME                     | "Red Hat Enterprise Linux Server 7.9 (Maipo)"               |
| REDHAT_BUGZILLA_PRODUCT         | "Red Hat Enterprise Linux 7"                                |
| REDHAT_BUGZILLA_PRODUCT_VERSION | 7.9                                                         |
| REDHAT_SUPPORT_PRODUCT          | "Red Hat Enterprise Linux"                                  |
| REDHAT_SUPPORT_PRODUCT_VERSION  | "7.9"                                                       |
| VARIANT                         | "Server"                                                    |
| VARIANT_ID                      | "server"                                                    |
| VERSION                         | "7.9 (Maipo)"                                               |
| VERSION_ID                      | "7.9"                                                       |
| cpu                             | Intel(R) Xeon(R) CPU E5-2680 v3 @ 2.50GHz                   |
| cpu_cores                       | 24                                                          |
| cpu_count                       | 24                                                          |
| cpu_threads                     | 24                                                          |
| date                            | 2022-11-19 12:34:12.566327                                  |
| frequency                       | scpufreq(current=1.817708333333334, min=1200.0, max=3300.0) |
| mem.active                      | 73.3 GiB                                                    |
| mem.available                   | 159.7 GiB                                                   |
| mem.free                        | 123.2 GiB                                                   |
| mem.inactive                    | 37.3 GiB                                                    |
| mem.percent                     | 36.4 %                                                      |
| mem.total                       | 251.1 GiB                                                   |
| mem.used                        | 84.3 GiB                                                    |
| platform.version                | #1 SMP Tue Jul 26 14:15:37 UTC 2022                         |
| python                          | 3.9.8 (main, Feb  8 2022, 08:35:13)                         |
|                                 | [GCC 6.3.0]                                                 |
| python.pip                      | 22.2.2                                                      |
| python.version                  | 3.9.8                                                       |
| sys.platform                    | linux                                                       |
| uname.machine                   | x86_64                                                      |
| uname.node                      | c33                                                         |
| uname.processor                 | x86_64                                                      |
| uname.release                   | 3.10.0-1160.76.1.el7.x86_64                                 |
| uname.system                    | Linux                                                       |
| uname.version                   | #1 SMP Tue Jul 26 14:15:37 UTC 2022                         |
| user                            | haiyang                                                     |
+---------------------------------+-------------------------------------------------------------+

+---------------+----------+--------+-------+---------------------+-----------------------------------------------------------------------------------------------------------------+-------+--------+---------+-------+-------------------------------------+
| Name          | Status   |   Time |   Sum | Start               | tag                                                                                                             | msg   | Node   | User    | OS    | Version                             |
|---------------+----------+--------+-------+---------------------+-----------------------------------------------------------------------------------------------------------------+-------+--------+---------+-------+-------------------------------------|
| mpi-mergesort | ok       |  0.147 | 0.147 | 2022-11-19 12:34:12 | {'user': 'alex', 'node': 'v100', 'debug': False, 'size': 50000, 'subsort': 'mp', 'sort': 'mpi', 'c': 2, 'p': 4} |       | c33    | haiyang | Linux | #1 SMP Tue Jul 26 14:15:37 UTC 2022 |
| mpi-generate  | ok       |  0.001 | 0.001 | 2022-11-19 12:34:12 | {'user': 'alex', 'node': 'v100', 'debug': False, 'size': 50000, 'subsort': 'mp', 'sort': 'mpi', 'c': 2, 'p': 4} |       | c33    | haiyang | Linux | #1 SMP Tue Jul 26 14:15:37 UTC 2022 |
+---------------+----------+--------+-------+---------------------+-----------------------------------------------------------------------------------------------------------------+-------+--------+---------+-------+-------------------------------------+
# csv,timer,status,time,sum,start,tag,msg,uname.node,user,uname.system,platform.version
# csv,mpi-mergesort,ok,0.147,0.147,2022-11-19 12:34:12,{'user': 'alex', 'node': 'v100', 'debug': False, 'size': 50000, 'subsort': 'mp', 'sort': 'mpi', 'c': 2, 'p': 4},None,c33,haiyang,Linux,#1 SMP Tue Jul 26 14:15:37 UTC 2022
# csv,mpi-generate,ok,0.001,0.001,2022-11-19 12:34:12,{'user': 'alex', 'node': 'v100', 'debug': False, 'size': 50000, 'subsort': 'mp', 'sort': 'mpi', 'c': 2, 'p': 4},None,c33,haiyang,Linux,#1 SMP Tue Jul 26 14:15:37 UTC 2022


+---------------------------------+--------------------------------------------------------------+
| Attribute                       | Value                                                        |
|---------------------------------+--------------------------------------------------------------|
| ANSI_COLOR                      | "0;31"                                                       |
| BUG_REPORT_URL                  | "https://bugzilla.redhat.com/"                               |
| CPE_NAME                        | "cpe:/o:redhat:enterprise_linux:7.9:GA:server"               |
| HOME_URL                        | "https://www.redhat.com/"                                    |
| ID                              | "rhel"                                                       |
| ID_LIKE                         | "fedora"                                                     |
| NAME                            | "Red Hat Enterprise Linux Server"                            |
| PRETTY_NAME                     | "Red Hat Enterprise Linux Server 7.9 (Maipo)"                |
| REDHAT_BUGZILLA_PRODUCT         | "Red Hat Enterprise Linux 7"                                 |
| REDHAT_BUGZILLA_PRODUCT_VERSION | 7.9                                                          |
| REDHAT_SUPPORT_PRODUCT          | "Red Hat Enterprise Linux"                                   |
| REDHAT_SUPPORT_PRODUCT_VERSION  | "7.9"                                                        |
| VARIANT                         | "Server"                                                     |
| VARIANT_ID                      | "server"                                                     |
| VERSION                         | "7.9 (Maipo)"                                                |
| VERSION_ID                      | "7.9"                                                        |
| cpu                             | Intel(R) Xeon(R) CPU E5-2680 v3 @ 2.50GHz                    |
| cpu_cores                       | 24                                                           |
| cpu_count                       | 24                                                           |
| cpu_threads                     | 24                                                           |
| date                            | 2022-11-19 12:34:15.390786                                   |
| frequency                       | scpufreq(current=1.8780416666666662, min=1200.0, max=3300.0) |
| mem.active                      | 73.3 GiB                                                     |
| mem.available                   | 159.7 GiB                                                    |
| mem.free                        | 123.1 GiB                                                    |
| mem.inactive                    | 37.4 GiB                                                     |
| mem.percent                     | 36.4 %                                                       |
| mem.total                       | 251.1 GiB                                                    |
| mem.used                        | 84.4 GiB                                                     |
| platform.version                | #1 SMP Tue Jul 26 14:15:37 UTC 2022                          |
| python                          | 3.9.8 (main, Feb  8 2022, 08:35:13)                          |
|                                 | [GCC 6.3.0]                                                  |
| python.pip                      | 22.2.2                                                       |
| python.version                  | 3.9.8                                                        |
| sys.platform                    | linux                                                        |
| uname.machine                   | x86_64                                                       |
| uname.node                      | c33                                                          |
| uname.processor                 | x86_64                                                       |
| uname.release                   | 3.10.0-1160.76.1.el7.x86_64                                  |
| uname.system                    | Linux                                                        |
| uname.version                   | #1 SMP Tue Jul 26 14:15:37 UTC 2022                          |
| user                            | haiyang                                                      |
+---------------------------------+--------------------------------------------------------------+

+---------------+----------+--------+-------+---------------------+-----------------------------------------------------------------------------------------------------------------+-------+--------+---------+-------+-------------------------------------+
| Name          | Status   |   Time |   Sum | Start               | tag                                                                                                             | msg   | Node   | User    | OS    | Version                             |
|---------------+----------+--------+-------+---------------------+-----------------------------------------------------------------------------------------------------------------+-------+--------+---------+-------+-------------------------------------|
| mpi-mergesort | ok       |  0.154 | 0.154 | 2022-11-19 12:34:15 | {'user': 'alex', 'node': 'v100', 'debug': False, 'size': 50000, 'subsort': 'mp', 'sort': 'mpi', 'c': 2, 'p': 4} |       | c33    | haiyang | Linux | #1 SMP Tue Jul 26 14:15:37 UTC 2022 |
| mpi-generate  | ok       |  0.001 | 0.001 | 2022-11-19 12:34:15 | {'user': 'alex', 'node': 'v100', 'debug': False, 'size': 50000, 'subsort': 'mp', 'sort': 'mpi', 'c': 2, 'p': 4} |       | c33    | haiyang | Linux | #1 SMP Tue Jul 26 14:15:37 UTC 2022 |
+---------------+----------+--------+-------+---------------------+-----------------------------------------------------------------------------------------------------------------+-------+--------+---------+-------+-------------------------------------+
# csv,timer,status,time,sum,start,tag,msg,uname.node,user,uname.system,platform.version
# csv,mpi-mergesort,ok,0.154,0.154,2022-11-19 12:34:15,{'user': 'alex', 'node': 'v100', 'debug': False, 'size': 50000, 'subsort': 'mp', 'sort': 'mpi', 'c': 2, 'p': 4},None,c33,haiyang,Linux,#1 SMP Tue Jul 26 14:15:37 UTC 2022
# csv,mpi-generate,ok,0.001,0.001,2022-11-19 12:34:15,{'user': 'alex', 'node': 'v100', 'debug': False, 'size': 50000, 'subsort': 'mp', 'sort': 'mpi', 'c': 2, 'p': 4},None,c33,haiyang,Linux,#1 SMP Tue Jul 26 14:15:37 UTC 2022


+---------------------------------+--------------------------------------------------------------+
| Attribute                       | Value                                                        |
|---------------------------------+--------------------------------------------------------------|
| ANSI_COLOR                      | "0;31"                                                       |
| BUG_REPORT_URL                  | "https://bugzilla.redhat.com/"                               |
| CPE_NAME                        | "cpe:/o:redhat:enterprise_linux:7.9:GA:server"               |
| HOME_URL                        | "https://www.redhat.com/"                                    |
| ID                              | "rhel"                                                       |
| ID_LIKE                         | "fedora"                                                     |
| NAME                            | "Red Hat Enterprise Linux Server"                            |
| PRETTY_NAME                     | "Red Hat Enterprise Linux Server 7.9 (Maipo)"                |
| REDHAT_BUGZILLA_PRODUCT         | "Red Hat Enterprise Linux 7"                                 |
| REDHAT_BUGZILLA_PRODUCT_VERSION | 7.9                                                          |
| REDHAT_SUPPORT_PRODUCT          | "Red Hat Enterprise Linux"                                   |
| REDHAT_SUPPORT_PRODUCT_VERSION  | "7.9"                                                        |
| VARIANT                         | "Server"                                                     |
| VARIANT_ID                      | "server"                                                     |
| VERSION                         | "7.9 (Maipo)"                                                |
| VERSION_ID                      | "7.9"                                                        |
| cpu                             | Intel(R) Xeon(R) CPU E5-2680 v3 @ 2.50GHz                    |
| cpu_cores                       | 24                                                           |
| cpu_count                       | 24                                                           |
| cpu_threads                     | 24                                                           |
| date                            | 2022-11-19 12:34:18.259669                                   |
| frequency                       | scpufreq(current=1.8496666666666666, min=1200.0, max=3300.0) |
| mem.active                      | 73.1 GiB                                                     |
| mem.available                   | 159.9 GiB                                                    |
| mem.free                        | 123.2 GiB                                                    |
| mem.inactive                    | 37.5 GiB                                                     |
| mem.percent                     | 36.3 %                                                       |
| mem.total                       | 251.1 GiB                                                    |
| mem.used                        | 84.2 GiB                                                     |
| platform.version                | #1 SMP Tue Jul 26 14:15:37 UTC 2022                          |
| python                          | 3.9.8 (main, Feb  8 2022, 08:35:13)                          |
|                                 | [GCC 6.3.0]                                                  |
| python.pip                      | 22.2.2                                                       |
| python.version                  | 3.9.8                                                        |
| sys.platform                    | linux                                                        |
| uname.machine                   | x86_64                                                       |
| uname.node                      | c33                                                          |
| uname.processor                 | x86_64                                                       |
| uname.release                   | 3.10.0-1160.76.1.el7.x86_64                                  |
| uname.system                    | Linux                                                        |
| uname.version                   | #1 SMP Tue Jul 26 14:15:37 UTC 2022                          |
| user                            | haiyang                                                      |
+---------------------------------+--------------------------------------------------------------+

+---------------+----------+--------+-------+---------------------+-----------------------------------------------------------------------------------------------------------------+-------+--------+---------+-------+-------------------------------------+
| Name          | Status   |   Time |   Sum | Start               | tag                                                                                                             | msg   | Node   | User    | OS    | Version                             |
|---------------+----------+--------+-------+---------------------+-----------------------------------------------------------------------------------------------------------------+-------+--------+---------+-------+-------------------------------------|
| mpi-mergesort | ok       |  0.128 | 0.128 | 2022-11-19 12:34:18 | {'user': 'alex', 'node': 'v100', 'debug': False, 'size': 50000, 'subsort': 'mp', 'sort': 'mpi', 'c': 2, 'p': 4} |       | c33    | haiyang | Linux | #1 SMP Tue Jul 26 14:15:37 UTC 2022 |
| mpi-generate  | ok       |  0.001 | 0.001 | 2022-11-19 12:34:18 | {'user': 'alex', 'node': 'v100', 'debug': False, 'size': 50000, 'subsort': 'mp', 'sort': 'mpi', 'c': 2, 'p': 4} |       | c33    | haiyang | Linux | #1 SMP Tue Jul 26 14:15:37 UTC 2022 |
+---------------+----------+--------+-------+---------------------+-----------------------------------------------------------------------------------------------------------------+-------+--------+---------+-------+-------------------------------------+
# csv,timer,status,time,sum,start,tag,msg,uname.node,user,uname.system,platform.version
# csv,mpi-mergesort,ok,0.128,0.128,2022-11-19 12:34:18,{'user': 'alex', 'node': 'v100', 'debug': False, 'size': 50000, 'subsort': 'mp', 'sort': 'mpi', 'c': 2, 'p': 4},None,c33,haiyang,Linux,#1 SMP Tue Jul 26 14:15:37 UTC 2022
# csv,mpi-generate,ok,0.001,0.001,2022-11-19 12:34:18,{'user': 'alex', 'node': 'v100', 'debug': False, 'size': 50000, 'subsort': 'mp', 'sort': 'mpi', 'c': 2, 'p': 4},None,c33,haiyang,Linux,#1 SMP Tue Jul 26 14:15:37 UTC 2022


+---------------------------------+--------------------------------------------------------------+
| Attribute                       | Value                                                        |
|---------------------------------+--------------------------------------------------------------|
| ANSI_COLOR                      | "0;31"                                                       |
| BUG_REPORT_URL                  | "https://bugzilla.redhat.com/"                               |
| CPE_NAME                        | "cpe:/o:redhat:enterprise_linux:7.9:GA:server"               |
| HOME_URL                        | "https://www.redhat.com/"                                    |
| ID                              | "rhel"                                                       |
| ID_LIKE                         | "fedora"                                                     |
| NAME                            | "Red Hat Enterprise Linux Server"                            |
| PRETTY_NAME                     | "Red Hat Enterprise Linux Server 7.9 (Maipo)"                |
| REDHAT_BUGZILLA_PRODUCT         | "Red Hat Enterprise Linux 7"                                 |
| REDHAT_BUGZILLA_PRODUCT_VERSION | 7.9                                                          |
| REDHAT_SUPPORT_PRODUCT          | "Red Hat Enterprise Linux"                                   |
| REDHAT_SUPPORT_PRODUCT_VERSION  | "7.9"                                                        |
| VARIANT                         | "Server"                                                     |
| VARIANT_ID                      | "server"                                                     |
| VERSION                         | "7.9 (Maipo)"                                                |
| VERSION_ID                      | "7.9"                                                        |
| cpu                             | Intel(R) Xeon(R) CPU E5-2680 v3 @ 2.50GHz                    |
| cpu_cores                       | 24                                                           |
| cpu_count                       | 24                                                           |
| cpu_threads                     | 24                                                           |
| date                            | 2022-11-19 12:34:21.104923                                   |
| frequency                       | scpufreq(current=1.8445833333333337, min=1200.0, max=3300.0) |
| mem.active                      | 73.3 GiB                                                     |
| mem.available                   | 159.7 GiB                                                    |
| mem.free                        | 122.9 GiB                                                    |
| mem.inactive                    | 37.6 GiB                                                     |
| mem.percent                     | 36.4 %                                                       |
| mem.total                       | 251.1 GiB                                                    |
| mem.used                        | 84.4 GiB                                                     |
| platform.version                | #1 SMP Tue Jul 26 14:15:37 UTC 2022                          |
| python                          | 3.9.8 (main, Feb  8 2022, 08:35:13)                          |
|                                 | [GCC 6.3.0]                                                  |
| python.pip                      | 22.2.2                                                       |
| python.version                  | 3.9.8                                                        |
| sys.platform                    | linux                                                        |
| uname.machine                   | x86_64                                                       |
| uname.node                      | c33                                                          |
| uname.processor                 | x86_64                                                       |
| uname.release                   | 3.10.0-1160.76.1.el7.x86_64                                  |
| uname.system                    | Linux                                                        |
| uname.version                   | #1 SMP Tue Jul 26 14:15:37 UTC 2022                          |
| user                            | haiyang                                                      |
+---------------------------------+--------------------------------------------------------------+

+---------------+----------+--------+-------+---------------------+-----------------------------------------------------------------------------------------------------------------+-------+--------+---------+-------+-------------------------------------+
| Name          | Status   |   Time |   Sum | Start               | tag                                                                                                             | msg   | Node   | User    | OS    | Version                             |
|---------------+----------+--------+-------+---------------------+-----------------------------------------------------------------------------------------------------------------+-------+--------+---------+-------+-------------------------------------|
| mpi-mergesort | ok       |  0.132 | 0.132 | 2022-11-19 12:34:20 | {'user': 'alex', 'node': 'v100', 'debug': False, 'size': 50000, 'subsort': 'mp', 'sort': 'mpi', 'c': 2, 'p': 4} |       | c33    | haiyang | Linux | #1 SMP Tue Jul 26 14:15:37 UTC 2022 |
| mpi-generate  | ok       |  0.001 | 0.001 | 2022-11-19 12:34:20 | {'user': 'alex', 'node': 'v100', 'debug': False, 'size': 50000, 'subsort': 'mp', 'sort': 'mpi', 'c': 2, 'p': 4} |       | c33    | haiyang | Linux | #1 SMP Tue Jul 26 14:15:37 UTC 2022 |
+---------------+----------+--------+-------+---------------------+-----------------------------------------------------------------------------------------------------------------+-------+--------+---------+-------+-------------------------------------+
# csv,timer,status,time,sum,start,tag,msg,uname.node,user,uname.system,platform.version
# csv,mpi-mergesort,ok,0.132,0.132,2022-11-19 12:34:20,{'user': 'alex', 'node': 'v100', 'debug': False, 'size': 50000, 'subsort': 'mp', 'sort': 'mpi', 'c': 2, 'p': 4},None,c33,haiyang,Linux,#1 SMP Tue Jul 26 14:15:37 UTC 2022
# csv,mpi-generate,ok,0.001,0.001,2022-11-19 12:34:20,{'user': 'alex', 'node': 'v100', 'debug': False, 'size': 50000, 'subsort': 'mp', 'sort': 'mpi', 'c': 2, 'p': 4},None,c33,haiyang,Linux,#1 SMP Tue Jul 26 14:15:37 UTC 2022


+---------------------------------+--------------------------------------------------------------+
| Attribute                       | Value                                                        |
|---------------------------------+--------------------------------------------------------------|
| ANSI_COLOR                      | "0;31"                                                       |
| BUG_REPORT_URL                  | "https://bugzilla.redhat.com/"                               |
| CPE_NAME                        | "cpe:/o:redhat:enterprise_linux:7.9:GA:server"               |
| HOME_URL                        | "https://www.redhat.com/"                                    |
| ID                              | "rhel"                                                       |
| ID_LIKE                         | "fedora"                                                     |
| NAME                            | "Red Hat Enterprise Linux Server"                            |
| PRETTY_NAME                     | "Red Hat Enterprise Linux Server 7.9 (Maipo)"                |
| REDHAT_BUGZILLA_PRODUCT         | "Red Hat Enterprise Linux 7"                                 |
| REDHAT_BUGZILLA_PRODUCT_VERSION | 7.9                                                          |
| REDHAT_SUPPORT_PRODUCT          | "Red Hat Enterprise Linux"                                   |
| REDHAT_SUPPORT_PRODUCT_VERSION  | "7.9"                                                        |
| VARIANT                         | "Server"                                                     |
| VARIANT_ID                      | "server"                                                     |
| VERSION                         | "7.9 (Maipo)"                                                |
| VERSION_ID                      | "7.9"                                                        |
| cpu                             | Intel(R) Xeon(R) CPU E5-2680 v3 @ 2.50GHz                    |
| cpu_cores                       | 24                                                           |
| cpu_count                       | 24                                                           |
| cpu_threads                     | 24                                                           |
| date                            | 2022-11-19 12:34:23.927294                                   |
| frequency                       | scpufreq(current=1.8114583333333332, min=1200.0, max=3300.0) |
| mem.active                      | 73.5 GiB                                                     |
| mem.available                   | 159.4 GiB                                                    |
| mem.free                        | 122.6 GiB                                                    |
| mem.inactive                    | 37.7 GiB                                                     |
| mem.percent                     | 36.5 %                                                       |
| mem.total                       | 251.1 GiB                                                    |
| mem.used                        | 84.7 GiB                                                     |
| platform.version                | #1 SMP Tue Jul 26 14:15:37 UTC 2022                          |
| python                          | 3.9.8 (main, Feb  8 2022, 08:35:13)                          |
|                                 | [GCC 6.3.0]                                                  |
| python.pip                      | 22.2.2                                                       |
| python.version                  | 3.9.8                                                        |
| sys.platform                    | linux                                                        |
| uname.machine                   | x86_64                                                       |
| uname.node                      | c33                                                          |
| uname.processor                 | x86_64                                                       |
| uname.release                   | 3.10.0-1160.76.1.el7.x86_64                                  |
| uname.system                    | Linux                                                        |
| uname.version                   | #1 SMP Tue Jul 26 14:15:37 UTC 2022                          |
| user                            | haiyang                                                      |
+---------------------------------+--------------------------------------------------------------+

+---------------+----------+--------+-------+---------------------+-----------------------------------------------------------------------------------------------------------------+-------+--------+---------+-------+-------------------------------------+
| Name          | Status   |   Time |   Sum | Start               | tag                                                                                                             | msg   | Node   | User    | OS    | Version                             |
|---------------+----------+--------+-------+---------------------+-----------------------------------------------------------------------------------------------------------------+-------+--------+---------+-------+-------------------------------------|
| mpi-mergesort | ok       |  0.144 | 0.144 | 2022-11-19 12:34:23 | {'user': 'alex', 'node': 'v100', 'debug': False, 'size': 50000, 'subsort': 'mp', 'sort': 'mpi', 'c': 2, 'p': 4} |       | c33    | haiyang | Linux | #1 SMP Tue Jul 26 14:15:37 UTC 2022 |
| mpi-generate  | ok       |  0.001 | 0.001 | 2022-11-19 12:34:23 | {'user': 'alex', 'node': 'v100', 'debug': False, 'size': 50000, 'subsort': 'mp', 'sort': 'mpi', 'c': 2, 'p': 4} |       | c33    | haiyang | Linux | #1 SMP Tue Jul 26 14:15:37 UTC 2022 |
+---------------+----------+--------+-------+---------------------+-----------------------------------------------------------------------------------------------------------------+-------+--------+---------+-------+-------------------------------------+
# csv,timer,status,time,sum,start,tag,msg,uname.node,user,uname.system,platform.version
# csv,mpi-mergesort,ok,0.144,0.144,2022-11-19 12:34:23,{'user': 'alex', 'node': 'v100', 'debug': False, 'size': 50000, 'subsort': 'mp', 'sort': 'mpi', 'c': 2, 'p': 4},None,c33,haiyang,Linux,#1 SMP Tue Jul 26 14:15:37 UTC 2022
# csv,mpi-generate,ok,0.001,0.001,2022-11-19 12:34:23,{'user': 'alex', 'node': 'v100', 'debug': False, 'size': 50000, 'subsort': 'mp', 'sort': 'mpi', 'c': 2, 'p': 4},None,c33,haiyang,Linux,#1 SMP Tue Jul 26 14:15:37 UTC 2022


+---------------------------------+-------------------------------------------------------------+
| Attribute                       | Value                                                       |
|---------------------------------+-------------------------------------------------------------|
| ANSI_COLOR                      | "0;31"                                                      |
| BUG_REPORT_URL                  | "https://bugzilla.redhat.com/"                              |
| CPE_NAME                        | "cpe:/o:redhat:enterprise_linux:7.9:GA:server"              |
| HOME_URL                        | "https://www.redhat.com/"                                   |
| ID                              | "rhel"                                                      |
| ID_LIKE                         | "fedora"                                                    |
| NAME                            | "Red Hat Enterprise Linux Server"                           |
| PRETTY_NAME                     | "Red Hat Enterprise Linux Server 7.9 (Maipo)"               |
| REDHAT_BUGZILLA_PRODUCT         | "Red Hat Enterprise Linux 7"                                |
| REDHAT_BUGZILLA_PRODUCT_VERSION | 7.9                                                         |
| REDHAT_SUPPORT_PRODUCT          | "Red Hat Enterprise Linux"                                  |
| REDHAT_SUPPORT_PRODUCT_VERSION  | "7.9"                                                       |
| VARIANT                         | "Server"                                                    |
| VARIANT_ID                      | "server"                                                    |
| VERSION                         | "7.9 (Maipo)"                                               |
| VERSION_ID                      | "7.9"                                                       |
| cpu                             | Intel(R) Xeon(R) CPU E5-2680 v3 @ 2.50GHz                   |
| cpu_cores                       | 24                                                          |
| cpu_count                       | 24                                                          |
| cpu_threads                     | 24                                                          |
| date                            | 2022-11-19 12:34:26.734171                                  |
| frequency                       | scpufreq(current=1.764541666666667, min=1200.0, max=3300.0) |
| mem.active                      | 72.2 GiB                                                    |
| mem.available                   | 160.8 GiB                                                   |
| mem.free                        | 123.8 GiB                                                   |
| mem.inactive                    | 37.8 GiB                                                    |
| mem.percent                     | 35.9 %                                                      |
| mem.total                       | 251.1 GiB                                                   |
| mem.used                        | 83.3 GiB                                                    |
| platform.version                | #1 SMP Tue Jul 26 14:15:37 UTC 2022                         |
| python                          | 3.9.8 (main, Feb  8 2022, 08:35:13)                         |
|                                 | [GCC 6.3.0]                                                 |
| python.pip                      | 22.2.2                                                      |
| python.version                  | 3.9.8                                                       |
| sys.platform                    | linux                                                       |
| uname.machine                   | x86_64                                                      |
| uname.node                      | c33                                                         |
| uname.processor                 | x86_64                                                      |
| uname.release                   | 3.10.0-1160.76.1.el7.x86_64                                 |
| uname.system                    | Linux                                                       |
| uname.version                   | #1 SMP Tue Jul 26 14:15:37 UTC 2022                         |
| user                            | haiyang                                                     |
+---------------------------------+-------------------------------------------------------------+

+---------------+----------+--------+-------+---------------------+-----------------------------------------------------------------------------------------------------------------+-------+--------+---------+-------+-------------------------------------+
| Name          | Status   |   Time |   Sum | Start               | tag                                                                                                             | msg   | Node   | User    | OS    | Version                             |
|---------------+----------+--------+-------+---------------------+-----------------------------------------------------------------------------------------------------------------+-------+--------+---------+-------+-------------------------------------|
| mpi-mergesort | ok       |  0.198 | 0.198 | 2022-11-19 12:34:26 | {'user': 'alex', 'node': 'v100', 'debug': False, 'size': 50000, 'subsort': 'mp', 'sort': 'mpi', 'c': 2, 'p': 4} |       | c33    | haiyang | Linux | #1 SMP Tue Jul 26 14:15:37 UTC 2022 |
| mpi-generate  | ok       |  0.001 | 0.001 | 2022-11-19 12:34:26 | {'user': 'alex', 'node': 'v100', 'debug': False, 'size': 50000, 'subsort': 'mp', 'sort': 'mpi', 'c': 2, 'p': 4} |       | c33    | haiyang | Linux | #1 SMP Tue Jul 26 14:15:37 UTC 2022 |
+---------------+----------+--------+-------+---------------------+-----------------------------------------------------------------------------------------------------------------+-------+--------+---------+-------+-------------------------------------+
# csv,timer,status,time,sum,start,tag,msg,uname.node,user,uname.system,platform.version
# csv,mpi-mergesort,ok,0.198,0.198,2022-11-19 12:34:26,{'user': 'alex', 'node': 'v100', 'debug': False, 'size': 50000, 'subsort': 'mp', 'sort': 'mpi', 'c': 2, 'p': 4},None,c33,haiyang,Linux,#1 SMP Tue Jul 26 14:15:37 UTC 2022
# csv,mpi-generate,ok,0.001,0.001,2022-11-19 12:34:26,{'user': 'alex', 'node': 'v100', 'debug': False, 'size': 50000, 'subsort': 'mp', 'sort': 'mpi', 'c': 2, 'p': 4},None,c33,haiyang,Linux,#1 SMP Tue Jul 26 14:15:37 UTC 2022

