Starting experiment
Processes: 4
Cores:     24
Size:      500000
Repeat:    10
Debug:     False
Sort:      MPI
Algorithm: mp
Tag:       None
Total:     10
Experiment 9         : size=500000 processes=4 cores=24 repeat=0 last_time=undefined                     
Experiment 8         : size=500000 processes=4 cores=24 repeat=1 last_time=undefined                     
Experiment 7         : size=500000 processes=4 cores=24 repeat=2 last_time=undefined                     
Experiment 6         : size=500000 processes=4 cores=24 repeat=3 last_time=undefined                     
Experiment 5         : size=500000 processes=4 cores=24 repeat=4 last_time=undefined                     
Experiment 4         : size=500000 processes=4 cores=24 repeat=5 last_time=undefined                     
Experiment 3         : size=500000 processes=4 cores=24 repeat=6 last_time=undefined                     
Experiment 2         : size=500000 processes=4 cores=24 repeat=7 last_time=undefined                     
Experiment 1         : size=500000 processes=4 cores=24 repeat=8 last_time=undefined                     
Experiment 0         : size=500000 processes=4 cores=24 repeat=9 last_time=undefined                     
Server"                            |
| PRETTY_NAME                     | "Red Hat Enterprise Linux Server 7.9 (Maipo)"                |
| REDHAT_BUGZILLA_PRODUCT         | "Red Hat Enterprise Linux 7"                                 |
| REDHAT_BUGZILLA_PRODUCT_VERSION | 7.9                                                          |
| REDHAT_SUPPORT_PRODUCT          | "Red Hat Enterprise Linux"                                   |
| REDHAT_SUPPORT_PRODUCT_VERSION  | "7.9"                                                        |
| VARIANT                         | "Server"                                                     |
| VARIANT_ID                      | "server"                                                     |
| VERSION                         | "7.9 (Maipo)"                                                |
| VERSION_ID                      | "7.9"                                                        |
| cpu                             | Intel(R) Xeon(R) CPU E5-2680 v3 @ 2.50GHz                    |
| cpu_cores                       | 24                                                           |
| cpu_count                       | 24                                                           |
| cpu_threads                     | 24                                                           |
| date                            | 2022-11-19 20:22:04.075287                                   |
| frequency                       | scpufreq(current=2.6532916666666666, min=1200.0, max=3300.0) |
| mem.active                      | 89.8 GiB                                                     |
| mem.available                   | 171.9 GiB                                                    |
| mem.free                        | 124.2 GiB                                                    |
| mem.inactive                    | 19.7 GiB                                                     |
| mem.percent                     | 31.5 %                                                       |
| mem.total                       | 251.1 GiB                                                    |
| mem.used                        | 71.6 GiB                                                     |
| platform.version                | #1 SMP Tue Jul 26 14:15:37 UTC 2022                          |
| python                          | 3.9.8 (main, Feb  8 2022, 08:35:13)                          |
|                                 | [GCC 6.3.0]                                                  |
| python.pip                      | 22.2.2                                                       |
| python.version                  | 3.9.8                                                        |
| sys.platform                    | linux                                                        |
| uname.machine                   | x86_64                                                       |
| uname.node                      | c14                                                          |
| uname.processor                 | x86_64                                                       |
| uname.release                   | 3.10.0-1160.76.1.el7.x86_64                                  |
| uname.system                    | Linux                                                        |
| uname.version                   | #1 SMP Tue Jul 26 14:15:37 UTC 2022                          |
| user                            | haiyang                                                      |
+---------------------------------+--------------------------------------------------------------+

+---------------+----------+--------+-------+---------------------+-------------------------------------------------------------------------------------------------------------------+-------+--------+---------+-------+-------------------------------------+
| Name          | Status   |   Time |   Sum | Start               | tag                                                                                                               | msg   | Node   | User    | OS    | Version                             |
|---------------+----------+--------+-------+---------------------+-------------------------------------------------------------------------------------------------------------------+-------+--------+---------+-------+-------------------------------------|
| mpi-mergesort | ok       |  1.214 | 1.214 | 2022-11-19 20:22:02 | {'user': 'alex', 'node': 'v100', 'debug': False, 'size': 500000, 'subsort': 'mp', 'sort': 'mpi', 'c': 24, 'p': 4} |       | c14    | haiyang | Linux | #1 SMP Tue Jul 26 14:15:37 UTC 2022 |
| mpi-generate  | ok       |  0.004 | 0.004 | 2022-11-19 20:22:02 | {'user': 'alex', 'node': 'v100', 'debug': False, 'size': 500000, 'subsort': 'mp', 'sort': 'mpi', 'c': 24, 'p': 4} |       | c14    | haiyang | Linux | #1 SMP Tue Jul 26 14:15:37 UTC 2022 |
+---------------+----------+--------+-------+---------------------+-------------------------------------------------------------------------------------------------------------------+-------+--------+---------+-------+-------------------------------------+
# csv,timer,status,time,sum,start,tag,msg,uname.node,user,uname.system,platform.version
# csv,mpi-mergesort,ok,1.214,1.214,2022-11-19 20:22:02,{'user': 'alex', 'node': 'v100', 'debug': False, 'size': 500000, 'subsort': 'mp', 'sort': 'mpi', 'c': 24, 'p': 4},None,c14,haiyang,Linux,#1 SMP Tue Jul 26 14:15:37 UTC 2022
# csv,mpi-generate,ok,0.004,0.004,2022-11-19 20:22:02,{'user': 'alex', 'node': 'v100', 'debug': False, 'size': 500000, 'subsort': 'mp', 'sort': 'mpi', 'c': 24, 'p': 4},None,c14,haiyang,Linux,#1 SMP Tue Jul 26 14:15:37 UTC 2022


+---------------------------------+--------------------------------------------------------------+
| Attribute                       | Value                                                        |
|---------------------------------+--------------------------------------------------------------|
| ANSI_COLOR                      | "0;31"                                                       |
| BUG_REPORT_URL                  | "https://bugzilla.redhat.com/"                               |
| CPE_NAME                        | "cpe:/o:redhat:enterprise_linux:7.9:GA:server"               |
| HOME_URL                        | "https://www.redhat.com/"                                    |
| ID                              | "rhel"                                                       |
| ID_LIKE                         | "fedora"                                                     |
| NAME                            | "Red Hat Enterprise Linux Server"                            |
| PRETTY_NAME                     | "Red Hat Enterprise Linux Server 7.9 (Maipo)"                |
| REDHAT_BUGZILLA_PRODUCT         | "Red Hat Enterprise Linux 7"                                 |
| REDHAT_BUGZILLA_PRODUCT_VERSION | 7.9                                                          |
| REDHAT_SUPPORT_PRODUCT          | "Red Hat Enterprise Linux"                                   |
| REDHAT_SUPPORT_PRODUCT_VERSION  | "7.9"                                                        |
| VARIANT                         | "Server"                                                     |
| VARIANT_ID                      | "server"                                                     |
| VERSION                         | "7.9 (Maipo)"                                                |
| VERSION_ID                      | "7.9"                                                        |
| cpu                             | Intel(R) Xeon(R) CPU E5-2680 v3 @ 2.50GHz                    |
| cpu_cores                       | 24                                                           |
| cpu_count                       | 24                                                           |
| cpu_threads                     | 24                                                           |
| date                            | 2022-11-19 20:22:07.938935                                   |
| frequency                       | scpufreq(current=2.5375000000000005, min=1200.0, max=3300.0) |
| mem.active                      | 90.0 GiB                                                     |
| mem.available                   | 171.7 GiB                                                    |
| mem.free                        | 123.9 GiB                                                    |
| mem.inactive                    | 19.7 GiB                                                     |
| mem.percent                     | 31.6 %                                                       |
| mem.total                       | 251.1 GiB                                                    |
| mem.used                        | 71.8 GiB                                                     |
| platform.version                | #1 SMP Tue Jul 26 14:15:37 UTC 2022                          |
| python                          | 3.9.8 (main, Feb  8 2022, 08:35:13)                          |
|                                 | [GCC 6.3.0]                                                  |
| python.pip                      | 22.2.2                                                       |
| python.version                  | 3.9.8                                                        |
| sys.platform                    | linux                                                        |
| uname.machine                   | x86_64                                                       |
| uname.node                      | c14                                                          |
| uname.processor                 | x86_64                                                       |
| uname.release                   | 3.10.0-1160.76.1.el7.x86_64                                  |
| uname.system                    | Linux                                                        |
| uname.version                   | #1 SMP Tue Jul 26 14:15:37 UTC 2022                          |
| user                            | haiyang                                                      |
+---------------------------------+--------------------------------------------------------------+

+---------------+----------+--------+-------+---------------------+-------------------------------------------------------------------------------------------------------------------+-------+--------+---------+-------+-------------------------------------+
| Name          | Status   |   Time |   Sum | Start               | tag                                                                                                               | msg   | Node   | User    | OS    | Version                             |
|---------------+----------+--------+-------+---------------------+-------------------------------------------------------------------------------------------------------------------+-------+--------+---------+-------+-------------------------------------|
| mpi-mergesort | ok       |  1.214 | 1.214 | 2022-11-19 20:22:06 | {'user': 'alex', 'node': 'v100', 'debug': False, 'size': 500000, 'subsort': 'mp', 'sort': 'mpi', 'c': 24, 'p': 4} |       | c14    | haiyang | Linux | #1 SMP Tue Jul 26 14:15:37 UTC 2022 |
| mpi-generate  | ok       |  0.004 | 0.004 | 2022-11-19 20:22:06 | {'user': 'alex', 'node': 'v100', 'debug': False, 'size': 500000, 'subsort': 'mp', 'sort': 'mpi', 'c': 24, 'p': 4} |       | c14    | haiyang | Linux | #1 SMP Tue Jul 26 14:15:37 UTC 2022 |
+---------------+----------+--------+-------+---------------------+-------------------------------------------------------------------------------------------------------------------+-------+--------+---------+-------+-------------------------------------+
# csv,timer,status,time,sum,start,tag,msg,uname.node,user,uname.system,platform.version
# csv,mpi-mergesort,ok,1.214,1.214,2022-11-19 20:22:06,{'user': 'alex', 'node': 'v100', 'debug': False, 'size': 500000, 'subsort': 'mp', 'sort': 'mpi', 'c': 24, 'p': 4},None,c14,haiyang,Linux,#1 SMP Tue Jul 26 14:15:37 UTC 2022
# csv,mpi-generate,ok,0.004,0.004,2022-11-19 20:22:06,{'user': 'alex', 'node': 'v100', 'debug': False, 'size': 500000, 'subsort': 'mp', 'sort': 'mpi', 'c': 24, 'p': 4},None,c14,haiyang,Linux,#1 SMP Tue Jul 26 14:15:37 UTC 2022


+---------------------------------+--------------------------------------------------------------+
| Attribute                       | Value                                                        |
|---------------------------------+--------------------------------------------------------------|
| ANSI_COLOR                      | "0;31"                                                       |
| BUG_REPORT_URL                  | "https://bugzilla.redhat.com/"                               |
| CPE_NAME                        | "cpe:/o:redhat:enterprise_linux:7.9:GA:server"               |
| HOME_URL                        | "https://www.redhat.com/"                                    |
| ID                              | "rhel"                                                       |
| ID_LIKE                         | "fedora"                                                     |
| NAME                            | "Red Hat Enterprise Linux Server"                            |
| PRETTY_NAME                     | "Red Hat Enterprise Linux Server 7.9 (Maipo)"                |
| REDHAT_BUGZILLA_PRODUCT         | "Red Hat Enterprise Linux 7"                                 |
| REDHAT_BUGZILLA_PRODUCT_VERSION | 7.9                                                          |
| REDHAT_SUPPORT_PRODUCT          | "Red Hat Enterprise Linux"                                   |
| REDHAT_SUPPORT_PRODUCT_VERSION  | "7.9"                                                        |
| VARIANT                         | "Server"                                                     |
| VARIANT_ID                      | "server"                                                     |
| VERSION                         | "7.9 (Maipo)"                                                |
| VERSION_ID                      | "7.9"                                                        |
| cpu                             | Intel(R) Xeon(R) CPU E5-2680 v3 @ 2.50GHz                    |
| cpu_cores                       | 24                                                           |
| cpu_count                       | 24                                                           |
| cpu_threads                     | 24                                                           |
| date                            | 2022-11-19 20:22:11.785695                                   |
| frequency                       | scpufreq(current=2.6514166666666665, min=1200.0, max=3300.0) |
| mem.active                      | 90.2 GiB                                                     |
| mem.available                   | 171.5 GiB                                                    |
| mem.free                        | 123.7 GiB                                                    |
| mem.inactive                    | 19.7 GiB                                                     |
| mem.percent                     | 31.7 %                                                       |
| mem.total                       | 251.1 GiB                                                    |
| mem.used                        | 72.0 GiB                                                     |
| platform.version                | #1 SMP Tue Jul 26 14:15:37 UTC 2022                          |
| python                          | 3.9.8 (main, Feb  8 2022, 08:35:13)                          |
|                                 | [GCC 6.3.0]                                                  |
| python.pip                      | 22.2.2                                                       |
| python.version                  | 3.9.8                                                        |
| sys.platform                    | linux                                                        |
| uname.machine                   | x86_64                                                       |
| uname.node                      | c14                                                          |
| uname.processor                 | x86_64                                                       |
| uname.release                   | 3.10.0-1160.76.1.el7.x86_64                                  |
| uname.system                    | Linux                                                        |
| uname.version                   | #1 SMP Tue Jul 26 14:15:37 UTC 2022                          |
| user                            | haiyang                                                      |
+---------------------------------+--------------------------------------------------------------+

+---------------+----------+--------+-------+---------------------+-------------------------------------------------------------------------------------------------------------------+-------+--------+---------+-------+-------------------------------------+
| Name          | Status   |   Time |   Sum | Start               | tag                                                                                                               | msg   | Node   | User    | OS    | Version                             |
|---------------+----------+--------+-------+---------------------+-------------------------------------------------------------------------------------------------------------------+-------+--------+---------+-------+-------------------------------------|
| mpi-mergesort | ok       |  1.147 | 1.147 | 2022-11-19 20:22:10 | {'user': 'alex', 'node': 'v100', 'debug': False, 'size': 500000, 'subsort': 'mp', 'sort': 'mpi', 'c': 24, 'p': 4} |       | c14    | haiyang | Linux | #1 SMP Tue Jul 26 14:15:37 UTC 2022 |
| mpi-generate  | ok       |  0.004 | 0.004 | 2022-11-19 20:22:10 | {'user': 'alex', 'node': 'v100', 'debug': False, 'size': 500000, 'subsort': 'mp', 'sort': 'mpi', 'c': 24, 'p': 4} |       | c14    | haiyang | Linux | #1 SMP Tue Jul 26 14:15:37 UTC 2022 |
+---------------+----------+--------+-------+---------------------+-------------------------------------------------------------------------------------------------------------------+-------+--------+---------+-------+-------------------------------------+
# csv,timer,status,time,sum,start,tag,msg,uname.node,user,uname.system,platform.version
# csv,mpi-mergesort,ok,1.147,1.147,2022-11-19 20:22:10,{'user': 'alex', 'node': 'v100', 'debug': False, 'size': 500000, 'subsort': 'mp', 'sort': 'mpi', 'c': 24, 'p': 4},None,c14,haiyang,Linux,#1 SMP Tue Jul 26 14:15:37 UTC 2022
# csv,mpi-generate,ok,0.004,0.004,2022-11-19 20:22:10,{'user': 'alex', 'node': 'v100', 'debug': False, 'size': 500000, 'subsort': 'mp', 'sort': 'mpi', 'c': 24, 'p': 4},None,c14,haiyang,Linux,#1 SMP Tue Jul 26 14:15:37 UTC 2022


+---------------------------------+----------------------------------------------------+
| Attribute                       | Value                                              |
|---------------------------------+----------------------------------------------------|
| ANSI_COLOR                      | "0;31"                                             |
| BUG_REPORT_URL                  | "https://bugzilla.redhat.com/"                     |
| CPE_NAME                        | "cpe:/o:redhat:enterprise_linux:7.9:GA:server"     |
| HOME_URL                        | "https://www.redhat.com/"                          |
| ID                              | "rhel"                                             |
| ID_LIKE                         | "fedora"                                           |
| NAME                            | "Red Hat Enterprise Linux Server"                  |
| PRETTY_NAME                     | "Red Hat Enterprise Linux Server 7.9 (Maipo)"      |
| REDHAT_BUGZILLA_PRODUCT         | "Red Hat Enterprise Linux 7"                       |
| REDHAT_BUGZILLA_PRODUCT_VERSION | 7.9                                                |
| REDHAT_SUPPORT_PRODUCT          | "Red Hat Enterprise Linux"                         |
| REDHAT_SUPPORT_PRODUCT_VERSION  | "7.9"                                              |
| VARIANT                         | "Server"                                           |
| VARIANT_ID                      | "server"                                           |
| VERSION                         | "7.9 (Maipo)"                                      |
| VERSION_ID                      | "7.9"                                              |
| cpu                             | Intel(R) Xeon(R) CPU E5-2680 v3 @ 2.50GHz          |
| cpu_cores                       | 24                                                 |
| cpu_count                       | 24                                                 |
| cpu_threads                     | 24                                                 |
| date                            | 2022-11-19 20:22:15.673433                         |
| frequency                       | scpufreq(current=2.650625, min=1200.0, max=3300.0) |
| mem.active                      | 90.4 GiB                                           |
| mem.available                   | 171.3 GiB                                          |
| mem.free                        | 123.6 GiB                                          |
| mem.inactive                    | 19.7 GiB                                           |
| mem.percent                     | 31.8 %                                             |
| mem.total                       | 251.1 GiB                                          |
| mem.used                        | 72.2 GiB                                           |
| platform.version                | #1 SMP Tue Jul 26 14:15:37 UTC 2022                |
| python                          | 3.9.8 (main, Feb  8 2022, 08:35:13)                |
|                                 | [GCC 6.3.0]                                        |
| python.pip                      | 22.2.2                                             |
| python.version                  | 3.9.8                                              |
| sys.platform                    | linux                                              |
| uname.machine                   | x86_64                                             |
| uname.node                      | c14                                                |
| uname.processor                 | x86_64                                             |
| uname.release                   | 3.10.0-1160.76.1.el7.x86_64                        |
| uname.system                    | Linux                                              |
| uname.version                   | #1 SMP Tue Jul 26 14:15:37 UTC 2022                |
| user                            | haiyang                                            |
+---------------------------------+----------------------------------------------------+

+---------------+----------+--------+-------+---------------------+-------------------------------------------------------------------------------------------------------------------+-------+--------+---------+-------+-------------------------------------+
| Name          | Status   |   Time |   Sum | Start               | tag                                                                                                               | msg   | Node   | User    | OS    | Version                             |
|---------------+----------+--------+-------+---------------------+-------------------------------------------------------------------------------------------------------------------+-------+--------+---------+-------+-------------------------------------|
| mpi-mergesort | ok       |  1.211 | 1.211 | 2022-11-19 20:22:14 | {'user': 'alex', 'node': 'v100', 'debug': False, 'size': 500000, 'subsort': 'mp', 'sort': 'mpi', 'c': 24, 'p': 4} |       | c14    | haiyang | Linux | #1 SMP Tue Jul 26 14:15:37 UTC 2022 |
| mpi-generate  | ok       |  0.004 | 0.004 | 2022-11-19 20:22:14 | {'user': 'alex', 'node': 'v100', 'debug': False, 'size': 500000, 'subsort': 'mp', 'sort': 'mpi', 'c': 24, 'p': 4} |       | c14    | haiyang | Linux | #1 SMP Tue Jul 26 14:15:37 UTC 2022 |
+---------------+----------+--------+-------+---------------------+-------------------------------------------------------------------------------------------------------------------+-------+--------+---------+-------+-------------------------------------+
# csv,timer,status,time,sum,start,tag,msg,uname.node,user,uname.system,platform.version
# csv,mpi-mergesort,ok,1.211,1.211,2022-11-19 20:22:14,{'user': 'alex', 'node': 'v100', 'debug': False, 'size': 500000, 'subsort': 'mp', 'sort': 'mpi', 'c': 24, 'p': 4},None,c14,haiyang,Linux,#1 SMP Tue Jul 26 14:15:37 UTC 2022
# csv,mpi-generate,ok,0.004,0.004,2022-11-19 20:22:14,{'user': 'alex', 'node': 'v100', 'debug': False, 'size': 500000, 'subsort': 'mp', 'sort': 'mpi', 'c': 24, 'p': 4},None,c14,haiyang,Linux,#1 SMP Tue Jul 26 14:15:37 UTC 2022


+---------------------------------+--------------------------------------------------------------+
| Attribute                       | Value                                                        |
|---------------------------------+--------------------------------------------------------------|
| ANSI_COLOR                      | "0;31"                                                       |
| BUG_REPORT_URL                  | "https://bugzilla.redhat.com/"                               |
| CPE_NAME                        | "cpe:/o:redhat:enterprise_linux:7.9:GA:server"               |
| HOME_URL                        | "https://www.redhat.com/"                                    |
| ID                              | "rhel"                                                       |
| ID_LIKE                         | "fedora"                                                     |
| NAME                            | "Red Hat Enterprise Linux Server"                            |
| PRETTY_NAME                     | "Red Hat Enterprise Linux Server 7.9 (Maipo)"                |
| REDHAT_BUGZILLA_PRODUCT         | "Red Hat Enterprise Linux 7"                                 |
| REDHAT_BUGZILLA_PRODUCT_VERSION | 7.9                                                          |
| REDHAT_SUPPORT_PRODUCT          | "Red Hat Enterprise Linux"                                   |
| REDHAT_SUPPORT_PRODUCT_VERSION  | "7.9"                                                        |
| VARIANT                         | "Server"                                                     |
| VARIANT_ID                      | "server"                                                     |
| VERSION                         | "7.9 (Maipo)"                                                |
| VERSION_ID                      | "7.9"                                                        |
| cpu                             | Intel(R) Xeon(R) CPU E5-2680 v3 @ 2.50GHz                    |
| cpu_cores                       | 24                                                           |
| cpu_count                       | 24                                                           |
| cpu_threads                     | 24                                                           |
| date                            | 2022-11-19 20:22:19.616546                                   |
| frequency                       | scpufreq(current=2.6180833333333333, min=1200.0, max=3300.0) |
| mem.active                      | 90.6 GiB                                                     |
| mem.available                   | 171.2 GiB                                                    |
| mem.free                        | 123.4 GiB                                                    |
| mem.inactive                    | 19.7 GiB                                                     |
| mem.percent                     | 31.8 %                                                       |
| mem.total                       | 251.1 GiB                                                    |
| mem.used                        | 72.4 GiB                                                     |
| platform.version                | #1 SMP Tue Jul 26 14:15:37 UTC 2022                          |
| python                          | 3.9.8 (main, Feb  8 2022, 08:35:13)                          |
|                                 | [GCC 6.3.0]                                                  |
| python.pip                      | 22.2.2                                                       |
| python.version                  | 3.9.8                                                        |
| sys.platform                    | linux                                                        |
| uname.machine                   | x86_64                                                       |
| uname.node                      | c14                                                          |
| uname.processor                 | x86_64                                                       |
| uname.release                   | 3.10.0-1160.76.1.el7.x86_64                                  |
| uname.system                    | Linux                                                        |
| uname.version                   | #1 SMP Tue Jul 26 14:15:37 UTC 2022                          |
| user                            | haiyang                                                      |
+---------------------------------+--------------------------------------------------------------+

+---------------+----------+--------+-------+---------------------+-------------------------------------------------------------------------------------------------------------------+-------+--------+---------+-------+-------------------------------------+
| Name          | Status   |   Time |   Sum | Start               | tag                                                                                                               | msg   | Node   | User    | OS    | Version                             |
|---------------+----------+--------+-------+---------------------+-------------------------------------------------------------------------------------------------------------------+-------+--------+---------+-------+-------------------------------------|
| mpi-mergesort | ok       |  1.295 | 1.295 | 2022-11-19 20:22:18 | {'user': 'alex', 'node': 'v100', 'debug': False, 'size': 500000, 'subsort': 'mp', 'sort': 'mpi', 'c': 24, 'p': 4} |       | c14    | haiyang | Linux | #1 SMP Tue Jul 26 14:15:37 UTC 2022 |
| mpi-generate  | ok       |  0.004 | 0.004 | 2022-11-19 20:22:18 | {'user': 'alex', 'node': 'v100', 'debug': False, 'size': 500000, 'subsort': 'mp', 'sort': 'mpi', 'c': 24, 'p': 4} |       | c14    | haiyang | Linux | #1 SMP Tue Jul 26 14:15:37 UTC 2022 |
+---------------+----------+--------+-------+---------------------+-------------------------------------------------------------------------------------------------------------------+-------+--------+---------+-------+-------------------------------------+
# csv,timer,status,time,sum,start,tag,msg,uname.node,user,uname.system,platform.version
# csv,mpi-mergesort,ok,1.295,1.295,2022-11-19 20:22:18,{'user': 'alex', 'node': 'v100', 'debug': False, 'size': 500000, 'subsort': 'mp', 'sort': 'mpi', 'c': 24, 'p': 4},None,c14,haiyang,Linux,#1 SMP Tue Jul 26 14:15:37 UTC 2022
# csv,mpi-generate,ok,0.004,0.004,2022-11-19 20:22:18,{'user': 'alex', 'node': 'v100', 'debug': False, 'size': 500000, 'subsort': 'mp', 'sort': 'mpi', 'c': 24, 'p': 4},None,c14,haiyang,Linux,#1 SMP Tue Jul 26 14:15:37 UTC 2022


+---------------------------------+--------------------------------------------------------------+
| Attribute                       | Value                                                        |
|---------------------------------+--------------------------------------------------------------|
| ANSI_COLOR                      | "0;31"                                                       |
| BUG_REPORT_URL                  | "https://bugzilla.redhat.com/"                               |
| CPE_NAME                        | "cpe:/o:redhat:enterprise_linux:7.9:GA:server"               |
| HOME_URL                        | "https://www.redhat.com/"                                    |
| ID                              | "rhel"                                                       |
| ID_LIKE                         | "fedora"                                                     |
| NAME                            | "Red Hat Enterprise Linux Server"                            |
| PRETTY_NAME                     | "Red Hat Enterprise Linux Server 7.9 (Maipo)"                |
| REDHAT_BUGZILLA_PRODUCT         | "Red Hat Enterprise Linux 7"                                 |
| REDHAT_BUGZILLA_PRODUCT_VERSION | 7.9                                                          |
| REDHAT_SUPPORT_PRODUCT          | "Red Hat Enterprise Linux"                                   |
| REDHAT_SUPPORT_PRODUCT_VERSION  | "7.9"                                                        |
| VARIANT                         | "Server"                                                     |
| VARIANT_ID                      | "server"                                                     |
| VERSION                         | "7.9 (Maipo)"                                                |
| VERSION_ID                      | "7.9"                                                        |
| cpu                             | Intel(R) Xeon(R) CPU E5-2680 v3 @ 2.50GHz                    |
| cpu_cores                       | 24                                                           |
| cpu_count                       | 24                                                           |
| cpu_threads                     | 24                                                           |
| date                            | 2022-11-19 20:22:23.587626                                   |
| frequency                       | scpufreq(current=2.5667500000000003, min=1200.0, max=3300.0) |
| mem.active                      | 90.7 GiB                                                     |
| mem.available                   | 171.0 GiB                                                    |
| mem.free                        | 123.2 GiB                                                    |
| mem.inactive                    | 19.7 GiB                                                     |
| mem.percent                     | 31.9 %                                                       |
| mem.total                       | 251.1 GiB                                                    |
| mem.used                        | 72.5 GiB                                                     |
| platform.version                | #1 SMP Tue Jul 26 14:15:37 UTC 2022                          |
| python                          | 3.9.8 (main, Feb  8 2022, 08:35:13)                          |
|                                 | [GCC 6.3.0]                                                  |
| python.pip                      | 22.2.2                                                       |
| python.version                  | 3.9.8                                                        |
| sys.platform                    | linux                                                        |
| uname.machine                   | x86_64                                                       |
| uname.node                      | c14                                                          |
| uname.processor                 | x86_64                                                       |
| uname.release                   | 3.10.0-1160.76.1.el7.x86_64                                  |
| uname.system                    | Linux                                                        |
| uname.version                   | #1 SMP Tue Jul 26 14:15:37 UTC 2022                          |
| user                            | haiyang                                                      |
+---------------------------------+--------------------------------------------------------------+

+---------------+----------+--------+-------+---------------------+-------------------------------------------------------------------------------------------------------------------+-------+--------+---------+-------+-------------------------------------+
| Name          | Status   |   Time |   Sum | Start               | tag                                                                                                               | msg   | Node   | User    | OS    | Version                             |
|---------------+----------+--------+-------+---------------------+-------------------------------------------------------------------------------------------------------------------+-------+--------+---------+-------+-------------------------------------|
| mpi-mergesort | ok       |  1.271 | 1.271 | 2022-11-19 20:22:22 | {'user': 'alex', 'node': 'v100', 'debug': False, 'size': 500000, 'subsort': 'mp', 'sort': 'mpi', 'c': 24, 'p': 4} |       | c14    | haiyang | Linux | #1 SMP Tue Jul 26 14:15:37 UTC 2022 |
| mpi-generate  | ok       |  0.004 | 0.004 | 2022-11-19 20:22:22 | {'user': 'alex', 'node': 'v100', 'debug': False, 'size': 500000, 'subsort': 'mp', 'sort': 'mpi', 'c': 24, 'p': 4} |       | c14    | haiyang | Linux | #1 SMP Tue Jul 26 14:15:37 UTC 2022 |
+---------------+----------+--------+-------+---------------------+-------------------------------------------------------------------------------------------------------------------+-------+--------+---------+-------+-------------------------------------+
# csv,timer,status,time,sum,start,tag,msg,uname.node,user,uname.system,platform.version
# csv,mpi-mergesort,ok,1.271,1.271,2022-11-19 20:22:22,{'user': 'alex', 'node': 'v100', 'debug': False, 'size': 500000, 'subsort': 'mp', 'sort': 'mpi', 'c': 24, 'p': 4},None,c14,haiyang,Linux,#1 SMP Tue Jul 26 14:15:37 UTC 2022
# csv,mpi-generate,ok,0.004,0.004,2022-11-19 20:22:22,{'user': 'alex', 'node': 'v100', 'debug': False, 'size': 500000, 'subsort': 'mp', 'sort': 'mpi', 'c': 24, 'p': 4},None,c14,haiyang,Linux,#1 SMP Tue Jul 26 14:15:37 UTC 2022


+---------------------------------+----------------------------------------------------+
| Attribute                       | Value                                              |
|---------------------------------+----------------------------------------------------|
| ANSI_COLOR                      | "0;31"                                             |
| BUG_REPORT_URL                  | "https://bugzilla.redhat.com/"                     |
| CPE_NAME                        | "cpe:/o:redhat:enterprise_linux:7.9:GA:server"     |
| HOME_URL                        | "https://www.redhat.com/"                          |
| ID                              | "rhel"                                             |
| ID_LIKE                         | "fedora"                                           |
| NAME                            | "Red Hat Enterprise Linux Server"                  |
| PRETTY_NAME                     | "Red Hat Enterprise Linux Server 7.9 (Maipo)"      |
| REDHAT_BUGZILLA_PRODUCT         | "Red Hat Enterprise Linux 7"                       |
| REDHAT_BUGZILLA_PRODUCT_VERSION | 7.9                                                |
| REDHAT_SUPPORT_PRODUCT          | "Red Hat Enterprise Linux"                         |
| REDHAT_SUPPORT_PRODUCT_VERSION  | "7.9"                                              |
| VARIANT                         | "Server"                                           |
| VARIANT_ID                      | "server"                                           |
| VERSION                         | "7.9 (Maipo)"                                      |
| VERSION_ID                      | "7.9"                                              |
| cpu                             | Intel(R) Xeon(R) CPU E5-2680 v3 @ 2.50GHz          |
| cpu_cores                       | 24                                                 |
| cpu_count                       | 24                                                 |
| cpu_threads                     | 24                                                 |
| date                            | 2022-11-19 20:22:27.430527                         |
| frequency                       | scpufreq(current=2.636125, min=1200.0, max=3300.0) |
| mem.active                      | 90.9 GiB                                           |
| mem.available                   | 170.8 GiB                                          |
| mem.free                        | 123.0 GiB                                          |
| mem.inactive                    | 19.7 GiB                                           |
| mem.percent                     | 32.0 %                                             |
| mem.total                       | 251.1 GiB                                          |
| mem.used                        | 72.7 GiB                                           |
| platform.version                | #1 SMP Tue Jul 26 14:15:37 UTC 2022                |
| python                          | 3.9.8 (main, Feb  8 2022, 08:35:13)                |
|                                 | [GCC 6.3.0]                                        |
| python.pip                      | 22.2.2                                             |
| python.version                  | 3.9.8                                              |
| sys.platform                    | linux                                              |
| uname.machine                   | x86_64                                             |
| uname.node                      | c14                                                |
| uname.processor                 | x86_64                                             |
| uname.release                   | 3.10.0-1160.76.1.el7.x86_64                        |
| uname.system                    | Linux                                              |
| uname.version                   | #1 SMP Tue Jul 26 14:15:37 UTC 2022                |
| user                            | haiyang                                            |
+---------------------------------+----------------------------------------------------+

+---------------+----------+--------+-------+---------------------+-------------------------------------------------------------------------------------------------------------------+-------+--------+---------+-------+-------------------------------------+
| Name          | Status   |   Time |   Sum | Start               | tag                                                                                                               | msg   | Node   | User    | OS    | Version                             |
|---------------+----------+--------+-------+---------------------+-------------------------------------------------------------------------------------------------------------------+-------+--------+---------+-------+-------------------------------------|
| mpi-mergesort | ok       |  1.183 | 1.183 | 2022-11-19 20:22:26 | {'user': 'alex', 'node': 'v100', 'debug': False, 'size': 500000, 'subsort': 'mp', 'sort': 'mpi', 'c': 24, 'p': 4} |       | c14    | haiyang | Linux | #1 SMP Tue Jul 26 14:15:37 UTC 2022 |
| mpi-generate  | ok       |  0.004 | 0.004 | 2022-11-19 20:22:26 | {'user': 'alex', 'node': 'v100', 'debug': False, 'size': 500000, 'subsort': 'mp', 'sort': 'mpi', 'c': 24, 'p': 4} |       | c14    | haiyang | Linux | #1 SMP Tue Jul 26 14:15:37 UTC 2022 |
+---------------+----------+--------+-------+---------------------+-------------------------------------------------------------------------------------------------------------------+-------+--------+---------+-------+-------------------------------------+
# csv,timer,status,time,sum,start,tag,msg,uname.node,user,uname.system,platform.version
# csv,mpi-mergesort,ok,1.183,1.183,2022-11-19 20:22:26,{'user': 'alex', 'node': 'v100', 'debug': False, 'size': 500000, 'subsort': 'mp', 'sort': 'mpi', 'c': 24, 'p': 4},None,c14,haiyang,Linux,#1 SMP Tue Jul 26 14:15:37 UTC 2022
# csv,mpi-generate,ok,0.004,0.004,2022-11-19 20:22:26,{'user': 'alex', 'node': 'v100', 'debug': False, 'size': 500000, 'subsort': 'mp', 'sort': 'mpi', 'c': 24, 'p': 4},None,c14,haiyang,Linux,#1 SMP Tue Jul 26 14:15:37 UTC 2022


+---------------------------------+--------------------------------------------------------------+
| Attribute                       | Value                                                        |
|---------------------------------+--------------------------------------------------------------|
| ANSI_COLOR                      | "0;31"                                                       |
| BUG_REPORT_URL                  | "https://bugzilla.redhat.com/"                               |
| CPE_NAME                        | "cpe:/o:redhat:enterprise_linux:7.9:GA:server"               |
| HOME_URL                        | "https://www.redhat.com/"                                    |
| ID                              | "rhel"                                                       |
| ID_LIKE                         | "fedora"                                                     |
| NAME                            | "Red Hat Enterprise Linux Server"                            |
| PRETTY_NAME                     | "Red Hat Enterprise Linux Server 7.9 (Maipo)"                |
| REDHAT_BUGZILLA_PRODUCT         | "Red Hat Enterprise Linux 7"                                 |
| REDHAT_BUGZILLA_PRODUCT_VERSION | 7.9                                                          |
| REDHAT_SUPPORT_PRODUCT          | "Red Hat Enterprise Linux"                                   |
| REDHAT_SUPPORT_PRODUCT_VERSION  | "7.9"                                                        |
| VARIANT                         | "Server"                                                     |
| VARIANT_ID                      | "server"                                                     |
| VERSION                         | "7.9 (Maipo)"                                                |
| VERSION_ID                      | "7.9"                                                        |
| cpu                             | Intel(R) Xeon(R) CPU E5-2680 v3 @ 2.50GHz                    |
| cpu_cores                       | 24                                                           |
| cpu_count                       | 24                                                           |
| cpu_threads                     | 24                                                           |
| date                            | 2022-11-19 20:22:31.536680                                   |
| frequency                       | scpufreq(current=2.6323749999999997, min=1200.0, max=3300.0) |
| mem.active                      | 91.2 GiB                                                     |
| mem.available                   | 170.6 GiB                                                    |
| mem.free                        | 122.8 GiB                                                    |
| mem.inactive                    | 19.7 GiB                                                     |
| mem.percent                     | 32.1 %                                                       |
| mem.total                       | 251.1 GiB                                                    |
| mem.used                        | 73.0 GiB                                                     |
| platform.version                | #1 SMP Tue Jul 26 14:15:37 UTC 2022                          |
| python                          | 3.9.8 (main, Feb  8 2022, 08:35:13)                          |
|                                 | [GCC 6.3.0]                                                  |
| python.pip                      | 22.2.2                                                       |
| python.version                  | 3.9.8                                                        |
| sys.platform                    | linux                                                        |
| uname.machine                   | x86_64                                                       |
| uname.node                      | c14                                                          |
| uname.processor                 | x86_64                                                       |
| uname.release                   | 3.10.0-1160.76.1.el7.x86_64                                  |
| uname.system                    | Linux                                                        |
| uname.version                   | #1 SMP Tue Jul 26 14:15:37 UTC 2022                          |
| user                            | haiyang                                                      |
+---------------------------------+--------------------------------------------------------------+

+---------------+----------+--------+-------+---------------------+-------------------------------------------------------------------------------------------------------------------+-------+--------+---------+-------+-------------------------------------+
| Name          | Status   |   Time |   Sum | Start               | tag                                                                                                               | msg   | Node   | User    | OS    | Version                             |
|---------------+----------+--------+-------+---------------------+-------------------------------------------------------------------------------------------------------------------+-------+--------+---------+-------+-------------------------------------|
| mpi-mergesort | ok       |  1.437 | 1.437 | 2022-11-19 20:22:30 | {'user': 'alex', 'node': 'v100', 'debug': False, 'size': 500000, 'subsort': 'mp', 'sort': 'mpi', 'c': 24, 'p': 4} |       | c14    | haiyang | Linux | #1 SMP Tue Jul 26 14:15:37 UTC 2022 |
| mpi-generate  | ok       |  0.004 | 0.004 | 2022-11-19 20:22:30 | {'user': 'alex', 'node': 'v100', 'debug': False, 'size': 500000, 'subsort': 'mp', 'sort': 'mpi', 'c': 24, 'p': 4} |       | c14    | haiyang | Linux | #1 SMP Tue Jul 26 14:15:37 UTC 2022 |
+---------------+----------+--------+-------+---------------------+-------------------------------------------------------------------------------------------------------------------+-------+--------+---------+-------+-------------------------------------+
# csv,timer,status,time,sum,start,tag,msg,uname.node,user,uname.system,platform.version
# csv,mpi-mergesort,ok,1.437,1.437,2022-11-19 20:22:30,{'user': 'alex', 'node': 'v100', 'debug': False, 'size': 500000, 'subsort': 'mp', 'sort': 'mpi', 'c': 24, 'p': 4},None,c14,haiyang,Linux,#1 SMP Tue Jul 26 14:15:37 UTC 2022
# csv,mpi-generate,ok,0.004,0.004,2022-11-19 20:22:30,{'user': 'alex', 'node': 'v100', 'debug': False, 'size': 500000, 'subsort': 'mp', 'sort': 'mpi', 'c': 24, 'p': 4},None,c14,haiyang,Linux,#1 SMP Tue Jul 26 14:15:37 UTC 2022


+---------------------------------+----------------------------------------------------+
| Attribute                       | Value                                              |
|---------------------------------+----------------------------------------------------|
| ANSI_COLOR                      | "0;31"                                             |
| BUG_REPORT_URL                  | "https://bugzilla.redhat.com/"                     |
| CPE_NAME                        | "cpe:/o:redhat:enterprise_linux:7.9:GA:server"     |
| HOME_URL                        | "https://www.redhat.com/"                          |
| ID                              | "rhel"                                             |
| ID_LIKE                         | "fedora"                                           |
| NAME                            | "Red Hat Enterprise Linux Server"                  |
| PRETTY_NAME                     | "Red Hat Enterprise Linux Server 7.9 (Maipo)"      |
| REDHAT_BUGZILLA_PRODUCT         | "Red Hat Enterprise Linux 7"                       |
| REDHAT_BUGZILLA_PRODUCT_VERSION | 7.9                                                |
| REDHAT_SUPPORT_PRODUCT          | "Red Hat Enterprise Linux"                         |
| REDHAT_SUPPORT_PRODUCT_VERSION  | "7.9"                                              |
| VARIANT                         | "Server"                                           |
| VARIANT_ID                      | "server"                                           |
| VERSION                         | "7.9 (Maipo)"                                      |
| VERSION_ID                      | "7.9"                                              |
| cpu                             | Intel(R) Xeon(R) CPU E5-2680 v3 @ 2.50GHz          |
| cpu_cores                       | 24                                                 |
| cpu_count                       | 24                                                 |
| cpu_threads                     | 24                                                 |
| date                            | 2022-11-19 20:22:35.540226                         |
| frequency                       | scpufreq(current=2.613375, min=1200.0, max=3300.0) |
| mem.active                      | 92.2 GiB                                           |
| mem.available                   | 169.5 GiB                                          |
| mem.free                        | 121.7 GiB                                          |
| mem.inactive                    | 19.7 GiB                                           |
| mem.percent                     | 32.5 %                                             |
| mem.total                       | 251.1 GiB                                          |
| mem.used                        | 74.0 GiB                                           |
| platform.version                | #1 SMP Tue Jul 26 14:15:37 UTC 2022                |
| python                          | 3.9.8 (main, Feb  8 2022, 08:35:13)                |
|                                 | [GCC 6.3.0]                                        |
| python.pip                      | 22.2.2                                             |
| python.version                  | 3.9.8                                              |
| sys.platform                    | linux                                              |
| uname.machine                   | x86_64                                             |
| uname.node                      | c14                                                |
| uname.processor                 | x86_64                                             |
| uname.release                   | 3.10.0-1160.76.1.el7.x86_64                        |
| uname.system                    | Linux                                              |
| uname.version                   | #1 SMP Tue Jul 26 14:15:37 UTC 2022                |
| user                            | haiyang                                            |
+---------------------------------+----------------------------------------------------+

+---------------+----------+--------+-------+---------------------+-------------------------------------------------------------------------------------------------------------------+-------+--------+---------+-------+-------------------------------------+
| Name          | Status   |   Time |   Sum | Start               | tag                                                                                                               | msg   | Node   | User    | OS    | Version                             |
|---------------+----------+--------+-------+---------------------+-------------------------------------------------------------------------------------------------------------------+-------+--------+---------+-------+-------------------------------------|
| mpi-mergesort | ok       |  1.273 | 1.273 | 2022-11-19 20:22:34 | {'user': 'alex', 'node': 'v100', 'debug': False, 'size': 500000, 'subsort': 'mp', 'sort': 'mpi', 'c': 24, 'p': 4} |       | c14    | haiyang | Linux | #1 SMP Tue Jul 26 14:15:37 UTC 2022 |
| mpi-generate  | ok       |  0.004 | 0.004 | 2022-11-19 20:22:34 | {'user': 'alex', 'node': 'v100', 'debug': False, 'size': 500000, 'subsort': 'mp', 'sort': 'mpi', 'c': 24, 'p': 4} |       | c14    | haiyang | Linux | #1 SMP Tue Jul 26 14:15:37 UTC 2022 |
+---------------+----------+--------+-------+---------------------+-------------------------------------------------------------------------------------------------------------------+-------+--------+---------+-------+-------------------------------------+
# csv,timer,status,time,sum,start,tag,msg,uname.node,user,uname.system,platform.version
# csv,mpi-mergesort,ok,1.273,1.273,2022-11-19 20:22:34,{'user': 'alex', 'node': 'v100', 'debug': False, 'size': 500000, 'subsort': 'mp', 'sort': 'mpi', 'c': 24, 'p': 4},None,c14,haiyang,Linux,#1 SMP Tue Jul 26 14:15:37 UTC 2022
# csv,mpi-generate,ok,0.004,0.004,2022-11-19 20:22:34,{'user': 'alex', 'node': 'v100', 'debug': False, 'size': 500000, 'subsort': 'mp', 'sort': 'mpi', 'c': 24, 'p': 4},None,c14,haiyang,Linux,#1 SMP Tue Jul 26 14:15:37 UTC 2022


+---------------------------------+--------------------------------------------------------------+
| Attribute                       | Value                                                        |
|---------------------------------+--------------------------------------------------------------|
| ANSI_COLOR                      | "0;31"                                                       |
| BUG_REPORT_URL                  | "https://bugzilla.redhat.com/"                               |
| CPE_NAME                        | "cpe:/o:redhat:enterprise_linux:7.9:GA:server"               |
| HOME_URL                        | "https://www.redhat.com/"                                    |
| ID                              | "rhel"                                                       |
| ID_LIKE                         | "fedora"                                                     |
| NAME                            | "Red Hat Enterprise Linux Server"                            |
| PRETTY_NAME                     | "Red Hat Enterprise Linux Server 7.9 (Maipo)"                |
| REDHAT_BUGZILLA_PRODUCT         | "Red Hat Enterprise Linux 7"                                 |
| REDHAT_BUGZILLA_PRODUCT_VERSION | 7.9                                                          |
| REDHAT_SUPPORT_PRODUCT          | "Red Hat Enterprise Linux"                                   |
| REDHAT_SUPPORT_PRODUCT_VERSION  | "7.9"                                                        |
| VARIANT                         | "Server"                                                     |
| VARIANT_ID                      | "server"                                                     |
| VERSION                         | "7.9 (Maipo)"                                                |
| VERSION_ID                      | "7.9"                                                        |
| cpu                             | Intel(R) Xeon(R) CPU E5-2680 v3 @ 2.50GHz                    |
| cpu_cores                       | 24                                                           |
| cpu_count                       | 24                                                           |
| cpu_threads                     | 24                                                           |
| date                            | 2022-11-19 20:22:39.566742                                   |
| frequency                       | scpufreq(current=2.7485416666666667, min=1200.0, max=3300.0) |
| mem.active                      | 92.7 GiB                                                     |
| mem.available                   | 168.9 GiB                                                    |
| mem.free                        | 120.3 GiB                                                    |
| mem.inactive                    | 20.6 GiB                                                     |
| mem.percent                     | 32.7 %                                                       |
| mem.total                       | 251.1 GiB                                                    |
| mem.used                        | 74.6 GiB                                                     |
| platform.version                | #1 SMP Tue Jul 26 14:15:37 UTC 2022                          |
| python                          | 3.9.8 (main, Feb  8 2022, 08:35:13)                          |
|                                 | [GCC 6.3.0]                                                  |
| python.pip                      | 22.2.2                                                       |
| python.version                  | 3.9.8                                                        |
| sys.platform                    | linux                                                        |
| uname.machine                   | x86_64                                                       |
| uname.node                      | c14                                                          |
| uname.processor                 | x86_64                                                       |
| uname.release                   | 3.10.0-1160.76.1.el7.x86_64                                  |
| uname.system                    | Linux                                                        |
| uname.version                   | #1 SMP Tue Jul 26 14:15:37 UTC 2022                          |
| user                            | haiyang                                                      |
+---------------------------------+--------------------------------------------------------------+

+---------------+----------+--------+-------+---------------------+-------------------------------------------------------------------------------------------------------------------+-------+--------+---------+-------+-------------------------------------+
| Name          | Status   |   Time |   Sum | Start               | tag                                                                                                               | msg   | Node   | User    | OS    | Version                             |
|---------------+----------+--------+-------+---------------------+-------------------------------------------------------------------------------------------------------------------+-------+--------+---------+-------+-------------------------------------|
| mpi-mergesort | ok       |  1.331 | 1.331 | 2022-11-19 20:22:38 | {'user': 'alex', 'node': 'v100', 'debug': False, 'size': 500000, 'subsort': 'mp', 'sort': 'mpi', 'c': 24, 'p': 4} |       | c14    | haiyang | Linux | #1 SMP Tue Jul 26 14:15:37 UTC 2022 |
| mpi-generate  | ok       |  0.004 | 0.004 | 2022-11-19 20:22:38 | {'user': 'alex', 'node': 'v100', 'debug': False, 'size': 500000, 'subsort': 'mp', 'sort': 'mpi', 'c': 24, 'p': 4} |       | c14    | haiyang | Linux | #1 SMP Tue Jul 26 14:15:37 UTC 2022 |
+---------------+----------+--------+-------+---------------------+-------------------------------------------------------------------------------------------------------------------+-------+--------+---------+-------+-------------------------------------+
# csv,timer,status,time,sum,start,tag,msg,uname.node,user,uname.system,platform.version
# csv,mpi-mergesort,ok,1.331,1.331,2022-11-19 20:22:38,{'user': 'alex', 'node': 'v100', 'debug': False, 'size': 500000, 'subsort': 'mp', 'sort': 'mpi', 'c': 24, 'p': 4},None,c14,haiyang,Linux,#1 SMP Tue Jul 26 14:15:37 UTC 2022
# csv,mpi-generate,ok,0.004,0.004,2022-11-19 20:22:38,{'user': 'alex', 'node': 'v100', 'debug': False, 'size': 500000, 'subsort': 'mp', 'sort': 'mpi', 'c': 24, 'p': 4},None,c14,haiyang,Linux,#1 SMP Tue Jul 26 14:15:37 UTC 2022

