Starting experiment
Processes: 2
Cores:     20
Size:      50000
Repeat:    5
Debug:     False
Sort:      MPI
Algorithm: mp
Tag:       None
Total:     5
Experiment 4         : size=50000 processes=2 cores=20 repeat=0 last_time=undefined                     
Experiment 3         : size=50000 processes=2 cores=20 repeat=1 last_time=undefined                     
Experiment 2         : size=50000 processes=2 cores=20 repeat=2 last_time=undefined                     
Experiment 1         : size=50000 processes=2 cores=20 repeat=3 last_time=undefined                     
Experiment 0         : size=50000 processes=2 cores=20 repeat=4 last_time=undefined                     
           | "https://bugzilla.redhat.com/"                               |
| CPE_NAME                        | "cpe:/o:redhat:enterprise_linux:7.9:GA:server"               |
| HOME_URL                        | "https://www.redhat.com/"                                    |
| ID                              | "rhel"                                                       |
| ID_LIKE                         | "fedora"                                                     |
| NAME                            | "Red Hat Enterprise Linux Server"                            |
| PRETTY_NAME                     | "Red Hat Enterprise Linux Server 7.9 (Maipo)"                |
| REDHAT_BUGZILLA_PRODUCT         | "Red Hat Enterprise Linux 7"                                 |
| REDHAT_BUGZILLA_PRODUCT_VERSION | 7.9                                                          |
| REDHAT_SUPPORT_PRODUCT          | "Red Hat Enterprise Linux"                                   |
| REDHAT_SUPPORT_PRODUCT_VERSION  | "7.9"                                                        |
| VARIANT                         | "Server"                                                     |
| VARIANT_ID                      | "server"                                                     |
| VERSION                         | "7.9 (Maipo)"                                                |
| VERSION_ID                      | "7.9"                                                        |
| cpu                             | Intel(R) Xeon(R) CPU E5-2680 v3 @ 2.50GHz                    |
| cpu_cores                       | 24                                                           |
| cpu_count                       | 24                                                           |
| cpu_threads                     | 24                                                           |
| date                            | 2022-11-20 04:35:51.538175                                   |
| frequency                       | scpufreq(current=2.3268333333333335, min=1200.0, max=3300.0) |
| mem.active                      | 58.2 GiB                                                     |
| mem.available                   | 185.2 GiB                                                    |
| mem.free                        | 104.6 GiB                                                    |
| mem.inactive                    | 66.5 GiB                                                     |
| mem.percent                     | 26.2 %                                                       |
| mem.total                       | 251.1 GiB                                                    |
| mem.used                        | 58.2 GiB                                                     |
| platform.version                | #1 SMP Tue Jul 26 14:15:37 UTC 2022                          |
| python                          | 3.9.8 (main, Feb  8 2022, 08:35:13)                          |
|                                 | [GCC 6.3.0]                                                  |
| python.pip                      | 22.2.2                                                       |
| python.version                  | 3.9.8                                                        |
| sys.platform                    | linux                                                        |
| uname.machine                   | x86_64                                                       |
| uname.node                      | c14                                                          |
| uname.processor                 | x86_64                                                       |
| uname.release                   | 3.10.0-1160.76.1.el7.x86_64                                  |
| uname.system                    | Linux                                                        |
| uname.version                   | #1 SMP Tue Jul 26 14:15:37 UTC 2022                          |
| user                            | haiyang                                                      |
+---------------------------------+--------------------------------------------------------------+

+---------------+----------+--------+-------+---------------------+------------------------------------------------------------------------------------------------------------------+-------+--------+---------+-------+-------------------------------------+
| Name          | Status   |   Time |   Sum | Start               | tag                                                                                                              | msg   | Node   | User    | OS    | Version                             |
|---------------+----------+--------+-------+---------------------+------------------------------------------------------------------------------------------------------------------+-------+--------+---------+-------+-------------------------------------|
| mpi-mergesort | ok       |  0.352 | 0.352 | 2022-11-20 04:35:51 | {'user': 'alex', 'node': 'v100', 'debug': False, 'size': 50000, 'subsort': 'mp', 'sort': 'mpi', 'c': 20, 'p': 2} |       | c14    | haiyang | Linux | #1 SMP Tue Jul 26 14:15:37 UTC 2022 |
| mpi-generate  | ok       |  0.001 | 0.001 | 2022-11-20 04:35:51 | {'user': 'alex', 'node': 'v100', 'debug': False, 'size': 50000, 'subsort': 'mp', 'sort': 'mpi', 'c': 20, 'p': 2} |       | c14    | haiyang | Linux | #1 SMP Tue Jul 26 14:15:37 UTC 2022 |
+---------------+----------+--------+-------+---------------------+------------------------------------------------------------------------------------------------------------------+-------+--------+---------+-------+-------------------------------------+
# csv,timer,status,time,sum,start,tag,msg,uname.node,user,uname.system,platform.version
# csv,mpi-mergesort,ok,0.352,0.352,2022-11-20 04:35:51,{'user': 'alex', 'node': 'v100', 'debug': False, 'size': 50000, 'subsort': 'mp', 'sort': 'mpi', 'c': 20, 'p': 2},None,c14,haiyang,Linux,#1 SMP Tue Jul 26 14:15:37 UTC 2022
# csv,mpi-generate,ok,0.001,0.001,2022-11-20 04:35:51,{'user': 'alex', 'node': 'v100', 'debug': False, 'size': 50000, 'subsort': 'mp', 'sort': 'mpi', 'c': 20, 'p': 2},None,c14,haiyang,Linux,#1 SMP Tue Jul 26 14:15:37 UTC 2022


+---------------------------------+--------------------------------------------------------------+
| Attribute                       | Value                                                        |
|---------------------------------+--------------------------------------------------------------|
| ANSI_COLOR                      | "0;31"                                                       |
| BUG_REPORT_URL                  | "https://bugzilla.redhat.com/"                               |
| CPE_NAME                        | "cpe:/o:redhat:enterprise_linux:7.9:GA:server"               |
| HOME_URL                        | "https://www.redhat.com/"                                    |
| ID                              | "rhel"                                                       |
| ID_LIKE                         | "fedora"                                                     |
| NAME                            | "Red Hat Enterprise Linux Server"                            |
| PRETTY_NAME                     | "Red Hat Enterprise Linux Server 7.9 (Maipo)"                |
| REDHAT_BUGZILLA_PRODUCT         | "Red Hat Enterprise Linux 7"                                 |
| REDHAT_BUGZILLA_PRODUCT_VERSION | 7.9                                                          |
| REDHAT_SUPPORT_PRODUCT          | "Red Hat Enterprise Linux"                                   |
| REDHAT_SUPPORT_PRODUCT_VERSION  | "7.9"                                                        |
| VARIANT                         | "Server"                                                     |
| VARIANT_ID                      | "server"                                                     |
| VERSION                         | "7.9 (Maipo)"                                                |
| VERSION_ID                      | "7.9"                                                        |
| cpu                             | Intel(R) Xeon(R) CPU E5-2680 v3 @ 2.50GHz                    |
| cpu_cores                       | 24                                                           |
| cpu_count                       | 24                                                           |
| cpu_threads                     | 24                                                           |
| date                            | 2022-11-20 04:35:54.769722                                   |
| frequency                       | scpufreq(current=2.3813749999999994, min=1200.0, max=3300.0) |
| mem.active                      | 56.8 GiB                                                     |
| mem.available                   | 186.6 GiB                                                    |
| mem.free                        | 106.1 GiB                                                    |
| mem.inactive                    | 66.5 GiB                                                     |
| mem.percent                     | 25.7 %                                                       |
| mem.total                       | 251.1 GiB                                                    |
| mem.used                        | 56.8 GiB                                                     |
| platform.version                | #1 SMP Tue Jul 26 14:15:37 UTC 2022                          |
| python                          | 3.9.8 (main, Feb  8 2022, 08:35:13)                          |
|                                 | [GCC 6.3.0]                                                  |
| python.pip                      | 22.2.2                                                       |
| python.version                  | 3.9.8                                                        |
| sys.platform                    | linux                                                        |
| uname.machine                   | x86_64                                                       |
| uname.node                      | c14                                                          |
| uname.processor                 | x86_64                                                       |
| uname.release                   | 3.10.0-1160.76.1.el7.x86_64                                  |
| uname.system                    | Linux                                                        |
| uname.version                   | #1 SMP Tue Jul 26 14:15:37 UTC 2022                          |
| user                            | haiyang                                                      |
+---------------------------------+--------------------------------------------------------------+

+---------------+----------+--------+-------+---------------------+------------------------------------------------------------------------------------------------------------------+-------+--------+---------+-------+-------------------------------------+
| Name          | Status   |   Time |   Sum | Start               | tag                                                                                                              | msg   | Node   | User    | OS    | Version                             |
|---------------+----------+--------+-------+---------------------+------------------------------------------------------------------------------------------------------------------+-------+--------+---------+-------+-------------------------------------|
| mpi-mergesort | ok       |  0.318 | 0.318 | 2022-11-20 04:35:54 | {'user': 'alex', 'node': 'v100', 'debug': False, 'size': 50000, 'subsort': 'mp', 'sort': 'mpi', 'c': 20, 'p': 2} |       | c14    | haiyang | Linux | #1 SMP Tue Jul 26 14:15:37 UTC 2022 |
| mpi-generate  | ok       |  0.001 | 0.001 | 2022-11-20 04:35:54 | {'user': 'alex', 'node': 'v100', 'debug': False, 'size': 50000, 'subsort': 'mp', 'sort': 'mpi', 'c': 20, 'p': 2} |       | c14    | haiyang | Linux | #1 SMP Tue Jul 26 14:15:37 UTC 2022 |
+---------------+----------+--------+-------+---------------------+------------------------------------------------------------------------------------------------------------------+-------+--------+---------+-------+-------------------------------------+
# csv,timer,status,time,sum,start,tag,msg,uname.node,user,uname.system,platform.version
# csv,mpi-mergesort,ok,0.318,0.318,2022-11-20 04:35:54,{'user': 'alex', 'node': 'v100', 'debug': False, 'size': 50000, 'subsort': 'mp', 'sort': 'mpi', 'c': 20, 'p': 2},None,c14,haiyang,Linux,#1 SMP Tue Jul 26 14:15:37 UTC 2022
# csv,mpi-generate,ok,0.001,0.001,2022-11-20 04:35:54,{'user': 'alex', 'node': 'v100', 'debug': False, 'size': 50000, 'subsort': 'mp', 'sort': 'mpi', 'c': 20, 'p': 2},None,c14,haiyang,Linux,#1 SMP Tue Jul 26 14:15:37 UTC 2022


+---------------------------------+--------------------------------------------------------------+
| Attribute                       | Value                                                        |
|---------------------------------+--------------------------------------------------------------|
| ANSI_COLOR                      | "0;31"                                                       |
| BUG_REPORT_URL                  | "https://bugzilla.redhat.com/"                               |
| CPE_NAME                        | "cpe:/o:redhat:enterprise_linux:7.9:GA:server"               |
| HOME_URL                        | "https://www.redhat.com/"                                    |
| ID                              | "rhel"                                                       |
| ID_LIKE                         | "fedora"                                                     |
| NAME                            | "Red Hat Enterprise Linux Server"                            |
| PRETTY_NAME                     | "Red Hat Enterprise Linux Server 7.9 (Maipo)"                |
| REDHAT_BUGZILLA_PRODUCT         | "Red Hat Enterprise Linux 7"                                 |
| REDHAT_BUGZILLA_PRODUCT_VERSION | 7.9                                                          |
| REDHAT_SUPPORT_PRODUCT          | "Red Hat Enterprise Linux"                                   |
| REDHAT_SUPPORT_PRODUCT_VERSION  | "7.9"                                                        |
| VARIANT                         | "Server"                                                     |
| VARIANT_ID                      | "server"                                                     |
| VERSION                         | "7.9 (Maipo)"                                                |
| VERSION_ID                      | "7.9"                                                        |
| cpu                             | Intel(R) Xeon(R) CPU E5-2680 v3 @ 2.50GHz                    |
| cpu_cores                       | 24                                                           |
| cpu_count                       | 24                                                           |
| cpu_threads                     | 24                                                           |
| date                            | 2022-11-20 04:35:57.977153                                   |
| frequency                       | scpufreq(current=2.3402499999999993, min=1200.0, max=3300.0) |
| mem.active                      | 57.8 GiB                                                     |
| mem.available                   | 185.7 GiB                                                    |
| mem.free                        | 105.1 GiB                                                    |
| mem.inactive                    | 66.5 GiB                                                     |
| mem.percent                     | 26.0 %                                                       |
| mem.total                       | 251.1 GiB                                                    |
| mem.used                        | 57.7 GiB                                                     |
| platform.version                | #1 SMP Tue Jul 26 14:15:37 UTC 2022                          |
| python                          | 3.9.8 (main, Feb  8 2022, 08:35:13)                          |
|                                 | [GCC 6.3.0]                                                  |
| python.pip                      | 22.2.2                                                       |
| python.version                  | 3.9.8                                                        |
| sys.platform                    | linux                                                        |
| uname.machine                   | x86_64                                                       |
| uname.node                      | c14                                                          |
| uname.processor                 | x86_64                                                       |
| uname.release                   | 3.10.0-1160.76.1.el7.x86_64                                  |
| uname.system                    | Linux                                                        |
| uname.version                   | #1 SMP Tue Jul 26 14:15:37 UTC 2022                          |
| user                            | haiyang                                                      |
+---------------------------------+--------------------------------------------------------------+

+---------------+----------+--------+-------+---------------------+------------------------------------------------------------------------------------------------------------------+-------+--------+---------+-------+-------------------------------------+
| Name          | Status   |   Time |   Sum | Start               | tag                                                                                                              | msg   | Node   | User    | OS    | Version                             |
|---------------+----------+--------+-------+---------------------+------------------------------------------------------------------------------------------------------------------+-------+--------+---------+-------+-------------------------------------|
| mpi-mergesort | ok       |  0.33  | 0.33  | 2022-11-20 04:35:57 | {'user': 'alex', 'node': 'v100', 'debug': False, 'size': 50000, 'subsort': 'mp', 'sort': 'mpi', 'c': 20, 'p': 2} |       | c14    | haiyang | Linux | #1 SMP Tue Jul 26 14:15:37 UTC 2022 |
| mpi-generate  | ok       |  0.001 | 0.001 | 2022-11-20 04:35:57 | {'user': 'alex', 'node': 'v100', 'debug': False, 'size': 50000, 'subsort': 'mp', 'sort': 'mpi', 'c': 20, 'p': 2} |       | c14    | haiyang | Linux | #1 SMP Tue Jul 26 14:15:37 UTC 2022 |
+---------------+----------+--------+-------+---------------------+------------------------------------------------------------------------------------------------------------------+-------+--------+---------+-------+-------------------------------------+
# csv,timer,status,time,sum,start,tag,msg,uname.node,user,uname.system,platform.version
# csv,mpi-mergesort,ok,0.33,0.33,2022-11-20 04:35:57,{'user': 'alex', 'node': 'v100', 'debug': False, 'size': 50000, 'subsort': 'mp', 'sort': 'mpi', 'c': 20, 'p': 2},None,c14,haiyang,Linux,#1 SMP Tue Jul 26 14:15:37 UTC 2022
# csv,mpi-generate,ok,0.001,0.001,2022-11-20 04:35:57,{'user': 'alex', 'node': 'v100', 'debug': False, 'size': 50000, 'subsort': 'mp', 'sort': 'mpi', 'c': 20, 'p': 2},None,c14,haiyang,Linux,#1 SMP Tue Jul 26 14:15:37 UTC 2022


+---------------------------------+-------------------------------------------------------------+
| Attribute                       | Value                                                       |
|---------------------------------+-------------------------------------------------------------|
| ANSI_COLOR                      | "0;31"                                                      |
| BUG_REPORT_URL                  | "https://bugzilla.redhat.com/"                              |
| CPE_NAME                        | "cpe:/o:redhat:enterprise_linux:7.9:GA:server"              |
| HOME_URL                        | "https://www.redhat.com/"                                   |
| ID                              | "rhel"                                                      |
| ID_LIKE                         | "fedora"                                                    |
| NAME                            | "Red Hat Enterprise Linux Server"                           |
| PRETTY_NAME                     | "Red Hat Enterprise Linux Server 7.9 (Maipo)"               |
| REDHAT_BUGZILLA_PRODUCT         | "Red Hat Enterprise Linux 7"                                |
| REDHAT_BUGZILLA_PRODUCT_VERSION | 7.9                                                         |
| REDHAT_SUPPORT_PRODUCT          | "Red Hat Enterprise Linux"                                  |
| REDHAT_SUPPORT_PRODUCT_VERSION  | "7.9"                                                       |
| VARIANT                         | "Server"                                                    |
| VARIANT_ID                      | "server"                                                    |
| VERSION                         | "7.9 (Maipo)"                                               |
| VERSION_ID                      | "7.9"                                                       |
| cpu                             | Intel(R) Xeon(R) CPU E5-2680 v3 @ 2.50GHz                   |
| cpu_cores                       | 24                                                          |
| cpu_count                       | 24                                                          |
| cpu_threads                     | 24                                                          |
| date                            | 2022-11-20 04:36:01.162356                                  |
| frequency                       | scpufreq(current=2.303083333333334, min=1200.0, max=3300.0) |
| mem.active                      | 57.8 GiB                                                    |
| mem.available                   | 185.6 GiB                                                   |
| mem.free                        | 105.1 GiB                                                   |
| mem.inactive                    | 66.5 GiB                                                    |
| mem.percent                     | 26.1 %                                                      |
| mem.total                       | 251.1 GiB                                                   |
| mem.used                        | 57.8 GiB                                                    |
| platform.version                | #1 SMP Tue Jul 26 14:15:37 UTC 2022                         |
| python                          | 3.9.8 (main, Feb  8 2022, 08:35:13)                         |
|                                 | [GCC 6.3.0]                                                 |
| python.pip                      | 22.2.2                                                      |
| python.version                  | 3.9.8                                                       |
| sys.platform                    | linux                                                       |
| uname.machine                   | x86_64                                                      |
| uname.node                      | c14                                                         |
| uname.processor                 | x86_64                                                      |
| uname.release                   | 3.10.0-1160.76.1.el7.x86_64                                 |
| uname.system                    | Linux                                                       |
| uname.version                   | #1 SMP Tue Jul 26 14:15:37 UTC 2022                         |
| user                            | haiyang                                                     |
+---------------------------------+-------------------------------------------------------------+

+---------------+----------+--------+-------+---------------------+------------------------------------------------------------------------------------------------------------------+-------+--------+---------+-------+-------------------------------------+
| Name          | Status   |   Time |   Sum | Start               | tag                                                                                                              | msg   | Node   | User    | OS    | Version                             |
|---------------+----------+--------+-------+---------------------+------------------------------------------------------------------------------------------------------------------+-------+--------+---------+-------+-------------------------------------|
| mpi-mergesort | ok       |  0.341 | 0.341 | 2022-11-20 04:36:00 | {'user': 'alex', 'node': 'v100', 'debug': False, 'size': 50000, 'subsort': 'mp', 'sort': 'mpi', 'c': 20, 'p': 2} |       | c14    | haiyang | Linux | #1 SMP Tue Jul 26 14:15:37 UTC 2022 |
| mpi-generate  | ok       |  0.001 | 0.001 | 2022-11-20 04:36:00 | {'user': 'alex', 'node': 'v100', 'debug': False, 'size': 50000, 'subsort': 'mp', 'sort': 'mpi', 'c': 20, 'p': 2} |       | c14    | haiyang | Linux | #1 SMP Tue Jul 26 14:15:37 UTC 2022 |
+---------------+----------+--------+-------+---------------------+------------------------------------------------------------------------------------------------------------------+-------+--------+---------+-------+-------------------------------------+
# csv,timer,status,time,sum,start,tag,msg,uname.node,user,uname.system,platform.version
# csv,mpi-mergesort,ok,0.341,0.341,2022-11-20 04:36:00,{'user': 'alex', 'node': 'v100', 'debug': False, 'size': 50000, 'subsort': 'mp', 'sort': 'mpi', 'c': 20, 'p': 2},None,c14,haiyang,Linux,#1 SMP Tue Jul 26 14:15:37 UTC 2022
# csv,mpi-generate,ok,0.001,0.001,2022-11-20 04:36:00,{'user': 'alex', 'node': 'v100', 'debug': False, 'size': 50000, 'subsort': 'mp', 'sort': 'mpi', 'c': 20, 'p': 2},None,c14,haiyang,Linux,#1 SMP Tue Jul 26 14:15:37 UTC 2022


+---------------------------------+-------------------------------------------------------------+
| Attribute                       | Value                                                       |
|---------------------------------+-------------------------------------------------------------|
| ANSI_COLOR                      | "0;31"                                                      |
| BUG_REPORT_URL                  | "https://bugzilla.redhat.com/"                              |
| CPE_NAME                        | "cpe:/o:redhat:enterprise_linux:7.9:GA:server"              |
| HOME_URL                        | "https://www.redhat.com/"                                   |
| ID                              | "rhel"                                                      |
| ID_LIKE                         | "fedora"                                                    |
| NAME                            | "Red Hat Enterprise Linux Server"                           |
| PRETTY_NAME                     | "Red Hat Enterprise Linux Server 7.9 (Maipo)"               |
| REDHAT_BUGZILLA_PRODUCT         | "Red Hat Enterprise Linux 7"                                |
| REDHAT_BUGZILLA_PRODUCT_VERSION | 7.9                                                         |
| REDHAT_SUPPORT_PRODUCT          | "Red Hat Enterprise Linux"                                  |
| REDHAT_SUPPORT_PRODUCT_VERSION  | "7.9"                                                       |
| VARIANT                         | "Server"                                                    |
| VARIANT_ID                      | "server"                                                    |
| VERSION                         | "7.9 (Maipo)"                                               |
| VERSION_ID                      | "7.9"                                                       |
| cpu                             | Intel(R) Xeon(R) CPU E5-2680 v3 @ 2.50GHz                   |
| cpu_cores                       | 24                                                          |
| cpu_count                       | 24                                                          |
| cpu_threads                     | 24                                                          |
| date                            | 2022-11-20 04:36:04.347285                                  |
| frequency                       | scpufreq(current=2.372333333333333, min=1200.0, max=3300.0) |
| mem.active                      | 57.7 GiB                                                    |
| mem.available                   | 185.7 GiB                                                   |
| mem.free                        | 105.1 GiB                                                   |
| mem.inactive                    | 66.5 GiB                                                    |
| mem.percent                     | 26.0 %                                                      |
| mem.total                       | 251.1 GiB                                                   |
| mem.used                        | 57.7 GiB                                                    |
| platform.version                | #1 SMP Tue Jul 26 14:15:37 UTC 2022                         |
| python                          | 3.9.8 (main, Feb  8 2022, 08:35:13)                         |
|                                 | [GCC 6.3.0]                                                 |
| python.pip                      | 22.2.2                                                      |
| python.version                  | 3.9.8                                                       |
| sys.platform                    | linux                                                       |
| uname.machine                   | x86_64                                                      |
| uname.node                      | c14                                                         |
| uname.processor                 | x86_64                                                      |
| uname.release                   | 3.10.0-1160.76.1.el7.x86_64                                 |
| uname.system                    | Linux                                                       |
| uname.version                   | #1 SMP Tue Jul 26 14:15:37 UTC 2022                         |
| user                            | haiyang                                                     |
+---------------------------------+-------------------------------------------------------------+

+---------------+----------+--------+-------+---------------------+------------------------------------------------------------------------------------------------------------------+-------+--------+---------+-------+-------------------------------------+
| Name          | Status   |   Time |   Sum | Start               | tag                                                                                                              | msg   | Node   | User    | OS    | Version                             |
|---------------+----------+--------+-------+---------------------+------------------------------------------------------------------------------------------------------------------+-------+--------+---------+-------+-------------------------------------|
| mpi-mergesort | ok       |  0.329 | 0.329 | 2022-11-20 04:36:03 | {'user': 'alex', 'node': 'v100', 'debug': False, 'size': 50000, 'subsort': 'mp', 'sort': 'mpi', 'c': 20, 'p': 2} |       | c14    | haiyang | Linux | #1 SMP Tue Jul 26 14:15:37 UTC 2022 |
| mpi-generate  | ok       |  0.001 | 0.001 | 2022-11-20 04:36:03 | {'user': 'alex', 'node': 'v100', 'debug': False, 'size': 50000, 'subsort': 'mp', 'sort': 'mpi', 'c': 20, 'p': 2} |       | c14    | haiyang | Linux | #1 SMP Tue Jul 26 14:15:37 UTC 2022 |
+---------------+----------+--------+-------+---------------------+------------------------------------------------------------------------------------------------------------------+-------+--------+---------+-------+-------------------------------------+
# csv,timer,status,time,sum,start,tag,msg,uname.node,user,uname.system,platform.version
# csv,mpi-mergesort,ok,0.329,0.329,2022-11-20 04:36:03,{'user': 'alex', 'node': 'v100', 'debug': False, 'size': 50000, 'subsort': 'mp', 'sort': 'mpi', 'c': 20, 'p': 2},None,c14,haiyang,Linux,#1 SMP Tue Jul 26 14:15:37 UTC 2022
# csv,mpi-generate,ok,0.001,0.001,2022-11-20 04:36:03,{'user': 'alex', 'node': 'v100', 'debug': False, 'size': 50000, 'subsort': 'mp', 'sort': 'mpi', 'c': 20, 'p': 2},None,c14,haiyang,Linux,#1 SMP Tue Jul 26 14:15:37 UTC 2022

