Args.Debug:     False
Starting experiment
Log:       output.log
Processes: 8
Size:      6000000
Repeat:    10
Clear:     False
Debug:     False
Algorithm: mpi
ID:        0
Tag:       None
Total:     10
Experiment 9         : size=6000000 processes=8 id=0 repeat=0 last_time=undefined                     
[0m[0m[0m[0m[0m[0m[0m[0mExperiment 8         : size=6000000 processes=8 id=0 repeat=1 last_time=10.5775                     
[0m[0m[0m[0m[0m[0m[0m[0mExperiment 7         : size=6000000 processes=8 id=0 repeat=2 last_time=10.6707                     
[0m[0m[0m[0m[0m[0m[0m[0mExperiment 6         : size=6000000 processes=8 id=0 repeat=3 last_time=10.5623                     
[0m[0m[0m[0m[0m[0m[0m[0mExperiment 5         : size=6000000 processes=8 id=0 repeat=4 last_time=10.6901                     
[0m[0m[0m[0m[0m[0m[0m[0mExperiment 4         : size=6000000 processes=8 id=0 repeat=5 last_time=10.5186                     
[0m[0m[0m[0m[0m[0m[0m[0mExperiment 3         : size=6000000 processes=8 id=0 repeat=6 last_time=10.7004                     
[0m[0m[0m[0m[0m[0m[0m[0mExperiment 2         : size=6000000 processes=8 id=0 repeat=7 last_time=10.5729                     
[0m[0m[0m[0m[0m[0m[0m[0mExperiment 1         : size=6000000 processes=8 id=0 repeat=8 last_time=10.5776                     
[0m[0m[0m[0m[0m[0m[0m[0mExperiment 0         : size=6000000 processes=8 id=0 repeat=9 last_time=10.5626                     
[0m[0m[0m[0m[0m[0m[0m[0m
+---------------------------------+--------------------------------------------------------------+
| Attribute                       | Value                                                        |
|---------------------------------+--------------------------------------------------------------|
| ANSI_COLOR                      | "0;31"                                                       |
| BUG_REPORT_URL                  | "https://bugzilla.redhat.com/"                               |
| CPE_NAME                        | "cpe:/o:redhat:enterprise_linux:7.9:GA:server"               |
| HOME_URL                        | "https://www.redhat.com/"                                    |
| ID                              | "rhel"                                                       |
| ID_LIKE                         | "fedora"                                                     |
| NAME                            | "Red Hat Enterprise Linux Server"                            |
| PRETTY_NAME                     | "Red Hat Enterprise Linux Server 7.9 (Maipo)"                |
| REDHAT_BUGZILLA_PRODUCT         | "Red Hat Enterprise Linux 7"                                 |
| REDHAT_BUGZILLA_PRODUCT_VERSION | 7.9                                                          |
| REDHAT_SUPPORT_PRODUCT          | "Red Hat Enterprise Linux"                                   |
| REDHAT_SUPPORT_PRODUCT_VERSION  | "7.9"                                                        |
| VARIANT                         | "Server"                                                     |
| VARIANT_ID                      | "server"                                                     |
| VERSION                         | "7.9 (Maipo)"                                                |
| VERSION_ID                      | "7.9"                                                        |
| cpu                             | Intel(R) Xeon(R) CPU E5-2680 v3 @ 2.50GHz                    |
| cpu_cores                       | 24                                                           |
| cpu_count                       | 24                                                           |
| cpu_threads                     | 24                                                           |
| date                            | 2022-11-05 16:46:22.640230                                   |
| frequency                       | scpufreq(current=1.2107500000000002, min=1200.0, max=3300.0) |
| mem.active                      | 18.7 GiB                                                     |
| mem.available                   | 164.8 GiB                                                    |
| mem.free                        | 159.7 GiB                                                    |
| mem.inactive                    | 8.2 GiB                                                      |
| mem.percent                     | 34.4 %                                                       |
| mem.total                       | 251.2 GiB                                                    |
| mem.used                        | 67.0 GiB                                                     |
| platform.version                | #1 SMP Tue Jul 26 14:15:37 UTC 2022                          |
| python                          | 3.9.8 (main, Feb  8 2022, 08:35:13)                          |
|                                 | [GCC 6.3.0]                                                  |
| python.pip                      | 22.2.2                                                       |
| python.version                  | 3.9.8                                                        |
| sys.platform                    | linux                                                        |
| uname.machine                   | x86_64                                                       |
| uname.node                      | h1.carbonate.uits.iu.edu                                     |
| uname.processor                 | x86_64                                                       |
| uname.release                   | 3.10.0-1160.76.1.el7.x86_64                                  |
| uname.system                    | Linux                                                        |
| uname.version                   | #1 SMP Tue Jul 26 14:15:37 UTC 2022                          |
| user                            | haiyang                                                      |
+---------------------------------+--------------------------------------------------------------+

+-------------------------------------+----------+--------+--------+---------------------+------------------------------------------------------------------------------------------------------------------+-------+--------------------------+---------+-------+-------------------------------------+
| Name                                | Status   |   Time |    Sum | Start               | tag                                                                                                              | msg   | Node                     | User    | OS    | Version                             |
|-------------------------------------+----------+--------+--------+---------------------+------------------------------------------------------------------------------------------------------------------+-------+--------------------------+---------+-------+-------------------------------------|
| mpi-v100-alex-6000000-8-None-None-0 | ok       | 10.577 | 10.577 | 2022-11-05 16:43:39 | {'p': 8, 'size': 6000000, 'repeat': 10, 'sort': 'mpi', 'user': 'alex', 'node': 'v100', 't': 'None', 'c': 'None'} |       | h1.carbonate.uits.iu.edu | haiyang | Linux | #1 SMP Tue Jul 26 14:15:37 UTC 2022 |
| mpi-v100-alex-6000000-8-None-None-1 | ok       | 10.671 | 10.671 | 2022-11-05 16:43:56 | {'p': 8, 'size': 6000000, 'repeat': 10, 'sort': 'mpi', 'user': 'alex', 'node': 'v100', 't': 'None', 'c': 'None'} |       | h1.carbonate.uits.iu.edu | haiyang | Linux | #1 SMP Tue Jul 26 14:15:37 UTC 2022 |
| mpi-v100-alex-6000000-8-None-None-2 | ok       | 10.562 | 10.562 | 2022-11-05 16:44:14 | {'p': 8, 'size': 6000000, 'repeat': 10, 'sort': 'mpi', 'user': 'alex', 'node': 'v100', 't': 'None', 'c': 'None'} |       | h1.carbonate.uits.iu.edu | haiyang | Linux | #1 SMP Tue Jul 26 14:15:37 UTC 2022 |
| mpi-v100-alex-6000000-8-None-None-3 | ok       | 10.69  | 10.69  | 2022-11-05 16:44:30 | {'p': 8, 'size': 6000000, 'repeat': 10, 'sort': 'mpi', 'user': 'alex', 'node': 'v100', 't': 'None', 'c': 'None'} |       | h1.carbonate.uits.iu.edu | haiyang | Linux | #1 SMP Tue Jul 26 14:15:37 UTC 2022 |
| mpi-v100-alex-6000000-8-None-None-4 | ok       | 10.519 | 10.519 | 2022-11-05 16:44:47 | {'p': 8, 'size': 6000000, 'repeat': 10, 'sort': 'mpi', 'user': 'alex', 'node': 'v100', 't': 'None', 'c': 'None'} |       | h1.carbonate.uits.iu.edu | haiyang | Linux | #1 SMP Tue Jul 26 14:15:37 UTC 2022 |
| mpi-v100-alex-6000000-8-None-None-5 | ok       | 10.7   | 10.7   | 2022-11-05 16:45:04 | {'p': 8, 'size': 6000000, 'repeat': 10, 'sort': 'mpi', 'user': 'alex', 'node': 'v100', 't': 'None', 'c': 'None'} |       | h1.carbonate.uits.iu.edu | haiyang | Linux | #1 SMP Tue Jul 26 14:15:37 UTC 2022 |
| mpi-v100-alex-6000000-8-None-None-6 | ok       | 10.573 | 10.573 | 2022-11-05 16:45:21 | {'p': 8, 'size': 6000000, 'repeat': 10, 'sort': 'mpi', 'user': 'alex', 'node': 'v100', 't': 'None', 'c': 'None'} |       | h1.carbonate.uits.iu.edu | haiyang | Linux | #1 SMP Tue Jul 26 14:15:37 UTC 2022 |
| mpi-v100-alex-6000000-8-None-None-7 | ok       | 10.578 | 10.578 | 2022-11-05 16:45:37 | {'p': 8, 'size': 6000000, 'repeat': 10, 'sort': 'mpi', 'user': 'alex', 'node': 'v100', 't': 'None', 'c': 'None'} |       | h1.carbonate.uits.iu.edu | haiyang | Linux | #1 SMP Tue Jul 26 14:15:37 UTC 2022 |
| mpi-v100-alex-6000000-8-None-None-8 | ok       | 10.563 | 10.563 | 2022-11-05 16:45:54 | {'p': 8, 'size': 6000000, 'repeat': 10, 'sort': 'mpi', 'user': 'alex', 'node': 'v100', 't': 'None', 'c': 'None'} |       | h1.carbonate.uits.iu.edu | haiyang | Linux | #1 SMP Tue Jul 26 14:15:37 UTC 2022 |
| mpi-v100-alex-6000000-8-None-None-9 | ok       | 11.371 | 11.371 | 2022-11-05 16:46:11 | {'p': 8, 'size': 6000000, 'repeat': 10, 'sort': 'mpi', 'user': 'alex', 'node': 'v100', 't': 'None', 'c': 'None'} |       | h1.carbonate.uits.iu.edu | haiyang | Linux | #1 SMP Tue Jul 26 14:15:37 UTC 2022 |
+-------------------------------------+----------+--------+--------+---------------------+------------------------------------------------------------------------------------------------------------------+-------+--------------------------+---------+-------+-------------------------------------+
# csv,timer,status,time,sum,start,tag,msg,uname.node,user,uname.system,platform.version
# csv,mpi-v100-alex-6000000-8-None-None-0,ok,10.577,10.577,2022-11-05 16:43:39,{'p': 8, 'size': 6000000, 'repeat': 10, 'sort': 'mpi', 'user': 'alex', 'node': 'v100', 't': 'None', 'c': 'None'},None,h1.carbonate.uits.iu.edu,haiyang,Linux,#1 SMP Tue Jul 26 14:15:37 UTC 2022
# csv,mpi-v100-alex-6000000-8-None-None-1,ok,10.671,10.671,2022-11-05 16:43:56,{'p': 8, 'size': 6000000, 'repeat': 10, 'sort': 'mpi', 'user': 'alex', 'node': 'v100', 't': 'None', 'c': 'None'},None,h1.carbonate.uits.iu.edu,haiyang,Linux,#1 SMP Tue Jul 26 14:15:37 UTC 2022
# csv,mpi-v100-alex-6000000-8-None-None-2,ok,10.562,10.562,2022-11-05 16:44:14,{'p': 8, 'size': 6000000, 'repeat': 10, 'sort': 'mpi', 'user': 'alex', 'node': 'v100', 't': 'None', 'c': 'None'},None,h1.carbonate.uits.iu.edu,haiyang,Linux,#1 SMP Tue Jul 26 14:15:37 UTC 2022
# csv,mpi-v100-alex-6000000-8-None-None-3,ok,10.69,10.69,2022-11-05 16:44:30,{'p': 8, 'size': 6000000, 'repeat': 10, 'sort': 'mpi', 'user': 'alex', 'node': 'v100', 't': 'None', 'c': 'None'},None,h1.carbonate.uits.iu.edu,haiyang,Linux,#1 SMP Tue Jul 26 14:15:37 UTC 2022
# csv,mpi-v100-alex-6000000-8-None-None-4,ok,10.519,10.519,2022-11-05 16:44:47,{'p': 8, 'size': 6000000, 'repeat': 10, 'sort': 'mpi', 'user': 'alex', 'node': 'v100', 't': 'None', 'c': 'None'},None,h1.carbonate.uits.iu.edu,haiyang,Linux,#1 SMP Tue Jul 26 14:15:37 UTC 2022
# csv,mpi-v100-alex-6000000-8-None-None-5,ok,10.7,10.7,2022-11-05 16:45:04,{'p': 8, 'size': 6000000, 'repeat': 10, 'sort': 'mpi', 'user': 'alex', 'node': 'v100', 't': 'None', 'c': 'None'},None,h1.carbonate.uits.iu.edu,haiyang,Linux,#1 SMP Tue Jul 26 14:15:37 UTC 2022
# csv,mpi-v100-alex-6000000-8-None-None-6,ok,10.573,10.573,2022-11-05 16:45:21,{'p': 8, 'size': 6000000, 'repeat': 10, 'sort': 'mpi', 'user': 'alex', 'node': 'v100', 't': 'None', 'c': 'None'},None,h1.carbonate.uits.iu.edu,haiyang,Linux,#1 SMP Tue Jul 26 14:15:37 UTC 2022
# csv,mpi-v100-alex-6000000-8-None-None-7,ok,10.578,10.578,2022-11-05 16:45:37,{'p': 8, 'size': 6000000, 'repeat': 10, 'sort': 'mpi', 'user': 'alex', 'node': 'v100', 't': 'None', 'c': 'None'},None,h1.carbonate.uits.iu.edu,haiyang,Linux,#1 SMP Tue Jul 26 14:15:37 UTC 2022
# csv,mpi-v100-alex-6000000-8-None-None-8,ok,10.563,10.563,2022-11-05 16:45:54,{'p': 8, 'size': 6000000, 'repeat': 10, 'sort': 'mpi', 'user': 'alex', 'node': 'v100', 't': 'None', 'c': 'None'},None,h1.carbonate.uits.iu.edu,haiyang,Linux,#1 SMP Tue Jul 26 14:15:37 UTC 2022
# csv,mpi-v100-alex-6000000-8-None-None-9,ok,11.371,11.371,2022-11-05 16:46:11,{'p': 8, 'size': 6000000, 'repeat': 10, 'sort': 'mpi', 'user': 'alex', 'node': 'v100', 't': 'None', 'c': 'None'},None,h1.carbonate.uits.iu.edu,haiyang,Linux,#1 SMP Tue Jul 26 14:15:37 UTC 2022

