Starting experiment
Log:       log/mpi_mergesort-2400MHz-alex-2-1000.log
Processes: [4]
Size:      [1000]
Repeat:    10
Clear:     False
Debug:     False
Algorithm: mpi_mergesort
ID:        2
Tag:       None
Total:     10
Experiment 9         : size=1000 processes=4 id=2 repeat=0 last_time=undefined                     
[0m[0m[0m[0mExperiment 8         : size=1000 processes=4 id=2 repeat=1 last_time=0.9604                     
[0m[0m[0m[0mExperiment 7         : size=1000 processes=4 id=2 repeat=2 last_time=0.95                     
[0m[0m[0m[0mExperiment 6         : size=1000 processes=4 id=2 repeat=3 last_time=0.9432                     
[0m[0m[0m[0mExperiment 5         : size=1000 processes=4 id=2 repeat=4 last_time=0.9092                     
[0m[0m[0m[0mExperiment 4         : size=1000 processes=4 id=2 repeat=5 last_time=1.1895                     
[0m[0m[0m[0mExperiment 3         : size=1000 processes=4 id=2 repeat=6 last_time=1.0075                     
[0m[0m[0m[0mExperiment 2         : size=1000 processes=4 id=2 repeat=7 last_time=0.9713                     
[0m[0m[0m[0mExperiment 1         : size=1000 processes=4 id=2 repeat=8 last_time=1.0109                     
[0m[0m[0m[0mExperiment 0         : size=1000 processes=4 id=2 repeat=9 last_time=1.023                     
[0m[0m[0m[0m
+------------------+--------------------------------------------------------------------------------------------------+
| Attribute        | Value                                                                                            |
|------------------+--------------------------------------------------------------------------------------------------|
| cpu              | Intel(R) Core(TM) i7-9750H CPU @ 2.60GHz                                                         |
| cpu_cores        | 6                                                                                                |
| cpu_count        | 12                                                                                               |
| cpu_threads      | 12                                                                                               |
| frequency        | scpufreq(current=2600, min=2600, max=2600)                                                       |
| mem.active       | 11.3 GiB                                                                                         |
| mem.available    | 15.5 GiB                                                                                         |
| mem.free         | 3.5 GiB                                                                                          |
| mem.inactive     | 9.6 GiB                                                                                          |
| mem.percent      | 51.5 %                                                                                           |
| mem.total        | 32.0 GiB                                                                                         |
| mem.used         | 15.1 GiB                                                                                         |
| mem.wired        | 3.7 GiB                                                                                          |
| platform.version | 12.4                                                                                             |
| python           | 3.10.5 (v3.10.5:f377153967, Jun  6 2022, 12:36:10) [Clang 13.0.0 (clang-1300.0.29.30)]           |
| python.pip       | 22.1.2                                                                                           |
| python.version   | 3.10.5                                                                                           |
| sys.platform     | darwin                                                                                           |
| uname.machine    | x86_64                                                                                           |
| uname.node       | 2400MHz                                                                                          |
| uname.processor  | i386                                                                                             |
| uname.release    | 21.5.0                                                                                           |
| uname.system     | Darwin                                                                                           |
| uname.version    | Darwin Kernel Version 21.5.0: Tue Apr 26 21:08:22 PDT 2022; root:xnu-8020.121.3~4/RELEASE_X86_64 |
| user             | alex                                                                                             |
+------------------+--------------------------------------------------------------------------------------------------+

+------------------------------------------+----------+--------+-------+---------------------+-------+-------+---------+--------+--------+-----------+
| Name                                     | Status   |   Time |   Sum | Start               | tag   | msg   | Node    | User   | OS     |   Version |
|------------------------------------------+----------+--------+-------+---------------------+-------+-------+---------+--------+--------+-----------|
| BL-UITS-NWLT005_mpi_mergesort_4_1000_2_0 | ok       |  0.96  | 0.96  | 2022-08-27 01:41:09 |       |       | 2400MHz | alex   | Darwin |      12.4 |
| BL-UITS-NWLT005_mpi_mergesort_4_1000_2_1 | ok       |  0.95  | 0.95  | 2022-08-27 01:41:10 |       |       | 2400MHz | alex   | Darwin |      12.4 |
| BL-UITS-NWLT005_mpi_mergesort_4_1000_2_2 | ok       |  0.943 | 0.943 | 2022-08-27 01:41:11 |       |       | 2400MHz | alex   | Darwin |      12.4 |
| BL-UITS-NWLT005_mpi_mergesort_4_1000_2_3 | ok       |  0.909 | 0.909 | 2022-08-27 01:41:12 |       |       | 2400MHz | alex   | Darwin |      12.4 |
| BL-UITS-NWLT005_mpi_mergesort_4_1000_2_4 | ok       |  1.189 | 1.189 | 2022-08-27 01:41:13 |       |       | 2400MHz | alex   | Darwin |      12.4 |
| BL-UITS-NWLT005_mpi_mergesort_4_1000_2_5 | ok       |  1.008 | 1.008 | 2022-08-27 01:41:14 |       |       | 2400MHz | alex   | Darwin |      12.4 |
| BL-UITS-NWLT005_mpi_mergesort_4_1000_2_6 | ok       |  0.971 | 0.971 | 2022-08-27 01:41:15 |       |       | 2400MHz | alex   | Darwin |      12.4 |
| BL-UITS-NWLT005_mpi_mergesort_4_1000_2_7 | ok       |  1.011 | 1.011 | 2022-08-27 01:41:16 |       |       | 2400MHz | alex   | Darwin |      12.4 |
| BL-UITS-NWLT005_mpi_mergesort_4_1000_2_8 | ok       |  1.023 | 1.023 | 2022-08-27 01:41:17 |       |       | 2400MHz | alex   | Darwin |      12.4 |
| BL-UITS-NWLT005_mpi_mergesort_4_1000_2_9 | ok       |  0.944 | 0.944 | 2022-08-27 01:41:18 |       |       | 2400MHz | alex   | Darwin |      12.4 |
+------------------------------------------+----------+--------+-------+---------------------+-------+-------+---------+--------+--------+-----------+
# csv,timer,status,time,sum,start,tag,msg,uname.node,user,uname.system,platform.version
# csv,BL-UITS-NWLT005_mpi_mergesort_4_1000_2_0,ok,0.96,0.96,2022-08-27 01:41:09,,None,2400MHz,alex,Darwin,12.4
# csv,BL-UITS-NWLT005_mpi_mergesort_4_1000_2_1,ok,0.95,0.95,2022-08-27 01:41:10,,None,2400MHz,alex,Darwin,12.4
# csv,BL-UITS-NWLT005_mpi_mergesort_4_1000_2_2,ok,0.943,0.943,2022-08-27 01:41:11,,None,2400MHz,alex,Darwin,12.4
# csv,BL-UITS-NWLT005_mpi_mergesort_4_1000_2_3,ok,0.909,0.909,2022-08-27 01:41:12,,None,2400MHz,alex,Darwin,12.4
# csv,BL-UITS-NWLT005_mpi_mergesort_4_1000_2_4,ok,1.189,1.189,2022-08-27 01:41:13,,None,2400MHz,alex,Darwin,12.4
# csv,BL-UITS-NWLT005_mpi_mergesort_4_1000_2_5,ok,1.008,1.008,2022-08-27 01:41:14,,None,2400MHz,alex,Darwin,12.4
# csv,BL-UITS-NWLT005_mpi_mergesort_4_1000_2_6,ok,0.971,0.971,2022-08-27 01:41:15,,None,2400MHz,alex,Darwin,12.4
# csv,BL-UITS-NWLT005_mpi_mergesort_4_1000_2_7,ok,1.011,1.011,2022-08-27 01:41:16,,None,2400MHz,alex,Darwin,12.4
# csv,BL-UITS-NWLT005_mpi_mergesort_4_1000_2_8,ok,1.023,1.023,2022-08-27 01:41:17,,None,2400MHz,alex,Darwin,12.4
# csv,BL-UITS-NWLT005_mpi_mergesort_4_1000_2_9,ok,0.944,0.944,2022-08-27 01:41:18,,None,2400MHz,alex,Darwin,12.4

