Starting experiment
Log:       log/mpi_mergesort-2400MHz-alex-100000.log
Processes: [4]
Size:      [100000]
Repeat:    10
Clear:     False
Debug:     False
Algorithm: mpi_mergesort
Tag:       None
Total:     10
Experiment 9         : size=100000 processes=4 repeat=0 last_time=undefined                     
[0m[0m[0m[0mExperiment 8         : size=100000 processes=4 repeat=1 last_time=1.0862                     
[0m[0m[0m[0mExperiment 7         : size=100000 processes=4 repeat=2 last_time=1.0752                     
[0m[0m[0m[0mExperiment 6         : size=100000 processes=4 repeat=3 last_time=1.025                     
[0m[0m[0m[0mExperiment 5         : size=100000 processes=4 repeat=4 last_time=1.0303                     
[0m[0m[0m[0mExperiment 4         : size=100000 processes=4 repeat=5 last_time=1.025                     
[0m[0m[0m[0mExperiment 3         : size=100000 processes=4 repeat=6 last_time=1.0258                     
[0m[0m[0m[0mExperiment 2         : size=100000 processes=4 repeat=7 last_time=1.0753                     
[0m[0m[0m[0mExperiment 1         : size=100000 processes=4 repeat=8 last_time=1.0297                     
[0m[0m[0m[0mExperiment 0         : size=100000 processes=4 repeat=9 last_time=1.0316                     
[0m[0m[0m[0m
+------------------+--------------------------------------------------------------------------------------------------+
| Attribute        | Value                                                                                            |
|------------------+--------------------------------------------------------------------------------------------------|
| cpu              | Intel(R) Core(TM) i7-9750H CPU @ 2.60GHz                                                         |
| cpu_cores        | 6                                                                                                |
| cpu_count        | 12                                                                                               |
| cpu_threads      | 12                                                                                               |
| frequency        | scpufreq(current=2600, min=2600, max=2600)                                                       |
| mem.active       | 11.4 GiB                                                                                         |
| mem.available    | 14.9 GiB                                                                                         |
| mem.free         | 3.4 GiB                                                                                          |
| mem.inactive     | 8.8 GiB                                                                                          |
| mem.percent      | 53.4 %                                                                                           |
| mem.total        | 32.0 GiB                                                                                         |
| mem.used         | 15.1 GiB                                                                                         |
| mem.wired        | 3.8 GiB                                                                                          |
| platform.version | 12.4                                                                                             |
| python           | 3.10.5 (v3.10.5:f377153967, Jun  6 2022, 12:36:10) [Clang 13.0.0 (clang-1300.0.29.30)]           |
| python.pip       | 22.1.2                                                                                           |
| python.version   | 3.10.5                                                                                           |
| sys.platform     | darwin                                                                                           |
| uname.machine    | x86_64                                                                                           |
| uname.node       | 2400MHz                                                                                          |
| uname.processor  | i386                                                                                             |
| uname.release    | 21.5.0                                                                                           |
| uname.system     | Darwin                                                                                           |
| uname.version    | Darwin Kernel Version 21.5.0: Tue Apr 26 21:08:22 PDT 2022; root:xnu-8020.121.3~4/RELEASE_X86_64 |
| user             | alex                                                                                             |
+------------------+--------------------------------------------------------------------------------------------------+

+------------------------------------------+----------+--------+-------+---------------------+-------+-------+---------+--------+--------+-----------+
| Name                                     | Status   |   Time |   Sum | Start               | tag   | msg   | Node    | User   | OS     |   Version |
|------------------------------------------+----------+--------+-------+---------------------+-------+-------+---------+--------+--------+-----------|
| BL-UITS-NWLT005_mpi_mergesort_4_100000_0 | ok       |  1.086 | 1.086 | 2022-08-25 15:17:17 |       |       | 2400MHz | alex   | Darwin |      12.4 |
| BL-UITS-NWLT005_mpi_mergesort_4_100000_1 | ok       |  1.075 | 1.075 | 2022-08-25 15:17:18 |       |       | 2400MHz | alex   | Darwin |      12.4 |
| BL-UITS-NWLT005_mpi_mergesort_4_100000_2 | ok       |  1.025 | 1.025 | 2022-08-25 15:17:19 |       |       | 2400MHz | alex   | Darwin |      12.4 |
| BL-UITS-NWLT005_mpi_mergesort_4_100000_3 | ok       |  1.03  | 1.03  | 2022-08-25 15:17:20 |       |       | 2400MHz | alex   | Darwin |      12.4 |
| BL-UITS-NWLT005_mpi_mergesort_4_100000_4 | ok       |  1.025 | 1.025 | 2022-08-25 15:17:21 |       |       | 2400MHz | alex   | Darwin |      12.4 |
| BL-UITS-NWLT005_mpi_mergesort_4_100000_5 | ok       |  1.026 | 1.026 | 2022-08-25 15:17:23 |       |       | 2400MHz | alex   | Darwin |      12.4 |
| BL-UITS-NWLT005_mpi_mergesort_4_100000_6 | ok       |  1.075 | 1.075 | 2022-08-25 15:17:24 |       |       | 2400MHz | alex   | Darwin |      12.4 |
| BL-UITS-NWLT005_mpi_mergesort_4_100000_7 | ok       |  1.03  | 1.03  | 2022-08-25 15:17:25 |       |       | 2400MHz | alex   | Darwin |      12.4 |
| BL-UITS-NWLT005_mpi_mergesort_4_100000_8 | ok       |  1.032 | 1.032 | 2022-08-25 15:17:26 |       |       | 2400MHz | alex   | Darwin |      12.4 |
| BL-UITS-NWLT005_mpi_mergesort_4_100000_9 | ok       |  1.033 | 1.033 | 2022-08-25 15:17:27 |       |       | 2400MHz | alex   | Darwin |      12.4 |
+------------------------------------------+----------+--------+-------+---------------------+-------+-------+---------+--------+--------+-----------+
# csv,timer,status,time,sum,start,tag,msg,uname.node,user,uname.system,platform.version
# csv,BL-UITS-NWLT005_mpi_mergesort_4_100000_0,ok,1.086,1.086,2022-08-25 15:17:17,,None,2400MHz,alex,Darwin,12.4
# csv,BL-UITS-NWLT005_mpi_mergesort_4_100000_1,ok,1.075,1.075,2022-08-25 15:17:18,,None,2400MHz,alex,Darwin,12.4
# csv,BL-UITS-NWLT005_mpi_mergesort_4_100000_2,ok,1.025,1.025,2022-08-25 15:17:19,,None,2400MHz,alex,Darwin,12.4
# csv,BL-UITS-NWLT005_mpi_mergesort_4_100000_3,ok,1.03,1.03,2022-08-25 15:17:20,,None,2400MHz,alex,Darwin,12.4
# csv,BL-UITS-NWLT005_mpi_mergesort_4_100000_4,ok,1.025,1.025,2022-08-25 15:17:21,,None,2400MHz,alex,Darwin,12.4
# csv,BL-UITS-NWLT005_mpi_mergesort_4_100000_5,ok,1.026,1.026,2022-08-25 15:17:23,,None,2400MHz,alex,Darwin,12.4
# csv,BL-UITS-NWLT005_mpi_mergesort_4_100000_6,ok,1.075,1.075,2022-08-25 15:17:24,,None,2400MHz,alex,Darwin,12.4
# csv,BL-UITS-NWLT005_mpi_mergesort_4_100000_7,ok,1.03,1.03,2022-08-25 15:17:25,,None,2400MHz,alex,Darwin,12.4
# csv,BL-UITS-NWLT005_mpi_mergesort_4_100000_8,ok,1.032,1.032,2022-08-25 15:17:26,,None,2400MHz,alex,Darwin,12.4
# csv,BL-UITS-NWLT005_mpi_mergesort_4_100000_9,ok,1.033,1.033,2022-08-25 15:17:27,,None,2400MHz,alex,Darwin,12.4

