Starting experiment
Processes: 1
Cores:     1
SORT:      np-heap
Size:      400000000
Repeat:    5
Debug:     False
Algorithm: np-heap
Tag:       None
Total:     5
Experiment 4    : sort=np-heap size=400000000 processes=1 cores=1 repeat=0 last_time=undefined                     
Experiment 3    : sort=np-heap size=400000000 processes=1 cores=1 repeat=1 last_time=240.8528                     
Experiment 2    : sort=np-heap size=400000000 processes=1 cores=1 repeat=2 last_time=242.1403                     
Experiment 1    : sort=np-heap size=400000000 processes=1 cores=1 repeat=3 last_time=270.8496                     
Experiment 0    : sort=np-heap size=400000000 processes=1 cores=1 repeat=4 last_time=233.1485                     

+---------------------------------+-------------------------------------------------------------+
| Attribute                       | Value                                                       |
|---------------------------------+-------------------------------------------------------------|
| ANSI_COLOR                      | "0;31"                                                      |
| BUG_REPORT_URL                  | "https://bugzilla.redhat.com/"                              |
| CPE_NAME                        | "cpe:/o:redhat:enterprise_linux:7.9:GA:server"              |
| HOME_URL                        | "https://www.redhat.com/"                                   |
| ID                              | "rhel"                                                      |
| ID_LIKE                         | "fedora"                                                    |
| NAME                            | "Red Hat Enterprise Linux Server"                           |
| PRETTY_NAME                     | "Red Hat Enterprise Linux Server 7.9 (Maipo)"               |
| REDHAT_BUGZILLA_PRODUCT         | "Red Hat Enterprise Linux 7"                                |
| REDHAT_BUGZILLA_PRODUCT_VERSION | 7.9                                                         |
| REDHAT_SUPPORT_PRODUCT          | "Red Hat Enterprise Linux"                                  |
| REDHAT_SUPPORT_PRODUCT_VERSION  | "7.9"                                                       |
| VARIANT                         | "Server"                                                    |
| VARIANT_ID                      | "server"                                                    |
| VERSION                         | "7.9 (Maipo)"                                               |
| VERSION_ID                      | "7.9"                                                       |
| cpu                             | Intel(R) Xeon(R) CPU E5-2680 v3 @ 2.50GHz                   |
| cpu_cores                       | 24                                                          |
| cpu_count                       | 24                                                          |
| cpu_threads                     | 24                                                          |
| date                            | 2022-11-24 06:57:20.107963                                  |
| frequency                       | scpufreq(current=2.661416666666666, min=1200.0, max=3300.0) |
| mem.active                      | 36.4 GiB                                                    |
| mem.available                   | 199.1 GiB                                                   |
| mem.free                        | 172.2 GiB                                                   |
| mem.inactive                    | 15.1 GiB                                                    |
| mem.percent                     | 20.7 %                                                      |
| mem.total                       | 251.1 GiB                                                   |
| mem.used                        | 45.1 GiB                                                    |
| platform.version                | #1 SMP Tue Jul 26 14:15:37 UTC 2022                         |
| python                          | 3.9.8 (main, Feb  8 2022, 08:35:13)                         |
|                                 | [GCC 6.3.0]                                                 |
| python.pip                      | 22.2.2                                                      |
| python.version                  | 3.9.8                                                       |
| sys.platform                    | linux                                                       |
| uname.machine                   | x86_64                                                      |
| uname.node                      | c17                                                         |
| uname.processor                 | x86_64                                                      |
| uname.release                   | 3.10.0-1160.76.1.el7.x86_64                                 |
| uname.system                    | Linux                                                       |
| uname.version                   | #1 SMP Tue Jul 26 14:15:37 UTC 2022                         |
| user                            | haiyang                                                     |
+---------------------------------+-------------------------------------------------------------+

+-----------------------------------+----------+---------+---------+---------------------+------------------------------------------------------------------------------------------------------+-------+--------+---------+-------+-------------------------------------+
| Name                              | Status   |    Time |     Sum | Start               | tag                                                                                                  | msg   | Node   | User    | OS    | Version                             |
|-----------------------------------+----------+---------+---------+---------------------+------------------------------------------------------------------------------------------------------+-------+--------+---------+-------+-------------------------------------|
| np-heap-v100-alex-400000000-1-1-0 | ok       | 240.853 | 240.853 | 2022-11-24 06:35:04 | {'p': 1, 'c': 1, 'size': 400000000, 'repeat': 10, 'sort': 'np-heap', 'user': 'alex', 'node': 'v100'} |       | c17    | haiyang | Linux | #1 SMP Tue Jul 26 14:15:37 UTC 2022 |
| np-heap-v100-alex-400000000-1-1-1 | ok       | 242.14  | 242.14  | 2022-11-24 06:39:34 | {'p': 1, 'c': 1, 'size': 400000000, 'repeat': 10, 'sort': 'np-heap', 'user': 'alex', 'node': 'v100'} |       | c17    | haiyang | Linux | #1 SMP Tue Jul 26 14:15:37 UTC 2022 |
| np-heap-v100-alex-400000000-1-1-2 | ok       | 270.85  | 270.85  | 2022-11-24 06:44:04 | {'p': 1, 'c': 1, 'size': 400000000, 'repeat': 10, 'sort': 'np-heap', 'user': 'alex', 'node': 'v100'} |       | c17    | haiyang | Linux | #1 SMP Tue Jul 26 14:15:37 UTC 2022 |
| np-heap-v100-alex-400000000-1-1-3 | ok       | 233.148 | 233.148 | 2022-11-24 06:49:04 | {'p': 1, 'c': 1, 'size': 400000000, 'repeat': 10, 'sort': 'np-heap', 'user': 'alex', 'node': 'v100'} |       | c17    | haiyang | Linux | #1 SMP Tue Jul 26 14:15:37 UTC 2022 |
| np-heap-v100-alex-400000000-1-1-4 | ok       | 234.276 | 234.276 | 2022-11-24 06:53:25 | {'p': 1, 'c': 1, 'size': 400000000, 'repeat': 10, 'sort': 'np-heap', 'user': 'alex', 'node': 'v100'} |       | c17    | haiyang | Linux | #1 SMP Tue Jul 26 14:15:37 UTC 2022 |
+-----------------------------------+----------+---------+---------+---------------------+------------------------------------------------------------------------------------------------------+-------+--------+---------+-------+-------------------------------------+
# csv,timer,status,time,sum,start,tag,msg,uname.node,user,uname.system,platform.version
# csv,np-heap-v100-alex-400000000-1-1-0,ok,240.853,240.853,2022-11-24 06:35:04,{'p': 1, 'c': 1, 'size': 400000000, 'repeat': 10, 'sort': 'np-heap', 'user': 'alex', 'node': 'v100'},None,c17,haiyang,Linux,#1 SMP Tue Jul 26 14:15:37 UTC 2022
# csv,np-heap-v100-alex-400000000-1-1-1,ok,242.14,242.14,2022-11-24 06:39:34,{'p': 1, 'c': 1, 'size': 400000000, 'repeat': 10, 'sort': 'np-heap', 'user': 'alex', 'node': 'v100'},None,c17,haiyang,Linux,#1 SMP Tue Jul 26 14:15:37 UTC 2022
# csv,np-heap-v100-alex-400000000-1-1-2,ok,270.85,270.85,2022-11-24 06:44:04,{'p': 1, 'c': 1, 'size': 400000000, 'repeat': 10, 'sort': 'np-heap', 'user': 'alex', 'node': 'v100'},None,c17,haiyang,Linux,#1 SMP Tue Jul 26 14:15:37 UTC 2022
# csv,np-heap-v100-alex-400000000-1-1-3,ok,233.148,233.148,2022-11-24 06:49:04,{'p': 1, 'c': 1, 'size': 400000000, 'repeat': 10, 'sort': 'np-heap', 'user': 'alex', 'node': 'v100'},None,c17,haiyang,Linux,#1 SMP Tue Jul 26 14:15:37 UTC 2022
# csv,np-heap-v100-alex-400000000-1-1-4,ok,234.276,234.276,2022-11-24 06:53:25,{'p': 1, 'c': 1, 'size': 400000000, 'repeat': 10, 'sort': 'np-heap', 'user': 'alex', 'node': 'v100'},None,c17,haiyang,Linux,#1 SMP Tue Jul 26 14:15:37 UTC 2022

