Starting experiment
Processes: 1
Cores:     1
SORT:      np-heap
Size:      110000000
Repeat:    5
Debug:     False
Algorithm: np-heap
Tag:       None
Total:     5
Experiment 4    : sort=np-heap size=110000000 processes=1 cores=1 repeat=0 last_time=undefined                     
Experiment 3    : sort=np-heap size=110000000 processes=1 cores=1 repeat=1 last_time=49.679                     
Experiment 2    : sort=np-heap size=110000000 processes=1 cores=1 repeat=2 last_time=43.7943                     
Experiment 1    : sort=np-heap size=110000000 processes=1 cores=1 repeat=3 last_time=49.7386                     
Experiment 0    : sort=np-heap size=110000000 processes=1 cores=1 repeat=4 last_time=44.937                     

+---------------------------------+-------------------------------------------------------------+
| Attribute                       | Value                                                       |
|---------------------------------+-------------------------------------------------------------|
| ANSI_COLOR                      | "0;31"                                                      |
| BUG_REPORT_URL                  | "https://bugzilla.redhat.com/"                              |
| CPE_NAME                        | "cpe:/o:redhat:enterprise_linux:7.9:GA:server"              |
| HOME_URL                        | "https://www.redhat.com/"                                   |
| ID                              | "rhel"                                                      |
| ID_LIKE                         | "fedora"                                                    |
| NAME                            | "Red Hat Enterprise Linux Server"                           |
| PRETTY_NAME                     | "Red Hat Enterprise Linux Server 7.9 (Maipo)"               |
| REDHAT_BUGZILLA_PRODUCT         | "Red Hat Enterprise Linux 7"                                |
| REDHAT_BUGZILLA_PRODUCT_VERSION | 7.9                                                         |
| REDHAT_SUPPORT_PRODUCT          | "Red Hat Enterprise Linux"                                  |
| REDHAT_SUPPORT_PRODUCT_VERSION  | "7.9"                                                       |
| VARIANT                         | "Server"                                                    |
| VARIANT_ID                      | "server"                                                    |
| VERSION                         | "7.9 (Maipo)"                                               |
| VERSION_ID                      | "7.9"                                                       |
| cpu                             | Intel(R) Xeon(R) CPU E5-2680 v3 @ 2.50GHz                   |
| cpu_cores                       | 24                                                          |
| cpu_count                       | 24                                                          |
| cpu_threads                     | 24                                                          |
| date                            | 2022-11-23 21:57:59.365376                                  |
| frequency                       | scpufreq(current=1.446666666666667, min=1200.0, max=3300.0) |
| mem.active                      | 60.4 GiB                                                    |
| mem.available                   | 184.1 GiB                                                   |
| mem.free                        | 179.9 GiB                                                   |
| mem.inactive                    | 3.9 GiB                                                     |
| mem.percent                     | 26.7 %                                                      |
| mem.total                       | 251.1 GiB                                                   |
| mem.used                        | 60.3 GiB                                                    |
| platform.version                | #1 SMP Tue Jul 26 14:15:37 UTC 2022                         |
| python                          | 3.9.8 (main, Feb  8 2022, 08:35:13)                         |
|                                 | [GCC 6.3.0]                                                 |
| python.pip                      | 22.2.2                                                      |
| python.version                  | 3.9.8                                                       |
| sys.platform                    | linux                                                       |
| uname.machine                   | x86_64                                                      |
| uname.node                      | c7                                                          |
| uname.processor                 | x86_64                                                      |
| uname.release                   | 3.10.0-1160.76.1.el7.x86_64                                 |
| uname.system                    | Linux                                                       |
| uname.version                   | #1 SMP Tue Jul 26 14:15:37 UTC 2022                         |
| user                            | haiyang                                                     |
+---------------------------------+-------------------------------------------------------------+

+-----------------------------------+----------+--------+--------+---------------------+------------------------------------------------------------------------------------------------------+-------+--------+---------+-------+-------------------------------------+
| Name                              | Status   |   Time |    Sum | Start               | tag                                                                                                  | msg   | Node   | User    | OS    | Version                             |
|-----------------------------------+----------+--------+--------+---------------------+------------------------------------------------------------------------------------------------------+-------+--------+---------+-------+-------------------------------------|
| np-heap-v100-alex-110000000-1-1-0 | ok       | 49.679 | 49.679 | 2022-11-23 21:53:32 | {'p': 1, 'c': 1, 'size': 110000000, 'repeat': 10, 'sort': 'np-heap', 'user': 'alex', 'node': 'v100'} |       | c7     | haiyang | Linux | #1 SMP Tue Jul 26 14:15:37 UTC 2022 |
| np-heap-v100-alex-110000000-1-1-1 | ok       | 43.794 | 43.794 | 2022-11-23 21:54:29 | {'p': 1, 'c': 1, 'size': 110000000, 'repeat': 10, 'sort': 'np-heap', 'user': 'alex', 'node': 'v100'} |       | c7     | haiyang | Linux | #1 SMP Tue Jul 26 14:15:37 UTC 2022 |
| np-heap-v100-alex-110000000-1-1-2 | ok       | 49.739 | 49.739 | 2022-11-23 21:55:20 | {'p': 1, 'c': 1, 'size': 110000000, 'repeat': 10, 'sort': 'np-heap', 'user': 'alex', 'node': 'v100'} |       | c7     | haiyang | Linux | #1 SMP Tue Jul 26 14:15:37 UTC 2022 |
| np-heap-v100-alex-110000000-1-1-3 | ok       | 44.937 | 44.937 | 2022-11-23 21:56:17 | {'p': 1, 'c': 1, 'size': 110000000, 'repeat': 10, 'sort': 'np-heap', 'user': 'alex', 'node': 'v100'} |       | c7     | haiyang | Linux | #1 SMP Tue Jul 26 14:15:37 UTC 2022 |
| np-heap-v100-alex-110000000-1-1-4 | ok       | 50.066 | 50.066 | 2022-11-23 21:57:09 | {'p': 1, 'c': 1, 'size': 110000000, 'repeat': 10, 'sort': 'np-heap', 'user': 'alex', 'node': 'v100'} |       | c7     | haiyang | Linux | #1 SMP Tue Jul 26 14:15:37 UTC 2022 |
+-----------------------------------+----------+--------+--------+---------------------+------------------------------------------------------------------------------------------------------+-------+--------+---------+-------+-------------------------------------+
# csv,timer,status,time,sum,start,tag,msg,uname.node,user,uname.system,platform.version
# csv,np-heap-v100-alex-110000000-1-1-0,ok,49.679,49.679,2022-11-23 21:53:32,{'p': 1, 'c': 1, 'size': 110000000, 'repeat': 10, 'sort': 'np-heap', 'user': 'alex', 'node': 'v100'},None,c7,haiyang,Linux,#1 SMP Tue Jul 26 14:15:37 UTC 2022
# csv,np-heap-v100-alex-110000000-1-1-1,ok,43.794,43.794,2022-11-23 21:54:29,{'p': 1, 'c': 1, 'size': 110000000, 'repeat': 10, 'sort': 'np-heap', 'user': 'alex', 'node': 'v100'},None,c7,haiyang,Linux,#1 SMP Tue Jul 26 14:15:37 UTC 2022
# csv,np-heap-v100-alex-110000000-1-1-2,ok,49.739,49.739,2022-11-23 21:55:20,{'p': 1, 'c': 1, 'size': 110000000, 'repeat': 10, 'sort': 'np-heap', 'user': 'alex', 'node': 'v100'},None,c7,haiyang,Linux,#1 SMP Tue Jul 26 14:15:37 UTC 2022
# csv,np-heap-v100-alex-110000000-1-1-3,ok,44.937,44.937,2022-11-23 21:56:17,{'p': 1, 'c': 1, 'size': 110000000, 'repeat': 10, 'sort': 'np-heap', 'user': 'alex', 'node': 'v100'},None,c7,haiyang,Linux,#1 SMP Tue Jul 26 14:15:37 UTC 2022
# csv,np-heap-v100-alex-110000000-1-1-4,ok,50.066,50.066,2022-11-23 21:57:09,{'p': 1, 'c': 1, 'size': 110000000, 'repeat': 10, 'sort': 'np-heap', 'user': 'alex', 'node': 'v100'},None,c7,haiyang,Linux,#1 SMP Tue Jul 26 14:15:37 UTC 2022

