Starting experiment
Processes: 1
Cores:     1
SORT:      np-quick
Size:      30000000
Repeat:    5
Debug:     False
Algorithm: np-quick
Tag:       None
Total:     5
Experiment 4    : sort=np-quick size=30000000 processes=1 cores=1 repeat=0 last_time=undefined                     
Experiment 3    : sort=np-quick size=30000000 processes=1 cores=1 repeat=1 last_time=2.9381                     
Experiment 2    : sort=np-quick size=30000000 processes=1 cores=1 repeat=2 last_time=2.9456                     
Experiment 1    : sort=np-quick size=30000000 processes=1 cores=1 repeat=3 last_time=2.9615                     
Experiment 0    : sort=np-quick size=30000000 processes=1 cores=1 repeat=4 last_time=2.9507                     

+---------------------------------+--------------------------------------------------------------+
| Attribute                       | Value                                                        |
|---------------------------------+--------------------------------------------------------------|
| ANSI_COLOR                      | "0;31"                                                       |
| BUG_REPORT_URL                  | "https://bugzilla.redhat.com/"                               |
| CPE_NAME                        | "cpe:/o:redhat:enterprise_linux:7.9:GA:server"               |
| HOME_URL                        | "https://www.redhat.com/"                                    |
| ID                              | "rhel"                                                       |
| ID_LIKE                         | "fedora"                                                     |
| NAME                            | "Red Hat Enterprise Linux Server"                            |
| PRETTY_NAME                     | "Red Hat Enterprise Linux Server 7.9 (Maipo)"                |
| REDHAT_BUGZILLA_PRODUCT         | "Red Hat Enterprise Linux 7"                                 |
| REDHAT_BUGZILLA_PRODUCT_VERSION | 7.9                                                          |
| REDHAT_SUPPORT_PRODUCT          | "Red Hat Enterprise Linux"                                   |
| REDHAT_SUPPORT_PRODUCT_VERSION  | "7.9"                                                        |
| VARIANT                         | "Server"                                                     |
| VARIANT_ID                      | "server"                                                     |
| VERSION                         | "7.9 (Maipo)"                                                |
| VERSION_ID                      | "7.9"                                                        |
| cpu                             | Intel(R) Xeon(R) CPU E5-2680 v3 @ 2.50GHz                    |
| cpu_cores                       | 24                                                           |
| cpu_count                       | 24                                                           |
| cpu_threads                     | 24                                                           |
| date                            | 2022-11-23 20:49:20.168905                                   |
| frequency                       | scpufreq(current=1.9344999999999999, min=1200.0, max=3300.0) |
| mem.active                      | 101.5 GiB                                                    |
| mem.available                   | 142.3 GiB                                                    |
| mem.free                        | 141.3 GiB                                                    |
| mem.inactive                    | 1.7 GiB                                                      |
| mem.percent                     | 43.3 %                                                       |
| mem.total                       | 251.1 GiB                                                    |
| mem.used                        | 102.1 GiB                                                    |
| platform.version                | #1 SMP Tue Jul 26 14:15:37 UTC 2022                          |
| python                          | 3.9.8 (main, Feb  8 2022, 08:35:13)                          |
|                                 | [GCC 6.3.0]                                                  |
| python.pip                      | 22.2.2                                                       |
| python.version                  | 3.9.8                                                        |
| sys.platform                    | linux                                                        |
| uname.machine                   | x86_64                                                       |
| uname.node                      | c7                                                           |
| uname.processor                 | x86_64                                                       |
| uname.release                   | 3.10.0-1160.76.1.el7.x86_64                                  |
| uname.system                    | Linux                                                        |
| uname.version                   | #1 SMP Tue Jul 26 14:15:37 UTC 2022                          |
| user                            | haiyang                                                      |
+---------------------------------+--------------------------------------------------------------+

+-----------------------------------+----------+--------+-------+---------------------+------------------------------------------------------------------------------------------------------+-------+--------+---------+-------+-------------------------------------+
| Name                              | Status   |   Time |   Sum | Start               | tag                                                                                                  | msg   | Node   | User    | OS    | Version                             |
|-----------------------------------+----------+--------+-------+---------------------+------------------------------------------------------------------------------------------------------+-------+--------+---------+-------+-------------------------------------|
| np-quick-v100-alex-30000000-1-1-0 | ok       |  2.938 | 2.938 | 2022-11-23 20:48:57 | {'p': 1, 'c': 1, 'size': 30000000, 'repeat': 10, 'sort': 'np-quick', 'user': 'alex', 'node': 'v100'} |       | c7     | haiyang | Linux | #1 SMP Tue Jul 26 14:15:37 UTC 2022 |
| np-quick-v100-alex-30000000-1-1-1 | ok       |  2.946 | 2.946 | 2022-11-23 20:49:02 | {'p': 1, 'c': 1, 'size': 30000000, 'repeat': 10, 'sort': 'np-quick', 'user': 'alex', 'node': 'v100'} |       | c7     | haiyang | Linux | #1 SMP Tue Jul 26 14:15:37 UTC 2022 |
| np-quick-v100-alex-30000000-1-1-2 | ok       |  2.961 | 2.961 | 2022-11-23 20:49:07 | {'p': 1, 'c': 1, 'size': 30000000, 'repeat': 10, 'sort': 'np-quick', 'user': 'alex', 'node': 'v100'} |       | c7     | haiyang | Linux | #1 SMP Tue Jul 26 14:15:37 UTC 2022 |
| np-quick-v100-alex-30000000-1-1-3 | ok       |  2.951 | 2.951 | 2022-11-23 20:49:12 | {'p': 1, 'c': 1, 'size': 30000000, 'repeat': 10, 'sort': 'np-quick', 'user': 'alex', 'node': 'v100'} |       | c7     | haiyang | Linux | #1 SMP Tue Jul 26 14:15:37 UTC 2022 |
| np-quick-v100-alex-30000000-1-1-4 | ok       |  2.975 | 2.975 | 2022-11-23 20:49:17 | {'p': 1, 'c': 1, 'size': 30000000, 'repeat': 10, 'sort': 'np-quick', 'user': 'alex', 'node': 'v100'} |       | c7     | haiyang | Linux | #1 SMP Tue Jul 26 14:15:37 UTC 2022 |
+-----------------------------------+----------+--------+-------+---------------------+------------------------------------------------------------------------------------------------------+-------+--------+---------+-------+-------------------------------------+
# csv,timer,status,time,sum,start,tag,msg,uname.node,user,uname.system,platform.version
# csv,np-quick-v100-alex-30000000-1-1-0,ok,2.938,2.938,2022-11-23 20:48:57,{'p': 1, 'c': 1, 'size': 30000000, 'repeat': 10, 'sort': 'np-quick', 'user': 'alex', 'node': 'v100'},None,c7,haiyang,Linux,#1 SMP Tue Jul 26 14:15:37 UTC 2022
# csv,np-quick-v100-alex-30000000-1-1-1,ok,2.946,2.946,2022-11-23 20:49:02,{'p': 1, 'c': 1, 'size': 30000000, 'repeat': 10, 'sort': 'np-quick', 'user': 'alex', 'node': 'v100'},None,c7,haiyang,Linux,#1 SMP Tue Jul 26 14:15:37 UTC 2022
# csv,np-quick-v100-alex-30000000-1-1-2,ok,2.961,2.961,2022-11-23 20:49:07,{'p': 1, 'c': 1, 'size': 30000000, 'repeat': 10, 'sort': 'np-quick', 'user': 'alex', 'node': 'v100'},None,c7,haiyang,Linux,#1 SMP Tue Jul 26 14:15:37 UTC 2022
# csv,np-quick-v100-alex-30000000-1-1-3,ok,2.951,2.951,2022-11-23 20:49:12,{'p': 1, 'c': 1, 'size': 30000000, 'repeat': 10, 'sort': 'np-quick', 'user': 'alex', 'node': 'v100'},None,c7,haiyang,Linux,#1 SMP Tue Jul 26 14:15:37 UTC 2022
# csv,np-quick-v100-alex-30000000-1-1-4,ok,2.975,2.975,2022-11-23 20:49:17,{'p': 1, 'c': 1, 'size': 30000000, 'repeat': 10, 'sort': 'np-quick', 'user': 'alex', 'node': 'v100'},None,c7,haiyang,Linux,#1 SMP Tue Jul 26 14:15:37 UTC 2022

