Starting experiment
Processes: 1
Cores:     1
SORT:      np-stable
Size:      70000000
Repeat:    5
Debug:     False
Algorithm: np-stable
Tag:       None
Total:     5
Experiment 4    : sort=np-stable size=70000000 processes=1 cores=1 repeat=0 last_time=undefined                     
Experiment 3    : sort=np-stable size=70000000 processes=1 cores=1 repeat=1 last_time=9.3261                     
Experiment 2    : sort=np-stable size=70000000 processes=1 cores=1 repeat=2 last_time=9.3413                     
Experiment 1    : sort=np-stable size=70000000 processes=1 cores=1 repeat=3 last_time=9.3045                     
Experiment 0    : sort=np-stable size=70000000 processes=1 cores=1 repeat=4 last_time=9.3227                     

+---------------------------------+--------------------------------------------------------------+
| Attribute                       | Value                                                        |
|---------------------------------+--------------------------------------------------------------|
| ANSI_COLOR                      | "0;31"                                                       |
| BUG_REPORT_URL                  | "https://bugzilla.redhat.com/"                               |
| CPE_NAME                        | "cpe:/o:redhat:enterprise_linux:7.9:GA:server"               |
| HOME_URL                        | "https://www.redhat.com/"                                    |
| ID                              | "rhel"                                                       |
| ID_LIKE                         | "fedora"                                                     |
| NAME                            | "Red Hat Enterprise Linux Server"                            |
| PRETTY_NAME                     | "Red Hat Enterprise Linux Server 7.9 (Maipo)"                |
| REDHAT_BUGZILLA_PRODUCT         | "Red Hat Enterprise Linux 7"                                 |
| REDHAT_BUGZILLA_PRODUCT_VERSION | 7.9                                                          |
| REDHAT_SUPPORT_PRODUCT          | "Red Hat Enterprise Linux"                                   |
| REDHAT_SUPPORT_PRODUCT_VERSION  | "7.9"                                                        |
| VARIANT                         | "Server"                                                     |
| VARIANT_ID                      | "server"                                                     |
| VERSION                         | "7.9 (Maipo)"                                                |
| VERSION_ID                      | "7.9"                                                        |
| cpu                             | Intel(R) Xeon(R) CPU E5-2680 v3 @ 2.50GHz                    |
| cpu_cores                       | 24                                                           |
| cpu_count                       | 24                                                           |
| cpu_threads                     | 24                                                           |
| date                            | 2022-11-23 21:26:01.354876                                   |
| frequency                       | scpufreq(current=1.9354166666666661, min=1200.0, max=3300.0) |
| mem.active                      | 103.3 GiB                                                    |
| mem.available                   | 140.3 GiB                                                    |
| mem.free                        | 137.9 GiB                                                    |
| mem.inactive                    | 3.1 GiB                                                      |
| mem.percent                     | 44.1 %                                                       |
| mem.total                       | 251.1 GiB                                                    |
| mem.used                        | 104.1 GiB                                                    |
| platform.version                | #1 SMP Tue Jul 26 14:15:37 UTC 2022                          |
| python                          | 3.9.8 (main, Feb  8 2022, 08:35:13)                          |
|                                 | [GCC 6.3.0]                                                  |
| python.pip                      | 22.2.2                                                       |
| python.version                  | 3.9.8                                                        |
| sys.platform                    | linux                                                        |
| uname.machine                   | x86_64                                                       |
| uname.node                      | c7                                                           |
| uname.processor                 | x86_64                                                       |
| uname.release                   | 3.10.0-1160.76.1.el7.x86_64                                  |
| uname.system                    | Linux                                                        |
| uname.version                   | #1 SMP Tue Jul 26 14:15:37 UTC 2022                          |
| user                            | haiyang                                                      |
+---------------------------------+--------------------------------------------------------------+

+------------------------------------+----------+--------+-------+---------------------+-------------------------------------------------------------------------------------------------------+-------+--------+---------+-------+-------------------------------------+
| Name                               | Status   |   Time |   Sum | Start               | tag                                                                                                   | msg   | Node   | User    | OS    | Version                             |
|------------------------------------+----------+--------+-------+---------------------+-------------------------------------------------------------------------------------------------------+-------+--------+---------+-------+-------------------------------------|
| np-stable-v100-alex-70000000-1-1-0 | ok       |  9.326 | 9.326 | 2022-11-23 21:24:52 | {'p': 1, 'c': 1, 'size': 70000000, 'repeat': 10, 'sort': 'np-stable', 'user': 'alex', 'node': 'v100'} |       | c7     | haiyang | Linux | #1 SMP Tue Jul 26 14:15:37 UTC 2022 |
| np-stable-v100-alex-70000000-1-1-1 | ok       |  9.341 | 9.341 | 2022-11-23 21:25:07 | {'p': 1, 'c': 1, 'size': 70000000, 'repeat': 10, 'sort': 'np-stable', 'user': 'alex', 'node': 'v100'} |       | c7     | haiyang | Linux | #1 SMP Tue Jul 26 14:15:37 UTC 2022 |
| np-stable-v100-alex-70000000-1-1-2 | ok       |  9.305 | 9.305 | 2022-11-23 21:25:22 | {'p': 1, 'c': 1, 'size': 70000000, 'repeat': 10, 'sort': 'np-stable', 'user': 'alex', 'node': 'v100'} |       | c7     | haiyang | Linux | #1 SMP Tue Jul 26 14:15:37 UTC 2022 |
| np-stable-v100-alex-70000000-1-1-3 | ok       |  9.323 | 9.323 | 2022-11-23 21:25:37 | {'p': 1, 'c': 1, 'size': 70000000, 'repeat': 10, 'sort': 'np-stable', 'user': 'alex', 'node': 'v100'} |       | c7     | haiyang | Linux | #1 SMP Tue Jul 26 14:15:37 UTC 2022 |
| np-stable-v100-alex-70000000-1-1-4 | ok       |  9.294 | 9.294 | 2022-11-23 21:25:51 | {'p': 1, 'c': 1, 'size': 70000000, 'repeat': 10, 'sort': 'np-stable', 'user': 'alex', 'node': 'v100'} |       | c7     | haiyang | Linux | #1 SMP Tue Jul 26 14:15:37 UTC 2022 |
+------------------------------------+----------+--------+-------+---------------------+-------------------------------------------------------------------------------------------------------+-------+--------+---------+-------+-------------------------------------+
# csv,timer,status,time,sum,start,tag,msg,uname.node,user,uname.system,platform.version
# csv,np-stable-v100-alex-70000000-1-1-0,ok,9.326,9.326,2022-11-23 21:24:52,{'p': 1, 'c': 1, 'size': 70000000, 'repeat': 10, 'sort': 'np-stable', 'user': 'alex', 'node': 'v100'},None,c7,haiyang,Linux,#1 SMP Tue Jul 26 14:15:37 UTC 2022
# csv,np-stable-v100-alex-70000000-1-1-1,ok,9.341,9.341,2022-11-23 21:25:07,{'p': 1, 'c': 1, 'size': 70000000, 'repeat': 10, 'sort': 'np-stable', 'user': 'alex', 'node': 'v100'},None,c7,haiyang,Linux,#1 SMP Tue Jul 26 14:15:37 UTC 2022
# csv,np-stable-v100-alex-70000000-1-1-2,ok,9.305,9.305,2022-11-23 21:25:22,{'p': 1, 'c': 1, 'size': 70000000, 'repeat': 10, 'sort': 'np-stable', 'user': 'alex', 'node': 'v100'},None,c7,haiyang,Linux,#1 SMP Tue Jul 26 14:15:37 UTC 2022
# csv,np-stable-v100-alex-70000000-1-1-3,ok,9.323,9.323,2022-11-23 21:25:37,{'p': 1, 'c': 1, 'size': 70000000, 'repeat': 10, 'sort': 'np-stable', 'user': 'alex', 'node': 'v100'},None,c7,haiyang,Linux,#1 SMP Tue Jul 26 14:15:37 UTC 2022
# csv,np-stable-v100-alex-70000000-1-1-4,ok,9.294,9.294,2022-11-23 21:25:51,{'p': 1, 'c': 1, 'size': 70000000, 'repeat': 10, 'sort': 'np-stable', 'user': 'alex', 'node': 'v100'},None,c7,haiyang,Linux,#1 SMP Tue Jul 26 14:15:37 UTC 2022

