Starting experiment
Processes: 1
Cores:     1
SORT:      np-quick
Size:      400000000
Repeat:    5
Debug:     False
Algorithm: np-quick
Tag:       None
Total:     5
Experiment 4    : sort=np-quick size=400000000 processes=1 cores=1 repeat=0 last_time=undefined                     
Experiment 3    : sort=np-quick size=400000000 processes=1 cores=1 repeat=1 last_time=40.8643                     
Experiment 2    : sort=np-quick size=400000000 processes=1 cores=1 repeat=2 last_time=42.1221                     
Experiment 1    : sort=np-quick size=400000000 processes=1 cores=1 repeat=3 last_time=41.615                     
Experiment 0    : sort=np-quick size=400000000 processes=1 cores=1 repeat=4 last_time=39.7935                     

+------------------+---------------------------------------------------------------------------------------------------+
| Attribute        | Value                                                                                             |
|------------------+---------------------------------------------------------------------------------------------------|
| cpu              | Intel(R) Core(TM) i7-9750H CPU @ 2.60GHz                                                          |
| cpu_cores        | 6                                                                                                 |
| cpu_count        | 12                                                                                                |
| cpu_threads      | 12                                                                                                |
| date             | 2022-11-25 03:18:09.869103                                                                        |
| frequency        | scpufreq(current=2600, min=2600, max=2600)                                                        |
| mem.active       | 9.6 GiB                                                                                           |
| mem.available    | 13.3 GiB                                                                                          |
| mem.free         | 3.2 GiB                                                                                           |
| mem.inactive     | 10.1 GiB                                                                                          |
| mem.percent      | 58.3 %                                                                                            |
| mem.total        | 32.0 GiB                                                                                          |
| mem.used         | 14.0 GiB                                                                                          |
| mem.wired        | 4.4 GiB                                                                                           |
| platform.version | 12.6                                                                                              |
| python           | 3.11.0 (v3.11.0:deaf509e8f, Oct 24 2022, 14:43:23) [Clang 13.0.0 (clang-1300.0.29.30)]            |
| python.pip       | 22.3.1                                                                                            |
| python.version   | 3.11.0                                                                                            |
| sys.platform     | darwin                                                                                            |
| uname.machine    | x86_64                                                                                            |
| uname.node       | BL-UITS-NWLT005                                                                                   |
| uname.processor  | i386                                                                                              |
| uname.release    | 21.6.0                                                                                            |
| uname.system     | Darwin                                                                                            |
| uname.version    | Darwin Kernel Version 21.6.0: Mon Aug 22 20:17:10 PDT 2022; root:xnu-8020.140.49~2/RELEASE_X86_64 |
| user             | alexandra                                                                                         |
+------------------+---------------------------------------------------------------------------------------------------+

+---------------------------------------+----------+--------+--------+---------------------+----------------------------------------------------------------------------------------------------------+-------+-----------------+-----------+--------+-----------+
| Name                                  | Status   |   Time |    Sum | Start               | tag                                                                                                      | msg   | Node            | User      | OS     |   Version |
|---------------------------------------+----------+--------+--------+---------------------+----------------------------------------------------------------------------------------------------------+-------+-----------------+-----------+--------+-----------|
| np-quick-2400MHz-alex-400000000-1-1-0 | ok       | 40.864 | 40.864 | 2022-11-25 03:11:13 | {'p': 1, 'c': 1, 'size': 400000000, 'repeat': 10, 'sort': 'np-quick', 'user': 'alex', 'node': '2400MHz'} |       | BL-UITS-NWLT005 | alexandra | Darwin |      12.6 |
| np-quick-2400MHz-alex-400000000-1-1-1 | ok       | 42.122 | 42.122 | 2022-11-25 03:12:51 | {'p': 1, 'c': 1, 'size': 400000000, 'repeat': 10, 'sort': 'np-quick', 'user': 'alex', 'node': '2400MHz'} |       | BL-UITS-NWLT005 | alexandra | Darwin |      12.6 |
| np-quick-2400MHz-alex-400000000-1-1-2 | ok       | 41.615 | 41.615 | 2022-11-25 03:14:18 | {'p': 1, 'c': 1, 'size': 400000000, 'repeat': 10, 'sort': 'np-quick', 'user': 'alex', 'node': '2400MHz'} |       | BL-UITS-NWLT005 | alexandra | Darwin |      12.6 |
| np-quick-2400MHz-alex-400000000-1-1-3 | ok       | 39.793 | 39.793 | 2022-11-25 03:15:53 | {'p': 1, 'c': 1, 'size': 400000000, 'repeat': 10, 'sort': 'np-quick', 'user': 'alex', 'node': '2400MHz'} |       | BL-UITS-NWLT005 | alexandra | Darwin |      12.6 |
| np-quick-2400MHz-alex-400000000-1-1-4 | ok       | 41.499 | 41.499 | 2022-11-25 03:17:28 | {'p': 1, 'c': 1, 'size': 400000000, 'repeat': 10, 'sort': 'np-quick', 'user': 'alex', 'node': '2400MHz'} |       | BL-UITS-NWLT005 | alexandra | Darwin |      12.6 |
+---------------------------------------+----------+--------+--------+---------------------+----------------------------------------------------------------------------------------------------------+-------+-----------------+-----------+--------+-----------+
# csv,timer,status,time,sum,start,tag,msg,uname.node,user,uname.system,platform.version
# csv,np-quick-2400MHz-alex-400000000-1-1-0,ok,40.864,40.864,2022-11-25 03:11:13,{'p': 1, 'c': 1, 'size': 400000000, 'repeat': 10, 'sort': 'np-quick', 'user': 'alex', 'node': '2400MHz'},None,BL-UITS-NWLT005,alexandra,Darwin,12.6
# csv,np-quick-2400MHz-alex-400000000-1-1-1,ok,42.122,42.122,2022-11-25 03:12:51,{'p': 1, 'c': 1, 'size': 400000000, 'repeat': 10, 'sort': 'np-quick', 'user': 'alex', 'node': '2400MHz'},None,BL-UITS-NWLT005,alexandra,Darwin,12.6
# csv,np-quick-2400MHz-alex-400000000-1-1-2,ok,41.615,41.615,2022-11-25 03:14:18,{'p': 1, 'c': 1, 'size': 400000000, 'repeat': 10, 'sort': 'np-quick', 'user': 'alex', 'node': '2400MHz'},None,BL-UITS-NWLT005,alexandra,Darwin,12.6
# csv,np-quick-2400MHz-alex-400000000-1-1-3,ok,39.793,39.793,2022-11-25 03:15:53,{'p': 1, 'c': 1, 'size': 400000000, 'repeat': 10, 'sort': 'np-quick', 'user': 'alex', 'node': '2400MHz'},None,BL-UITS-NWLT005,alexandra,Darwin,12.6
# csv,np-quick-2400MHz-alex-400000000-1-1-4,ok,41.499,41.499,2022-11-25 03:17:28,{'p': 1, 'c': 1, 'size': 400000000, 'repeat': 10, 'sort': 'np-quick', 'user': 'alex', 'node': '2400MHz'},None,BL-UITS-NWLT005,alexandra,Darwin,12.6

