Starting experiment
Processes: 1
Cores:     1
SORT:      np-stable
Size:      100000000
Repeat:    5
Debug:     False
Algorithm: np-stable
Tag:       None
Total:     5
Experiment 4    : sort=np-stable size=100000000 processes=1 cores=1 repeat=0 last_time=undefined                     
Experiment 3    : sort=np-stable size=100000000 processes=1 cores=1 repeat=1 last_time=8.3553                     
Experiment 2    : sort=np-stable size=100000000 processes=1 cores=1 repeat=2 last_time=7.9618                     
Experiment 1    : sort=np-stable size=100000000 processes=1 cores=1 repeat=3 last_time=7.9266                     
Experiment 0    : sort=np-stable size=100000000 processes=1 cores=1 repeat=4 last_time=7.761                     

+------------------+---------------------------------------------------------------------------------------------------+
| Attribute        | Value                                                                                             |
|------------------+---------------------------------------------------------------------------------------------------|
| cpu              | Intel(R) Core(TM) i7-9750H CPU @ 2.60GHz                                                          |
| cpu_cores        | 6                                                                                                 |
| cpu_count        | 12                                                                                                |
| cpu_threads      | 12                                                                                                |
| date             | 2022-11-25 04:00:14.200531                                                                        |
| frequency        | scpufreq(current=2600, min=2600, max=2600)                                                        |
| mem.active       | 10.0 GiB                                                                                          |
| mem.available    | 15.8 GiB                                                                                          |
| mem.free         | 5.1 GiB                                                                                           |
| mem.inactive     | 10.7 GiB                                                                                          |
| mem.percent      | 50.6 %                                                                                            |
| mem.total        | 32.0 GiB                                                                                          |
| mem.used         | 14.4 GiB                                                                                          |
| mem.wired        | 4.4 GiB                                                                                           |
| platform.version | 12.6                                                                                              |
| python           | 3.11.0 (v3.11.0:deaf509e8f, Oct 24 2022, 14:43:23) [Clang 13.0.0 (clang-1300.0.29.30)]            |
| python.pip       | 22.3.1                                                                                            |
| python.version   | 3.11.0                                                                                            |
| sys.platform     | darwin                                                                                            |
| uname.machine    | x86_64                                                                                            |
| uname.node       | BL-UITS-NWLT005                                                                                   |
| uname.processor  | i386                                                                                              |
| uname.release    | 21.6.0                                                                                            |
| uname.system     | Darwin                                                                                            |
| uname.version    | Darwin Kernel Version 21.6.0: Mon Aug 22 20:17:10 PDT 2022; root:xnu-8020.140.49~2/RELEASE_X86_64 |
| user             | alexandra                                                                                         |
+------------------+---------------------------------------------------------------------------------------------------+

+----------------------------------------+----------+--------+-------+---------------------+-----------------------------------------------------------------------------------------------------------+-------+-----------------+-----------+--------+-----------+
| Name                                   | Status   |   Time |   Sum | Start               | tag                                                                                                       | msg   | Node            | User      | OS     |   Version |
|----------------------------------------+----------+--------+-------+---------------------+-----------------------------------------------------------------------------------------------------------+-------+-----------------+-----------+--------+-----------|
| np-stable-2400MHz-alex-100000000-1-1-0 | ok       |  8.355 | 8.355 | 2022-11-25 03:59:13 | {'p': 1, 'c': 1, 'size': 100000000, 'repeat': 10, 'sort': 'np-stable', 'user': 'alex', 'node': '2400MHz'} |       | BL-UITS-NWLT005 | alexandra | Darwin |      12.6 |
| np-stable-2400MHz-alex-100000000-1-1-1 | ok       |  7.962 | 7.962 | 2022-11-25 03:59:27 | {'p': 1, 'c': 1, 'size': 100000000, 'repeat': 10, 'sort': 'np-stable', 'user': 'alex', 'node': '2400MHz'} |       | BL-UITS-NWLT005 | alexandra | Darwin |      12.6 |
| np-stable-2400MHz-alex-100000000-1-1-2 | ok       |  7.927 | 7.927 | 2022-11-25 03:59:40 | {'p': 1, 'c': 1, 'size': 100000000, 'repeat': 10, 'sort': 'np-stable', 'user': 'alex', 'node': '2400MHz'} |       | BL-UITS-NWLT005 | alexandra | Darwin |      12.6 |
| np-stable-2400MHz-alex-100000000-1-1-3 | ok       |  7.761 | 7.761 | 2022-11-25 03:59:54 | {'p': 1, 'c': 1, 'size': 100000000, 'repeat': 10, 'sort': 'np-stable', 'user': 'alex', 'node': '2400MHz'} |       | BL-UITS-NWLT005 | alexandra | Darwin |      12.6 |
| np-stable-2400MHz-alex-100000000-1-1-4 | ok       |  7.058 | 7.058 | 2022-11-25 04:00:07 | {'p': 1, 'c': 1, 'size': 100000000, 'repeat': 10, 'sort': 'np-stable', 'user': 'alex', 'node': '2400MHz'} |       | BL-UITS-NWLT005 | alexandra | Darwin |      12.6 |
+----------------------------------------+----------+--------+-------+---------------------+-----------------------------------------------------------------------------------------------------------+-------+-----------------+-----------+--------+-----------+
# csv,timer,status,time,sum,start,tag,msg,uname.node,user,uname.system,platform.version
# csv,np-stable-2400MHz-alex-100000000-1-1-0,ok,8.355,8.355,2022-11-25 03:59:13,{'p': 1, 'c': 1, 'size': 100000000, 'repeat': 10, 'sort': 'np-stable', 'user': 'alex', 'node': '2400MHz'},None,BL-UITS-NWLT005,alexandra,Darwin,12.6
# csv,np-stable-2400MHz-alex-100000000-1-1-1,ok,7.962,7.962,2022-11-25 03:59:27,{'p': 1, 'c': 1, 'size': 100000000, 'repeat': 10, 'sort': 'np-stable', 'user': 'alex', 'node': '2400MHz'},None,BL-UITS-NWLT005,alexandra,Darwin,12.6
# csv,np-stable-2400MHz-alex-100000000-1-1-2,ok,7.927,7.927,2022-11-25 03:59:40,{'p': 1, 'c': 1, 'size': 100000000, 'repeat': 10, 'sort': 'np-stable', 'user': 'alex', 'node': '2400MHz'},None,BL-UITS-NWLT005,alexandra,Darwin,12.6
# csv,np-stable-2400MHz-alex-100000000-1-1-3,ok,7.761,7.761,2022-11-25 03:59:54,{'p': 1, 'c': 1, 'size': 100000000, 'repeat': 10, 'sort': 'np-stable', 'user': 'alex', 'node': '2400MHz'},None,BL-UITS-NWLT005,alexandra,Darwin,12.6
# csv,np-stable-2400MHz-alex-100000000-1-1-4,ok,7.058,7.058,2022-11-25 04:00:07,{'p': 1, 'c': 1, 'size': 100000000, 'repeat': 10, 'sort': 'np-stable', 'user': 'alex', 'node': '2400MHz'},None,BL-UITS-NWLT005,alexandra,Darwin,12.6

